[2024-07-27T22:07:37.044+0000] {processor.py:161} INFO - Started process (PID=72) to work on /home/airflow/.local/lib/python3.12/site-packages/airflow/example_dags/example_skip_dag.py
[2024-07-27T22:07:37.045+0000] {processor.py:830} INFO - Processing file /home/airflow/.local/lib/python3.12/site-packages/airflow/example_dags/example_skip_dag.py for tasks to queue
[2024-07-27T22:07:37.048+0000] {logging_mixin.py:188} INFO - [2024-07-27T22:07:37.047+0000] {dagbag.py:545} INFO - Filling up the DagBag from /home/airflow/.local/lib/python3.12/site-packages/airflow/example_dags/example_skip_dag.py
[2024-07-27T22:07:37.062+0000] {processor.py:840} INFO - DAG(s) 'example_skip_dag' retrieved from /home/airflow/.local/lib/python3.12/site-packages/airflow/example_dags/example_skip_dag.py
[2024-07-27T22:07:37.259+0000] {logging_mixin.py:188} INFO - [2024-07-27T22:07:37.258+0000] {dag.py:3089} INFO - Sync 1 DAGs
[2024-07-27T22:07:37.288+0000] {logging_mixin.py:188} INFO - [2024-07-27T22:07:37.288+0000] {dag.py:3947} INFO - Setting next_dagrun for example_skip_dag to 2024-07-26 00:00:00+00:00, run_after=2024-07-27 00:00:00+00:00
[2024-07-27T22:07:37.313+0000] {processor.py:183} INFO - Processing /home/airflow/.local/lib/python3.12/site-packages/airflow/example_dags/example_skip_dag.py took 0.278 seconds
[2024-07-27T22:08:07.952+0000] {processor.py:161} INFO - Started process (PID=130) to work on /home/airflow/.local/lib/python3.12/site-packages/airflow/example_dags/example_skip_dag.py
[2024-07-27T22:08:07.954+0000] {processor.py:830} INFO - Processing file /home/airflow/.local/lib/python3.12/site-packages/airflow/example_dags/example_skip_dag.py for tasks to queue
[2024-07-27T22:08:07.960+0000] {logging_mixin.py:188} INFO - [2024-07-27T22:08:07.959+0000] {dagbag.py:545} INFO - Filling up the DagBag from /home/airflow/.local/lib/python3.12/site-packages/airflow/example_dags/example_skip_dag.py
[2024-07-27T22:08:07.982+0000] {processor.py:840} INFO - DAG(s) 'example_skip_dag' retrieved from /home/airflow/.local/lib/python3.12/site-packages/airflow/example_dags/example_skip_dag.py
[2024-07-27T22:08:08.056+0000] {logging_mixin.py:188} INFO - [2024-07-27T22:08:08.055+0000] {dag.py:3089} INFO - Sync 1 DAGs
[2024-07-27T22:08:08.142+0000] {logging_mixin.py:188} INFO - [2024-07-27T22:08:08.141+0000] {dag.py:3947} INFO - Setting next_dagrun for example_skip_dag to 2024-07-26 00:00:00+00:00, run_after=2024-07-27 00:00:00+00:00
[2024-07-27T22:08:08.206+0000] {processor.py:183} INFO - Processing /home/airflow/.local/lib/python3.12/site-packages/airflow/example_dags/example_skip_dag.py took 0.274 seconds
[2024-07-27T22:08:39.138+0000] {processor.py:161} INFO - Started process (PID=188) to work on /home/airflow/.local/lib/python3.12/site-packages/airflow/example_dags/example_skip_dag.py
[2024-07-27T22:08:39.140+0000] {processor.py:830} INFO - Processing file /home/airflow/.local/lib/python3.12/site-packages/airflow/example_dags/example_skip_dag.py for tasks to queue
[2024-07-27T22:08:39.147+0000] {logging_mixin.py:188} INFO - [2024-07-27T22:08:39.145+0000] {dagbag.py:545} INFO - Filling up the DagBag from /home/airflow/.local/lib/python3.12/site-packages/airflow/example_dags/example_skip_dag.py
[2024-07-27T22:08:39.169+0000] {processor.py:840} INFO - DAG(s) 'example_skip_dag' retrieved from /home/airflow/.local/lib/python3.12/site-packages/airflow/example_dags/example_skip_dag.py
[2024-07-27T22:08:39.240+0000] {logging_mixin.py:188} INFO - [2024-07-27T22:08:39.239+0000] {dag.py:3089} INFO - Sync 1 DAGs
[2024-07-27T22:08:39.318+0000] {logging_mixin.py:188} INFO - [2024-07-27T22:08:39.318+0000] {dag.py:3947} INFO - Setting next_dagrun for example_skip_dag to 2024-07-26 00:00:00+00:00, run_after=2024-07-27 00:00:00+00:00
[2024-07-27T22:08:39.385+0000] {processor.py:183} INFO - Processing /home/airflow/.local/lib/python3.12/site-packages/airflow/example_dags/example_skip_dag.py took 0.268 seconds
[2024-07-27T22:09:09.507+0000] {processor.py:161} INFO - Started process (PID=246) to work on /home/airflow/.local/lib/python3.12/site-packages/airflow/example_dags/example_skip_dag.py
[2024-07-27T22:09:09.507+0000] {processor.py:830} INFO - Processing file /home/airflow/.local/lib/python3.12/site-packages/airflow/example_dags/example_skip_dag.py for tasks to queue
[2024-07-27T22:09:09.509+0000] {logging_mixin.py:188} INFO - [2024-07-27T22:09:09.509+0000] {dagbag.py:545} INFO - Filling up the DagBag from /home/airflow/.local/lib/python3.12/site-packages/airflow/example_dags/example_skip_dag.py
[2024-07-27T22:09:09.516+0000] {processor.py:840} INFO - DAG(s) 'example_skip_dag' retrieved from /home/airflow/.local/lib/python3.12/site-packages/airflow/example_dags/example_skip_dag.py
[2024-07-27T22:09:09.538+0000] {logging_mixin.py:188} INFO - [2024-07-27T22:09:09.538+0000] {dag.py:3089} INFO - Sync 1 DAGs
[2024-07-27T22:09:09.567+0000] {logging_mixin.py:188} INFO - [2024-07-27T22:09:09.566+0000] {dag.py:3947} INFO - Setting next_dagrun for example_skip_dag to 2024-07-26 00:00:00+00:00, run_after=2024-07-27 00:00:00+00:00
[2024-07-27T22:09:09.589+0000] {processor.py:183} INFO - Processing /home/airflow/.local/lib/python3.12/site-packages/airflow/example_dags/example_skip_dag.py took 0.089 seconds
[2024-07-27T22:09:40.582+0000] {processor.py:161} INFO - Started process (PID=304) to work on /home/airflow/.local/lib/python3.12/site-packages/airflow/example_dags/example_skip_dag.py
[2024-07-27T22:09:40.585+0000] {processor.py:830} INFO - Processing file /home/airflow/.local/lib/python3.12/site-packages/airflow/example_dags/example_skip_dag.py for tasks to queue
[2024-07-27T22:09:40.593+0000] {logging_mixin.py:188} INFO - [2024-07-27T22:09:40.592+0000] {dagbag.py:545} INFO - Filling up the DagBag from /home/airflow/.local/lib/python3.12/site-packages/airflow/example_dags/example_skip_dag.py
[2024-07-27T22:09:40.633+0000] {processor.py:840} INFO - DAG(s) 'example_skip_dag' retrieved from /home/airflow/.local/lib/python3.12/site-packages/airflow/example_dags/example_skip_dag.py
[2024-07-27T22:09:40.720+0000] {logging_mixin.py:188} INFO - [2024-07-27T22:09:40.719+0000] {dag.py:3089} INFO - Sync 1 DAGs
[2024-07-27T22:09:40.800+0000] {logging_mixin.py:188} INFO - [2024-07-27T22:09:40.800+0000] {dag.py:3947} INFO - Setting next_dagrun for example_skip_dag to 2024-07-26 00:00:00+00:00, run_after=2024-07-27 00:00:00+00:00
[2024-07-27T22:09:40.869+0000] {processor.py:183} INFO - Processing /home/airflow/.local/lib/python3.12/site-packages/airflow/example_dags/example_skip_dag.py took 0.313 seconds
[2024-07-27T22:10:11.751+0000] {processor.py:161} INFO - Started process (PID=362) to work on /home/airflow/.local/lib/python3.12/site-packages/airflow/example_dags/example_skip_dag.py
[2024-07-27T22:10:11.754+0000] {processor.py:830} INFO - Processing file /home/airflow/.local/lib/python3.12/site-packages/airflow/example_dags/example_skip_dag.py for tasks to queue
[2024-07-27T22:10:11.760+0000] {logging_mixin.py:188} INFO - [2024-07-27T22:10:11.759+0000] {dagbag.py:545} INFO - Filling up the DagBag from /home/airflow/.local/lib/python3.12/site-packages/airflow/example_dags/example_skip_dag.py
[2024-07-27T22:10:11.788+0000] {processor.py:840} INFO - DAG(s) 'example_skip_dag' retrieved from /home/airflow/.local/lib/python3.12/site-packages/airflow/example_dags/example_skip_dag.py
[2024-07-27T22:10:11.864+0000] {logging_mixin.py:188} INFO - [2024-07-27T22:10:11.863+0000] {dag.py:3089} INFO - Sync 1 DAGs
[2024-07-27T22:10:11.904+0000] {logging_mixin.py:188} INFO - [2024-07-27T22:10:11.904+0000] {dag.py:3947} INFO - Setting next_dagrun for example_skip_dag to 2024-07-26 00:00:00+00:00, run_after=2024-07-27 00:00:00+00:00
[2024-07-27T22:10:11.928+0000] {processor.py:183} INFO - Processing /home/airflow/.local/lib/python3.12/site-packages/airflow/example_dags/example_skip_dag.py took 0.201 seconds
[2024-07-27T22:10:42.443+0000] {processor.py:161} INFO - Started process (PID=420) to work on /home/airflow/.local/lib/python3.12/site-packages/airflow/example_dags/example_skip_dag.py
[2024-07-27T22:10:42.446+0000] {processor.py:830} INFO - Processing file /home/airflow/.local/lib/python3.12/site-packages/airflow/example_dags/example_skip_dag.py for tasks to queue
[2024-07-27T22:10:42.455+0000] {logging_mixin.py:188} INFO - [2024-07-27T22:10:42.453+0000] {dagbag.py:545} INFO - Filling up the DagBag from /home/airflow/.local/lib/python3.12/site-packages/airflow/example_dags/example_skip_dag.py
[2024-07-27T22:10:42.487+0000] {processor.py:840} INFO - DAG(s) 'example_skip_dag' retrieved from /home/airflow/.local/lib/python3.12/site-packages/airflow/example_dags/example_skip_dag.py
[2024-07-27T22:10:42.565+0000] {logging_mixin.py:188} INFO - [2024-07-27T22:10:42.564+0000] {dag.py:3089} INFO - Sync 1 DAGs
[2024-07-27T22:10:42.610+0000] {logging_mixin.py:188} INFO - [2024-07-27T22:10:42.610+0000] {dag.py:3947} INFO - Setting next_dagrun for example_skip_dag to 2024-07-26 00:00:00+00:00, run_after=2024-07-27 00:00:00+00:00
[2024-07-27T22:10:42.655+0000] {processor.py:183} INFO - Processing /home/airflow/.local/lib/python3.12/site-packages/airflow/example_dags/example_skip_dag.py took 0.244 seconds
[2024-07-27T22:11:13.395+0000] {processor.py:161} INFO - Started process (PID=478) to work on /home/airflow/.local/lib/python3.12/site-packages/airflow/example_dags/example_skip_dag.py
[2024-07-27T22:11:13.401+0000] {processor.py:830} INFO - Processing file /home/airflow/.local/lib/python3.12/site-packages/airflow/example_dags/example_skip_dag.py for tasks to queue
[2024-07-27T22:11:13.414+0000] {logging_mixin.py:188} INFO - [2024-07-27T22:11:13.411+0000] {dagbag.py:545} INFO - Filling up the DagBag from /home/airflow/.local/lib/python3.12/site-packages/airflow/example_dags/example_skip_dag.py
[2024-07-27T22:11:13.462+0000] {processor.py:840} INFO - DAG(s) 'example_skip_dag' retrieved from /home/airflow/.local/lib/python3.12/site-packages/airflow/example_dags/example_skip_dag.py
[2024-07-27T22:11:13.640+0000] {logging_mixin.py:188} INFO - [2024-07-27T22:11:13.638+0000] {dag.py:3089} INFO - Sync 1 DAGs
[2024-07-27T22:11:13.813+0000] {logging_mixin.py:188} INFO - [2024-07-27T22:11:13.811+0000] {dag.py:3947} INFO - Setting next_dagrun for example_skip_dag to 2024-07-26 00:00:00+00:00, run_after=2024-07-27 00:00:00+00:00
[2024-07-27T22:11:13.965+0000] {processor.py:183} INFO - Processing /home/airflow/.local/lib/python3.12/site-packages/airflow/example_dags/example_skip_dag.py took 0.616 seconds
[2024-07-27T22:11:44.097+0000] {processor.py:161} INFO - Started process (PID=536) to work on /home/airflow/.local/lib/python3.12/site-packages/airflow/example_dags/example_skip_dag.py
[2024-07-27T22:11:44.099+0000] {processor.py:830} INFO - Processing file /home/airflow/.local/lib/python3.12/site-packages/airflow/example_dags/example_skip_dag.py for tasks to queue
[2024-07-27T22:11:44.104+0000] {logging_mixin.py:188} INFO - [2024-07-27T22:11:44.102+0000] {dagbag.py:545} INFO - Filling up the DagBag from /home/airflow/.local/lib/python3.12/site-packages/airflow/example_dags/example_skip_dag.py
[2024-07-27T22:11:44.130+0000] {processor.py:840} INFO - DAG(s) 'example_skip_dag' retrieved from /home/airflow/.local/lib/python3.12/site-packages/airflow/example_dags/example_skip_dag.py
[2024-07-27T22:11:44.249+0000] {logging_mixin.py:188} INFO - [2024-07-27T22:11:44.248+0000] {dag.py:3089} INFO - Sync 1 DAGs
[2024-07-27T22:11:44.357+0000] {logging_mixin.py:188} INFO - [2024-07-27T22:11:44.356+0000] {dag.py:3947} INFO - Setting next_dagrun for example_skip_dag to 2024-07-26 00:00:00+00:00, run_after=2024-07-27 00:00:00+00:00
[2024-07-27T22:11:44.390+0000] {processor.py:183} INFO - Processing /home/airflow/.local/lib/python3.12/site-packages/airflow/example_dags/example_skip_dag.py took 0.309 seconds
[2024-07-27T22:12:15.031+0000] {processor.py:161} INFO - Started process (PID=594) to work on /home/airflow/.local/lib/python3.12/site-packages/airflow/example_dags/example_skip_dag.py
[2024-07-27T22:12:15.033+0000] {processor.py:830} INFO - Processing file /home/airflow/.local/lib/python3.12/site-packages/airflow/example_dags/example_skip_dag.py for tasks to queue
[2024-07-27T22:12:15.039+0000] {logging_mixin.py:188} INFO - [2024-07-27T22:12:15.038+0000] {dagbag.py:545} INFO - Filling up the DagBag from /home/airflow/.local/lib/python3.12/site-packages/airflow/example_dags/example_skip_dag.py
[2024-07-27T22:12:15.061+0000] {processor.py:840} INFO - DAG(s) 'example_skip_dag' retrieved from /home/airflow/.local/lib/python3.12/site-packages/airflow/example_dags/example_skip_dag.py
[2024-07-27T22:12:15.137+0000] {logging_mixin.py:188} INFO - [2024-07-27T22:12:15.136+0000] {dag.py:3089} INFO - Sync 1 DAGs
[2024-07-27T22:12:15.217+0000] {logging_mixin.py:188} INFO - [2024-07-27T22:12:15.216+0000] {dag.py:3947} INFO - Setting next_dagrun for example_skip_dag to 2024-07-26 00:00:00+00:00, run_after=2024-07-27 00:00:00+00:00
[2024-07-27T22:12:15.278+0000] {processor.py:183} INFO - Processing /home/airflow/.local/lib/python3.12/site-packages/airflow/example_dags/example_skip_dag.py took 0.268 seconds
[2024-07-27T22:12:45.476+0000] {processor.py:161} INFO - Started process (PID=652) to work on /home/airflow/.local/lib/python3.12/site-packages/airflow/example_dags/example_skip_dag.py
[2024-07-27T22:12:45.478+0000] {processor.py:830} INFO - Processing file /home/airflow/.local/lib/python3.12/site-packages/airflow/example_dags/example_skip_dag.py for tasks to queue
[2024-07-27T22:12:45.484+0000] {logging_mixin.py:188} INFO - [2024-07-27T22:12:45.482+0000] {dagbag.py:545} INFO - Filling up the DagBag from /home/airflow/.local/lib/python3.12/site-packages/airflow/example_dags/example_skip_dag.py
[2024-07-27T22:12:45.505+0000] {processor.py:840} INFO - DAG(s) 'example_skip_dag' retrieved from /home/airflow/.local/lib/python3.12/site-packages/airflow/example_dags/example_skip_dag.py
[2024-07-27T22:12:45.577+0000] {logging_mixin.py:188} INFO - [2024-07-27T22:12:45.576+0000] {dag.py:3089} INFO - Sync 1 DAGs
[2024-07-27T22:12:45.657+0000] {logging_mixin.py:188} INFO - [2024-07-27T22:12:45.656+0000] {dag.py:3947} INFO - Setting next_dagrun for example_skip_dag to 2024-07-26 00:00:00+00:00, run_after=2024-07-27 00:00:00+00:00
[2024-07-27T22:12:45.718+0000] {processor.py:183} INFO - Processing /home/airflow/.local/lib/python3.12/site-packages/airflow/example_dags/example_skip_dag.py took 0.262 seconds
[2024-07-27T22:13:16.148+0000] {processor.py:161} INFO - Started process (PID=710) to work on /home/airflow/.local/lib/python3.12/site-packages/airflow/example_dags/example_skip_dag.py
[2024-07-27T22:13:16.149+0000] {processor.py:830} INFO - Processing file /home/airflow/.local/lib/python3.12/site-packages/airflow/example_dags/example_skip_dag.py for tasks to queue
[2024-07-27T22:13:16.153+0000] {logging_mixin.py:188} INFO - [2024-07-27T22:13:16.152+0000] {dagbag.py:545} INFO - Filling up the DagBag from /home/airflow/.local/lib/python3.12/site-packages/airflow/example_dags/example_skip_dag.py
[2024-07-27T22:13:16.165+0000] {processor.py:840} INFO - DAG(s) 'example_skip_dag' retrieved from /home/airflow/.local/lib/python3.12/site-packages/airflow/example_dags/example_skip_dag.py
[2024-07-27T22:13:16.208+0000] {logging_mixin.py:188} INFO - [2024-07-27T22:13:16.208+0000] {dag.py:3089} INFO - Sync 1 DAGs
[2024-07-27T22:13:16.244+0000] {logging_mixin.py:188} INFO - [2024-07-27T22:13:16.244+0000] {dag.py:3947} INFO - Setting next_dagrun for example_skip_dag to 2024-07-26 00:00:00+00:00, run_after=2024-07-27 00:00:00+00:00
[2024-07-27T22:13:16.271+0000] {processor.py:183} INFO - Processing /home/airflow/.local/lib/python3.12/site-packages/airflow/example_dags/example_skip_dag.py took 0.134 seconds
