[2024-07-27T22:07:38.052+0000] {processor.py:161} INFO - Started process (PID=79) to work on /home/airflow/.local/lib/python3.12/site-packages/airflow/example_dags/example_branch_labels.py
[2024-07-27T22:07:38.052+0000] {processor.py:830} INFO - Processing file /home/airflow/.local/lib/python3.12/site-packages/airflow/example_dags/example_branch_labels.py for tasks to queue
[2024-07-27T22:07:38.054+0000] {logging_mixin.py:188} INFO - [2024-07-27T22:07:38.054+0000] {dagbag.py:545} INFO - Filling up the DagBag from /home/airflow/.local/lib/python3.12/site-packages/airflow/example_dags/example_branch_labels.py
[2024-07-27T22:07:38.069+0000] {processor.py:840} INFO - DAG(s) 'example_branch_labels' retrieved from /home/airflow/.local/lib/python3.12/site-packages/airflow/example_dags/example_branch_labels.py
[2024-07-27T22:07:38.222+0000] {logging_mixin.py:188} INFO - [2024-07-27T22:07:38.222+0000] {dag.py:3089} INFO - Sync 1 DAGs
[2024-07-27T22:07:38.255+0000] {logging_mixin.py:188} INFO - [2024-07-27T22:07:38.254+0000] {dag.py:3947} INFO - Setting next_dagrun for example_branch_labels to 2024-07-26 00:00:00+00:00, run_after=2024-07-27 00:00:00+00:00
[2024-07-27T22:07:38.281+0000] {processor.py:183} INFO - Processing /home/airflow/.local/lib/python3.12/site-packages/airflow/example_dags/example_branch_labels.py took 0.236 seconds
[2024-07-27T22:08:08.894+0000] {processor.py:161} INFO - Started process (PID=137) to work on /home/airflow/.local/lib/python3.12/site-packages/airflow/example_dags/example_branch_labels.py
[2024-07-27T22:08:08.897+0000] {processor.py:830} INFO - Processing file /home/airflow/.local/lib/python3.12/site-packages/airflow/example_dags/example_branch_labels.py for tasks to queue
[2024-07-27T22:08:08.902+0000] {logging_mixin.py:188} INFO - [2024-07-27T22:08:08.901+0000] {dagbag.py:545} INFO - Filling up the DagBag from /home/airflow/.local/lib/python3.12/site-packages/airflow/example_dags/example_branch_labels.py
[2024-07-27T22:08:08.932+0000] {processor.py:840} INFO - DAG(s) 'example_branch_labels' retrieved from /home/airflow/.local/lib/python3.12/site-packages/airflow/example_dags/example_branch_labels.py
[2024-07-27T22:08:09.018+0000] {logging_mixin.py:188} INFO - [2024-07-27T22:08:09.017+0000] {dag.py:3089} INFO - Sync 1 DAGs
[2024-07-27T22:08:09.136+0000] {logging_mixin.py:188} INFO - [2024-07-27T22:08:09.135+0000] {dag.py:3947} INFO - Setting next_dagrun for example_branch_labels to 2024-07-26 00:00:00+00:00, run_after=2024-07-27 00:00:00+00:00
[2024-07-27T22:08:09.193+0000] {processor.py:183} INFO - Processing /home/airflow/.local/lib/python3.12/site-packages/airflow/example_dags/example_branch_labels.py took 0.319 seconds
[2024-07-27T22:08:40.162+0000] {processor.py:161} INFO - Started process (PID=195) to work on /home/airflow/.local/lib/python3.12/site-packages/airflow/example_dags/example_branch_labels.py
[2024-07-27T22:08:40.165+0000] {processor.py:830} INFO - Processing file /home/airflow/.local/lib/python3.12/site-packages/airflow/example_dags/example_branch_labels.py for tasks to queue
[2024-07-27T22:08:40.170+0000] {logging_mixin.py:188} INFO - [2024-07-27T22:08:40.169+0000] {dagbag.py:545} INFO - Filling up the DagBag from /home/airflow/.local/lib/python3.12/site-packages/airflow/example_dags/example_branch_labels.py
[2024-07-27T22:08:40.196+0000] {processor.py:840} INFO - DAG(s) 'example_branch_labels' retrieved from /home/airflow/.local/lib/python3.12/site-packages/airflow/example_dags/example_branch_labels.py
[2024-07-27T22:08:40.265+0000] {logging_mixin.py:188} INFO - [2024-07-27T22:08:40.265+0000] {dag.py:3089} INFO - Sync 1 DAGs
[2024-07-27T22:08:40.348+0000] {logging_mixin.py:188} INFO - [2024-07-27T22:08:40.348+0000] {dag.py:3947} INFO - Setting next_dagrun for example_branch_labels to 2024-07-26 00:00:00+00:00, run_after=2024-07-27 00:00:00+00:00
[2024-07-27T22:08:40.406+0000] {processor.py:183} INFO - Processing /home/airflow/.local/lib/python3.12/site-packages/airflow/example_dags/example_branch_labels.py took 0.264 seconds
[2024-07-27T22:09:10.850+0000] {processor.py:161} INFO - Started process (PID=253) to work on /home/airflow/.local/lib/python3.12/site-packages/airflow/example_dags/example_branch_labels.py
[2024-07-27T22:09:10.851+0000] {processor.py:830} INFO - Processing file /home/airflow/.local/lib/python3.12/site-packages/airflow/example_dags/example_branch_labels.py for tasks to queue
[2024-07-27T22:09:10.853+0000] {logging_mixin.py:188} INFO - [2024-07-27T22:09:10.852+0000] {dagbag.py:545} INFO - Filling up the DagBag from /home/airflow/.local/lib/python3.12/site-packages/airflow/example_dags/example_branch_labels.py
[2024-07-27T22:09:10.862+0000] {processor.py:840} INFO - DAG(s) 'example_branch_labels' retrieved from /home/airflow/.local/lib/python3.12/site-packages/airflow/example_dags/example_branch_labels.py
[2024-07-27T22:09:10.884+0000] {logging_mixin.py:188} INFO - [2024-07-27T22:09:10.884+0000] {dag.py:3089} INFO - Sync 1 DAGs
[2024-07-27T22:09:10.911+0000] {logging_mixin.py:188} INFO - [2024-07-27T22:09:10.911+0000] {dag.py:3947} INFO - Setting next_dagrun for example_branch_labels to 2024-07-26 00:00:00+00:00, run_after=2024-07-27 00:00:00+00:00
[2024-07-27T22:09:10.931+0000] {processor.py:183} INFO - Processing /home/airflow/.local/lib/python3.12/site-packages/airflow/example_dags/example_branch_labels.py took 0.087 seconds
[2024-07-27T22:09:42.201+0000] {processor.py:161} INFO - Started process (PID=311) to work on /home/airflow/.local/lib/python3.12/site-packages/airflow/example_dags/example_branch_labels.py
[2024-07-27T22:09:42.204+0000] {processor.py:830} INFO - Processing file /home/airflow/.local/lib/python3.12/site-packages/airflow/example_dags/example_branch_labels.py for tasks to queue
[2024-07-27T22:09:42.210+0000] {logging_mixin.py:188} INFO - [2024-07-27T22:09:42.209+0000] {dagbag.py:545} INFO - Filling up the DagBag from /home/airflow/.local/lib/python3.12/site-packages/airflow/example_dags/example_branch_labels.py
[2024-07-27T22:09:42.249+0000] {processor.py:840} INFO - DAG(s) 'example_branch_labels' retrieved from /home/airflow/.local/lib/python3.12/site-packages/airflow/example_dags/example_branch_labels.py
[2024-07-27T22:09:42.329+0000] {logging_mixin.py:188} INFO - [2024-07-27T22:09:42.328+0000] {dag.py:3089} INFO - Sync 1 DAGs
[2024-07-27T22:09:42.420+0000] {logging_mixin.py:188} INFO - [2024-07-27T22:09:42.419+0000] {dag.py:3947} INFO - Setting next_dagrun for example_branch_labels to 2024-07-26 00:00:00+00:00, run_after=2024-07-27 00:00:00+00:00
[2024-07-27T22:09:42.467+0000] {processor.py:183} INFO - Processing /home/airflow/.local/lib/python3.12/site-packages/airflow/example_dags/example_branch_labels.py took 0.305 seconds
[2024-07-27T22:10:12.694+0000] {processor.py:161} INFO - Started process (PID=369) to work on /home/airflow/.local/lib/python3.12/site-packages/airflow/example_dags/example_branch_labels.py
[2024-07-27T22:10:12.697+0000] {processor.py:830} INFO - Processing file /home/airflow/.local/lib/python3.12/site-packages/airflow/example_dags/example_branch_labels.py for tasks to queue
[2024-07-27T22:10:12.704+0000] {logging_mixin.py:188} INFO - [2024-07-27T22:10:12.703+0000] {dagbag.py:545} INFO - Filling up the DagBag from /home/airflow/.local/lib/python3.12/site-packages/airflow/example_dags/example_branch_labels.py
[2024-07-27T22:10:12.734+0000] {processor.py:840} INFO - DAG(s) 'example_branch_labels' retrieved from /home/airflow/.local/lib/python3.12/site-packages/airflow/example_dags/example_branch_labels.py
[2024-07-27T22:10:12.813+0000] {logging_mixin.py:188} INFO - [2024-07-27T22:10:12.812+0000] {dag.py:3089} INFO - Sync 1 DAGs
[2024-07-27T22:10:12.898+0000] {logging_mixin.py:188} INFO - [2024-07-27T22:10:12.897+0000] {dag.py:3947} INFO - Setting next_dagrun for example_branch_labels to 2024-07-26 00:00:00+00:00, run_after=2024-07-27 00:00:00+00:00
[2024-07-27T22:10:12.959+0000] {processor.py:183} INFO - Processing /home/airflow/.local/lib/python3.12/site-packages/airflow/example_dags/example_branch_labels.py took 0.288 seconds
[2024-07-27T22:10:43.476+0000] {processor.py:161} INFO - Started process (PID=427) to work on /home/airflow/.local/lib/python3.12/site-packages/airflow/example_dags/example_branch_labels.py
[2024-07-27T22:10:43.478+0000] {processor.py:830} INFO - Processing file /home/airflow/.local/lib/python3.12/site-packages/airflow/example_dags/example_branch_labels.py for tasks to queue
[2024-07-27T22:10:43.483+0000] {logging_mixin.py:188} INFO - [2024-07-27T22:10:43.482+0000] {dagbag.py:545} INFO - Filling up the DagBag from /home/airflow/.local/lib/python3.12/site-packages/airflow/example_dags/example_branch_labels.py
[2024-07-27T22:10:43.509+0000] {processor.py:840} INFO - DAG(s) 'example_branch_labels' retrieved from /home/airflow/.local/lib/python3.12/site-packages/airflow/example_dags/example_branch_labels.py
[2024-07-27T22:10:43.576+0000] {logging_mixin.py:188} INFO - [2024-07-27T22:10:43.575+0000] {dag.py:3089} INFO - Sync 1 DAGs
[2024-07-27T22:10:43.662+0000] {logging_mixin.py:188} INFO - [2024-07-27T22:10:43.661+0000] {dag.py:3947} INFO - Setting next_dagrun for example_branch_labels to 2024-07-26 00:00:00+00:00, run_after=2024-07-27 00:00:00+00:00
[2024-07-27T22:10:43.731+0000] {processor.py:183} INFO - Processing /home/airflow/.local/lib/python3.12/site-packages/airflow/example_dags/example_branch_labels.py took 0.273 seconds
[2024-07-27T22:11:15.870+0000] {processor.py:161} INFO - Started process (PID=485) to work on /home/airflow/.local/lib/python3.12/site-packages/airflow/example_dags/example_branch_labels.py
[2024-07-27T22:11:15.876+0000] {processor.py:830} INFO - Processing file /home/airflow/.local/lib/python3.12/site-packages/airflow/example_dags/example_branch_labels.py for tasks to queue
[2024-07-27T22:11:15.887+0000] {logging_mixin.py:188} INFO - [2024-07-27T22:11:15.884+0000] {dagbag.py:545} INFO - Filling up the DagBag from /home/airflow/.local/lib/python3.12/site-packages/airflow/example_dags/example_branch_labels.py
[2024-07-27T22:11:15.942+0000] {processor.py:840} INFO - DAG(s) 'example_branch_labels' retrieved from /home/airflow/.local/lib/python3.12/site-packages/airflow/example_dags/example_branch_labels.py
[2024-07-27T22:11:16.101+0000] {logging_mixin.py:188} INFO - [2024-07-27T22:11:16.100+0000] {dag.py:3089} INFO - Sync 1 DAGs
[2024-07-27T22:11:16.317+0000] {logging_mixin.py:188} INFO - [2024-07-27T22:11:16.315+0000] {dag.py:3947} INFO - Setting next_dagrun for example_branch_labels to 2024-07-26 00:00:00+00:00, run_after=2024-07-27 00:00:00+00:00
[2024-07-27T22:11:16.463+0000] {processor.py:183} INFO - Processing /home/airflow/.local/lib/python3.12/site-packages/airflow/example_dags/example_branch_labels.py took 0.633 seconds
[2024-07-27T22:11:46.651+0000] {processor.py:161} INFO - Started process (PID=543) to work on /home/airflow/.local/lib/python3.12/site-packages/airflow/example_dags/example_branch_labels.py
[2024-07-27T22:11:46.653+0000] {processor.py:830} INFO - Processing file /home/airflow/.local/lib/python3.12/site-packages/airflow/example_dags/example_branch_labels.py for tasks to queue
[2024-07-27T22:11:46.658+0000] {logging_mixin.py:188} INFO - [2024-07-27T22:11:46.657+0000] {dagbag.py:545} INFO - Filling up the DagBag from /home/airflow/.local/lib/python3.12/site-packages/airflow/example_dags/example_branch_labels.py
[2024-07-27T22:11:46.684+0000] {processor.py:840} INFO - DAG(s) 'example_branch_labels' retrieved from /home/airflow/.local/lib/python3.12/site-packages/airflow/example_dags/example_branch_labels.py
[2024-07-27T22:11:46.753+0000] {logging_mixin.py:188} INFO - [2024-07-27T22:11:46.752+0000] {dag.py:3089} INFO - Sync 1 DAGs
[2024-07-27T22:11:46.836+0000] {logging_mixin.py:188} INFO - [2024-07-27T22:11:46.835+0000] {dag.py:3947} INFO - Setting next_dagrun for example_branch_labels to 2024-07-26 00:00:00+00:00, run_after=2024-07-27 00:00:00+00:00
[2024-07-27T22:11:46.893+0000] {processor.py:183} INFO - Processing /home/airflow/.local/lib/python3.12/site-packages/airflow/example_dags/example_branch_labels.py took 0.262 seconds
[2024-07-27T22:12:17.007+0000] {processor.py:161} INFO - Started process (PID=601) to work on /home/airflow/.local/lib/python3.12/site-packages/airflow/example_dags/example_branch_labels.py
[2024-07-27T22:12:17.008+0000] {processor.py:830} INFO - Processing file /home/airflow/.local/lib/python3.12/site-packages/airflow/example_dags/example_branch_labels.py for tasks to queue
[2024-07-27T22:12:17.010+0000] {logging_mixin.py:188} INFO - [2024-07-27T22:12:17.009+0000] {dagbag.py:545} INFO - Filling up the DagBag from /home/airflow/.local/lib/python3.12/site-packages/airflow/example_dags/example_branch_labels.py
[2024-07-27T22:12:17.018+0000] {processor.py:840} INFO - DAG(s) 'example_branch_labels' retrieved from /home/airflow/.local/lib/python3.12/site-packages/airflow/example_dags/example_branch_labels.py
[2024-07-27T22:12:17.041+0000] {logging_mixin.py:188} INFO - [2024-07-27T22:12:17.041+0000] {dag.py:3089} INFO - Sync 1 DAGs
[2024-07-27T22:12:17.068+0000] {logging_mixin.py:188} INFO - [2024-07-27T22:12:17.067+0000] {dag.py:3947} INFO - Setting next_dagrun for example_branch_labels to 2024-07-26 00:00:00+00:00, run_after=2024-07-27 00:00:00+00:00
[2024-07-27T22:12:17.086+0000] {processor.py:183} INFO - Processing /home/airflow/.local/lib/python3.12/site-packages/airflow/example_dags/example_branch_labels.py took 0.085 seconds
[2024-07-27T22:12:47.456+0000] {processor.py:161} INFO - Started process (PID=659) to work on /home/airflow/.local/lib/python3.12/site-packages/airflow/example_dags/example_branch_labels.py
[2024-07-27T22:12:47.457+0000] {processor.py:830} INFO - Processing file /home/airflow/.local/lib/python3.12/site-packages/airflow/example_dags/example_branch_labels.py for tasks to queue
[2024-07-27T22:12:47.458+0000] {logging_mixin.py:188} INFO - [2024-07-27T22:12:47.458+0000] {dagbag.py:545} INFO - Filling up the DagBag from /home/airflow/.local/lib/python3.12/site-packages/airflow/example_dags/example_branch_labels.py
[2024-07-27T22:12:47.465+0000] {processor.py:840} INFO - DAG(s) 'example_branch_labels' retrieved from /home/airflow/.local/lib/python3.12/site-packages/airflow/example_dags/example_branch_labels.py
[2024-07-27T22:12:47.485+0000] {logging_mixin.py:188} INFO - [2024-07-27T22:12:47.485+0000] {dag.py:3089} INFO - Sync 1 DAGs
[2024-07-27T22:12:47.513+0000] {logging_mixin.py:188} INFO - [2024-07-27T22:12:47.513+0000] {dag.py:3947} INFO - Setting next_dagrun for example_branch_labels to 2024-07-26 00:00:00+00:00, run_after=2024-07-27 00:00:00+00:00
[2024-07-27T22:12:47.538+0000] {processor.py:183} INFO - Processing /home/airflow/.local/lib/python3.12/site-packages/airflow/example_dags/example_branch_labels.py took 0.087 seconds
[2024-07-27T22:13:17.848+0000] {processor.py:161} INFO - Started process (PID=717) to work on /home/airflow/.local/lib/python3.12/site-packages/airflow/example_dags/example_branch_labels.py
[2024-07-27T22:13:17.849+0000] {processor.py:830} INFO - Processing file /home/airflow/.local/lib/python3.12/site-packages/airflow/example_dags/example_branch_labels.py for tasks to queue
[2024-07-27T22:13:17.851+0000] {logging_mixin.py:188} INFO - [2024-07-27T22:13:17.851+0000] {dagbag.py:545} INFO - Filling up the DagBag from /home/airflow/.local/lib/python3.12/site-packages/airflow/example_dags/example_branch_labels.py
[2024-07-27T22:13:17.860+0000] {processor.py:840} INFO - DAG(s) 'example_branch_labels' retrieved from /home/airflow/.local/lib/python3.12/site-packages/airflow/example_dags/example_branch_labels.py
[2024-07-27T22:13:17.886+0000] {logging_mixin.py:188} INFO - [2024-07-27T22:13:17.885+0000] {dag.py:3089} INFO - Sync 1 DAGs
[2024-07-27T22:13:17.925+0000] {logging_mixin.py:188} INFO - [2024-07-27T22:13:17.925+0000] {dag.py:3947} INFO - Setting next_dagrun for example_branch_labels to 2024-07-26 00:00:00+00:00, run_after=2024-07-27 00:00:00+00:00
[2024-07-27T22:13:17.968+0000] {processor.py:183} INFO - Processing /home/airflow/.local/lib/python3.12/site-packages/airflow/example_dags/example_branch_labels.py took 0.126 seconds
