[2024-07-27T22:07:34.896+0000] {processor.py:161} INFO - Started process (PID=56) to work on /home/airflow/.local/lib/python3.12/site-packages/airflow/example_dags/example_sla_dag.py
[2024-07-27T22:07:34.897+0000] {processor.py:830} INFO - Processing file /home/airflow/.local/lib/python3.12/site-packages/airflow/example_dags/example_sla_dag.py for tasks to queue
[2024-07-27T22:07:34.899+0000] {logging_mixin.py:188} INFO - [2024-07-27T22:07:34.899+0000] {dagbag.py:545} INFO - Filling up the DagBag from /home/airflow/.local/lib/python3.12/site-packages/airflow/example_dags/example_sla_dag.py
[2024-07-27T22:07:34.934+0000] {processor.py:840} INFO - DAG(s) 'example_sla_dag' retrieved from /home/airflow/.local/lib/python3.12/site-packages/airflow/example_dags/example_sla_dag.py
[2024-07-27T22:07:35.289+0000] {logging_mixin.py:188} INFO - [2024-07-27T22:07:35.289+0000] {dag.py:3089} INFO - Sync 1 DAGs
[2024-07-27T22:07:35.324+0000] {logging_mixin.py:188} INFO - [2024-07-27T22:07:35.323+0000] {dag.py:3947} INFO - Setting next_dagrun for example_sla_dag to 2024-07-27 22:04:00+00:00, run_after=2024-07-27 22:06:00+00:00
[2024-07-27T22:07:35.351+0000] {processor.py:183} INFO - Processing /home/airflow/.local/lib/python3.12/site-packages/airflow/example_dags/example_sla_dag.py took 0.462 seconds
[2024-07-27T22:08:05.607+0000] {processor.py:161} INFO - Started process (PID=115) to work on /home/airflow/.local/lib/python3.12/site-packages/airflow/example_dags/example_sla_dag.py
[2024-07-27T22:08:05.613+0000] {processor.py:830} INFO - Processing file /home/airflow/.local/lib/python3.12/site-packages/airflow/example_dags/example_sla_dag.py for tasks to queue
[2024-07-27T22:08:05.619+0000] {logging_mixin.py:188} INFO - [2024-07-27T22:08:05.618+0000] {dagbag.py:545} INFO - Filling up the DagBag from /home/airflow/.local/lib/python3.12/site-packages/airflow/example_dags/example_sla_dag.py
[2024-07-27T22:08:05.651+0000] {processor.py:840} INFO - DAG(s) 'example_sla_dag' retrieved from /home/airflow/.local/lib/python3.12/site-packages/airflow/example_dags/example_sla_dag.py
[2024-07-27T22:08:05.734+0000] {logging_mixin.py:188} INFO - [2024-07-27T22:08:05.733+0000] {dag.py:3089} INFO - Sync 1 DAGs
[2024-07-27T22:08:05.836+0000] {logging_mixin.py:188} INFO - [2024-07-27T22:08:05.836+0000] {dag.py:3947} INFO - Setting next_dagrun for example_sla_dag to 2024-07-27 22:06:00+00:00, run_after=2024-07-27 22:08:00+00:00
[2024-07-27T22:08:05.903+0000] {processor.py:183} INFO - Processing /home/airflow/.local/lib/python3.12/site-packages/airflow/example_dags/example_sla_dag.py took 0.315 seconds
[2024-07-27T22:08:35.977+0000] {processor.py:161} INFO - Started process (PID=179) to work on /home/airflow/.local/lib/python3.12/site-packages/airflow/example_dags/example_sla_dag.py
[2024-07-27T22:08:35.978+0000] {processor.py:830} INFO - Processing file /home/airflow/.local/lib/python3.12/site-packages/airflow/example_dags/example_sla_dag.py for tasks to queue
[2024-07-27T22:08:35.982+0000] {logging_mixin.py:188} INFO - [2024-07-27T22:08:35.981+0000] {dagbag.py:545} INFO - Filling up the DagBag from /home/airflow/.local/lib/python3.12/site-packages/airflow/example_dags/example_sla_dag.py
[2024-07-27T22:08:35.995+0000] {processor.py:840} INFO - DAG(s) 'example_sla_dag' retrieved from /home/airflow/.local/lib/python3.12/site-packages/airflow/example_dags/example_sla_dag.py
[2024-07-27T22:08:36.022+0000] {logging_mixin.py:188} INFO - [2024-07-27T22:08:36.022+0000] {dag.py:3089} INFO - Sync 1 DAGs
[2024-07-27T22:08:36.056+0000] {logging_mixin.py:188} INFO - [2024-07-27T22:08:36.056+0000] {dag.py:3947} INFO - Setting next_dagrun for example_sla_dag to 2024-07-27 22:06:00+00:00, run_after=2024-07-27 22:08:00+00:00
[2024-07-27T22:08:36.082+0000] {processor.py:183} INFO - Processing /home/airflow/.local/lib/python3.12/site-packages/airflow/example_dags/example_sla_dag.py took 0.113 seconds
[2024-07-27T22:09:06.554+0000] {processor.py:161} INFO - Started process (PID=237) to work on /home/airflow/.local/lib/python3.12/site-packages/airflow/example_dags/example_sla_dag.py
[2024-07-27T22:09:06.557+0000] {processor.py:830} INFO - Processing file /home/airflow/.local/lib/python3.12/site-packages/airflow/example_dags/example_sla_dag.py for tasks to queue
[2024-07-27T22:09:06.563+0000] {logging_mixin.py:188} INFO - [2024-07-27T22:09:06.561+0000] {dagbag.py:545} INFO - Filling up the DagBag from /home/airflow/.local/lib/python3.12/site-packages/airflow/example_dags/example_sla_dag.py
[2024-07-27T22:09:06.591+0000] {processor.py:840} INFO - DAG(s) 'example_sla_dag' retrieved from /home/airflow/.local/lib/python3.12/site-packages/airflow/example_dags/example_sla_dag.py
[2024-07-27T22:09:06.657+0000] {logging_mixin.py:188} INFO - [2024-07-27T22:09:06.656+0000] {dag.py:3089} INFO - Sync 1 DAGs
[2024-07-27T22:09:06.750+0000] {logging_mixin.py:188} INFO - [2024-07-27T22:09:06.750+0000] {dag.py:3947} INFO - Setting next_dagrun for example_sla_dag to 2024-07-27 22:06:00+00:00, run_after=2024-07-27 22:08:00+00:00
[2024-07-27T22:09:06.814+0000] {processor.py:183} INFO - Processing /home/airflow/.local/lib/python3.12/site-packages/airflow/example_dags/example_sla_dag.py took 0.280 seconds
[2024-07-27T22:09:37.561+0000] {processor.py:161} INFO - Started process (PID=295) to work on /home/airflow/.local/lib/python3.12/site-packages/airflow/example_dags/example_sla_dag.py
[2024-07-27T22:09:37.565+0000] {processor.py:830} INFO - Processing file /home/airflow/.local/lib/python3.12/site-packages/airflow/example_dags/example_sla_dag.py for tasks to queue
[2024-07-27T22:09:37.577+0000] {logging_mixin.py:188} INFO - [2024-07-27T22:09:37.572+0000] {dagbag.py:545} INFO - Filling up the DagBag from /home/airflow/.local/lib/python3.12/site-packages/airflow/example_dags/example_sla_dag.py
[2024-07-27T22:09:37.631+0000] {processor.py:840} INFO - DAG(s) 'example_sla_dag' retrieved from /home/airflow/.local/lib/python3.12/site-packages/airflow/example_dags/example_sla_dag.py
[2024-07-27T22:09:37.703+0000] {logging_mixin.py:188} INFO - [2024-07-27T22:09:37.703+0000] {dag.py:3089} INFO - Sync 1 DAGs
[2024-07-27T22:09:37.836+0000] {logging_mixin.py:188} INFO - [2024-07-27T22:09:37.834+0000] {dag.py:3947} INFO - Setting next_dagrun for example_sla_dag to 2024-07-27 22:06:00+00:00, run_after=2024-07-27 22:08:00+00:00
[2024-07-27T22:09:37.954+0000] {processor.py:183} INFO - Processing /home/airflow/.local/lib/python3.12/site-packages/airflow/example_dags/example_sla_dag.py took 0.413 seconds
[2024-07-27T22:10:08.180+0000] {processor.py:161} INFO - Started process (PID=353) to work on /home/airflow/.local/lib/python3.12/site-packages/airflow/example_dags/example_sla_dag.py
[2024-07-27T22:10:08.183+0000] {processor.py:830} INFO - Processing file /home/airflow/.local/lib/python3.12/site-packages/airflow/example_dags/example_sla_dag.py for tasks to queue
[2024-07-27T22:10:08.189+0000] {logging_mixin.py:188} INFO - [2024-07-27T22:10:08.188+0000] {dagbag.py:545} INFO - Filling up the DagBag from /home/airflow/.local/lib/python3.12/site-packages/airflow/example_dags/example_sla_dag.py
[2024-07-27T22:10:08.217+0000] {processor.py:840} INFO - DAG(s) 'example_sla_dag' retrieved from /home/airflow/.local/lib/python3.12/site-packages/airflow/example_dags/example_sla_dag.py
[2024-07-27T22:10:08.282+0000] {logging_mixin.py:188} INFO - [2024-07-27T22:10:08.281+0000] {dag.py:3089} INFO - Sync 1 DAGs
[2024-07-27T22:10:08.372+0000] {logging_mixin.py:188} INFO - [2024-07-27T22:10:08.372+0000] {dag.py:3947} INFO - Setting next_dagrun for example_sla_dag to 2024-07-27 22:08:00+00:00, run_after=2024-07-27 22:10:00+00:00
[2024-07-27T22:10:08.448+0000] {processor.py:183} INFO - Processing /home/airflow/.local/lib/python3.12/site-packages/airflow/example_dags/example_sla_dag.py took 0.288 seconds
[2024-07-27T22:10:39.125+0000] {processor.py:161} INFO - Started process (PID=411) to work on /home/airflow/.local/lib/python3.12/site-packages/airflow/example_dags/example_sla_dag.py
[2024-07-27T22:10:39.128+0000] {processor.py:830} INFO - Processing file /home/airflow/.local/lib/python3.12/site-packages/airflow/example_dags/example_sla_dag.py for tasks to queue
[2024-07-27T22:10:39.136+0000] {logging_mixin.py:188} INFO - [2024-07-27T22:10:39.133+0000] {dagbag.py:545} INFO - Filling up the DagBag from /home/airflow/.local/lib/python3.12/site-packages/airflow/example_dags/example_sla_dag.py
[2024-07-27T22:10:39.184+0000] {processor.py:840} INFO - DAG(s) 'example_sla_dag' retrieved from /home/airflow/.local/lib/python3.12/site-packages/airflow/example_dags/example_sla_dag.py
[2024-07-27T22:10:39.271+0000] {logging_mixin.py:188} INFO - [2024-07-27T22:10:39.270+0000] {dag.py:3089} INFO - Sync 1 DAGs
[2024-07-27T22:10:39.345+0000] {logging_mixin.py:188} INFO - [2024-07-27T22:10:39.344+0000] {dag.py:3947} INFO - Setting next_dagrun for example_sla_dag to 2024-07-27 22:08:00+00:00, run_after=2024-07-27 22:10:00+00:00
[2024-07-27T22:10:39.390+0000] {processor.py:183} INFO - Processing /home/airflow/.local/lib/python3.12/site-packages/airflow/example_dags/example_sla_dag.py took 0.290 seconds
[2024-07-27T22:11:09.575+0000] {processor.py:161} INFO - Started process (PID=469) to work on /home/airflow/.local/lib/python3.12/site-packages/airflow/example_dags/example_sla_dag.py
[2024-07-27T22:11:09.579+0000] {processor.py:830} INFO - Processing file /home/airflow/.local/lib/python3.12/site-packages/airflow/example_dags/example_sla_dag.py for tasks to queue
[2024-07-27T22:11:09.590+0000] {logging_mixin.py:188} INFO - [2024-07-27T22:11:09.589+0000] {dagbag.py:545} INFO - Filling up the DagBag from /home/airflow/.local/lib/python3.12/site-packages/airflow/example_dags/example_sla_dag.py
[2024-07-27T22:11:09.633+0000] {processor.py:840} INFO - DAG(s) 'example_sla_dag' retrieved from /home/airflow/.local/lib/python3.12/site-packages/airflow/example_dags/example_sla_dag.py
[2024-07-27T22:11:09.759+0000] {logging_mixin.py:188} INFO - [2024-07-27T22:11:09.758+0000] {dag.py:3089} INFO - Sync 1 DAGs
[2024-07-27T22:11:09.941+0000] {logging_mixin.py:188} INFO - [2024-07-27T22:11:09.940+0000] {dag.py:3947} INFO - Setting next_dagrun for example_sla_dag to 2024-07-27 22:08:00+00:00, run_after=2024-07-27 22:10:00+00:00
[2024-07-27T22:11:10.090+0000] {processor.py:183} INFO - Processing /home/airflow/.local/lib/python3.12/site-packages/airflow/example_dags/example_sla_dag.py took 0.562 seconds
[2024-07-27T22:11:40.544+0000] {processor.py:161} INFO - Started process (PID=527) to work on /home/airflow/.local/lib/python3.12/site-packages/airflow/example_dags/example_sla_dag.py
[2024-07-27T22:11:40.549+0000] {processor.py:830} INFO - Processing file /home/airflow/.local/lib/python3.12/site-packages/airflow/example_dags/example_sla_dag.py for tasks to queue
[2024-07-27T22:11:40.563+0000] {logging_mixin.py:188} INFO - [2024-07-27T22:11:40.561+0000] {dagbag.py:545} INFO - Filling up the DagBag from /home/airflow/.local/lib/python3.12/site-packages/airflow/example_dags/example_sla_dag.py
[2024-07-27T22:11:40.624+0000] {processor.py:840} INFO - DAG(s) 'example_sla_dag' retrieved from /home/airflow/.local/lib/python3.12/site-packages/airflow/example_dags/example_sla_dag.py
[2024-07-27T22:11:40.775+0000] {logging_mixin.py:188} INFO - [2024-07-27T22:11:40.773+0000] {dag.py:3089} INFO - Sync 1 DAGs
[2024-07-27T22:11:40.956+0000] {logging_mixin.py:188} INFO - [2024-07-27T22:11:40.955+0000] {dag.py:3947} INFO - Setting next_dagrun for example_sla_dag to 2024-07-27 22:08:00+00:00, run_after=2024-07-27 22:10:00+00:00
[2024-07-27T22:11:41.097+0000] {processor.py:183} INFO - Processing /home/airflow/.local/lib/python3.12/site-packages/airflow/example_dags/example_sla_dag.py took 0.604 seconds
[2024-07-27T22:12:11.279+0000] {processor.py:161} INFO - Started process (PID=585) to work on /home/airflow/.local/lib/python3.12/site-packages/airflow/example_dags/example_sla_dag.py
[2024-07-27T22:12:11.282+0000] {processor.py:830} INFO - Processing file /home/airflow/.local/lib/python3.12/site-packages/airflow/example_dags/example_sla_dag.py for tasks to queue
[2024-07-27T22:12:11.287+0000] {logging_mixin.py:188} INFO - [2024-07-27T22:12:11.286+0000] {dagbag.py:545} INFO - Filling up the DagBag from /home/airflow/.local/lib/python3.12/site-packages/airflow/example_dags/example_sla_dag.py
[2024-07-27T22:12:11.316+0000] {processor.py:840} INFO - DAG(s) 'example_sla_dag' retrieved from /home/airflow/.local/lib/python3.12/site-packages/airflow/example_dags/example_sla_dag.py
[2024-07-27T22:12:11.378+0000] {logging_mixin.py:188} INFO - [2024-07-27T22:12:11.377+0000] {dag.py:3089} INFO - Sync 1 DAGs
[2024-07-27T22:12:11.466+0000] {logging_mixin.py:188} INFO - [2024-07-27T22:12:11.465+0000] {dag.py:3947} INFO - Setting next_dagrun for example_sla_dag to 2024-07-27 22:10:00+00:00, run_after=2024-07-27 22:12:00+00:00
[2024-07-27T22:12:11.527+0000] {processor.py:183} INFO - Processing /home/airflow/.local/lib/python3.12/site-packages/airflow/example_dags/example_sla_dag.py took 0.268 seconds
[2024-07-27T22:12:41.823+0000] {processor.py:161} INFO - Started process (PID=643) to work on /home/airflow/.local/lib/python3.12/site-packages/airflow/example_dags/example_sla_dag.py
[2024-07-27T22:12:41.825+0000] {processor.py:830} INFO - Processing file /home/airflow/.local/lib/python3.12/site-packages/airflow/example_dags/example_sla_dag.py for tasks to queue
[2024-07-27T22:12:41.831+0000] {logging_mixin.py:188} INFO - [2024-07-27T22:12:41.829+0000] {dagbag.py:545} INFO - Filling up the DagBag from /home/airflow/.local/lib/python3.12/site-packages/airflow/example_dags/example_sla_dag.py
[2024-07-27T22:12:41.860+0000] {processor.py:840} INFO - DAG(s) 'example_sla_dag' retrieved from /home/airflow/.local/lib/python3.12/site-packages/airflow/example_dags/example_sla_dag.py
[2024-07-27T22:12:41.911+0000] {logging_mixin.py:188} INFO - [2024-07-27T22:12:41.911+0000] {dag.py:3089} INFO - Sync 1 DAGs
[2024-07-27T22:12:41.942+0000] {logging_mixin.py:188} INFO - [2024-07-27T22:12:41.942+0000] {dag.py:3947} INFO - Setting next_dagrun for example_sla_dag to 2024-07-27 22:10:00+00:00, run_after=2024-07-27 22:12:00+00:00
[2024-07-27T22:12:41.958+0000] {processor.py:183} INFO - Processing /home/airflow/.local/lib/python3.12/site-packages/airflow/example_dags/example_sla_dag.py took 0.159 seconds
[2024-07-27T22:13:12.520+0000] {processor.py:161} INFO - Started process (PID=701) to work on /home/airflow/.local/lib/python3.12/site-packages/airflow/example_dags/example_sla_dag.py
[2024-07-27T22:13:12.525+0000] {processor.py:830} INFO - Processing file /home/airflow/.local/lib/python3.12/site-packages/airflow/example_dags/example_sla_dag.py for tasks to queue
[2024-07-27T22:13:12.535+0000] {logging_mixin.py:188} INFO - [2024-07-27T22:13:12.532+0000] {dagbag.py:545} INFO - Filling up the DagBag from /home/airflow/.local/lib/python3.12/site-packages/airflow/example_dags/example_sla_dag.py
[2024-07-27T22:13:12.587+0000] {processor.py:840} INFO - DAG(s) 'example_sla_dag' retrieved from /home/airflow/.local/lib/python3.12/site-packages/airflow/example_dags/example_sla_dag.py
[2024-07-27T22:13:12.659+0000] {logging_mixin.py:188} INFO - [2024-07-27T22:13:12.658+0000] {dag.py:3089} INFO - Sync 1 DAGs
[2024-07-27T22:13:12.700+0000] {logging_mixin.py:188} INFO - [2024-07-27T22:13:12.700+0000] {dag.py:3947} INFO - Setting next_dagrun for example_sla_dag to 2024-07-27 22:10:00+00:00, run_after=2024-07-27 22:12:00+00:00
[2024-07-27T22:13:12.727+0000] {processor.py:183} INFO - Processing /home/airflow/.local/lib/python3.12/site-packages/airflow/example_dags/example_sla_dag.py took 0.242 seconds
