[2024-07-27T22:07:38.608+0000] {processor.py:161} INFO - Started process (PID=82) to work on /home/airflow/.local/lib/python3.12/site-packages/airflow/example_dags/example_setup_teardown.py
[2024-07-27T22:07:38.609+0000] {processor.py:830} INFO - Processing file /home/airflow/.local/lib/python3.12/site-packages/airflow/example_dags/example_setup_teardown.py for tasks to queue
[2024-07-27T22:07:38.612+0000] {logging_mixin.py:188} INFO - [2024-07-27T22:07:38.611+0000] {dagbag.py:545} INFO - Filling up the DagBag from /home/airflow/.local/lib/python3.12/site-packages/airflow/example_dags/example_setup_teardown.py
[2024-07-27T22:07:38.625+0000] {processor.py:840} INFO - DAG(s) 'example_setup_teardown' retrieved from /home/airflow/.local/lib/python3.12/site-packages/airflow/example_dags/example_setup_teardown.py
[2024-07-27T22:07:38.793+0000] {logging_mixin.py:188} INFO - [2024-07-27T22:07:38.793+0000] {dag.py:3089} INFO - Sync 1 DAGs
[2024-07-27T22:07:38.825+0000] {logging_mixin.py:188} INFO - [2024-07-27T22:07:38.825+0000] {dag.py:3947} INFO - Setting next_dagrun for example_setup_teardown to 2024-07-26 00:00:00+00:00, run_after=2024-07-27 00:00:00+00:00
[2024-07-27T22:07:38.854+0000] {processor.py:183} INFO - Processing /home/airflow/.local/lib/python3.12/site-packages/airflow/example_dags/example_setup_teardown.py took 0.254 seconds
[2024-07-27T22:08:09.275+0000] {processor.py:161} INFO - Started process (PID=140) to work on /home/airflow/.local/lib/python3.12/site-packages/airflow/example_dags/example_setup_teardown.py
[2024-07-27T22:08:09.276+0000] {processor.py:830} INFO - Processing file /home/airflow/.local/lib/python3.12/site-packages/airflow/example_dags/example_setup_teardown.py for tasks to queue
[2024-07-27T22:08:09.279+0000] {logging_mixin.py:188} INFO - [2024-07-27T22:08:09.278+0000] {dagbag.py:545} INFO - Filling up the DagBag from /home/airflow/.local/lib/python3.12/site-packages/airflow/example_dags/example_setup_teardown.py
[2024-07-27T22:08:09.290+0000] {processor.py:840} INFO - DAG(s) 'example_setup_teardown' retrieved from /home/airflow/.local/lib/python3.12/site-packages/airflow/example_dags/example_setup_teardown.py
[2024-07-27T22:08:09.320+0000] {logging_mixin.py:188} INFO - [2024-07-27T22:08:09.319+0000] {dag.py:3089} INFO - Sync 1 DAGs
[2024-07-27T22:08:09.359+0000] {logging_mixin.py:188} INFO - [2024-07-27T22:08:09.359+0000] {dag.py:3947} INFO - Setting next_dagrun for example_setup_teardown to 2024-07-26 00:00:00+00:00, run_after=2024-07-27 00:00:00+00:00
[2024-07-27T22:08:09.385+0000] {processor.py:183} INFO - Processing /home/airflow/.local/lib/python3.12/site-packages/airflow/example_dags/example_setup_teardown.py took 0.119 seconds
[2024-07-27T22:08:40.673+0000] {processor.py:161} INFO - Started process (PID=198) to work on /home/airflow/.local/lib/python3.12/site-packages/airflow/example_dags/example_setup_teardown.py
[2024-07-27T22:08:40.676+0000] {processor.py:830} INFO - Processing file /home/airflow/.local/lib/python3.12/site-packages/airflow/example_dags/example_setup_teardown.py for tasks to queue
[2024-07-27T22:08:40.681+0000] {logging_mixin.py:188} INFO - [2024-07-27T22:08:40.680+0000] {dagbag.py:545} INFO - Filling up the DagBag from /home/airflow/.local/lib/python3.12/site-packages/airflow/example_dags/example_setup_teardown.py
[2024-07-27T22:08:40.703+0000] {processor.py:840} INFO - DAG(s) 'example_setup_teardown' retrieved from /home/airflow/.local/lib/python3.12/site-packages/airflow/example_dags/example_setup_teardown.py
[2024-07-27T22:08:40.772+0000] {logging_mixin.py:188} INFO - [2024-07-27T22:08:40.771+0000] {dag.py:3089} INFO - Sync 1 DAGs
[2024-07-27T22:08:40.860+0000] {logging_mixin.py:188} INFO - [2024-07-27T22:08:40.860+0000] {dag.py:3947} INFO - Setting next_dagrun for example_setup_teardown to 2024-07-26 00:00:00+00:00, run_after=2024-07-27 00:00:00+00:00
[2024-07-27T22:08:40.929+0000] {processor.py:183} INFO - Processing /home/airflow/.local/lib/python3.12/site-packages/airflow/example_dags/example_setup_teardown.py took 0.276 seconds
[2024-07-27T22:09:11.050+0000] {processor.py:161} INFO - Started process (PID=256) to work on /home/airflow/.local/lib/python3.12/site-packages/airflow/example_dags/example_setup_teardown.py
[2024-07-27T22:09:11.051+0000] {processor.py:830} INFO - Processing file /home/airflow/.local/lib/python3.12/site-packages/airflow/example_dags/example_setup_teardown.py for tasks to queue
[2024-07-27T22:09:11.053+0000] {logging_mixin.py:188} INFO - [2024-07-27T22:09:11.052+0000] {dagbag.py:545} INFO - Filling up the DagBag from /home/airflow/.local/lib/python3.12/site-packages/airflow/example_dags/example_setup_teardown.py
[2024-07-27T22:09:11.060+0000] {processor.py:840} INFO - DAG(s) 'example_setup_teardown' retrieved from /home/airflow/.local/lib/python3.12/site-packages/airflow/example_dags/example_setup_teardown.py
[2024-07-27T22:09:11.084+0000] {logging_mixin.py:188} INFO - [2024-07-27T22:09:11.084+0000] {dag.py:3089} INFO - Sync 1 DAGs
[2024-07-27T22:09:11.109+0000] {logging_mixin.py:188} INFO - [2024-07-27T22:09:11.108+0000] {dag.py:3947} INFO - Setting next_dagrun for example_setup_teardown to 2024-07-26 00:00:00+00:00, run_after=2024-07-27 00:00:00+00:00
[2024-07-27T22:09:11.128+0000] {processor.py:183} INFO - Processing /home/airflow/.local/lib/python3.12/site-packages/airflow/example_dags/example_setup_teardown.py took 0.088 seconds
[2024-07-27T22:09:42.671+0000] {processor.py:161} INFO - Started process (PID=314) to work on /home/airflow/.local/lib/python3.12/site-packages/airflow/example_dags/example_setup_teardown.py
[2024-07-27T22:09:42.672+0000] {processor.py:830} INFO - Processing file /home/airflow/.local/lib/python3.12/site-packages/airflow/example_dags/example_setup_teardown.py for tasks to queue
[2024-07-27T22:09:42.679+0000] {logging_mixin.py:188} INFO - [2024-07-27T22:09:42.677+0000] {dagbag.py:545} INFO - Filling up the DagBag from /home/airflow/.local/lib/python3.12/site-packages/airflow/example_dags/example_setup_teardown.py
[2024-07-27T22:09:42.704+0000] {processor.py:840} INFO - DAG(s) 'example_setup_teardown' retrieved from /home/airflow/.local/lib/python3.12/site-packages/airflow/example_dags/example_setup_teardown.py
[2024-07-27T22:09:42.793+0000] {logging_mixin.py:188} INFO - [2024-07-27T22:09:42.792+0000] {dag.py:3089} INFO - Sync 1 DAGs
[2024-07-27T22:09:42.876+0000] {logging_mixin.py:188} INFO - [2024-07-27T22:09:42.875+0000] {dag.py:3947} INFO - Setting next_dagrun for example_setup_teardown to 2024-07-26 00:00:00+00:00, run_after=2024-07-27 00:00:00+00:00
[2024-07-27T22:09:42.928+0000] {processor.py:183} INFO - Processing /home/airflow/.local/lib/python3.12/site-packages/airflow/example_dags/example_setup_teardown.py took 0.268 seconds
[2024-07-27T22:10:13.110+0000] {processor.py:161} INFO - Started process (PID=372) to work on /home/airflow/.local/lib/python3.12/site-packages/airflow/example_dags/example_setup_teardown.py
[2024-07-27T22:10:13.113+0000] {processor.py:830} INFO - Processing file /home/airflow/.local/lib/python3.12/site-packages/airflow/example_dags/example_setup_teardown.py for tasks to queue
[2024-07-27T22:10:13.118+0000] {logging_mixin.py:188} INFO - [2024-07-27T22:10:13.117+0000] {dagbag.py:545} INFO - Filling up the DagBag from /home/airflow/.local/lib/python3.12/site-packages/airflow/example_dags/example_setup_teardown.py
[2024-07-27T22:10:13.143+0000] {processor.py:840} INFO - DAG(s) 'example_setup_teardown' retrieved from /home/airflow/.local/lib/python3.12/site-packages/airflow/example_dags/example_setup_teardown.py
[2024-07-27T22:10:13.213+0000] {logging_mixin.py:188} INFO - [2024-07-27T22:10:13.212+0000] {dag.py:3089} INFO - Sync 1 DAGs
[2024-07-27T22:10:13.297+0000] {logging_mixin.py:188} INFO - [2024-07-27T22:10:13.297+0000] {dag.py:3947} INFO - Setting next_dagrun for example_setup_teardown to 2024-07-26 00:00:00+00:00, run_after=2024-07-27 00:00:00+00:00
[2024-07-27T22:10:13.369+0000] {processor.py:183} INFO - Processing /home/airflow/.local/lib/python3.12/site-packages/airflow/example_dags/example_setup_teardown.py took 0.279 seconds
[2024-07-27T22:10:43.956+0000] {processor.py:161} INFO - Started process (PID=430) to work on /home/airflow/.local/lib/python3.12/site-packages/airflow/example_dags/example_setup_teardown.py
[2024-07-27T22:10:43.960+0000] {processor.py:830} INFO - Processing file /home/airflow/.local/lib/python3.12/site-packages/airflow/example_dags/example_setup_teardown.py for tasks to queue
[2024-07-27T22:10:43.972+0000] {logging_mixin.py:188} INFO - [2024-07-27T22:10:43.970+0000] {dagbag.py:545} INFO - Filling up the DagBag from /home/airflow/.local/lib/python3.12/site-packages/airflow/example_dags/example_setup_teardown.py
[2024-07-27T22:10:44.008+0000] {processor.py:840} INFO - DAG(s) 'example_setup_teardown' retrieved from /home/airflow/.local/lib/python3.12/site-packages/airflow/example_dags/example_setup_teardown.py
[2024-07-27T22:10:44.112+0000] {logging_mixin.py:188} INFO - [2024-07-27T22:10:44.111+0000] {dag.py:3089} INFO - Sync 1 DAGs
[2024-07-27T22:10:44.192+0000] {logging_mixin.py:188} INFO - [2024-07-27T22:10:44.192+0000] {dag.py:3947} INFO - Setting next_dagrun for example_setup_teardown to 2024-07-26 00:00:00+00:00, run_after=2024-07-27 00:00:00+00:00
[2024-07-27T22:10:44.244+0000] {processor.py:183} INFO - Processing /home/airflow/.local/lib/python3.12/site-packages/airflow/example_dags/example_setup_teardown.py took 0.328 seconds
[2024-07-27T22:11:16.991+0000] {processor.py:161} INFO - Started process (PID=488) to work on /home/airflow/.local/lib/python3.12/site-packages/airflow/example_dags/example_setup_teardown.py
[2024-07-27T22:11:16.996+0000] {processor.py:830} INFO - Processing file /home/airflow/.local/lib/python3.12/site-packages/airflow/example_dags/example_setup_teardown.py for tasks to queue
[2024-07-27T22:11:17.009+0000] {logging_mixin.py:188} INFO - [2024-07-27T22:11:17.006+0000] {dagbag.py:545} INFO - Filling up the DagBag from /home/airflow/.local/lib/python3.12/site-packages/airflow/example_dags/example_setup_teardown.py
[2024-07-27T22:11:17.049+0000] {processor.py:840} INFO - DAG(s) 'example_setup_teardown' retrieved from /home/airflow/.local/lib/python3.12/site-packages/airflow/example_dags/example_setup_teardown.py
[2024-07-27T22:11:17.194+0000] {logging_mixin.py:188} INFO - [2024-07-27T22:11:17.192+0000] {dag.py:3089} INFO - Sync 1 DAGs
[2024-07-27T22:11:17.394+0000] {logging_mixin.py:188} INFO - [2024-07-27T22:11:17.392+0000] {dag.py:3947} INFO - Setting next_dagrun for example_setup_teardown to 2024-07-26 00:00:00+00:00, run_after=2024-07-27 00:00:00+00:00
[2024-07-27T22:11:17.572+0000] {processor.py:183} INFO - Processing /home/airflow/.local/lib/python3.12/site-packages/airflow/example_dags/example_setup_teardown.py took 0.621 seconds
[2024-07-27T22:11:48.011+0000] {processor.py:161} INFO - Started process (PID=546) to work on /home/airflow/.local/lib/python3.12/site-packages/airflow/example_dags/example_setup_teardown.py
[2024-07-27T22:11:48.013+0000] {processor.py:830} INFO - Processing file /home/airflow/.local/lib/python3.12/site-packages/airflow/example_dags/example_setup_teardown.py for tasks to queue
[2024-07-27T22:11:48.019+0000] {logging_mixin.py:188} INFO - [2024-07-27T22:11:48.017+0000] {dagbag.py:545} INFO - Filling up the DagBag from /home/airflow/.local/lib/python3.12/site-packages/airflow/example_dags/example_setup_teardown.py
[2024-07-27T22:11:48.040+0000] {processor.py:840} INFO - DAG(s) 'example_setup_teardown' retrieved from /home/airflow/.local/lib/python3.12/site-packages/airflow/example_dags/example_setup_teardown.py
[2024-07-27T22:11:48.108+0000] {logging_mixin.py:188} INFO - [2024-07-27T22:11:48.108+0000] {dag.py:3089} INFO - Sync 1 DAGs
[2024-07-27T22:11:48.188+0000] {logging_mixin.py:188} INFO - [2024-07-27T22:11:48.187+0000] {dag.py:3947} INFO - Setting next_dagrun for example_setup_teardown to 2024-07-26 00:00:00+00:00, run_after=2024-07-27 00:00:00+00:00
[2024-07-27T22:11:48.249+0000] {processor.py:183} INFO - Processing /home/airflow/.local/lib/python3.12/site-packages/airflow/example_dags/example_setup_teardown.py took 0.258 seconds
[2024-07-27T22:12:19.124+0000] {processor.py:161} INFO - Started process (PID=604) to work on /home/airflow/.local/lib/python3.12/site-packages/airflow/example_dags/example_setup_teardown.py
[2024-07-27T22:12:19.125+0000] {processor.py:830} INFO - Processing file /home/airflow/.local/lib/python3.12/site-packages/airflow/example_dags/example_setup_teardown.py for tasks to queue
[2024-07-27T22:12:19.127+0000] {logging_mixin.py:188} INFO - [2024-07-27T22:12:19.126+0000] {dagbag.py:545} INFO - Filling up the DagBag from /home/airflow/.local/lib/python3.12/site-packages/airflow/example_dags/example_setup_teardown.py
[2024-07-27T22:12:19.133+0000] {processor.py:840} INFO - DAG(s) 'example_setup_teardown' retrieved from /home/airflow/.local/lib/python3.12/site-packages/airflow/example_dags/example_setup_teardown.py
[2024-07-27T22:12:19.161+0000] {logging_mixin.py:188} INFO - [2024-07-27T22:12:19.161+0000] {dag.py:3089} INFO - Sync 1 DAGs
[2024-07-27T22:12:19.186+0000] {logging_mixin.py:188} INFO - [2024-07-27T22:12:19.185+0000] {dag.py:3947} INFO - Setting next_dagrun for example_setup_teardown to 2024-07-26 00:00:00+00:00, run_after=2024-07-27 00:00:00+00:00
[2024-07-27T22:12:19.206+0000] {processor.py:183} INFO - Processing /home/airflow/.local/lib/python3.12/site-packages/airflow/example_dags/example_setup_teardown.py took 0.087 seconds
[2024-07-27T22:12:49.650+0000] {processor.py:161} INFO - Started process (PID=662) to work on /home/airflow/.local/lib/python3.12/site-packages/airflow/example_dags/example_setup_teardown.py
[2024-07-27T22:12:49.652+0000] {processor.py:830} INFO - Processing file /home/airflow/.local/lib/python3.12/site-packages/airflow/example_dags/example_setup_teardown.py for tasks to queue
[2024-07-27T22:12:49.658+0000] {logging_mixin.py:188} INFO - [2024-07-27T22:12:49.657+0000] {dagbag.py:545} INFO - Filling up the DagBag from /home/airflow/.local/lib/python3.12/site-packages/airflow/example_dags/example_setup_teardown.py
[2024-07-27T22:12:49.684+0000] {processor.py:840} INFO - DAG(s) 'example_setup_teardown' retrieved from /home/airflow/.local/lib/python3.12/site-packages/airflow/example_dags/example_setup_teardown.py
[2024-07-27T22:12:49.754+0000] {logging_mixin.py:188} INFO - [2024-07-27T22:12:49.753+0000] {dag.py:3089} INFO - Sync 1 DAGs
[2024-07-27T22:12:49.816+0000] {logging_mixin.py:188} INFO - [2024-07-27T22:12:49.816+0000] {dag.py:3947} INFO - Setting next_dagrun for example_setup_teardown to 2024-07-26 00:00:00+00:00, run_after=2024-07-27 00:00:00+00:00
[2024-07-27T22:12:49.839+0000] {processor.py:183} INFO - Processing /home/airflow/.local/lib/python3.12/site-packages/airflow/example_dags/example_setup_teardown.py took 0.212 seconds
[2024-07-27T22:13:20.094+0000] {processor.py:161} INFO - Started process (PID=720) to work on /home/airflow/.local/lib/python3.12/site-packages/airflow/example_dags/example_setup_teardown.py
[2024-07-27T22:13:20.097+0000] {processor.py:830} INFO - Processing file /home/airflow/.local/lib/python3.12/site-packages/airflow/example_dags/example_setup_teardown.py for tasks to queue
[2024-07-27T22:13:20.104+0000] {logging_mixin.py:188} INFO - [2024-07-27T22:13:20.103+0000] {dagbag.py:545} INFO - Filling up the DagBag from /home/airflow/.local/lib/python3.12/site-packages/airflow/example_dags/example_setup_teardown.py
[2024-07-27T22:13:20.132+0000] {processor.py:840} INFO - DAG(s) 'example_setup_teardown' retrieved from /home/airflow/.local/lib/python3.12/site-packages/airflow/example_dags/example_setup_teardown.py
[2024-07-27T22:13:20.221+0000] {logging_mixin.py:188} INFO - [2024-07-27T22:13:20.221+0000] {dag.py:3089} INFO - Sync 1 DAGs
[2024-07-27T22:13:20.336+0000] {logging_mixin.py:188} INFO - [2024-07-27T22:13:20.335+0000] {dag.py:3947} INFO - Setting next_dagrun for example_setup_teardown to 2024-07-26 00:00:00+00:00, run_after=2024-07-27 00:00:00+00:00
[2024-07-27T22:13:20.418+0000] {processor.py:183} INFO - Processing /home/airflow/.local/lib/python3.12/site-packages/airflow/example_dags/example_setup_teardown.py took 0.349 seconds
