[2024-07-27T22:07:39.131+0000] {processor.py:161} INFO - Started process (PID=86) to work on /home/airflow/.local/lib/python3.12/site-packages/airflow/example_dags/example_xcomargs.py
[2024-07-27T22:07:39.132+0000] {processor.py:830} INFO - Processing file /home/airflow/.local/lib/python3.12/site-packages/airflow/example_dags/example_xcomargs.py for tasks to queue
[2024-07-27T22:07:39.134+0000] {logging_mixin.py:188} INFO - [2024-07-27T22:07:39.134+0000] {dagbag.py:545} INFO - Filling up the DagBag from /home/airflow/.local/lib/python3.12/site-packages/airflow/example_dags/example_xcomargs.py
[2024-07-27T22:07:39.147+0000] {processor.py:840} INFO - DAG(s) 'example_xcom_args_with_operators', 'example_xcom_args' retrieved from /home/airflow/.local/lib/python3.12/site-packages/airflow/example_dags/example_xcomargs.py
[2024-07-27T22:07:39.304+0000] {logging_mixin.py:188} INFO - [2024-07-27T22:07:39.303+0000] {dag.py:3089} INFO - Sync 2 DAGs
[2024-07-27T22:07:39.318+0000] {logging_mixin.py:188} INFO - [2024-07-27T22:07:39.318+0000] {dag.py:3947} INFO - Setting next_dagrun for example_xcom_args to None, run_after=None
[2024-07-27T22:07:39.323+0000] {logging_mixin.py:188} INFO - [2024-07-27T22:07:39.322+0000] {dag.py:3947} INFO - Setting next_dagrun for example_xcom_args_with_operators to None, run_after=None
[2024-07-27T22:07:39.369+0000] {processor.py:183} INFO - Processing /home/airflow/.local/lib/python3.12/site-packages/airflow/example_dags/example_xcomargs.py took 0.245 seconds
[2024-07-27T22:08:09.611+0000] {processor.py:161} INFO - Started process (PID=144) to work on /home/airflow/.local/lib/python3.12/site-packages/airflow/example_dags/example_xcomargs.py
[2024-07-27T22:08:09.612+0000] {processor.py:830} INFO - Processing file /home/airflow/.local/lib/python3.12/site-packages/airflow/example_dags/example_xcomargs.py for tasks to queue
[2024-07-27T22:08:09.613+0000] {logging_mixin.py:188} INFO - [2024-07-27T22:08:09.613+0000] {dagbag.py:545} INFO - Filling up the DagBag from /home/airflow/.local/lib/python3.12/site-packages/airflow/example_dags/example_xcomargs.py
[2024-07-27T22:08:09.622+0000] {processor.py:840} INFO - DAG(s) 'example_xcom_args_with_operators', 'example_xcom_args' retrieved from /home/airflow/.local/lib/python3.12/site-packages/airflow/example_dags/example_xcomargs.py
[2024-07-27T22:08:09.647+0000] {logging_mixin.py:188} INFO - [2024-07-27T22:08:09.647+0000] {dag.py:3089} INFO - Sync 2 DAGs
[2024-07-27T22:08:09.665+0000] {logging_mixin.py:188} INFO - [2024-07-27T22:08:09.664+0000] {dag.py:3947} INFO - Setting next_dagrun for example_xcom_args to None, run_after=None
[2024-07-27T22:08:09.670+0000] {logging_mixin.py:188} INFO - [2024-07-27T22:08:09.670+0000] {dag.py:3947} INFO - Setting next_dagrun for example_xcom_args_with_operators to None, run_after=None
[2024-07-27T22:08:09.691+0000] {processor.py:183} INFO - Processing /home/airflow/.local/lib/python3.12/site-packages/airflow/example_dags/example_xcomargs.py took 0.086 seconds
[2024-07-27T22:08:41.273+0000] {processor.py:161} INFO - Started process (PID=202) to work on /home/airflow/.local/lib/python3.12/site-packages/airflow/example_dags/example_xcomargs.py
[2024-07-27T22:08:41.274+0000] {processor.py:830} INFO - Processing file /home/airflow/.local/lib/python3.12/site-packages/airflow/example_dags/example_xcomargs.py for tasks to queue
[2024-07-27T22:08:41.276+0000] {logging_mixin.py:188} INFO - [2024-07-27T22:08:41.276+0000] {dagbag.py:545} INFO - Filling up the DagBag from /home/airflow/.local/lib/python3.12/site-packages/airflow/example_dags/example_xcomargs.py
[2024-07-27T22:08:41.286+0000] {processor.py:840} INFO - DAG(s) 'example_xcom_args_with_operators', 'example_xcom_args' retrieved from /home/airflow/.local/lib/python3.12/site-packages/airflow/example_dags/example_xcomargs.py
[2024-07-27T22:08:41.315+0000] {logging_mixin.py:188} INFO - [2024-07-27T22:08:41.315+0000] {dag.py:3089} INFO - Sync 2 DAGs
[2024-07-27T22:08:41.332+0000] {logging_mixin.py:188} INFO - [2024-07-27T22:08:41.331+0000] {dag.py:3947} INFO - Setting next_dagrun for example_xcom_args to None, run_after=None
[2024-07-27T22:08:41.336+0000] {logging_mixin.py:188} INFO - [2024-07-27T22:08:41.336+0000] {dag.py:3947} INFO - Setting next_dagrun for example_xcom_args_with_operators to None, run_after=None
[2024-07-27T22:08:41.361+0000] {processor.py:183} INFO - Processing /home/airflow/.local/lib/python3.12/site-packages/airflow/example_dags/example_xcomargs.py took 0.094 seconds
[2024-07-27T22:09:12.781+0000] {processor.py:161} INFO - Started process (PID=260) to work on /home/airflow/.local/lib/python3.12/site-packages/airflow/example_dags/example_xcomargs.py
[2024-07-27T22:09:12.784+0000] {processor.py:830} INFO - Processing file /home/airflow/.local/lib/python3.12/site-packages/airflow/example_dags/example_xcomargs.py for tasks to queue
[2024-07-27T22:09:12.789+0000] {logging_mixin.py:188} INFO - [2024-07-27T22:09:12.788+0000] {dagbag.py:545} INFO - Filling up the DagBag from /home/airflow/.local/lib/python3.12/site-packages/airflow/example_dags/example_xcomargs.py
[2024-07-27T22:09:12.817+0000] {processor.py:840} INFO - DAG(s) 'example_xcom_args', 'example_xcom_args_with_operators' retrieved from /home/airflow/.local/lib/python3.12/site-packages/airflow/example_dags/example_xcomargs.py
[2024-07-27T22:09:12.896+0000] {logging_mixin.py:188} INFO - [2024-07-27T22:09:12.895+0000] {dag.py:3089} INFO - Sync 2 DAGs
[2024-07-27T22:09:12.945+0000] {logging_mixin.py:188} INFO - [2024-07-27T22:09:12.944+0000] {dag.py:3947} INFO - Setting next_dagrun for example_xcom_args to None, run_after=None
[2024-07-27T22:09:12.961+0000] {logging_mixin.py:188} INFO - [2024-07-27T22:09:12.960+0000] {dag.py:3947} INFO - Setting next_dagrun for example_xcom_args_with_operators to None, run_after=None
[2024-07-27T22:09:13.027+0000] {processor.py:183} INFO - Processing /home/airflow/.local/lib/python3.12/site-packages/airflow/example_dags/example_xcomargs.py took 0.265 seconds
[2024-07-27T22:09:43.421+0000] {processor.py:161} INFO - Started process (PID=318) to work on /home/airflow/.local/lib/python3.12/site-packages/airflow/example_dags/example_xcomargs.py
[2024-07-27T22:09:43.424+0000] {processor.py:830} INFO - Processing file /home/airflow/.local/lib/python3.12/site-packages/airflow/example_dags/example_xcomargs.py for tasks to queue
[2024-07-27T22:09:43.431+0000] {logging_mixin.py:188} INFO - [2024-07-27T22:09:43.430+0000] {dagbag.py:545} INFO - Filling up the DagBag from /home/airflow/.local/lib/python3.12/site-packages/airflow/example_dags/example_xcomargs.py
[2024-07-27T22:09:43.469+0000] {processor.py:840} INFO - DAG(s) 'example_xcom_args_with_operators', 'example_xcom_args' retrieved from /home/airflow/.local/lib/python3.12/site-packages/airflow/example_dags/example_xcomargs.py
[2024-07-27T22:09:43.587+0000] {logging_mixin.py:188} INFO - [2024-07-27T22:09:43.586+0000] {dag.py:3089} INFO - Sync 2 DAGs
[2024-07-27T22:09:43.621+0000] {logging_mixin.py:188} INFO - [2024-07-27T22:09:43.620+0000] {dag.py:3947} INFO - Setting next_dagrun for example_xcom_args to None, run_after=None
[2024-07-27T22:09:43.630+0000] {logging_mixin.py:188} INFO - [2024-07-27T22:09:43.630+0000] {dag.py:3947} INFO - Setting next_dagrun for example_xcom_args_with_operators to None, run_after=None
[2024-07-27T22:09:43.676+0000] {processor.py:183} INFO - Processing /home/airflow/.local/lib/python3.12/site-packages/airflow/example_dags/example_xcomargs.py took 0.281 seconds
[2024-07-27T22:10:13.887+0000] {processor.py:161} INFO - Started process (PID=376) to work on /home/airflow/.local/lib/python3.12/site-packages/airflow/example_dags/example_xcomargs.py
[2024-07-27T22:10:13.889+0000] {processor.py:830} INFO - Processing file /home/airflow/.local/lib/python3.12/site-packages/airflow/example_dags/example_xcomargs.py for tasks to queue
[2024-07-27T22:10:13.895+0000] {logging_mixin.py:188} INFO - [2024-07-27T22:10:13.894+0000] {dagbag.py:545} INFO - Filling up the DagBag from /home/airflow/.local/lib/python3.12/site-packages/airflow/example_dags/example_xcomargs.py
[2024-07-27T22:10:13.926+0000] {processor.py:840} INFO - DAG(s) 'example_xcom_args', 'example_xcom_args_with_operators' retrieved from /home/airflow/.local/lib/python3.12/site-packages/airflow/example_dags/example_xcomargs.py
[2024-07-27T22:10:14.011+0000] {logging_mixin.py:188} INFO - [2024-07-27T22:10:14.010+0000] {dag.py:3089} INFO - Sync 2 DAGs
[2024-07-27T22:10:14.073+0000] {logging_mixin.py:188} INFO - [2024-07-27T22:10:14.072+0000] {dag.py:3947} INFO - Setting next_dagrun for example_xcom_args to None, run_after=None
[2024-07-27T22:10:14.089+0000] {logging_mixin.py:188} INFO - [2024-07-27T22:10:14.088+0000] {dag.py:3947} INFO - Setting next_dagrun for example_xcom_args_with_operators to None, run_after=None
[2024-07-27T22:10:14.157+0000] {processor.py:183} INFO - Processing /home/airflow/.local/lib/python3.12/site-packages/airflow/example_dags/example_xcomargs.py took 0.289 seconds
[2024-07-27T22:10:44.885+0000] {processor.py:161} INFO - Started process (PID=434) to work on /home/airflow/.local/lib/python3.12/site-packages/airflow/example_dags/example_xcomargs.py
[2024-07-27T22:10:44.891+0000] {processor.py:830} INFO - Processing file /home/airflow/.local/lib/python3.12/site-packages/airflow/example_dags/example_xcomargs.py for tasks to queue
[2024-07-27T22:10:44.908+0000] {logging_mixin.py:188} INFO - [2024-07-27T22:10:44.904+0000] {dagbag.py:545} INFO - Filling up the DagBag from /home/airflow/.local/lib/python3.12/site-packages/airflow/example_dags/example_xcomargs.py
[2024-07-27T22:10:44.983+0000] {processor.py:840} INFO - DAG(s) 'example_xcom_args', 'example_xcom_args_with_operators' retrieved from /home/airflow/.local/lib/python3.12/site-packages/airflow/example_dags/example_xcomargs.py
[2024-07-27T22:10:45.168+0000] {logging_mixin.py:188} INFO - [2024-07-27T22:10:45.167+0000] {dag.py:3089} INFO - Sync 2 DAGs
[2024-07-27T22:10:45.263+0000] {logging_mixin.py:188} INFO - [2024-07-27T22:10:45.262+0000] {dag.py:3947} INFO - Setting next_dagrun for example_xcom_args to None, run_after=None
[2024-07-27T22:10:45.277+0000] {logging_mixin.py:188} INFO - [2024-07-27T22:10:45.277+0000] {dag.py:3947} INFO - Setting next_dagrun for example_xcom_args_with_operators to None, run_after=None
[2024-07-27T22:10:45.315+0000] {processor.py:183} INFO - Processing /home/airflow/.local/lib/python3.12/site-packages/airflow/example_dags/example_xcomargs.py took 0.477 seconds
[2024-07-27T22:11:18.555+0000] {processor.py:161} INFO - Started process (PID=492) to work on /home/airflow/.local/lib/python3.12/site-packages/airflow/example_dags/example_xcomargs.py
[2024-07-27T22:11:18.560+0000] {processor.py:830} INFO - Processing file /home/airflow/.local/lib/python3.12/site-packages/airflow/example_dags/example_xcomargs.py for tasks to queue
[2024-07-27T22:11:18.575+0000] {logging_mixin.py:188} INFO - [2024-07-27T22:11:18.571+0000] {dagbag.py:545} INFO - Filling up the DagBag from /home/airflow/.local/lib/python3.12/site-packages/airflow/example_dags/example_xcomargs.py
[2024-07-27T22:11:18.639+0000] {processor.py:840} INFO - DAG(s) 'example_xcom_args', 'example_xcom_args_with_operators' retrieved from /home/airflow/.local/lib/python3.12/site-packages/airflow/example_dags/example_xcomargs.py
[2024-07-27T22:11:18.833+0000] {logging_mixin.py:188} INFO - [2024-07-27T22:11:18.830+0000] {dag.py:3089} INFO - Sync 2 DAGs
[2024-07-27T22:11:18.942+0000] {logging_mixin.py:188} INFO - [2024-07-27T22:11:18.939+0000] {dag.py:3947} INFO - Setting next_dagrun for example_xcom_args to None, run_after=None
[2024-07-27T22:11:18.970+0000] {logging_mixin.py:188} INFO - [2024-07-27T22:11:18.970+0000] {dag.py:3947} INFO - Setting next_dagrun for example_xcom_args_with_operators to None, run_after=None
[2024-07-27T22:11:19.094+0000] {processor.py:183} INFO - Processing /home/airflow/.local/lib/python3.12/site-packages/airflow/example_dags/example_xcomargs.py took 0.579 seconds
[2024-07-27T22:11:49.756+0000] {processor.py:161} INFO - Started process (PID=550) to work on /home/airflow/.local/lib/python3.12/site-packages/airflow/example_dags/example_xcomargs.py
[2024-07-27T22:11:49.757+0000] {processor.py:830} INFO - Processing file /home/airflow/.local/lib/python3.12/site-packages/airflow/example_dags/example_xcomargs.py for tasks to queue
[2024-07-27T22:11:49.759+0000] {logging_mixin.py:188} INFO - [2024-07-27T22:11:49.758+0000] {dagbag.py:545} INFO - Filling up the DagBag from /home/airflow/.local/lib/python3.12/site-packages/airflow/example_dags/example_xcomargs.py
[2024-07-27T22:11:49.768+0000] {processor.py:840} INFO - DAG(s) 'example_xcom_args_with_operators', 'example_xcom_args' retrieved from /home/airflow/.local/lib/python3.12/site-packages/airflow/example_dags/example_xcomargs.py
[2024-07-27T22:11:49.792+0000] {logging_mixin.py:188} INFO - [2024-07-27T22:11:49.792+0000] {dag.py:3089} INFO - Sync 2 DAGs
[2024-07-27T22:11:49.807+0000] {logging_mixin.py:188} INFO - [2024-07-27T22:11:49.806+0000] {dag.py:3947} INFO - Setting next_dagrun for example_xcom_args to None, run_after=None
[2024-07-27T22:11:49.811+0000] {logging_mixin.py:188} INFO - [2024-07-27T22:11:49.811+0000] {dag.py:3947} INFO - Setting next_dagrun for example_xcom_args_with_operators to None, run_after=None
[2024-07-27T22:11:49.827+0000] {processor.py:183} INFO - Processing /home/airflow/.local/lib/python3.12/site-packages/airflow/example_dags/example_xcomargs.py took 0.076 seconds
[2024-07-27T22:12:20.397+0000] {processor.py:161} INFO - Started process (PID=608) to work on /home/airflow/.local/lib/python3.12/site-packages/airflow/example_dags/example_xcomargs.py
[2024-07-27T22:12:20.399+0000] {processor.py:830} INFO - Processing file /home/airflow/.local/lib/python3.12/site-packages/airflow/example_dags/example_xcomargs.py for tasks to queue
[2024-07-27T22:12:20.404+0000] {logging_mixin.py:188} INFO - [2024-07-27T22:12:20.403+0000] {dagbag.py:545} INFO - Filling up the DagBag from /home/airflow/.local/lib/python3.12/site-packages/airflow/example_dags/example_xcomargs.py
[2024-07-27T22:12:20.433+0000] {processor.py:840} INFO - DAG(s) 'example_xcom_args', 'example_xcom_args_with_operators' retrieved from /home/airflow/.local/lib/python3.12/site-packages/airflow/example_dags/example_xcomargs.py
[2024-07-27T22:12:20.516+0000] {logging_mixin.py:188} INFO - [2024-07-27T22:12:20.515+0000] {dag.py:3089} INFO - Sync 2 DAGs
[2024-07-27T22:12:20.564+0000] {logging_mixin.py:188} INFO - [2024-07-27T22:12:20.563+0000] {dag.py:3947} INFO - Setting next_dagrun for example_xcom_args to None, run_after=None
[2024-07-27T22:12:20.577+0000] {logging_mixin.py:188} INFO - [2024-07-27T22:12:20.577+0000] {dag.py:3947} INFO - Setting next_dagrun for example_xcom_args_with_operators to None, run_after=None
[2024-07-27T22:12:20.632+0000] {processor.py:183} INFO - Processing /home/airflow/.local/lib/python3.12/site-packages/airflow/example_dags/example_xcomargs.py took 0.255 seconds
[2024-07-27T22:12:50.983+0000] {processor.py:161} INFO - Started process (PID=666) to work on /home/airflow/.local/lib/python3.12/site-packages/airflow/example_dags/example_xcomargs.py
[2024-07-27T22:12:50.983+0000] {processor.py:830} INFO - Processing file /home/airflow/.local/lib/python3.12/site-packages/airflow/example_dags/example_xcomargs.py for tasks to queue
[2024-07-27T22:12:50.985+0000] {logging_mixin.py:188} INFO - [2024-07-27T22:12:50.985+0000] {dagbag.py:545} INFO - Filling up the DagBag from /home/airflow/.local/lib/python3.12/site-packages/airflow/example_dags/example_xcomargs.py
[2024-07-27T22:12:50.994+0000] {processor.py:840} INFO - DAG(s) 'example_xcom_args_with_operators', 'example_xcom_args' retrieved from /home/airflow/.local/lib/python3.12/site-packages/airflow/example_dags/example_xcomargs.py
[2024-07-27T22:12:51.019+0000] {logging_mixin.py:188} INFO - [2024-07-27T22:12:51.019+0000] {dag.py:3089} INFO - Sync 2 DAGs
[2024-07-27T22:12:51.036+0000] {logging_mixin.py:188} INFO - [2024-07-27T22:12:51.036+0000] {dag.py:3947} INFO - Setting next_dagrun for example_xcom_args to None, run_after=None
[2024-07-27T22:12:51.041+0000] {logging_mixin.py:188} INFO - [2024-07-27T22:12:51.040+0000] {dag.py:3947} INFO - Setting next_dagrun for example_xcom_args_with_operators to None, run_after=None
[2024-07-27T22:12:51.059+0000] {processor.py:183} INFO - Processing /home/airflow/.local/lib/python3.12/site-packages/airflow/example_dags/example_xcomargs.py took 0.083 seconds
[2024-07-27T22:13:21.885+0000] {processor.py:161} INFO - Started process (PID=724) to work on /home/airflow/.local/lib/python3.12/site-packages/airflow/example_dags/example_xcomargs.py
[2024-07-27T22:13:21.888+0000] {processor.py:830} INFO - Processing file /home/airflow/.local/lib/python3.12/site-packages/airflow/example_dags/example_xcomargs.py for tasks to queue
[2024-07-27T22:13:21.898+0000] {logging_mixin.py:188} INFO - [2024-07-27T22:13:21.896+0000] {dagbag.py:545} INFO - Filling up the DagBag from /home/airflow/.local/lib/python3.12/site-packages/airflow/example_dags/example_xcomargs.py
[2024-07-27T22:13:21.941+0000] {processor.py:840} INFO - DAG(s) 'example_xcom_args', 'example_xcom_args_with_operators' retrieved from /home/airflow/.local/lib/python3.12/site-packages/airflow/example_dags/example_xcomargs.py
[2024-07-27T22:13:22.059+0000] {logging_mixin.py:188} INFO - [2024-07-27T22:13:22.057+0000] {dag.py:3089} INFO - Sync 2 DAGs
[2024-07-27T22:13:22.114+0000] {logging_mixin.py:188} INFO - [2024-07-27T22:13:22.114+0000] {dag.py:3947} INFO - Setting next_dagrun for example_xcom_args to None, run_after=None
[2024-07-27T22:13:22.130+0000] {logging_mixin.py:188} INFO - [2024-07-27T22:13:22.129+0000] {dag.py:3947} INFO - Setting next_dagrun for example_xcom_args_with_operators to None, run_after=None
[2024-07-27T22:13:22.178+0000] {processor.py:183} INFO - Processing /home/airflow/.local/lib/python3.12/site-packages/airflow/example_dags/example_xcomargs.py took 0.323 seconds
