[2024-07-27T22:07:41.506+0000] {processor.py:161} INFO - Started process (PID=99) to work on /home/airflow/.local/lib/python3.12/site-packages/airflow/example_dags/example_short_circuit_decorator.py
[2024-07-27T22:07:41.507+0000] {processor.py:830} INFO - Processing file /home/airflow/.local/lib/python3.12/site-packages/airflow/example_dags/example_short_circuit_decorator.py for tasks to queue
[2024-07-27T22:07:41.510+0000] {logging_mixin.py:188} INFO - [2024-07-27T22:07:41.510+0000] {dagbag.py:545} INFO - Filling up the DagBag from /home/airflow/.local/lib/python3.12/site-packages/airflow/example_dags/example_short_circuit_decorator.py
[2024-07-27T22:07:41.531+0000] {processor.py:840} INFO - DAG(s) 'example_short_circuit_decorator' retrieved from /home/airflow/.local/lib/python3.12/site-packages/airflow/example_dags/example_short_circuit_decorator.py
[2024-07-27T22:07:41.853+0000] {logging_mixin.py:188} INFO - [2024-07-27T22:07:41.853+0000] {dag.py:3089} INFO - Sync 1 DAGs
[2024-07-27T22:07:41.876+0000] {logging_mixin.py:188} INFO - [2024-07-27T22:07:41.876+0000] {dag.py:3947} INFO - Setting next_dagrun for example_short_circuit_decorator to 2024-07-26 00:00:00+00:00, run_after=2024-07-27 00:00:00+00:00
[2024-07-27T22:07:41.896+0000] {processor.py:183} INFO - Processing /home/airflow/.local/lib/python3.12/site-packages/airflow/example_dags/example_short_circuit_decorator.py took 0.402 seconds
[2024-07-27T22:08:12.112+0000] {processor.py:161} INFO - Started process (PID=157) to work on /home/airflow/.local/lib/python3.12/site-packages/airflow/example_dags/example_short_circuit_decorator.py
[2024-07-27T22:08:12.113+0000] {processor.py:830} INFO - Processing file /home/airflow/.local/lib/python3.12/site-packages/airflow/example_dags/example_short_circuit_decorator.py for tasks to queue
[2024-07-27T22:08:12.115+0000] {logging_mixin.py:188} INFO - [2024-07-27T22:08:12.115+0000] {dagbag.py:545} INFO - Filling up the DagBag from /home/airflow/.local/lib/python3.12/site-packages/airflow/example_dags/example_short_circuit_decorator.py
[2024-07-27T22:08:12.125+0000] {processor.py:840} INFO - DAG(s) 'example_short_circuit_decorator' retrieved from /home/airflow/.local/lib/python3.12/site-packages/airflow/example_dags/example_short_circuit_decorator.py
[2024-07-27T22:08:12.152+0000] {logging_mixin.py:188} INFO - [2024-07-27T22:08:12.152+0000] {dag.py:3089} INFO - Sync 1 DAGs
[2024-07-27T22:08:12.177+0000] {logging_mixin.py:188} INFO - [2024-07-27T22:08:12.176+0000] {dag.py:3947} INFO - Setting next_dagrun for example_short_circuit_decorator to 2024-07-26 00:00:00+00:00, run_after=2024-07-27 00:00:00+00:00
[2024-07-27T22:08:12.196+0000] {processor.py:183} INFO - Processing /home/airflow/.local/lib/python3.12/site-packages/airflow/example_dags/example_short_circuit_decorator.py took 0.090 seconds
[2024-07-27T22:08:43.109+0000] {processor.py:161} INFO - Started process (PID=215) to work on /home/airflow/.local/lib/python3.12/site-packages/airflow/example_dags/example_short_circuit_decorator.py
[2024-07-27T22:08:43.110+0000] {processor.py:830} INFO - Processing file /home/airflow/.local/lib/python3.12/site-packages/airflow/example_dags/example_short_circuit_decorator.py for tasks to queue
[2024-07-27T22:08:43.112+0000] {logging_mixin.py:188} INFO - [2024-07-27T22:08:43.111+0000] {dagbag.py:545} INFO - Filling up the DagBag from /home/airflow/.local/lib/python3.12/site-packages/airflow/example_dags/example_short_circuit_decorator.py
[2024-07-27T22:08:43.122+0000] {processor.py:840} INFO - DAG(s) 'example_short_circuit_decorator' retrieved from /home/airflow/.local/lib/python3.12/site-packages/airflow/example_dags/example_short_circuit_decorator.py
[2024-07-27T22:08:43.148+0000] {logging_mixin.py:188} INFO - [2024-07-27T22:08:43.148+0000] {dag.py:3089} INFO - Sync 1 DAGs
[2024-07-27T22:08:43.176+0000] {logging_mixin.py:188} INFO - [2024-07-27T22:08:43.176+0000] {dag.py:3947} INFO - Setting next_dagrun for example_short_circuit_decorator to 2024-07-26 00:00:00+00:00, run_after=2024-07-27 00:00:00+00:00
[2024-07-27T22:08:43.200+0000] {processor.py:183} INFO - Processing /home/airflow/.local/lib/python3.12/site-packages/airflow/example_dags/example_short_circuit_decorator.py took 0.098 seconds
[2024-07-27T22:09:14.932+0000] {processor.py:161} INFO - Started process (PID=273) to work on /home/airflow/.local/lib/python3.12/site-packages/airflow/example_dags/example_short_circuit_decorator.py
[2024-07-27T22:09:14.933+0000] {processor.py:830} INFO - Processing file /home/airflow/.local/lib/python3.12/site-packages/airflow/example_dags/example_short_circuit_decorator.py for tasks to queue
[2024-07-27T22:09:14.936+0000] {logging_mixin.py:188} INFO - [2024-07-27T22:09:14.935+0000] {dagbag.py:545} INFO - Filling up the DagBag from /home/airflow/.local/lib/python3.12/site-packages/airflow/example_dags/example_short_circuit_decorator.py
[2024-07-27T22:09:14.948+0000] {processor.py:840} INFO - DAG(s) 'example_short_circuit_decorator' retrieved from /home/airflow/.local/lib/python3.12/site-packages/airflow/example_dags/example_short_circuit_decorator.py
[2024-07-27T22:09:14.972+0000] {logging_mixin.py:188} INFO - [2024-07-27T22:09:14.972+0000] {dag.py:3089} INFO - Sync 1 DAGs
[2024-07-27T22:09:14.992+0000] {logging_mixin.py:188} INFO - [2024-07-27T22:09:14.992+0000] {dag.py:3947} INFO - Setting next_dagrun for example_short_circuit_decorator to 2024-07-26 00:00:00+00:00, run_after=2024-07-27 00:00:00+00:00
[2024-07-27T22:09:15.009+0000] {processor.py:183} INFO - Processing /home/airflow/.local/lib/python3.12/site-packages/airflow/example_dags/example_short_circuit_decorator.py took 0.090 seconds
[2024-07-27T22:09:46.297+0000] {processor.py:161} INFO - Started process (PID=331) to work on /home/airflow/.local/lib/python3.12/site-packages/airflow/example_dags/example_short_circuit_decorator.py
[2024-07-27T22:09:46.300+0000] {processor.py:830} INFO - Processing file /home/airflow/.local/lib/python3.12/site-packages/airflow/example_dags/example_short_circuit_decorator.py for tasks to queue
[2024-07-27T22:09:46.306+0000] {logging_mixin.py:188} INFO - [2024-07-27T22:09:46.304+0000] {dagbag.py:545} INFO - Filling up the DagBag from /home/airflow/.local/lib/python3.12/site-packages/airflow/example_dags/example_short_circuit_decorator.py
[2024-07-27T22:09:46.345+0000] {processor.py:840} INFO - DAG(s) 'example_short_circuit_decorator' retrieved from /home/airflow/.local/lib/python3.12/site-packages/airflow/example_dags/example_short_circuit_decorator.py
[2024-07-27T22:09:46.438+0000] {logging_mixin.py:188} INFO - [2024-07-27T22:09:46.437+0000] {dag.py:3089} INFO - Sync 1 DAGs
[2024-07-27T22:09:46.529+0000] {logging_mixin.py:188} INFO - [2024-07-27T22:09:46.528+0000] {dag.py:3947} INFO - Setting next_dagrun for example_short_circuit_decorator to 2024-07-26 00:00:00+00:00, run_after=2024-07-27 00:00:00+00:00
[2024-07-27T22:09:46.602+0000] {processor.py:183} INFO - Processing /home/airflow/.local/lib/python3.12/site-packages/airflow/example_dags/example_short_circuit_decorator.py took 0.322 seconds
[2024-07-27T22:10:16.910+0000] {processor.py:161} INFO - Started process (PID=389) to work on /home/airflow/.local/lib/python3.12/site-packages/airflow/example_dags/example_short_circuit_decorator.py
[2024-07-27T22:10:16.911+0000] {processor.py:830} INFO - Processing file /home/airflow/.local/lib/python3.12/site-packages/airflow/example_dags/example_short_circuit_decorator.py for tasks to queue
[2024-07-27T22:10:16.914+0000] {logging_mixin.py:188} INFO - [2024-07-27T22:10:16.913+0000] {dagbag.py:545} INFO - Filling up the DagBag from /home/airflow/.local/lib/python3.12/site-packages/airflow/example_dags/example_short_circuit_decorator.py
[2024-07-27T22:10:16.928+0000] {processor.py:840} INFO - DAG(s) 'example_short_circuit_decorator' retrieved from /home/airflow/.local/lib/python3.12/site-packages/airflow/example_dags/example_short_circuit_decorator.py
[2024-07-27T22:10:16.963+0000] {logging_mixin.py:188} INFO - [2024-07-27T22:10:16.963+0000] {dag.py:3089} INFO - Sync 1 DAGs
[2024-07-27T22:10:17.002+0000] {logging_mixin.py:188} INFO - [2024-07-27T22:10:17.001+0000] {dag.py:3947} INFO - Setting next_dagrun for example_short_circuit_decorator to 2024-07-26 00:00:00+00:00, run_after=2024-07-27 00:00:00+00:00
[2024-07-27T22:10:17.060+0000] {processor.py:183} INFO - Processing /home/airflow/.local/lib/python3.12/site-packages/airflow/example_dags/example_short_circuit_decorator.py took 0.157 seconds
[2024-07-27T22:10:51.181+0000] {processor.py:161} INFO - Started process (PID=447) to work on /home/airflow/.local/lib/python3.12/site-packages/airflow/example_dags/example_short_circuit_decorator.py
[2024-07-27T22:10:51.188+0000] {processor.py:830} INFO - Processing file /home/airflow/.local/lib/python3.12/site-packages/airflow/example_dags/example_short_circuit_decorator.py for tasks to queue
[2024-07-27T22:10:51.204+0000] {logging_mixin.py:188} INFO - [2024-07-27T22:10:51.200+0000] {dagbag.py:545} INFO - Filling up the DagBag from /home/airflow/.local/lib/python3.12/site-packages/airflow/example_dags/example_short_circuit_decorator.py
[2024-07-27T22:10:51.268+0000] {processor.py:840} INFO - DAG(s) 'example_short_circuit_decorator' retrieved from /home/airflow/.local/lib/python3.12/site-packages/airflow/example_dags/example_short_circuit_decorator.py
[2024-07-27T22:10:51.450+0000] {logging_mixin.py:188} INFO - [2024-07-27T22:10:51.448+0000] {dag.py:3089} INFO - Sync 1 DAGs
[2024-07-27T22:10:51.641+0000] {logging_mixin.py:188} INFO - [2024-07-27T22:10:51.638+0000] {dag.py:3947} INFO - Setting next_dagrun for example_short_circuit_decorator to 2024-07-26 00:00:00+00:00, run_after=2024-07-27 00:00:00+00:00
[2024-07-27T22:10:51.786+0000] {processor.py:183} INFO - Processing /home/airflow/.local/lib/python3.12/site-packages/airflow/example_dags/example_short_circuit_decorator.py took 0.650 seconds
[2024-07-27T22:11:25.271+0000] {processor.py:161} INFO - Started process (PID=505) to work on /home/airflow/.local/lib/python3.12/site-packages/airflow/example_dags/example_short_circuit_decorator.py
[2024-07-27T22:11:25.276+0000] {processor.py:830} INFO - Processing file /home/airflow/.local/lib/python3.12/site-packages/airflow/example_dags/example_short_circuit_decorator.py for tasks to queue
[2024-07-27T22:11:25.290+0000] {logging_mixin.py:188} INFO - [2024-07-27T22:11:25.287+0000] {dagbag.py:545} INFO - Filling up the DagBag from /home/airflow/.local/lib/python3.12/site-packages/airflow/example_dags/example_short_circuit_decorator.py
[2024-07-27T22:11:25.365+0000] {processor.py:840} INFO - DAG(s) 'example_short_circuit_decorator' retrieved from /home/airflow/.local/lib/python3.12/site-packages/airflow/example_dags/example_short_circuit_decorator.py
[2024-07-27T22:11:25.551+0000] {logging_mixin.py:188} INFO - [2024-07-27T22:11:25.549+0000] {dag.py:3089} INFO - Sync 1 DAGs
[2024-07-27T22:11:25.775+0000] {logging_mixin.py:188} INFO - [2024-07-27T22:11:25.774+0000] {dag.py:3947} INFO - Setting next_dagrun for example_short_circuit_decorator to 2024-07-26 00:00:00+00:00, run_after=2024-07-27 00:00:00+00:00
[2024-07-27T22:11:25.937+0000] {processor.py:183} INFO - Processing /home/airflow/.local/lib/python3.12/site-packages/airflow/example_dags/example_short_circuit_decorator.py took 0.706 seconds
[2024-07-27T22:11:56.248+0000] {processor.py:161} INFO - Started process (PID=563) to work on /home/airflow/.local/lib/python3.12/site-packages/airflow/example_dags/example_short_circuit_decorator.py
[2024-07-27T22:11:56.249+0000] {processor.py:830} INFO - Processing file /home/airflow/.local/lib/python3.12/site-packages/airflow/example_dags/example_short_circuit_decorator.py for tasks to queue
[2024-07-27T22:11:56.252+0000] {logging_mixin.py:188} INFO - [2024-07-27T22:11:56.252+0000] {dagbag.py:545} INFO - Filling up the DagBag from /home/airflow/.local/lib/python3.12/site-packages/airflow/example_dags/example_short_circuit_decorator.py
[2024-07-27T22:11:56.269+0000] {processor.py:840} INFO - DAG(s) 'example_short_circuit_decorator' retrieved from /home/airflow/.local/lib/python3.12/site-packages/airflow/example_dags/example_short_circuit_decorator.py
[2024-07-27T22:11:56.316+0000] {logging_mixin.py:188} INFO - [2024-07-27T22:11:56.316+0000] {dag.py:3089} INFO - Sync 1 DAGs
[2024-07-27T22:11:56.349+0000] {logging_mixin.py:188} INFO - [2024-07-27T22:11:56.349+0000] {dag.py:3947} INFO - Setting next_dagrun for example_short_circuit_decorator to 2024-07-26 00:00:00+00:00, run_after=2024-07-27 00:00:00+00:00
[2024-07-27T22:11:56.372+0000] {processor.py:183} INFO - Processing /home/airflow/.local/lib/python3.12/site-packages/airflow/example_dags/example_short_circuit_decorator.py took 0.134 seconds
[2024-07-27T22:12:26.837+0000] {processor.py:161} INFO - Started process (PID=621) to work on /home/airflow/.local/lib/python3.12/site-packages/airflow/example_dags/example_short_circuit_decorator.py
[2024-07-27T22:12:26.840+0000] {processor.py:830} INFO - Processing file /home/airflow/.local/lib/python3.12/site-packages/airflow/example_dags/example_short_circuit_decorator.py for tasks to queue
[2024-07-27T22:12:26.845+0000] {logging_mixin.py:188} INFO - [2024-07-27T22:12:26.844+0000] {dagbag.py:545} INFO - Filling up the DagBag from /home/airflow/.local/lib/python3.12/site-packages/airflow/example_dags/example_short_circuit_decorator.py
[2024-07-27T22:12:26.867+0000] {processor.py:840} INFO - DAG(s) 'example_short_circuit_decorator' retrieved from /home/airflow/.local/lib/python3.12/site-packages/airflow/example_dags/example_short_circuit_decorator.py
[2024-07-27T22:12:26.899+0000] {logging_mixin.py:188} INFO - [2024-07-27T22:12:26.898+0000] {dag.py:3089} INFO - Sync 1 DAGs
[2024-07-27T22:12:26.920+0000] {logging_mixin.py:188} INFO - [2024-07-27T22:12:26.920+0000] {dag.py:3947} INFO - Setting next_dagrun for example_short_circuit_decorator to 2024-07-26 00:00:00+00:00, run_after=2024-07-27 00:00:00+00:00
[2024-07-27T22:12:26.939+0000] {processor.py:183} INFO - Processing /home/airflow/.local/lib/python3.12/site-packages/airflow/example_dags/example_short_circuit_decorator.py took 0.121 seconds
[2024-07-27T22:12:56.971+0000] {processor.py:161} INFO - Started process (PID=678) to work on /home/airflow/.local/lib/python3.12/site-packages/airflow/example_dags/example_short_circuit_decorator.py
[2024-07-27T22:12:56.972+0000] {processor.py:830} INFO - Processing file /home/airflow/.local/lib/python3.12/site-packages/airflow/example_dags/example_short_circuit_decorator.py for tasks to queue
[2024-07-27T22:12:56.973+0000] {logging_mixin.py:188} INFO - [2024-07-27T22:12:56.973+0000] {dagbag.py:545} INFO - Filling up the DagBag from /home/airflow/.local/lib/python3.12/site-packages/airflow/example_dags/example_short_circuit_decorator.py
[2024-07-27T22:12:56.984+0000] {processor.py:840} INFO - DAG(s) 'example_short_circuit_decorator' retrieved from /home/airflow/.local/lib/python3.12/site-packages/airflow/example_dags/example_short_circuit_decorator.py
[2024-07-27T22:12:57.012+0000] {logging_mixin.py:188} INFO - [2024-07-27T22:12:57.012+0000] {dag.py:3089} INFO - Sync 1 DAGs
[2024-07-27T22:12:57.037+0000] {logging_mixin.py:188} INFO - [2024-07-27T22:12:57.037+0000] {dag.py:3947} INFO - Setting next_dagrun for example_short_circuit_decorator to 2024-07-26 00:00:00+00:00, run_after=2024-07-27 00:00:00+00:00
[2024-07-27T22:12:57.056+0000] {processor.py:183} INFO - Processing /home/airflow/.local/lib/python3.12/site-packages/airflow/example_dags/example_short_circuit_decorator.py took 0.093 seconds
[2024-07-27T22:13:27.346+0000] {processor.py:161} INFO - Started process (PID=736) to work on /home/airflow/.local/lib/python3.12/site-packages/airflow/example_dags/example_short_circuit_decorator.py
[2024-07-27T22:13:27.349+0000] {processor.py:830} INFO - Processing file /home/airflow/.local/lib/python3.12/site-packages/airflow/example_dags/example_short_circuit_decorator.py for tasks to queue
[2024-07-27T22:13:27.355+0000] {logging_mixin.py:188} INFO - [2024-07-27T22:13:27.353+0000] {dagbag.py:545} INFO - Filling up the DagBag from /home/airflow/.local/lib/python3.12/site-packages/airflow/example_dags/example_short_circuit_decorator.py
[2024-07-27T22:13:27.389+0000] {processor.py:840} INFO - DAG(s) 'example_short_circuit_decorator' retrieved from /home/airflow/.local/lib/python3.12/site-packages/airflow/example_dags/example_short_circuit_decorator.py
[2024-07-27T22:13:27.472+0000] {logging_mixin.py:188} INFO - [2024-07-27T22:13:27.471+0000] {dag.py:3089} INFO - Sync 1 DAGs
[2024-07-27T22:13:27.553+0000] {logging_mixin.py:188} INFO - [2024-07-27T22:13:27.552+0000] {dag.py:3947} INFO - Setting next_dagrun for example_short_circuit_decorator to 2024-07-26 00:00:00+00:00, run_after=2024-07-27 00:00:00+00:00
[2024-07-27T22:13:27.618+0000] {processor.py:183} INFO - Processing /home/airflow/.local/lib/python3.12/site-packages/airflow/example_dags/example_short_circuit_decorator.py took 0.296 seconds
