[2024-07-27T22:07:38.296+0000] {processor.py:161} INFO - Started process (PID=80) to work on /home/airflow/.local/lib/python3.12/site-packages/airflow/example_dags/example_kubernetes_executor.py
[2024-07-27T22:07:38.297+0000] {processor.py:830} INFO - Processing file /home/airflow/.local/lib/python3.12/site-packages/airflow/example_dags/example_kubernetes_executor.py for tasks to queue
[2024-07-27T22:07:38.300+0000] {logging_mixin.py:188} INFO - [2024-07-27T22:07:38.299+0000] {dagbag.py:545} INFO - Filling up the DagBag from /home/airflow/.local/lib/python3.12/site-packages/airflow/example_dags/example_kubernetes_executor.py
[2024-07-27T22:07:38.322+0000] {processor.py:840} INFO - DAG(s) 'example_kubernetes_executor' retrieved from /home/airflow/.local/lib/python3.12/site-packages/airflow/example_dags/example_kubernetes_executor.py
[2024-07-27T22:07:38.524+0000] {logging_mixin.py:188} INFO - [2024-07-27T22:07:38.524+0000] {dag.py:3089} INFO - Sync 1 DAGs
[2024-07-27T22:07:38.542+0000] {logging_mixin.py:188} INFO - [2024-07-27T22:07:38.541+0000] {dag.py:3947} INFO - Setting next_dagrun for example_kubernetes_executor to None, run_after=None
[2024-07-27T22:07:38.573+0000] {processor.py:183} INFO - Processing /home/airflow/.local/lib/python3.12/site-packages/airflow/example_dags/example_kubernetes_executor.py took 0.285 seconds
[2024-07-27T22:08:08.980+0000] {processor.py:161} INFO - Started process (PID=138) to work on /home/airflow/.local/lib/python3.12/site-packages/airflow/example_dags/example_kubernetes_executor.py
[2024-07-27T22:08:08.982+0000] {processor.py:830} INFO - Processing file /home/airflow/.local/lib/python3.12/site-packages/airflow/example_dags/example_kubernetes_executor.py for tasks to queue
[2024-07-27T22:08:08.988+0000] {logging_mixin.py:188} INFO - [2024-07-27T22:08:08.987+0000] {dagbag.py:545} INFO - Filling up the DagBag from /home/airflow/.local/lib/python3.12/site-packages/airflow/example_dags/example_kubernetes_executor.py
[2024-07-27T22:08:09.036+0000] {processor.py:840} INFO - DAG(s) 'example_kubernetes_executor' retrieved from /home/airflow/.local/lib/python3.12/site-packages/airflow/example_dags/example_kubernetes_executor.py
[2024-07-27T22:08:09.193+0000] {logging_mixin.py:188} INFO - [2024-07-27T22:08:09.193+0000] {dag.py:3089} INFO - Sync 1 DAGs
[2024-07-27T22:08:09.215+0000] {logging_mixin.py:188} INFO - [2024-07-27T22:08:09.214+0000] {dag.py:3947} INFO - Setting next_dagrun for example_kubernetes_executor to None, run_after=None
[2024-07-27T22:08:09.239+0000] {processor.py:183} INFO - Processing /home/airflow/.local/lib/python3.12/site-packages/airflow/example_dags/example_kubernetes_executor.py took 0.282 seconds
[2024-07-27T22:08:40.306+0000] {processor.py:161} INFO - Started process (PID=196) to work on /home/airflow/.local/lib/python3.12/site-packages/airflow/example_dags/example_kubernetes_executor.py
[2024-07-27T22:08:40.309+0000] {processor.py:830} INFO - Processing file /home/airflow/.local/lib/python3.12/site-packages/airflow/example_dags/example_kubernetes_executor.py for tasks to queue
[2024-07-27T22:08:40.315+0000] {logging_mixin.py:188} INFO - [2024-07-27T22:08:40.314+0000] {dagbag.py:545} INFO - Filling up the DagBag from /home/airflow/.local/lib/python3.12/site-packages/airflow/example_dags/example_kubernetes_executor.py
[2024-07-27T22:08:40.359+0000] {processor.py:840} INFO - DAG(s) 'example_kubernetes_executor' retrieved from /home/airflow/.local/lib/python3.12/site-packages/airflow/example_dags/example_kubernetes_executor.py
[2024-07-27T22:08:40.490+0000] {logging_mixin.py:188} INFO - [2024-07-27T22:08:40.489+0000] {dag.py:3089} INFO - Sync 1 DAGs
[2024-07-27T22:08:40.535+0000] {logging_mixin.py:188} INFO - [2024-07-27T22:08:40.535+0000] {dag.py:3947} INFO - Setting next_dagrun for example_kubernetes_executor to None, run_after=None
[2024-07-27T22:08:40.599+0000] {processor.py:183} INFO - Processing /home/airflow/.local/lib/python3.12/site-packages/airflow/example_dags/example_kubernetes_executor.py took 0.313 seconds
[2024-07-27T22:09:10.920+0000] {processor.py:161} INFO - Started process (PID=254) to work on /home/airflow/.local/lib/python3.12/site-packages/airflow/example_dags/example_kubernetes_executor.py
[2024-07-27T22:09:10.920+0000] {processor.py:830} INFO - Processing file /home/airflow/.local/lib/python3.12/site-packages/airflow/example_dags/example_kubernetes_executor.py for tasks to queue
[2024-07-27T22:09:10.922+0000] {logging_mixin.py:188} INFO - [2024-07-27T22:09:10.922+0000] {dagbag.py:545} INFO - Filling up the DagBag from /home/airflow/.local/lib/python3.12/site-packages/airflow/example_dags/example_kubernetes_executor.py
[2024-07-27T22:09:10.937+0000] {processor.py:840} INFO - DAG(s) 'example_kubernetes_executor' retrieved from /home/airflow/.local/lib/python3.12/site-packages/airflow/example_dags/example_kubernetes_executor.py
[2024-07-27T22:09:10.979+0000] {logging_mixin.py:188} INFO - [2024-07-27T22:09:10.978+0000] {dag.py:3089} INFO - Sync 1 DAGs
[2024-07-27T22:09:10.994+0000] {logging_mixin.py:188} INFO - [2024-07-27T22:09:10.994+0000] {dag.py:3947} INFO - Setting next_dagrun for example_kubernetes_executor to None, run_after=None
[2024-07-27T22:09:11.016+0000] {processor.py:183} INFO - Processing /home/airflow/.local/lib/python3.12/site-packages/airflow/example_dags/example_kubernetes_executor.py took 0.103 seconds
[2024-07-27T22:09:42.338+0000] {processor.py:161} INFO - Started process (PID=312) to work on /home/airflow/.local/lib/python3.12/site-packages/airflow/example_dags/example_kubernetes_executor.py
[2024-07-27T22:09:42.341+0000] {processor.py:830} INFO - Processing file /home/airflow/.local/lib/python3.12/site-packages/airflow/example_dags/example_kubernetes_executor.py for tasks to queue
[2024-07-27T22:09:42.347+0000] {logging_mixin.py:188} INFO - [2024-07-27T22:09:42.346+0000] {dagbag.py:545} INFO - Filling up the DagBag from /home/airflow/.local/lib/python3.12/site-packages/airflow/example_dags/example_kubernetes_executor.py
[2024-07-27T22:09:42.407+0000] {processor.py:840} INFO - DAG(s) 'example_kubernetes_executor' retrieved from /home/airflow/.local/lib/python3.12/site-packages/airflow/example_dags/example_kubernetes_executor.py
[2024-07-27T22:09:42.521+0000] {logging_mixin.py:188} INFO - [2024-07-27T22:09:42.521+0000] {dag.py:3089} INFO - Sync 1 DAGs
[2024-07-27T22:09:42.570+0000] {logging_mixin.py:188} INFO - [2024-07-27T22:09:42.570+0000] {dag.py:3947} INFO - Setting next_dagrun for example_kubernetes_executor to None, run_after=None
[2024-07-27T22:09:42.621+0000] {processor.py:183} INFO - Processing /home/airflow/.local/lib/python3.12/site-packages/airflow/example_dags/example_kubernetes_executor.py took 0.303 seconds
[2024-07-27T22:10:12.721+0000] {processor.py:161} INFO - Started process (PID=370) to work on /home/airflow/.local/lib/python3.12/site-packages/airflow/example_dags/example_kubernetes_executor.py
[2024-07-27T22:10:12.724+0000] {processor.py:830} INFO - Processing file /home/airflow/.local/lib/python3.12/site-packages/airflow/example_dags/example_kubernetes_executor.py for tasks to queue
[2024-07-27T22:10:12.731+0000] {logging_mixin.py:188} INFO - [2024-07-27T22:10:12.729+0000] {dagbag.py:545} INFO - Filling up the DagBag from /home/airflow/.local/lib/python3.12/site-packages/airflow/example_dags/example_kubernetes_executor.py
[2024-07-27T22:10:12.782+0000] {processor.py:840} INFO - DAG(s) 'example_kubernetes_executor' retrieved from /home/airflow/.local/lib/python3.12/site-packages/airflow/example_dags/example_kubernetes_executor.py
[2024-07-27T22:10:12.925+0000] {logging_mixin.py:188} INFO - [2024-07-27T22:10:12.924+0000] {dag.py:3089} INFO - Sync 1 DAGs
[2024-07-27T22:10:12.971+0000] {logging_mixin.py:188} INFO - [2024-07-27T22:10:12.971+0000] {dag.py:3947} INFO - Setting next_dagrun for example_kubernetes_executor to None, run_after=None
[2024-07-27T22:10:13.034+0000] {processor.py:183} INFO - Processing /home/airflow/.local/lib/python3.12/site-packages/airflow/example_dags/example_kubernetes_executor.py took 0.337 seconds
[2024-07-27T22:10:43.515+0000] {processor.py:161} INFO - Started process (PID=428) to work on /home/airflow/.local/lib/python3.12/site-packages/airflow/example_dags/example_kubernetes_executor.py
[2024-07-27T22:10:43.517+0000] {processor.py:830} INFO - Processing file /home/airflow/.local/lib/python3.12/site-packages/airflow/example_dags/example_kubernetes_executor.py for tasks to queue
[2024-07-27T22:10:43.524+0000] {logging_mixin.py:188} INFO - [2024-07-27T22:10:43.523+0000] {dagbag.py:545} INFO - Filling up the DagBag from /home/airflow/.local/lib/python3.12/site-packages/airflow/example_dags/example_kubernetes_executor.py
[2024-07-27T22:10:43.566+0000] {processor.py:840} INFO - DAG(s) 'example_kubernetes_executor' retrieved from /home/airflow/.local/lib/python3.12/site-packages/airflow/example_dags/example_kubernetes_executor.py
[2024-07-27T22:10:43.730+0000] {logging_mixin.py:188} INFO - [2024-07-27T22:10:43.729+0000] {dag.py:3089} INFO - Sync 1 DAGs
[2024-07-27T22:10:43.778+0000] {logging_mixin.py:188} INFO - [2024-07-27T22:10:43.778+0000] {dag.py:3947} INFO - Setting next_dagrun for example_kubernetes_executor to None, run_after=None
[2024-07-27T22:10:43.838+0000] {processor.py:183} INFO - Processing /home/airflow/.local/lib/python3.12/site-packages/airflow/example_dags/example_kubernetes_executor.py took 0.343 seconds
[2024-07-27T22:11:16.107+0000] {processor.py:161} INFO - Started process (PID=486) to work on /home/airflow/.local/lib/python3.12/site-packages/airflow/example_dags/example_kubernetes_executor.py
[2024-07-27T22:11:16.111+0000] {processor.py:830} INFO - Processing file /home/airflow/.local/lib/python3.12/site-packages/airflow/example_dags/example_kubernetes_executor.py for tasks to queue
[2024-07-27T22:11:16.125+0000] {logging_mixin.py:188} INFO - [2024-07-27T22:11:16.123+0000] {dagbag.py:545} INFO - Filling up the DagBag from /home/airflow/.local/lib/python3.12/site-packages/airflow/example_dags/example_kubernetes_executor.py
[2024-07-27T22:11:16.234+0000] {processor.py:840} INFO - DAG(s) 'example_kubernetes_executor' retrieved from /home/airflow/.local/lib/python3.12/site-packages/airflow/example_dags/example_kubernetes_executor.py
[2024-07-27T22:11:16.523+0000] {logging_mixin.py:188} INFO - [2024-07-27T22:11:16.520+0000] {dag.py:3089} INFO - Sync 1 DAGs
[2024-07-27T22:11:16.631+0000] {logging_mixin.py:188} INFO - [2024-07-27T22:11:16.629+0000] {dag.py:3947} INFO - Setting next_dagrun for example_kubernetes_executor to None, run_after=None
[2024-07-27T22:11:16.819+0000] {processor.py:183} INFO - Processing /home/airflow/.local/lib/python3.12/site-packages/airflow/example_dags/example_kubernetes_executor.py took 0.742 seconds
[2024-07-27T22:11:46.968+0000] {processor.py:161} INFO - Started process (PID=544) to work on /home/airflow/.local/lib/python3.12/site-packages/airflow/example_dags/example_kubernetes_executor.py
[2024-07-27T22:11:46.970+0000] {processor.py:830} INFO - Processing file /home/airflow/.local/lib/python3.12/site-packages/airflow/example_dags/example_kubernetes_executor.py for tasks to queue
[2024-07-27T22:11:46.976+0000] {logging_mixin.py:188} INFO - [2024-07-27T22:11:46.975+0000] {dagbag.py:545} INFO - Filling up the DagBag from /home/airflow/.local/lib/python3.12/site-packages/airflow/example_dags/example_kubernetes_executor.py
[2024-07-27T22:11:47.020+0000] {processor.py:840} INFO - DAG(s) 'example_kubernetes_executor' retrieved from /home/airflow/.local/lib/python3.12/site-packages/airflow/example_dags/example_kubernetes_executor.py
[2024-07-27T22:11:47.150+0000] {logging_mixin.py:188} INFO - [2024-07-27T22:11:47.149+0000] {dag.py:3089} INFO - Sync 1 DAGs
[2024-07-27T22:11:47.196+0000] {logging_mixin.py:188} INFO - [2024-07-27T22:11:47.195+0000] {dag.py:3947} INFO - Setting next_dagrun for example_kubernetes_executor to None, run_after=None
[2024-07-27T22:11:47.256+0000] {processor.py:183} INFO - Processing /home/airflow/.local/lib/python3.12/site-packages/airflow/example_dags/example_kubernetes_executor.py took 0.308 seconds
[2024-07-27T22:12:18.023+0000] {processor.py:161} INFO - Started process (PID=602) to work on /home/airflow/.local/lib/python3.12/site-packages/airflow/example_dags/example_kubernetes_executor.py
[2024-07-27T22:12:18.024+0000] {processor.py:830} INFO - Processing file /home/airflow/.local/lib/python3.12/site-packages/airflow/example_dags/example_kubernetes_executor.py for tasks to queue
[2024-07-27T22:12:18.026+0000] {logging_mixin.py:188} INFO - [2024-07-27T22:12:18.026+0000] {dagbag.py:545} INFO - Filling up the DagBag from /home/airflow/.local/lib/python3.12/site-packages/airflow/example_dags/example_kubernetes_executor.py
[2024-07-27T22:12:18.039+0000] {processor.py:840} INFO - DAG(s) 'example_kubernetes_executor' retrieved from /home/airflow/.local/lib/python3.12/site-packages/airflow/example_dags/example_kubernetes_executor.py
[2024-07-27T22:12:18.074+0000] {logging_mixin.py:188} INFO - [2024-07-27T22:12:18.074+0000] {dag.py:3089} INFO - Sync 1 DAGs
[2024-07-27T22:12:18.085+0000] {logging_mixin.py:188} INFO - [2024-07-27T22:12:18.085+0000] {dag.py:3947} INFO - Setting next_dagrun for example_kubernetes_executor to None, run_after=None
[2024-07-27T22:12:18.103+0000] {processor.py:183} INFO - Processing /home/airflow/.local/lib/python3.12/site-packages/airflow/example_dags/example_kubernetes_executor.py took 0.087 seconds
[2024-07-27T22:12:48.517+0000] {processor.py:161} INFO - Started process (PID=660) to work on /home/airflow/.local/lib/python3.12/site-packages/airflow/example_dags/example_kubernetes_executor.py
[2024-07-27T22:12:48.519+0000] {processor.py:830} INFO - Processing file /home/airflow/.local/lib/python3.12/site-packages/airflow/example_dags/example_kubernetes_executor.py for tasks to queue
[2024-07-27T22:12:48.525+0000] {logging_mixin.py:188} INFO - [2024-07-27T22:12:48.524+0000] {dagbag.py:545} INFO - Filling up the DagBag from /home/airflow/.local/lib/python3.12/site-packages/airflow/example_dags/example_kubernetes_executor.py
[2024-07-27T22:12:48.570+0000] {processor.py:840} INFO - DAG(s) 'example_kubernetes_executor' retrieved from /home/airflow/.local/lib/python3.12/site-packages/airflow/example_dags/example_kubernetes_executor.py
[2024-07-27T22:12:48.702+0000] {logging_mixin.py:188} INFO - [2024-07-27T22:12:48.701+0000] {dag.py:3089} INFO - Sync 1 DAGs
[2024-07-27T22:12:48.748+0000] {logging_mixin.py:188} INFO - [2024-07-27T22:12:48.747+0000] {dag.py:3947} INFO - Setting next_dagrun for example_kubernetes_executor to None, run_after=None
[2024-07-27T22:12:48.808+0000] {processor.py:183} INFO - Processing /home/airflow/.local/lib/python3.12/site-packages/airflow/example_dags/example_kubernetes_executor.py took 0.311 seconds
[2024-07-27T22:13:18.902+0000] {processor.py:161} INFO - Started process (PID=718) to work on /home/airflow/.local/lib/python3.12/site-packages/airflow/example_dags/example_kubernetes_executor.py
[2024-07-27T22:13:18.906+0000] {processor.py:830} INFO - Processing file /home/airflow/.local/lib/python3.12/site-packages/airflow/example_dags/example_kubernetes_executor.py for tasks to queue
[2024-07-27T22:13:18.914+0000] {logging_mixin.py:188} INFO - [2024-07-27T22:13:18.913+0000] {dagbag.py:545} INFO - Filling up the DagBag from /home/airflow/.local/lib/python3.12/site-packages/airflow/example_dags/example_kubernetes_executor.py
[2024-07-27T22:13:18.976+0000] {processor.py:840} INFO - DAG(s) 'example_kubernetes_executor' retrieved from /home/airflow/.local/lib/python3.12/site-packages/airflow/example_dags/example_kubernetes_executor.py
[2024-07-27T22:13:19.116+0000] {logging_mixin.py:188} INFO - [2024-07-27T22:13:19.115+0000] {dag.py:3089} INFO - Sync 1 DAGs
[2024-07-27T22:13:19.163+0000] {logging_mixin.py:188} INFO - [2024-07-27T22:13:19.162+0000] {dag.py:3947} INFO - Setting next_dagrun for example_kubernetes_executor to None, run_after=None
[2024-07-27T22:13:19.223+0000] {processor.py:183} INFO - Processing /home/airflow/.local/lib/python3.12/site-packages/airflow/example_dags/example_kubernetes_executor.py took 0.343 seconds
