[2024-07-27T22:07:41.253+0000] {processor.py:161} INFO - Started process (PID=97) to work on /home/airflow/.local/lib/python3.12/site-packages/airflow/example_dags/example_branch_python_dop_operator_3.py
[2024-07-27T22:07:41.254+0000] {processor.py:830} INFO - Processing file /home/airflow/.local/lib/python3.12/site-packages/airflow/example_dags/example_branch_python_dop_operator_3.py for tasks to queue
[2024-07-27T22:07:41.256+0000] {logging_mixin.py:188} INFO - [2024-07-27T22:07:41.256+0000] {dagbag.py:545} INFO - Filling up the DagBag from /home/airflow/.local/lib/python3.12/site-packages/airflow/example_dags/example_branch_python_dop_operator_3.py
[2024-07-27T22:07:41.267+0000] {processor.py:840} INFO - DAG(s) 'example_branch_dop_operator_v3' retrieved from /home/airflow/.local/lib/python3.12/site-packages/airflow/example_dags/example_branch_python_dop_operator_3.py
[2024-07-27T22:07:41.408+0000] {logging_mixin.py:188} INFO - [2024-07-27T22:07:41.407+0000] {dag.py:3089} INFO - Sync 1 DAGs
[2024-07-27T22:07:41.437+0000] {logging_mixin.py:188} INFO - [2024-07-27T22:07:41.437+0000] {dag.py:3947} INFO - Setting next_dagrun for example_branch_dop_operator_v3 to 2024-07-27 22:06:00+00:00, run_after=2024-07-27 22:07:00+00:00
[2024-07-27T22:07:41.460+0000] {processor.py:183} INFO - Processing /home/airflow/.local/lib/python3.12/site-packages/airflow/example_dags/example_branch_python_dop_operator_3.py took 0.214 seconds
[2024-07-27T22:08:11.936+0000] {processor.py:161} INFO - Started process (PID=155) to work on /home/airflow/.local/lib/python3.12/site-packages/airflow/example_dags/example_branch_python_dop_operator_3.py
[2024-07-27T22:08:11.937+0000] {processor.py:830} INFO - Processing file /home/airflow/.local/lib/python3.12/site-packages/airflow/example_dags/example_branch_python_dop_operator_3.py for tasks to queue
[2024-07-27T22:08:11.939+0000] {logging_mixin.py:188} INFO - [2024-07-27T22:08:11.939+0000] {dagbag.py:545} INFO - Filling up the DagBag from /home/airflow/.local/lib/python3.12/site-packages/airflow/example_dags/example_branch_python_dop_operator_3.py
[2024-07-27T22:08:11.950+0000] {processor.py:840} INFO - DAG(s) 'example_branch_dop_operator_v3' retrieved from /home/airflow/.local/lib/python3.12/site-packages/airflow/example_dags/example_branch_python_dop_operator_3.py
[2024-07-27T22:08:11.984+0000] {logging_mixin.py:188} INFO - [2024-07-27T22:08:11.984+0000] {dag.py:3089} INFO - Sync 1 DAGs
[2024-07-27T22:08:12.019+0000] {logging_mixin.py:188} INFO - [2024-07-27T22:08:12.019+0000] {dag.py:3947} INFO - Setting next_dagrun for example_branch_dop_operator_v3 to 2024-07-27 22:07:00+00:00, run_after=2024-07-27 22:08:00+00:00
[2024-07-27T22:08:12.050+0000] {processor.py:183} INFO - Processing /home/airflow/.local/lib/python3.12/site-packages/airflow/example_dags/example_branch_python_dop_operator_3.py took 0.121 seconds
[2024-07-27T22:08:42.993+0000] {processor.py:161} INFO - Started process (PID=213) to work on /home/airflow/.local/lib/python3.12/site-packages/airflow/example_dags/example_branch_python_dop_operator_3.py
[2024-07-27T22:08:42.994+0000] {processor.py:830} INFO - Processing file /home/airflow/.local/lib/python3.12/site-packages/airflow/example_dags/example_branch_python_dop_operator_3.py for tasks to queue
[2024-07-27T22:08:42.995+0000] {logging_mixin.py:188} INFO - [2024-07-27T22:08:42.995+0000] {dagbag.py:545} INFO - Filling up the DagBag from /home/airflow/.local/lib/python3.12/site-packages/airflow/example_dags/example_branch_python_dop_operator_3.py
[2024-07-27T22:08:43.005+0000] {processor.py:840} INFO - DAG(s) 'example_branch_dop_operator_v3' retrieved from /home/airflow/.local/lib/python3.12/site-packages/airflow/example_dags/example_branch_python_dop_operator_3.py
[2024-07-27T22:08:43.027+0000] {logging_mixin.py:188} INFO - [2024-07-27T22:08:43.027+0000] {dag.py:3089} INFO - Sync 1 DAGs
[2024-07-27T22:08:43.061+0000] {logging_mixin.py:188} INFO - [2024-07-27T22:08:43.061+0000] {dag.py:3947} INFO - Setting next_dagrun for example_branch_dop_operator_v3 to 2024-07-27 22:07:00+00:00, run_after=2024-07-27 22:08:00+00:00
[2024-07-27T22:08:43.082+0000] {processor.py:183} INFO - Processing /home/airflow/.local/lib/python3.12/site-packages/airflow/example_dags/example_branch_python_dop_operator_3.py took 0.096 seconds
[2024-07-27T22:09:14.222+0000] {processor.py:161} INFO - Started process (PID=271) to work on /home/airflow/.local/lib/python3.12/site-packages/airflow/example_dags/example_branch_python_dop_operator_3.py
[2024-07-27T22:09:14.224+0000] {processor.py:830} INFO - Processing file /home/airflow/.local/lib/python3.12/site-packages/airflow/example_dags/example_branch_python_dop_operator_3.py for tasks to queue
[2024-07-27T22:09:14.228+0000] {logging_mixin.py:188} INFO - [2024-07-27T22:09:14.227+0000] {dagbag.py:545} INFO - Filling up the DagBag from /home/airflow/.local/lib/python3.12/site-packages/airflow/example_dags/example_branch_python_dop_operator_3.py
[2024-07-27T22:09:14.250+0000] {processor.py:840} INFO - DAG(s) 'example_branch_dop_operator_v3' retrieved from /home/airflow/.local/lib/python3.12/site-packages/airflow/example_dags/example_branch_python_dop_operator_3.py
[2024-07-27T22:09:14.294+0000] {logging_mixin.py:188} INFO - [2024-07-27T22:09:14.293+0000] {dag.py:3089} INFO - Sync 1 DAGs
[2024-07-27T22:09:14.370+0000] {logging_mixin.py:188} INFO - [2024-07-27T22:09:14.369+0000] {dag.py:3947} INFO - Setting next_dagrun for example_branch_dop_operator_v3 to 2024-07-27 22:08:00+00:00, run_after=2024-07-27 22:09:00+00:00
[2024-07-27T22:09:14.432+0000] {processor.py:183} INFO - Processing /home/airflow/.local/lib/python3.12/site-packages/airflow/example_dags/example_branch_python_dop_operator_3.py took 0.223 seconds
[2024-07-27T22:09:45.739+0000] {processor.py:161} INFO - Started process (PID=329) to work on /home/airflow/.local/lib/python3.12/site-packages/airflow/example_dags/example_branch_python_dop_operator_3.py
[2024-07-27T22:09:45.742+0000] {processor.py:830} INFO - Processing file /home/airflow/.local/lib/python3.12/site-packages/airflow/example_dags/example_branch_python_dop_operator_3.py for tasks to queue
[2024-07-27T22:09:45.747+0000] {logging_mixin.py:188} INFO - [2024-07-27T22:09:45.746+0000] {dagbag.py:545} INFO - Filling up the DagBag from /home/airflow/.local/lib/python3.12/site-packages/airflow/example_dags/example_branch_python_dop_operator_3.py
[2024-07-27T22:09:45.772+0000] {processor.py:840} INFO - DAG(s) 'example_branch_dop_operator_v3' retrieved from /home/airflow/.local/lib/python3.12/site-packages/airflow/example_dags/example_branch_python_dop_operator_3.py
[2024-07-27T22:09:45.815+0000] {logging_mixin.py:188} INFO - [2024-07-27T22:09:45.814+0000] {dag.py:3089} INFO - Sync 1 DAGs
[2024-07-27T22:09:45.914+0000] {logging_mixin.py:188} INFO - [2024-07-27T22:09:45.913+0000] {dag.py:3947} INFO - Setting next_dagrun for example_branch_dop_operator_v3 to 2024-07-27 22:08:00+00:00, run_after=2024-07-27 22:09:00+00:00
[2024-07-27T22:09:45.986+0000] {processor.py:183} INFO - Processing /home/airflow/.local/lib/python3.12/site-packages/airflow/example_dags/example_branch_python_dop_operator_3.py took 0.264 seconds
[2024-07-27T22:10:16.272+0000] {processor.py:161} INFO - Started process (PID=386) to work on /home/airflow/.local/lib/python3.12/site-packages/airflow/example_dags/example_branch_python_dop_operator_3.py
[2024-07-27T22:10:16.275+0000] {processor.py:830} INFO - Processing file /home/airflow/.local/lib/python3.12/site-packages/airflow/example_dags/example_branch_python_dop_operator_3.py for tasks to queue
[2024-07-27T22:10:16.283+0000] {logging_mixin.py:188} INFO - [2024-07-27T22:10:16.281+0000] {dagbag.py:545} INFO - Filling up the DagBag from /home/airflow/.local/lib/python3.12/site-packages/airflow/example_dags/example_branch_python_dop_operator_3.py
[2024-07-27T22:10:16.336+0000] {processor.py:840} INFO - DAG(s) 'example_branch_dop_operator_v3' retrieved from /home/airflow/.local/lib/python3.12/site-packages/airflow/example_dags/example_branch_python_dop_operator_3.py
[2024-07-27T22:10:16.423+0000] {logging_mixin.py:188} INFO - [2024-07-27T22:10:16.421+0000] {dag.py:3089} INFO - Sync 1 DAGs
[2024-07-27T22:10:16.538+0000] {logging_mixin.py:188} INFO - [2024-07-27T22:10:16.538+0000] {dag.py:3947} INFO - Setting next_dagrun for example_branch_dop_operator_v3 to 2024-07-27 22:09:00+00:00, run_after=2024-07-27 22:10:00+00:00
[2024-07-27T22:10:16.582+0000] {processor.py:183} INFO - Processing /home/airflow/.local/lib/python3.12/site-packages/airflow/example_dags/example_branch_python_dop_operator_3.py took 0.341 seconds
[2024-07-27T22:10:49.563+0000] {processor.py:161} INFO - Started process (PID=445) to work on /home/airflow/.local/lib/python3.12/site-packages/airflow/example_dags/example_branch_python_dop_operator_3.py
[2024-07-27T22:10:49.566+0000] {processor.py:830} INFO - Processing file /home/airflow/.local/lib/python3.12/site-packages/airflow/example_dags/example_branch_python_dop_operator_3.py for tasks to queue
[2024-07-27T22:10:49.573+0000] {logging_mixin.py:188} INFO - [2024-07-27T22:10:49.571+0000] {dagbag.py:545} INFO - Filling up the DagBag from /home/airflow/.local/lib/python3.12/site-packages/airflow/example_dags/example_branch_python_dop_operator_3.py
[2024-07-27T22:10:49.606+0000] {processor.py:840} INFO - DAG(s) 'example_branch_dop_operator_v3' retrieved from /home/airflow/.local/lib/python3.12/site-packages/airflow/example_dags/example_branch_python_dop_operator_3.py
[2024-07-27T22:10:49.740+0000] {logging_mixin.py:188} INFO - [2024-07-27T22:10:49.739+0000] {dag.py:3089} INFO - Sync 1 DAGs
[2024-07-27T22:10:49.943+0000] {logging_mixin.py:188} INFO - [2024-07-27T22:10:49.942+0000] {dag.py:3947} INFO - Setting next_dagrun for example_branch_dop_operator_v3 to 2024-07-27 22:09:00+00:00, run_after=2024-07-27 22:10:00+00:00
[2024-07-27T22:10:50.080+0000] {processor.py:183} INFO - Processing /home/airflow/.local/lib/python3.12/site-packages/airflow/example_dags/example_branch_python_dop_operator_3.py took 0.538 seconds
[2024-07-27T22:11:23.574+0000] {processor.py:161} INFO - Started process (PID=503) to work on /home/airflow/.local/lib/python3.12/site-packages/airflow/example_dags/example_branch_python_dop_operator_3.py
[2024-07-27T22:11:23.579+0000] {processor.py:830} INFO - Processing file /home/airflow/.local/lib/python3.12/site-packages/airflow/example_dags/example_branch_python_dop_operator_3.py for tasks to queue
[2024-07-27T22:11:23.592+0000] {logging_mixin.py:188} INFO - [2024-07-27T22:11:23.590+0000] {dagbag.py:545} INFO - Filling up the DagBag from /home/airflow/.local/lib/python3.12/site-packages/airflow/example_dags/example_branch_python_dop_operator_3.py
[2024-07-27T22:11:23.650+0000] {processor.py:840} INFO - DAG(s) 'example_branch_dop_operator_v3' retrieved from /home/airflow/.local/lib/python3.12/site-packages/airflow/example_dags/example_branch_python_dop_operator_3.py
[2024-07-27T22:11:23.793+0000] {logging_mixin.py:188} INFO - [2024-07-27T22:11:23.791+0000] {dag.py:3089} INFO - Sync 1 DAGs
[2024-07-27T22:11:24.024+0000] {logging_mixin.py:188} INFO - [2024-07-27T22:11:24.022+0000] {dag.py:3947} INFO - Setting next_dagrun for example_branch_dop_operator_v3 to 2024-07-27 22:10:00+00:00, run_after=2024-07-27 22:11:00+00:00
[2024-07-27T22:11:24.174+0000] {processor.py:183} INFO - Processing /home/airflow/.local/lib/python3.12/site-packages/airflow/example_dags/example_branch_python_dop_operator_3.py took 0.647 seconds
[2024-07-27T22:11:54.619+0000] {processor.py:161} INFO - Started process (PID=560) to work on /home/airflow/.local/lib/python3.12/site-packages/airflow/example_dags/example_branch_python_dop_operator_3.py
[2024-07-27T22:11:54.621+0000] {processor.py:830} INFO - Processing file /home/airflow/.local/lib/python3.12/site-packages/airflow/example_dags/example_branch_python_dop_operator_3.py for tasks to queue
[2024-07-27T22:11:54.626+0000] {logging_mixin.py:188} INFO - [2024-07-27T22:11:54.625+0000] {dagbag.py:545} INFO - Filling up the DagBag from /home/airflow/.local/lib/python3.12/site-packages/airflow/example_dags/example_branch_python_dop_operator_3.py
[2024-07-27T22:11:54.656+0000] {processor.py:840} INFO - DAG(s) 'example_branch_dop_operator_v3' retrieved from /home/airflow/.local/lib/python3.12/site-packages/airflow/example_dags/example_branch_python_dop_operator_3.py
[2024-07-27T22:11:54.720+0000] {logging_mixin.py:188} INFO - [2024-07-27T22:11:54.719+0000] {dag.py:3089} INFO - Sync 1 DAGs
[2024-07-27T22:11:54.813+0000] {logging_mixin.py:188} INFO - [2024-07-27T22:11:54.812+0000] {dag.py:3947} INFO - Setting next_dagrun for example_branch_dop_operator_v3 to 2024-07-27 22:10:00+00:00, run_after=2024-07-27 22:11:00+00:00
[2024-07-27T22:11:54.874+0000] {processor.py:183} INFO - Processing /home/airflow/.local/lib/python3.12/site-packages/airflow/example_dags/example_branch_python_dop_operator_3.py took 0.275 seconds
[2024-07-27T22:12:25.281+0000] {processor.py:161} INFO - Started process (PID=618) to work on /home/airflow/.local/lib/python3.12/site-packages/airflow/example_dags/example_branch_python_dop_operator_3.py
[2024-07-27T22:12:25.284+0000] {processor.py:830} INFO - Processing file /home/airflow/.local/lib/python3.12/site-packages/airflow/example_dags/example_branch_python_dop_operator_3.py for tasks to queue
[2024-07-27T22:12:25.289+0000] {logging_mixin.py:188} INFO - [2024-07-27T22:12:25.288+0000] {dagbag.py:545} INFO - Filling up the DagBag from /home/airflow/.local/lib/python3.12/site-packages/airflow/example_dags/example_branch_python_dop_operator_3.py
[2024-07-27T22:12:25.320+0000] {processor.py:840} INFO - DAG(s) 'example_branch_dop_operator_v3' retrieved from /home/airflow/.local/lib/python3.12/site-packages/airflow/example_dags/example_branch_python_dop_operator_3.py
[2024-07-27T22:12:25.384+0000] {logging_mixin.py:188} INFO - [2024-07-27T22:12:25.383+0000] {dag.py:3089} INFO - Sync 1 DAGs
[2024-07-27T22:12:25.476+0000] {logging_mixin.py:188} INFO - [2024-07-27T22:12:25.476+0000] {dag.py:3947} INFO - Setting next_dagrun for example_branch_dop_operator_v3 to 2024-07-27 22:11:00+00:00, run_after=2024-07-27 22:12:00+00:00
[2024-07-27T22:12:25.540+0000] {processor.py:183} INFO - Processing /home/airflow/.local/lib/python3.12/site-packages/airflow/example_dags/example_branch_python_dop_operator_3.py took 0.279 seconds
[2024-07-27T22:12:55.949+0000] {processor.py:161} INFO - Started process (PID=676) to work on /home/airflow/.local/lib/python3.12/site-packages/airflow/example_dags/example_branch_python_dop_operator_3.py
[2024-07-27T22:12:55.950+0000] {processor.py:830} INFO - Processing file /home/airflow/.local/lib/python3.12/site-packages/airflow/example_dags/example_branch_python_dop_operator_3.py for tasks to queue
[2024-07-27T22:12:55.951+0000] {logging_mixin.py:188} INFO - [2024-07-27T22:12:55.951+0000] {dagbag.py:545} INFO - Filling up the DagBag from /home/airflow/.local/lib/python3.12/site-packages/airflow/example_dags/example_branch_python_dop_operator_3.py
[2024-07-27T22:12:55.959+0000] {processor.py:840} INFO - DAG(s) 'example_branch_dop_operator_v3' retrieved from /home/airflow/.local/lib/python3.12/site-packages/airflow/example_dags/example_branch_python_dop_operator_3.py
[2024-07-27T22:12:55.977+0000] {logging_mixin.py:188} INFO - [2024-07-27T22:12:55.977+0000] {dag.py:3089} INFO - Sync 1 DAGs
[2024-07-27T22:12:56.002+0000] {logging_mixin.py:188} INFO - [2024-07-27T22:12:56.002+0000] {dag.py:3947} INFO - Setting next_dagrun for example_branch_dop_operator_v3 to 2024-07-27 22:11:00+00:00, run_after=2024-07-27 22:12:00+00:00
[2024-07-27T22:12:56.021+0000] {processor.py:183} INFO - Processing /home/airflow/.local/lib/python3.12/site-packages/airflow/example_dags/example_branch_python_dop_operator_3.py took 0.076 seconds
[2024-07-27T22:13:26.280+0000] {processor.py:161} INFO - Started process (PID=734) to work on /home/airflow/.local/lib/python3.12/site-packages/airflow/example_dags/example_branch_python_dop_operator_3.py
[2024-07-27T22:13:26.281+0000] {processor.py:830} INFO - Processing file /home/airflow/.local/lib/python3.12/site-packages/airflow/example_dags/example_branch_python_dop_operator_3.py for tasks to queue
[2024-07-27T22:13:26.283+0000] {logging_mixin.py:188} INFO - [2024-07-27T22:13:26.283+0000] {dagbag.py:545} INFO - Filling up the DagBag from /home/airflow/.local/lib/python3.12/site-packages/airflow/example_dags/example_branch_python_dop_operator_3.py
[2024-07-27T22:13:26.299+0000] {processor.py:840} INFO - DAG(s) 'example_branch_dop_operator_v3' retrieved from /home/airflow/.local/lib/python3.12/site-packages/airflow/example_dags/example_branch_python_dop_operator_3.py
[2024-07-27T22:13:26.324+0000] {logging_mixin.py:188} INFO - [2024-07-27T22:13:26.323+0000] {dag.py:3089} INFO - Sync 1 DAGs
[2024-07-27T22:13:26.356+0000] {logging_mixin.py:188} INFO - [2024-07-27T22:13:26.356+0000] {dag.py:3947} INFO - Setting next_dagrun for example_branch_dop_operator_v3 to 2024-07-27 22:12:00+00:00, run_after=2024-07-27 22:13:00+00:00
[2024-07-27T22:13:26.378+0000] {processor.py:183} INFO - Processing /home/airflow/.local/lib/python3.12/site-packages/airflow/example_dags/example_branch_python_dop_operator_3.py took 0.107 seconds
