[2024-07-27T22:07:39.903+0000] {processor.py:161} INFO - Started process (PID=92) to work on /home/airflow/.local/lib/python3.12/site-packages/airflow/example_dags/example_task_group.py
[2024-07-27T22:07:39.904+0000] {processor.py:830} INFO - Processing file /home/airflow/.local/lib/python3.12/site-packages/airflow/example_dags/example_task_group.py for tasks to queue
[2024-07-27T22:07:39.906+0000] {logging_mixin.py:188} INFO - [2024-07-27T22:07:39.906+0000] {dagbag.py:545} INFO - Filling up the DagBag from /home/airflow/.local/lib/python3.12/site-packages/airflow/example_dags/example_task_group.py
[2024-07-27T22:07:39.916+0000] {processor.py:840} INFO - DAG(s) 'example_task_group' retrieved from /home/airflow/.local/lib/python3.12/site-packages/airflow/example_dags/example_task_group.py
[2024-07-27T22:07:40.055+0000] {logging_mixin.py:188} INFO - [2024-07-27T22:07:40.054+0000] {dag.py:3089} INFO - Sync 1 DAGs
[2024-07-27T22:07:40.078+0000] {logging_mixin.py:188} INFO - [2024-07-27T22:07:40.077+0000] {dag.py:3947} INFO - Setting next_dagrun for example_task_group to 2024-07-26 00:00:00+00:00, run_after=2024-07-27 00:00:00+00:00
[2024-07-27T22:07:40.101+0000] {processor.py:183} INFO - Processing /home/airflow/.local/lib/python3.12/site-packages/airflow/example_dags/example_task_group.py took 0.205 seconds
[2024-07-27T22:08:10.537+0000] {processor.py:161} INFO - Started process (PID=150) to work on /home/airflow/.local/lib/python3.12/site-packages/airflow/example_dags/example_task_group.py
[2024-07-27T22:08:10.538+0000] {processor.py:830} INFO - Processing file /home/airflow/.local/lib/python3.12/site-packages/airflow/example_dags/example_task_group.py for tasks to queue
[2024-07-27T22:08:10.540+0000] {logging_mixin.py:188} INFO - [2024-07-27T22:08:10.539+0000] {dagbag.py:545} INFO - Filling up the DagBag from /home/airflow/.local/lib/python3.12/site-packages/airflow/example_dags/example_task_group.py
[2024-07-27T22:08:10.548+0000] {processor.py:840} INFO - DAG(s) 'example_task_group' retrieved from /home/airflow/.local/lib/python3.12/site-packages/airflow/example_dags/example_task_group.py
[2024-07-27T22:08:10.573+0000] {logging_mixin.py:188} INFO - [2024-07-27T22:08:10.573+0000] {dag.py:3089} INFO - Sync 1 DAGs
[2024-07-27T22:08:10.601+0000] {logging_mixin.py:188} INFO - [2024-07-27T22:08:10.601+0000] {dag.py:3947} INFO - Setting next_dagrun for example_task_group to 2024-07-26 00:00:00+00:00, run_after=2024-07-27 00:00:00+00:00
[2024-07-27T22:08:10.623+0000] {processor.py:183} INFO - Processing /home/airflow/.local/lib/python3.12/site-packages/airflow/example_dags/example_task_group.py took 0.092 seconds
[2024-07-27T22:08:42.157+0000] {processor.py:161} INFO - Started process (PID=208) to work on /home/airflow/.local/lib/python3.12/site-packages/airflow/example_dags/example_task_group.py
[2024-07-27T22:08:42.159+0000] {processor.py:830} INFO - Processing file /home/airflow/.local/lib/python3.12/site-packages/airflow/example_dags/example_task_group.py for tasks to queue
[2024-07-27T22:08:42.165+0000] {logging_mixin.py:188} INFO - [2024-07-27T22:08:42.164+0000] {dagbag.py:545} INFO - Filling up the DagBag from /home/airflow/.local/lib/python3.12/site-packages/airflow/example_dags/example_task_group.py
[2024-07-27T22:08:42.190+0000] {processor.py:840} INFO - DAG(s) 'example_task_group' retrieved from /home/airflow/.local/lib/python3.12/site-packages/airflow/example_dags/example_task_group.py
[2024-07-27T22:08:42.266+0000] {logging_mixin.py:188} INFO - [2024-07-27T22:08:42.265+0000] {dag.py:3089} INFO - Sync 1 DAGs
[2024-07-27T22:08:42.347+0000] {logging_mixin.py:188} INFO - [2024-07-27T22:08:42.346+0000] {dag.py:3947} INFO - Setting next_dagrun for example_task_group to 2024-07-26 00:00:00+00:00, run_after=2024-07-27 00:00:00+00:00
[2024-07-27T22:08:42.413+0000] {processor.py:183} INFO - Processing /home/airflow/.local/lib/python3.12/site-packages/airflow/example_dags/example_task_group.py took 0.277 seconds
[2024-07-27T22:09:13.358+0000] {processor.py:161} INFO - Started process (PID=266) to work on /home/airflow/.local/lib/python3.12/site-packages/airflow/example_dags/example_task_group.py
[2024-07-27T22:09:13.359+0000] {processor.py:830} INFO - Processing file /home/airflow/.local/lib/python3.12/site-packages/airflow/example_dags/example_task_group.py for tasks to queue
[2024-07-27T22:09:13.362+0000] {logging_mixin.py:188} INFO - [2024-07-27T22:09:13.361+0000] {dagbag.py:545} INFO - Filling up the DagBag from /home/airflow/.local/lib/python3.12/site-packages/airflow/example_dags/example_task_group.py
[2024-07-27T22:09:13.372+0000] {processor.py:840} INFO - DAG(s) 'example_task_group' retrieved from /home/airflow/.local/lib/python3.12/site-packages/airflow/example_dags/example_task_group.py
[2024-07-27T22:09:13.403+0000] {logging_mixin.py:188} INFO - [2024-07-27T22:09:13.402+0000] {dag.py:3089} INFO - Sync 1 DAGs
[2024-07-27T22:09:13.435+0000] {logging_mixin.py:188} INFO - [2024-07-27T22:09:13.434+0000] {dag.py:3947} INFO - Setting next_dagrun for example_task_group to 2024-07-26 00:00:00+00:00, run_after=2024-07-27 00:00:00+00:00
[2024-07-27T22:09:13.462+0000] {processor.py:183} INFO - Processing /home/airflow/.local/lib/python3.12/site-packages/airflow/example_dags/example_task_group.py took 0.112 seconds
[2024-07-27T22:09:44.696+0000] {processor.py:161} INFO - Started process (PID=324) to work on /home/airflow/.local/lib/python3.12/site-packages/airflow/example_dags/example_task_group.py
[2024-07-27T22:09:44.700+0000] {processor.py:830} INFO - Processing file /home/airflow/.local/lib/python3.12/site-packages/airflow/example_dags/example_task_group.py for tasks to queue
[2024-07-27T22:09:44.710+0000] {logging_mixin.py:188} INFO - [2024-07-27T22:09:44.708+0000] {dagbag.py:545} INFO - Filling up the DagBag from /home/airflow/.local/lib/python3.12/site-packages/airflow/example_dags/example_task_group.py
[2024-07-27T22:09:44.745+0000] {processor.py:840} INFO - DAG(s) 'example_task_group' retrieved from /home/airflow/.local/lib/python3.12/site-packages/airflow/example_dags/example_task_group.py
[2024-07-27T22:09:44.836+0000] {logging_mixin.py:188} INFO - [2024-07-27T22:09:44.836+0000] {dag.py:3089} INFO - Sync 1 DAGs
[2024-07-27T22:09:44.921+0000] {logging_mixin.py:188} INFO - [2024-07-27T22:09:44.920+0000] {dag.py:3947} INFO - Setting next_dagrun for example_task_group to 2024-07-26 00:00:00+00:00, run_after=2024-07-27 00:00:00+00:00
[2024-07-27T22:09:44.998+0000] {processor.py:183} INFO - Processing /home/airflow/.local/lib/python3.12/site-packages/airflow/example_dags/example_task_group.py took 0.334 seconds
[2024-07-27T22:10:15.592+0000] {processor.py:161} INFO - Started process (PID=382) to work on /home/airflow/.local/lib/python3.12/site-packages/airflow/example_dags/example_task_group.py
[2024-07-27T22:10:15.595+0000] {processor.py:830} INFO - Processing file /home/airflow/.local/lib/python3.12/site-packages/airflow/example_dags/example_task_group.py for tasks to queue
[2024-07-27T22:10:15.600+0000] {logging_mixin.py:188} INFO - [2024-07-27T22:10:15.599+0000] {dagbag.py:545} INFO - Filling up the DagBag from /home/airflow/.local/lib/python3.12/site-packages/airflow/example_dags/example_task_group.py
[2024-07-27T22:10:15.625+0000] {processor.py:840} INFO - DAG(s) 'example_task_group' retrieved from /home/airflow/.local/lib/python3.12/site-packages/airflow/example_dags/example_task_group.py
[2024-07-27T22:10:15.701+0000] {logging_mixin.py:188} INFO - [2024-07-27T22:10:15.699+0000] {dag.py:3089} INFO - Sync 1 DAGs
[2024-07-27T22:10:15.787+0000] {logging_mixin.py:188} INFO - [2024-07-27T22:10:15.786+0000] {dag.py:3947} INFO - Setting next_dagrun for example_task_group to 2024-07-26 00:00:00+00:00, run_after=2024-07-27 00:00:00+00:00
[2024-07-27T22:10:15.852+0000] {processor.py:183} INFO - Processing /home/airflow/.local/lib/python3.12/site-packages/airflow/example_dags/example_task_group.py took 0.280 seconds
[2024-07-27T22:10:47.539+0000] {processor.py:161} INFO - Started process (PID=440) to work on /home/airflow/.local/lib/python3.12/site-packages/airflow/example_dags/example_task_group.py
[2024-07-27T22:10:47.545+0000] {processor.py:830} INFO - Processing file /home/airflow/.local/lib/python3.12/site-packages/airflow/example_dags/example_task_group.py for tasks to queue
[2024-07-27T22:10:47.560+0000] {logging_mixin.py:188} INFO - [2024-07-27T22:10:47.557+0000] {dagbag.py:545} INFO - Filling up the DagBag from /home/airflow/.local/lib/python3.12/site-packages/airflow/example_dags/example_task_group.py
[2024-07-27T22:10:47.627+0000] {processor.py:840} INFO - DAG(s) 'example_task_group' retrieved from /home/airflow/.local/lib/python3.12/site-packages/airflow/example_dags/example_task_group.py
[2024-07-27T22:10:47.818+0000] {logging_mixin.py:188} INFO - [2024-07-27T22:10:47.815+0000] {dag.py:3089} INFO - Sync 1 DAGs
[2024-07-27T22:10:48.031+0000] {logging_mixin.py:188} INFO - [2024-07-27T22:10:48.029+0000] {dag.py:3947} INFO - Setting next_dagrun for example_task_group to 2024-07-26 00:00:00+00:00, run_after=2024-07-27 00:00:00+00:00
[2024-07-27T22:10:48.191+0000] {processor.py:183} INFO - Processing /home/airflow/.local/lib/python3.12/site-packages/airflow/example_dags/example_task_group.py took 0.694 seconds
[2024-07-27T22:11:21.122+0000] {processor.py:161} INFO - Started process (PID=498) to work on /home/airflow/.local/lib/python3.12/site-packages/airflow/example_dags/example_task_group.py
[2024-07-27T22:11:21.128+0000] {processor.py:830} INFO - Processing file /home/airflow/.local/lib/python3.12/site-packages/airflow/example_dags/example_task_group.py for tasks to queue
[2024-07-27T22:11:21.143+0000] {logging_mixin.py:188} INFO - [2024-07-27T22:11:21.137+0000] {dagbag.py:545} INFO - Filling up the DagBag from /home/airflow/.local/lib/python3.12/site-packages/airflow/example_dags/example_task_group.py
[2024-07-27T22:11:21.206+0000] {processor.py:840} INFO - DAG(s) 'example_task_group' retrieved from /home/airflow/.local/lib/python3.12/site-packages/airflow/example_dags/example_task_group.py
[2024-07-27T22:11:21.361+0000] {logging_mixin.py:188} INFO - [2024-07-27T22:11:21.359+0000] {dag.py:3089} INFO - Sync 1 DAGs
[2024-07-27T22:11:21.549+0000] {logging_mixin.py:188} INFO - [2024-07-27T22:11:21.546+0000] {dag.py:3947} INFO - Setting next_dagrun for example_task_group to 2024-07-26 00:00:00+00:00, run_after=2024-07-27 00:00:00+00:00
[2024-07-27T22:11:21.721+0000] {processor.py:183} INFO - Processing /home/airflow/.local/lib/python3.12/site-packages/airflow/example_dags/example_task_group.py took 0.658 seconds
[2024-07-27T22:11:52.110+0000] {processor.py:161} INFO - Started process (PID=555) to work on /home/airflow/.local/lib/python3.12/site-packages/airflow/example_dags/example_task_group.py
[2024-07-27T22:11:52.113+0000] {processor.py:830} INFO - Processing file /home/airflow/.local/lib/python3.12/site-packages/airflow/example_dags/example_task_group.py for tasks to queue
[2024-07-27T22:11:52.119+0000] {logging_mixin.py:188} INFO - [2024-07-27T22:11:52.117+0000] {dagbag.py:545} INFO - Filling up the DagBag from /home/airflow/.local/lib/python3.12/site-packages/airflow/example_dags/example_task_group.py
[2024-07-27T22:11:52.143+0000] {processor.py:840} INFO - DAG(s) 'example_task_group' retrieved from /home/airflow/.local/lib/python3.12/site-packages/airflow/example_dags/example_task_group.py
[2024-07-27T22:11:52.228+0000] {logging_mixin.py:188} INFO - [2024-07-27T22:11:52.227+0000] {dag.py:3089} INFO - Sync 1 DAGs
[2024-07-27T22:11:52.306+0000] {logging_mixin.py:188} INFO - [2024-07-27T22:11:52.306+0000] {dag.py:3947} INFO - Setting next_dagrun for example_task_group to 2024-07-26 00:00:00+00:00, run_after=2024-07-27 00:00:00+00:00
[2024-07-27T22:11:52.367+0000] {processor.py:183} INFO - Processing /home/airflow/.local/lib/python3.12/site-packages/airflow/example_dags/example_task_group.py took 0.276 seconds
[2024-07-27T22:12:23.023+0000] {processor.py:161} INFO - Started process (PID=614) to work on /home/airflow/.local/lib/python3.12/site-packages/airflow/example_dags/example_task_group.py
[2024-07-27T22:12:23.024+0000] {processor.py:830} INFO - Processing file /home/airflow/.local/lib/python3.12/site-packages/airflow/example_dags/example_task_group.py for tasks to queue
[2024-07-27T22:12:23.026+0000] {logging_mixin.py:188} INFO - [2024-07-27T22:12:23.025+0000] {dagbag.py:545} INFO - Filling up the DagBag from /home/airflow/.local/lib/python3.12/site-packages/airflow/example_dags/example_task_group.py
[2024-07-27T22:12:23.032+0000] {processor.py:840} INFO - DAG(s) 'example_task_group' retrieved from /home/airflow/.local/lib/python3.12/site-packages/airflow/example_dags/example_task_group.py
[2024-07-27T22:12:23.058+0000] {logging_mixin.py:188} INFO - [2024-07-27T22:12:23.058+0000] {dag.py:3089} INFO - Sync 1 DAGs
[2024-07-27T22:12:23.085+0000] {logging_mixin.py:188} INFO - [2024-07-27T22:12:23.085+0000] {dag.py:3947} INFO - Setting next_dagrun for example_task_group to 2024-07-26 00:00:00+00:00, run_after=2024-07-27 00:00:00+00:00
[2024-07-27T22:12:23.107+0000] {processor.py:183} INFO - Processing /home/airflow/.local/lib/python3.12/site-packages/airflow/example_dags/example_task_group.py took 0.090 seconds
[2024-07-27T22:12:53.325+0000] {processor.py:161} INFO - Started process (PID=672) to work on /home/airflow/.local/lib/python3.12/site-packages/airflow/example_dags/example_task_group.py
[2024-07-27T22:12:53.327+0000] {processor.py:830} INFO - Processing file /home/airflow/.local/lib/python3.12/site-packages/airflow/example_dags/example_task_group.py for tasks to queue
[2024-07-27T22:12:53.333+0000] {logging_mixin.py:188} INFO - [2024-07-27T22:12:53.332+0000] {dagbag.py:545} INFO - Filling up the DagBag from /home/airflow/.local/lib/python3.12/site-packages/airflow/example_dags/example_task_group.py
[2024-07-27T22:12:53.356+0000] {processor.py:840} INFO - DAG(s) 'example_task_group' retrieved from /home/airflow/.local/lib/python3.12/site-packages/airflow/example_dags/example_task_group.py
[2024-07-27T22:12:53.432+0000] {logging_mixin.py:188} INFO - [2024-07-27T22:12:53.431+0000] {dag.py:3089} INFO - Sync 1 DAGs
[2024-07-27T22:12:53.511+0000] {logging_mixin.py:188} INFO - [2024-07-27T22:12:53.510+0000] {dag.py:3947} INFO - Setting next_dagrun for example_task_group to 2024-07-26 00:00:00+00:00, run_after=2024-07-27 00:00:00+00:00
[2024-07-27T22:12:53.572+0000] {processor.py:183} INFO - Processing /home/airflow/.local/lib/python3.12/site-packages/airflow/example_dags/example_task_group.py took 0.267 seconds
[2024-07-27T22:13:23.901+0000] {processor.py:161} INFO - Started process (PID=730) to work on /home/airflow/.local/lib/python3.12/site-packages/airflow/example_dags/example_task_group.py
[2024-07-27T22:13:23.901+0000] {processor.py:830} INFO - Processing file /home/airflow/.local/lib/python3.12/site-packages/airflow/example_dags/example_task_group.py for tasks to queue
[2024-07-27T22:13:23.903+0000] {logging_mixin.py:188} INFO - [2024-07-27T22:13:23.903+0000] {dagbag.py:545} INFO - Filling up the DagBag from /home/airflow/.local/lib/python3.12/site-packages/airflow/example_dags/example_task_group.py
[2024-07-27T22:13:23.909+0000] {processor.py:840} INFO - DAG(s) 'example_task_group' retrieved from /home/airflow/.local/lib/python3.12/site-packages/airflow/example_dags/example_task_group.py
[2024-07-27T22:13:23.934+0000] {logging_mixin.py:188} INFO - [2024-07-27T22:13:23.934+0000] {dag.py:3089} INFO - Sync 1 DAGs
[2024-07-27T22:13:23.960+0000] {logging_mixin.py:188} INFO - [2024-07-27T22:13:23.960+0000] {dag.py:3947} INFO - Setting next_dagrun for example_task_group to 2024-07-26 00:00:00+00:00, run_after=2024-07-27 00:00:00+00:00
[2024-07-27T22:13:23.981+0000] {processor.py:183} INFO - Processing /home/airflow/.local/lib/python3.12/site-packages/airflow/example_dags/example_task_group.py took 0.086 seconds
