[2024-07-27T22:07:41.922+0000] {processor.py:161} INFO - Started process (PID=100) to work on /home/airflow/.local/lib/python3.12/site-packages/airflow/example_dags/example_nested_branch_dag.py
[2024-07-27T22:07:41.923+0000] {processor.py:830} INFO - Processing file /home/airflow/.local/lib/python3.12/site-packages/airflow/example_dags/example_nested_branch_dag.py for tasks to queue
[2024-07-27T22:07:41.925+0000] {logging_mixin.py:188} INFO - [2024-07-27T22:07:41.924+0000] {dagbag.py:545} INFO - Filling up the DagBag from /home/airflow/.local/lib/python3.12/site-packages/airflow/example_dags/example_nested_branch_dag.py
[2024-07-27T22:07:41.938+0000] {processor.py:840} INFO - DAG(s) 'example_nested_branch_dag' retrieved from /home/airflow/.local/lib/python3.12/site-packages/airflow/example_dags/example_nested_branch_dag.py
[2024-07-27T22:07:42.074+0000] {logging_mixin.py:188} INFO - [2024-07-27T22:07:42.074+0000] {dag.py:3089} INFO - Sync 1 DAGs
[2024-07-27T22:07:42.099+0000] {logging_mixin.py:188} INFO - [2024-07-27T22:07:42.099+0000] {dag.py:3947} INFO - Setting next_dagrun for example_nested_branch_dag to 2024-07-26 00:00:00+00:00, run_after=2024-07-27 00:00:00+00:00
[2024-07-27T22:07:42.121+0000] {processor.py:183} INFO - Processing /home/airflow/.local/lib/python3.12/site-packages/airflow/example_dags/example_nested_branch_dag.py took 0.206 seconds
[2024-07-27T22:08:12.221+0000] {processor.py:161} INFO - Started process (PID=158) to work on /home/airflow/.local/lib/python3.12/site-packages/airflow/example_dags/example_nested_branch_dag.py
[2024-07-27T22:08:12.222+0000] {processor.py:830} INFO - Processing file /home/airflow/.local/lib/python3.12/site-packages/airflow/example_dags/example_nested_branch_dag.py for tasks to queue
[2024-07-27T22:08:12.224+0000] {logging_mixin.py:188} INFO - [2024-07-27T22:08:12.223+0000] {dagbag.py:545} INFO - Filling up the DagBag from /home/airflow/.local/lib/python3.12/site-packages/airflow/example_dags/example_nested_branch_dag.py
[2024-07-27T22:08:12.238+0000] {processor.py:840} INFO - DAG(s) 'example_nested_branch_dag' retrieved from /home/airflow/.local/lib/python3.12/site-packages/airflow/example_dags/example_nested_branch_dag.py
[2024-07-27T22:08:12.297+0000] {logging_mixin.py:188} INFO - [2024-07-27T22:08:12.296+0000] {dag.py:3089} INFO - Sync 1 DAGs
[2024-07-27T22:08:12.383+0000] {logging_mixin.py:188} INFO - [2024-07-27T22:08:12.383+0000] {dag.py:3947} INFO - Setting next_dagrun for example_nested_branch_dag to 2024-07-26 00:00:00+00:00, run_after=2024-07-27 00:00:00+00:00
[2024-07-27T22:08:12.438+0000] {processor.py:183} INFO - Processing /home/airflow/.local/lib/python3.12/site-packages/airflow/example_dags/example_nested_branch_dag.py took 0.223 seconds
[2024-07-27T22:08:43.193+0000] {processor.py:161} INFO - Started process (PID=216) to work on /home/airflow/.local/lib/python3.12/site-packages/airflow/example_dags/example_nested_branch_dag.py
[2024-07-27T22:08:43.194+0000] {processor.py:830} INFO - Processing file /home/airflow/.local/lib/python3.12/site-packages/airflow/example_dags/example_nested_branch_dag.py for tasks to queue
[2024-07-27T22:08:43.196+0000] {logging_mixin.py:188} INFO - [2024-07-27T22:08:43.196+0000] {dagbag.py:545} INFO - Filling up the DagBag from /home/airflow/.local/lib/python3.12/site-packages/airflow/example_dags/example_nested_branch_dag.py
[2024-07-27T22:08:43.209+0000] {processor.py:840} INFO - DAG(s) 'example_nested_branch_dag' retrieved from /home/airflow/.local/lib/python3.12/site-packages/airflow/example_dags/example_nested_branch_dag.py
[2024-07-27T22:08:43.235+0000] {logging_mixin.py:188} INFO - [2024-07-27T22:08:43.235+0000] {dag.py:3089} INFO - Sync 1 DAGs
[2024-07-27T22:08:43.267+0000] {logging_mixin.py:188} INFO - [2024-07-27T22:08:43.266+0000] {dag.py:3947} INFO - Setting next_dagrun for example_nested_branch_dag to 2024-07-26 00:00:00+00:00, run_after=2024-07-27 00:00:00+00:00
[2024-07-27T22:08:43.289+0000] {processor.py:183} INFO - Processing /home/airflow/.local/lib/python3.12/site-packages/airflow/example_dags/example_nested_branch_dag.py took 0.102 seconds
[2024-07-27T22:09:15.033+0000] {processor.py:161} INFO - Started process (PID=274) to work on /home/airflow/.local/lib/python3.12/site-packages/airflow/example_dags/example_nested_branch_dag.py
[2024-07-27T22:09:15.034+0000] {processor.py:830} INFO - Processing file /home/airflow/.local/lib/python3.12/site-packages/airflow/example_dags/example_nested_branch_dag.py for tasks to queue
[2024-07-27T22:09:15.036+0000] {logging_mixin.py:188} INFO - [2024-07-27T22:09:15.036+0000] {dagbag.py:545} INFO - Filling up the DagBag from /home/airflow/.local/lib/python3.12/site-packages/airflow/example_dags/example_nested_branch_dag.py
[2024-07-27T22:09:15.047+0000] {processor.py:840} INFO - DAG(s) 'example_nested_branch_dag' retrieved from /home/airflow/.local/lib/python3.12/site-packages/airflow/example_dags/example_nested_branch_dag.py
[2024-07-27T22:09:15.072+0000] {logging_mixin.py:188} INFO - [2024-07-27T22:09:15.071+0000] {dag.py:3089} INFO - Sync 1 DAGs
[2024-07-27T22:09:15.100+0000] {logging_mixin.py:188} INFO - [2024-07-27T22:09:15.100+0000] {dag.py:3947} INFO - Setting next_dagrun for example_nested_branch_dag to 2024-07-26 00:00:00+00:00, run_after=2024-07-27 00:00:00+00:00
[2024-07-27T22:09:15.123+0000] {processor.py:183} INFO - Processing /home/airflow/.local/lib/python3.12/site-packages/airflow/example_dags/example_nested_branch_dag.py took 0.096 seconds
[2024-07-27T22:09:46.337+0000] {processor.py:161} INFO - Started process (PID=332) to work on /home/airflow/.local/lib/python3.12/site-packages/airflow/example_dags/example_nested_branch_dag.py
[2024-07-27T22:09:46.339+0000] {processor.py:830} INFO - Processing file /home/airflow/.local/lib/python3.12/site-packages/airflow/example_dags/example_nested_branch_dag.py for tasks to queue
[2024-07-27T22:09:46.345+0000] {logging_mixin.py:188} INFO - [2024-07-27T22:09:46.344+0000] {dagbag.py:545} INFO - Filling up the DagBag from /home/airflow/.local/lib/python3.12/site-packages/airflow/example_dags/example_nested_branch_dag.py
[2024-07-27T22:09:46.384+0000] {processor.py:840} INFO - DAG(s) 'example_nested_branch_dag' retrieved from /home/airflow/.local/lib/python3.12/site-packages/airflow/example_dags/example_nested_branch_dag.py
[2024-07-27T22:09:46.465+0000] {logging_mixin.py:188} INFO - [2024-07-27T22:09:46.464+0000] {dag.py:3089} INFO - Sync 1 DAGs
[2024-07-27T22:09:46.566+0000] {logging_mixin.py:188} INFO - [2024-07-27T22:09:46.565+0000] {dag.py:3947} INFO - Setting next_dagrun for example_nested_branch_dag to 2024-07-26 00:00:00+00:00, run_after=2024-07-27 00:00:00+00:00
[2024-07-27T22:09:46.638+0000] {processor.py:183} INFO - Processing /home/airflow/.local/lib/python3.12/site-packages/airflow/example_dags/example_nested_branch_dag.py took 0.323 seconds
[2024-07-27T22:10:17.111+0000] {processor.py:161} INFO - Started process (PID=390) to work on /home/airflow/.local/lib/python3.12/site-packages/airflow/example_dags/example_nested_branch_dag.py
[2024-07-27T22:10:17.112+0000] {processor.py:830} INFO - Processing file /home/airflow/.local/lib/python3.12/site-packages/airflow/example_dags/example_nested_branch_dag.py for tasks to queue
[2024-07-27T22:10:17.118+0000] {logging_mixin.py:188} INFO - [2024-07-27T22:10:17.116+0000] {dagbag.py:545} INFO - Filling up the DagBag from /home/airflow/.local/lib/python3.12/site-packages/airflow/example_dags/example_nested_branch_dag.py
[2024-07-27T22:10:17.140+0000] {processor.py:840} INFO - DAG(s) 'example_nested_branch_dag' retrieved from /home/airflow/.local/lib/python3.12/site-packages/airflow/example_dags/example_nested_branch_dag.py
[2024-07-27T22:10:17.188+0000] {logging_mixin.py:188} INFO - [2024-07-27T22:10:17.187+0000] {dag.py:3089} INFO - Sync 1 DAGs
[2024-07-27T22:10:17.229+0000] {logging_mixin.py:188} INFO - [2024-07-27T22:10:17.228+0000] {dag.py:3947} INFO - Setting next_dagrun for example_nested_branch_dag to 2024-07-26 00:00:00+00:00, run_after=2024-07-27 00:00:00+00:00
[2024-07-27T22:10:17.268+0000] {processor.py:183} INFO - Processing /home/airflow/.local/lib/python3.12/site-packages/airflow/example_dags/example_nested_branch_dag.py took 0.168 seconds
[2024-07-27T22:10:51.264+0000] {processor.py:161} INFO - Started process (PID=448) to work on /home/airflow/.local/lib/python3.12/site-packages/airflow/example_dags/example_nested_branch_dag.py
[2024-07-27T22:10:51.269+0000] {processor.py:830} INFO - Processing file /home/airflow/.local/lib/python3.12/site-packages/airflow/example_dags/example_nested_branch_dag.py for tasks to queue
[2024-07-27T22:10:51.281+0000] {logging_mixin.py:188} INFO - [2024-07-27T22:10:51.279+0000] {dagbag.py:545} INFO - Filling up the DagBag from /home/airflow/.local/lib/python3.12/site-packages/airflow/example_dags/example_nested_branch_dag.py
[2024-07-27T22:10:51.362+0000] {processor.py:840} INFO - DAG(s) 'example_nested_branch_dag' retrieved from /home/airflow/.local/lib/python3.12/site-packages/airflow/example_dags/example_nested_branch_dag.py
[2024-07-27T22:10:51.538+0000] {logging_mixin.py:188} INFO - [2024-07-27T22:10:51.536+0000] {dag.py:3089} INFO - Sync 1 DAGs
[2024-07-27T22:10:51.732+0000] {logging_mixin.py:188} INFO - [2024-07-27T22:10:51.731+0000] {dag.py:3947} INFO - Setting next_dagrun for example_nested_branch_dag to 2024-07-26 00:00:00+00:00, run_after=2024-07-27 00:00:00+00:00
[2024-07-27T22:10:51.890+0000] {processor.py:183} INFO - Processing /home/airflow/.local/lib/python3.12/site-packages/airflow/example_dags/example_nested_branch_dag.py took 0.669 seconds
[2024-07-27T22:11:26.133+0000] {processor.py:161} INFO - Started process (PID=506) to work on /home/airflow/.local/lib/python3.12/site-packages/airflow/example_dags/example_nested_branch_dag.py
[2024-07-27T22:11:26.139+0000] {processor.py:830} INFO - Processing file /home/airflow/.local/lib/python3.12/site-packages/airflow/example_dags/example_nested_branch_dag.py for tasks to queue
[2024-07-27T22:11:26.154+0000] {logging_mixin.py:188} INFO - [2024-07-27T22:11:26.152+0000] {dagbag.py:545} INFO - Filling up the DagBag from /home/airflow/.local/lib/python3.12/site-packages/airflow/example_dags/example_nested_branch_dag.py
[2024-07-27T22:11:26.219+0000] {processor.py:840} INFO - DAG(s) 'example_nested_branch_dag' retrieved from /home/airflow/.local/lib/python3.12/site-packages/airflow/example_dags/example_nested_branch_dag.py
[2024-07-27T22:11:26.399+0000] {logging_mixin.py:188} INFO - [2024-07-27T22:11:26.396+0000] {dag.py:3089} INFO - Sync 1 DAGs
[2024-07-27T22:11:26.606+0000] {logging_mixin.py:188} INFO - [2024-07-27T22:11:26.605+0000] {dag.py:3947} INFO - Setting next_dagrun for example_nested_branch_dag to 2024-07-26 00:00:00+00:00, run_after=2024-07-27 00:00:00+00:00
[2024-07-27T22:11:26.739+0000] {processor.py:183} INFO - Processing /home/airflow/.local/lib/python3.12/site-packages/airflow/example_dags/example_nested_branch_dag.py took 0.668 seconds
[2024-07-27T22:11:57.435+0000] {processor.py:161} INFO - Started process (PID=564) to work on /home/airflow/.local/lib/python3.12/site-packages/airflow/example_dags/example_nested_branch_dag.py
[2024-07-27T22:11:57.437+0000] {processor.py:830} INFO - Processing file /home/airflow/.local/lib/python3.12/site-packages/airflow/example_dags/example_nested_branch_dag.py for tasks to queue
[2024-07-27T22:11:57.443+0000] {logging_mixin.py:188} INFO - [2024-07-27T22:11:57.441+0000] {dagbag.py:545} INFO - Filling up the DagBag from /home/airflow/.local/lib/python3.12/site-packages/airflow/example_dags/example_nested_branch_dag.py
[2024-07-27T22:11:57.477+0000] {processor.py:840} INFO - DAG(s) 'example_nested_branch_dag' retrieved from /home/airflow/.local/lib/python3.12/site-packages/airflow/example_dags/example_nested_branch_dag.py
[2024-07-27T22:11:57.550+0000] {logging_mixin.py:188} INFO - [2024-07-27T22:11:57.549+0000] {dag.py:3089} INFO - Sync 1 DAGs
[2024-07-27T22:11:57.635+0000] {logging_mixin.py:188} INFO - [2024-07-27T22:11:57.634+0000] {dag.py:3947} INFO - Setting next_dagrun for example_nested_branch_dag to 2024-07-26 00:00:00+00:00, run_after=2024-07-27 00:00:00+00:00
[2024-07-27T22:11:57.697+0000] {processor.py:183} INFO - Processing /home/airflow/.local/lib/python3.12/site-packages/airflow/example_dags/example_nested_branch_dag.py took 0.282 seconds
[2024-07-27T22:12:28.000+0000] {processor.py:161} INFO - Started process (PID=622) to work on /home/airflow/.local/lib/python3.12/site-packages/airflow/example_dags/example_nested_branch_dag.py
[2024-07-27T22:12:28.003+0000] {processor.py:830} INFO - Processing file /home/airflow/.local/lib/python3.12/site-packages/airflow/example_dags/example_nested_branch_dag.py for tasks to queue
[2024-07-27T22:12:28.009+0000] {logging_mixin.py:188} INFO - [2024-07-27T22:12:28.008+0000] {dagbag.py:545} INFO - Filling up the DagBag from /home/airflow/.local/lib/python3.12/site-packages/airflow/example_dags/example_nested_branch_dag.py
[2024-07-27T22:12:28.044+0000] {processor.py:840} INFO - DAG(s) 'example_nested_branch_dag' retrieved from /home/airflow/.local/lib/python3.12/site-packages/airflow/example_dags/example_nested_branch_dag.py
[2024-07-27T22:12:28.119+0000] {logging_mixin.py:188} INFO - [2024-07-27T22:12:28.118+0000] {dag.py:3089} INFO - Sync 1 DAGs
[2024-07-27T22:12:28.203+0000] {logging_mixin.py:188} INFO - [2024-07-27T22:12:28.203+0000] {dag.py:3947} INFO - Setting next_dagrun for example_nested_branch_dag to 2024-07-26 00:00:00+00:00, run_after=2024-07-27 00:00:00+00:00
[2024-07-27T22:12:28.268+0000] {processor.py:183} INFO - Processing /home/airflow/.local/lib/python3.12/site-packages/airflow/example_dags/example_nested_branch_dag.py took 0.287 seconds
[2024-07-27T22:12:59.105+0000] {processor.py:161} INFO - Started process (PID=680) to work on /home/airflow/.local/lib/python3.12/site-packages/airflow/example_dags/example_nested_branch_dag.py
[2024-07-27T22:12:59.106+0000] {processor.py:830} INFO - Processing file /home/airflow/.local/lib/python3.12/site-packages/airflow/example_dags/example_nested_branch_dag.py for tasks to queue
[2024-07-27T22:12:59.108+0000] {logging_mixin.py:188} INFO - [2024-07-27T22:12:59.107+0000] {dagbag.py:545} INFO - Filling up the DagBag from /home/airflow/.local/lib/python3.12/site-packages/airflow/example_dags/example_nested_branch_dag.py
[2024-07-27T22:12:59.121+0000] {processor.py:840} INFO - DAG(s) 'example_nested_branch_dag' retrieved from /home/airflow/.local/lib/python3.12/site-packages/airflow/example_dags/example_nested_branch_dag.py
[2024-07-27T22:12:59.150+0000] {logging_mixin.py:188} INFO - [2024-07-27T22:12:59.149+0000] {dag.py:3089} INFO - Sync 1 DAGs
[2024-07-27T22:12:59.183+0000] {logging_mixin.py:188} INFO - [2024-07-27T22:12:59.183+0000] {dag.py:3947} INFO - Setting next_dagrun for example_nested_branch_dag to 2024-07-26 00:00:00+00:00, run_after=2024-07-27 00:00:00+00:00
[2024-07-27T22:12:59.207+0000] {processor.py:183} INFO - Processing /home/airflow/.local/lib/python3.12/site-packages/airflow/example_dags/example_nested_branch_dag.py took 0.108 seconds
[2024-07-27T22:13:29.681+0000] {processor.py:161} INFO - Started process (PID=738) to work on /home/airflow/.local/lib/python3.12/site-packages/airflow/example_dags/example_nested_branch_dag.py
[2024-07-27T22:13:29.682+0000] {processor.py:830} INFO - Processing file /home/airflow/.local/lib/python3.12/site-packages/airflow/example_dags/example_nested_branch_dag.py for tasks to queue
[2024-07-27T22:13:29.685+0000] {logging_mixin.py:188} INFO - [2024-07-27T22:13:29.685+0000] {dagbag.py:545} INFO - Filling up the DagBag from /home/airflow/.local/lib/python3.12/site-packages/airflow/example_dags/example_nested_branch_dag.py
[2024-07-27T22:13:29.700+0000] {processor.py:840} INFO - DAG(s) 'example_nested_branch_dag' retrieved from /home/airflow/.local/lib/python3.12/site-packages/airflow/example_dags/example_nested_branch_dag.py
[2024-07-27T22:13:29.730+0000] {logging_mixin.py:188} INFO - [2024-07-27T22:13:29.730+0000] {dag.py:3089} INFO - Sync 1 DAGs
[2024-07-27T22:13:29.764+0000] {logging_mixin.py:188} INFO - [2024-07-27T22:13:29.764+0000] {dag.py:3947} INFO - Setting next_dagrun for example_nested_branch_dag to 2024-07-26 00:00:00+00:00, run_after=2024-07-27 00:00:00+00:00
[2024-07-27T22:13:29.789+0000] {processor.py:183} INFO - Processing /home/airflow/.local/lib/python3.12/site-packages/airflow/example_dags/example_nested_branch_dag.py took 0.115 seconds
