[2024-07-27T22:07:38.936+0000] {processor.py:161} INFO - Started process (PID=85) to work on /home/airflow/.local/lib/python3.12/site-packages/airflow/example_dags/example_latest_only.py
[2024-07-27T22:07:38.937+0000] {processor.py:830} INFO - Processing file /home/airflow/.local/lib/python3.12/site-packages/airflow/example_dags/example_latest_only.py for tasks to queue
[2024-07-27T22:07:38.939+0000] {logging_mixin.py:188} INFO - [2024-07-27T22:07:38.939+0000] {dagbag.py:545} INFO - Filling up the DagBag from /home/airflow/.local/lib/python3.12/site-packages/airflow/example_dags/example_latest_only.py
[2024-07-27T22:07:38.948+0000] {processor.py:840} INFO - DAG(s) 'latest_only' retrieved from /home/airflow/.local/lib/python3.12/site-packages/airflow/example_dags/example_latest_only.py
[2024-07-27T22:07:39.085+0000] {logging_mixin.py:188} INFO - [2024-07-27T22:07:39.084+0000] {dag.py:3089} INFO - Sync 1 DAGs
[2024-07-27T22:07:39.111+0000] {logging_mixin.py:188} INFO - [2024-07-27T22:07:39.111+0000] {dag.py:3947} INFO - Setting next_dagrun for latest_only to 2024-07-27 16:00:00+00:00, run_after=2024-07-27 20:00:00+00:00
[2024-07-27T22:07:39.135+0000] {processor.py:183} INFO - Processing /home/airflow/.local/lib/python3.12/site-packages/airflow/example_dags/example_latest_only.py took 0.206 seconds
[2024-07-27T22:08:09.515+0000] {processor.py:161} INFO - Started process (PID=143) to work on /home/airflow/.local/lib/python3.12/site-packages/airflow/example_dags/example_latest_only.py
[2024-07-27T22:08:09.516+0000] {processor.py:830} INFO - Processing file /home/airflow/.local/lib/python3.12/site-packages/airflow/example_dags/example_latest_only.py for tasks to queue
[2024-07-27T22:08:09.518+0000] {logging_mixin.py:188} INFO - [2024-07-27T22:08:09.517+0000] {dagbag.py:545} INFO - Filling up the DagBag from /home/airflow/.local/lib/python3.12/site-packages/airflow/example_dags/example_latest_only.py
[2024-07-27T22:08:09.522+0000] {processor.py:840} INFO - DAG(s) 'latest_only' retrieved from /home/airflow/.local/lib/python3.12/site-packages/airflow/example_dags/example_latest_only.py
[2024-07-27T22:08:09.544+0000] {logging_mixin.py:188} INFO - [2024-07-27T22:08:09.543+0000] {dag.py:3089} INFO - Sync 1 DAGs
[2024-07-27T22:08:09.569+0000] {logging_mixin.py:188} INFO - [2024-07-27T22:08:09.569+0000] {dag.py:3947} INFO - Setting next_dagrun for latest_only to 2024-07-27 16:00:00+00:00, run_after=2024-07-27 20:00:00+00:00
[2024-07-27T22:08:09.587+0000] {processor.py:183} INFO - Processing /home/airflow/.local/lib/python3.12/site-packages/airflow/example_dags/example_latest_only.py took 0.077 seconds
[2024-07-27T22:08:41.244+0000] {processor.py:161} INFO - Started process (PID=201) to work on /home/airflow/.local/lib/python3.12/site-packages/airflow/example_dags/example_latest_only.py
[2024-07-27T22:08:41.245+0000] {processor.py:830} INFO - Processing file /home/airflow/.local/lib/python3.12/site-packages/airflow/example_dags/example_latest_only.py for tasks to queue
[2024-07-27T22:08:41.247+0000] {logging_mixin.py:188} INFO - [2024-07-27T22:08:41.247+0000] {dagbag.py:545} INFO - Filling up the DagBag from /home/airflow/.local/lib/python3.12/site-packages/airflow/example_dags/example_latest_only.py
[2024-07-27T22:08:41.253+0000] {processor.py:840} INFO - DAG(s) 'latest_only' retrieved from /home/airflow/.local/lib/python3.12/site-packages/airflow/example_dags/example_latest_only.py
[2024-07-27T22:08:41.275+0000] {logging_mixin.py:188} INFO - [2024-07-27T22:08:41.275+0000] {dag.py:3089} INFO - Sync 1 DAGs
[2024-07-27T22:08:41.303+0000] {logging_mixin.py:188} INFO - [2024-07-27T22:08:41.303+0000] {dag.py:3947} INFO - Setting next_dagrun for latest_only to 2024-07-27 16:00:00+00:00, run_after=2024-07-27 20:00:00+00:00
[2024-07-27T22:08:41.324+0000] {processor.py:183} INFO - Processing /home/airflow/.local/lib/python3.12/site-packages/airflow/example_dags/example_latest_only.py took 0.087 seconds
[2024-07-27T22:09:12.480+0000] {processor.py:161} INFO - Started process (PID=259) to work on /home/airflow/.local/lib/python3.12/site-packages/airflow/example_dags/example_latest_only.py
[2024-07-27T22:09:12.483+0000] {processor.py:830} INFO - Processing file /home/airflow/.local/lib/python3.12/site-packages/airflow/example_dags/example_latest_only.py for tasks to queue
[2024-07-27T22:09:12.489+0000] {logging_mixin.py:188} INFO - [2024-07-27T22:09:12.488+0000] {dagbag.py:545} INFO - Filling up the DagBag from /home/airflow/.local/lib/python3.12/site-packages/airflow/example_dags/example_latest_only.py
[2024-07-27T22:09:12.506+0000] {processor.py:840} INFO - DAG(s) 'latest_only' retrieved from /home/airflow/.local/lib/python3.12/site-packages/airflow/example_dags/example_latest_only.py
[2024-07-27T22:09:12.573+0000] {logging_mixin.py:188} INFO - [2024-07-27T22:09:12.572+0000] {dag.py:3089} INFO - Sync 1 DAGs
[2024-07-27T22:09:12.651+0000] {logging_mixin.py:188} INFO - [2024-07-27T22:09:12.650+0000] {dag.py:3947} INFO - Setting next_dagrun for latest_only to 2024-07-27 16:00:00+00:00, run_after=2024-07-27 20:00:00+00:00
[2024-07-27T22:09:12.713+0000] {processor.py:183} INFO - Processing /home/airflow/.local/lib/python3.12/site-packages/airflow/example_dags/example_latest_only.py took 0.252 seconds
[2024-07-27T22:09:43.290+0000] {processor.py:161} INFO - Started process (PID=317) to work on /home/airflow/.local/lib/python3.12/site-packages/airflow/example_dags/example_latest_only.py
[2024-07-27T22:09:43.294+0000] {processor.py:830} INFO - Processing file /home/airflow/.local/lib/python3.12/site-packages/airflow/example_dags/example_latest_only.py for tasks to queue
[2024-07-27T22:09:43.301+0000] {logging_mixin.py:188} INFO - [2024-07-27T22:09:43.299+0000] {dagbag.py:545} INFO - Filling up the DagBag from /home/airflow/.local/lib/python3.12/site-packages/airflow/example_dags/example_latest_only.py
[2024-07-27T22:09:43.320+0000] {processor.py:840} INFO - DAG(s) 'latest_only' retrieved from /home/airflow/.local/lib/python3.12/site-packages/airflow/example_dags/example_latest_only.py
[2024-07-27T22:09:43.401+0000] {logging_mixin.py:188} INFO - [2024-07-27T22:09:43.401+0000] {dag.py:3089} INFO - Sync 1 DAGs
[2024-07-27T22:09:43.498+0000] {logging_mixin.py:188} INFO - [2024-07-27T22:09:43.497+0000] {dag.py:3947} INFO - Setting next_dagrun for latest_only to 2024-07-27 16:00:00+00:00, run_after=2024-07-27 20:00:00+00:00
[2024-07-27T22:09:43.587+0000] {processor.py:183} INFO - Processing /home/airflow/.local/lib/python3.12/site-packages/airflow/example_dags/example_latest_only.py took 0.325 seconds
[2024-07-27T22:10:13.831+0000] {processor.py:161} INFO - Started process (PID=375) to work on /home/airflow/.local/lib/python3.12/site-packages/airflow/example_dags/example_latest_only.py
[2024-07-27T22:10:13.834+0000] {processor.py:830} INFO - Processing file /home/airflow/.local/lib/python3.12/site-packages/airflow/example_dags/example_latest_only.py for tasks to queue
[2024-07-27T22:10:13.841+0000] {logging_mixin.py:188} INFO - [2024-07-27T22:10:13.840+0000] {dagbag.py:545} INFO - Filling up the DagBag from /home/airflow/.local/lib/python3.12/site-packages/airflow/example_dags/example_latest_only.py
[2024-07-27T22:10:13.858+0000] {processor.py:840} INFO - DAG(s) 'latest_only' retrieved from /home/airflow/.local/lib/python3.12/site-packages/airflow/example_dags/example_latest_only.py
[2024-07-27T22:10:13.921+0000] {logging_mixin.py:188} INFO - [2024-07-27T22:10:13.920+0000] {dag.py:3089} INFO - Sync 1 DAGs
[2024-07-27T22:10:14.004+0000] {logging_mixin.py:188} INFO - [2024-07-27T22:10:14.003+0000] {dag.py:3947} INFO - Setting next_dagrun for latest_only to 2024-07-27 16:00:00+00:00, run_after=2024-07-27 20:00:00+00:00
[2024-07-27T22:10:14.073+0000] {processor.py:183} INFO - Processing /home/airflow/.local/lib/python3.12/site-packages/airflow/example_dags/example_latest_only.py took 0.265 seconds
[2024-07-27T22:10:44.506+0000] {processor.py:161} INFO - Started process (PID=433) to work on /home/airflow/.local/lib/python3.12/site-packages/airflow/example_dags/example_latest_only.py
[2024-07-27T22:10:44.508+0000] {processor.py:830} INFO - Processing file /home/airflow/.local/lib/python3.12/site-packages/airflow/example_dags/example_latest_only.py for tasks to queue
[2024-07-27T22:10:44.512+0000] {logging_mixin.py:188} INFO - [2024-07-27T22:10:44.512+0000] {dagbag.py:545} INFO - Filling up the DagBag from /home/airflow/.local/lib/python3.12/site-packages/airflow/example_dags/example_latest_only.py
[2024-07-27T22:10:44.525+0000] {processor.py:840} INFO - DAG(s) 'latest_only' retrieved from /home/airflow/.local/lib/python3.12/site-packages/airflow/example_dags/example_latest_only.py
[2024-07-27T22:10:44.596+0000] {logging_mixin.py:188} INFO - [2024-07-27T22:10:44.595+0000] {dag.py:3089} INFO - Sync 1 DAGs
[2024-07-27T22:10:44.680+0000] {logging_mixin.py:188} INFO - [2024-07-27T22:10:44.679+0000] {dag.py:3947} INFO - Setting next_dagrun for latest_only to 2024-07-27 16:00:00+00:00, run_after=2024-07-27 20:00:00+00:00
[2024-07-27T22:10:44.747+0000] {processor.py:183} INFO - Processing /home/airflow/.local/lib/python3.12/site-packages/airflow/example_dags/example_latest_only.py took 0.255 seconds
[2024-07-27T22:11:18.407+0000] {processor.py:161} INFO - Started process (PID=491) to work on /home/airflow/.local/lib/python3.12/site-packages/airflow/example_dags/example_latest_only.py
[2024-07-27T22:11:18.413+0000] {processor.py:830} INFO - Processing file /home/airflow/.local/lib/python3.12/site-packages/airflow/example_dags/example_latest_only.py for tasks to queue
[2024-07-27T22:11:18.426+0000] {logging_mixin.py:188} INFO - [2024-07-27T22:11:18.422+0000] {dagbag.py:545} INFO - Filling up the DagBag from /home/airflow/.local/lib/python3.12/site-packages/airflow/example_dags/example_latest_only.py
[2024-07-27T22:11:18.468+0000] {processor.py:840} INFO - DAG(s) 'latest_only' retrieved from /home/airflow/.local/lib/python3.12/site-packages/airflow/example_dags/example_latest_only.py
[2024-07-27T22:11:18.625+0000] {logging_mixin.py:188} INFO - [2024-07-27T22:11:18.623+0000] {dag.py:3089} INFO - Sync 1 DAGs
[2024-07-27T22:11:18.836+0000] {logging_mixin.py:188} INFO - [2024-07-27T22:11:18.834+0000] {dag.py:3947} INFO - Setting next_dagrun for latest_only to 2024-07-27 16:00:00+00:00, run_after=2024-07-27 20:00:00+00:00
[2024-07-27T22:11:19.023+0000] {processor.py:183} INFO - Processing /home/airflow/.local/lib/python3.12/site-packages/airflow/example_dags/example_latest_only.py took 0.667 seconds
[2024-07-27T22:11:49.750+0000] {processor.py:161} INFO - Started process (PID=549) to work on /home/airflow/.local/lib/python3.12/site-packages/airflow/example_dags/example_latest_only.py
[2024-07-27T22:11:49.751+0000] {processor.py:830} INFO - Processing file /home/airflow/.local/lib/python3.12/site-packages/airflow/example_dags/example_latest_only.py for tasks to queue
[2024-07-27T22:11:49.753+0000] {logging_mixin.py:188} INFO - [2024-07-27T22:11:49.752+0000] {dagbag.py:545} INFO - Filling up the DagBag from /home/airflow/.local/lib/python3.12/site-packages/airflow/example_dags/example_latest_only.py
[2024-07-27T22:11:49.757+0000] {processor.py:840} INFO - DAG(s) 'latest_only' retrieved from /home/airflow/.local/lib/python3.12/site-packages/airflow/example_dags/example_latest_only.py
[2024-07-27T22:11:49.777+0000] {logging_mixin.py:188} INFO - [2024-07-27T22:11:49.777+0000] {dag.py:3089} INFO - Sync 1 DAGs
[2024-07-27T22:11:49.800+0000] {logging_mixin.py:188} INFO - [2024-07-27T22:11:49.800+0000] {dag.py:3947} INFO - Setting next_dagrun for latest_only to 2024-07-27 16:00:00+00:00, run_after=2024-07-27 20:00:00+00:00
[2024-07-27T22:11:49.820+0000] {processor.py:183} INFO - Processing /home/airflow/.local/lib/python3.12/site-packages/airflow/example_dags/example_latest_only.py took 0.075 seconds
[2024-07-27T22:12:20.380+0000] {processor.py:161} INFO - Started process (PID=607) to work on /home/airflow/.local/lib/python3.12/site-packages/airflow/example_dags/example_latest_only.py
[2024-07-27T22:12:20.382+0000] {processor.py:830} INFO - Processing file /home/airflow/.local/lib/python3.12/site-packages/airflow/example_dags/example_latest_only.py for tasks to queue
[2024-07-27T22:12:20.388+0000] {logging_mixin.py:188} INFO - [2024-07-27T22:12:20.386+0000] {dagbag.py:545} INFO - Filling up the DagBag from /home/airflow/.local/lib/python3.12/site-packages/airflow/example_dags/example_latest_only.py
[2024-07-27T22:12:20.403+0000] {processor.py:840} INFO - DAG(s) 'latest_only' retrieved from /home/airflow/.local/lib/python3.12/site-packages/airflow/example_dags/example_latest_only.py
[2024-07-27T22:12:20.468+0000] {logging_mixin.py:188} INFO - [2024-07-27T22:12:20.467+0000] {dag.py:3089} INFO - Sync 1 DAGs
[2024-07-27T22:12:20.549+0000] {logging_mixin.py:188} INFO - [2024-07-27T22:12:20.548+0000] {dag.py:3947} INFO - Setting next_dagrun for latest_only to 2024-07-27 16:00:00+00:00, run_after=2024-07-27 20:00:00+00:00
[2024-07-27T22:12:20.610+0000] {processor.py:183} INFO - Processing /home/airflow/.local/lib/python3.12/site-packages/airflow/example_dags/example_latest_only.py took 0.251 seconds
[2024-07-27T22:12:50.976+0000] {processor.py:161} INFO - Started process (PID=665) to work on /home/airflow/.local/lib/python3.12/site-packages/airflow/example_dags/example_latest_only.py
[2024-07-27T22:12:50.977+0000] {processor.py:830} INFO - Processing file /home/airflow/.local/lib/python3.12/site-packages/airflow/example_dags/example_latest_only.py for tasks to queue
[2024-07-27T22:12:50.978+0000] {logging_mixin.py:188} INFO - [2024-07-27T22:12:50.978+0000] {dagbag.py:545} INFO - Filling up the DagBag from /home/airflow/.local/lib/python3.12/site-packages/airflow/example_dags/example_latest_only.py
[2024-07-27T22:12:50.983+0000] {processor.py:840} INFO - DAG(s) 'latest_only' retrieved from /home/airflow/.local/lib/python3.12/site-packages/airflow/example_dags/example_latest_only.py
[2024-07-27T22:12:51.005+0000] {logging_mixin.py:188} INFO - [2024-07-27T22:12:51.004+0000] {dag.py:3089} INFO - Sync 1 DAGs
[2024-07-27T22:12:51.032+0000] {logging_mixin.py:188} INFO - [2024-07-27T22:12:51.032+0000] {dag.py:3947} INFO - Setting next_dagrun for latest_only to 2024-07-27 16:00:00+00:00, run_after=2024-07-27 20:00:00+00:00
[2024-07-27T22:12:51.053+0000] {processor.py:183} INFO - Processing /home/airflow/.local/lib/python3.12/site-packages/airflow/example_dags/example_latest_only.py took 0.083 seconds
[2024-07-27T22:13:21.863+0000] {processor.py:161} INFO - Started process (PID=723) to work on /home/airflow/.local/lib/python3.12/site-packages/airflow/example_dags/example_latest_only.py
[2024-07-27T22:13:21.867+0000] {processor.py:830} INFO - Processing file /home/airflow/.local/lib/python3.12/site-packages/airflow/example_dags/example_latest_only.py for tasks to queue
[2024-07-27T22:13:21.876+0000] {logging_mixin.py:188} INFO - [2024-07-27T22:13:21.874+0000] {dagbag.py:545} INFO - Filling up the DagBag from /home/airflow/.local/lib/python3.12/site-packages/airflow/example_dags/example_latest_only.py
[2024-07-27T22:13:21.900+0000] {processor.py:840} INFO - DAG(s) 'latest_only' retrieved from /home/airflow/.local/lib/python3.12/site-packages/airflow/example_dags/example_latest_only.py
[2024-07-27T22:13:22.003+0000] {logging_mixin.py:188} INFO - [2024-07-27T22:13:22.002+0000] {dag.py:3089} INFO - Sync 1 DAGs
[2024-07-27T22:13:22.112+0000] {logging_mixin.py:188} INFO - [2024-07-27T22:13:22.111+0000] {dag.py:3947} INFO - Setting next_dagrun for latest_only to 2024-07-27 16:00:00+00:00, run_after=2024-07-27 20:00:00+00:00
[2024-07-27T22:13:22.156+0000] {processor.py:183} INFO - Processing /home/airflow/.local/lib/python3.12/site-packages/airflow/example_dags/example_latest_only.py took 0.322 seconds
