[2024-07-27T22:07:41.005+0000] {processor.py:161} INFO - Started process (PID=96) to work on /home/airflow/.local/lib/python3.12/site-packages/airflow/example_dags/example_short_circuit_operator.py
[2024-07-27T22:07:41.006+0000] {processor.py:830} INFO - Processing file /home/airflow/.local/lib/python3.12/site-packages/airflow/example_dags/example_short_circuit_operator.py for tasks to queue
[2024-07-27T22:07:41.008+0000] {logging_mixin.py:188} INFO - [2024-07-27T22:07:41.008+0000] {dagbag.py:545} INFO - Filling up the DagBag from /home/airflow/.local/lib/python3.12/site-packages/airflow/example_dags/example_short_circuit_operator.py
[2024-07-27T22:07:41.019+0000] {processor.py:840} INFO - DAG(s) 'example_short_circuit_operator' retrieved from /home/airflow/.local/lib/python3.12/site-packages/airflow/example_dags/example_short_circuit_operator.py
[2024-07-27T22:07:41.171+0000] {logging_mixin.py:188} INFO - [2024-07-27T22:07:41.171+0000] {dag.py:3089} INFO - Sync 1 DAGs
[2024-07-27T22:07:41.197+0000] {logging_mixin.py:188} INFO - [2024-07-27T22:07:41.197+0000] {dag.py:3947} INFO - Setting next_dagrun for example_short_circuit_operator to 2024-07-26 00:00:00+00:00, run_after=2024-07-27 00:00:00+00:00
[2024-07-27T22:07:41.221+0000] {processor.py:183} INFO - Processing /home/airflow/.local/lib/python3.12/site-packages/airflow/example_dags/example_short_circuit_operator.py took 0.223 seconds
[2024-07-27T22:08:11.806+0000] {processor.py:161} INFO - Started process (PID=154) to work on /home/airflow/.local/lib/python3.12/site-packages/airflow/example_dags/example_short_circuit_operator.py
[2024-07-27T22:08:11.807+0000] {processor.py:830} INFO - Processing file /home/airflow/.local/lib/python3.12/site-packages/airflow/example_dags/example_short_circuit_operator.py for tasks to queue
[2024-07-27T22:08:11.809+0000] {logging_mixin.py:188} INFO - [2024-07-27T22:08:11.808+0000] {dagbag.py:545} INFO - Filling up the DagBag from /home/airflow/.local/lib/python3.12/site-packages/airflow/example_dags/example_short_circuit_operator.py
[2024-07-27T22:08:11.818+0000] {processor.py:840} INFO - DAG(s) 'example_short_circuit_operator' retrieved from /home/airflow/.local/lib/python3.12/site-packages/airflow/example_dags/example_short_circuit_operator.py
[2024-07-27T22:08:11.849+0000] {logging_mixin.py:188} INFO - [2024-07-27T22:08:11.849+0000] {dag.py:3089} INFO - Sync 1 DAGs
[2024-07-27T22:08:11.885+0000] {logging_mixin.py:188} INFO - [2024-07-27T22:08:11.885+0000] {dag.py:3947} INFO - Setting next_dagrun for example_short_circuit_operator to 2024-07-26 00:00:00+00:00, run_after=2024-07-27 00:00:00+00:00
[2024-07-27T22:08:11.908+0000] {processor.py:183} INFO - Processing /home/airflow/.local/lib/python3.12/site-packages/airflow/example_dags/example_short_circuit_operator.py took 0.109 seconds
[2024-07-27T22:08:42.881+0000] {processor.py:161} INFO - Started process (PID=212) to work on /home/airflow/.local/lib/python3.12/site-packages/airflow/example_dags/example_short_circuit_operator.py
[2024-07-27T22:08:42.882+0000] {processor.py:830} INFO - Processing file /home/airflow/.local/lib/python3.12/site-packages/airflow/example_dags/example_short_circuit_operator.py for tasks to queue
[2024-07-27T22:08:42.884+0000] {logging_mixin.py:188} INFO - [2024-07-27T22:08:42.883+0000] {dagbag.py:545} INFO - Filling up the DagBag from /home/airflow/.local/lib/python3.12/site-packages/airflow/example_dags/example_short_circuit_operator.py
[2024-07-27T22:08:42.892+0000] {processor.py:840} INFO - DAG(s) 'example_short_circuit_operator' retrieved from /home/airflow/.local/lib/python3.12/site-packages/airflow/example_dags/example_short_circuit_operator.py
[2024-07-27T22:08:42.919+0000] {logging_mixin.py:188} INFO - [2024-07-27T22:08:42.918+0000] {dag.py:3089} INFO - Sync 1 DAGs
[2024-07-27T22:08:42.947+0000] {logging_mixin.py:188} INFO - [2024-07-27T22:08:42.946+0000] {dag.py:3947} INFO - Setting next_dagrun for example_short_circuit_operator to 2024-07-26 00:00:00+00:00, run_after=2024-07-27 00:00:00+00:00
[2024-07-27T22:08:42.968+0000] {processor.py:183} INFO - Processing /home/airflow/.local/lib/python3.12/site-packages/airflow/example_dags/example_short_circuit_operator.py took 0.094 seconds
[2024-07-27T22:09:14.063+0000] {processor.py:161} INFO - Started process (PID=270) to work on /home/airflow/.local/lib/python3.12/site-packages/airflow/example_dags/example_short_circuit_operator.py
[2024-07-27T22:09:14.065+0000] {processor.py:830} INFO - Processing file /home/airflow/.local/lib/python3.12/site-packages/airflow/example_dags/example_short_circuit_operator.py for tasks to queue
[2024-07-27T22:09:14.067+0000] {logging_mixin.py:188} INFO - [2024-07-27T22:09:14.066+0000] {dagbag.py:545} INFO - Filling up the DagBag from /home/airflow/.local/lib/python3.12/site-packages/airflow/example_dags/example_short_circuit_operator.py
[2024-07-27T22:09:14.074+0000] {processor.py:840} INFO - DAG(s) 'example_short_circuit_operator' retrieved from /home/airflow/.local/lib/python3.12/site-packages/airflow/example_dags/example_short_circuit_operator.py
[2024-07-27T22:09:14.106+0000] {logging_mixin.py:188} INFO - [2024-07-27T22:09:14.106+0000] {dag.py:3089} INFO - Sync 1 DAGs
[2024-07-27T22:09:14.135+0000] {logging_mixin.py:188} INFO - [2024-07-27T22:09:14.135+0000] {dag.py:3947} INFO - Setting next_dagrun for example_short_circuit_operator to 2024-07-26 00:00:00+00:00, run_after=2024-07-27 00:00:00+00:00
[2024-07-27T22:09:14.171+0000] {processor.py:183} INFO - Processing /home/airflow/.local/lib/python3.12/site-packages/airflow/example_dags/example_short_circuit_operator.py took 0.115 seconds
[2024-07-27T22:09:45.372+0000] {processor.py:161} INFO - Started process (PID=328) to work on /home/airflow/.local/lib/python3.12/site-packages/airflow/example_dags/example_short_circuit_operator.py
[2024-07-27T22:09:45.374+0000] {processor.py:830} INFO - Processing file /home/airflow/.local/lib/python3.12/site-packages/airflow/example_dags/example_short_circuit_operator.py for tasks to queue
[2024-07-27T22:09:45.378+0000] {logging_mixin.py:188} INFO - [2024-07-27T22:09:45.377+0000] {dagbag.py:545} INFO - Filling up the DagBag from /home/airflow/.local/lib/python3.12/site-packages/airflow/example_dags/example_short_circuit_operator.py
[2024-07-27T22:09:45.397+0000] {processor.py:840} INFO - DAG(s) 'example_short_circuit_operator' retrieved from /home/airflow/.local/lib/python3.12/site-packages/airflow/example_dags/example_short_circuit_operator.py
[2024-07-27T22:09:45.472+0000] {logging_mixin.py:188} INFO - [2024-07-27T22:09:45.472+0000] {dag.py:3089} INFO - Sync 1 DAGs
[2024-07-27T22:09:45.576+0000] {logging_mixin.py:188} INFO - [2024-07-27T22:09:45.576+0000] {dag.py:3947} INFO - Setting next_dagrun for example_short_circuit_operator to 2024-07-26 00:00:00+00:00, run_after=2024-07-27 00:00:00+00:00
[2024-07-27T22:09:45.652+0000] {processor.py:183} INFO - Processing /home/airflow/.local/lib/python3.12/site-packages/airflow/example_dags/example_short_circuit_operator.py took 0.294 seconds
[2024-07-27T22:10:15.962+0000] {processor.py:161} INFO - Started process (PID=385) to work on /home/airflow/.local/lib/python3.12/site-packages/airflow/example_dags/example_short_circuit_operator.py
[2024-07-27T22:10:15.965+0000] {processor.py:830} INFO - Processing file /home/airflow/.local/lib/python3.12/site-packages/airflow/example_dags/example_short_circuit_operator.py for tasks to queue
[2024-07-27T22:10:15.971+0000] {logging_mixin.py:188} INFO - [2024-07-27T22:10:15.970+0000] {dagbag.py:545} INFO - Filling up the DagBag from /home/airflow/.local/lib/python3.12/site-packages/airflow/example_dags/example_short_circuit_operator.py
[2024-07-27T22:10:15.999+0000] {processor.py:840} INFO - DAG(s) 'example_short_circuit_operator' retrieved from /home/airflow/.local/lib/python3.12/site-packages/airflow/example_dags/example_short_circuit_operator.py
[2024-07-27T22:10:16.094+0000] {logging_mixin.py:188} INFO - [2024-07-27T22:10:16.093+0000] {dag.py:3089} INFO - Sync 1 DAGs
[2024-07-27T22:10:16.199+0000] {logging_mixin.py:188} INFO - [2024-07-27T22:10:16.198+0000] {dag.py:3947} INFO - Setting next_dagrun for example_short_circuit_operator to 2024-07-26 00:00:00+00:00, run_after=2024-07-27 00:00:00+00:00
[2024-07-27T22:10:16.277+0000] {processor.py:183} INFO - Processing /home/airflow/.local/lib/python3.12/site-packages/airflow/example_dags/example_short_circuit_operator.py took 0.336 seconds
[2024-07-27T22:10:48.843+0000] {processor.py:161} INFO - Started process (PID=443) to work on /home/airflow/.local/lib/python3.12/site-packages/airflow/example_dags/example_short_circuit_operator.py
[2024-07-27T22:10:48.851+0000] {processor.py:830} INFO - Processing file /home/airflow/.local/lib/python3.12/site-packages/airflow/example_dags/example_short_circuit_operator.py for tasks to queue
[2024-07-27T22:10:48.865+0000] {logging_mixin.py:188} INFO - [2024-07-27T22:10:48.860+0000] {dagbag.py:545} INFO - Filling up the DagBag from /home/airflow/.local/lib/python3.12/site-packages/airflow/example_dags/example_short_circuit_operator.py
[2024-07-27T22:10:48.927+0000] {processor.py:840} INFO - DAG(s) 'example_short_circuit_operator' retrieved from /home/airflow/.local/lib/python3.12/site-packages/airflow/example_dags/example_short_circuit_operator.py
[2024-07-27T22:10:49.099+0000] {logging_mixin.py:188} INFO - [2024-07-27T22:10:49.097+0000] {dag.py:3089} INFO - Sync 1 DAGs
[2024-07-27T22:10:49.283+0000] {logging_mixin.py:188} INFO - [2024-07-27T22:10:49.281+0000] {dag.py:3947} INFO - Setting next_dagrun for example_short_circuit_operator to 2024-07-26 00:00:00+00:00, run_after=2024-07-27 00:00:00+00:00
[2024-07-27T22:10:49.420+0000] {processor.py:183} INFO - Processing /home/airflow/.local/lib/python3.12/site-packages/airflow/example_dags/example_short_circuit_operator.py took 0.625 seconds
[2024-07-27T22:11:22.738+0000] {processor.py:161} INFO - Started process (PID=501) to work on /home/airflow/.local/lib/python3.12/site-packages/airflow/example_dags/example_short_circuit_operator.py
[2024-07-27T22:11:22.744+0000] {processor.py:830} INFO - Processing file /home/airflow/.local/lib/python3.12/site-packages/airflow/example_dags/example_short_circuit_operator.py for tasks to queue
[2024-07-27T22:11:22.759+0000] {logging_mixin.py:188} INFO - [2024-07-27T22:11:22.756+0000] {dagbag.py:545} INFO - Filling up the DagBag from /home/airflow/.local/lib/python3.12/site-packages/airflow/example_dags/example_short_circuit_operator.py
[2024-07-27T22:11:22.826+0000] {processor.py:840} INFO - DAG(s) 'example_short_circuit_operator' retrieved from /home/airflow/.local/lib/python3.12/site-packages/airflow/example_dags/example_short_circuit_operator.py
[2024-07-27T22:11:23.031+0000] {logging_mixin.py:188} INFO - [2024-07-27T22:11:23.029+0000] {dag.py:3089} INFO - Sync 1 DAGs
[2024-07-27T22:11:23.204+0000] {logging_mixin.py:188} INFO - [2024-07-27T22:11:23.203+0000] {dag.py:3947} INFO - Setting next_dagrun for example_short_circuit_operator to 2024-07-26 00:00:00+00:00, run_after=2024-07-27 00:00:00+00:00
[2024-07-27T22:11:23.377+0000] {processor.py:183} INFO - Processing /home/airflow/.local/lib/python3.12/site-packages/airflow/example_dags/example_short_circuit_operator.py took 0.685 seconds
[2024-07-27T22:11:53.594+0000] {processor.py:161} INFO - Started process (PID=559) to work on /home/airflow/.local/lib/python3.12/site-packages/airflow/example_dags/example_short_circuit_operator.py
[2024-07-27T22:11:53.596+0000] {processor.py:830} INFO - Processing file /home/airflow/.local/lib/python3.12/site-packages/airflow/example_dags/example_short_circuit_operator.py for tasks to queue
[2024-07-27T22:11:53.602+0000] {logging_mixin.py:188} INFO - [2024-07-27T22:11:53.601+0000] {dagbag.py:545} INFO - Filling up the DagBag from /home/airflow/.local/lib/python3.12/site-packages/airflow/example_dags/example_short_circuit_operator.py
[2024-07-27T22:11:53.627+0000] {processor.py:840} INFO - DAG(s) 'example_short_circuit_operator' retrieved from /home/airflow/.local/lib/python3.12/site-packages/airflow/example_dags/example_short_circuit_operator.py
[2024-07-27T22:11:53.707+0000] {logging_mixin.py:188} INFO - [2024-07-27T22:11:53.706+0000] {dag.py:3089} INFO - Sync 1 DAGs
[2024-07-27T22:11:53.784+0000] {logging_mixin.py:188} INFO - [2024-07-27T22:11:53.783+0000] {dag.py:3947} INFO - Setting next_dagrun for example_short_circuit_operator to 2024-07-26 00:00:00+00:00, run_after=2024-07-27 00:00:00+00:00
[2024-07-27T22:11:53.847+0000] {processor.py:183} INFO - Processing /home/airflow/.local/lib/python3.12/site-packages/airflow/example_dags/example_short_circuit_operator.py took 0.273 seconds
[2024-07-27T22:12:24.238+0000] {processor.py:161} INFO - Started process (PID=617) to work on /home/airflow/.local/lib/python3.12/site-packages/airflow/example_dags/example_short_circuit_operator.py
[2024-07-27T22:12:24.239+0000] {processor.py:830} INFO - Processing file /home/airflow/.local/lib/python3.12/site-packages/airflow/example_dags/example_short_circuit_operator.py for tasks to queue
[2024-07-27T22:12:24.241+0000] {logging_mixin.py:188} INFO - [2024-07-27T22:12:24.240+0000] {dagbag.py:545} INFO - Filling up the DagBag from /home/airflow/.local/lib/python3.12/site-packages/airflow/example_dags/example_short_circuit_operator.py
[2024-07-27T22:12:24.249+0000] {processor.py:840} INFO - DAG(s) 'example_short_circuit_operator' retrieved from /home/airflow/.local/lib/python3.12/site-packages/airflow/example_dags/example_short_circuit_operator.py
[2024-07-27T22:12:24.277+0000] {logging_mixin.py:188} INFO - [2024-07-27T22:12:24.277+0000] {dag.py:3089} INFO - Sync 1 DAGs
[2024-07-27T22:12:24.299+0000] {logging_mixin.py:188} INFO - [2024-07-27T22:12:24.299+0000] {dag.py:3947} INFO - Setting next_dagrun for example_short_circuit_operator to 2024-07-26 00:00:00+00:00, run_after=2024-07-27 00:00:00+00:00
[2024-07-27T22:12:24.317+0000] {processor.py:183} INFO - Processing /home/airflow/.local/lib/python3.12/site-packages/airflow/example_dags/example_short_circuit_operator.py took 0.086 seconds
[2024-07-27T22:12:54.942+0000] {processor.py:161} INFO - Started process (PID=675) to work on /home/airflow/.local/lib/python3.12/site-packages/airflow/example_dags/example_short_circuit_operator.py
[2024-07-27T22:12:54.943+0000] {processor.py:830} INFO - Processing file /home/airflow/.local/lib/python3.12/site-packages/airflow/example_dags/example_short_circuit_operator.py for tasks to queue
[2024-07-27T22:12:54.945+0000] {logging_mixin.py:188} INFO - [2024-07-27T22:12:54.944+0000] {dagbag.py:545} INFO - Filling up the DagBag from /home/airflow/.local/lib/python3.12/site-packages/airflow/example_dags/example_short_circuit_operator.py
[2024-07-27T22:12:54.951+0000] {processor.py:840} INFO - DAG(s) 'example_short_circuit_operator' retrieved from /home/airflow/.local/lib/python3.12/site-packages/airflow/example_dags/example_short_circuit_operator.py
[2024-07-27T22:12:54.977+0000] {logging_mixin.py:188} INFO - [2024-07-27T22:12:54.977+0000] {dag.py:3089} INFO - Sync 1 DAGs
[2024-07-27T22:12:55.002+0000] {logging_mixin.py:188} INFO - [2024-07-27T22:12:55.001+0000] {dag.py:3947} INFO - Setting next_dagrun for example_short_circuit_operator to 2024-07-26 00:00:00+00:00, run_after=2024-07-27 00:00:00+00:00
[2024-07-27T22:12:55.020+0000] {processor.py:183} INFO - Processing /home/airflow/.local/lib/python3.12/site-packages/airflow/example_dags/example_short_circuit_operator.py took 0.084 seconds
[2024-07-27T22:13:25.263+0000] {processor.py:161} INFO - Started process (PID=733) to work on /home/airflow/.local/lib/python3.12/site-packages/airflow/example_dags/example_short_circuit_operator.py
[2024-07-27T22:13:25.264+0000] {processor.py:830} INFO - Processing file /home/airflow/.local/lib/python3.12/site-packages/airflow/example_dags/example_short_circuit_operator.py for tasks to queue
[2024-07-27T22:13:25.268+0000] {logging_mixin.py:188} INFO - [2024-07-27T22:13:25.267+0000] {dagbag.py:545} INFO - Filling up the DagBag from /home/airflow/.local/lib/python3.12/site-packages/airflow/example_dags/example_short_circuit_operator.py
[2024-07-27T22:13:25.284+0000] {processor.py:840} INFO - DAG(s) 'example_short_circuit_operator' retrieved from /home/airflow/.local/lib/python3.12/site-packages/airflow/example_dags/example_short_circuit_operator.py
[2024-07-27T22:13:25.323+0000] {logging_mixin.py:188} INFO - [2024-07-27T22:13:25.323+0000] {dag.py:3089} INFO - Sync 1 DAGs
[2024-07-27T22:13:25.361+0000] {logging_mixin.py:188} INFO - [2024-07-27T22:13:25.360+0000] {dag.py:3947} INFO - Setting next_dagrun for example_short_circuit_operator to 2024-07-26 00:00:00+00:00, run_after=2024-07-27 00:00:00+00:00
[2024-07-27T22:13:25.382+0000] {processor.py:183} INFO - Processing /home/airflow/.local/lib/python3.12/site-packages/airflow/example_dags/example_short_circuit_operator.py took 0.129 seconds
