[2024-07-27T22:07:39.718+0000] {processor.py:161} INFO - Started process (PID=91) to work on /home/airflow/.local/lib/python3.12/site-packages/airflow/example_dags/example_datasets.py
[2024-07-27T22:07:39.719+0000] {processor.py:830} INFO - Processing file /home/airflow/.local/lib/python3.12/site-packages/airflow/example_dags/example_datasets.py for tasks to queue
[2024-07-27T22:07:39.721+0000] {logging_mixin.py:188} INFO - [2024-07-27T22:07:39.720+0000] {dagbag.py:545} INFO - Filling up the DagBag from /home/airflow/.local/lib/python3.12/site-packages/airflow/example_dags/example_datasets.py
[2024-07-27T22:07:39.745+0000] {processor.py:840} INFO - DAG(s) 'dataset_produces_1', 'conditional_dataset_and_time_based_timetable', 'dataset_consumes_1_and_2', 'dataset_consumes_unknown_never_scheduled', 'consume_1_or_2_with_dataset_expressions', 'dataset_consumes_1_never_scheduled', 'dataset_produces_2', 'consume_1_or_both_2_and_3_with_dataset_expressions', 'dataset_consumes_1', 'consume_1_and_2_with_dataset_expressions' retrieved from /home/airflow/.local/lib/python3.12/site-packages/airflow/example_dags/example_datasets.py
[2024-07-27T22:07:40.019+0000] {logging_mixin.py:188} INFO - [2024-07-27T22:07:40.018+0000] {dag.py:3089} INFO - Sync 10 DAGs
[2024-07-27T22:07:40.048+0000] {logging_mixin.py:188} INFO - [2024-07-27T22:07:40.048+0000] {dag.py:3947} INFO - Setting next_dagrun for conditional_dataset_and_time_based_timetable to 2024-07-24 01:00:00+00:00, run_after=2024-07-24 01:00:00+00:00
[2024-07-27T22:07:40.052+0000] {logging_mixin.py:188} INFO - [2024-07-27T22:07:40.052+0000] {dag.py:3947} INFO - Setting next_dagrun for consume_1_and_2_with_dataset_expressions to None, run_after=None
[2024-07-27T22:07:40.054+0000] {logging_mixin.py:188} INFO - [2024-07-27T22:07:40.053+0000] {dag.py:3947} INFO - Setting next_dagrun for consume_1_or_2_with_dataset_expressions to None, run_after=None
[2024-07-27T22:07:40.055+0000] {logging_mixin.py:188} INFO - [2024-07-27T22:07:40.055+0000] {dag.py:3947} INFO - Setting next_dagrun for consume_1_or_both_2_and_3_with_dataset_expressions to None, run_after=None
[2024-07-27T22:07:40.056+0000] {logging_mixin.py:188} INFO - [2024-07-27T22:07:40.056+0000] {dag.py:3947} INFO - Setting next_dagrun for dataset_consumes_1 to None, run_after=None
[2024-07-27T22:07:40.058+0000] {logging_mixin.py:188} INFO - [2024-07-27T22:07:40.057+0000] {dag.py:3947} INFO - Setting next_dagrun for dataset_consumes_1_and_2 to None, run_after=None
[2024-07-27T22:07:40.059+0000] {logging_mixin.py:188} INFO - [2024-07-27T22:07:40.059+0000] {dag.py:3947} INFO - Setting next_dagrun for dataset_consumes_1_never_scheduled to None, run_after=None
[2024-07-27T22:07:40.060+0000] {logging_mixin.py:188} INFO - [2024-07-27T22:07:40.060+0000] {dag.py:3947} INFO - Setting next_dagrun for dataset_consumes_unknown_never_scheduled to None, run_after=None
[2024-07-27T22:07:40.063+0000] {logging_mixin.py:188} INFO - [2024-07-27T22:07:40.063+0000] {dag.py:3947} INFO - Setting next_dagrun for dataset_produces_1 to 2024-07-26 00:00:00+00:00, run_after=2024-07-27 00:00:00+00:00
[2024-07-27T22:07:40.065+0000] {logging_mixin.py:188} INFO - [2024-07-27T22:07:40.064+0000] {dag.py:3947} INFO - Setting next_dagrun for dataset_produces_2 to None, run_after=None
[2024-07-27T22:07:40.110+0000] {processor.py:183} INFO - Processing /home/airflow/.local/lib/python3.12/site-packages/airflow/example_dags/example_datasets.py took 0.399 seconds
[2024-07-27T22:08:10.447+0000] {processor.py:161} INFO - Started process (PID=149) to work on /home/airflow/.local/lib/python3.12/site-packages/airflow/example_dags/example_datasets.py
[2024-07-27T22:08:10.448+0000] {processor.py:830} INFO - Processing file /home/airflow/.local/lib/python3.12/site-packages/airflow/example_dags/example_datasets.py for tasks to queue
[2024-07-27T22:08:10.450+0000] {logging_mixin.py:188} INFO - [2024-07-27T22:08:10.449+0000] {dagbag.py:545} INFO - Filling up the DagBag from /home/airflow/.local/lib/python3.12/site-packages/airflow/example_dags/example_datasets.py
[2024-07-27T22:08:10.466+0000] {processor.py:840} INFO - DAG(s) 'conditional_dataset_and_time_based_timetable', 'dataset_consumes_unknown_never_scheduled', 'dataset_produces_1', 'dataset_consumes_1', 'dataset_consumes_1_and_2', 'consume_1_or_both_2_and_3_with_dataset_expressions', 'dataset_consumes_1_never_scheduled', 'consume_1_and_2_with_dataset_expressions', 'dataset_produces_2', 'consume_1_or_2_with_dataset_expressions' retrieved from /home/airflow/.local/lib/python3.12/site-packages/airflow/example_dags/example_datasets.py
[2024-07-27T22:08:10.524+0000] {logging_mixin.py:188} INFO - [2024-07-27T22:08:10.523+0000] {dag.py:3089} INFO - Sync 10 DAGs
[2024-07-27T22:08:10.554+0000] {logging_mixin.py:188} INFO - [2024-07-27T22:08:10.554+0000] {dag.py:3947} INFO - Setting next_dagrun for conditional_dataset_and_time_based_timetable to 2024-07-24 01:00:00+00:00, run_after=2024-07-24 01:00:00+00:00
[2024-07-27T22:08:10.559+0000] {logging_mixin.py:188} INFO - [2024-07-27T22:08:10.559+0000] {dag.py:3947} INFO - Setting next_dagrun for consume_1_and_2_with_dataset_expressions to None, run_after=None
[2024-07-27T22:08:10.560+0000] {logging_mixin.py:188} INFO - [2024-07-27T22:08:10.560+0000] {dag.py:3947} INFO - Setting next_dagrun for consume_1_or_2_with_dataset_expressions to None, run_after=None
[2024-07-27T22:08:10.562+0000] {logging_mixin.py:188} INFO - [2024-07-27T22:08:10.561+0000] {dag.py:3947} INFO - Setting next_dagrun for consume_1_or_both_2_and_3_with_dataset_expressions to None, run_after=None
[2024-07-27T22:08:10.563+0000] {logging_mixin.py:188} INFO - [2024-07-27T22:08:10.563+0000] {dag.py:3947} INFO - Setting next_dagrun for dataset_consumes_1 to None, run_after=None
[2024-07-27T22:08:10.564+0000] {logging_mixin.py:188} INFO - [2024-07-27T22:08:10.564+0000] {dag.py:3947} INFO - Setting next_dagrun for dataset_consumes_1_and_2 to None, run_after=None
[2024-07-27T22:08:10.566+0000] {logging_mixin.py:188} INFO - [2024-07-27T22:08:10.565+0000] {dag.py:3947} INFO - Setting next_dagrun for dataset_consumes_1_never_scheduled to None, run_after=None
[2024-07-27T22:08:10.567+0000] {logging_mixin.py:188} INFO - [2024-07-27T22:08:10.567+0000] {dag.py:3947} INFO - Setting next_dagrun for dataset_consumes_unknown_never_scheduled to None, run_after=None
[2024-07-27T22:08:10.570+0000] {logging_mixin.py:188} INFO - [2024-07-27T22:08:10.570+0000] {dag.py:3947} INFO - Setting next_dagrun for dataset_produces_1 to 2024-07-26 00:00:00+00:00, run_after=2024-07-27 00:00:00+00:00
[2024-07-27T22:08:10.571+0000] {logging_mixin.py:188} INFO - [2024-07-27T22:08:10.571+0000] {dag.py:3947} INFO - Setting next_dagrun for dataset_produces_2 to None, run_after=None
[2024-07-27T22:08:10.609+0000] {processor.py:183} INFO - Processing /home/airflow/.local/lib/python3.12/site-packages/airflow/example_dags/example_datasets.py took 0.168 seconds
[2024-07-27T22:08:42.071+0000] {processor.py:161} INFO - Started process (PID=207) to work on /home/airflow/.local/lib/python3.12/site-packages/airflow/example_dags/example_datasets.py
[2024-07-27T22:08:42.074+0000] {processor.py:830} INFO - Processing file /home/airflow/.local/lib/python3.12/site-packages/airflow/example_dags/example_datasets.py for tasks to queue
[2024-07-27T22:08:42.080+0000] {logging_mixin.py:188} INFO - [2024-07-27T22:08:42.078+0000] {dagbag.py:545} INFO - Filling up the DagBag from /home/airflow/.local/lib/python3.12/site-packages/airflow/example_dags/example_datasets.py
[2024-07-27T22:08:42.143+0000] {processor.py:840} INFO - DAG(s) 'consume_1_and_2_with_dataset_expressions', 'dataset_consumes_1', 'dataset_produces_1', 'consume_1_or_2_with_dataset_expressions', 'dataset_consumes_1_and_2', 'dataset_consumes_unknown_never_scheduled', 'dataset_consumes_1_never_scheduled', 'conditional_dataset_and_time_based_timetable', 'dataset_produces_2', 'consume_1_or_both_2_and_3_with_dataset_expressions' retrieved from /home/airflow/.local/lib/python3.12/site-packages/airflow/example_dags/example_datasets.py
[2024-07-27T22:08:42.318+0000] {logging_mixin.py:188} INFO - [2024-07-27T22:08:42.317+0000] {dag.py:3089} INFO - Sync 10 DAGs
[2024-07-27T22:08:42.415+0000] {logging_mixin.py:188} INFO - [2024-07-27T22:08:42.415+0000] {dag.py:3947} INFO - Setting next_dagrun for conditional_dataset_and_time_based_timetable to 2024-07-24 01:00:00+00:00, run_after=2024-07-24 01:00:00+00:00
[2024-07-27T22:08:42.430+0000] {logging_mixin.py:188} INFO - [2024-07-27T22:08:42.430+0000] {dag.py:3947} INFO - Setting next_dagrun for consume_1_and_2_with_dataset_expressions to None, run_after=None
[2024-07-27T22:08:42.438+0000] {logging_mixin.py:188} INFO - [2024-07-27T22:08:42.436+0000] {dag.py:3947} INFO - Setting next_dagrun for consume_1_or_2_with_dataset_expressions to None, run_after=None
[2024-07-27T22:08:42.445+0000] {logging_mixin.py:188} INFO - [2024-07-27T22:08:42.444+0000] {dag.py:3947} INFO - Setting next_dagrun for consume_1_or_both_2_and_3_with_dataset_expressions to None, run_after=None
[2024-07-27T22:08:42.452+0000] {logging_mixin.py:188} INFO - [2024-07-27T22:08:42.451+0000] {dag.py:3947} INFO - Setting next_dagrun for dataset_consumes_1 to None, run_after=None
[2024-07-27T22:08:42.459+0000] {logging_mixin.py:188} INFO - [2024-07-27T22:08:42.457+0000] {dag.py:3947} INFO - Setting next_dagrun for dataset_consumes_1_and_2 to None, run_after=None
[2024-07-27T22:08:42.465+0000] {logging_mixin.py:188} INFO - [2024-07-27T22:08:42.464+0000] {dag.py:3947} INFO - Setting next_dagrun for dataset_consumes_1_never_scheduled to None, run_after=None
[2024-07-27T22:08:42.471+0000] {logging_mixin.py:188} INFO - [2024-07-27T22:08:42.470+0000] {dag.py:3947} INFO - Setting next_dagrun for dataset_consumes_unknown_never_scheduled to None, run_after=None
[2024-07-27T22:08:42.489+0000] {logging_mixin.py:188} INFO - [2024-07-27T22:08:42.488+0000] {dag.py:3947} INFO - Setting next_dagrun for dataset_produces_1 to 2024-07-26 00:00:00+00:00, run_after=2024-07-27 00:00:00+00:00
[2024-07-27T22:08:42.496+0000] {logging_mixin.py:188} INFO - [2024-07-27T22:08:42.495+0000] {dag.py:3947} INFO - Setting next_dagrun for dataset_produces_2 to None, run_after=None
[2024-07-27T22:08:42.623+0000] {processor.py:183} INFO - Processing /home/airflow/.local/lib/python3.12/site-packages/airflow/example_dags/example_datasets.py took 0.574 seconds
[2024-07-27T22:09:13.277+0000] {processor.py:161} INFO - Started process (PID=265) to work on /home/airflow/.local/lib/python3.12/site-packages/airflow/example_dags/example_datasets.py
[2024-07-27T22:09:13.278+0000] {processor.py:830} INFO - Processing file /home/airflow/.local/lib/python3.12/site-packages/airflow/example_dags/example_datasets.py for tasks to queue
[2024-07-27T22:09:13.280+0000] {logging_mixin.py:188} INFO - [2024-07-27T22:09:13.280+0000] {dagbag.py:545} INFO - Filling up the DagBag from /home/airflow/.local/lib/python3.12/site-packages/airflow/example_dags/example_datasets.py
[2024-07-27T22:09:13.298+0000] {processor.py:840} INFO - DAG(s) 'dataset_consumes_1', 'dataset_consumes_1_never_scheduled', 'consume_1_and_2_with_dataset_expressions', 'dataset_consumes_1_and_2', 'conditional_dataset_and_time_based_timetable', 'consume_1_or_2_with_dataset_expressions', 'dataset_produces_2', 'consume_1_or_both_2_and_3_with_dataset_expressions', 'dataset_produces_1', 'dataset_consumes_unknown_never_scheduled' retrieved from /home/airflow/.local/lib/python3.12/site-packages/airflow/example_dags/example_datasets.py
[2024-07-27T22:09:13.361+0000] {logging_mixin.py:188} INFO - [2024-07-27T22:09:13.361+0000] {dag.py:3089} INFO - Sync 10 DAGs
[2024-07-27T22:09:13.401+0000] {logging_mixin.py:188} INFO - [2024-07-27T22:09:13.401+0000] {dag.py:3947} INFO - Setting next_dagrun for conditional_dataset_and_time_based_timetable to 2024-07-24 01:00:00+00:00, run_after=2024-07-24 01:00:00+00:00
[2024-07-27T22:09:13.407+0000] {logging_mixin.py:188} INFO - [2024-07-27T22:09:13.407+0000] {dag.py:3947} INFO - Setting next_dagrun for consume_1_and_2_with_dataset_expressions to None, run_after=None
[2024-07-27T22:09:13.409+0000] {logging_mixin.py:188} INFO - [2024-07-27T22:09:13.408+0000] {dag.py:3947} INFO - Setting next_dagrun for consume_1_or_2_with_dataset_expressions to None, run_after=None
[2024-07-27T22:09:13.410+0000] {logging_mixin.py:188} INFO - [2024-07-27T22:09:13.410+0000] {dag.py:3947} INFO - Setting next_dagrun for consume_1_or_both_2_and_3_with_dataset_expressions to None, run_after=None
[2024-07-27T22:09:13.412+0000] {logging_mixin.py:188} INFO - [2024-07-27T22:09:13.412+0000] {dag.py:3947} INFO - Setting next_dagrun for dataset_consumes_1 to None, run_after=None
[2024-07-27T22:09:13.414+0000] {logging_mixin.py:188} INFO - [2024-07-27T22:09:13.413+0000] {dag.py:3947} INFO - Setting next_dagrun for dataset_consumes_1_and_2 to None, run_after=None
[2024-07-27T22:09:13.415+0000] {logging_mixin.py:188} INFO - [2024-07-27T22:09:13.415+0000] {dag.py:3947} INFO - Setting next_dagrun for dataset_consumes_1_never_scheduled to None, run_after=None
[2024-07-27T22:09:13.417+0000] {logging_mixin.py:188} INFO - [2024-07-27T22:09:13.417+0000] {dag.py:3947} INFO - Setting next_dagrun for dataset_consumes_unknown_never_scheduled to None, run_after=None
[2024-07-27T22:09:13.421+0000] {logging_mixin.py:188} INFO - [2024-07-27T22:09:13.420+0000] {dag.py:3947} INFO - Setting next_dagrun for dataset_produces_1 to 2024-07-26 00:00:00+00:00, run_after=2024-07-27 00:00:00+00:00
[2024-07-27T22:09:13.422+0000] {logging_mixin.py:188} INFO - [2024-07-27T22:09:13.422+0000] {dag.py:3947} INFO - Setting next_dagrun for dataset_produces_2 to None, run_after=None
[2024-07-27T22:09:13.471+0000] {processor.py:183} INFO - Processing /home/airflow/.local/lib/python3.12/site-packages/airflow/example_dags/example_datasets.py took 0.201 seconds
[2024-07-27T22:09:44.204+0000] {processor.py:161} INFO - Started process (PID=323) to work on /home/airflow/.local/lib/python3.12/site-packages/airflow/example_dags/example_datasets.py
[2024-07-27T22:09:44.206+0000] {processor.py:830} INFO - Processing file /home/airflow/.local/lib/python3.12/site-packages/airflow/example_dags/example_datasets.py for tasks to queue
[2024-07-27T22:09:44.209+0000] {logging_mixin.py:188} INFO - [2024-07-27T22:09:44.208+0000] {dagbag.py:545} INFO - Filling up the DagBag from /home/airflow/.local/lib/python3.12/site-packages/airflow/example_dags/example_datasets.py
[2024-07-27T22:09:44.241+0000] {processor.py:840} INFO - DAG(s) 'conditional_dataset_and_time_based_timetable', 'consume_1_or_both_2_and_3_with_dataset_expressions', 'dataset_produces_1', 'dataset_consumes_1_never_scheduled', 'dataset_consumes_1', 'dataset_produces_2', 'dataset_consumes_unknown_never_scheduled', 'consume_1_and_2_with_dataset_expressions', 'consume_1_or_2_with_dataset_expressions', 'dataset_consumes_1_and_2' retrieved from /home/airflow/.local/lib/python3.12/site-packages/airflow/example_dags/example_datasets.py
[2024-07-27T22:09:44.370+0000] {logging_mixin.py:188} INFO - [2024-07-27T22:09:44.370+0000] {dag.py:3089} INFO - Sync 10 DAGs
[2024-07-27T22:09:44.436+0000] {logging_mixin.py:188} INFO - [2024-07-27T22:09:44.436+0000] {dag.py:3947} INFO - Setting next_dagrun for conditional_dataset_and_time_based_timetable to 2024-07-24 01:00:00+00:00, run_after=2024-07-24 01:00:00+00:00
[2024-07-27T22:09:44.447+0000] {logging_mixin.py:188} INFO - [2024-07-27T22:09:44.446+0000] {dag.py:3947} INFO - Setting next_dagrun for consume_1_and_2_with_dataset_expressions to None, run_after=None
[2024-07-27T22:09:44.450+0000] {logging_mixin.py:188} INFO - [2024-07-27T22:09:44.450+0000] {dag.py:3947} INFO - Setting next_dagrun for consume_1_or_2_with_dataset_expressions to None, run_after=None
[2024-07-27T22:09:44.453+0000] {logging_mixin.py:188} INFO - [2024-07-27T22:09:44.452+0000] {dag.py:3947} INFO - Setting next_dagrun for consume_1_or_both_2_and_3_with_dataset_expressions to None, run_after=None
[2024-07-27T22:09:44.456+0000] {logging_mixin.py:188} INFO - [2024-07-27T22:09:44.455+0000] {dag.py:3947} INFO - Setting next_dagrun for dataset_consumes_1 to None, run_after=None
[2024-07-27T22:09:44.459+0000] {logging_mixin.py:188} INFO - [2024-07-27T22:09:44.459+0000] {dag.py:3947} INFO - Setting next_dagrun for dataset_consumes_1_and_2 to None, run_after=None
[2024-07-27T22:09:44.464+0000] {logging_mixin.py:188} INFO - [2024-07-27T22:09:44.462+0000] {dag.py:3947} INFO - Setting next_dagrun for dataset_consumes_1_never_scheduled to None, run_after=None
[2024-07-27T22:09:44.468+0000] {logging_mixin.py:188} INFO - [2024-07-27T22:09:44.467+0000] {dag.py:3947} INFO - Setting next_dagrun for dataset_consumes_unknown_never_scheduled to None, run_after=None
[2024-07-27T22:09:44.477+0000] {logging_mixin.py:188} INFO - [2024-07-27T22:09:44.476+0000] {dag.py:3947} INFO - Setting next_dagrun for dataset_produces_1 to 2024-07-26 00:00:00+00:00, run_after=2024-07-27 00:00:00+00:00
[2024-07-27T22:09:44.482+0000] {logging_mixin.py:188} INFO - [2024-07-27T22:09:44.481+0000] {dag.py:3947} INFO - Setting next_dagrun for dataset_produces_2 to None, run_after=None
[2024-07-27T22:09:44.605+0000] {processor.py:183} INFO - Processing /home/airflow/.local/lib/python3.12/site-packages/airflow/example_dags/example_datasets.py took 0.413 seconds
[2024-07-27T22:10:15.022+0000] {processor.py:161} INFO - Started process (PID=381) to work on /home/airflow/.local/lib/python3.12/site-packages/airflow/example_dags/example_datasets.py
[2024-07-27T22:10:15.025+0000] {processor.py:830} INFO - Processing file /home/airflow/.local/lib/python3.12/site-packages/airflow/example_dags/example_datasets.py for tasks to queue
[2024-07-27T22:10:15.030+0000] {logging_mixin.py:188} INFO - [2024-07-27T22:10:15.029+0000] {dagbag.py:545} INFO - Filling up the DagBag from /home/airflow/.local/lib/python3.12/site-packages/airflow/example_dags/example_datasets.py
[2024-07-27T22:10:15.081+0000] {processor.py:840} INFO - DAG(s) 'consume_1_and_2_with_dataset_expressions', 'dataset_consumes_1_never_scheduled', 'dataset_produces_2', 'consume_1_or_both_2_and_3_with_dataset_expressions', 'consume_1_or_2_with_dataset_expressions', 'dataset_produces_1', 'dataset_consumes_1_and_2', 'dataset_consumes_unknown_never_scheduled', 'dataset_consumes_1', 'conditional_dataset_and_time_based_timetable' retrieved from /home/airflow/.local/lib/python3.12/site-packages/airflow/example_dags/example_datasets.py
[2024-07-27T22:10:15.252+0000] {logging_mixin.py:188} INFO - [2024-07-27T22:10:15.252+0000] {dag.py:3089} INFO - Sync 10 DAGs
[2024-07-27T22:10:15.347+0000] {logging_mixin.py:188} INFO - [2024-07-27T22:10:15.346+0000] {dag.py:3947} INFO - Setting next_dagrun for conditional_dataset_and_time_based_timetable to 2024-07-24 01:00:00+00:00, run_after=2024-07-24 01:00:00+00:00
[2024-07-27T22:10:15.361+0000] {logging_mixin.py:188} INFO - [2024-07-27T22:10:15.360+0000] {dag.py:3947} INFO - Setting next_dagrun for consume_1_and_2_with_dataset_expressions to None, run_after=None
[2024-07-27T22:10:15.366+0000] {logging_mixin.py:188} INFO - [2024-07-27T22:10:15.365+0000] {dag.py:3947} INFO - Setting next_dagrun for consume_1_or_2_with_dataset_expressions to None, run_after=None
[2024-07-27T22:10:15.370+0000] {logging_mixin.py:188} INFO - [2024-07-27T22:10:15.369+0000] {dag.py:3947} INFO - Setting next_dagrun for consume_1_or_both_2_and_3_with_dataset_expressions to None, run_after=None
[2024-07-27T22:10:15.374+0000] {logging_mixin.py:188} INFO - [2024-07-27T22:10:15.374+0000] {dag.py:3947} INFO - Setting next_dagrun for dataset_consumes_1 to None, run_after=None
[2024-07-27T22:10:15.379+0000] {logging_mixin.py:188} INFO - [2024-07-27T22:10:15.378+0000] {dag.py:3947} INFO - Setting next_dagrun for dataset_consumes_1_and_2 to None, run_after=None
[2024-07-27T22:10:15.383+0000] {logging_mixin.py:188} INFO - [2024-07-27T22:10:15.382+0000] {dag.py:3947} INFO - Setting next_dagrun for dataset_consumes_1_never_scheduled to None, run_after=None
[2024-07-27T22:10:15.387+0000] {logging_mixin.py:188} INFO - [2024-07-27T22:10:15.386+0000] {dag.py:3947} INFO - Setting next_dagrun for dataset_consumes_unknown_never_scheduled to None, run_after=None
[2024-07-27T22:10:15.396+0000] {logging_mixin.py:188} INFO - [2024-07-27T22:10:15.396+0000] {dag.py:3947} INFO - Setting next_dagrun for dataset_produces_1 to 2024-07-26 00:00:00+00:00, run_after=2024-07-27 00:00:00+00:00
[2024-07-27T22:10:15.400+0000] {logging_mixin.py:188} INFO - [2024-07-27T22:10:15.400+0000] {dag.py:3947} INFO - Setting next_dagrun for dataset_produces_2 to None, run_after=None
[2024-07-27T22:10:15.520+0000] {processor.py:183} INFO - Processing /home/airflow/.local/lib/python3.12/site-packages/airflow/example_dags/example_datasets.py took 0.519 seconds
[2024-07-27T22:10:46.621+0000] {processor.py:161} INFO - Started process (PID=439) to work on /home/airflow/.local/lib/python3.12/site-packages/airflow/example_dags/example_datasets.py
[2024-07-27T22:10:46.627+0000] {processor.py:830} INFO - Processing file /home/airflow/.local/lib/python3.12/site-packages/airflow/example_dags/example_datasets.py for tasks to queue
[2024-07-27T22:10:46.640+0000] {logging_mixin.py:188} INFO - [2024-07-27T22:10:46.638+0000] {dagbag.py:545} INFO - Filling up the DagBag from /home/airflow/.local/lib/python3.12/site-packages/airflow/example_dags/example_datasets.py
[2024-07-27T22:10:46.767+0000] {processor.py:840} INFO - DAG(s) 'consume_1_and_2_with_dataset_expressions', 'dataset_consumes_unknown_never_scheduled', 'dataset_consumes_1_and_2', 'conditional_dataset_and_time_based_timetable', 'dataset_consumes_1_never_scheduled', 'consume_1_or_2_with_dataset_expressions', 'consume_1_or_both_2_and_3_with_dataset_expressions', 'dataset_produces_2', 'dataset_produces_1', 'dataset_consumes_1' retrieved from /home/airflow/.local/lib/python3.12/site-packages/airflow/example_dags/example_datasets.py
[2024-07-27T22:10:47.227+0000] {logging_mixin.py:188} INFO - [2024-07-27T22:10:47.224+0000] {dag.py:3089} INFO - Sync 10 DAGs
[2024-07-27T22:10:47.430+0000] {logging_mixin.py:188} INFO - [2024-07-27T22:10:47.428+0000] {dag.py:3947} INFO - Setting next_dagrun for conditional_dataset_and_time_based_timetable to 2024-07-24 01:00:00+00:00, run_after=2024-07-24 01:00:00+00:00
[2024-07-27T22:10:47.468+0000] {logging_mixin.py:188} INFO - [2024-07-27T22:10:47.467+0000] {dag.py:3947} INFO - Setting next_dagrun for consume_1_and_2_with_dataset_expressions to None, run_after=None
[2024-07-27T22:10:47.481+0000] {logging_mixin.py:188} INFO - [2024-07-27T22:10:47.480+0000] {dag.py:3947} INFO - Setting next_dagrun for consume_1_or_2_with_dataset_expressions to None, run_after=None
[2024-07-27T22:10:47.493+0000] {logging_mixin.py:188} INFO - [2024-07-27T22:10:47.491+0000] {dag.py:3947} INFO - Setting next_dagrun for consume_1_or_both_2_and_3_with_dataset_expressions to None, run_after=None
[2024-07-27T22:10:47.501+0000] {logging_mixin.py:188} INFO - [2024-07-27T22:10:47.499+0000] {dag.py:3947} INFO - Setting next_dagrun for dataset_consumes_1 to None, run_after=None
[2024-07-27T22:10:47.511+0000] {logging_mixin.py:188} INFO - [2024-07-27T22:10:47.509+0000] {dag.py:3947} INFO - Setting next_dagrun for dataset_consumes_1_and_2 to None, run_after=None
[2024-07-27T22:10:47.521+0000] {logging_mixin.py:188} INFO - [2024-07-27T22:10:47.520+0000] {dag.py:3947} INFO - Setting next_dagrun for dataset_consumes_1_never_scheduled to None, run_after=None
[2024-07-27T22:10:47.536+0000] {logging_mixin.py:188} INFO - [2024-07-27T22:10:47.529+0000] {dag.py:3947} INFO - Setting next_dagrun for dataset_consumes_unknown_never_scheduled to None, run_after=None
[2024-07-27T22:10:47.556+0000] {logging_mixin.py:188} INFO - [2024-07-27T22:10:47.554+0000] {dag.py:3947} INFO - Setting next_dagrun for dataset_produces_1 to 2024-07-26 00:00:00+00:00, run_after=2024-07-27 00:00:00+00:00
[2024-07-27T22:10:47.574+0000] {logging_mixin.py:188} INFO - [2024-07-27T22:10:47.573+0000] {dag.py:3947} INFO - Setting next_dagrun for dataset_produces_2 to None, run_after=None
[2024-07-27T22:10:47.907+0000] {processor.py:183} INFO - Processing /home/airflow/.local/lib/python3.12/site-packages/airflow/example_dags/example_datasets.py took 1.331 seconds
[2024-07-27T22:11:20.925+0000] {processor.py:161} INFO - Started process (PID=497) to work on /home/airflow/.local/lib/python3.12/site-packages/airflow/example_dags/example_datasets.py
[2024-07-27T22:11:20.930+0000] {processor.py:830} INFO - Processing file /home/airflow/.local/lib/python3.12/site-packages/airflow/example_dags/example_datasets.py for tasks to queue
[2024-07-27T22:11:20.944+0000] {logging_mixin.py:188} INFO - [2024-07-27T22:11:20.941+0000] {dagbag.py:545} INFO - Filling up the DagBag from /home/airflow/.local/lib/python3.12/site-packages/airflow/example_dags/example_datasets.py
[2024-07-27T22:11:21.053+0000] {processor.py:840} INFO - DAG(s) 'consume_1_or_both_2_and_3_with_dataset_expressions', 'consume_1_and_2_with_dataset_expressions', 'conditional_dataset_and_time_based_timetable', 'dataset_consumes_1', 'consume_1_or_2_with_dataset_expressions', 'dataset_consumes_unknown_never_scheduled', 'dataset_produces_2', 'dataset_consumes_1_and_2', 'dataset_produces_1', 'dataset_consumes_1_never_scheduled' retrieved from /home/airflow/.local/lib/python3.12/site-packages/airflow/example_dags/example_datasets.py
[2024-07-27T22:11:21.488+0000] {logging_mixin.py:188} INFO - [2024-07-27T22:11:21.485+0000] {dag.py:3089} INFO - Sync 10 DAGs
[2024-07-27T22:11:21.739+0000] {logging_mixin.py:188} INFO - [2024-07-27T22:11:21.736+0000] {dag.py:3947} INFO - Setting next_dagrun for conditional_dataset_and_time_based_timetable to 2024-07-24 01:00:00+00:00, run_after=2024-07-24 01:00:00+00:00
[2024-07-27T22:11:21.783+0000] {logging_mixin.py:188} INFO - [2024-07-27T22:11:21.782+0000] {dag.py:3947} INFO - Setting next_dagrun for consume_1_and_2_with_dataset_expressions to None, run_after=None
[2024-07-27T22:11:21.798+0000] {logging_mixin.py:188} INFO - [2024-07-27T22:11:21.796+0000] {dag.py:3947} INFO - Setting next_dagrun for consume_1_or_2_with_dataset_expressions to None, run_after=None
[2024-07-27T22:11:21.810+0000] {logging_mixin.py:188} INFO - [2024-07-27T22:11:21.808+0000] {dag.py:3947} INFO - Setting next_dagrun for consume_1_or_both_2_and_3_with_dataset_expressions to None, run_after=None
[2024-07-27T22:11:21.823+0000] {logging_mixin.py:188} INFO - [2024-07-27T22:11:21.821+0000] {dag.py:3947} INFO - Setting next_dagrun for dataset_consumes_1 to None, run_after=None
[2024-07-27T22:11:21.840+0000] {logging_mixin.py:188} INFO - [2024-07-27T22:11:21.838+0000] {dag.py:3947} INFO - Setting next_dagrun for dataset_consumes_1_and_2 to None, run_after=None
[2024-07-27T22:11:21.856+0000] {logging_mixin.py:188} INFO - [2024-07-27T22:11:21.853+0000] {dag.py:3947} INFO - Setting next_dagrun for dataset_consumes_1_never_scheduled to None, run_after=None
[2024-07-27T22:11:21.867+0000] {logging_mixin.py:188} INFO - [2024-07-27T22:11:21.865+0000] {dag.py:3947} INFO - Setting next_dagrun for dataset_consumes_unknown_never_scheduled to None, run_after=None
[2024-07-27T22:11:21.892+0000] {logging_mixin.py:188} INFO - [2024-07-27T22:11:21.890+0000] {dag.py:3947} INFO - Setting next_dagrun for dataset_produces_1 to 2024-07-26 00:00:00+00:00, run_after=2024-07-27 00:00:00+00:00
[2024-07-27T22:11:21.904+0000] {logging_mixin.py:188} INFO - [2024-07-27T22:11:21.902+0000] {dag.py:3947} INFO - Setting next_dagrun for dataset_produces_2 to None, run_after=None
[2024-07-27T22:11:22.217+0000] {processor.py:183} INFO - Processing /home/airflow/.local/lib/python3.12/site-packages/airflow/example_dags/example_datasets.py took 1.336 seconds
[2024-07-27T22:11:52.446+0000] {processor.py:161} INFO - Started process (PID=556) to work on /home/airflow/.local/lib/python3.12/site-packages/airflow/example_dags/example_datasets.py
[2024-07-27T22:11:52.448+0000] {processor.py:830} INFO - Processing file /home/airflow/.local/lib/python3.12/site-packages/airflow/example_dags/example_datasets.py for tasks to queue
[2024-07-27T22:11:52.453+0000] {logging_mixin.py:188} INFO - [2024-07-27T22:11:52.452+0000] {dagbag.py:545} INFO - Filling up the DagBag from /home/airflow/.local/lib/python3.12/site-packages/airflow/example_dags/example_datasets.py
[2024-07-27T22:11:52.506+0000] {processor.py:840} INFO - DAG(s) 'consume_1_or_both_2_and_3_with_dataset_expressions', 'consume_1_and_2_with_dataset_expressions', 'dataset_produces_1', 'dataset_consumes_1_and_2', 'dataset_consumes_1', 'consume_1_or_2_with_dataset_expressions', 'dataset_consumes_1_never_scheduled', 'conditional_dataset_and_time_based_timetable', 'dataset_consumes_unknown_never_scheduled', 'dataset_produces_2' retrieved from /home/airflow/.local/lib/python3.12/site-packages/airflow/example_dags/example_datasets.py
[2024-07-27T22:11:52.674+0000] {logging_mixin.py:188} INFO - [2024-07-27T22:11:52.673+0000] {dag.py:3089} INFO - Sync 10 DAGs
[2024-07-27T22:11:52.767+0000] {logging_mixin.py:188} INFO - [2024-07-27T22:11:52.766+0000] {dag.py:3947} INFO - Setting next_dagrun for conditional_dataset_and_time_based_timetable to 2024-07-24 01:00:00+00:00, run_after=2024-07-24 01:00:00+00:00
[2024-07-27T22:11:52.781+0000] {logging_mixin.py:188} INFO - [2024-07-27T22:11:52.780+0000] {dag.py:3947} INFO - Setting next_dagrun for consume_1_and_2_with_dataset_expressions to None, run_after=None
[2024-07-27T22:11:52.785+0000] {logging_mixin.py:188} INFO - [2024-07-27T22:11:52.784+0000] {dag.py:3947} INFO - Setting next_dagrun for consume_1_or_2_with_dataset_expressions to None, run_after=None
[2024-07-27T22:11:52.789+0000] {logging_mixin.py:188} INFO - [2024-07-27T22:11:52.788+0000] {dag.py:3947} INFO - Setting next_dagrun for consume_1_or_both_2_and_3_with_dataset_expressions to None, run_after=None
[2024-07-27T22:11:52.793+0000] {logging_mixin.py:188} INFO - [2024-07-27T22:11:52.792+0000] {dag.py:3947} INFO - Setting next_dagrun for dataset_consumes_1 to None, run_after=None
[2024-07-27T22:11:52.797+0000] {logging_mixin.py:188} INFO - [2024-07-27T22:11:52.797+0000] {dag.py:3947} INFO - Setting next_dagrun for dataset_consumes_1_and_2 to None, run_after=None
[2024-07-27T22:11:52.801+0000] {logging_mixin.py:188} INFO - [2024-07-27T22:11:52.801+0000] {dag.py:3947} INFO - Setting next_dagrun for dataset_consumes_1_never_scheduled to None, run_after=None
[2024-07-27T22:11:52.806+0000] {logging_mixin.py:188} INFO - [2024-07-27T22:11:52.805+0000] {dag.py:3947} INFO - Setting next_dagrun for dataset_consumes_unknown_never_scheduled to None, run_after=None
[2024-07-27T22:11:52.815+0000] {logging_mixin.py:188} INFO - [2024-07-27T22:11:52.814+0000] {dag.py:3947} INFO - Setting next_dagrun for dataset_produces_1 to 2024-07-26 00:00:00+00:00, run_after=2024-07-27 00:00:00+00:00
[2024-07-27T22:11:52.819+0000] {logging_mixin.py:188} INFO - [2024-07-27T22:11:52.818+0000] {dag.py:3947} INFO - Setting next_dagrun for dataset_produces_2 to None, run_after=None
[2024-07-27T22:11:52.932+0000] {processor.py:183} INFO - Processing /home/airflow/.local/lib/python3.12/site-packages/airflow/example_dags/example_datasets.py took 0.507 seconds
[2024-07-27T22:12:23.015+0000] {processor.py:161} INFO - Started process (PID=613) to work on /home/airflow/.local/lib/python3.12/site-packages/airflow/example_dags/example_datasets.py
[2024-07-27T22:12:23.017+0000] {processor.py:830} INFO - Processing file /home/airflow/.local/lib/python3.12/site-packages/airflow/example_dags/example_datasets.py for tasks to queue
[2024-07-27T22:12:23.018+0000] {logging_mixin.py:188} INFO - [2024-07-27T22:12:23.018+0000] {dagbag.py:545} INFO - Filling up the DagBag from /home/airflow/.local/lib/python3.12/site-packages/airflow/example_dags/example_datasets.py
[2024-07-27T22:12:23.033+0000] {processor.py:840} INFO - DAG(s) 'consume_1_or_2_with_dataset_expressions', 'dataset_produces_1', 'consume_1_or_both_2_and_3_with_dataset_expressions', 'conditional_dataset_and_time_based_timetable', 'dataset_consumes_1_and_2', 'consume_1_and_2_with_dataset_expressions', 'dataset_produces_2', 'dataset_consumes_unknown_never_scheduled', 'dataset_consumes_1_never_scheduled', 'dataset_consumes_1' retrieved from /home/airflow/.local/lib/python3.12/site-packages/airflow/example_dags/example_datasets.py
[2024-07-27T22:12:23.090+0000] {logging_mixin.py:188} INFO - [2024-07-27T22:12:23.090+0000] {dag.py:3089} INFO - Sync 10 DAGs
[2024-07-27T22:12:23.123+0000] {logging_mixin.py:188} INFO - [2024-07-27T22:12:23.122+0000] {dag.py:3947} INFO - Setting next_dagrun for conditional_dataset_and_time_based_timetable to 2024-07-24 01:00:00+00:00, run_after=2024-07-24 01:00:00+00:00
[2024-07-27T22:12:23.128+0000] {logging_mixin.py:188} INFO - [2024-07-27T22:12:23.128+0000] {dag.py:3947} INFO - Setting next_dagrun for consume_1_and_2_with_dataset_expressions to None, run_after=None
[2024-07-27T22:12:23.130+0000] {logging_mixin.py:188} INFO - [2024-07-27T22:12:23.129+0000] {dag.py:3947} INFO - Setting next_dagrun for consume_1_or_2_with_dataset_expressions to None, run_after=None
[2024-07-27T22:12:23.131+0000] {logging_mixin.py:188} INFO - [2024-07-27T22:12:23.131+0000] {dag.py:3947} INFO - Setting next_dagrun for consume_1_or_both_2_and_3_with_dataset_expressions to None, run_after=None
[2024-07-27T22:12:23.132+0000] {logging_mixin.py:188} INFO - [2024-07-27T22:12:23.132+0000] {dag.py:3947} INFO - Setting next_dagrun for dataset_consumes_1 to None, run_after=None
[2024-07-27T22:12:23.134+0000] {logging_mixin.py:188} INFO - [2024-07-27T22:12:23.133+0000] {dag.py:3947} INFO - Setting next_dagrun for dataset_consumes_1_and_2 to None, run_after=None
[2024-07-27T22:12:23.135+0000] {logging_mixin.py:188} INFO - [2024-07-27T22:12:23.135+0000] {dag.py:3947} INFO - Setting next_dagrun for dataset_consumes_1_never_scheduled to None, run_after=None
[2024-07-27T22:12:23.136+0000] {logging_mixin.py:188} INFO - [2024-07-27T22:12:23.136+0000] {dag.py:3947} INFO - Setting next_dagrun for dataset_consumes_unknown_never_scheduled to None, run_after=None
[2024-07-27T22:12:23.139+0000] {logging_mixin.py:188} INFO - [2024-07-27T22:12:23.139+0000] {dag.py:3947} INFO - Setting next_dagrun for dataset_produces_1 to 2024-07-26 00:00:00+00:00, run_after=2024-07-27 00:00:00+00:00
[2024-07-27T22:12:23.140+0000] {logging_mixin.py:188} INFO - [2024-07-27T22:12:23.140+0000] {dag.py:3947} INFO - Setting next_dagrun for dataset_produces_2 to None, run_after=None
[2024-07-27T22:12:23.174+0000] {processor.py:183} INFO - Processing /home/airflow/.local/lib/python3.12/site-packages/airflow/example_dags/example_datasets.py took 0.164 seconds
[2024-07-27T22:12:53.307+0000] {processor.py:161} INFO - Started process (PID=671) to work on /home/airflow/.local/lib/python3.12/site-packages/airflow/example_dags/example_datasets.py
[2024-07-27T22:12:53.309+0000] {processor.py:830} INFO - Processing file /home/airflow/.local/lib/python3.12/site-packages/airflow/example_dags/example_datasets.py for tasks to queue
[2024-07-27T22:12:53.315+0000] {logging_mixin.py:188} INFO - [2024-07-27T22:12:53.314+0000] {dagbag.py:545} INFO - Filling up the DagBag from /home/airflow/.local/lib/python3.12/site-packages/airflow/example_dags/example_datasets.py
[2024-07-27T22:12:53.366+0000] {processor.py:840} INFO - DAG(s) 'consume_1_and_2_with_dataset_expressions', 'consume_1_or_both_2_and_3_with_dataset_expressions', 'dataset_produces_2', 'dataset_consumes_1_never_scheduled', 'dataset_produces_1', 'dataset_consumes_unknown_never_scheduled', 'consume_1_or_2_with_dataset_expressions', 'dataset_consumes_1', 'dataset_consumes_1_and_2', 'conditional_dataset_and_time_based_timetable' retrieved from /home/airflow/.local/lib/python3.12/site-packages/airflow/example_dags/example_datasets.py
[2024-07-27T22:12:53.535+0000] {logging_mixin.py:188} INFO - [2024-07-27T22:12:53.534+0000] {dag.py:3089} INFO - Sync 10 DAGs
[2024-07-27T22:12:53.628+0000] {logging_mixin.py:188} INFO - [2024-07-27T22:12:53.627+0000] {dag.py:3947} INFO - Setting next_dagrun for conditional_dataset_and_time_based_timetable to 2024-07-24 01:00:00+00:00, run_after=2024-07-24 01:00:00+00:00
[2024-07-27T22:12:53.642+0000] {logging_mixin.py:188} INFO - [2024-07-27T22:12:53.641+0000] {dag.py:3947} INFO - Setting next_dagrun for consume_1_and_2_with_dataset_expressions to None, run_after=None
[2024-07-27T22:12:53.646+0000] {logging_mixin.py:188} INFO - [2024-07-27T22:12:53.646+0000] {dag.py:3947} INFO - Setting next_dagrun for consume_1_or_2_with_dataset_expressions to None, run_after=None
[2024-07-27T22:12:53.651+0000] {logging_mixin.py:188} INFO - [2024-07-27T22:12:53.650+0000] {dag.py:3947} INFO - Setting next_dagrun for consume_1_or_both_2_and_3_with_dataset_expressions to None, run_after=None
[2024-07-27T22:12:53.655+0000] {logging_mixin.py:188} INFO - [2024-07-27T22:12:53.654+0000] {dag.py:3947} INFO - Setting next_dagrun for dataset_consumes_1 to None, run_after=None
[2024-07-27T22:12:53.659+0000] {logging_mixin.py:188} INFO - [2024-07-27T22:12:53.658+0000] {dag.py:3947} INFO - Setting next_dagrun for dataset_consumes_1_and_2 to None, run_after=None
[2024-07-27T22:12:53.663+0000] {logging_mixin.py:188} INFO - [2024-07-27T22:12:53.663+0000] {dag.py:3947} INFO - Setting next_dagrun for dataset_consumes_1_never_scheduled to None, run_after=None
[2024-07-27T22:12:53.667+0000] {logging_mixin.py:188} INFO - [2024-07-27T22:12:53.667+0000] {dag.py:3947} INFO - Setting next_dagrun for dataset_consumes_unknown_never_scheduled to None, run_after=None
[2024-07-27T22:12:53.677+0000] {logging_mixin.py:188} INFO - [2024-07-27T22:12:53.676+0000] {dag.py:3947} INFO - Setting next_dagrun for dataset_produces_1 to 2024-07-26 00:00:00+00:00, run_after=2024-07-27 00:00:00+00:00
[2024-07-27T22:12:53.681+0000] {logging_mixin.py:188} INFO - [2024-07-27T22:12:53.680+0000] {dag.py:3947} INFO - Setting next_dagrun for dataset_produces_2 to None, run_after=None
[2024-07-27T22:12:53.809+0000] {processor.py:183} INFO - Processing /home/airflow/.local/lib/python3.12/site-packages/airflow/example_dags/example_datasets.py took 0.521 seconds
[2024-07-27T22:13:23.894+0000] {processor.py:161} INFO - Started process (PID=729) to work on /home/airflow/.local/lib/python3.12/site-packages/airflow/example_dags/example_datasets.py
[2024-07-27T22:13:23.895+0000] {processor.py:830} INFO - Processing file /home/airflow/.local/lib/python3.12/site-packages/airflow/example_dags/example_datasets.py for tasks to queue
[2024-07-27T22:13:23.897+0000] {logging_mixin.py:188} INFO - [2024-07-27T22:13:23.896+0000] {dagbag.py:545} INFO - Filling up the DagBag from /home/airflow/.local/lib/python3.12/site-packages/airflow/example_dags/example_datasets.py
[2024-07-27T22:13:23.911+0000] {processor.py:840} INFO - DAG(s) 'dataset_produces_2', 'dataset_consumes_unknown_never_scheduled', 'dataset_produces_1', 'dataset_consumes_1_and_2', 'consume_1_and_2_with_dataset_expressions', 'conditional_dataset_and_time_based_timetable', 'dataset_consumes_1_never_scheduled', 'consume_1_or_2_with_dataset_expressions', 'consume_1_or_both_2_and_3_with_dataset_expressions', 'dataset_consumes_1' retrieved from /home/airflow/.local/lib/python3.12/site-packages/airflow/example_dags/example_datasets.py
[2024-07-27T22:13:23.967+0000] {logging_mixin.py:188} INFO - [2024-07-27T22:13:23.967+0000] {dag.py:3089} INFO - Sync 10 DAGs
[2024-07-27T22:13:23.997+0000] {logging_mixin.py:188} INFO - [2024-07-27T22:13:23.997+0000] {dag.py:3947} INFO - Setting next_dagrun for conditional_dataset_and_time_based_timetable to 2024-07-24 01:00:00+00:00, run_after=2024-07-24 01:00:00+00:00
[2024-07-27T22:13:24.002+0000] {logging_mixin.py:188} INFO - [2024-07-27T22:13:24.001+0000] {dag.py:3947} INFO - Setting next_dagrun for consume_1_and_2_with_dataset_expressions to None, run_after=None
[2024-07-27T22:13:24.003+0000] {logging_mixin.py:188} INFO - [2024-07-27T22:13:24.003+0000] {dag.py:3947} INFO - Setting next_dagrun for consume_1_or_2_with_dataset_expressions to None, run_after=None
[2024-07-27T22:13:24.004+0000] {logging_mixin.py:188} INFO - [2024-07-27T22:13:24.004+0000] {dag.py:3947} INFO - Setting next_dagrun for consume_1_or_both_2_and_3_with_dataset_expressions to None, run_after=None
[2024-07-27T22:13:24.006+0000] {logging_mixin.py:188} INFO - [2024-07-27T22:13:24.005+0000] {dag.py:3947} INFO - Setting next_dagrun for dataset_consumes_1 to None, run_after=None
[2024-07-27T22:13:24.007+0000] {logging_mixin.py:188} INFO - [2024-07-27T22:13:24.007+0000] {dag.py:3947} INFO - Setting next_dagrun for dataset_consumes_1_and_2 to None, run_after=None
[2024-07-27T22:13:24.008+0000] {logging_mixin.py:188} INFO - [2024-07-27T22:13:24.008+0000] {dag.py:3947} INFO - Setting next_dagrun for dataset_consumes_1_never_scheduled to None, run_after=None
[2024-07-27T22:13:24.009+0000] {logging_mixin.py:188} INFO - [2024-07-27T22:13:24.009+0000] {dag.py:3947} INFO - Setting next_dagrun for dataset_consumes_unknown_never_scheduled to None, run_after=None
[2024-07-27T22:13:24.012+0000] {logging_mixin.py:188} INFO - [2024-07-27T22:13:24.012+0000] {dag.py:3947} INFO - Setting next_dagrun for dataset_produces_1 to 2024-07-26 00:00:00+00:00, run_after=2024-07-27 00:00:00+00:00
[2024-07-27T22:13:24.013+0000] {logging_mixin.py:188} INFO - [2024-07-27T22:13:24.013+0000] {dag.py:3947} INFO - Setting next_dagrun for dataset_produces_2 to None, run_after=None
[2024-07-27T22:13:24.054+0000] {processor.py:183} INFO - Processing /home/airflow/.local/lib/python3.12/site-packages/airflow/example_dags/example_datasets.py took 0.166 seconds
