[2024-07-27T22:07:42.385+0000] {processor.py:161} INFO - Started process (PID=104) to work on /home/airflow/.local/lib/python3.12/site-packages/airflow/example_dags/example_external_task_marker_dag.py
[2024-07-27T22:07:42.386+0000] {processor.py:830} INFO - Processing file /home/airflow/.local/lib/python3.12/site-packages/airflow/example_dags/example_external_task_marker_dag.py for tasks to queue
[2024-07-27T22:07:42.388+0000] {logging_mixin.py:188} INFO - [2024-07-27T22:07:42.387+0000] {dagbag.py:545} INFO - Filling up the DagBag from /home/airflow/.local/lib/python3.12/site-packages/airflow/example_dags/example_external_task_marker_dag.py
[2024-07-27T22:07:42.395+0000] {processor.py:840} INFO - DAG(s) 'example_external_task_marker_parent', 'example_external_task_marker_child' retrieved from /home/airflow/.local/lib/python3.12/site-packages/airflow/example_dags/example_external_task_marker_dag.py
[2024-07-27T22:07:42.546+0000] {logging_mixin.py:188} INFO - [2024-07-27T22:07:42.546+0000] {dag.py:3089} INFO - Sync 2 DAGs
[2024-07-27T22:07:42.559+0000] {logging_mixin.py:188} INFO - [2024-07-27T22:07:42.559+0000] {dag.py:3947} INFO - Setting next_dagrun for example_external_task_marker_child to None, run_after=None
[2024-07-27T22:07:42.563+0000] {logging_mixin.py:188} INFO - [2024-07-27T22:07:42.563+0000] {dag.py:3947} INFO - Setting next_dagrun for example_external_task_marker_parent to None, run_after=None
[2024-07-27T22:07:42.584+0000] {processor.py:183} INFO - Processing /home/airflow/.local/lib/python3.12/site-packages/airflow/example_dags/example_external_task_marker_dag.py took 0.207 seconds
[2024-07-27T22:08:13.051+0000] {processor.py:161} INFO - Started process (PID=162) to work on /home/airflow/.local/lib/python3.12/site-packages/airflow/example_dags/example_external_task_marker_dag.py
[2024-07-27T22:08:13.056+0000] {processor.py:830} INFO - Processing file /home/airflow/.local/lib/python3.12/site-packages/airflow/example_dags/example_external_task_marker_dag.py for tasks to queue
[2024-07-27T22:08:13.060+0000] {logging_mixin.py:188} INFO - [2024-07-27T22:08:13.059+0000] {dagbag.py:545} INFO - Filling up the DagBag from /home/airflow/.local/lib/python3.12/site-packages/airflow/example_dags/example_external_task_marker_dag.py
[2024-07-27T22:08:13.070+0000] {processor.py:840} INFO - DAG(s) 'example_external_task_marker_parent', 'example_external_task_marker_child' retrieved from /home/airflow/.local/lib/python3.12/site-packages/airflow/example_dags/example_external_task_marker_dag.py
[2024-07-27T22:08:13.102+0000] {logging_mixin.py:188} INFO - [2024-07-27T22:08:13.102+0000] {dag.py:3089} INFO - Sync 2 DAGs
[2024-07-27T22:08:13.124+0000] {logging_mixin.py:188} INFO - [2024-07-27T22:08:13.124+0000] {dag.py:3947} INFO - Setting next_dagrun for example_external_task_marker_child to None, run_after=None
[2024-07-27T22:08:13.130+0000] {logging_mixin.py:188} INFO - [2024-07-27T22:08:13.130+0000] {dag.py:3947} INFO - Setting next_dagrun for example_external_task_marker_parent to None, run_after=None
[2024-07-27T22:08:13.152+0000] {processor.py:183} INFO - Processing /home/airflow/.local/lib/python3.12/site-packages/airflow/example_dags/example_external_task_marker_dag.py took 0.118 seconds
[2024-07-27T22:08:43.602+0000] {processor.py:161} INFO - Started process (PID=220) to work on /home/airflow/.local/lib/python3.12/site-packages/airflow/example_dags/example_external_task_marker_dag.py
[2024-07-27T22:08:43.605+0000] {processor.py:830} INFO - Processing file /home/airflow/.local/lib/python3.12/site-packages/airflow/example_dags/example_external_task_marker_dag.py for tasks to queue
[2024-07-27T22:08:43.611+0000] {logging_mixin.py:188} INFO - [2024-07-27T22:08:43.610+0000] {dagbag.py:545} INFO - Filling up the DagBag from /home/airflow/.local/lib/python3.12/site-packages/airflow/example_dags/example_external_task_marker_dag.py
[2024-07-27T22:08:43.631+0000] {processor.py:840} INFO - DAG(s) 'example_external_task_marker_parent', 'example_external_task_marker_child' retrieved from /home/airflow/.local/lib/python3.12/site-packages/airflow/example_dags/example_external_task_marker_dag.py
[2024-07-27T22:08:43.727+0000] {logging_mixin.py:188} INFO - [2024-07-27T22:08:43.726+0000] {dag.py:3089} INFO - Sync 2 DAGs
[2024-07-27T22:08:43.783+0000] {logging_mixin.py:188} INFO - [2024-07-27T22:08:43.782+0000] {dag.py:3947} INFO - Setting next_dagrun for example_external_task_marker_child to None, run_after=None
[2024-07-27T22:08:43.798+0000] {logging_mixin.py:188} INFO - [2024-07-27T22:08:43.797+0000] {dag.py:3947} INFO - Setting next_dagrun for example_external_task_marker_parent to None, run_after=None
[2024-07-27T22:08:43.858+0000] {processor.py:183} INFO - Processing /home/airflow/.local/lib/python3.12/site-packages/airflow/example_dags/example_external_task_marker_dag.py took 0.277 seconds
[2024-07-27T22:09:15.457+0000] {processor.py:161} INFO - Started process (PID=278) to work on /home/airflow/.local/lib/python3.12/site-packages/airflow/example_dags/example_external_task_marker_dag.py
[2024-07-27T22:09:15.460+0000] {processor.py:830} INFO - Processing file /home/airflow/.local/lib/python3.12/site-packages/airflow/example_dags/example_external_task_marker_dag.py for tasks to queue
[2024-07-27T22:09:15.467+0000] {logging_mixin.py:188} INFO - [2024-07-27T22:09:15.465+0000] {dagbag.py:545} INFO - Filling up the DagBag from /home/airflow/.local/lib/python3.12/site-packages/airflow/example_dags/example_external_task_marker_dag.py
[2024-07-27T22:09:15.493+0000] {processor.py:840} INFO - DAG(s) 'example_external_task_marker_child', 'example_external_task_marker_parent' retrieved from /home/airflow/.local/lib/python3.12/site-packages/airflow/example_dags/example_external_task_marker_dag.py
[2024-07-27T22:09:15.575+0000] {logging_mixin.py:188} INFO - [2024-07-27T22:09:15.574+0000] {dag.py:3089} INFO - Sync 2 DAGs
[2024-07-27T22:09:15.633+0000] {logging_mixin.py:188} INFO - [2024-07-27T22:09:15.632+0000] {dag.py:3947} INFO - Setting next_dagrun for example_external_task_marker_child to None, run_after=None
[2024-07-27T22:09:15.646+0000] {logging_mixin.py:188} INFO - [2024-07-27T22:09:15.646+0000] {dag.py:3947} INFO - Setting next_dagrun for example_external_task_marker_parent to None, run_after=None
[2024-07-27T22:09:15.701+0000] {processor.py:183} INFO - Processing /home/airflow/.local/lib/python3.12/site-packages/airflow/example_dags/example_external_task_marker_dag.py took 0.264 seconds
[2024-07-27T22:09:47.481+0000] {processor.py:161} INFO - Started process (PID=336) to work on /home/airflow/.local/lib/python3.12/site-packages/airflow/example_dags/example_external_task_marker_dag.py
[2024-07-27T22:09:47.484+0000] {processor.py:830} INFO - Processing file /home/airflow/.local/lib/python3.12/site-packages/airflow/example_dags/example_external_task_marker_dag.py for tasks to queue
[2024-07-27T22:09:47.493+0000] {logging_mixin.py:188} INFO - [2024-07-27T22:09:47.491+0000] {dagbag.py:545} INFO - Filling up the DagBag from /home/airflow/.local/lib/python3.12/site-packages/airflow/example_dags/example_external_task_marker_dag.py
[2024-07-27T22:09:47.523+0000] {processor.py:840} INFO - DAG(s) 'example_external_task_marker_child', 'example_external_task_marker_parent' retrieved from /home/airflow/.local/lib/python3.12/site-packages/airflow/example_dags/example_external_task_marker_dag.py
[2024-07-27T22:09:47.626+0000] {logging_mixin.py:188} INFO - [2024-07-27T22:09:47.626+0000] {dag.py:3089} INFO - Sync 2 DAGs
[2024-07-27T22:09:47.684+0000] {logging_mixin.py:188} INFO - [2024-07-27T22:09:47.683+0000] {dag.py:3947} INFO - Setting next_dagrun for example_external_task_marker_child to None, run_after=None
[2024-07-27T22:09:47.701+0000] {logging_mixin.py:188} INFO - [2024-07-27T22:09:47.700+0000] {dag.py:3947} INFO - Setting next_dagrun for example_external_task_marker_parent to None, run_after=None
[2024-07-27T22:09:47.765+0000] {processor.py:183} INFO - Processing /home/airflow/.local/lib/python3.12/site-packages/airflow/example_dags/example_external_task_marker_dag.py took 0.308 seconds
[2024-07-27T22:10:18.552+0000] {processor.py:161} INFO - Started process (PID=394) to work on /home/airflow/.local/lib/python3.12/site-packages/airflow/example_dags/example_external_task_marker_dag.py
[2024-07-27T22:10:18.554+0000] {processor.py:830} INFO - Processing file /home/airflow/.local/lib/python3.12/site-packages/airflow/example_dags/example_external_task_marker_dag.py for tasks to queue
[2024-07-27T22:10:18.557+0000] {logging_mixin.py:188} INFO - [2024-07-27T22:10:18.557+0000] {dagbag.py:545} INFO - Filling up the DagBag from /home/airflow/.local/lib/python3.12/site-packages/airflow/example_dags/example_external_task_marker_dag.py
[2024-07-27T22:10:18.567+0000] {processor.py:840} INFO - DAG(s) 'example_external_task_marker_parent', 'example_external_task_marker_child' retrieved from /home/airflow/.local/lib/python3.12/site-packages/airflow/example_dags/example_external_task_marker_dag.py
[2024-07-27T22:10:18.624+0000] {logging_mixin.py:188} INFO - [2024-07-27T22:10:18.622+0000] {dag.py:3089} INFO - Sync 2 DAGs
[2024-07-27T22:10:18.663+0000] {logging_mixin.py:188} INFO - [2024-07-27T22:10:18.662+0000] {dag.py:3947} INFO - Setting next_dagrun for example_external_task_marker_child to None, run_after=None
[2024-07-27T22:10:18.671+0000] {logging_mixin.py:188} INFO - [2024-07-27T22:10:18.671+0000] {dag.py:3947} INFO - Setting next_dagrun for example_external_task_marker_parent to None, run_after=None
[2024-07-27T22:10:18.692+0000] {processor.py:183} INFO - Processing /home/airflow/.local/lib/python3.12/site-packages/airflow/example_dags/example_external_task_marker_dag.py took 0.150 seconds
[2024-07-27T22:10:52.922+0000] {processor.py:161} INFO - Started process (PID=452) to work on /home/airflow/.local/lib/python3.12/site-packages/airflow/example_dags/example_external_task_marker_dag.py
[2024-07-27T22:10:52.928+0000] {processor.py:830} INFO - Processing file /home/airflow/.local/lib/python3.12/site-packages/airflow/example_dags/example_external_task_marker_dag.py for tasks to queue
[2024-07-27T22:10:52.942+0000] {logging_mixin.py:188} INFO - [2024-07-27T22:10:52.939+0000] {dagbag.py:545} INFO - Filling up the DagBag from /home/airflow/.local/lib/python3.12/site-packages/airflow/example_dags/example_external_task_marker_dag.py
[2024-07-27T22:10:52.995+0000] {processor.py:840} INFO - DAG(s) 'example_external_task_marker_parent', 'example_external_task_marker_child' retrieved from /home/airflow/.local/lib/python3.12/site-packages/airflow/example_dags/example_external_task_marker_dag.py
[2024-07-27T22:10:53.166+0000] {logging_mixin.py:188} INFO - [2024-07-27T22:10:53.164+0000] {dag.py:3089} INFO - Sync 2 DAGs
[2024-07-27T22:10:53.270+0000] {logging_mixin.py:188} INFO - [2024-07-27T22:10:53.268+0000] {dag.py:3947} INFO - Setting next_dagrun for example_external_task_marker_child to None, run_after=None
[2024-07-27T22:10:53.298+0000] {logging_mixin.py:188} INFO - [2024-07-27T22:10:53.297+0000] {dag.py:3947} INFO - Setting next_dagrun for example_external_task_marker_parent to None, run_after=None
[2024-07-27T22:10:53.427+0000] {processor.py:183} INFO - Processing /home/airflow/.local/lib/python3.12/site-packages/airflow/example_dags/example_external_task_marker_dag.py took 0.558 seconds
[2024-07-27T22:11:27.579+0000] {processor.py:161} INFO - Started process (PID=510) to work on /home/airflow/.local/lib/python3.12/site-packages/airflow/example_dags/example_external_task_marker_dag.py
[2024-07-27T22:11:27.585+0000] {processor.py:830} INFO - Processing file /home/airflow/.local/lib/python3.12/site-packages/airflow/example_dags/example_external_task_marker_dag.py for tasks to queue
[2024-07-27T22:11:27.600+0000] {logging_mixin.py:188} INFO - [2024-07-27T22:11:27.597+0000] {dagbag.py:545} INFO - Filling up the DagBag from /home/airflow/.local/lib/python3.12/site-packages/airflow/example_dags/example_external_task_marker_dag.py
[2024-07-27T22:11:27.648+0000] {processor.py:840} INFO - DAG(s) 'example_external_task_marker_parent', 'example_external_task_marker_child' retrieved from /home/airflow/.local/lib/python3.12/site-packages/airflow/example_dags/example_external_task_marker_dag.py
[2024-07-27T22:11:27.825+0000] {logging_mixin.py:188} INFO - [2024-07-27T22:11:27.823+0000] {dag.py:3089} INFO - Sync 2 DAGs
[2024-07-27T22:11:27.933+0000] {logging_mixin.py:188} INFO - [2024-07-27T22:11:27.931+0000] {dag.py:3947} INFO - Setting next_dagrun for example_external_task_marker_child to None, run_after=None
[2024-07-27T22:11:27.965+0000] {logging_mixin.py:188} INFO - [2024-07-27T22:11:27.964+0000] {dag.py:3947} INFO - Setting next_dagrun for example_external_task_marker_parent to None, run_after=None
[2024-07-27T22:11:28.094+0000] {processor.py:183} INFO - Processing /home/airflow/.local/lib/python3.12/site-packages/airflow/example_dags/example_external_task_marker_dag.py took 0.558 seconds
[2024-07-27T22:11:58.375+0000] {processor.py:161} INFO - Started process (PID=568) to work on /home/airflow/.local/lib/python3.12/site-packages/airflow/example_dags/example_external_task_marker_dag.py
[2024-07-27T22:11:58.377+0000] {processor.py:830} INFO - Processing file /home/airflow/.local/lib/python3.12/site-packages/airflow/example_dags/example_external_task_marker_dag.py for tasks to queue
[2024-07-27T22:11:58.383+0000] {logging_mixin.py:188} INFO - [2024-07-27T22:11:58.381+0000] {dagbag.py:545} INFO - Filling up the DagBag from /home/airflow/.local/lib/python3.12/site-packages/airflow/example_dags/example_external_task_marker_dag.py
[2024-07-27T22:11:58.402+0000] {processor.py:840} INFO - DAG(s) 'example_external_task_marker_child', 'example_external_task_marker_parent' retrieved from /home/airflow/.local/lib/python3.12/site-packages/airflow/example_dags/example_external_task_marker_dag.py
[2024-07-27T22:11:58.479+0000] {logging_mixin.py:188} INFO - [2024-07-27T22:11:58.478+0000] {dag.py:3089} INFO - Sync 2 DAGs
[2024-07-27T22:11:58.529+0000] {logging_mixin.py:188} INFO - [2024-07-27T22:11:58.528+0000] {dag.py:3947} INFO - Setting next_dagrun for example_external_task_marker_child to None, run_after=None
[2024-07-27T22:11:58.542+0000] {logging_mixin.py:188} INFO - [2024-07-27T22:11:58.541+0000] {dag.py:3947} INFO - Setting next_dagrun for example_external_task_marker_parent to None, run_after=None
[2024-07-27T22:11:58.596+0000] {processor.py:183} INFO - Processing /home/airflow/.local/lib/python3.12/site-packages/airflow/example_dags/example_external_task_marker_dag.py took 0.241 seconds
[2024-07-27T22:12:28.954+0000] {processor.py:161} INFO - Started process (PID=626) to work on /home/airflow/.local/lib/python3.12/site-packages/airflow/example_dags/example_external_task_marker_dag.py
[2024-07-27T22:12:28.956+0000] {processor.py:830} INFO - Processing file /home/airflow/.local/lib/python3.12/site-packages/airflow/example_dags/example_external_task_marker_dag.py for tasks to queue
[2024-07-27T22:12:28.962+0000] {logging_mixin.py:188} INFO - [2024-07-27T22:12:28.961+0000] {dagbag.py:545} INFO - Filling up the DagBag from /home/airflow/.local/lib/python3.12/site-packages/airflow/example_dags/example_external_task_marker_dag.py
[2024-07-27T22:12:28.982+0000] {processor.py:840} INFO - DAG(s) 'example_external_task_marker_child', 'example_external_task_marker_parent' retrieved from /home/airflow/.local/lib/python3.12/site-packages/airflow/example_dags/example_external_task_marker_dag.py
[2024-07-27T22:12:29.059+0000] {logging_mixin.py:188} INFO - [2024-07-27T22:12:29.058+0000] {dag.py:3089} INFO - Sync 2 DAGs
[2024-07-27T22:12:29.108+0000] {logging_mixin.py:188} INFO - [2024-07-27T22:12:29.107+0000] {dag.py:3947} INFO - Setting next_dagrun for example_external_task_marker_child to None, run_after=None
[2024-07-27T22:12:29.121+0000] {logging_mixin.py:188} INFO - [2024-07-27T22:12:29.120+0000] {dag.py:3947} INFO - Setting next_dagrun for example_external_task_marker_parent to None, run_after=None
[2024-07-27T22:12:29.176+0000] {processor.py:183} INFO - Processing /home/airflow/.local/lib/python3.12/site-packages/airflow/example_dags/example_external_task_marker_dag.py took 0.243 seconds
[2024-07-27T22:12:59.992+0000] {processor.py:161} INFO - Started process (PID=684) to work on /home/airflow/.local/lib/python3.12/site-packages/airflow/example_dags/example_external_task_marker_dag.py
[2024-07-27T22:12:59.995+0000] {processor.py:830} INFO - Processing file /home/airflow/.local/lib/python3.12/site-packages/airflow/example_dags/example_external_task_marker_dag.py for tasks to queue
[2024-07-27T22:13:00.001+0000] {logging_mixin.py:188} INFO - [2024-07-27T22:12:59.999+0000] {dagbag.py:545} INFO - Filling up the DagBag from /home/airflow/.local/lib/python3.12/site-packages/airflow/example_dags/example_external_task_marker_dag.py
[2024-07-27T22:13:00.021+0000] {processor.py:840} INFO - DAG(s) 'example_external_task_marker_child', 'example_external_task_marker_parent' retrieved from /home/airflow/.local/lib/python3.12/site-packages/airflow/example_dags/example_external_task_marker_dag.py
[2024-07-27T22:13:00.098+0000] {logging_mixin.py:188} INFO - [2024-07-27T22:13:00.097+0000] {dag.py:3089} INFO - Sync 2 DAGs
[2024-07-27T22:13:00.163+0000] {logging_mixin.py:188} INFO - [2024-07-27T22:13:00.162+0000] {dag.py:3947} INFO - Setting next_dagrun for example_external_task_marker_child to None, run_after=None
[2024-07-27T22:13:00.182+0000] {logging_mixin.py:188} INFO - [2024-07-27T22:13:00.181+0000] {dag.py:3947} INFO - Setting next_dagrun for example_external_task_marker_parent to None, run_after=None
[2024-07-27T22:13:00.239+0000] {processor.py:183} INFO - Processing /home/airflow/.local/lib/python3.12/site-packages/airflow/example_dags/example_external_task_marker_dag.py took 0.267 seconds
[2024-07-27T22:13:30.388+0000] {processor.py:161} INFO - Started process (PID=742) to work on /home/airflow/.local/lib/python3.12/site-packages/airflow/example_dags/example_external_task_marker_dag.py
[2024-07-27T22:13:30.391+0000] {processor.py:830} INFO - Processing file /home/airflow/.local/lib/python3.12/site-packages/airflow/example_dags/example_external_task_marker_dag.py for tasks to queue
[2024-07-27T22:13:30.397+0000] {logging_mixin.py:188} INFO - [2024-07-27T22:13:30.396+0000] {dagbag.py:545} INFO - Filling up the DagBag from /home/airflow/.local/lib/python3.12/site-packages/airflow/example_dags/example_external_task_marker_dag.py
[2024-07-27T22:13:30.408+0000] {processor.py:840} INFO - DAG(s) 'example_external_task_marker_parent', 'example_external_task_marker_child' retrieved from /home/airflow/.local/lib/python3.12/site-packages/airflow/example_dags/example_external_task_marker_dag.py
[2024-07-27T22:13:30.438+0000] {logging_mixin.py:188} INFO - [2024-07-27T22:13:30.437+0000] {dag.py:3089} INFO - Sync 2 DAGs
[2024-07-27T22:13:30.456+0000] {logging_mixin.py:188} INFO - [2024-07-27T22:13:30.456+0000] {dag.py:3947} INFO - Setting next_dagrun for example_external_task_marker_child to None, run_after=None
[2024-07-27T22:13:30.461+0000] {logging_mixin.py:188} INFO - [2024-07-27T22:13:30.461+0000] {dag.py:3947} INFO - Setting next_dagrun for example_external_task_marker_parent to None, run_after=None
[2024-07-27T22:13:30.480+0000] {processor.py:183} INFO - Processing /home/airflow/.local/lib/python3.12/site-packages/airflow/example_dags/example_external_task_marker_dag.py took 0.109 seconds
