[2024-07-27T22:07:38.316+0000] {processor.py:161} INFO - Started process (PID=81) to work on /home/airflow/.local/lib/python3.12/site-packages/airflow/example_dags/example_branch_operator_decorator.py
[2024-07-27T22:07:38.317+0000] {processor.py:830} INFO - Processing file /home/airflow/.local/lib/python3.12/site-packages/airflow/example_dags/example_branch_operator_decorator.py for tasks to queue
[2024-07-27T22:07:38.319+0000] {logging_mixin.py:188} INFO - [2024-07-27T22:07:38.319+0000] {dagbag.py:545} INFO - Filling up the DagBag from /home/airflow/.local/lib/python3.12/site-packages/airflow/example_dags/example_branch_operator_decorator.py
[2024-07-27T22:07:38.357+0000] {processor.py:840} INFO - DAG(s) 'example_branch_python_operator_decorator' retrieved from /home/airflow/.local/lib/python3.12/site-packages/airflow/example_dags/example_branch_operator_decorator.py
[2024-07-27T22:07:38.548+0000] {logging_mixin.py:188} INFO - [2024-07-27T22:07:38.548+0000] {dag.py:3089} INFO - Sync 1 DAGs
[2024-07-27T22:07:38.582+0000] {logging_mixin.py:188} INFO - [2024-07-27T22:07:38.581+0000] {dag.py:3947} INFO - Setting next_dagrun for example_branch_python_operator_decorator to 2024-07-26 00:00:00+00:00, run_after=2024-07-27 00:00:00+00:00
[2024-07-27T22:07:38.612+0000] {processor.py:183} INFO - Processing /home/airflow/.local/lib/python3.12/site-packages/airflow/example_dags/example_branch_operator_decorator.py took 0.304 seconds
[2024-07-27T22:08:09.225+0000] {processor.py:161} INFO - Started process (PID=139) to work on /home/airflow/.local/lib/python3.12/site-packages/airflow/example_dags/example_branch_operator_decorator.py
[2024-07-27T22:08:09.226+0000] {processor.py:830} INFO - Processing file /home/airflow/.local/lib/python3.12/site-packages/airflow/example_dags/example_branch_operator_decorator.py for tasks to queue
[2024-07-27T22:08:09.228+0000] {logging_mixin.py:188} INFO - [2024-07-27T22:08:09.228+0000] {dagbag.py:545} INFO - Filling up the DagBag from /home/airflow/.local/lib/python3.12/site-packages/airflow/example_dags/example_branch_operator_decorator.py
[2024-07-27T22:08:09.268+0000] {processor.py:840} INFO - DAG(s) 'example_branch_python_operator_decorator' retrieved from /home/airflow/.local/lib/python3.12/site-packages/airflow/example_dags/example_branch_operator_decorator.py
[2024-07-27T22:08:09.322+0000] {logging_mixin.py:188} INFO - [2024-07-27T22:08:09.322+0000] {dag.py:3089} INFO - Sync 1 DAGs
[2024-07-27T22:08:09.361+0000] {logging_mixin.py:188} INFO - [2024-07-27T22:08:09.361+0000] {dag.py:3947} INFO - Setting next_dagrun for example_branch_python_operator_decorator to 2024-07-26 00:00:00+00:00, run_after=2024-07-27 00:00:00+00:00
[2024-07-27T22:08:09.388+0000] {processor.py:183} INFO - Processing /home/airflow/.local/lib/python3.12/site-packages/airflow/example_dags/example_branch_operator_decorator.py took 0.170 seconds
[2024-07-27T22:08:40.481+0000] {processor.py:161} INFO - Started process (PID=197) to work on /home/airflow/.local/lib/python3.12/site-packages/airflow/example_dags/example_branch_operator_decorator.py
[2024-07-27T22:08:40.483+0000] {processor.py:830} INFO - Processing file /home/airflow/.local/lib/python3.12/site-packages/airflow/example_dags/example_branch_operator_decorator.py for tasks to queue
[2024-07-27T22:08:40.488+0000] {logging_mixin.py:188} INFO - [2024-07-27T22:08:40.487+0000] {dagbag.py:545} INFO - Filling up the DagBag from /home/airflow/.local/lib/python3.12/site-packages/airflow/example_dags/example_branch_operator_decorator.py
[2024-07-27T22:08:40.567+0000] {processor.py:840} INFO - DAG(s) 'example_branch_python_operator_decorator' retrieved from /home/airflow/.local/lib/python3.12/site-packages/airflow/example_dags/example_branch_operator_decorator.py
[2024-07-27T22:08:40.675+0000] {logging_mixin.py:188} INFO - [2024-07-27T22:08:40.674+0000] {dag.py:3089} INFO - Sync 1 DAGs
[2024-07-27T22:08:40.760+0000] {logging_mixin.py:188} INFO - [2024-07-27T22:08:40.759+0000] {dag.py:3947} INFO - Setting next_dagrun for example_branch_python_operator_decorator to 2024-07-26 00:00:00+00:00, run_after=2024-07-27 00:00:00+00:00
[2024-07-27T22:08:40.827+0000] {processor.py:183} INFO - Processing /home/airflow/.local/lib/python3.12/site-packages/airflow/example_dags/example_branch_operator_decorator.py took 0.366 seconds
[2024-07-27T22:09:10.959+0000] {processor.py:161} INFO - Started process (PID=255) to work on /home/airflow/.local/lib/python3.12/site-packages/airflow/example_dags/example_branch_operator_decorator.py
[2024-07-27T22:09:10.960+0000] {processor.py:830} INFO - Processing file /home/airflow/.local/lib/python3.12/site-packages/airflow/example_dags/example_branch_operator_decorator.py for tasks to queue
[2024-07-27T22:09:10.961+0000] {logging_mixin.py:188} INFO - [2024-07-27T22:09:10.961+0000] {dagbag.py:545} INFO - Filling up the DagBag from /home/airflow/.local/lib/python3.12/site-packages/airflow/example_dags/example_branch_operator_decorator.py
[2024-07-27T22:09:10.988+0000] {processor.py:840} INFO - DAG(s) 'example_branch_python_operator_decorator' retrieved from /home/airflow/.local/lib/python3.12/site-packages/airflow/example_dags/example_branch_operator_decorator.py
[2024-07-27T22:09:11.026+0000] {logging_mixin.py:188} INFO - [2024-07-27T22:09:11.025+0000] {dag.py:3089} INFO - Sync 1 DAGs
[2024-07-27T22:09:11.055+0000] {logging_mixin.py:188} INFO - [2024-07-27T22:09:11.055+0000] {dag.py:3947} INFO - Setting next_dagrun for example_branch_python_operator_decorator to 2024-07-26 00:00:00+00:00, run_after=2024-07-27 00:00:00+00:00
[2024-07-27T22:09:11.077+0000] {processor.py:183} INFO - Processing /home/airflow/.local/lib/python3.12/site-packages/airflow/example_dags/example_branch_operator_decorator.py took 0.125 seconds
[2024-07-27T22:09:42.536+0000] {processor.py:161} INFO - Started process (PID=313) to work on /home/airflow/.local/lib/python3.12/site-packages/airflow/example_dags/example_branch_operator_decorator.py
[2024-07-27T22:09:42.538+0000] {processor.py:830} INFO - Processing file /home/airflow/.local/lib/python3.12/site-packages/airflow/example_dags/example_branch_operator_decorator.py for tasks to queue
[2024-07-27T22:09:42.544+0000] {logging_mixin.py:188} INFO - [2024-07-27T22:09:42.542+0000] {dagbag.py:545} INFO - Filling up the DagBag from /home/airflow/.local/lib/python3.12/site-packages/airflow/example_dags/example_branch_operator_decorator.py
[2024-07-27T22:09:42.611+0000] {processor.py:840} INFO - DAG(s) 'example_branch_python_operator_decorator' retrieved from /home/airflow/.local/lib/python3.12/site-packages/airflow/example_dags/example_branch_operator_decorator.py
[2024-07-27T22:09:42.673+0000] {logging_mixin.py:188} INFO - [2024-07-27T22:09:42.673+0000] {dag.py:3089} INFO - Sync 1 DAGs
[2024-07-27T22:09:42.787+0000] {logging_mixin.py:188} INFO - [2024-07-27T22:09:42.786+0000] {dag.py:3947} INFO - Setting next_dagrun for example_branch_python_operator_decorator to 2024-07-26 00:00:00+00:00, run_after=2024-07-27 00:00:00+00:00
[2024-07-27T22:09:42.858+0000] {processor.py:183} INFO - Processing /home/airflow/.local/lib/python3.12/site-packages/airflow/example_dags/example_branch_operator_decorator.py took 0.339 seconds
[2024-07-27T22:10:13.038+0000] {processor.py:161} INFO - Started process (PID=371) to work on /home/airflow/.local/lib/python3.12/site-packages/airflow/example_dags/example_branch_operator_decorator.py
[2024-07-27T22:10:13.040+0000] {processor.py:830} INFO - Processing file /home/airflow/.local/lib/python3.12/site-packages/airflow/example_dags/example_branch_operator_decorator.py for tasks to queue
[2024-07-27T22:10:13.046+0000] {logging_mixin.py:188} INFO - [2024-07-27T22:10:13.045+0000] {dagbag.py:545} INFO - Filling up the DagBag from /home/airflow/.local/lib/python3.12/site-packages/airflow/example_dags/example_branch_operator_decorator.py
[2024-07-27T22:10:13.127+0000] {processor.py:840} INFO - DAG(s) 'example_branch_python_operator_decorator' retrieved from /home/airflow/.local/lib/python3.12/site-packages/airflow/example_dags/example_branch_operator_decorator.py
[2024-07-27T22:10:13.243+0000] {logging_mixin.py:188} INFO - [2024-07-27T22:10:13.242+0000] {dag.py:3089} INFO - Sync 1 DAGs
[2024-07-27T22:10:13.339+0000] {logging_mixin.py:188} INFO - [2024-07-27T22:10:13.337+0000] {dag.py:3947} INFO - Setting next_dagrun for example_branch_python_operator_decorator to 2024-07-26 00:00:00+00:00, run_after=2024-07-27 00:00:00+00:00
[2024-07-27T22:10:13.425+0000] {processor.py:183} INFO - Processing /home/airflow/.local/lib/python3.12/site-packages/airflow/example_dags/example_branch_operator_decorator.py took 0.407 seconds
[2024-07-27T22:10:43.806+0000] {processor.py:161} INFO - Started process (PID=429) to work on /home/airflow/.local/lib/python3.12/site-packages/airflow/example_dags/example_branch_operator_decorator.py
[2024-07-27T22:10:43.808+0000] {processor.py:830} INFO - Processing file /home/airflow/.local/lib/python3.12/site-packages/airflow/example_dags/example_branch_operator_decorator.py for tasks to queue
[2024-07-27T22:10:43.813+0000] {logging_mixin.py:188} INFO - [2024-07-27T22:10:43.812+0000] {dagbag.py:545} INFO - Filling up the DagBag from /home/airflow/.local/lib/python3.12/site-packages/airflow/example_dags/example_branch_operator_decorator.py
[2024-07-27T22:10:43.913+0000] {processor.py:840} INFO - DAG(s) 'example_branch_python_operator_decorator' retrieved from /home/airflow/.local/lib/python3.12/site-packages/airflow/example_dags/example_branch_operator_decorator.py
[2024-07-27T22:10:44.081+0000] {logging_mixin.py:188} INFO - [2024-07-27T22:10:44.080+0000] {dag.py:3089} INFO - Sync 1 DAGs
[2024-07-27T22:10:44.175+0000] {logging_mixin.py:188} INFO - [2024-07-27T22:10:44.174+0000] {dag.py:3947} INFO - Setting next_dagrun for example_branch_python_operator_decorator to 2024-07-26 00:00:00+00:00, run_after=2024-07-27 00:00:00+00:00
[2024-07-27T22:10:44.226+0000] {processor.py:183} INFO - Processing /home/airflow/.local/lib/python3.12/site-packages/airflow/example_dags/example_branch_operator_decorator.py took 0.437 seconds
[2024-07-27T22:11:16.648+0000] {processor.py:161} INFO - Started process (PID=487) to work on /home/airflow/.local/lib/python3.12/site-packages/airflow/example_dags/example_branch_operator_decorator.py
[2024-07-27T22:11:16.654+0000] {processor.py:830} INFO - Processing file /home/airflow/.local/lib/python3.12/site-packages/airflow/example_dags/example_branch_operator_decorator.py for tasks to queue
[2024-07-27T22:11:16.668+0000] {logging_mixin.py:188} INFO - [2024-07-27T22:11:16.665+0000] {dagbag.py:545} INFO - Filling up the DagBag from /home/airflow/.local/lib/python3.12/site-packages/airflow/example_dags/example_branch_operator_decorator.py
[2024-07-27T22:11:16.847+0000] {processor.py:840} INFO - DAG(s) 'example_branch_python_operator_decorator' retrieved from /home/airflow/.local/lib/python3.12/site-packages/airflow/example_dags/example_branch_operator_decorator.py
[2024-07-27T22:11:17.073+0000] {logging_mixin.py:188} INFO - [2024-07-27T22:11:17.070+0000] {dag.py:3089} INFO - Sync 1 DAGs
[2024-07-27T22:11:17.264+0000] {logging_mixin.py:188} INFO - [2024-07-27T22:11:17.262+0000] {dag.py:3947} INFO - Setting next_dagrun for example_branch_python_operator_decorator to 2024-07-26 00:00:00+00:00, run_after=2024-07-27 00:00:00+00:00
[2024-07-27T22:11:17.423+0000] {processor.py:183} INFO - Processing /home/airflow/.local/lib/python3.12/site-packages/airflow/example_dags/example_branch_operator_decorator.py took 0.822 seconds
[2024-07-27T22:11:47.994+0000] {processor.py:161} INFO - Started process (PID=545) to work on /home/airflow/.local/lib/python3.12/site-packages/airflow/example_dags/example_branch_operator_decorator.py
[2024-07-27T22:11:47.997+0000] {processor.py:830} INFO - Processing file /home/airflow/.local/lib/python3.12/site-packages/airflow/example_dags/example_branch_operator_decorator.py for tasks to queue
[2024-07-27T22:11:48.002+0000] {logging_mixin.py:188} INFO - [2024-07-27T22:11:48.001+0000] {dagbag.py:545} INFO - Filling up the DagBag from /home/airflow/.local/lib/python3.12/site-packages/airflow/example_dags/example_branch_operator_decorator.py
[2024-07-27T22:11:48.080+0000] {processor.py:840} INFO - DAG(s) 'example_branch_python_operator_decorator' retrieved from /home/airflow/.local/lib/python3.12/site-packages/airflow/example_dags/example_branch_operator_decorator.py
[2024-07-27T22:11:48.186+0000] {logging_mixin.py:188} INFO - [2024-07-27T22:11:48.185+0000] {dag.py:3089} INFO - Sync 1 DAGs
[2024-07-27T22:11:48.268+0000] {logging_mixin.py:188} INFO - [2024-07-27T22:11:48.267+0000] {dag.py:3947} INFO - Setting next_dagrun for example_branch_python_operator_decorator to 2024-07-26 00:00:00+00:00, run_after=2024-07-27 00:00:00+00:00
[2024-07-27T22:11:48.333+0000] {processor.py:183} INFO - Processing /home/airflow/.local/lib/python3.12/site-packages/airflow/example_dags/example_branch_operator_decorator.py took 0.359 seconds
[2024-07-27T22:12:19.118+0000] {processor.py:161} INFO - Started process (PID=603) to work on /home/airflow/.local/lib/python3.12/site-packages/airflow/example_dags/example_branch_operator_decorator.py
[2024-07-27T22:12:19.119+0000] {processor.py:830} INFO - Processing file /home/airflow/.local/lib/python3.12/site-packages/airflow/example_dags/example_branch_operator_decorator.py for tasks to queue
[2024-07-27T22:12:19.121+0000] {logging_mixin.py:188} INFO - [2024-07-27T22:12:19.121+0000] {dagbag.py:545} INFO - Filling up the DagBag from /home/airflow/.local/lib/python3.12/site-packages/airflow/example_dags/example_branch_operator_decorator.py
[2024-07-27T22:12:19.145+0000] {processor.py:840} INFO - DAG(s) 'example_branch_python_operator_decorator' retrieved from /home/airflow/.local/lib/python3.12/site-packages/airflow/example_dags/example_branch_operator_decorator.py
[2024-07-27T22:12:19.179+0000] {logging_mixin.py:188} INFO - [2024-07-27T22:12:19.179+0000] {dag.py:3089} INFO - Sync 1 DAGs
[2024-07-27T22:12:19.205+0000] {logging_mixin.py:188} INFO - [2024-07-27T22:12:19.205+0000] {dag.py:3947} INFO - Setting next_dagrun for example_branch_python_operator_decorator to 2024-07-26 00:00:00+00:00, run_after=2024-07-27 00:00:00+00:00
[2024-07-27T22:12:19.225+0000] {processor.py:183} INFO - Processing /home/airflow/.local/lib/python3.12/site-packages/airflow/example_dags/example_branch_operator_decorator.py took 0.113 seconds
[2024-07-27T22:12:49.632+0000] {processor.py:161} INFO - Started process (PID=661) to work on /home/airflow/.local/lib/python3.12/site-packages/airflow/example_dags/example_branch_operator_decorator.py
[2024-07-27T22:12:49.635+0000] {processor.py:830} INFO - Processing file /home/airflow/.local/lib/python3.12/site-packages/airflow/example_dags/example_branch_operator_decorator.py for tasks to queue
[2024-07-27T22:12:49.642+0000] {logging_mixin.py:188} INFO - [2024-07-27T22:12:49.640+0000] {dagbag.py:545} INFO - Filling up the DagBag from /home/airflow/.local/lib/python3.12/site-packages/airflow/example_dags/example_branch_operator_decorator.py
[2024-07-27T22:12:49.733+0000] {processor.py:840} INFO - DAG(s) 'example_branch_python_operator_decorator' retrieved from /home/airflow/.local/lib/python3.12/site-packages/airflow/example_dags/example_branch_operator_decorator.py
[2024-07-27T22:12:49.819+0000] {logging_mixin.py:188} INFO - [2024-07-27T22:12:49.819+0000] {dag.py:3089} INFO - Sync 1 DAGs
[2024-07-27T22:12:49.852+0000] {logging_mixin.py:188} INFO - [2024-07-27T22:12:49.852+0000] {dag.py:3947} INFO - Setting next_dagrun for example_branch_python_operator_decorator to 2024-07-26 00:00:00+00:00, run_after=2024-07-27 00:00:00+00:00
[2024-07-27T22:12:49.874+0000] {processor.py:183} INFO - Processing /home/airflow/.local/lib/python3.12/site-packages/airflow/example_dags/example_branch_operator_decorator.py took 0.269 seconds
[2024-07-27T22:13:20.069+0000] {processor.py:161} INFO - Started process (PID=719) to work on /home/airflow/.local/lib/python3.12/site-packages/airflow/example_dags/example_branch_operator_decorator.py
[2024-07-27T22:13:20.072+0000] {processor.py:830} INFO - Processing file /home/airflow/.local/lib/python3.12/site-packages/airflow/example_dags/example_branch_operator_decorator.py for tasks to queue
[2024-07-27T22:13:20.080+0000] {logging_mixin.py:188} INFO - [2024-07-27T22:13:20.078+0000] {dagbag.py:545} INFO - Filling up the DagBag from /home/airflow/.local/lib/python3.12/site-packages/airflow/example_dags/example_branch_operator_decorator.py
[2024-07-27T22:13:20.178+0000] {processor.py:840} INFO - DAG(s) 'example_branch_python_operator_decorator' retrieved from /home/airflow/.local/lib/python3.12/site-packages/airflow/example_dags/example_branch_operator_decorator.py
[2024-07-27T22:13:20.321+0000] {logging_mixin.py:188} INFO - [2024-07-27T22:13:20.320+0000] {dag.py:3089} INFO - Sync 1 DAGs
[2024-07-27T22:13:20.427+0000] {logging_mixin.py:188} INFO - [2024-07-27T22:13:20.426+0000] {dag.py:3947} INFO - Setting next_dagrun for example_branch_python_operator_decorator to 2024-07-26 00:00:00+00:00, run_after=2024-07-27 00:00:00+00:00
[2024-07-27T22:13:20.495+0000] {processor.py:183} INFO - Processing /home/airflow/.local/lib/python3.12/site-packages/airflow/example_dags/example_branch_operator_decorator.py took 0.450 seconds
