[2024-07-27T22:07:42.404+0000] {processor.py:161} INFO - Started process (PID=105) to work on /home/airflow/.local/lib/python3.12/site-packages/airflow/example_dags/example_task_group_decorator.py
[2024-07-27T22:07:42.404+0000] {processor.py:830} INFO - Processing file /home/airflow/.local/lib/python3.12/site-packages/airflow/example_dags/example_task_group_decorator.py for tasks to queue
[2024-07-27T22:07:42.406+0000] {logging_mixin.py:188} INFO - [2024-07-27T22:07:42.406+0000] {dagbag.py:545} INFO - Filling up the DagBag from /home/airflow/.local/lib/python3.12/site-packages/airflow/example_dags/example_task_group_decorator.py
[2024-07-27T22:07:42.426+0000] {processor.py:840} INFO - DAG(s) 'example_task_group_decorator' retrieved from /home/airflow/.local/lib/python3.12/site-packages/airflow/example_dags/example_task_group_decorator.py
[2024-07-27T22:07:42.569+0000] {logging_mixin.py:188} INFO - [2024-07-27T22:07:42.569+0000] {dag.py:3089} INFO - Sync 1 DAGs
[2024-07-27T22:07:42.594+0000] {logging_mixin.py:188} INFO - [2024-07-27T22:07:42.594+0000] {dag.py:3947} INFO - Setting next_dagrun for example_task_group_decorator to 2024-07-26 00:00:00+00:00, run_after=2024-07-27 00:00:00+00:00
[2024-07-27T22:07:42.616+0000] {processor.py:183} INFO - Processing /home/airflow/.local/lib/python3.12/site-packages/airflow/example_dags/example_task_group_decorator.py took 0.220 seconds
[2024-07-27T22:08:13.178+0000] {processor.py:161} INFO - Started process (PID=163) to work on /home/airflow/.local/lib/python3.12/site-packages/airflow/example_dags/example_task_group_decorator.py
[2024-07-27T22:08:13.179+0000] {processor.py:830} INFO - Processing file /home/airflow/.local/lib/python3.12/site-packages/airflow/example_dags/example_task_group_decorator.py for tasks to queue
[2024-07-27T22:08:13.181+0000] {logging_mixin.py:188} INFO - [2024-07-27T22:08:13.181+0000] {dagbag.py:545} INFO - Filling up the DagBag from /home/airflow/.local/lib/python3.12/site-packages/airflow/example_dags/example_task_group_decorator.py
[2024-07-27T22:08:13.200+0000] {processor.py:840} INFO - DAG(s) 'example_task_group_decorator' retrieved from /home/airflow/.local/lib/python3.12/site-packages/airflow/example_dags/example_task_group_decorator.py
[2024-07-27T22:08:13.233+0000] {logging_mixin.py:188} INFO - [2024-07-27T22:08:13.232+0000] {dag.py:3089} INFO - Sync 1 DAGs
[2024-07-27T22:08:13.261+0000] {logging_mixin.py:188} INFO - [2024-07-27T22:08:13.260+0000] {dag.py:3947} INFO - Setting next_dagrun for example_task_group_decorator to 2024-07-26 00:00:00+00:00, run_after=2024-07-27 00:00:00+00:00
[2024-07-27T22:08:13.284+0000] {processor.py:183} INFO - Processing /home/airflow/.local/lib/python3.12/site-packages/airflow/example_dags/example_task_group_decorator.py took 0.112 seconds
[2024-07-27T22:08:43.723+0000] {processor.py:161} INFO - Started process (PID=221) to work on /home/airflow/.local/lib/python3.12/site-packages/airflow/example_dags/example_task_group_decorator.py
[2024-07-27T22:08:43.725+0000] {processor.py:830} INFO - Processing file /home/airflow/.local/lib/python3.12/site-packages/airflow/example_dags/example_task_group_decorator.py for tasks to queue
[2024-07-27T22:08:43.731+0000] {logging_mixin.py:188} INFO - [2024-07-27T22:08:43.730+0000] {dagbag.py:545} INFO - Filling up the DagBag from /home/airflow/.local/lib/python3.12/site-packages/airflow/example_dags/example_task_group_decorator.py
[2024-07-27T22:08:43.803+0000] {processor.py:840} INFO - DAG(s) 'example_task_group_decorator' retrieved from /home/airflow/.local/lib/python3.12/site-packages/airflow/example_dags/example_task_group_decorator.py
[2024-07-27T22:08:43.912+0000] {logging_mixin.py:188} INFO - [2024-07-27T22:08:43.911+0000] {dag.py:3089} INFO - Sync 1 DAGs
[2024-07-27T22:08:43.962+0000] {logging_mixin.py:188} INFO - [2024-07-27T22:08:43.961+0000] {dag.py:3947} INFO - Setting next_dagrun for example_task_group_decorator to 2024-07-26 00:00:00+00:00, run_after=2024-07-27 00:00:00+00:00
[2024-07-27T22:08:43.986+0000] {processor.py:183} INFO - Processing /home/airflow/.local/lib/python3.12/site-packages/airflow/example_dags/example_task_group_decorator.py took 0.285 seconds
[2024-07-27T22:09:15.742+0000] {processor.py:161} INFO - Started process (PID=279) to work on /home/airflow/.local/lib/python3.12/site-packages/airflow/example_dags/example_task_group_decorator.py
[2024-07-27T22:09:15.744+0000] {processor.py:830} INFO - Processing file /home/airflow/.local/lib/python3.12/site-packages/airflow/example_dags/example_task_group_decorator.py for tasks to queue
[2024-07-27T22:09:15.750+0000] {logging_mixin.py:188} INFO - [2024-07-27T22:09:15.749+0000] {dagbag.py:545} INFO - Filling up the DagBag from /home/airflow/.local/lib/python3.12/site-packages/airflow/example_dags/example_task_group_decorator.py
[2024-07-27T22:09:15.804+0000] {processor.py:840} INFO - DAG(s) 'example_task_group_decorator' retrieved from /home/airflow/.local/lib/python3.12/site-packages/airflow/example_dags/example_task_group_decorator.py
[2024-07-27T22:09:15.896+0000] {logging_mixin.py:188} INFO - [2024-07-27T22:09:15.895+0000] {dag.py:3089} INFO - Sync 1 DAGs
[2024-07-27T22:09:15.976+0000] {logging_mixin.py:188} INFO - [2024-07-27T22:09:15.976+0000] {dag.py:3947} INFO - Setting next_dagrun for example_task_group_decorator to 2024-07-26 00:00:00+00:00, run_after=2024-07-27 00:00:00+00:00
[2024-07-27T22:09:16.036+0000] {processor.py:183} INFO - Processing /home/airflow/.local/lib/python3.12/site-packages/airflow/example_dags/example_task_group_decorator.py took 0.313 seconds
[2024-07-27T22:09:47.500+0000] {processor.py:161} INFO - Started process (PID=337) to work on /home/airflow/.local/lib/python3.12/site-packages/airflow/example_dags/example_task_group_decorator.py
[2024-07-27T22:09:47.503+0000] {processor.py:830} INFO - Processing file /home/airflow/.local/lib/python3.12/site-packages/airflow/example_dags/example_task_group_decorator.py for tasks to queue
[2024-07-27T22:09:47.509+0000] {logging_mixin.py:188} INFO - [2024-07-27T22:09:47.508+0000] {dagbag.py:545} INFO - Filling up the DagBag from /home/airflow/.local/lib/python3.12/site-packages/airflow/example_dags/example_task_group_decorator.py
[2024-07-27T22:09:47.583+0000] {processor.py:840} INFO - DAG(s) 'example_task_group_decorator' retrieved from /home/airflow/.local/lib/python3.12/site-packages/airflow/example_dags/example_task_group_decorator.py
[2024-07-27T22:09:47.693+0000] {logging_mixin.py:188} INFO - [2024-07-27T22:09:47.693+0000] {dag.py:3089} INFO - Sync 1 DAGs
[2024-07-27T22:09:47.804+0000] {logging_mixin.py:188} INFO - [2024-07-27T22:09:47.803+0000] {dag.py:3947} INFO - Setting next_dagrun for example_task_group_decorator to 2024-07-26 00:00:00+00:00, run_after=2024-07-27 00:00:00+00:00
[2024-07-27T22:09:47.892+0000] {processor.py:183} INFO - Processing /home/airflow/.local/lib/python3.12/site-packages/airflow/example_dags/example_task_group_decorator.py took 0.416 seconds
[2024-07-27T22:10:18.563+0000] {processor.py:161} INFO - Started process (PID=395) to work on /home/airflow/.local/lib/python3.12/site-packages/airflow/example_dags/example_task_group_decorator.py
[2024-07-27T22:10:18.564+0000] {processor.py:830} INFO - Processing file /home/airflow/.local/lib/python3.12/site-packages/airflow/example_dags/example_task_group_decorator.py for tasks to queue
[2024-07-27T22:10:18.568+0000] {logging_mixin.py:188} INFO - [2024-07-27T22:10:18.567+0000] {dagbag.py:545} INFO - Filling up the DagBag from /home/airflow/.local/lib/python3.12/site-packages/airflow/example_dags/example_task_group_decorator.py
[2024-07-27T22:10:18.594+0000] {processor.py:840} INFO - DAG(s) 'example_task_group_decorator' retrieved from /home/airflow/.local/lib/python3.12/site-packages/airflow/example_dags/example_task_group_decorator.py
[2024-07-27T22:10:18.663+0000] {logging_mixin.py:188} INFO - [2024-07-27T22:10:18.663+0000] {dag.py:3089} INFO - Sync 1 DAGs
[2024-07-27T22:10:18.697+0000] {logging_mixin.py:188} INFO - [2024-07-27T22:10:18.696+0000] {dag.py:3947} INFO - Setting next_dagrun for example_task_group_decorator to 2024-07-26 00:00:00+00:00, run_after=2024-07-27 00:00:00+00:00
[2024-07-27T22:10:18.722+0000] {processor.py:183} INFO - Processing /home/airflow/.local/lib/python3.12/site-packages/airflow/example_dags/example_task_group_decorator.py took 0.169 seconds
[2024-07-27T22:10:53.476+0000] {processor.py:161} INFO - Started process (PID=453) to work on /home/airflow/.local/lib/python3.12/site-packages/airflow/example_dags/example_task_group_decorator.py
[2024-07-27T22:10:53.482+0000] {processor.py:830} INFO - Processing file /home/airflow/.local/lib/python3.12/site-packages/airflow/example_dags/example_task_group_decorator.py for tasks to queue
[2024-07-27T22:10:53.496+0000] {logging_mixin.py:188} INFO - [2024-07-27T22:10:53.492+0000] {dagbag.py:545} INFO - Filling up the DagBag from /home/airflow/.local/lib/python3.12/site-packages/airflow/example_dags/example_task_group_decorator.py
[2024-07-27T22:10:53.635+0000] {processor.py:840} INFO - DAG(s) 'example_task_group_decorator' retrieved from /home/airflow/.local/lib/python3.12/site-packages/airflow/example_dags/example_task_group_decorator.py
[2024-07-27T22:10:53.827+0000] {logging_mixin.py:188} INFO - [2024-07-27T22:10:53.825+0000] {dag.py:3089} INFO - Sync 1 DAGs
[2024-07-27T22:10:53.998+0000] {logging_mixin.py:188} INFO - [2024-07-27T22:10:53.997+0000] {dag.py:3947} INFO - Setting next_dagrun for example_task_group_decorator to 2024-07-26 00:00:00+00:00, run_after=2024-07-27 00:00:00+00:00
[2024-07-27T22:10:54.126+0000] {processor.py:183} INFO - Processing /home/airflow/.local/lib/python3.12/site-packages/airflow/example_dags/example_task_group_decorator.py took 0.701 seconds
[2024-07-27T22:11:28.076+0000] {processor.py:161} INFO - Started process (PID=511) to work on /home/airflow/.local/lib/python3.12/site-packages/airflow/example_dags/example_task_group_decorator.py
[2024-07-27T22:11:28.082+0000] {processor.py:830} INFO - Processing file /home/airflow/.local/lib/python3.12/site-packages/airflow/example_dags/example_task_group_decorator.py for tasks to queue
[2024-07-27T22:11:28.093+0000] {logging_mixin.py:188} INFO - [2024-07-27T22:11:28.091+0000] {dagbag.py:545} INFO - Filling up the DagBag from /home/airflow/.local/lib/python3.12/site-packages/airflow/example_dags/example_task_group_decorator.py
[2024-07-27T22:11:28.199+0000] {processor.py:840} INFO - DAG(s) 'example_task_group_decorator' retrieved from /home/airflow/.local/lib/python3.12/site-packages/airflow/example_dags/example_task_group_decorator.py
[2024-07-27T22:11:28.408+0000] {logging_mixin.py:188} INFO - [2024-07-27T22:11:28.406+0000] {dag.py:3089} INFO - Sync 1 DAGs
[2024-07-27T22:11:28.579+0000] {logging_mixin.py:188} INFO - [2024-07-27T22:11:28.578+0000] {dag.py:3947} INFO - Setting next_dagrun for example_task_group_decorator to 2024-07-26 00:00:00+00:00, run_after=2024-07-27 00:00:00+00:00
[2024-07-27T22:11:28.716+0000] {processor.py:183} INFO - Processing /home/airflow/.local/lib/python3.12/site-packages/airflow/example_dags/example_task_group_decorator.py took 0.679 seconds
[2024-07-27T22:11:59.398+0000] {processor.py:161} INFO - Started process (PID=569) to work on /home/airflow/.local/lib/python3.12/site-packages/airflow/example_dags/example_task_group_decorator.py
[2024-07-27T22:11:59.401+0000] {processor.py:830} INFO - Processing file /home/airflow/.local/lib/python3.12/site-packages/airflow/example_dags/example_task_group_decorator.py for tasks to queue
[2024-07-27T22:11:59.406+0000] {logging_mixin.py:188} INFO - [2024-07-27T22:11:59.405+0000] {dagbag.py:545} INFO - Filling up the DagBag from /home/airflow/.local/lib/python3.12/site-packages/airflow/example_dags/example_task_group_decorator.py
[2024-07-27T22:11:59.461+0000] {processor.py:840} INFO - DAG(s) 'example_task_group_decorator' retrieved from /home/airflow/.local/lib/python3.12/site-packages/airflow/example_dags/example_task_group_decorator.py
[2024-07-27T22:11:59.556+0000] {logging_mixin.py:188} INFO - [2024-07-27T22:11:59.555+0000] {dag.py:3089} INFO - Sync 1 DAGs
[2024-07-27T22:11:59.653+0000] {logging_mixin.py:188} INFO - [2024-07-27T22:11:59.652+0000] {dag.py:3947} INFO - Setting next_dagrun for example_task_group_decorator to 2024-07-26 00:00:00+00:00, run_after=2024-07-27 00:00:00+00:00
[2024-07-27T22:11:59.728+0000] {processor.py:183} INFO - Processing /home/airflow/.local/lib/python3.12/site-packages/airflow/example_dags/example_task_group_decorator.py took 0.349 seconds
[2024-07-27T22:12:29.976+0000] {processor.py:161} INFO - Started process (PID=627) to work on /home/airflow/.local/lib/python3.12/site-packages/airflow/example_dags/example_task_group_decorator.py
[2024-07-27T22:12:29.978+0000] {processor.py:830} INFO - Processing file /home/airflow/.local/lib/python3.12/site-packages/airflow/example_dags/example_task_group_decorator.py for tasks to queue
[2024-07-27T22:12:29.984+0000] {logging_mixin.py:188} INFO - [2024-07-27T22:12:29.983+0000] {dagbag.py:545} INFO - Filling up the DagBag from /home/airflow/.local/lib/python3.12/site-packages/airflow/example_dags/example_task_group_decorator.py
[2024-07-27T22:12:30.040+0000] {processor.py:840} INFO - DAG(s) 'example_task_group_decorator' retrieved from /home/airflow/.local/lib/python3.12/site-packages/airflow/example_dags/example_task_group_decorator.py
[2024-07-27T22:12:30.137+0000] {logging_mixin.py:188} INFO - [2024-07-27T22:12:30.136+0000] {dag.py:3089} INFO - Sync 1 DAGs
[2024-07-27T22:12:30.217+0000] {logging_mixin.py:188} INFO - [2024-07-27T22:12:30.217+0000] {dag.py:3947} INFO - Setting next_dagrun for example_task_group_decorator to 2024-07-26 00:00:00+00:00, run_after=2024-07-27 00:00:00+00:00
[2024-07-27T22:12:30.277+0000] {processor.py:183} INFO - Processing /home/airflow/.local/lib/python3.12/site-packages/airflow/example_dags/example_task_group_decorator.py took 0.320 seconds
[2024-07-27T22:13:00.655+0000] {processor.py:161} INFO - Started process (PID=686) to work on /home/airflow/.local/lib/python3.12/site-packages/airflow/example_dags/example_task_group_decorator.py
[2024-07-27T22:13:00.657+0000] {processor.py:830} INFO - Processing file /home/airflow/.local/lib/python3.12/site-packages/airflow/example_dags/example_task_group_decorator.py for tasks to queue
[2024-07-27T22:13:00.665+0000] {logging_mixin.py:188} INFO - [2024-07-27T22:13:00.663+0000] {dagbag.py:545} INFO - Filling up the DagBag from /home/airflow/.local/lib/python3.12/site-packages/airflow/example_dags/example_task_group_decorator.py
[2024-07-27T22:13:00.761+0000] {processor.py:840} INFO - DAG(s) 'example_task_group_decorator' retrieved from /home/airflow/.local/lib/python3.12/site-packages/airflow/example_dags/example_task_group_decorator.py
[2024-07-27T22:13:00.916+0000] {logging_mixin.py:188} INFO - [2024-07-27T22:13:00.914+0000] {dag.py:3089} INFO - Sync 1 DAGs
[2024-07-27T22:13:00.985+0000] {logging_mixin.py:188} INFO - [2024-07-27T22:13:00.985+0000] {dag.py:3947} INFO - Setting next_dagrun for example_task_group_decorator to 2024-07-26 00:00:00+00:00, run_after=2024-07-27 00:00:00+00:00
[2024-07-27T22:13:01.023+0000] {processor.py:183} INFO - Processing /home/airflow/.local/lib/python3.12/site-packages/airflow/example_dags/example_task_group_decorator.py took 0.391 seconds
[2024-07-27T22:13:31.498+0000] {processor.py:161} INFO - Started process (PID=743) to work on /home/airflow/.local/lib/python3.12/site-packages/airflow/example_dags/example_task_group_decorator.py
[2024-07-27T22:13:31.501+0000] {processor.py:830} INFO - Processing file /home/airflow/.local/lib/python3.12/site-packages/airflow/example_dags/example_task_group_decorator.py for tasks to queue
[2024-07-27T22:13:31.511+0000] {logging_mixin.py:188} INFO - [2024-07-27T22:13:31.508+0000] {dagbag.py:545} INFO - Filling up the DagBag from /home/airflow/.local/lib/python3.12/site-packages/airflow/example_dags/example_task_group_decorator.py
[2024-07-27T22:13:31.566+0000] {processor.py:840} INFO - DAG(s) 'example_task_group_decorator' retrieved from /home/airflow/.local/lib/python3.12/site-packages/airflow/example_dags/example_task_group_decorator.py
[2024-07-27T22:13:31.633+0000] {logging_mixin.py:188} INFO - [2024-07-27T22:13:31.633+0000] {dag.py:3089} INFO - Sync 1 DAGs
[2024-07-27T22:13:31.699+0000] {logging_mixin.py:188} INFO - [2024-07-27T22:13:31.699+0000] {dag.py:3947} INFO - Setting next_dagrun for example_task_group_decorator to 2024-07-26 00:00:00+00:00, run_after=2024-07-27 00:00:00+00:00
[2024-07-27T22:13:31.755+0000] {processor.py:183} INFO - Processing /home/airflow/.local/lib/python3.12/site-packages/airflow/example_dags/example_task_group_decorator.py took 0.286 seconds
