[2024-07-27T22:07:39.398+0000] {processor.py:161} INFO - Started process (PID=88) to work on /home/airflow/.local/lib/python3.12/site-packages/airflow/example_dags/example_latest_only_with_trigger.py
[2024-07-27T22:07:39.399+0000] {processor.py:830} INFO - Processing file /home/airflow/.local/lib/python3.12/site-packages/airflow/example_dags/example_latest_only_with_trigger.py for tasks to queue
[2024-07-27T22:07:39.403+0000] {logging_mixin.py:188} INFO - [2024-07-27T22:07:39.402+0000] {dagbag.py:545} INFO - Filling up the DagBag from /home/airflow/.local/lib/python3.12/site-packages/airflow/example_dags/example_latest_only_with_trigger.py
[2024-07-27T22:07:39.419+0000] {processor.py:840} INFO - DAG(s) 'latest_only_with_trigger' retrieved from /home/airflow/.local/lib/python3.12/site-packages/airflow/example_dags/example_latest_only_with_trigger.py
[2024-07-27T22:07:39.573+0000] {logging_mixin.py:188} INFO - [2024-07-27T22:07:39.573+0000] {dag.py:3089} INFO - Sync 1 DAGs
[2024-07-27T22:07:39.603+0000] {logging_mixin.py:188} INFO - [2024-07-27T22:07:39.603+0000] {dag.py:3947} INFO - Setting next_dagrun for latest_only_with_trigger to 2024-07-27 16:00:00+00:00, run_after=2024-07-27 20:00:00+00:00
[2024-07-27T22:07:39.625+0000] {processor.py:183} INFO - Processing /home/airflow/.local/lib/python3.12/site-packages/airflow/example_dags/example_latest_only_with_trigger.py took 0.235 seconds
[2024-07-27T22:08:10.058+0000] {processor.py:161} INFO - Started process (PID=146) to work on /home/airflow/.local/lib/python3.12/site-packages/airflow/example_dags/example_latest_only_with_trigger.py
[2024-07-27T22:08:10.060+0000] {processor.py:830} INFO - Processing file /home/airflow/.local/lib/python3.12/site-packages/airflow/example_dags/example_latest_only_with_trigger.py for tasks to queue
[2024-07-27T22:08:10.066+0000] {logging_mixin.py:188} INFO - [2024-07-27T22:08:10.065+0000] {dagbag.py:545} INFO - Filling up the DagBag from /home/airflow/.local/lib/python3.12/site-packages/airflow/example_dags/example_latest_only_with_trigger.py
[2024-07-27T22:08:10.084+0000] {processor.py:840} INFO - DAG(s) 'latest_only_with_trigger' retrieved from /home/airflow/.local/lib/python3.12/site-packages/airflow/example_dags/example_latest_only_with_trigger.py
[2024-07-27T22:08:10.155+0000] {logging_mixin.py:188} INFO - [2024-07-27T22:08:10.154+0000] {dag.py:3089} INFO - Sync 1 DAGs
[2024-07-27T22:08:10.262+0000] {logging_mixin.py:188} INFO - [2024-07-27T22:08:10.262+0000] {dag.py:3947} INFO - Setting next_dagrun for latest_only_with_trigger to 2024-07-27 16:00:00+00:00, run_after=2024-07-27 20:00:00+00:00
[2024-07-27T22:08:10.338+0000] {processor.py:183} INFO - Processing /home/airflow/.local/lib/python3.12/site-packages/airflow/example_dags/example_latest_only_with_trigger.py took 0.300 seconds
[2024-07-27T22:08:41.430+0000] {processor.py:161} INFO - Started process (PID=204) to work on /home/airflow/.local/lib/python3.12/site-packages/airflow/example_dags/example_latest_only_with_trigger.py
[2024-07-27T22:08:41.432+0000] {processor.py:830} INFO - Processing file /home/airflow/.local/lib/python3.12/site-packages/airflow/example_dags/example_latest_only_with_trigger.py for tasks to queue
[2024-07-27T22:08:41.438+0000] {logging_mixin.py:188} INFO - [2024-07-27T22:08:41.437+0000] {dagbag.py:545} INFO - Filling up the DagBag from /home/airflow/.local/lib/python3.12/site-packages/airflow/example_dags/example_latest_only_with_trigger.py
[2024-07-27T22:08:41.457+0000] {processor.py:840} INFO - DAG(s) 'latest_only_with_trigger' retrieved from /home/airflow/.local/lib/python3.12/site-packages/airflow/example_dags/example_latest_only_with_trigger.py
[2024-07-27T22:08:41.525+0000] {logging_mixin.py:188} INFO - [2024-07-27T22:08:41.524+0000] {dag.py:3089} INFO - Sync 1 DAGs
[2024-07-27T22:08:41.605+0000] {logging_mixin.py:188} INFO - [2024-07-27T22:08:41.604+0000] {dag.py:3947} INFO - Setting next_dagrun for latest_only_with_trigger to 2024-07-27 16:00:00+00:00, run_after=2024-07-27 20:00:00+00:00
[2024-07-27T22:08:41.673+0000] {processor.py:183} INFO - Processing /home/airflow/.local/lib/python3.12/site-packages/airflow/example_dags/example_latest_only_with_trigger.py took 0.264 seconds
[2024-07-27T22:09:13.108+0000] {processor.py:161} INFO - Started process (PID=262) to work on /home/airflow/.local/lib/python3.12/site-packages/airflow/example_dags/example_latest_only_with_trigger.py
[2024-07-27T22:09:13.110+0000] {processor.py:830} INFO - Processing file /home/airflow/.local/lib/python3.12/site-packages/airflow/example_dags/example_latest_only_with_trigger.py for tasks to queue
[2024-07-27T22:09:13.115+0000] {logging_mixin.py:188} INFO - [2024-07-27T22:09:13.114+0000] {dagbag.py:545} INFO - Filling up the DagBag from /home/airflow/.local/lib/python3.12/site-packages/airflow/example_dags/example_latest_only_with_trigger.py
[2024-07-27T22:09:13.127+0000] {processor.py:840} INFO - DAG(s) 'latest_only_with_trigger' retrieved from /home/airflow/.local/lib/python3.12/site-packages/airflow/example_dags/example_latest_only_with_trigger.py
[2024-07-27T22:09:13.152+0000] {logging_mixin.py:188} INFO - [2024-07-27T22:09:13.152+0000] {dag.py:3089} INFO - Sync 1 DAGs
[2024-07-27T22:09:13.178+0000] {logging_mixin.py:188} INFO - [2024-07-27T22:09:13.177+0000] {dag.py:3947} INFO - Setting next_dagrun for latest_only_with_trigger to 2024-07-27 16:00:00+00:00, run_after=2024-07-27 20:00:00+00:00
[2024-07-27T22:09:13.198+0000] {processor.py:183} INFO - Processing /home/airflow/.local/lib/python3.12/site-packages/airflow/example_dags/example_latest_only_with_trigger.py took 0.114 seconds
[2024-07-27T22:09:43.754+0000] {processor.py:161} INFO - Started process (PID=320) to work on /home/airflow/.local/lib/python3.12/site-packages/airflow/example_dags/example_latest_only_with_trigger.py
[2024-07-27T22:09:43.757+0000] {processor.py:830} INFO - Processing file /home/airflow/.local/lib/python3.12/site-packages/airflow/example_dags/example_latest_only_with_trigger.py for tasks to queue
[2024-07-27T22:09:43.763+0000] {logging_mixin.py:188} INFO - [2024-07-27T22:09:43.761+0000] {dagbag.py:545} INFO - Filling up the DagBag from /home/airflow/.local/lib/python3.12/site-packages/airflow/example_dags/example_latest_only_with_trigger.py
[2024-07-27T22:09:43.778+0000] {processor.py:840} INFO - DAG(s) 'latest_only_with_trigger' retrieved from /home/airflow/.local/lib/python3.12/site-packages/airflow/example_dags/example_latest_only_with_trigger.py
[2024-07-27T22:09:43.813+0000] {logging_mixin.py:188} INFO - [2024-07-27T22:09:43.812+0000] {dag.py:3089} INFO - Sync 1 DAGs
[2024-07-27T22:09:43.853+0000] {logging_mixin.py:188} INFO - [2024-07-27T22:09:43.852+0000] {dag.py:3947} INFO - Setting next_dagrun for latest_only_with_trigger to 2024-07-27 16:00:00+00:00, run_after=2024-07-27 20:00:00+00:00
[2024-07-27T22:09:43.892+0000] {processor.py:183} INFO - Processing /home/airflow/.local/lib/python3.12/site-packages/airflow/example_dags/example_latest_only_with_trigger.py took 0.160 seconds
[2024-07-27T22:10:14.406+0000] {processor.py:161} INFO - Started process (PID=378) to work on /home/airflow/.local/lib/python3.12/site-packages/airflow/example_dags/example_latest_only_with_trigger.py
[2024-07-27T22:10:14.407+0000] {processor.py:830} INFO - Processing file /home/airflow/.local/lib/python3.12/site-packages/airflow/example_dags/example_latest_only_with_trigger.py for tasks to queue
[2024-07-27T22:10:14.409+0000] {logging_mixin.py:188} INFO - [2024-07-27T22:10:14.409+0000] {dagbag.py:545} INFO - Filling up the DagBag from /home/airflow/.local/lib/python3.12/site-packages/airflow/example_dags/example_latest_only_with_trigger.py
[2024-07-27T22:10:14.416+0000] {processor.py:840} INFO - DAG(s) 'latest_only_with_trigger' retrieved from /home/airflow/.local/lib/python3.12/site-packages/airflow/example_dags/example_latest_only_with_trigger.py
[2024-07-27T22:10:14.442+0000] {logging_mixin.py:188} INFO - [2024-07-27T22:10:14.441+0000] {dag.py:3089} INFO - Sync 1 DAGs
[2024-07-27T22:10:14.474+0000] {logging_mixin.py:188} INFO - [2024-07-27T22:10:14.473+0000] {dag.py:3947} INFO - Setting next_dagrun for latest_only_with_trigger to 2024-07-27 16:00:00+00:00, run_after=2024-07-27 20:00:00+00:00
[2024-07-27T22:10:14.509+0000] {processor.py:183} INFO - Processing /home/airflow/.local/lib/python3.12/site-packages/airflow/example_dags/example_latest_only_with_trigger.py took 0.110 seconds
[2024-07-27T22:10:45.380+0000] {processor.py:161} INFO - Started process (PID=436) to work on /home/airflow/.local/lib/python3.12/site-packages/airflow/example_dags/example_latest_only_with_trigger.py
[2024-07-27T22:10:45.381+0000] {processor.py:830} INFO - Processing file /home/airflow/.local/lib/python3.12/site-packages/airflow/example_dags/example_latest_only_with_trigger.py for tasks to queue
[2024-07-27T22:10:45.387+0000] {logging_mixin.py:188} INFO - [2024-07-27T22:10:45.386+0000] {dagbag.py:545} INFO - Filling up the DagBag from /home/airflow/.local/lib/python3.12/site-packages/airflow/example_dags/example_latest_only_with_trigger.py
[2024-07-27T22:10:45.399+0000] {processor.py:840} INFO - DAG(s) 'latest_only_with_trigger' retrieved from /home/airflow/.local/lib/python3.12/site-packages/airflow/example_dags/example_latest_only_with_trigger.py
[2024-07-27T22:10:45.462+0000] {logging_mixin.py:188} INFO - [2024-07-27T22:10:45.461+0000] {dag.py:3089} INFO - Sync 1 DAGs
[2024-07-27T22:10:45.563+0000] {logging_mixin.py:188} INFO - [2024-07-27T22:10:45.563+0000] {dag.py:3947} INFO - Setting next_dagrun for latest_only_with_trigger to 2024-07-27 16:00:00+00:00, run_after=2024-07-27 20:00:00+00:00
[2024-07-27T22:10:45.642+0000] {processor.py:183} INFO - Processing /home/airflow/.local/lib/python3.12/site-packages/airflow/example_dags/example_latest_only_with_trigger.py took 0.276 seconds
[2024-07-27T22:11:19.273+0000] {processor.py:161} INFO - Started process (PID=494) to work on /home/airflow/.local/lib/python3.12/site-packages/airflow/example_dags/example_latest_only_with_trigger.py
[2024-07-27T22:11:19.279+0000] {processor.py:830} INFO - Processing file /home/airflow/.local/lib/python3.12/site-packages/airflow/example_dags/example_latest_only_with_trigger.py for tasks to queue
[2024-07-27T22:11:19.294+0000] {logging_mixin.py:188} INFO - [2024-07-27T22:11:19.291+0000] {dagbag.py:545} INFO - Filling up the DagBag from /home/airflow/.local/lib/python3.12/site-packages/airflow/example_dags/example_latest_only_with_trigger.py
[2024-07-27T22:11:19.343+0000] {processor.py:840} INFO - DAG(s) 'latest_only_with_trigger' retrieved from /home/airflow/.local/lib/python3.12/site-packages/airflow/example_dags/example_latest_only_with_trigger.py
[2024-07-27T22:11:19.483+0000] {logging_mixin.py:188} INFO - [2024-07-27T22:11:19.481+0000] {dag.py:3089} INFO - Sync 1 DAGs
[2024-07-27T22:11:19.682+0000] {logging_mixin.py:188} INFO - [2024-07-27T22:11:19.681+0000] {dag.py:3947} INFO - Setting next_dagrun for latest_only_with_trigger to 2024-07-27 16:00:00+00:00, run_after=2024-07-27 20:00:00+00:00
[2024-07-27T22:11:19.848+0000] {processor.py:183} INFO - Processing /home/airflow/.local/lib/python3.12/site-packages/airflow/example_dags/example_latest_only_with_trigger.py took 0.614 seconds
[2024-07-27T22:11:49.943+0000] {processor.py:161} INFO - Started process (PID=552) to work on /home/airflow/.local/lib/python3.12/site-packages/airflow/example_dags/example_latest_only_with_trigger.py
[2024-07-27T22:11:49.943+0000] {processor.py:830} INFO - Processing file /home/airflow/.local/lib/python3.12/site-packages/airflow/example_dags/example_latest_only_with_trigger.py for tasks to queue
[2024-07-27T22:11:49.945+0000] {logging_mixin.py:188} INFO - [2024-07-27T22:11:49.945+0000] {dagbag.py:545} INFO - Filling up the DagBag from /home/airflow/.local/lib/python3.12/site-packages/airflow/example_dags/example_latest_only_with_trigger.py
[2024-07-27T22:11:49.951+0000] {processor.py:840} INFO - DAG(s) 'latest_only_with_trigger' retrieved from /home/airflow/.local/lib/python3.12/site-packages/airflow/example_dags/example_latest_only_with_trigger.py
[2024-07-27T22:11:49.971+0000] {logging_mixin.py:188} INFO - [2024-07-27T22:11:49.971+0000] {dag.py:3089} INFO - Sync 1 DAGs
[2024-07-27T22:11:49.993+0000] {logging_mixin.py:188} INFO - [2024-07-27T22:11:49.993+0000] {dag.py:3947} INFO - Setting next_dagrun for latest_only_with_trigger to 2024-07-27 16:00:00+00:00, run_after=2024-07-27 20:00:00+00:00
[2024-07-27T22:11:50.009+0000] {processor.py:183} INFO - Processing /home/airflow/.local/lib/python3.12/site-packages/airflow/example_dags/example_latest_only_with_trigger.py took 0.073 seconds
[2024-07-27T22:12:20.709+0000] {processor.py:161} INFO - Started process (PID=610) to work on /home/airflow/.local/lib/python3.12/site-packages/airflow/example_dags/example_latest_only_with_trigger.py
[2024-07-27T22:12:20.712+0000] {processor.py:830} INFO - Processing file /home/airflow/.local/lib/python3.12/site-packages/airflow/example_dags/example_latest_only_with_trigger.py for tasks to queue
[2024-07-27T22:12:20.717+0000] {logging_mixin.py:188} INFO - [2024-07-27T22:12:20.716+0000] {dagbag.py:545} INFO - Filling up the DagBag from /home/airflow/.local/lib/python3.12/site-packages/airflow/example_dags/example_latest_only_with_trigger.py
[2024-07-27T22:12:20.736+0000] {processor.py:840} INFO - DAG(s) 'latest_only_with_trigger' retrieved from /home/airflow/.local/lib/python3.12/site-packages/airflow/example_dags/example_latest_only_with_trigger.py
[2024-07-27T22:12:20.802+0000] {logging_mixin.py:188} INFO - [2024-07-27T22:12:20.801+0000] {dag.py:3089} INFO - Sync 1 DAGs
[2024-07-27T22:12:20.881+0000] {logging_mixin.py:188} INFO - [2024-07-27T22:12:20.881+0000] {dag.py:3947} INFO - Setting next_dagrun for latest_only_with_trigger to 2024-07-27 16:00:00+00:00, run_after=2024-07-27 20:00:00+00:00
[2024-07-27T22:12:20.948+0000] {processor.py:183} INFO - Processing /home/airflow/.local/lib/python3.12/site-packages/airflow/example_dags/example_latest_only_with_trigger.py took 0.259 seconds
[2024-07-27T22:12:51.170+0000] {processor.py:161} INFO - Started process (PID=668) to work on /home/airflow/.local/lib/python3.12/site-packages/airflow/example_dags/example_latest_only_with_trigger.py
[2024-07-27T22:12:51.171+0000] {processor.py:830} INFO - Processing file /home/airflow/.local/lib/python3.12/site-packages/airflow/example_dags/example_latest_only_with_trigger.py for tasks to queue
[2024-07-27T22:12:51.172+0000] {logging_mixin.py:188} INFO - [2024-07-27T22:12:51.172+0000] {dagbag.py:545} INFO - Filling up the DagBag from /home/airflow/.local/lib/python3.12/site-packages/airflow/example_dags/example_latest_only_with_trigger.py
[2024-07-27T22:12:51.177+0000] {processor.py:840} INFO - DAG(s) 'latest_only_with_trigger' retrieved from /home/airflow/.local/lib/python3.12/site-packages/airflow/example_dags/example_latest_only_with_trigger.py
[2024-07-27T22:12:51.197+0000] {logging_mixin.py:188} INFO - [2024-07-27T22:12:51.197+0000] {dag.py:3089} INFO - Sync 1 DAGs
[2024-07-27T22:12:51.218+0000] {logging_mixin.py:188} INFO - [2024-07-27T22:12:51.218+0000] {dag.py:3947} INFO - Setting next_dagrun for latest_only_with_trigger to 2024-07-27 16:00:00+00:00, run_after=2024-07-27 20:00:00+00:00
[2024-07-27T22:12:51.236+0000] {processor.py:183} INFO - Processing /home/airflow/.local/lib/python3.12/site-packages/airflow/example_dags/example_latest_only_with_trigger.py took 0.071 seconds
[2024-07-27T22:13:22.448+0000] {processor.py:161} INFO - Started process (PID=726) to work on /home/airflow/.local/lib/python3.12/site-packages/airflow/example_dags/example_latest_only_with_trigger.py
[2024-07-27T22:13:22.451+0000] {processor.py:830} INFO - Processing file /home/airflow/.local/lib/python3.12/site-packages/airflow/example_dags/example_latest_only_with_trigger.py for tasks to queue
[2024-07-27T22:13:22.459+0000] {logging_mixin.py:188} INFO - [2024-07-27T22:13:22.456+0000] {dagbag.py:545} INFO - Filling up the DagBag from /home/airflow/.local/lib/python3.12/site-packages/airflow/example_dags/example_latest_only_with_trigger.py
[2024-07-27T22:13:22.483+0000] {processor.py:840} INFO - DAG(s) 'latest_only_with_trigger' retrieved from /home/airflow/.local/lib/python3.12/site-packages/airflow/example_dags/example_latest_only_with_trigger.py
[2024-07-27T22:13:22.565+0000] {logging_mixin.py:188} INFO - [2024-07-27T22:13:22.564+0000] {dag.py:3089} INFO - Sync 1 DAGs
[2024-07-27T22:13:22.699+0000] {logging_mixin.py:188} INFO - [2024-07-27T22:13:22.697+0000] {dag.py:3947} INFO - Setting next_dagrun for latest_only_with_trigger to 2024-07-27 16:00:00+00:00, run_after=2024-07-27 20:00:00+00:00
[2024-07-27T22:13:22.813+0000] {processor.py:183} INFO - Processing /home/airflow/.local/lib/python3.12/site-packages/airflow/example_dags/example_latest_only_with_trigger.py took 0.393 seconds
