[2024-07-27T22:07:37.821+0000] {processor.py:161} INFO - Started process (PID=77) to work on /home/airflow/.local/lib/python3.12/site-packages/airflow/example_dags/example_python_decorator.py
[2024-07-27T22:07:37.822+0000] {processor.py:830} INFO - Processing file /home/airflow/.local/lib/python3.12/site-packages/airflow/example_dags/example_python_decorator.py for tasks to queue
[2024-07-27T22:07:37.824+0000] {logging_mixin.py:188} INFO - [2024-07-27T22:07:37.823+0000] {dagbag.py:545} INFO - Filling up the DagBag from /home/airflow/.local/lib/python3.12/site-packages/airflow/example_dags/example_python_decorator.py
[2024-07-27T22:07:37.845+0000] {processor.py:840} INFO - DAG(s) 'example_python_decorator' retrieved from /home/airflow/.local/lib/python3.12/site-packages/airflow/example_dags/example_python_decorator.py
[2024-07-27T22:07:37.983+0000] {logging_mixin.py:188} INFO - [2024-07-27T22:07:37.983+0000] {dag.py:3089} INFO - Sync 1 DAGs
[2024-07-27T22:07:37.998+0000] {logging_mixin.py:188} INFO - [2024-07-27T22:07:37.997+0000] {dag.py:3947} INFO - Setting next_dagrun for example_python_decorator to None, run_after=None
[2024-07-27T22:07:38.021+0000] {processor.py:183} INFO - Processing /home/airflow/.local/lib/python3.12/site-packages/airflow/example_dags/example_python_decorator.py took 0.206 seconds
[2024-07-27T22:08:08.672+0000] {processor.py:161} INFO - Started process (PID=135) to work on /home/airflow/.local/lib/python3.12/site-packages/airflow/example_dags/example_python_decorator.py
[2024-07-27T22:08:08.673+0000] {processor.py:830} INFO - Processing file /home/airflow/.local/lib/python3.12/site-packages/airflow/example_dags/example_python_decorator.py for tasks to queue
[2024-07-27T22:08:08.675+0000] {logging_mixin.py:188} INFO - [2024-07-27T22:08:08.675+0000] {dagbag.py:545} INFO - Filling up the DagBag from /home/airflow/.local/lib/python3.12/site-packages/airflow/example_dags/example_python_decorator.py
[2024-07-27T22:08:08.691+0000] {processor.py:840} INFO - DAG(s) 'example_python_decorator' retrieved from /home/airflow/.local/lib/python3.12/site-packages/airflow/example_dags/example_python_decorator.py
[2024-07-27T22:08:08.720+0000] {logging_mixin.py:188} INFO - [2024-07-27T22:08:08.719+0000] {dag.py:3089} INFO - Sync 1 DAGs
[2024-07-27T22:08:08.745+0000] {logging_mixin.py:188} INFO - [2024-07-27T22:08:08.744+0000] {dag.py:3947} INFO - Setting next_dagrun for example_python_decorator to None, run_after=None
[2024-07-27T22:08:08.817+0000] {processor.py:183} INFO - Processing /home/airflow/.local/lib/python3.12/site-packages/airflow/example_dags/example_python_decorator.py took 0.152 seconds
[2024-07-27T22:08:39.833+0000] {processor.py:161} INFO - Started process (PID=193) to work on /home/airflow/.local/lib/python3.12/site-packages/airflow/example_dags/example_python_decorator.py
[2024-07-27T22:08:39.835+0000] {processor.py:830} INFO - Processing file /home/airflow/.local/lib/python3.12/site-packages/airflow/example_dags/example_python_decorator.py for tasks to queue
[2024-07-27T22:08:39.841+0000] {logging_mixin.py:188} INFO - [2024-07-27T22:08:39.840+0000] {dagbag.py:545} INFO - Filling up the DagBag from /home/airflow/.local/lib/python3.12/site-packages/airflow/example_dags/example_python_decorator.py
[2024-07-27T22:08:39.886+0000] {processor.py:840} INFO - DAG(s) 'example_python_decorator' retrieved from /home/airflow/.local/lib/python3.12/site-packages/airflow/example_dags/example_python_decorator.py
[2024-07-27T22:08:39.963+0000] {logging_mixin.py:188} INFO - [2024-07-27T22:08:39.962+0000] {dag.py:3089} INFO - Sync 1 DAGs
[2024-07-27T22:08:40.024+0000] {logging_mixin.py:188} INFO - [2024-07-27T22:08:40.023+0000] {dag.py:3947} INFO - Setting next_dagrun for example_python_decorator to None, run_after=None
[2024-07-27T22:08:40.090+0000] {processor.py:183} INFO - Processing /home/airflow/.local/lib/python3.12/site-packages/airflow/example_dags/example_python_decorator.py took 0.277 seconds
[2024-07-27T22:09:10.735+0000] {processor.py:161} INFO - Started process (PID=251) to work on /home/airflow/.local/lib/python3.12/site-packages/airflow/example_dags/example_python_decorator.py
[2024-07-27T22:09:10.736+0000] {processor.py:830} INFO - Processing file /home/airflow/.local/lib/python3.12/site-packages/airflow/example_dags/example_python_decorator.py for tasks to queue
[2024-07-27T22:09:10.738+0000] {logging_mixin.py:188} INFO - [2024-07-27T22:09:10.738+0000] {dagbag.py:545} INFO - Filling up the DagBag from /home/airflow/.local/lib/python3.12/site-packages/airflow/example_dags/example_python_decorator.py
[2024-07-27T22:09:10.754+0000] {processor.py:840} INFO - DAG(s) 'example_python_decorator' retrieved from /home/airflow/.local/lib/python3.12/site-packages/airflow/example_dags/example_python_decorator.py
[2024-07-27T22:09:10.779+0000] {logging_mixin.py:188} INFO - [2024-07-27T22:09:10.779+0000] {dag.py:3089} INFO - Sync 1 DAGs
[2024-07-27T22:09:10.799+0000] {logging_mixin.py:188} INFO - [2024-07-27T22:09:10.799+0000] {dag.py:3947} INFO - Setting next_dagrun for example_python_decorator to None, run_after=None
[2024-07-27T22:09:10.820+0000] {processor.py:183} INFO - Processing /home/airflow/.local/lib/python3.12/site-packages/airflow/example_dags/example_python_decorator.py took 0.091 seconds
[2024-07-27T22:09:41.554+0000] {processor.py:161} INFO - Started process (PID=309) to work on /home/airflow/.local/lib/python3.12/site-packages/airflow/example_dags/example_python_decorator.py
[2024-07-27T22:09:41.557+0000] {processor.py:830} INFO - Processing file /home/airflow/.local/lib/python3.12/site-packages/airflow/example_dags/example_python_decorator.py for tasks to queue
[2024-07-27T22:09:41.567+0000] {logging_mixin.py:188} INFO - [2024-07-27T22:09:41.565+0000] {dagbag.py:545} INFO - Filling up the DagBag from /home/airflow/.local/lib/python3.12/site-packages/airflow/example_dags/example_python_decorator.py
[2024-07-27T22:09:41.608+0000] {processor.py:840} INFO - DAG(s) 'example_python_decorator' retrieved from /home/airflow/.local/lib/python3.12/site-packages/airflow/example_dags/example_python_decorator.py
[2024-07-27T22:09:41.752+0000] {logging_mixin.py:188} INFO - [2024-07-27T22:09:41.751+0000] {dag.py:3089} INFO - Sync 1 DAGs
[2024-07-27T22:09:41.876+0000] {logging_mixin.py:188} INFO - [2024-07-27T22:09:41.874+0000] {dag.py:3947} INFO - Setting next_dagrun for example_python_decorator to None, run_after=None
[2024-07-27T22:09:42.024+0000] {processor.py:183} INFO - Processing /home/airflow/.local/lib/python3.12/site-packages/airflow/example_dags/example_python_decorator.py took 0.498 seconds
[2024-07-27T22:10:12.194+0000] {processor.py:161} INFO - Started process (PID=367) to work on /home/airflow/.local/lib/python3.12/site-packages/airflow/example_dags/example_python_decorator.py
[2024-07-27T22:10:12.195+0000] {processor.py:830} INFO - Processing file /home/airflow/.local/lib/python3.12/site-packages/airflow/example_dags/example_python_decorator.py for tasks to queue
[2024-07-27T22:10:12.198+0000] {logging_mixin.py:188} INFO - [2024-07-27T22:10:12.197+0000] {dagbag.py:545} INFO - Filling up the DagBag from /home/airflow/.local/lib/python3.12/site-packages/airflow/example_dags/example_python_decorator.py
[2024-07-27T22:10:12.221+0000] {processor.py:840} INFO - DAG(s) 'example_python_decorator' retrieved from /home/airflow/.local/lib/python3.12/site-packages/airflow/example_dags/example_python_decorator.py
[2024-07-27T22:10:12.254+0000] {logging_mixin.py:188} INFO - [2024-07-27T22:10:12.254+0000] {dag.py:3089} INFO - Sync 1 DAGs
[2024-07-27T22:10:12.281+0000] {logging_mixin.py:188} INFO - [2024-07-27T22:10:12.281+0000] {dag.py:3947} INFO - Setting next_dagrun for example_python_decorator to None, run_after=None
[2024-07-27T22:10:12.319+0000] {processor.py:183} INFO - Processing /home/airflow/.local/lib/python3.12/site-packages/airflow/example_dags/example_python_decorator.py took 0.137 seconds
[2024-07-27T22:10:43.259+0000] {processor.py:161} INFO - Started process (PID=425) to work on /home/airflow/.local/lib/python3.12/site-packages/airflow/example_dags/example_python_decorator.py
[2024-07-27T22:10:43.260+0000] {processor.py:830} INFO - Processing file /home/airflow/.local/lib/python3.12/site-packages/airflow/example_dags/example_python_decorator.py for tasks to queue
[2024-07-27T22:10:43.263+0000] {logging_mixin.py:188} INFO - [2024-07-27T22:10:43.263+0000] {dagbag.py:545} INFO - Filling up the DagBag from /home/airflow/.local/lib/python3.12/site-packages/airflow/example_dags/example_python_decorator.py
[2024-07-27T22:10:43.293+0000] {processor.py:840} INFO - DAG(s) 'example_python_decorator' retrieved from /home/airflow/.local/lib/python3.12/site-packages/airflow/example_dags/example_python_decorator.py
[2024-07-27T22:10:43.340+0000] {logging_mixin.py:188} INFO - [2024-07-27T22:10:43.340+0000] {dag.py:3089} INFO - Sync 1 DAGs
[2024-07-27T22:10:43.372+0000] {logging_mixin.py:188} INFO - [2024-07-27T22:10:43.372+0000] {dag.py:3947} INFO - Setting next_dagrun for example_python_decorator to None, run_after=None
[2024-07-27T22:10:43.414+0000] {processor.py:183} INFO - Processing /home/airflow/.local/lib/python3.12/site-packages/airflow/example_dags/example_python_decorator.py took 0.171 seconds
[2024-07-27T22:11:15.136+0000] {processor.py:161} INFO - Started process (PID=483) to work on /home/airflow/.local/lib/python3.12/site-packages/airflow/example_dags/example_python_decorator.py
[2024-07-27T22:11:15.142+0000] {processor.py:830} INFO - Processing file /home/airflow/.local/lib/python3.12/site-packages/airflow/example_dags/example_python_decorator.py for tasks to queue
[2024-07-27T22:11:15.159+0000] {logging_mixin.py:188} INFO - [2024-07-27T22:11:15.156+0000] {dagbag.py:545} INFO - Filling up the DagBag from /home/airflow/.local/lib/python3.12/site-packages/airflow/example_dags/example_python_decorator.py
[2024-07-27T22:11:15.277+0000] {processor.py:840} INFO - DAG(s) 'example_python_decorator' retrieved from /home/airflow/.local/lib/python3.12/site-packages/airflow/example_dags/example_python_decorator.py
[2024-07-27T22:11:15.468+0000] {logging_mixin.py:188} INFO - [2024-07-27T22:11:15.466+0000] {dag.py:3089} INFO - Sync 1 DAGs
[2024-07-27T22:11:15.563+0000] {logging_mixin.py:188} INFO - [2024-07-27T22:11:15.561+0000] {dag.py:3947} INFO - Setting next_dagrun for example_python_decorator to None, run_after=None
[2024-07-27T22:11:15.698+0000] {processor.py:183} INFO - Processing /home/airflow/.local/lib/python3.12/site-packages/airflow/example_dags/example_python_decorator.py took 0.602 seconds
[2024-07-27T22:11:46.518+0000] {processor.py:161} INFO - Started process (PID=541) to work on /home/airflow/.local/lib/python3.12/site-packages/airflow/example_dags/example_python_decorator.py
[2024-07-27T22:11:46.518+0000] {processor.py:830} INFO - Processing file /home/airflow/.local/lib/python3.12/site-packages/airflow/example_dags/example_python_decorator.py for tasks to queue
[2024-07-27T22:11:46.520+0000] {logging_mixin.py:188} INFO - [2024-07-27T22:11:46.520+0000] {dagbag.py:545} INFO - Filling up the DagBag from /home/airflow/.local/lib/python3.12/site-packages/airflow/example_dags/example_python_decorator.py
[2024-07-27T22:11:46.536+0000] {processor.py:840} INFO - DAG(s) 'example_python_decorator' retrieved from /home/airflow/.local/lib/python3.12/site-packages/airflow/example_dags/example_python_decorator.py
[2024-07-27T22:11:46.566+0000] {logging_mixin.py:188} INFO - [2024-07-27T22:11:46.565+0000] {dag.py:3089} INFO - Sync 1 DAGs
[2024-07-27T22:11:46.581+0000] {logging_mixin.py:188} INFO - [2024-07-27T22:11:46.581+0000] {dag.py:3947} INFO - Setting next_dagrun for example_python_decorator to None, run_after=None
[2024-07-27T22:11:46.614+0000] {processor.py:183} INFO - Processing /home/airflow/.local/lib/python3.12/site-packages/airflow/example_dags/example_python_decorator.py took 0.103 seconds
[2024-07-27T22:12:16.913+0000] {processor.py:161} INFO - Started process (PID=599) to work on /home/airflow/.local/lib/python3.12/site-packages/airflow/example_dags/example_python_decorator.py
[2024-07-27T22:12:16.913+0000] {processor.py:830} INFO - Processing file /home/airflow/.local/lib/python3.12/site-packages/airflow/example_dags/example_python_decorator.py for tasks to queue
[2024-07-27T22:12:16.915+0000] {logging_mixin.py:188} INFO - [2024-07-27T22:12:16.915+0000] {dagbag.py:545} INFO - Filling up the DagBag from /home/airflow/.local/lib/python3.12/site-packages/airflow/example_dags/example_python_decorator.py
[2024-07-27T22:12:16.928+0000] {processor.py:840} INFO - DAG(s) 'example_python_decorator' retrieved from /home/airflow/.local/lib/python3.12/site-packages/airflow/example_dags/example_python_decorator.py
[2024-07-27T22:12:16.951+0000] {logging_mixin.py:188} INFO - [2024-07-27T22:12:16.951+0000] {dag.py:3089} INFO - Sync 1 DAGs
[2024-07-27T22:12:16.965+0000] {logging_mixin.py:188} INFO - [2024-07-27T22:12:16.965+0000] {dag.py:3947} INFO - Setting next_dagrun for example_python_decorator to None, run_after=None
[2024-07-27T22:12:16.986+0000] {processor.py:183} INFO - Processing /home/airflow/.local/lib/python3.12/site-packages/airflow/example_dags/example_python_decorator.py took 0.079 seconds
[2024-07-27T22:12:47.362+0000] {processor.py:161} INFO - Started process (PID=657) to work on /home/airflow/.local/lib/python3.12/site-packages/airflow/example_dags/example_python_decorator.py
[2024-07-27T22:12:47.363+0000] {processor.py:830} INFO - Processing file /home/airflow/.local/lib/python3.12/site-packages/airflow/example_dags/example_python_decorator.py for tasks to queue
[2024-07-27T22:12:47.365+0000] {logging_mixin.py:188} INFO - [2024-07-27T22:12:47.365+0000] {dagbag.py:545} INFO - Filling up the DagBag from /home/airflow/.local/lib/python3.12/site-packages/airflow/example_dags/example_python_decorator.py
[2024-07-27T22:12:47.381+0000] {processor.py:840} INFO - DAG(s) 'example_python_decorator' retrieved from /home/airflow/.local/lib/python3.12/site-packages/airflow/example_dags/example_python_decorator.py
[2024-07-27T22:12:47.403+0000] {logging_mixin.py:188} INFO - [2024-07-27T22:12:47.403+0000] {dag.py:3089} INFO - Sync 1 DAGs
[2024-07-27T22:12:47.415+0000] {logging_mixin.py:188} INFO - [2024-07-27T22:12:47.415+0000] {dag.py:3947} INFO - Setting next_dagrun for example_python_decorator to None, run_after=None
[2024-07-27T22:12:47.433+0000] {processor.py:183} INFO - Processing /home/airflow/.local/lib/python3.12/site-packages/airflow/example_dags/example_python_decorator.py took 0.079 seconds
[2024-07-27T22:13:17.697+0000] {processor.py:161} INFO - Started process (PID=715) to work on /home/airflow/.local/lib/python3.12/site-packages/airflow/example_dags/example_python_decorator.py
[2024-07-27T22:13:17.699+0000] {processor.py:830} INFO - Processing file /home/airflow/.local/lib/python3.12/site-packages/airflow/example_dags/example_python_decorator.py for tasks to queue
[2024-07-27T22:13:17.705+0000] {logging_mixin.py:188} INFO - [2024-07-27T22:13:17.704+0000] {dagbag.py:545} INFO - Filling up the DagBag from /home/airflow/.local/lib/python3.12/site-packages/airflow/example_dags/example_python_decorator.py
[2024-07-27T22:13:17.755+0000] {processor.py:840} INFO - DAG(s) 'example_python_decorator' retrieved from /home/airflow/.local/lib/python3.12/site-packages/airflow/example_dags/example_python_decorator.py
[2024-07-27T22:13:17.788+0000] {logging_mixin.py:188} INFO - [2024-07-27T22:13:17.787+0000] {dag.py:3089} INFO - Sync 1 DAGs
[2024-07-27T22:13:17.801+0000] {logging_mixin.py:188} INFO - [2024-07-27T22:13:17.801+0000] {dag.py:3947} INFO - Setting next_dagrun for example_python_decorator to None, run_after=None
[2024-07-27T22:13:17.827+0000] {processor.py:183} INFO - Processing /home/airflow/.local/lib/python3.12/site-packages/airflow/example_dags/example_python_decorator.py took 0.157 seconds
