[2024-07-27T22:07:42.152+0000] {processor.py:161} INFO - Started process (PID=102) to work on /home/airflow/.local/lib/python3.12/site-packages/airflow/example_dags/tutorial.py
[2024-07-27T22:07:42.152+0000] {processor.py:830} INFO - Processing file /home/airflow/.local/lib/python3.12/site-packages/airflow/example_dags/tutorial.py for tasks to queue
[2024-07-27T22:07:42.154+0000] {logging_mixin.py:188} INFO - [2024-07-27T22:07:42.154+0000] {dagbag.py:545} INFO - Filling up the DagBag from /home/airflow/.local/lib/python3.12/site-packages/airflow/example_dags/tutorial.py
[2024-07-27T22:07:42.167+0000] {processor.py:840} INFO - DAG(s) 'tutorial' retrieved from /home/airflow/.local/lib/python3.12/site-packages/airflow/example_dags/tutorial.py
[2024-07-27T22:07:42.306+0000] {logging_mixin.py:188} INFO - [2024-07-27T22:07:42.306+0000] {dag.py:3089} INFO - Sync 1 DAGs
[2024-07-27T22:07:42.331+0000] {logging_mixin.py:188} INFO - [2024-07-27T22:07:42.330+0000] {dag.py:3947} INFO - Setting next_dagrun for tutorial to 2024-07-26 00:00:00+00:00, run_after=2024-07-27 00:00:00+00:00
[2024-07-27T22:07:42.353+0000] {processor.py:183} INFO - Processing /home/airflow/.local/lib/python3.12/site-packages/airflow/example_dags/tutorial.py took 0.210 seconds
[2024-07-27T22:08:12.768+0000] {processor.py:161} INFO - Started process (PID=160) to work on /home/airflow/.local/lib/python3.12/site-packages/airflow/example_dags/tutorial.py
[2024-07-27T22:08:12.771+0000] {processor.py:830} INFO - Processing file /home/airflow/.local/lib/python3.12/site-packages/airflow/example_dags/tutorial.py for tasks to queue
[2024-07-27T22:08:12.777+0000] {logging_mixin.py:188} INFO - [2024-07-27T22:08:12.776+0000] {dagbag.py:545} INFO - Filling up the DagBag from /home/airflow/.local/lib/python3.12/site-packages/airflow/example_dags/tutorial.py
[2024-07-27T22:08:12.798+0000] {processor.py:840} INFO - DAG(s) 'tutorial' retrieved from /home/airflow/.local/lib/python3.12/site-packages/airflow/example_dags/tutorial.py
[2024-07-27T22:08:12.863+0000] {logging_mixin.py:188} INFO - [2024-07-27T22:08:12.862+0000] {dag.py:3089} INFO - Sync 1 DAGs
[2024-07-27T22:08:12.932+0000] {logging_mixin.py:188} INFO - [2024-07-27T22:08:12.931+0000] {dag.py:3947} INFO - Setting next_dagrun for tutorial to 2024-07-26 00:00:00+00:00, run_after=2024-07-27 00:00:00+00:00
[2024-07-27T22:08:12.987+0000] {processor.py:183} INFO - Processing /home/airflow/.local/lib/python3.12/site-packages/airflow/example_dags/tutorial.py took 0.239 seconds
[2024-07-27T22:08:43.318+0000] {processor.py:161} INFO - Started process (PID=218) to work on /home/airflow/.local/lib/python3.12/site-packages/airflow/example_dags/tutorial.py
[2024-07-27T22:08:43.319+0000] {processor.py:830} INFO - Processing file /home/airflow/.local/lib/python3.12/site-packages/airflow/example_dags/tutorial.py for tasks to queue
[2024-07-27T22:08:43.321+0000] {logging_mixin.py:188} INFO - [2024-07-27T22:08:43.321+0000] {dagbag.py:545} INFO - Filling up the DagBag from /home/airflow/.local/lib/python3.12/site-packages/airflow/example_dags/tutorial.py
[2024-07-27T22:08:43.330+0000] {processor.py:840} INFO - DAG(s) 'tutorial' retrieved from /home/airflow/.local/lib/python3.12/site-packages/airflow/example_dags/tutorial.py
[2024-07-27T22:08:43.381+0000] {logging_mixin.py:188} INFO - [2024-07-27T22:08:43.380+0000] {dag.py:3089} INFO - Sync 1 DAGs
[2024-07-27T22:08:43.465+0000] {logging_mixin.py:188} INFO - [2024-07-27T22:08:43.464+0000] {dag.py:3947} INFO - Setting next_dagrun for tutorial to 2024-07-26 00:00:00+00:00, run_after=2024-07-27 00:00:00+00:00
[2024-07-27T22:08:43.527+0000] {processor.py:183} INFO - Processing /home/airflow/.local/lib/python3.12/site-packages/airflow/example_dags/tutorial.py took 0.217 seconds
[2024-07-27T22:09:15.151+0000] {processor.py:161} INFO - Started process (PID=276) to work on /home/airflow/.local/lib/python3.12/site-packages/airflow/example_dags/tutorial.py
[2024-07-27T22:09:15.152+0000] {processor.py:830} INFO - Processing file /home/airflow/.local/lib/python3.12/site-packages/airflow/example_dags/tutorial.py for tasks to queue
[2024-07-27T22:09:15.155+0000] {logging_mixin.py:188} INFO - [2024-07-27T22:09:15.154+0000] {dagbag.py:545} INFO - Filling up the DagBag from /home/airflow/.local/lib/python3.12/site-packages/airflow/example_dags/tutorial.py
[2024-07-27T22:09:15.165+0000] {processor.py:840} INFO - DAG(s) 'tutorial' retrieved from /home/airflow/.local/lib/python3.12/site-packages/airflow/example_dags/tutorial.py
[2024-07-27T22:09:15.225+0000] {logging_mixin.py:188} INFO - [2024-07-27T22:09:15.225+0000] {dag.py:3089} INFO - Sync 1 DAGs
[2024-07-27T22:09:15.304+0000] {logging_mixin.py:188} INFO - [2024-07-27T22:09:15.303+0000] {dag.py:3947} INFO - Setting next_dagrun for tutorial to 2024-07-26 00:00:00+00:00, run_after=2024-07-27 00:00:00+00:00
[2024-07-27T22:09:15.369+0000] {processor.py:183} INFO - Processing /home/airflow/.local/lib/python3.12/site-packages/airflow/example_dags/tutorial.py took 0.227 seconds
[2024-07-27T22:09:46.731+0000] {processor.py:161} INFO - Started process (PID=334) to work on /home/airflow/.local/lib/python3.12/site-packages/airflow/example_dags/tutorial.py
[2024-07-27T22:09:46.734+0000] {processor.py:830} INFO - Processing file /home/airflow/.local/lib/python3.12/site-packages/airflow/example_dags/tutorial.py for tasks to queue
[2024-07-27T22:09:46.740+0000] {logging_mixin.py:188} INFO - [2024-07-27T22:09:46.739+0000] {dagbag.py:545} INFO - Filling up the DagBag from /home/airflow/.local/lib/python3.12/site-packages/airflow/example_dags/tutorial.py
[2024-07-27T22:09:46.763+0000] {processor.py:840} INFO - DAG(s) 'tutorial' retrieved from /home/airflow/.local/lib/python3.12/site-packages/airflow/example_dags/tutorial.py
[2024-07-27T22:09:46.855+0000] {logging_mixin.py:188} INFO - [2024-07-27T22:09:46.854+0000] {dag.py:3089} INFO - Sync 1 DAGs
[2024-07-27T22:09:46.960+0000] {logging_mixin.py:188} INFO - [2024-07-27T22:09:46.959+0000] {dag.py:3947} INFO - Setting next_dagrun for tutorial to 2024-07-26 00:00:00+00:00, run_after=2024-07-27 00:00:00+00:00
[2024-07-27T22:09:47.036+0000] {processor.py:183} INFO - Processing /home/airflow/.local/lib/python3.12/site-packages/airflow/example_dags/tutorial.py took 0.329 seconds
[2024-07-27T22:10:17.336+0000] {processor.py:161} INFO - Started process (PID=392) to work on /home/airflow/.local/lib/python3.12/site-packages/airflow/example_dags/tutorial.py
[2024-07-27T22:10:17.337+0000] {processor.py:830} INFO - Processing file /home/airflow/.local/lib/python3.12/site-packages/airflow/example_dags/tutorial.py for tasks to queue
[2024-07-27T22:10:17.340+0000] {logging_mixin.py:188} INFO - [2024-07-27T22:10:17.340+0000] {dagbag.py:545} INFO - Filling up the DagBag from /home/airflow/.local/lib/python3.12/site-packages/airflow/example_dags/tutorial.py
[2024-07-27T22:10:17.353+0000] {processor.py:840} INFO - DAG(s) 'tutorial' retrieved from /home/airflow/.local/lib/python3.12/site-packages/airflow/example_dags/tutorial.py
[2024-07-27T22:10:17.400+0000] {logging_mixin.py:188} INFO - [2024-07-27T22:10:17.398+0000] {dag.py:3089} INFO - Sync 1 DAGs
[2024-07-27T22:10:17.443+0000] {logging_mixin.py:188} INFO - [2024-07-27T22:10:17.443+0000] {dag.py:3947} INFO - Setting next_dagrun for tutorial to 2024-07-26 00:00:00+00:00, run_after=2024-07-27 00:00:00+00:00
[2024-07-27T22:10:17.489+0000] {processor.py:183} INFO - Processing /home/airflow/.local/lib/python3.12/site-packages/airflow/example_dags/tutorial.py took 0.169 seconds
[2024-07-27T22:10:52.076+0000] {processor.py:161} INFO - Started process (PID=450) to work on /home/airflow/.local/lib/python3.12/site-packages/airflow/example_dags/tutorial.py
[2024-07-27T22:10:52.081+0000] {processor.py:830} INFO - Processing file /home/airflow/.local/lib/python3.12/site-packages/airflow/example_dags/tutorial.py for tasks to queue
[2024-07-27T22:10:52.096+0000] {logging_mixin.py:188} INFO - [2024-07-27T22:10:52.093+0000] {dagbag.py:545} INFO - Filling up the DagBag from /home/airflow/.local/lib/python3.12/site-packages/airflow/example_dags/tutorial.py
[2024-07-27T22:10:52.146+0000] {processor.py:840} INFO - DAG(s) 'tutorial' retrieved from /home/airflow/.local/lib/python3.12/site-packages/airflow/example_dags/tutorial.py
[2024-07-27T22:10:52.326+0000] {logging_mixin.py:188} INFO - [2024-07-27T22:10:52.323+0000] {dag.py:3089} INFO - Sync 1 DAGs
[2024-07-27T22:10:52.558+0000] {logging_mixin.py:188} INFO - [2024-07-27T22:10:52.556+0000] {dag.py:3947} INFO - Setting next_dagrun for tutorial to 2024-07-26 00:00:00+00:00, run_after=2024-07-27 00:00:00+00:00
[2024-07-27T22:10:52.716+0000] {processor.py:183} INFO - Processing /home/airflow/.local/lib/python3.12/site-packages/airflow/example_dags/tutorial.py took 0.683 seconds
[2024-07-27T22:11:26.895+0000] {processor.py:161} INFO - Started process (PID=508) to work on /home/airflow/.local/lib/python3.12/site-packages/airflow/example_dags/tutorial.py
[2024-07-27T22:11:26.901+0000] {processor.py:830} INFO - Processing file /home/airflow/.local/lib/python3.12/site-packages/airflow/example_dags/tutorial.py for tasks to queue
[2024-07-27T22:11:26.913+0000] {logging_mixin.py:188} INFO - [2024-07-27T22:11:26.910+0000] {dagbag.py:545} INFO - Filling up the DagBag from /home/airflow/.local/lib/python3.12/site-packages/airflow/example_dags/tutorial.py
[2024-07-27T22:11:26.953+0000] {processor.py:840} INFO - DAG(s) 'tutorial' retrieved from /home/airflow/.local/lib/python3.12/site-packages/airflow/example_dags/tutorial.py
[2024-07-27T22:11:27.076+0000] {logging_mixin.py:188} INFO - [2024-07-27T22:11:27.074+0000] {dag.py:3089} INFO - Sync 1 DAGs
[2024-07-27T22:11:27.234+0000] {logging_mixin.py:188} INFO - [2024-07-27T22:11:27.232+0000] {dag.py:3947} INFO - Setting next_dagrun for tutorial to 2024-07-26 00:00:00+00:00, run_after=2024-07-27 00:00:00+00:00
[2024-07-27T22:11:27.384+0000] {processor.py:183} INFO - Processing /home/airflow/.local/lib/python3.12/site-packages/airflow/example_dags/tutorial.py took 0.527 seconds
[2024-07-27T22:11:57.763+0000] {processor.py:161} INFO - Started process (PID=566) to work on /home/airflow/.local/lib/python3.12/site-packages/airflow/example_dags/tutorial.py
[2024-07-27T22:11:57.765+0000] {processor.py:830} INFO - Processing file /home/airflow/.local/lib/python3.12/site-packages/airflow/example_dags/tutorial.py for tasks to queue
[2024-07-27T22:11:57.771+0000] {logging_mixin.py:188} INFO - [2024-07-27T22:11:57.770+0000] {dagbag.py:545} INFO - Filling up the DagBag from /home/airflow/.local/lib/python3.12/site-packages/airflow/example_dags/tutorial.py
[2024-07-27T22:11:57.789+0000] {processor.py:840} INFO - DAG(s) 'tutorial' retrieved from /home/airflow/.local/lib/python3.12/site-packages/airflow/example_dags/tutorial.py
[2024-07-27T22:11:57.853+0000] {logging_mixin.py:188} INFO - [2024-07-27T22:11:57.852+0000] {dag.py:3089} INFO - Sync 1 DAGs
[2024-07-27T22:11:57.933+0000] {logging_mixin.py:188} INFO - [2024-07-27T22:11:57.932+0000] {dag.py:3947} INFO - Setting next_dagrun for tutorial to 2024-07-26 00:00:00+00:00, run_after=2024-07-27 00:00:00+00:00
[2024-07-27T22:11:57.990+0000] {processor.py:183} INFO - Processing /home/airflow/.local/lib/python3.12/site-packages/airflow/example_dags/tutorial.py took 0.247 seconds
[2024-07-27T22:12:28.339+0000] {processor.py:161} INFO - Started process (PID=624) to work on /home/airflow/.local/lib/python3.12/site-packages/airflow/example_dags/tutorial.py
[2024-07-27T22:12:28.341+0000] {processor.py:830} INFO - Processing file /home/airflow/.local/lib/python3.12/site-packages/airflow/example_dags/tutorial.py for tasks to queue
[2024-07-27T22:12:28.347+0000] {logging_mixin.py:188} INFO - [2024-07-27T22:12:28.346+0000] {dagbag.py:545} INFO - Filling up the DagBag from /home/airflow/.local/lib/python3.12/site-packages/airflow/example_dags/tutorial.py
[2024-07-27T22:12:28.366+0000] {processor.py:840} INFO - DAG(s) 'tutorial' retrieved from /home/airflow/.local/lib/python3.12/site-packages/airflow/example_dags/tutorial.py
[2024-07-27T22:12:28.431+0000] {logging_mixin.py:188} INFO - [2024-07-27T22:12:28.430+0000] {dag.py:3089} INFO - Sync 1 DAGs
[2024-07-27T22:12:28.510+0000] {logging_mixin.py:188} INFO - [2024-07-27T22:12:28.509+0000] {dag.py:3947} INFO - Setting next_dagrun for tutorial to 2024-07-26 00:00:00+00:00, run_after=2024-07-27 00:00:00+00:00
[2024-07-27T22:12:28.574+0000] {processor.py:183} INFO - Processing /home/airflow/.local/lib/python3.12/site-packages/airflow/example_dags/tutorial.py took 0.255 seconds
[2024-07-27T22:12:59.236+0000] {processor.py:161} INFO - Started process (PID=682) to work on /home/airflow/.local/lib/python3.12/site-packages/airflow/example_dags/tutorial.py
[2024-07-27T22:12:59.237+0000] {processor.py:830} INFO - Processing file /home/airflow/.local/lib/python3.12/site-packages/airflow/example_dags/tutorial.py for tasks to queue
[2024-07-27T22:12:59.240+0000] {logging_mixin.py:188} INFO - [2024-07-27T22:12:59.239+0000] {dagbag.py:545} INFO - Filling up the DagBag from /home/airflow/.local/lib/python3.12/site-packages/airflow/example_dags/tutorial.py
[2024-07-27T22:12:59.251+0000] {processor.py:840} INFO - DAG(s) 'tutorial' retrieved from /home/airflow/.local/lib/python3.12/site-packages/airflow/example_dags/tutorial.py
[2024-07-27T22:12:59.312+0000] {logging_mixin.py:188} INFO - [2024-07-27T22:12:59.312+0000] {dag.py:3089} INFO - Sync 1 DAGs
[2024-07-27T22:12:59.392+0000] {logging_mixin.py:188} INFO - [2024-07-27T22:12:59.391+0000] {dag.py:3947} INFO - Setting next_dagrun for tutorial to 2024-07-26 00:00:00+00:00, run_after=2024-07-27 00:00:00+00:00
[2024-07-27T22:12:59.473+0000] {processor.py:183} INFO - Processing /home/airflow/.local/lib/python3.12/site-packages/airflow/example_dags/tutorial.py took 0.246 seconds
[2024-07-27T22:13:29.957+0000] {processor.py:161} INFO - Started process (PID=740) to work on /home/airflow/.local/lib/python3.12/site-packages/airflow/example_dags/tutorial.py
[2024-07-27T22:13:29.958+0000] {processor.py:830} INFO - Processing file /home/airflow/.local/lib/python3.12/site-packages/airflow/example_dags/tutorial.py for tasks to queue
[2024-07-27T22:13:29.962+0000] {logging_mixin.py:188} INFO - [2024-07-27T22:13:29.961+0000] {dagbag.py:545} INFO - Filling up the DagBag from /home/airflow/.local/lib/python3.12/site-packages/airflow/example_dags/tutorial.py
[2024-07-27T22:13:29.973+0000] {processor.py:840} INFO - DAG(s) 'tutorial' retrieved from /home/airflow/.local/lib/python3.12/site-packages/airflow/example_dags/tutorial.py
[2024-07-27T22:13:30.029+0000] {logging_mixin.py:188} INFO - [2024-07-27T22:13:30.028+0000] {dag.py:3089} INFO - Sync 1 DAGs
[2024-07-27T22:13:30.077+0000] {logging_mixin.py:188} INFO - [2024-07-27T22:13:30.077+0000] {dag.py:3947} INFO - Setting next_dagrun for tutorial to 2024-07-26 00:00:00+00:00, run_after=2024-07-27 00:00:00+00:00
[2024-07-27T22:13:30.115+0000] {processor.py:183} INFO - Processing /home/airflow/.local/lib/python3.12/site-packages/airflow/example_dags/tutorial.py took 0.167 seconds
