[2024-09-24T23:13:11.521+0000] {local_task_job_runner.py:120} INFO - ::group::Pre task execution logs
[2024-09-24T23:13:11.677+0000] {taskinstance.py:2076} INFO - Dependencies all met for dep_context=non-requeueable deps ti=<TaskInstance: dados_climaticos.cria_pasta manual__2024-09-24T23:12:54.684812+00:00 [queued]>
[2024-09-24T23:13:11.746+0000] {taskinstance.py:2076} INFO - Dependencies all met for dep_context=requeueable deps ti=<TaskInstance: dados_climaticos.cria_pasta manual__2024-09-24T23:12:54.684812+00:00 [queued]>
[2024-09-24T23:13:11.749+0000] {taskinstance.py:2306} INFO - Starting attempt 1 of 1
[2024-09-24T23:13:11.855+0000] {taskinstance.py:2330} INFO - Executing <Task(BashOperator): cria_pasta> on 2024-09-24 23:12:54.684812+00:00
[2024-09-24T23:13:11.906+0000] {warnings.py:112} WARNING - /home/***/.local/lib/python3.12/site-packages/***/task/task_runner/standard_task_runner.py:62: DeprecationWarning: This process (pid=1739) is multi-threaded, use of fork() may lead to deadlocks in the child.
  pid = os.fork()

[2024-09-24T23:13:11.916+0000] {standard_task_runner.py:64} INFO - Started process 1749 to run task
[2024-09-24T23:13:11.918+0000] {standard_task_runner.py:90} INFO - Running: ['***', 'tasks', 'run', 'dados_climaticos', 'cria_pasta', 'manual__2024-09-24T23:12:54.684812+00:00', '--job-id', '187', '--raw', '--subdir', 'DAGS_FOLDER/dados_climaticos.py', '--cfg-path', '/tmp/tmpi77td0d8']
[2024-09-24T23:13:11.924+0000] {standard_task_runner.py:91} INFO - Job 187: Subtask cria_pasta
[2024-09-24T23:13:12.193+0000] {task_command.py:426} INFO - Running <TaskInstance: dados_climaticos.cria_pasta manual__2024-09-24T23:12:54.684812+00:00 [running]> on host 9ad8820f2601
[2024-09-24T23:13:12.691+0000] {taskinstance.py:2648} INFO - Exporting env vars: AIRFLOW_CTX_DAG_OWNER='***' AIRFLOW_CTX_DAG_ID='dados_climaticos' AIRFLOW_CTX_TASK_ID='cria_pasta' AIRFLOW_CTX_EXECUTION_DATE='2024-09-24T23:12:54.684812+00:00' AIRFLOW_CTX_TRY_NUMBER='1' AIRFLOW_CTX_DAG_RUN_ID='manual__2024-09-24T23:12:54.684812+00:00'
[2024-09-24T23:13:12.697+0000] {taskinstance.py:430} INFO - ::endgroup::
[2024-09-24T23:13:12.704+0000] {subprocess.py:63} INFO - Tmp dir root location: /tmp
[2024-09-24T23:13:12.707+0000] {subprocess.py:75} INFO - Running command: ['/usr/bin/bash', '-c', 'mkdir -p "/home/paulovictor/workspace/***-workspace/Airflow/semana=2024-09-23/" ']
[2024-09-24T23:13:12.799+0000] {subprocess.py:86} INFO - Output:
[2024-09-24T23:13:12.838+0000] {subprocess.py:97} INFO - Command exited with return code 0
[2024-09-24T23:13:12.843+0000] {taskinstance.py:441} INFO - ::group::Post task execution logs
[2024-09-24T23:13:13.006+0000] {taskinstance.py:1206} INFO - Marking task as SUCCESS. dag_id=dados_climaticos, task_id=cria_pasta, run_id=manual__2024-09-24T23:12:54.684812+00:00, execution_date=20240924T231254, start_date=20240924T231311, end_date=20240924T231313
[2024-09-24T23:13:13.148+0000] {local_task_job_runner.py:243} INFO - Task exited with return code 0
[2024-09-24T23:13:13.263+0000] {taskinstance.py:3503} INFO - 1 downstream tasks scheduled from follow-on schedule check
[2024-09-24T23:13:13.269+0000] {local_task_job_runner.py:222} INFO - ::endgroup::
