[2024-09-24T00:21:48.194+0000] {local_task_job_runner.py:120} INFO - ::group::Pre task execution logs
[2024-09-24T00:21:48.248+0000] {taskinstance.py:2076} INFO - Dependencies all met for dep_context=non-requeueable deps ti=<TaskInstance: atividade_aula_4.cumprimentos manual__2024-09-24T00:21:43.507807+00:00 [queued]>
[2024-09-24T00:21:48.267+0000] {taskinstance.py:2076} INFO - Dependencies all met for dep_context=requeueable deps ti=<TaskInstance: atividade_aula_4.cumprimentos manual__2024-09-24T00:21:43.507807+00:00 [queued]>
[2024-09-24T00:21:48.267+0000] {taskinstance.py:2306} INFO - Starting attempt 1 of 1
[2024-09-24T00:21:48.298+0000] {taskinstance.py:2330} INFO - Executing <Task(PythonOperator): cumprimentos> on 2024-09-24 00:21:43.507807+00:00
[2024-09-24T00:21:48.316+0000] {warnings.py:112} WARNING - /home/***/.local/lib/python3.12/site-packages/***/task/task_runner/standard_task_runner.py:62: DeprecationWarning: This process (pid=5954) is multi-threaded, use of fork() may lead to deadlocks in the child.
  pid = os.fork()

[2024-09-24T00:21:48.321+0000] {standard_task_runner.py:64} INFO - Started process 5956 to run task
[2024-09-24T00:21:48.322+0000] {standard_task_runner.py:90} INFO - Running: ['***', 'tasks', 'run', 'atividade_aula_4', 'cumprimentos', 'manual__2024-09-24T00:21:43.507807+00:00', '--job-id', '131', '--raw', '--subdir', 'DAGS_FOLDER/atividade_aula_4.py', '--cfg-path', '/tmp/tmpkywr7ub8']
[2024-09-24T00:21:48.328+0000] {standard_task_runner.py:91} INFO - Job 131: Subtask cumprimentos
[2024-09-24T00:21:48.430+0000] {task_command.py:426} INFO - Running <TaskInstance: atividade_aula_4.cumprimentos manual__2024-09-24T00:21:43.507807+00:00 [running]> on host 6b6416972dd8
[2024-09-24T00:21:48.631+0000] {taskinstance.py:2648} INFO - Exporting env vars: AIRFLOW_CTX_DAG_OWNER='***' AIRFLOW_CTX_DAG_ID='atividade_aula_4' AIRFLOW_CTX_TASK_ID='cumprimentos' AIRFLOW_CTX_EXECUTION_DATE='2024-09-24T00:21:43.507807+00:00' AIRFLOW_CTX_TRY_NUMBER='1' AIRFLOW_CTX_DAG_RUN_ID='manual__2024-09-24T00:21:43.507807+00:00'
[2024-09-24T00:21:48.636+0000] {taskinstance.py:430} INFO - ::endgroup::
[2024-09-24T00:21:48.638+0000] {logging_mixin.py:188} INFO - Boas-vindas ao Airflow!
[2024-09-24T00:21:48.639+0000] {python.py:237} INFO - Done. Returned value was: None
[2024-09-24T00:21:48.641+0000] {taskinstance.py:441} INFO - ::group::Post task execution logs
[2024-09-24T00:21:48.659+0000] {taskinstance.py:1206} INFO - Marking task as SUCCESS. dag_id=atividade_aula_4, task_id=cumprimentos, run_id=manual__2024-09-24T00:21:43.507807+00:00, execution_date=20240924T002143, start_date=20240924T002148, end_date=20240924T002148
[2024-09-24T00:21:48.699+0000] {local_task_job_runner.py:243} INFO - Task exited with return code 0
[2024-09-24T00:21:48.740+0000] {taskinstance.py:3503} INFO - 0 downstream tasks scheduled from follow-on schedule check
[2024-09-24T00:21:48.743+0000] {local_task_job_runner.py:222} INFO - ::endgroup::
