[2024-07-28T15:01:28.480+0000] {processor.py:161} INFO - Started process (PID=100) to work on /home/airflow/.local/lib/python3.12/site-packages/airflow/example_dags/example_task_group_decorator.py
[2024-07-28T15:01:28.481+0000] {processor.py:830} INFO - Processing file /home/airflow/.local/lib/python3.12/site-packages/airflow/example_dags/example_task_group_decorator.py for tasks to queue
[2024-07-28T15:01:28.484+0000] {logging_mixin.py:188} INFO - [2024-07-28T15:01:28.484+0000] {dagbag.py:545} INFO - Filling up the DagBag from /home/airflow/.local/lib/python3.12/site-packages/airflow/example_dags/example_task_group_decorator.py
[2024-07-28T15:01:28.518+0000] {processor.py:840} INFO - DAG(s) 'example_task_group_decorator' retrieved from /home/airflow/.local/lib/python3.12/site-packages/airflow/example_dags/example_task_group_decorator.py
[2024-07-28T15:01:28.578+0000] {logging_mixin.py:188} INFO - [2024-07-28T15:01:28.576+0000] {dag.py:3089} INFO - Sync 1 DAGs
[2024-07-28T15:01:28.677+0000] {logging_mixin.py:188} INFO - [2024-07-28T15:01:28.675+0000] {dag.py:3947} INFO - Setting next_dagrun for example_task_group_decorator to 2024-07-27 00:00:00+00:00, run_after=2024-07-28 00:00:00+00:00
[2024-07-28T15:01:28.820+0000] {processor.py:183} INFO - Processing /home/airflow/.local/lib/python3.12/site-packages/airflow/example_dags/example_task_group_decorator.py took 0.363 seconds
[2024-07-28T15:01:59.088+0000] {processor.py:161} INFO - Started process (PID=158) to work on /home/airflow/.local/lib/python3.12/site-packages/airflow/example_dags/example_task_group_decorator.py
[2024-07-28T15:01:59.092+0000] {processor.py:830} INFO - Processing file /home/airflow/.local/lib/python3.12/site-packages/airflow/example_dags/example_task_group_decorator.py for tasks to queue
[2024-07-28T15:01:59.100+0000] {logging_mixin.py:188} INFO - [2024-07-28T15:01:59.099+0000] {dagbag.py:545} INFO - Filling up the DagBag from /home/airflow/.local/lib/python3.12/site-packages/airflow/example_dags/example_task_group_decorator.py
[2024-07-28T15:01:59.159+0000] {processor.py:840} INFO - DAG(s) 'example_task_group_decorator' retrieved from /home/airflow/.local/lib/python3.12/site-packages/airflow/example_dags/example_task_group_decorator.py
[2024-07-28T15:01:59.261+0000] {logging_mixin.py:188} INFO - [2024-07-28T15:01:59.260+0000] {dag.py:3089} INFO - Sync 1 DAGs
[2024-07-28T15:01:59.348+0000] {logging_mixin.py:188} INFO - [2024-07-28T15:01:59.347+0000] {dag.py:3947} INFO - Setting next_dagrun for example_task_group_decorator to 2024-07-27 00:00:00+00:00, run_after=2024-07-28 00:00:00+00:00
[2024-07-28T15:01:59.417+0000] {processor.py:183} INFO - Processing /home/airflow/.local/lib/python3.12/site-packages/airflow/example_dags/example_task_group_decorator.py took 0.350 seconds
[2024-07-28T15:02:29.725+0000] {processor.py:161} INFO - Started process (PID=216) to work on /home/airflow/.local/lib/python3.12/site-packages/airflow/example_dags/example_task_group_decorator.py
[2024-07-28T15:02:29.727+0000] {processor.py:830} INFO - Processing file /home/airflow/.local/lib/python3.12/site-packages/airflow/example_dags/example_task_group_decorator.py for tasks to queue
[2024-07-28T15:02:29.730+0000] {logging_mixin.py:188} INFO - [2024-07-28T15:02:29.729+0000] {dagbag.py:545} INFO - Filling up the DagBag from /home/airflow/.local/lib/python3.12/site-packages/airflow/example_dags/example_task_group_decorator.py
[2024-07-28T15:02:29.763+0000] {processor.py:840} INFO - DAG(s) 'example_task_group_decorator' retrieved from /home/airflow/.local/lib/python3.12/site-packages/airflow/example_dags/example_task_group_decorator.py
[2024-07-28T15:02:29.825+0000] {logging_mixin.py:188} INFO - [2024-07-28T15:02:29.824+0000] {dag.py:3089} INFO - Sync 1 DAGs
[2024-07-28T15:02:29.879+0000] {logging_mixin.py:188} INFO - [2024-07-28T15:02:29.878+0000] {dag.py:3947} INFO - Setting next_dagrun for example_task_group_decorator to 2024-07-27 00:00:00+00:00, run_after=2024-07-28 00:00:00+00:00
[2024-07-28T15:02:29.921+0000] {processor.py:183} INFO - Processing /home/airflow/.local/lib/python3.12/site-packages/airflow/example_dags/example_task_group_decorator.py took 0.209 seconds
[2024-07-28T15:03:00.184+0000] {processor.py:161} INFO - Started process (PID=274) to work on /home/airflow/.local/lib/python3.12/site-packages/airflow/example_dags/example_task_group_decorator.py
[2024-07-28T15:03:00.185+0000] {processor.py:830} INFO - Processing file /home/airflow/.local/lib/python3.12/site-packages/airflow/example_dags/example_task_group_decorator.py for tasks to queue
[2024-07-28T15:03:00.188+0000] {logging_mixin.py:188} INFO - [2024-07-28T15:03:00.188+0000] {dagbag.py:545} INFO - Filling up the DagBag from /home/airflow/.local/lib/python3.12/site-packages/airflow/example_dags/example_task_group_decorator.py
[2024-07-28T15:03:00.216+0000] {processor.py:840} INFO - DAG(s) 'example_task_group_decorator' retrieved from /home/airflow/.local/lib/python3.12/site-packages/airflow/example_dags/example_task_group_decorator.py
[2024-07-28T15:03:00.266+0000] {logging_mixin.py:188} INFO - [2024-07-28T15:03:00.266+0000] {dag.py:3089} INFO - Sync 1 DAGs
[2024-07-28T15:03:00.302+0000] {logging_mixin.py:188} INFO - [2024-07-28T15:03:00.301+0000] {dag.py:3947} INFO - Setting next_dagrun for example_task_group_decorator to 2024-07-27 00:00:00+00:00, run_after=2024-07-28 00:00:00+00:00
[2024-07-28T15:03:00.332+0000] {processor.py:183} INFO - Processing /home/airflow/.local/lib/python3.12/site-packages/airflow/example_dags/example_task_group_decorator.py took 0.157 seconds
[2024-07-28T15:03:31.756+0000] {processor.py:161} INFO - Started process (PID=332) to work on /home/airflow/.local/lib/python3.12/site-packages/airflow/example_dags/example_task_group_decorator.py
[2024-07-28T15:03:31.758+0000] {processor.py:830} INFO - Processing file /home/airflow/.local/lib/python3.12/site-packages/airflow/example_dags/example_task_group_decorator.py for tasks to queue
[2024-07-28T15:03:31.765+0000] {logging_mixin.py:188} INFO - [2024-07-28T15:03:31.764+0000] {dagbag.py:545} INFO - Filling up the DagBag from /home/airflow/.local/lib/python3.12/site-packages/airflow/example_dags/example_task_group_decorator.py
[2024-07-28T15:03:31.825+0000] {processor.py:840} INFO - DAG(s) 'example_task_group_decorator' retrieved from /home/airflow/.local/lib/python3.12/site-packages/airflow/example_dags/example_task_group_decorator.py
[2024-07-28T15:03:31.947+0000] {logging_mixin.py:188} INFO - [2024-07-28T15:03:31.946+0000] {dag.py:3089} INFO - Sync 1 DAGs
[2024-07-28T15:03:32.035+0000] {logging_mixin.py:188} INFO - [2024-07-28T15:03:32.034+0000] {dag.py:3947} INFO - Setting next_dagrun for example_task_group_decorator to 2024-07-27 00:00:00+00:00, run_after=2024-07-28 00:00:00+00:00
[2024-07-28T15:03:32.105+0000] {processor.py:183} INFO - Processing /home/airflow/.local/lib/python3.12/site-packages/airflow/example_dags/example_task_group_decorator.py took 0.370 seconds
[2024-07-28T15:04:03.184+0000] {processor.py:161} INFO - Started process (PID=390) to work on /home/airflow/.local/lib/python3.12/site-packages/airflow/example_dags/example_task_group_decorator.py
[2024-07-28T15:04:03.187+0000] {processor.py:830} INFO - Processing file /home/airflow/.local/lib/python3.12/site-packages/airflow/example_dags/example_task_group_decorator.py for tasks to queue
[2024-07-28T15:04:03.192+0000] {logging_mixin.py:188} INFO - [2024-07-28T15:04:03.191+0000] {dagbag.py:545} INFO - Filling up the DagBag from /home/airflow/.local/lib/python3.12/site-packages/airflow/example_dags/example_task_group_decorator.py
[2024-07-28T15:04:03.262+0000] {processor.py:840} INFO - DAG(s) 'example_task_group_decorator' retrieved from /home/airflow/.local/lib/python3.12/site-packages/airflow/example_dags/example_task_group_decorator.py
[2024-07-28T15:04:03.367+0000] {logging_mixin.py:188} INFO - [2024-07-28T15:04:03.366+0000] {dag.py:3089} INFO - Sync 1 DAGs
[2024-07-28T15:04:03.462+0000] {logging_mixin.py:188} INFO - [2024-07-28T15:04:03.461+0000] {dag.py:3947} INFO - Setting next_dagrun for example_task_group_decorator to 2024-07-27 00:00:00+00:00, run_after=2024-07-28 00:00:00+00:00
[2024-07-28T15:04:03.533+0000] {processor.py:183} INFO - Processing /home/airflow/.local/lib/python3.12/site-packages/airflow/example_dags/example_task_group_decorator.py took 0.370 seconds
[2024-07-28T15:04:33.901+0000] {processor.py:161} INFO - Started process (PID=448) to work on /home/airflow/.local/lib/python3.12/site-packages/airflow/example_dags/example_task_group_decorator.py
[2024-07-28T15:04:33.904+0000] {processor.py:830} INFO - Processing file /home/airflow/.local/lib/python3.12/site-packages/airflow/example_dags/example_task_group_decorator.py for tasks to queue
[2024-07-28T15:04:33.910+0000] {logging_mixin.py:188} INFO - [2024-07-28T15:04:33.909+0000] {dagbag.py:545} INFO - Filling up the DagBag from /home/airflow/.local/lib/python3.12/site-packages/airflow/example_dags/example_task_group_decorator.py
[2024-07-28T15:04:33.972+0000] {processor.py:840} INFO - DAG(s) 'example_task_group_decorator' retrieved from /home/airflow/.local/lib/python3.12/site-packages/airflow/example_dags/example_task_group_decorator.py
[2024-07-28T15:04:34.092+0000] {logging_mixin.py:188} INFO - [2024-07-28T15:04:34.091+0000] {dag.py:3089} INFO - Sync 1 DAGs
[2024-07-28T15:04:34.192+0000] {logging_mixin.py:188} INFO - [2024-07-28T15:04:34.191+0000] {dag.py:3947} INFO - Setting next_dagrun for example_task_group_decorator to 2024-07-27 00:00:00+00:00, run_after=2024-07-28 00:00:00+00:00
[2024-07-28T15:04:34.259+0000] {processor.py:183} INFO - Processing /home/airflow/.local/lib/python3.12/site-packages/airflow/example_dags/example_task_group_decorator.py took 0.381 seconds
[2024-07-28T15:05:05.440+0000] {processor.py:161} INFO - Started process (PID=506) to work on /home/airflow/.local/lib/python3.12/site-packages/airflow/example_dags/example_task_group_decorator.py
[2024-07-28T15:05:05.443+0000] {processor.py:830} INFO - Processing file /home/airflow/.local/lib/python3.12/site-packages/airflow/example_dags/example_task_group_decorator.py for tasks to queue
[2024-07-28T15:05:05.450+0000] {logging_mixin.py:188} INFO - [2024-07-28T15:05:05.448+0000] {dagbag.py:545} INFO - Filling up the DagBag from /home/airflow/.local/lib/python3.12/site-packages/airflow/example_dags/example_task_group_decorator.py
[2024-07-28T15:05:05.515+0000] {processor.py:840} INFO - DAG(s) 'example_task_group_decorator' retrieved from /home/airflow/.local/lib/python3.12/site-packages/airflow/example_dags/example_task_group_decorator.py
[2024-07-28T15:05:05.618+0000] {logging_mixin.py:188} INFO - [2024-07-28T15:05:05.617+0000] {dag.py:3089} INFO - Sync 1 DAGs
[2024-07-28T15:05:05.708+0000] {logging_mixin.py:188} INFO - [2024-07-28T15:05:05.708+0000] {dag.py:3947} INFO - Setting next_dagrun for example_task_group_decorator to 2024-07-27 00:00:00+00:00, run_after=2024-07-28 00:00:00+00:00
[2024-07-28T15:05:05.781+0000] {processor.py:183} INFO - Processing /home/airflow/.local/lib/python3.12/site-packages/airflow/example_dags/example_task_group_decorator.py took 0.363 seconds
[2024-07-28T15:05:36.184+0000] {processor.py:161} INFO - Started process (PID=565) to work on /home/airflow/.local/lib/python3.12/site-packages/airflow/example_dags/example_task_group_decorator.py
[2024-07-28T15:05:36.187+0000] {processor.py:830} INFO - Processing file /home/airflow/.local/lib/python3.12/site-packages/airflow/example_dags/example_task_group_decorator.py for tasks to queue
[2024-07-28T15:05:36.193+0000] {logging_mixin.py:188} INFO - [2024-07-28T15:05:36.192+0000] {dagbag.py:545} INFO - Filling up the DagBag from /home/airflow/.local/lib/python3.12/site-packages/airflow/example_dags/example_task_group_decorator.py
[2024-07-28T15:05:36.257+0000] {processor.py:840} INFO - DAG(s) 'example_task_group_decorator' retrieved from /home/airflow/.local/lib/python3.12/site-packages/airflow/example_dags/example_task_group_decorator.py
[2024-07-28T15:05:36.365+0000] {logging_mixin.py:188} INFO - [2024-07-28T15:05:36.364+0000] {dag.py:3089} INFO - Sync 1 DAGs
[2024-07-28T15:05:36.458+0000] {logging_mixin.py:188} INFO - [2024-07-28T15:05:36.458+0000] {dag.py:3947} INFO - Setting next_dagrun for example_task_group_decorator to 2024-07-27 00:00:00+00:00, run_after=2024-07-28 00:00:00+00:00
[2024-07-28T15:05:36.533+0000] {processor.py:183} INFO - Processing /home/airflow/.local/lib/python3.12/site-packages/airflow/example_dags/example_task_group_decorator.py took 0.372 seconds
[2024-07-28T15:06:06.617+0000] {processor.py:161} INFO - Started process (PID=623) to work on /home/airflow/.local/lib/python3.12/site-packages/airflow/example_dags/example_task_group_decorator.py
[2024-07-28T15:06:06.618+0000] {processor.py:830} INFO - Processing file /home/airflow/.local/lib/python3.12/site-packages/airflow/example_dags/example_task_group_decorator.py for tasks to queue
[2024-07-28T15:06:06.620+0000] {logging_mixin.py:188} INFO - [2024-07-28T15:06:06.620+0000] {dagbag.py:545} INFO - Filling up the DagBag from /home/airflow/.local/lib/python3.12/site-packages/airflow/example_dags/example_task_group_decorator.py
[2024-07-28T15:06:06.648+0000] {processor.py:840} INFO - DAG(s) 'example_task_group_decorator' retrieved from /home/airflow/.local/lib/python3.12/site-packages/airflow/example_dags/example_task_group_decorator.py
[2024-07-28T15:06:06.701+0000] {logging_mixin.py:188} INFO - [2024-07-28T15:06:06.701+0000] {dag.py:3089} INFO - Sync 1 DAGs
[2024-07-28T15:06:06.753+0000] {logging_mixin.py:188} INFO - [2024-07-28T15:06:06.753+0000] {dag.py:3947} INFO - Setting next_dagrun for example_task_group_decorator to 2024-07-27 00:00:00+00:00, run_after=2024-07-28 00:00:00+00:00
[2024-07-28T15:06:06.787+0000] {processor.py:183} INFO - Processing /home/airflow/.local/lib/python3.12/site-packages/airflow/example_dags/example_task_group_decorator.py took 0.182 seconds
[2024-07-28T15:06:37.471+0000] {processor.py:161} INFO - Started process (PID=681) to work on /home/airflow/.local/lib/python3.12/site-packages/airflow/example_dags/example_task_group_decorator.py
[2024-07-28T15:06:37.473+0000] {processor.py:830} INFO - Processing file /home/airflow/.local/lib/python3.12/site-packages/airflow/example_dags/example_task_group_decorator.py for tasks to queue
[2024-07-28T15:06:37.476+0000] {logging_mixin.py:188} INFO - [2024-07-28T15:06:37.475+0000] {dagbag.py:545} INFO - Filling up the DagBag from /home/airflow/.local/lib/python3.12/site-packages/airflow/example_dags/example_task_group_decorator.py
[2024-07-28T15:06:37.501+0000] {processor.py:840} INFO - DAG(s) 'example_task_group_decorator' retrieved from /home/airflow/.local/lib/python3.12/site-packages/airflow/example_dags/example_task_group_decorator.py
[2024-07-28T15:06:37.541+0000] {logging_mixin.py:188} INFO - [2024-07-28T15:06:37.540+0000] {dag.py:3089} INFO - Sync 1 DAGs
[2024-07-28T15:06:37.579+0000] {logging_mixin.py:188} INFO - [2024-07-28T15:06:37.579+0000] {dag.py:3947} INFO - Setting next_dagrun for example_task_group_decorator to 2024-07-27 00:00:00+00:00, run_after=2024-07-28 00:00:00+00:00
[2024-07-28T15:06:37.611+0000] {processor.py:183} INFO - Processing /home/airflow/.local/lib/python3.12/site-packages/airflow/example_dags/example_task_group_decorator.py took 0.154 seconds
[2024-07-28T15:07:08.530+0000] {processor.py:161} INFO - Started process (PID=738) to work on /home/airflow/.local/lib/python3.12/site-packages/airflow/example_dags/example_task_group_decorator.py
[2024-07-28T15:07:08.531+0000] {processor.py:830} INFO - Processing file /home/airflow/.local/lib/python3.12/site-packages/airflow/example_dags/example_task_group_decorator.py for tasks to queue
[2024-07-28T15:07:08.533+0000] {logging_mixin.py:188} INFO - [2024-07-28T15:07:08.532+0000] {dagbag.py:545} INFO - Filling up the DagBag from /home/airflow/.local/lib/python3.12/site-packages/airflow/example_dags/example_task_group_decorator.py
[2024-07-28T15:07:08.549+0000] {processor.py:840} INFO - DAG(s) 'example_task_group_decorator' retrieved from /home/airflow/.local/lib/python3.12/site-packages/airflow/example_dags/example_task_group_decorator.py
[2024-07-28T15:07:08.577+0000] {logging_mixin.py:188} INFO - [2024-07-28T15:07:08.577+0000] {dag.py:3089} INFO - Sync 1 DAGs
[2024-07-28T15:07:08.601+0000] {logging_mixin.py:188} INFO - [2024-07-28T15:07:08.601+0000] {dag.py:3947} INFO - Setting next_dagrun for example_task_group_decorator to 2024-07-27 00:00:00+00:00, run_after=2024-07-28 00:00:00+00:00
[2024-07-28T15:07:08.625+0000] {processor.py:183} INFO - Processing /home/airflow/.local/lib/python3.12/site-packages/airflow/example_dags/example_task_group_decorator.py took 0.100 seconds
[2024-07-28T15:07:39.095+0000] {processor.py:161} INFO - Started process (PID=796) to work on /home/airflow/.local/lib/python3.12/site-packages/airflow/example_dags/example_task_group_decorator.py
[2024-07-28T15:07:39.097+0000] {processor.py:830} INFO - Processing file /home/airflow/.local/lib/python3.12/site-packages/airflow/example_dags/example_task_group_decorator.py for tasks to queue
[2024-07-28T15:07:39.103+0000] {logging_mixin.py:188} INFO - [2024-07-28T15:07:39.102+0000] {dagbag.py:545} INFO - Filling up the DagBag from /home/airflow/.local/lib/python3.12/site-packages/airflow/example_dags/example_task_group_decorator.py
[2024-07-28T15:07:39.143+0000] {processor.py:840} INFO - DAG(s) 'example_task_group_decorator' retrieved from /home/airflow/.local/lib/python3.12/site-packages/airflow/example_dags/example_task_group_decorator.py
[2024-07-28T15:07:39.190+0000] {logging_mixin.py:188} INFO - [2024-07-28T15:07:39.190+0000] {dag.py:3089} INFO - Sync 1 DAGs
[2024-07-28T15:07:39.221+0000] {logging_mixin.py:188} INFO - [2024-07-28T15:07:39.220+0000] {dag.py:3947} INFO - Setting next_dagrun for example_task_group_decorator to 2024-07-27 00:00:00+00:00, run_after=2024-07-28 00:00:00+00:00
[2024-07-28T15:07:39.244+0000] {processor.py:183} INFO - Processing /home/airflow/.local/lib/python3.12/site-packages/airflow/example_dags/example_task_group_decorator.py took 0.164 seconds
[2024-07-28T15:08:10.335+0000] {processor.py:161} INFO - Started process (PID=854) to work on /home/airflow/.local/lib/python3.12/site-packages/airflow/example_dags/example_task_group_decorator.py
[2024-07-28T15:08:10.338+0000] {processor.py:830} INFO - Processing file /home/airflow/.local/lib/python3.12/site-packages/airflow/example_dags/example_task_group_decorator.py for tasks to queue
[2024-07-28T15:08:10.345+0000] {logging_mixin.py:188} INFO - [2024-07-28T15:08:10.344+0000] {dagbag.py:545} INFO - Filling up the DagBag from /home/airflow/.local/lib/python3.12/site-packages/airflow/example_dags/example_task_group_decorator.py
[2024-07-28T15:08:10.406+0000] {processor.py:840} INFO - DAG(s) 'example_task_group_decorator' retrieved from /home/airflow/.local/lib/python3.12/site-packages/airflow/example_dags/example_task_group_decorator.py
[2024-07-28T15:08:10.526+0000] {logging_mixin.py:188} INFO - [2024-07-28T15:08:10.525+0000] {dag.py:3089} INFO - Sync 1 DAGs
[2024-07-28T15:08:10.623+0000] {logging_mixin.py:188} INFO - [2024-07-28T15:08:10.622+0000] {dag.py:3947} INFO - Setting next_dagrun for example_task_group_decorator to 2024-07-27 00:00:00+00:00, run_after=2024-07-28 00:00:00+00:00
[2024-07-28T15:08:10.695+0000] {processor.py:183} INFO - Processing /home/airflow/.local/lib/python3.12/site-packages/airflow/example_dags/example_task_group_decorator.py took 0.381 seconds
[2024-07-28T15:08:41.370+0000] {processor.py:161} INFO - Started process (PID=912) to work on /home/airflow/.local/lib/python3.12/site-packages/airflow/example_dags/example_task_group_decorator.py
[2024-07-28T15:08:41.373+0000] {processor.py:830} INFO - Processing file /home/airflow/.local/lib/python3.12/site-packages/airflow/example_dags/example_task_group_decorator.py for tasks to queue
[2024-07-28T15:08:41.378+0000] {logging_mixin.py:188} INFO - [2024-07-28T15:08:41.377+0000] {dagbag.py:545} INFO - Filling up the DagBag from /home/airflow/.local/lib/python3.12/site-packages/airflow/example_dags/example_task_group_decorator.py
[2024-07-28T15:08:41.437+0000] {processor.py:840} INFO - DAG(s) 'example_task_group_decorator' retrieved from /home/airflow/.local/lib/python3.12/site-packages/airflow/example_dags/example_task_group_decorator.py
[2024-07-28T15:08:41.542+0000] {logging_mixin.py:188} INFO - [2024-07-28T15:08:41.541+0000] {dag.py:3089} INFO - Sync 1 DAGs
[2024-07-28T15:08:41.647+0000] {logging_mixin.py:188} INFO - [2024-07-28T15:08:41.645+0000] {dag.py:3947} INFO - Setting next_dagrun for example_task_group_decorator to 2024-07-27 00:00:00+00:00, run_after=2024-07-28 00:00:00+00:00
[2024-07-28T15:08:41.721+0000] {processor.py:183} INFO - Processing /home/airflow/.local/lib/python3.12/site-packages/airflow/example_dags/example_task_group_decorator.py took 0.371 seconds
[2024-07-28T15:09:11.955+0000] {processor.py:161} INFO - Started process (PID=970) to work on /home/airflow/.local/lib/python3.12/site-packages/airflow/example_dags/example_task_group_decorator.py
[2024-07-28T15:09:11.958+0000] {processor.py:830} INFO - Processing file /home/airflow/.local/lib/python3.12/site-packages/airflow/example_dags/example_task_group_decorator.py for tasks to queue
[2024-07-28T15:09:11.963+0000] {logging_mixin.py:188} INFO - [2024-07-28T15:09:11.962+0000] {dagbag.py:545} INFO - Filling up the DagBag from /home/airflow/.local/lib/python3.12/site-packages/airflow/example_dags/example_task_group_decorator.py
[2024-07-28T15:09:12.018+0000] {processor.py:840} INFO - DAG(s) 'example_task_group_decorator' retrieved from /home/airflow/.local/lib/python3.12/site-packages/airflow/example_dags/example_task_group_decorator.py
[2024-07-28T15:09:12.111+0000] {logging_mixin.py:188} INFO - [2024-07-28T15:09:12.110+0000] {dag.py:3089} INFO - Sync 1 DAGs
[2024-07-28T15:09:12.198+0000] {logging_mixin.py:188} INFO - [2024-07-28T15:09:12.197+0000] {dag.py:3947} INFO - Setting next_dagrun for example_task_group_decorator to 2024-07-27 00:00:00+00:00, run_after=2024-07-28 00:00:00+00:00
[2024-07-28T15:09:12.260+0000] {processor.py:183} INFO - Processing /home/airflow/.local/lib/python3.12/site-packages/airflow/example_dags/example_task_group_decorator.py took 0.325 seconds
[2024-07-28T15:09:42.740+0000] {processor.py:161} INFO - Started process (PID=1028) to work on /home/airflow/.local/lib/python3.12/site-packages/airflow/example_dags/example_task_group_decorator.py
[2024-07-28T15:09:42.741+0000] {processor.py:830} INFO - Processing file /home/airflow/.local/lib/python3.12/site-packages/airflow/example_dags/example_task_group_decorator.py for tasks to queue
[2024-07-28T15:09:42.743+0000] {logging_mixin.py:188} INFO - [2024-07-28T15:09:42.743+0000] {dagbag.py:545} INFO - Filling up the DagBag from /home/airflow/.local/lib/python3.12/site-packages/airflow/example_dags/example_task_group_decorator.py
[2024-07-28T15:09:42.760+0000] {processor.py:840} INFO - DAG(s) 'example_task_group_decorator' retrieved from /home/airflow/.local/lib/python3.12/site-packages/airflow/example_dags/example_task_group_decorator.py
[2024-07-28T15:09:42.790+0000] {logging_mixin.py:188} INFO - [2024-07-28T15:09:42.790+0000] {dag.py:3089} INFO - Sync 1 DAGs
[2024-07-28T15:09:42.815+0000] {logging_mixin.py:188} INFO - [2024-07-28T15:09:42.815+0000] {dag.py:3947} INFO - Setting next_dagrun for example_task_group_decorator to 2024-07-27 00:00:00+00:00, run_after=2024-07-28 00:00:00+00:00
[2024-07-28T15:09:42.832+0000] {processor.py:183} INFO - Processing /home/airflow/.local/lib/python3.12/site-packages/airflow/example_dags/example_task_group_decorator.py took 0.099 seconds
[2024-07-28T15:10:13.210+0000] {processor.py:161} INFO - Started process (PID=1086) to work on /home/airflow/.local/lib/python3.12/site-packages/airflow/example_dags/example_task_group_decorator.py
[2024-07-28T15:10:13.212+0000] {processor.py:830} INFO - Processing file /home/airflow/.local/lib/python3.12/site-packages/airflow/example_dags/example_task_group_decorator.py for tasks to queue
[2024-07-28T15:10:13.218+0000] {logging_mixin.py:188} INFO - [2024-07-28T15:10:13.217+0000] {dagbag.py:545} INFO - Filling up the DagBag from /home/airflow/.local/lib/python3.12/site-packages/airflow/example_dags/example_task_group_decorator.py
[2024-07-28T15:10:13.274+0000] {processor.py:840} INFO - DAG(s) 'example_task_group_decorator' retrieved from /home/airflow/.local/lib/python3.12/site-packages/airflow/example_dags/example_task_group_decorator.py
[2024-07-28T15:10:13.397+0000] {logging_mixin.py:188} INFO - [2024-07-28T15:10:13.395+0000] {dag.py:3089} INFO - Sync 1 DAGs
[2024-07-28T15:10:13.521+0000] {logging_mixin.py:188} INFO - [2024-07-28T15:10:13.520+0000] {dag.py:3947} INFO - Setting next_dagrun for example_task_group_decorator to 2024-07-27 00:00:00+00:00, run_after=2024-07-28 00:00:00+00:00
[2024-07-28T15:10:13.594+0000] {processor.py:183} INFO - Processing /home/airflow/.local/lib/python3.12/site-packages/airflow/example_dags/example_task_group_decorator.py took 0.404 seconds
[2024-07-28T15:10:43.862+0000] {processor.py:161} INFO - Started process (PID=1144) to work on /home/airflow/.local/lib/python3.12/site-packages/airflow/example_dags/example_task_group_decorator.py
[2024-07-28T15:10:43.865+0000] {processor.py:830} INFO - Processing file /home/airflow/.local/lib/python3.12/site-packages/airflow/example_dags/example_task_group_decorator.py for tasks to queue
[2024-07-28T15:10:43.870+0000] {logging_mixin.py:188} INFO - [2024-07-28T15:10:43.869+0000] {dagbag.py:545} INFO - Filling up the DagBag from /home/airflow/.local/lib/python3.12/site-packages/airflow/example_dags/example_task_group_decorator.py
[2024-07-28T15:10:43.926+0000] {processor.py:840} INFO - DAG(s) 'example_task_group_decorator' retrieved from /home/airflow/.local/lib/python3.12/site-packages/airflow/example_dags/example_task_group_decorator.py
[2024-07-28T15:10:44.017+0000] {logging_mixin.py:188} INFO - [2024-07-28T15:10:44.016+0000] {dag.py:3089} INFO - Sync 1 DAGs
[2024-07-28T15:10:44.094+0000] {logging_mixin.py:188} INFO - [2024-07-28T15:10:44.093+0000] {dag.py:3947} INFO - Setting next_dagrun for example_task_group_decorator to 2024-07-27 00:00:00+00:00, run_after=2024-07-28 00:00:00+00:00
[2024-07-28T15:10:44.153+0000] {processor.py:183} INFO - Processing /home/airflow/.local/lib/python3.12/site-packages/airflow/example_dags/example_task_group_decorator.py took 0.311 seconds
