[2024-07-28T15:01:27.753+0000] {processor.py:161} INFO - Started process (PID=96) to work on /home/airflow/.local/lib/python3.12/site-packages/airflow/example_dags/example_branch_day_of_week_operator.py
[2024-07-28T15:01:27.756+0000] {processor.py:830} INFO - Processing file /home/airflow/.local/lib/python3.12/site-packages/airflow/example_dags/example_branch_day_of_week_operator.py for tasks to queue
[2024-07-28T15:01:27.764+0000] {logging_mixin.py:188} INFO - [2024-07-28T15:01:27.763+0000] {dagbag.py:545} INFO - Filling up the DagBag from /home/airflow/.local/lib/python3.12/site-packages/airflow/example_dags/example_branch_day_of_week_operator.py
[2024-07-28T15:01:27.786+0000] {processor.py:840} INFO - DAG(s) 'example_weekday_branch_operator' retrieved from /home/airflow/.local/lib/python3.12/site-packages/airflow/example_dags/example_branch_day_of_week_operator.py
[2024-07-28T15:01:27.842+0000] {logging_mixin.py:188} INFO - [2024-07-28T15:01:27.842+0000] {dag.py:3089} INFO - Sync 1 DAGs
[2024-07-28T15:01:27.920+0000] {logging_mixin.py:188} INFO - [2024-07-28T15:01:27.919+0000] {dag.py:3947} INFO - Setting next_dagrun for example_weekday_branch_operator to 2024-07-27 00:00:00+00:00, run_after=2024-07-28 00:00:00+00:00
[2024-07-28T15:01:27.984+0000] {processor.py:183} INFO - Processing /home/airflow/.local/lib/python3.12/site-packages/airflow/example_dags/example_branch_day_of_week_operator.py took 0.253 seconds
[2024-07-28T15:01:58.057+0000] {processor.py:161} INFO - Started process (PID=154) to work on /home/airflow/.local/lib/python3.12/site-packages/airflow/example_dags/example_branch_day_of_week_operator.py
[2024-07-28T15:01:58.060+0000] {processor.py:830} INFO - Processing file /home/airflow/.local/lib/python3.12/site-packages/airflow/example_dags/example_branch_day_of_week_operator.py for tasks to queue
[2024-07-28T15:01:58.064+0000] {logging_mixin.py:188} INFO - [2024-07-28T15:01:58.063+0000] {dagbag.py:545} INFO - Filling up the DagBag from /home/airflow/.local/lib/python3.12/site-packages/airflow/example_dags/example_branch_day_of_week_operator.py
[2024-07-28T15:01:58.086+0000] {processor.py:840} INFO - DAG(s) 'example_weekday_branch_operator' retrieved from /home/airflow/.local/lib/python3.12/site-packages/airflow/example_dags/example_branch_day_of_week_operator.py
[2024-07-28T15:01:58.159+0000] {logging_mixin.py:188} INFO - [2024-07-28T15:01:58.158+0000] {dag.py:3089} INFO - Sync 1 DAGs
[2024-07-28T15:01:58.247+0000] {logging_mixin.py:188} INFO - [2024-07-28T15:01:58.246+0000] {dag.py:3947} INFO - Setting next_dagrun for example_weekday_branch_operator to 2024-07-27 00:00:00+00:00, run_after=2024-07-28 00:00:00+00:00
[2024-07-28T15:01:58.316+0000] {processor.py:183} INFO - Processing /home/airflow/.local/lib/python3.12/site-packages/airflow/example_dags/example_branch_day_of_week_operator.py took 0.270 seconds
[2024-07-28T15:02:28.431+0000] {processor.py:161} INFO - Started process (PID=212) to work on /home/airflow/.local/lib/python3.12/site-packages/airflow/example_dags/example_branch_day_of_week_operator.py
[2024-07-28T15:02:28.433+0000] {processor.py:830} INFO - Processing file /home/airflow/.local/lib/python3.12/site-packages/airflow/example_dags/example_branch_day_of_week_operator.py for tasks to queue
[2024-07-28T15:02:28.437+0000] {logging_mixin.py:188} INFO - [2024-07-28T15:02:28.436+0000] {dagbag.py:545} INFO - Filling up the DagBag from /home/airflow/.local/lib/python3.12/site-packages/airflow/example_dags/example_branch_day_of_week_operator.py
[2024-07-28T15:02:28.461+0000] {processor.py:840} INFO - DAG(s) 'example_weekday_branch_operator' retrieved from /home/airflow/.local/lib/python3.12/site-packages/airflow/example_dags/example_branch_day_of_week_operator.py
[2024-07-28T15:02:28.492+0000] {logging_mixin.py:188} INFO - [2024-07-28T15:02:28.491+0000] {dag.py:3089} INFO - Sync 1 DAGs
[2024-07-28T15:02:28.530+0000] {logging_mixin.py:188} INFO - [2024-07-28T15:02:28.529+0000] {dag.py:3947} INFO - Setting next_dagrun for example_weekday_branch_operator to 2024-07-27 00:00:00+00:00, run_after=2024-07-28 00:00:00+00:00
[2024-07-28T15:02:28.558+0000] {processor.py:183} INFO - Processing /home/airflow/.local/lib/python3.12/site-packages/airflow/example_dags/example_branch_day_of_week_operator.py took 0.139 seconds
[2024-07-28T15:02:59.879+0000] {processor.py:161} INFO - Started process (PID=270) to work on /home/airflow/.local/lib/python3.12/site-packages/airflow/example_dags/example_branch_day_of_week_operator.py
[2024-07-28T15:02:59.880+0000] {processor.py:830} INFO - Processing file /home/airflow/.local/lib/python3.12/site-packages/airflow/example_dags/example_branch_day_of_week_operator.py for tasks to queue
[2024-07-28T15:02:59.883+0000] {logging_mixin.py:188} INFO - [2024-07-28T15:02:59.882+0000] {dagbag.py:545} INFO - Filling up the DagBag from /home/airflow/.local/lib/python3.12/site-packages/airflow/example_dags/example_branch_day_of_week_operator.py
[2024-07-28T15:02:59.896+0000] {processor.py:840} INFO - DAG(s) 'example_weekday_branch_operator' retrieved from /home/airflow/.local/lib/python3.12/site-packages/airflow/example_dags/example_branch_day_of_week_operator.py
[2024-07-28T15:02:59.931+0000] {logging_mixin.py:188} INFO - [2024-07-28T15:02:59.930+0000] {dag.py:3089} INFO - Sync 1 DAGs
[2024-07-28T15:02:59.969+0000] {logging_mixin.py:188} INFO - [2024-07-28T15:02:59.969+0000] {dag.py:3947} INFO - Setting next_dagrun for example_weekday_branch_operator to 2024-07-27 00:00:00+00:00, run_after=2024-07-28 00:00:00+00:00
[2024-07-28T15:02:59.999+0000] {processor.py:183} INFO - Processing /home/airflow/.local/lib/python3.12/site-packages/airflow/example_dags/example_branch_day_of_week_operator.py took 0.131 seconds
[2024-07-28T15:03:31.047+0000] {processor.py:161} INFO - Started process (PID=328) to work on /home/airflow/.local/lib/python3.12/site-packages/airflow/example_dags/example_branch_day_of_week_operator.py
[2024-07-28T15:03:31.051+0000] {processor.py:830} INFO - Processing file /home/airflow/.local/lib/python3.12/site-packages/airflow/example_dags/example_branch_day_of_week_operator.py for tasks to queue
[2024-07-28T15:03:31.057+0000] {logging_mixin.py:188} INFO - [2024-07-28T15:03:31.055+0000] {dagbag.py:545} INFO - Filling up the DagBag from /home/airflow/.local/lib/python3.12/site-packages/airflow/example_dags/example_branch_day_of_week_operator.py
[2024-07-28T15:03:31.086+0000] {processor.py:840} INFO - DAG(s) 'example_weekday_branch_operator' retrieved from /home/airflow/.local/lib/python3.12/site-packages/airflow/example_dags/example_branch_day_of_week_operator.py
[2024-07-28T15:03:31.165+0000] {logging_mixin.py:188} INFO - [2024-07-28T15:03:31.164+0000] {dag.py:3089} INFO - Sync 1 DAGs
[2024-07-28T15:03:31.263+0000] {logging_mixin.py:188} INFO - [2024-07-28T15:03:31.262+0000] {dag.py:3947} INFO - Setting next_dagrun for example_weekday_branch_operator to 2024-07-27 00:00:00+00:00, run_after=2024-07-28 00:00:00+00:00
[2024-07-28T15:03:31.333+0000] {processor.py:183} INFO - Processing /home/airflow/.local/lib/python3.12/site-packages/airflow/example_dags/example_branch_day_of_week_operator.py took 0.308 seconds
[2024-07-28T15:04:02.123+0000] {processor.py:161} INFO - Started process (PID=386) to work on /home/airflow/.local/lib/python3.12/site-packages/airflow/example_dags/example_branch_day_of_week_operator.py
[2024-07-28T15:04:02.125+0000] {processor.py:830} INFO - Processing file /home/airflow/.local/lib/python3.12/site-packages/airflow/example_dags/example_branch_day_of_week_operator.py for tasks to queue
[2024-07-28T15:04:02.132+0000] {logging_mixin.py:188} INFO - [2024-07-28T15:04:02.131+0000] {dagbag.py:545} INFO - Filling up the DagBag from /home/airflow/.local/lib/python3.12/site-packages/airflow/example_dags/example_branch_day_of_week_operator.py
[2024-07-28T15:04:02.160+0000] {processor.py:840} INFO - DAG(s) 'example_weekday_branch_operator' retrieved from /home/airflow/.local/lib/python3.12/site-packages/airflow/example_dags/example_branch_day_of_week_operator.py
[2024-07-28T15:04:02.244+0000] {logging_mixin.py:188} INFO - [2024-07-28T15:04:02.243+0000] {dag.py:3089} INFO - Sync 1 DAGs
[2024-07-28T15:04:02.340+0000] {logging_mixin.py:188} INFO - [2024-07-28T15:04:02.339+0000] {dag.py:3947} INFO - Setting next_dagrun for example_weekday_branch_operator to 2024-07-27 00:00:00+00:00, run_after=2024-07-28 00:00:00+00:00
[2024-07-28T15:04:02.411+0000] {processor.py:183} INFO - Processing /home/airflow/.local/lib/python3.12/site-packages/airflow/example_dags/example_branch_day_of_week_operator.py took 0.302 seconds
[2024-07-28T15:04:33.199+0000] {processor.py:161} INFO - Started process (PID=444) to work on /home/airflow/.local/lib/python3.12/site-packages/airflow/example_dags/example_branch_day_of_week_operator.py
[2024-07-28T15:04:33.200+0000] {processor.py:830} INFO - Processing file /home/airflow/.local/lib/python3.12/site-packages/airflow/example_dags/example_branch_day_of_week_operator.py for tasks to queue
[2024-07-28T15:04:33.202+0000] {logging_mixin.py:188} INFO - [2024-07-28T15:04:33.202+0000] {dagbag.py:545} INFO - Filling up the DagBag from /home/airflow/.local/lib/python3.12/site-packages/airflow/example_dags/example_branch_day_of_week_operator.py
[2024-07-28T15:04:33.218+0000] {processor.py:840} INFO - DAG(s) 'example_weekday_branch_operator' retrieved from /home/airflow/.local/lib/python3.12/site-packages/airflow/example_dags/example_branch_day_of_week_operator.py
[2024-07-28T15:04:33.289+0000] {logging_mixin.py:188} INFO - [2024-07-28T15:04:33.288+0000] {dag.py:3089} INFO - Sync 1 DAGs
[2024-07-28T15:04:33.386+0000] {logging_mixin.py:188} INFO - [2024-07-28T15:04:33.385+0000] {dag.py:3947} INFO - Setting next_dagrun for example_weekday_branch_operator to 2024-07-27 00:00:00+00:00, run_after=2024-07-28 00:00:00+00:00
[2024-07-28T15:04:33.457+0000] {processor.py:183} INFO - Processing /home/airflow/.local/lib/python3.12/site-packages/airflow/example_dags/example_branch_day_of_week_operator.py took 0.269 seconds
[2024-07-28T15:05:04.386+0000] {processor.py:161} INFO - Started process (PID=502) to work on /home/airflow/.local/lib/python3.12/site-packages/airflow/example_dags/example_branch_day_of_week_operator.py
[2024-07-28T15:05:04.388+0000] {processor.py:830} INFO - Processing file /home/airflow/.local/lib/python3.12/site-packages/airflow/example_dags/example_branch_day_of_week_operator.py for tasks to queue
[2024-07-28T15:05:04.394+0000] {logging_mixin.py:188} INFO - [2024-07-28T15:05:04.393+0000] {dagbag.py:545} INFO - Filling up the DagBag from /home/airflow/.local/lib/python3.12/site-packages/airflow/example_dags/example_branch_day_of_week_operator.py
[2024-07-28T15:05:04.422+0000] {processor.py:840} INFO - DAG(s) 'example_weekday_branch_operator' retrieved from /home/airflow/.local/lib/python3.12/site-packages/airflow/example_dags/example_branch_day_of_week_operator.py
[2024-07-28T15:05:04.498+0000] {logging_mixin.py:188} INFO - [2024-07-28T15:05:04.497+0000] {dag.py:3089} INFO - Sync 1 DAGs
[2024-07-28T15:05:04.593+0000] {logging_mixin.py:188} INFO - [2024-07-28T15:05:04.592+0000] {dag.py:3947} INFO - Setting next_dagrun for example_weekday_branch_operator to 2024-07-27 00:00:00+00:00, run_after=2024-07-28 00:00:00+00:00
[2024-07-28T15:05:04.664+0000] {processor.py:183} INFO - Processing /home/airflow/.local/lib/python3.12/site-packages/airflow/example_dags/example_branch_day_of_week_operator.py took 0.301 seconds
[2024-07-28T15:05:35.360+0000] {processor.py:161} INFO - Started process (PID=560) to work on /home/airflow/.local/lib/python3.12/site-packages/airflow/example_dags/example_branch_day_of_week_operator.py
[2024-07-28T15:05:35.363+0000] {processor.py:830} INFO - Processing file /home/airflow/.local/lib/python3.12/site-packages/airflow/example_dags/example_branch_day_of_week_operator.py for tasks to queue
[2024-07-28T15:05:35.369+0000] {logging_mixin.py:188} INFO - [2024-07-28T15:05:35.368+0000] {dagbag.py:545} INFO - Filling up the DagBag from /home/airflow/.local/lib/python3.12/site-packages/airflow/example_dags/example_branch_day_of_week_operator.py
[2024-07-28T15:05:35.398+0000] {processor.py:840} INFO - DAG(s) 'example_weekday_branch_operator' retrieved from /home/airflow/.local/lib/python3.12/site-packages/airflow/example_dags/example_branch_day_of_week_operator.py
[2024-07-28T15:05:35.479+0000] {logging_mixin.py:188} INFO - [2024-07-28T15:05:35.477+0000] {dag.py:3089} INFO - Sync 1 DAGs
[2024-07-28T15:05:35.580+0000] {logging_mixin.py:188} INFO - [2024-07-28T15:05:35.579+0000] {dag.py:3947} INFO - Setting next_dagrun for example_weekday_branch_operator to 2024-07-27 00:00:00+00:00, run_after=2024-07-28 00:00:00+00:00
[2024-07-28T15:05:35.653+0000] {processor.py:183} INFO - Processing /home/airflow/.local/lib/python3.12/site-packages/airflow/example_dags/example_branch_day_of_week_operator.py took 0.315 seconds
[2024-07-28T15:06:05.758+0000] {processor.py:161} INFO - Started process (PID=618) to work on /home/airflow/.local/lib/python3.12/site-packages/airflow/example_dags/example_branch_day_of_week_operator.py
[2024-07-28T15:06:05.760+0000] {processor.py:830} INFO - Processing file /home/airflow/.local/lib/python3.12/site-packages/airflow/example_dags/example_branch_day_of_week_operator.py for tasks to queue
[2024-07-28T15:06:05.766+0000] {logging_mixin.py:188} INFO - [2024-07-28T15:06:05.765+0000] {dagbag.py:545} INFO - Filling up the DagBag from /home/airflow/.local/lib/python3.12/site-packages/airflow/example_dags/example_branch_day_of_week_operator.py
[2024-07-28T15:06:05.779+0000] {processor.py:840} INFO - DAG(s) 'example_weekday_branch_operator' retrieved from /home/airflow/.local/lib/python3.12/site-packages/airflow/example_dags/example_branch_day_of_week_operator.py
[2024-07-28T15:06:05.819+0000] {logging_mixin.py:188} INFO - [2024-07-28T15:06:05.818+0000] {dag.py:3089} INFO - Sync 1 DAGs
[2024-07-28T15:06:05.867+0000] {logging_mixin.py:188} INFO - [2024-07-28T15:06:05.867+0000] {dag.py:3947} INFO - Setting next_dagrun for example_weekday_branch_operator to 2024-07-27 00:00:00+00:00, run_after=2024-07-28 00:00:00+00:00
[2024-07-28T15:06:05.903+0000] {processor.py:183} INFO - Processing /home/airflow/.local/lib/python3.12/site-packages/airflow/example_dags/example_branch_day_of_week_operator.py took 0.153 seconds
[2024-07-28T15:06:36.829+0000] {processor.py:161} INFO - Started process (PID=676) to work on /home/airflow/.local/lib/python3.12/site-packages/airflow/example_dags/example_branch_day_of_week_operator.py
[2024-07-28T15:06:36.831+0000] {processor.py:830} INFO - Processing file /home/airflow/.local/lib/python3.12/site-packages/airflow/example_dags/example_branch_day_of_week_operator.py for tasks to queue
[2024-07-28T15:06:36.838+0000] {logging_mixin.py:188} INFO - [2024-07-28T15:06:36.838+0000] {dagbag.py:545} INFO - Filling up the DagBag from /home/airflow/.local/lib/python3.12/site-packages/airflow/example_dags/example_branch_day_of_week_operator.py
[2024-07-28T15:06:36.852+0000] {processor.py:840} INFO - DAG(s) 'example_weekday_branch_operator' retrieved from /home/airflow/.local/lib/python3.12/site-packages/airflow/example_dags/example_branch_day_of_week_operator.py
[2024-07-28T15:06:36.896+0000] {logging_mixin.py:188} INFO - [2024-07-28T15:06:36.895+0000] {dag.py:3089} INFO - Sync 1 DAGs
[2024-07-28T15:06:36.966+0000] {logging_mixin.py:188} INFO - [2024-07-28T15:06:36.965+0000] {dag.py:3947} INFO - Setting next_dagrun for example_weekday_branch_operator to 2024-07-27 00:00:00+00:00, run_after=2024-07-28 00:00:00+00:00
[2024-07-28T15:06:37.039+0000] {processor.py:183} INFO - Processing /home/airflow/.local/lib/python3.12/site-packages/airflow/example_dags/example_branch_day_of_week_operator.py took 0.225 seconds
[2024-07-28T15:07:07.992+0000] {processor.py:161} INFO - Started process (PID=734) to work on /home/airflow/.local/lib/python3.12/site-packages/airflow/example_dags/example_branch_day_of_week_operator.py
[2024-07-28T15:07:07.993+0000] {processor.py:830} INFO - Processing file /home/airflow/.local/lib/python3.12/site-packages/airflow/example_dags/example_branch_day_of_week_operator.py for tasks to queue
[2024-07-28T15:07:07.994+0000] {logging_mixin.py:188} INFO - [2024-07-28T15:07:07.994+0000] {dagbag.py:545} INFO - Filling up the DagBag from /home/airflow/.local/lib/python3.12/site-packages/airflow/example_dags/example_branch_day_of_week_operator.py
[2024-07-28T15:07:08.000+0000] {processor.py:840} INFO - DAG(s) 'example_weekday_branch_operator' retrieved from /home/airflow/.local/lib/python3.12/site-packages/airflow/example_dags/example_branch_day_of_week_operator.py
[2024-07-28T15:07:08.023+0000] {logging_mixin.py:188} INFO - [2024-07-28T15:07:08.023+0000] {dag.py:3089} INFO - Sync 1 DAGs
[2024-07-28T15:07:08.055+0000] {logging_mixin.py:188} INFO - [2024-07-28T15:07:08.055+0000] {dag.py:3947} INFO - Setting next_dagrun for example_weekday_branch_operator to 2024-07-27 00:00:00+00:00, run_after=2024-07-28 00:00:00+00:00
[2024-07-28T15:07:08.102+0000] {processor.py:183} INFO - Processing /home/airflow/.local/lib/python3.12/site-packages/airflow/example_dags/example_branch_day_of_week_operator.py took 0.115 seconds
[2024-07-28T15:07:38.528+0000] {processor.py:161} INFO - Started process (PID=791) to work on /home/airflow/.local/lib/python3.12/site-packages/airflow/example_dags/example_branch_day_of_week_operator.py
[2024-07-28T15:07:38.529+0000] {processor.py:830} INFO - Processing file /home/airflow/.local/lib/python3.12/site-packages/airflow/example_dags/example_branch_day_of_week_operator.py for tasks to queue
[2024-07-28T15:07:38.531+0000] {logging_mixin.py:188} INFO - [2024-07-28T15:07:38.530+0000] {dagbag.py:545} INFO - Filling up the DagBag from /home/airflow/.local/lib/python3.12/site-packages/airflow/example_dags/example_branch_day_of_week_operator.py
[2024-07-28T15:07:38.540+0000] {processor.py:840} INFO - DAG(s) 'example_weekday_branch_operator' retrieved from /home/airflow/.local/lib/python3.12/site-packages/airflow/example_dags/example_branch_day_of_week_operator.py
[2024-07-28T15:07:38.566+0000] {logging_mixin.py:188} INFO - [2024-07-28T15:07:38.566+0000] {dag.py:3089} INFO - Sync 1 DAGs
[2024-07-28T15:07:38.595+0000] {logging_mixin.py:188} INFO - [2024-07-28T15:07:38.595+0000] {dag.py:3947} INFO - Setting next_dagrun for example_weekday_branch_operator to 2024-07-27 00:00:00+00:00, run_after=2024-07-28 00:00:00+00:00
[2024-07-28T15:07:38.620+0000] {processor.py:183} INFO - Processing /home/airflow/.local/lib/python3.12/site-packages/airflow/example_dags/example_branch_day_of_week_operator.py took 0.099 seconds
[2024-07-28T15:08:09.439+0000] {processor.py:161} INFO - Started process (PID=850) to work on /home/airflow/.local/lib/python3.12/site-packages/airflow/example_dags/example_branch_day_of_week_operator.py
[2024-07-28T15:08:09.441+0000] {processor.py:830} INFO - Processing file /home/airflow/.local/lib/python3.12/site-packages/airflow/example_dags/example_branch_day_of_week_operator.py for tasks to queue
[2024-07-28T15:08:09.447+0000] {logging_mixin.py:188} INFO - [2024-07-28T15:08:09.446+0000] {dagbag.py:545} INFO - Filling up the DagBag from /home/airflow/.local/lib/python3.12/site-packages/airflow/example_dags/example_branch_day_of_week_operator.py
[2024-07-28T15:08:09.472+0000] {processor.py:840} INFO - DAG(s) 'example_weekday_branch_operator' retrieved from /home/airflow/.local/lib/python3.12/site-packages/airflow/example_dags/example_branch_day_of_week_operator.py
[2024-07-28T15:08:09.539+0000] {logging_mixin.py:188} INFO - [2024-07-28T15:08:09.538+0000] {dag.py:3089} INFO - Sync 1 DAGs
[2024-07-28T15:08:09.620+0000] {logging_mixin.py:188} INFO - [2024-07-28T15:08:09.619+0000] {dag.py:3947} INFO - Setting next_dagrun for example_weekday_branch_operator to 2024-07-27 00:00:00+00:00, run_after=2024-07-28 00:00:00+00:00
[2024-07-28T15:08:09.684+0000] {processor.py:183} INFO - Processing /home/airflow/.local/lib/python3.12/site-packages/airflow/example_dags/example_branch_day_of_week_operator.py took 0.264 seconds
[2024-07-28T15:08:40.353+0000] {processor.py:161} INFO - Started process (PID=908) to work on /home/airflow/.local/lib/python3.12/site-packages/airflow/example_dags/example_branch_day_of_week_operator.py
[2024-07-28T15:08:40.356+0000] {processor.py:830} INFO - Processing file /home/airflow/.local/lib/python3.12/site-packages/airflow/example_dags/example_branch_day_of_week_operator.py for tasks to queue
[2024-07-28T15:08:40.362+0000] {logging_mixin.py:188} INFO - [2024-07-28T15:08:40.360+0000] {dagbag.py:545} INFO - Filling up the DagBag from /home/airflow/.local/lib/python3.12/site-packages/airflow/example_dags/example_branch_day_of_week_operator.py
[2024-07-28T15:08:40.388+0000] {processor.py:840} INFO - DAG(s) 'example_weekday_branch_operator' retrieved from /home/airflow/.local/lib/python3.12/site-packages/airflow/example_dags/example_branch_day_of_week_operator.py
[2024-07-28T15:08:40.460+0000] {logging_mixin.py:188} INFO - [2024-07-28T15:08:40.459+0000] {dag.py:3089} INFO - Sync 1 DAGs
[2024-07-28T15:08:40.549+0000] {logging_mixin.py:188} INFO - [2024-07-28T15:08:40.548+0000] {dag.py:3947} INFO - Setting next_dagrun for example_weekday_branch_operator to 2024-07-27 00:00:00+00:00, run_after=2024-07-28 00:00:00+00:00
[2024-07-28T15:08:40.608+0000] {processor.py:183} INFO - Processing /home/airflow/.local/lib/python3.12/site-packages/airflow/example_dags/example_branch_day_of_week_operator.py took 0.276 seconds
[2024-07-28T15:09:10.968+0000] {processor.py:161} INFO - Started process (PID=966) to work on /home/airflow/.local/lib/python3.12/site-packages/airflow/example_dags/example_branch_day_of_week_operator.py
[2024-07-28T15:09:10.970+0000] {processor.py:830} INFO - Processing file /home/airflow/.local/lib/python3.12/site-packages/airflow/example_dags/example_branch_day_of_week_operator.py for tasks to queue
[2024-07-28T15:09:10.976+0000] {logging_mixin.py:188} INFO - [2024-07-28T15:09:10.975+0000] {dagbag.py:545} INFO - Filling up the DagBag from /home/airflow/.local/lib/python3.12/site-packages/airflow/example_dags/example_branch_day_of_week_operator.py
[2024-07-28T15:09:11.002+0000] {processor.py:840} INFO - DAG(s) 'example_weekday_branch_operator' retrieved from /home/airflow/.local/lib/python3.12/site-packages/airflow/example_dags/example_branch_day_of_week_operator.py
[2024-07-28T15:09:11.074+0000] {logging_mixin.py:188} INFO - [2024-07-28T15:09:11.073+0000] {dag.py:3089} INFO - Sync 1 DAGs
[2024-07-28T15:09:11.164+0000] {logging_mixin.py:188} INFO - [2024-07-28T15:09:11.164+0000] {dag.py:3947} INFO - Setting next_dagrun for example_weekday_branch_operator to 2024-07-27 00:00:00+00:00, run_after=2024-07-28 00:00:00+00:00
[2024-07-28T15:09:11.228+0000] {processor.py:183} INFO - Processing /home/airflow/.local/lib/python3.12/site-packages/airflow/example_dags/example_branch_day_of_week_operator.py took 0.281 seconds
[2024-07-28T15:09:41.439+0000] {processor.py:161} INFO - Started process (PID=1024) to work on /home/airflow/.local/lib/python3.12/site-packages/airflow/example_dags/example_branch_day_of_week_operator.py
[2024-07-28T15:09:41.441+0000] {processor.py:830} INFO - Processing file /home/airflow/.local/lib/python3.12/site-packages/airflow/example_dags/example_branch_day_of_week_operator.py for tasks to queue
[2024-07-28T15:09:41.446+0000] {logging_mixin.py:188} INFO - [2024-07-28T15:09:41.445+0000] {dagbag.py:545} INFO - Filling up the DagBag from /home/airflow/.local/lib/python3.12/site-packages/airflow/example_dags/example_branch_day_of_week_operator.py
[2024-07-28T15:09:41.472+0000] {processor.py:840} INFO - DAG(s) 'example_weekday_branch_operator' retrieved from /home/airflow/.local/lib/python3.12/site-packages/airflow/example_dags/example_branch_day_of_week_operator.py
[2024-07-28T15:09:41.543+0000] {logging_mixin.py:188} INFO - [2024-07-28T15:09:41.542+0000] {dag.py:3089} INFO - Sync 1 DAGs
[2024-07-28T15:09:41.580+0000] {logging_mixin.py:188} INFO - [2024-07-28T15:09:41.580+0000] {dag.py:3947} INFO - Setting next_dagrun for example_weekday_branch_operator to 2024-07-27 00:00:00+00:00, run_after=2024-07-28 00:00:00+00:00
[2024-07-28T15:09:41.604+0000] {processor.py:183} INFO - Processing /home/airflow/.local/lib/python3.12/site-packages/airflow/example_dags/example_branch_day_of_week_operator.py took 0.193 seconds
[2024-07-28T15:10:11.710+0000] {processor.py:161} INFO - Started process (PID=1082) to work on /home/airflow/.local/lib/python3.12/site-packages/airflow/example_dags/example_branch_day_of_week_operator.py
[2024-07-28T15:10:11.712+0000] {processor.py:830} INFO - Processing file /home/airflow/.local/lib/python3.12/site-packages/airflow/example_dags/example_branch_day_of_week_operator.py for tasks to queue
[2024-07-28T15:10:11.714+0000] {logging_mixin.py:188} INFO - [2024-07-28T15:10:11.713+0000] {dagbag.py:545} INFO - Filling up the DagBag from /home/airflow/.local/lib/python3.12/site-packages/airflow/example_dags/example_branch_day_of_week_operator.py
[2024-07-28T15:10:11.724+0000] {processor.py:840} INFO - DAG(s) 'example_weekday_branch_operator' retrieved from /home/airflow/.local/lib/python3.12/site-packages/airflow/example_dags/example_branch_day_of_week_operator.py
[2024-07-28T15:10:11.750+0000] {logging_mixin.py:188} INFO - [2024-07-28T15:10:11.750+0000] {dag.py:3089} INFO - Sync 1 DAGs
[2024-07-28T15:10:11.791+0000] {logging_mixin.py:188} INFO - [2024-07-28T15:10:11.791+0000] {dag.py:3947} INFO - Setting next_dagrun for example_weekday_branch_operator to 2024-07-27 00:00:00+00:00, run_after=2024-07-28 00:00:00+00:00
[2024-07-28T15:10:11.822+0000] {processor.py:183} INFO - Processing /home/airflow/.local/lib/python3.12/site-packages/airflow/example_dags/example_branch_day_of_week_operator.py took 0.120 seconds
[2024-07-28T15:10:42.931+0000] {processor.py:161} INFO - Started process (PID=1140) to work on /home/airflow/.local/lib/python3.12/site-packages/airflow/example_dags/example_branch_day_of_week_operator.py
[2024-07-28T15:10:42.934+0000] {processor.py:830} INFO - Processing file /home/airflow/.local/lib/python3.12/site-packages/airflow/example_dags/example_branch_day_of_week_operator.py for tasks to queue
[2024-07-28T15:10:42.939+0000] {logging_mixin.py:188} INFO - [2024-07-28T15:10:42.938+0000] {dagbag.py:545} INFO - Filling up the DagBag from /home/airflow/.local/lib/python3.12/site-packages/airflow/example_dags/example_branch_day_of_week_operator.py
[2024-07-28T15:10:42.964+0000] {processor.py:840} INFO - DAG(s) 'example_weekday_branch_operator' retrieved from /home/airflow/.local/lib/python3.12/site-packages/airflow/example_dags/example_branch_day_of_week_operator.py
[2024-07-28T15:10:43.033+0000] {logging_mixin.py:188} INFO - [2024-07-28T15:10:43.032+0000] {dag.py:3089} INFO - Sync 1 DAGs
[2024-07-28T15:10:43.115+0000] {logging_mixin.py:188} INFO - [2024-07-28T15:10:43.115+0000] {dag.py:3947} INFO - Setting next_dagrun for example_weekday_branch_operator to 2024-07-27 00:00:00+00:00, run_after=2024-07-28 00:00:00+00:00
[2024-07-28T15:10:43.175+0000] {processor.py:183} INFO - Processing /home/airflow/.local/lib/python3.12/site-packages/airflow/example_dags/example_branch_day_of_week_operator.py took 0.260 seconds
