[2024-07-28T15:01:25.739+0000] {processor.py:161} INFO - Started process (PID=84) to work on /home/airflow/.local/lib/python3.12/site-packages/airflow/example_dags/example_subdag_operator.py
[2024-07-28T15:01:25.740+0000] {processor.py:830} INFO - Processing file /home/airflow/.local/lib/python3.12/site-packages/airflow/example_dags/example_subdag_operator.py for tasks to queue
[2024-07-28T15:01:25.744+0000] {logging_mixin.py:188} INFO - [2024-07-28T15:01:25.743+0000] {dagbag.py:545} INFO - Filling up the DagBag from /home/airflow/.local/lib/python3.12/site-packages/airflow/example_dags/example_subdag_operator.py
[2024-07-28T15:01:25.783+0000] {processor.py:840} INFO - DAG(s) 'example_subdag_operator.section-1', 'example_subdag_operator.section-2', 'example_subdag_operator' retrieved from /home/airflow/.local/lib/python3.12/site-packages/airflow/example_dags/example_subdag_operator.py
[2024-07-28T15:01:25.830+0000] {logging_mixin.py:188} INFO - [2024-07-28T15:01:25.829+0000] {dag.py:3089} INFO - Sync 3 DAGs
[2024-07-28T15:01:25.883+0000] {logging_mixin.py:188} INFO - [2024-07-28T15:01:25.882+0000] {dag.py:3947} INFO - Setting next_dagrun for example_subdag_operator to 2022-01-01 00:00:00+00:00, run_after=2022-01-01 00:00:00+00:00
[2024-07-28T15:01:25.892+0000] {logging_mixin.py:188} INFO - [2024-07-28T15:01:25.892+0000] {dag.py:3947} INFO - Setting next_dagrun for example_subdag_operator.section-1 to None, run_after=None
[2024-07-28T15:01:25.895+0000] {logging_mixin.py:188} INFO - [2024-07-28T15:01:25.895+0000] {dag.py:3947} INFO - Setting next_dagrun for example_subdag_operator.section-2 to None, run_after=None
[2024-07-28T15:01:25.913+0000] {logging_mixin.py:188} INFO - [2024-07-28T15:01:25.912+0000] {dag.py:3089} INFO - Sync 2 DAGs
[2024-07-28T15:01:25.926+0000] {logging_mixin.py:188} INFO - [2024-07-28T15:01:25.925+0000] {dag.py:3947} INFO - Setting next_dagrun for example_subdag_operator.section-1 to None, run_after=None
[2024-07-28T15:01:25.927+0000] {logging_mixin.py:188} INFO - [2024-07-28T15:01:25.926+0000] {dag.py:3947} INFO - Setting next_dagrun for example_subdag_operator.section-2 to None, run_after=None
[2024-07-28T15:01:25.951+0000] {processor.py:183} INFO - Processing /home/airflow/.local/lib/python3.12/site-packages/airflow/example_dags/example_subdag_operator.py took 0.223 seconds
[2024-07-28T15:01:56.146+0000] {processor.py:161} INFO - Started process (PID=142) to work on /home/airflow/.local/lib/python3.12/site-packages/airflow/example_dags/example_subdag_operator.py
[2024-07-28T15:01:56.149+0000] {processor.py:830} INFO - Processing file /home/airflow/.local/lib/python3.12/site-packages/airflow/example_dags/example_subdag_operator.py for tasks to queue
[2024-07-28T15:01:56.154+0000] {logging_mixin.py:188} INFO - [2024-07-28T15:01:56.153+0000] {dagbag.py:545} INFO - Filling up the DagBag from /home/airflow/.local/lib/python3.12/site-packages/airflow/example_dags/example_subdag_operator.py
[2024-07-28T15:01:56.235+0000] {processor.py:840} INFO - DAG(s) 'example_subdag_operator.section-1', 'example_subdag_operator.section-2', 'example_subdag_operator' retrieved from /home/airflow/.local/lib/python3.12/site-packages/airflow/example_dags/example_subdag_operator.py
[2024-07-28T15:01:56.306+0000] {logging_mixin.py:188} INFO - [2024-07-28T15:01:56.305+0000] {dag.py:3089} INFO - Sync 3 DAGs
[2024-07-28T15:01:56.402+0000] {logging_mixin.py:188} INFO - [2024-07-28T15:01:56.401+0000] {dag.py:3947} INFO - Setting next_dagrun for example_subdag_operator to 2022-01-01 00:00:00+00:00, run_after=2022-01-01 00:00:00+00:00
[2024-07-28T15:01:56.420+0000] {logging_mixin.py:188} INFO - [2024-07-28T15:01:56.419+0000] {dag.py:3947} INFO - Setting next_dagrun for example_subdag_operator.section-1 to None, run_after=None
[2024-07-28T15:01:56.426+0000] {logging_mixin.py:188} INFO - [2024-07-28T15:01:56.425+0000] {dag.py:3947} INFO - Setting next_dagrun for example_subdag_operator.section-2 to None, run_after=None
[2024-07-28T15:01:56.457+0000] {logging_mixin.py:188} INFO - [2024-07-28T15:01:56.456+0000] {dag.py:3089} INFO - Sync 2 DAGs
[2024-07-28T15:01:56.486+0000] {logging_mixin.py:188} INFO - [2024-07-28T15:01:56.485+0000] {dag.py:3947} INFO - Setting next_dagrun for example_subdag_operator.section-1 to None, run_after=None
[2024-07-28T15:01:56.488+0000] {logging_mixin.py:188} INFO - [2024-07-28T15:01:56.487+0000] {dag.py:3947} INFO - Setting next_dagrun for example_subdag_operator.section-2 to None, run_after=None
[2024-07-28T15:01:56.533+0000] {processor.py:183} INFO - Processing /home/airflow/.local/lib/python3.12/site-packages/airflow/example_dags/example_subdag_operator.py took 0.405 seconds
[2024-07-28T15:02:26.781+0000] {processor.py:161} INFO - Started process (PID=200) to work on /home/airflow/.local/lib/python3.12/site-packages/airflow/example_dags/example_subdag_operator.py
[2024-07-28T15:02:26.782+0000] {processor.py:830} INFO - Processing file /home/airflow/.local/lib/python3.12/site-packages/airflow/example_dags/example_subdag_operator.py for tasks to queue
[2024-07-28T15:02:26.784+0000] {logging_mixin.py:188} INFO - [2024-07-28T15:02:26.784+0000] {dagbag.py:545} INFO - Filling up the DagBag from /home/airflow/.local/lib/python3.12/site-packages/airflow/example_dags/example_subdag_operator.py
[2024-07-28T15:02:26.818+0000] {processor.py:840} INFO - DAG(s) 'example_subdag_operator.section-1', 'example_subdag_operator.section-2', 'example_subdag_operator' retrieved from /home/airflow/.local/lib/python3.12/site-packages/airflow/example_dags/example_subdag_operator.py
[2024-07-28T15:02:26.846+0000] {logging_mixin.py:188} INFO - [2024-07-28T15:02:26.846+0000] {dag.py:3089} INFO - Sync 3 DAGs
[2024-07-28T15:02:26.882+0000] {logging_mixin.py:188} INFO - [2024-07-28T15:02:26.881+0000] {dag.py:3947} INFO - Setting next_dagrun for example_subdag_operator to 2022-01-01 00:00:00+00:00, run_after=2022-01-01 00:00:00+00:00
[2024-07-28T15:02:26.886+0000] {logging_mixin.py:188} INFO - [2024-07-28T15:02:26.886+0000] {dag.py:3947} INFO - Setting next_dagrun for example_subdag_operator.section-1 to None, run_after=None
[2024-07-28T15:02:26.888+0000] {logging_mixin.py:188} INFO - [2024-07-28T15:02:26.888+0000] {dag.py:3947} INFO - Setting next_dagrun for example_subdag_operator.section-2 to None, run_after=None
[2024-07-28T15:02:26.900+0000] {logging_mixin.py:188} INFO - [2024-07-28T15:02:26.899+0000] {dag.py:3089} INFO - Sync 2 DAGs
[2024-07-28T15:02:26.908+0000] {logging_mixin.py:188} INFO - [2024-07-28T15:02:26.908+0000] {dag.py:3947} INFO - Setting next_dagrun for example_subdag_operator.section-1 to None, run_after=None
[2024-07-28T15:02:26.909+0000] {logging_mixin.py:188} INFO - [2024-07-28T15:02:26.909+0000] {dag.py:3947} INFO - Setting next_dagrun for example_subdag_operator.section-2 to None, run_after=None
[2024-07-28T15:02:26.925+0000] {processor.py:183} INFO - Processing /home/airflow/.local/lib/python3.12/site-packages/airflow/example_dags/example_subdag_operator.py took 0.153 seconds
[2024-07-28T15:02:58.246+0000] {processor.py:161} INFO - Started process (PID=258) to work on /home/airflow/.local/lib/python3.12/site-packages/airflow/example_dags/example_subdag_operator.py
[2024-07-28T15:02:58.247+0000] {processor.py:830} INFO - Processing file /home/airflow/.local/lib/python3.12/site-packages/airflow/example_dags/example_subdag_operator.py for tasks to queue
[2024-07-28T15:02:58.250+0000] {logging_mixin.py:188} INFO - [2024-07-28T15:02:58.250+0000] {dagbag.py:545} INFO - Filling up the DagBag from /home/airflow/.local/lib/python3.12/site-packages/airflow/example_dags/example_subdag_operator.py
[2024-07-28T15:02:58.328+0000] {processor.py:840} INFO - DAG(s) 'example_subdag_operator.section-1', 'example_subdag_operator.section-2', 'example_subdag_operator' retrieved from /home/airflow/.local/lib/python3.12/site-packages/airflow/example_dags/example_subdag_operator.py
[2024-07-28T15:02:58.399+0000] {logging_mixin.py:188} INFO - [2024-07-28T15:02:58.398+0000] {dag.py:3089} INFO - Sync 3 DAGs
[2024-07-28T15:02:58.491+0000] {logging_mixin.py:188} INFO - [2024-07-28T15:02:58.489+0000] {dag.py:3947} INFO - Setting next_dagrun for example_subdag_operator to 2022-01-01 00:00:00+00:00, run_after=2022-01-01 00:00:00+00:00
[2024-07-28T15:02:58.507+0000] {logging_mixin.py:188} INFO - [2024-07-28T15:02:58.506+0000] {dag.py:3947} INFO - Setting next_dagrun for example_subdag_operator.section-1 to None, run_after=None
[2024-07-28T15:02:58.513+0000] {logging_mixin.py:188} INFO - [2024-07-28T15:02:58.512+0000] {dag.py:3947} INFO - Setting next_dagrun for example_subdag_operator.section-2 to None, run_after=None
[2024-07-28T15:02:58.543+0000] {logging_mixin.py:188} INFO - [2024-07-28T15:02:58.542+0000] {dag.py:3089} INFO - Sync 2 DAGs
[2024-07-28T15:02:58.566+0000] {logging_mixin.py:188} INFO - [2024-07-28T15:02:58.565+0000] {dag.py:3947} INFO - Setting next_dagrun for example_subdag_operator.section-1 to None, run_after=None
[2024-07-28T15:02:58.567+0000] {logging_mixin.py:188} INFO - [2024-07-28T15:02:58.566+0000] {dag.py:3947} INFO - Setting next_dagrun for example_subdag_operator.section-2 to None, run_after=None
[2024-07-28T15:02:58.613+0000] {processor.py:183} INFO - Processing /home/airflow/.local/lib/python3.12/site-packages/airflow/example_dags/example_subdag_operator.py took 0.379 seconds
[2024-07-28T15:03:28.756+0000] {processor.py:161} INFO - Started process (PID=316) to work on /home/airflow/.local/lib/python3.12/site-packages/airflow/example_dags/example_subdag_operator.py
[2024-07-28T15:03:28.759+0000] {processor.py:830} INFO - Processing file /home/airflow/.local/lib/python3.12/site-packages/airflow/example_dags/example_subdag_operator.py for tasks to queue
[2024-07-28T15:03:28.766+0000] {logging_mixin.py:188} INFO - [2024-07-28T15:03:28.765+0000] {dagbag.py:545} INFO - Filling up the DagBag from /home/airflow/.local/lib/python3.12/site-packages/airflow/example_dags/example_subdag_operator.py
[2024-07-28T15:03:28.857+0000] {processor.py:840} INFO - DAG(s) 'example_subdag_operator.section-1', 'example_subdag_operator.section-2', 'example_subdag_operator' retrieved from /home/airflow/.local/lib/python3.12/site-packages/airflow/example_dags/example_subdag_operator.py
[2024-07-28T15:03:28.937+0000] {logging_mixin.py:188} INFO - [2024-07-28T15:03:28.936+0000] {dag.py:3089} INFO - Sync 3 DAGs
[2024-07-28T15:03:29.027+0000] {logging_mixin.py:188} INFO - [2024-07-28T15:03:29.025+0000] {dag.py:3947} INFO - Setting next_dagrun for example_subdag_operator to 2022-01-01 00:00:00+00:00, run_after=2022-01-01 00:00:00+00:00
[2024-07-28T15:03:29.042+0000] {logging_mixin.py:188} INFO - [2024-07-28T15:03:29.041+0000] {dag.py:3947} INFO - Setting next_dagrun for example_subdag_operator.section-1 to None, run_after=None
[2024-07-28T15:03:29.048+0000] {logging_mixin.py:188} INFO - [2024-07-28T15:03:29.047+0000] {dag.py:3947} INFO - Setting next_dagrun for example_subdag_operator.section-2 to None, run_after=None
[2024-07-28T15:03:29.074+0000] {logging_mixin.py:188} INFO - [2024-07-28T15:03:29.073+0000] {dag.py:3089} INFO - Sync 2 DAGs
[2024-07-28T15:03:29.093+0000] {logging_mixin.py:188} INFO - [2024-07-28T15:03:29.092+0000] {dag.py:3947} INFO - Setting next_dagrun for example_subdag_operator.section-1 to None, run_after=None
[2024-07-28T15:03:29.095+0000] {logging_mixin.py:188} INFO - [2024-07-28T15:03:29.094+0000] {dag.py:3947} INFO - Setting next_dagrun for example_subdag_operator.section-2 to None, run_after=None
[2024-07-28T15:03:29.134+0000] {processor.py:183} INFO - Processing /home/airflow/.local/lib/python3.12/site-packages/airflow/example_dags/example_subdag_operator.py took 0.399 seconds
[2024-07-28T15:04:00.454+0000] {processor.py:161} INFO - Started process (PID=374) to work on /home/airflow/.local/lib/python3.12/site-packages/airflow/example_dags/example_subdag_operator.py
[2024-07-28T15:04:00.456+0000] {processor.py:830} INFO - Processing file /home/airflow/.local/lib/python3.12/site-packages/airflow/example_dags/example_subdag_operator.py for tasks to queue
[2024-07-28T15:04:00.459+0000] {logging_mixin.py:188} INFO - [2024-07-28T15:04:00.458+0000] {dagbag.py:545} INFO - Filling up the DagBag from /home/airflow/.local/lib/python3.12/site-packages/airflow/example_dags/example_subdag_operator.py
[2024-07-28T15:04:00.496+0000] {processor.py:840} INFO - DAG(s) 'example_subdag_operator.section-1', 'example_subdag_operator.section-2', 'example_subdag_operator' retrieved from /home/airflow/.local/lib/python3.12/site-packages/airflow/example_dags/example_subdag_operator.py
[2024-07-28T15:04:00.522+0000] {logging_mixin.py:188} INFO - [2024-07-28T15:04:00.521+0000] {dag.py:3089} INFO - Sync 3 DAGs
[2024-07-28T15:04:00.557+0000] {logging_mixin.py:188} INFO - [2024-07-28T15:04:00.557+0000] {dag.py:3947} INFO - Setting next_dagrun for example_subdag_operator to 2022-01-01 00:00:00+00:00, run_after=2022-01-01 00:00:00+00:00
[2024-07-28T15:04:00.564+0000] {logging_mixin.py:188} INFO - [2024-07-28T15:04:00.564+0000] {dag.py:3947} INFO - Setting next_dagrun for example_subdag_operator.section-1 to None, run_after=None
[2024-07-28T15:04:00.566+0000] {logging_mixin.py:188} INFO - [2024-07-28T15:04:00.566+0000] {dag.py:3947} INFO - Setting next_dagrun for example_subdag_operator.section-2 to None, run_after=None
[2024-07-28T15:04:00.577+0000] {logging_mixin.py:188} INFO - [2024-07-28T15:04:00.576+0000] {dag.py:3089} INFO - Sync 2 DAGs
[2024-07-28T15:04:00.584+0000] {logging_mixin.py:188} INFO - [2024-07-28T15:04:00.584+0000] {dag.py:3947} INFO - Setting next_dagrun for example_subdag_operator.section-1 to None, run_after=None
[2024-07-28T15:04:00.585+0000] {logging_mixin.py:188} INFO - [2024-07-28T15:04:00.585+0000] {dag.py:3947} INFO - Setting next_dagrun for example_subdag_operator.section-2 to None, run_after=None
[2024-07-28T15:04:00.601+0000] {processor.py:183} INFO - Processing /home/airflow/.local/lib/python3.12/site-packages/airflow/example_dags/example_subdag_operator.py took 0.154 seconds
[2024-07-28T15:04:31.162+0000] {processor.py:161} INFO - Started process (PID=432) to work on /home/airflow/.local/lib/python3.12/site-packages/airflow/example_dags/example_subdag_operator.py
[2024-07-28T15:04:31.163+0000] {processor.py:830} INFO - Processing file /home/airflow/.local/lib/python3.12/site-packages/airflow/example_dags/example_subdag_operator.py for tasks to queue
[2024-07-28T15:04:31.165+0000] {logging_mixin.py:188} INFO - [2024-07-28T15:04:31.164+0000] {dagbag.py:545} INFO - Filling up the DagBag from /home/airflow/.local/lib/python3.12/site-packages/airflow/example_dags/example_subdag_operator.py
[2024-07-28T15:04:31.208+0000] {processor.py:840} INFO - DAG(s) 'example_subdag_operator.section-1', 'example_subdag_operator.section-2', 'example_subdag_operator' retrieved from /home/airflow/.local/lib/python3.12/site-packages/airflow/example_dags/example_subdag_operator.py
[2024-07-28T15:04:31.271+0000] {logging_mixin.py:188} INFO - [2024-07-28T15:04:31.270+0000] {dag.py:3089} INFO - Sync 3 DAGs
[2024-07-28T15:04:31.369+0000] {logging_mixin.py:188} INFO - [2024-07-28T15:04:31.368+0000] {dag.py:3947} INFO - Setting next_dagrun for example_subdag_operator to 2022-01-01 00:00:00+00:00, run_after=2022-01-01 00:00:00+00:00
[2024-07-28T15:04:31.388+0000] {logging_mixin.py:188} INFO - [2024-07-28T15:04:31.387+0000] {dag.py:3947} INFO - Setting next_dagrun for example_subdag_operator.section-1 to None, run_after=None
[2024-07-28T15:04:31.393+0000] {logging_mixin.py:188} INFO - [2024-07-28T15:04:31.393+0000] {dag.py:3947} INFO - Setting next_dagrun for example_subdag_operator.section-2 to None, run_after=None
[2024-07-28T15:04:31.421+0000] {logging_mixin.py:188} INFO - [2024-07-28T15:04:31.420+0000] {dag.py:3089} INFO - Sync 2 DAGs
[2024-07-28T15:04:31.443+0000] {logging_mixin.py:188} INFO - [2024-07-28T15:04:31.442+0000] {dag.py:3947} INFO - Setting next_dagrun for example_subdag_operator.section-1 to None, run_after=None
[2024-07-28T15:04:31.444+0000] {logging_mixin.py:188} INFO - [2024-07-28T15:04:31.443+0000] {dag.py:3947} INFO - Setting next_dagrun for example_subdag_operator.section-2 to None, run_after=None
[2024-07-28T15:04:31.483+0000] {processor.py:183} INFO - Processing /home/airflow/.local/lib/python3.12/site-packages/airflow/example_dags/example_subdag_operator.py took 0.330 seconds
[2024-07-28T15:05:01.772+0000] {processor.py:161} INFO - Started process (PID=490) to work on /home/airflow/.local/lib/python3.12/site-packages/airflow/example_dags/example_subdag_operator.py
[2024-07-28T15:05:01.772+0000] {processor.py:830} INFO - Processing file /home/airflow/.local/lib/python3.12/site-packages/airflow/example_dags/example_subdag_operator.py for tasks to queue
[2024-07-28T15:05:01.775+0000] {logging_mixin.py:188} INFO - [2024-07-28T15:05:01.774+0000] {dagbag.py:545} INFO - Filling up the DagBag from /home/airflow/.local/lib/python3.12/site-packages/airflow/example_dags/example_subdag_operator.py
[2024-07-28T15:05:01.811+0000] {processor.py:840} INFO - DAG(s) 'example_subdag_operator.section-1', 'example_subdag_operator.section-2', 'example_subdag_operator' retrieved from /home/airflow/.local/lib/python3.12/site-packages/airflow/example_dags/example_subdag_operator.py
[2024-07-28T15:05:01.836+0000] {logging_mixin.py:188} INFO - [2024-07-28T15:05:01.835+0000] {dag.py:3089} INFO - Sync 3 DAGs
[2024-07-28T15:05:01.869+0000] {logging_mixin.py:188} INFO - [2024-07-28T15:05:01.869+0000] {dag.py:3947} INFO - Setting next_dagrun for example_subdag_operator to 2022-01-01 00:00:00+00:00, run_after=2022-01-01 00:00:00+00:00
[2024-07-28T15:05:01.876+0000] {logging_mixin.py:188} INFO - [2024-07-28T15:05:01.875+0000] {dag.py:3947} INFO - Setting next_dagrun for example_subdag_operator.section-1 to None, run_after=None
[2024-07-28T15:05:01.879+0000] {logging_mixin.py:188} INFO - [2024-07-28T15:05:01.879+0000] {dag.py:3947} INFO - Setting next_dagrun for example_subdag_operator.section-2 to None, run_after=None
[2024-07-28T15:05:01.889+0000] {logging_mixin.py:188} INFO - [2024-07-28T15:05:01.889+0000] {dag.py:3089} INFO - Sync 2 DAGs
[2024-07-28T15:05:01.898+0000] {logging_mixin.py:188} INFO - [2024-07-28T15:05:01.898+0000] {dag.py:3947} INFO - Setting next_dagrun for example_subdag_operator.section-1 to None, run_after=None
[2024-07-28T15:05:01.899+0000] {logging_mixin.py:188} INFO - [2024-07-28T15:05:01.899+0000] {dag.py:3947} INFO - Setting next_dagrun for example_subdag_operator.section-2 to None, run_after=None
[2024-07-28T15:05:01.935+0000] {processor.py:183} INFO - Processing /home/airflow/.local/lib/python3.12/site-packages/airflow/example_dags/example_subdag_operator.py took 0.171 seconds
[2024-07-28T15:05:32.681+0000] {processor.py:161} INFO - Started process (PID=548) to work on /home/airflow/.local/lib/python3.12/site-packages/airflow/example_dags/example_subdag_operator.py
[2024-07-28T15:05:32.682+0000] {processor.py:830} INFO - Processing file /home/airflow/.local/lib/python3.12/site-packages/airflow/example_dags/example_subdag_operator.py for tasks to queue
[2024-07-28T15:05:32.686+0000] {logging_mixin.py:188} INFO - [2024-07-28T15:05:32.685+0000] {dagbag.py:545} INFO - Filling up the DagBag from /home/airflow/.local/lib/python3.12/site-packages/airflow/example_dags/example_subdag_operator.py
[2024-07-28T15:05:32.766+0000] {processor.py:840} INFO - DAG(s) 'example_subdag_operator.section-1', 'example_subdag_operator.section-2', 'example_subdag_operator' retrieved from /home/airflow/.local/lib/python3.12/site-packages/airflow/example_dags/example_subdag_operator.py
[2024-07-28T15:05:32.833+0000] {logging_mixin.py:188} INFO - [2024-07-28T15:05:32.832+0000] {dag.py:3089} INFO - Sync 3 DAGs
[2024-07-28T15:05:32.921+0000] {logging_mixin.py:188} INFO - [2024-07-28T15:05:32.920+0000] {dag.py:3947} INFO - Setting next_dagrun for example_subdag_operator to 2022-01-01 00:00:00+00:00, run_after=2022-01-01 00:00:00+00:00
[2024-07-28T15:05:32.937+0000] {logging_mixin.py:188} INFO - [2024-07-28T15:05:32.936+0000] {dag.py:3947} INFO - Setting next_dagrun for example_subdag_operator.section-1 to None, run_after=None
[2024-07-28T15:05:32.943+0000] {logging_mixin.py:188} INFO - [2024-07-28T15:05:32.942+0000] {dag.py:3947} INFO - Setting next_dagrun for example_subdag_operator.section-2 to None, run_after=None
[2024-07-28T15:05:32.972+0000] {logging_mixin.py:188} INFO - [2024-07-28T15:05:32.972+0000] {dag.py:3089} INFO - Sync 2 DAGs
[2024-07-28T15:05:32.991+0000] {logging_mixin.py:188} INFO - [2024-07-28T15:05:32.991+0000] {dag.py:3947} INFO - Setting next_dagrun for example_subdag_operator.section-1 to None, run_after=None
[2024-07-28T15:05:32.994+0000] {logging_mixin.py:188} INFO - [2024-07-28T15:05:32.993+0000] {dag.py:3947} INFO - Setting next_dagrun for example_subdag_operator.section-2 to None, run_after=None
[2024-07-28T15:05:33.035+0000] {processor.py:183} INFO - Processing /home/airflow/.local/lib/python3.12/site-packages/airflow/example_dags/example_subdag_operator.py took 0.366 seconds
[2024-07-28T15:06:03.086+0000] {processor.py:161} INFO - Started process (PID=606) to work on /home/airflow/.local/lib/python3.12/site-packages/airflow/example_dags/example_subdag_operator.py
[2024-07-28T15:06:03.087+0000] {processor.py:830} INFO - Processing file /home/airflow/.local/lib/python3.12/site-packages/airflow/example_dags/example_subdag_operator.py for tasks to queue
[2024-07-28T15:06:03.090+0000] {logging_mixin.py:188} INFO - [2024-07-28T15:06:03.090+0000] {dagbag.py:545} INFO - Filling up the DagBag from /home/airflow/.local/lib/python3.12/site-packages/airflow/example_dags/example_subdag_operator.py
[2024-07-28T15:06:03.138+0000] {processor.py:840} INFO - DAG(s) 'example_subdag_operator.section-1', 'example_subdag_operator.section-2', 'example_subdag_operator' retrieved from /home/airflow/.local/lib/python3.12/site-packages/airflow/example_dags/example_subdag_operator.py
[2024-07-28T15:06:03.173+0000] {logging_mixin.py:188} INFO - [2024-07-28T15:06:03.173+0000] {dag.py:3089} INFO - Sync 3 DAGs
[2024-07-28T15:06:03.225+0000] {logging_mixin.py:188} INFO - [2024-07-28T15:06:03.225+0000] {dag.py:3947} INFO - Setting next_dagrun for example_subdag_operator to 2022-01-01 00:00:00+00:00, run_after=2022-01-01 00:00:00+00:00
[2024-07-28T15:06:03.235+0000] {logging_mixin.py:188} INFO - [2024-07-28T15:06:03.234+0000] {dag.py:3947} INFO - Setting next_dagrun for example_subdag_operator.section-1 to None, run_after=None
[2024-07-28T15:06:03.237+0000] {logging_mixin.py:188} INFO - [2024-07-28T15:06:03.236+0000] {dag.py:3947} INFO - Setting next_dagrun for example_subdag_operator.section-2 to None, run_after=None
[2024-07-28T15:06:03.254+0000] {logging_mixin.py:188} INFO - [2024-07-28T15:06:03.253+0000] {dag.py:3089} INFO - Sync 2 DAGs
[2024-07-28T15:06:03.265+0000] {logging_mixin.py:188} INFO - [2024-07-28T15:06:03.265+0000] {dag.py:3947} INFO - Setting next_dagrun for example_subdag_operator.section-1 to None, run_after=None
[2024-07-28T15:06:03.266+0000] {logging_mixin.py:188} INFO - [2024-07-28T15:06:03.266+0000] {dag.py:3947} INFO - Setting next_dagrun for example_subdag_operator.section-2 to None, run_after=None
[2024-07-28T15:06:03.285+0000] {processor.py:183} INFO - Processing /home/airflow/.local/lib/python3.12/site-packages/airflow/example_dags/example_subdag_operator.py took 0.210 seconds
[2024-07-28T15:06:33.422+0000] {processor.py:161} INFO - Started process (PID=664) to work on /home/airflow/.local/lib/python3.12/site-packages/airflow/example_dags/example_subdag_operator.py
[2024-07-28T15:06:33.424+0000] {processor.py:830} INFO - Processing file /home/airflow/.local/lib/python3.12/site-packages/airflow/example_dags/example_subdag_operator.py for tasks to queue
[2024-07-28T15:06:33.426+0000] {logging_mixin.py:188} INFO - [2024-07-28T15:06:33.426+0000] {dagbag.py:545} INFO - Filling up the DagBag from /home/airflow/.local/lib/python3.12/site-packages/airflow/example_dags/example_subdag_operator.py
[2024-07-28T15:06:33.465+0000] {processor.py:840} INFO - DAG(s) 'example_subdag_operator.section-1', 'example_subdag_operator.section-2', 'example_subdag_operator' retrieved from /home/airflow/.local/lib/python3.12/site-packages/airflow/example_dags/example_subdag_operator.py
[2024-07-28T15:06:33.503+0000] {logging_mixin.py:188} INFO - [2024-07-28T15:06:33.502+0000] {dag.py:3089} INFO - Sync 3 DAGs
[2024-07-28T15:06:33.540+0000] {logging_mixin.py:188} INFO - [2024-07-28T15:06:33.539+0000] {dag.py:3947} INFO - Setting next_dagrun for example_subdag_operator to 2022-01-01 00:00:00+00:00, run_after=2022-01-01 00:00:00+00:00
[2024-07-28T15:06:33.544+0000] {logging_mixin.py:188} INFO - [2024-07-28T15:06:33.544+0000] {dag.py:3947} INFO - Setting next_dagrun for example_subdag_operator.section-1 to None, run_after=None
[2024-07-28T15:06:33.546+0000] {logging_mixin.py:188} INFO - [2024-07-28T15:06:33.546+0000] {dag.py:3947} INFO - Setting next_dagrun for example_subdag_operator.section-2 to None, run_after=None
[2024-07-28T15:06:33.555+0000] {logging_mixin.py:188} INFO - [2024-07-28T15:06:33.555+0000] {dag.py:3089} INFO - Sync 2 DAGs
[2024-07-28T15:06:33.561+0000] {logging_mixin.py:188} INFO - [2024-07-28T15:06:33.561+0000] {dag.py:3947} INFO - Setting next_dagrun for example_subdag_operator.section-1 to None, run_after=None
[2024-07-28T15:06:33.561+0000] {logging_mixin.py:188} INFO - [2024-07-28T15:06:33.561+0000] {dag.py:3947} INFO - Setting next_dagrun for example_subdag_operator.section-2 to None, run_after=None
[2024-07-28T15:06:33.574+0000] {processor.py:183} INFO - Processing /home/airflow/.local/lib/python3.12/site-packages/airflow/example_dags/example_subdag_operator.py took 0.162 seconds
[2024-07-28T15:07:04.140+0000] {processor.py:161} INFO - Started process (PID=722) to work on /home/airflow/.local/lib/python3.12/site-packages/airflow/example_dags/example_subdag_operator.py
[2024-07-28T15:07:04.140+0000] {processor.py:830} INFO - Processing file /home/airflow/.local/lib/python3.12/site-packages/airflow/example_dags/example_subdag_operator.py for tasks to queue
[2024-07-28T15:07:04.142+0000] {logging_mixin.py:188} INFO - [2024-07-28T15:07:04.142+0000] {dagbag.py:545} INFO - Filling up the DagBag from /home/airflow/.local/lib/python3.12/site-packages/airflow/example_dags/example_subdag_operator.py
[2024-07-28T15:07:04.165+0000] {processor.py:840} INFO - DAG(s) 'example_subdag_operator.section-1', 'example_subdag_operator.section-2', 'example_subdag_operator' retrieved from /home/airflow/.local/lib/python3.12/site-packages/airflow/example_dags/example_subdag_operator.py
[2024-07-28T15:07:04.182+0000] {logging_mixin.py:188} INFO - [2024-07-28T15:07:04.182+0000] {dag.py:3089} INFO - Sync 3 DAGs
[2024-07-28T15:07:04.205+0000] {logging_mixin.py:188} INFO - [2024-07-28T15:07:04.205+0000] {dag.py:3947} INFO - Setting next_dagrun for example_subdag_operator to 2022-01-01 00:00:00+00:00, run_after=2022-01-01 00:00:00+00:00
[2024-07-28T15:07:04.208+0000] {logging_mixin.py:188} INFO - [2024-07-28T15:07:04.208+0000] {dag.py:3947} INFO - Setting next_dagrun for example_subdag_operator.section-1 to None, run_after=None
[2024-07-28T15:07:04.209+0000] {logging_mixin.py:188} INFO - [2024-07-28T15:07:04.209+0000] {dag.py:3947} INFO - Setting next_dagrun for example_subdag_operator.section-2 to None, run_after=None
[2024-07-28T15:07:04.216+0000] {logging_mixin.py:188} INFO - [2024-07-28T15:07:04.215+0000] {dag.py:3089} INFO - Sync 2 DAGs
[2024-07-28T15:07:04.220+0000] {logging_mixin.py:188} INFO - [2024-07-28T15:07:04.220+0000] {dag.py:3947} INFO - Setting next_dagrun for example_subdag_operator.section-1 to None, run_after=None
[2024-07-28T15:07:04.220+0000] {logging_mixin.py:188} INFO - [2024-07-28T15:07:04.220+0000] {dag.py:3947} INFO - Setting next_dagrun for example_subdag_operator.section-2 to None, run_after=None
[2024-07-28T15:07:04.230+0000] {processor.py:183} INFO - Processing /home/airflow/.local/lib/python3.12/site-packages/airflow/example_dags/example_subdag_operator.py took 0.096 seconds
[2024-07-28T15:07:35.250+0000] {processor.py:161} INFO - Started process (PID=780) to work on /home/airflow/.local/lib/python3.12/site-packages/airflow/example_dags/example_subdag_operator.py
[2024-07-28T15:07:35.253+0000] {processor.py:830} INFO - Processing file /home/airflow/.local/lib/python3.12/site-packages/airflow/example_dags/example_subdag_operator.py for tasks to queue
[2024-07-28T15:07:35.258+0000] {logging_mixin.py:188} INFO - [2024-07-28T15:07:35.257+0000] {dagbag.py:545} INFO - Filling up the DagBag from /home/airflow/.local/lib/python3.12/site-packages/airflow/example_dags/example_subdag_operator.py
[2024-07-28T15:07:35.311+0000] {processor.py:840} INFO - DAG(s) 'example_subdag_operator.section-1', 'example_subdag_operator.section-2', 'example_subdag_operator' retrieved from /home/airflow/.local/lib/python3.12/site-packages/airflow/example_dags/example_subdag_operator.py
[2024-07-28T15:07:35.334+0000] {logging_mixin.py:188} INFO - [2024-07-28T15:07:35.334+0000] {dag.py:3089} INFO - Sync 3 DAGs
[2024-07-28T15:07:35.361+0000] {logging_mixin.py:188} INFO - [2024-07-28T15:07:35.361+0000] {dag.py:3947} INFO - Setting next_dagrun for example_subdag_operator to 2022-01-01 00:00:00+00:00, run_after=2022-01-01 00:00:00+00:00
[2024-07-28T15:07:35.366+0000] {logging_mixin.py:188} INFO - [2024-07-28T15:07:35.366+0000] {dag.py:3947} INFO - Setting next_dagrun for example_subdag_operator.section-1 to None, run_after=None
[2024-07-28T15:07:35.368+0000] {logging_mixin.py:188} INFO - [2024-07-28T15:07:35.368+0000] {dag.py:3947} INFO - Setting next_dagrun for example_subdag_operator.section-2 to None, run_after=None
[2024-07-28T15:07:35.375+0000] {logging_mixin.py:188} INFO - [2024-07-28T15:07:35.375+0000] {dag.py:3089} INFO - Sync 2 DAGs
[2024-07-28T15:07:35.381+0000] {logging_mixin.py:188} INFO - [2024-07-28T15:07:35.380+0000] {dag.py:3947} INFO - Setting next_dagrun for example_subdag_operator.section-1 to None, run_after=None
[2024-07-28T15:07:35.381+0000] {logging_mixin.py:188} INFO - [2024-07-28T15:07:35.381+0000] {dag.py:3947} INFO - Setting next_dagrun for example_subdag_operator.section-2 to None, run_after=None
[2024-07-28T15:07:35.393+0000] {processor.py:183} INFO - Processing /home/airflow/.local/lib/python3.12/site-packages/airflow/example_dags/example_subdag_operator.py took 0.166 seconds
[2024-07-28T15:08:05.738+0000] {processor.py:161} INFO - Started process (PID=839) to work on /home/airflow/.local/lib/python3.12/site-packages/airflow/example_dags/example_subdag_operator.py
[2024-07-28T15:08:05.740+0000] {processor.py:830} INFO - Processing file /home/airflow/.local/lib/python3.12/site-packages/airflow/example_dags/example_subdag_operator.py for tasks to queue
[2024-07-28T15:08:05.745+0000] {logging_mixin.py:188} INFO - [2024-07-28T15:08:05.744+0000] {dagbag.py:545} INFO - Filling up the DagBag from /home/airflow/.local/lib/python3.12/site-packages/airflow/example_dags/example_subdag_operator.py
[2024-07-28T15:08:05.819+0000] {processor.py:840} INFO - DAG(s) 'example_subdag_operator.section-1', 'example_subdag_operator.section-2', 'example_subdag_operator' retrieved from /home/airflow/.local/lib/python3.12/site-packages/airflow/example_dags/example_subdag_operator.py
[2024-07-28T15:08:05.876+0000] {logging_mixin.py:188} INFO - [2024-07-28T15:08:05.875+0000] {dag.py:3089} INFO - Sync 3 DAGs
[2024-07-28T15:08:05.954+0000] {logging_mixin.py:188} INFO - [2024-07-28T15:08:05.953+0000] {dag.py:3947} INFO - Setting next_dagrun for example_subdag_operator to 2022-01-01 00:00:00+00:00, run_after=2022-01-01 00:00:00+00:00
[2024-07-28T15:08:05.966+0000] {logging_mixin.py:188} INFO - [2024-07-28T15:08:05.966+0000] {dag.py:3947} INFO - Setting next_dagrun for example_subdag_operator.section-1 to None, run_after=None
[2024-07-28T15:08:05.970+0000] {logging_mixin.py:188} INFO - [2024-07-28T15:08:05.970+0000] {dag.py:3947} INFO - Setting next_dagrun for example_subdag_operator.section-2 to None, run_after=None
[2024-07-28T15:08:06.004+0000] {logging_mixin.py:188} INFO - [2024-07-28T15:08:06.003+0000] {dag.py:3089} INFO - Sync 2 DAGs
[2024-07-28T15:08:06.028+0000] {logging_mixin.py:188} INFO - [2024-07-28T15:08:06.027+0000] {dag.py:3947} INFO - Setting next_dagrun for example_subdag_operator.section-1 to None, run_after=None
[2024-07-28T15:08:06.031+0000] {logging_mixin.py:188} INFO - [2024-07-28T15:08:06.030+0000] {dag.py:3947} INFO - Setting next_dagrun for example_subdag_operator.section-2 to None, run_after=None
[2024-07-28T15:08:06.071+0000] {processor.py:183} INFO - Processing /home/airflow/.local/lib/python3.12/site-packages/airflow/example_dags/example_subdag_operator.py took 0.353 seconds
[2024-07-28T15:08:36.477+0000] {processor.py:161} INFO - Started process (PID=897) to work on /home/airflow/.local/lib/python3.12/site-packages/airflow/example_dags/example_subdag_operator.py
[2024-07-28T15:08:36.480+0000] {processor.py:830} INFO - Processing file /home/airflow/.local/lib/python3.12/site-packages/airflow/example_dags/example_subdag_operator.py for tasks to queue
[2024-07-28T15:08:36.485+0000] {logging_mixin.py:188} INFO - [2024-07-28T15:08:36.484+0000] {dagbag.py:545} INFO - Filling up the DagBag from /home/airflow/.local/lib/python3.12/site-packages/airflow/example_dags/example_subdag_operator.py
[2024-07-28T15:08:36.572+0000] {processor.py:840} INFO - DAG(s) 'example_subdag_operator.section-1', 'example_subdag_operator.section-2', 'example_subdag_operator' retrieved from /home/airflow/.local/lib/python3.12/site-packages/airflow/example_dags/example_subdag_operator.py
[2024-07-28T15:08:36.647+0000] {logging_mixin.py:188} INFO - [2024-07-28T15:08:36.645+0000] {dag.py:3089} INFO - Sync 3 DAGs
[2024-07-28T15:08:36.734+0000] {logging_mixin.py:188} INFO - [2024-07-28T15:08:36.733+0000] {dag.py:3947} INFO - Setting next_dagrun for example_subdag_operator to 2022-01-01 00:00:00+00:00, run_after=2022-01-01 00:00:00+00:00
[2024-07-28T15:08:36.748+0000] {logging_mixin.py:188} INFO - [2024-07-28T15:08:36.747+0000] {dag.py:3947} INFO - Setting next_dagrun for example_subdag_operator.section-1 to None, run_after=None
[2024-07-28T15:08:36.752+0000] {logging_mixin.py:188} INFO - [2024-07-28T15:08:36.752+0000] {dag.py:3947} INFO - Setting next_dagrun for example_subdag_operator.section-2 to None, run_after=None
[2024-07-28T15:08:36.778+0000] {logging_mixin.py:188} INFO - [2024-07-28T15:08:36.777+0000] {dag.py:3089} INFO - Sync 2 DAGs
[2024-07-28T15:08:36.796+0000] {logging_mixin.py:188} INFO - [2024-07-28T15:08:36.796+0000] {dag.py:3947} INFO - Setting next_dagrun for example_subdag_operator.section-1 to None, run_after=None
[2024-07-28T15:08:36.798+0000] {logging_mixin.py:188} INFO - [2024-07-28T15:08:36.797+0000] {dag.py:3947} INFO - Setting next_dagrun for example_subdag_operator.section-2 to None, run_after=None
[2024-07-28T15:08:36.836+0000] {processor.py:183} INFO - Processing /home/airflow/.local/lib/python3.12/site-packages/airflow/example_dags/example_subdag_operator.py took 0.378 seconds
[2024-07-28T15:09:07.217+0000] {processor.py:161} INFO - Started process (PID=955) to work on /home/airflow/.local/lib/python3.12/site-packages/airflow/example_dags/example_subdag_operator.py
[2024-07-28T15:09:07.219+0000] {processor.py:830} INFO - Processing file /home/airflow/.local/lib/python3.12/site-packages/airflow/example_dags/example_subdag_operator.py for tasks to queue
[2024-07-28T15:09:07.225+0000] {logging_mixin.py:188} INFO - [2024-07-28T15:09:07.224+0000] {dagbag.py:545} INFO - Filling up the DagBag from /home/airflow/.local/lib/python3.12/site-packages/airflow/example_dags/example_subdag_operator.py
[2024-07-28T15:09:07.305+0000] {processor.py:840} INFO - DAG(s) 'example_subdag_operator.section-1', 'example_subdag_operator.section-2', 'example_subdag_operator' retrieved from /home/airflow/.local/lib/python3.12/site-packages/airflow/example_dags/example_subdag_operator.py
[2024-07-28T15:09:07.367+0000] {logging_mixin.py:188} INFO - [2024-07-28T15:09:07.366+0000] {dag.py:3089} INFO - Sync 3 DAGs
[2024-07-28T15:09:07.453+0000] {logging_mixin.py:188} INFO - [2024-07-28T15:09:07.452+0000] {dag.py:3947} INFO - Setting next_dagrun for example_subdag_operator to 2022-01-01 00:00:00+00:00, run_after=2022-01-01 00:00:00+00:00
[2024-07-28T15:09:07.467+0000] {logging_mixin.py:188} INFO - [2024-07-28T15:09:07.466+0000] {dag.py:3947} INFO - Setting next_dagrun for example_subdag_operator.section-1 to None, run_after=None
[2024-07-28T15:09:07.471+0000] {logging_mixin.py:188} INFO - [2024-07-28T15:09:07.471+0000] {dag.py:3947} INFO - Setting next_dagrun for example_subdag_operator.section-2 to None, run_after=None
[2024-07-28T15:09:07.497+0000] {logging_mixin.py:188} INFO - [2024-07-28T15:09:07.496+0000] {dag.py:3089} INFO - Sync 2 DAGs
[2024-07-28T15:09:07.516+0000] {logging_mixin.py:188} INFO - [2024-07-28T15:09:07.516+0000] {dag.py:3947} INFO - Setting next_dagrun for example_subdag_operator.section-1 to None, run_after=None
[2024-07-28T15:09:07.518+0000] {logging_mixin.py:188} INFO - [2024-07-28T15:09:07.517+0000] {dag.py:3947} INFO - Setting next_dagrun for example_subdag_operator.section-2 to None, run_after=None
[2024-07-28T15:09:07.552+0000] {processor.py:183} INFO - Processing /home/airflow/.local/lib/python3.12/site-packages/airflow/example_dags/example_subdag_operator.py took 0.357 seconds
[2024-07-28T15:09:38.456+0000] {processor.py:161} INFO - Started process (PID=1013) to work on /home/airflow/.local/lib/python3.12/site-packages/airflow/example_dags/example_subdag_operator.py
[2024-07-28T15:09:38.457+0000] {processor.py:830} INFO - Processing file /home/airflow/.local/lib/python3.12/site-packages/airflow/example_dags/example_subdag_operator.py for tasks to queue
[2024-07-28T15:09:38.460+0000] {logging_mixin.py:188} INFO - [2024-07-28T15:09:38.459+0000] {dagbag.py:545} INFO - Filling up the DagBag from /home/airflow/.local/lib/python3.12/site-packages/airflow/example_dags/example_subdag_operator.py
[2024-07-28T15:09:38.501+0000] {processor.py:840} INFO - DAG(s) 'example_subdag_operator.section-1', 'example_subdag_operator.section-2', 'example_subdag_operator' retrieved from /home/airflow/.local/lib/python3.12/site-packages/airflow/example_dags/example_subdag_operator.py
[2024-07-28T15:09:38.541+0000] {logging_mixin.py:188} INFO - [2024-07-28T15:09:38.540+0000] {dag.py:3089} INFO - Sync 3 DAGs
[2024-07-28T15:09:38.595+0000] {logging_mixin.py:188} INFO - [2024-07-28T15:09:38.595+0000] {dag.py:3947} INFO - Setting next_dagrun for example_subdag_operator to 2022-01-01 00:00:00+00:00, run_after=2022-01-01 00:00:00+00:00
[2024-07-28T15:09:38.605+0000] {logging_mixin.py:188} INFO - [2024-07-28T15:09:38.604+0000] {dag.py:3947} INFO - Setting next_dagrun for example_subdag_operator.section-1 to None, run_after=None
[2024-07-28T15:09:38.608+0000] {logging_mixin.py:188} INFO - [2024-07-28T15:09:38.607+0000] {dag.py:3947} INFO - Setting next_dagrun for example_subdag_operator.section-2 to None, run_after=None
[2024-07-28T15:09:38.622+0000] {logging_mixin.py:188} INFO - [2024-07-28T15:09:38.621+0000] {dag.py:3089} INFO - Sync 2 DAGs
[2024-07-28T15:09:38.632+0000] {logging_mixin.py:188} INFO - [2024-07-28T15:09:38.632+0000] {dag.py:3947} INFO - Setting next_dagrun for example_subdag_operator.section-1 to None, run_after=None
[2024-07-28T15:09:38.634+0000] {logging_mixin.py:188} INFO - [2024-07-28T15:09:38.633+0000] {dag.py:3947} INFO - Setting next_dagrun for example_subdag_operator.section-2 to None, run_after=None
[2024-07-28T15:09:38.656+0000] {processor.py:183} INFO - Processing /home/airflow/.local/lib/python3.12/site-packages/airflow/example_dags/example_subdag_operator.py took 0.211 seconds
[2024-07-28T15:10:08.832+0000] {processor.py:161} INFO - Started process (PID=1071) to work on /home/airflow/.local/lib/python3.12/site-packages/airflow/example_dags/example_subdag_operator.py
[2024-07-28T15:10:08.835+0000] {processor.py:830} INFO - Processing file /home/airflow/.local/lib/python3.12/site-packages/airflow/example_dags/example_subdag_operator.py for tasks to queue
[2024-07-28T15:10:08.841+0000] {logging_mixin.py:188} INFO - [2024-07-28T15:10:08.839+0000] {dagbag.py:545} INFO - Filling up the DagBag from /home/airflow/.local/lib/python3.12/site-packages/airflow/example_dags/example_subdag_operator.py
[2024-07-28T15:10:08.935+0000] {processor.py:840} INFO - DAG(s) 'example_subdag_operator.section-1', 'example_subdag_operator.section-2', 'example_subdag_operator' retrieved from /home/airflow/.local/lib/python3.12/site-packages/airflow/example_dags/example_subdag_operator.py
[2024-07-28T15:10:09.068+0000] {logging_mixin.py:188} INFO - [2024-07-28T15:10:09.066+0000] {dag.py:3089} INFO - Sync 3 DAGs
[2024-07-28T15:10:09.187+0000] {logging_mixin.py:188} INFO - [2024-07-28T15:10:09.186+0000] {dag.py:3947} INFO - Setting next_dagrun for example_subdag_operator to 2022-01-01 00:00:00+00:00, run_after=2022-01-01 00:00:00+00:00
[2024-07-28T15:10:09.196+0000] {logging_mixin.py:188} INFO - [2024-07-28T15:10:09.195+0000] {dag.py:3947} INFO - Setting next_dagrun for example_subdag_operator.section-1 to None, run_after=None
[2024-07-28T15:10:09.199+0000] {logging_mixin.py:188} INFO - [2024-07-28T15:10:09.198+0000] {dag.py:3947} INFO - Setting next_dagrun for example_subdag_operator.section-2 to None, run_after=None
[2024-07-28T15:10:09.216+0000] {logging_mixin.py:188} INFO - [2024-07-28T15:10:09.216+0000] {dag.py:3089} INFO - Sync 2 DAGs
[2024-07-28T15:10:09.230+0000] {logging_mixin.py:188} INFO - [2024-07-28T15:10:09.229+0000] {dag.py:3947} INFO - Setting next_dagrun for example_subdag_operator.section-1 to None, run_after=None
[2024-07-28T15:10:09.231+0000] {logging_mixin.py:188} INFO - [2024-07-28T15:10:09.231+0000] {dag.py:3947} INFO - Setting next_dagrun for example_subdag_operator.section-2 to None, run_after=None
[2024-07-28T15:10:09.263+0000] {processor.py:183} INFO - Processing /home/airflow/.local/lib/python3.12/site-packages/airflow/example_dags/example_subdag_operator.py took 0.456 seconds
[2024-07-28T15:10:39.972+0000] {processor.py:161} INFO - Started process (PID=1129) to work on /home/airflow/.local/lib/python3.12/site-packages/airflow/example_dags/example_subdag_operator.py
[2024-07-28T15:10:39.973+0000] {processor.py:830} INFO - Processing file /home/airflow/.local/lib/python3.12/site-packages/airflow/example_dags/example_subdag_operator.py for tasks to queue
[2024-07-28T15:10:39.975+0000] {logging_mixin.py:188} INFO - [2024-07-28T15:10:39.975+0000] {dagbag.py:545} INFO - Filling up the DagBag from /home/airflow/.local/lib/python3.12/site-packages/airflow/example_dags/example_subdag_operator.py
[2024-07-28T15:10:40.003+0000] {processor.py:840} INFO - DAG(s) 'example_subdag_operator.section-1', 'example_subdag_operator.section-2', 'example_subdag_operator' retrieved from /home/airflow/.local/lib/python3.12/site-packages/airflow/example_dags/example_subdag_operator.py
[2024-07-28T15:10:40.022+0000] {logging_mixin.py:188} INFO - [2024-07-28T15:10:40.022+0000] {dag.py:3089} INFO - Sync 3 DAGs
[2024-07-28T15:10:40.055+0000] {logging_mixin.py:188} INFO - [2024-07-28T15:10:40.055+0000] {dag.py:3947} INFO - Setting next_dagrun for example_subdag_operator to 2022-01-01 00:00:00+00:00, run_after=2022-01-01 00:00:00+00:00
[2024-07-28T15:10:40.060+0000] {logging_mixin.py:188} INFO - [2024-07-28T15:10:40.060+0000] {dag.py:3947} INFO - Setting next_dagrun for example_subdag_operator.section-1 to None, run_after=None
[2024-07-28T15:10:40.062+0000] {logging_mixin.py:188} INFO - [2024-07-28T15:10:40.062+0000] {dag.py:3947} INFO - Setting next_dagrun for example_subdag_operator.section-2 to None, run_after=None
[2024-07-28T15:10:40.071+0000] {logging_mixin.py:188} INFO - [2024-07-28T15:10:40.070+0000] {dag.py:3089} INFO - Sync 2 DAGs
[2024-07-28T15:10:40.078+0000] {logging_mixin.py:188} INFO - [2024-07-28T15:10:40.078+0000] {dag.py:3947} INFO - Setting next_dagrun for example_subdag_operator.section-1 to None, run_after=None
[2024-07-28T15:10:40.079+0000] {logging_mixin.py:188} INFO - [2024-07-28T15:10:40.079+0000] {dag.py:3947} INFO - Setting next_dagrun for example_subdag_operator.section-2 to None, run_after=None
[2024-07-28T15:10:40.094+0000] {processor.py:183} INFO - Processing /home/airflow/.local/lib/python3.12/site-packages/airflow/example_dags/example_subdag_operator.py took 0.130 seconds
