[2024-07-28T15:01:28.182+0000] {processor.py:161} INFO - Started process (PID=99) to work on /home/airflow/.local/lib/python3.12/site-packages/airflow/example_dags/example_external_task_marker_dag.py
[2024-07-28T15:01:28.185+0000] {processor.py:830} INFO - Processing file /home/airflow/.local/lib/python3.12/site-packages/airflow/example_dags/example_external_task_marker_dag.py for tasks to queue
[2024-07-28T15:01:28.189+0000] {logging_mixin.py:188} INFO - [2024-07-28T15:01:28.188+0000] {dagbag.py:545} INFO - Filling up the DagBag from /home/airflow/.local/lib/python3.12/site-packages/airflow/example_dags/example_external_task_marker_dag.py
[2024-07-28T15:01:28.206+0000] {processor.py:840} INFO - DAG(s) 'example_external_task_marker_child', 'example_external_task_marker_parent' retrieved from /home/airflow/.local/lib/python3.12/site-packages/airflow/example_dags/example_external_task_marker_dag.py
[2024-07-28T15:01:28.266+0000] {logging_mixin.py:188} INFO - [2024-07-28T15:01:28.265+0000] {dag.py:3089} INFO - Sync 2 DAGs
[2024-07-28T15:01:28.304+0000] {logging_mixin.py:188} INFO - [2024-07-28T15:01:28.304+0000] {dag.py:3947} INFO - Setting next_dagrun for example_external_task_marker_child to None, run_after=None
[2024-07-28T15:01:28.315+0000] {logging_mixin.py:188} INFO - [2024-07-28T15:01:28.315+0000] {dag.py:3947} INFO - Setting next_dagrun for example_external_task_marker_parent to None, run_after=None
[2024-07-28T15:01:28.386+0000] {processor.py:183} INFO - Processing /home/airflow/.local/lib/python3.12/site-packages/airflow/example_dags/example_external_task_marker_dag.py took 0.218 seconds
[2024-07-28T15:01:58.753+0000] {processor.py:161} INFO - Started process (PID=157) to work on /home/airflow/.local/lib/python3.12/site-packages/airflow/example_dags/example_external_task_marker_dag.py
[2024-07-28T15:01:58.756+0000] {processor.py:830} INFO - Processing file /home/airflow/.local/lib/python3.12/site-packages/airflow/example_dags/example_external_task_marker_dag.py for tasks to queue
[2024-07-28T15:01:58.764+0000] {logging_mixin.py:188} INFO - [2024-07-28T15:01:58.763+0000] {dagbag.py:545} INFO - Filling up the DagBag from /home/airflow/.local/lib/python3.12/site-packages/airflow/example_dags/example_external_task_marker_dag.py
[2024-07-28T15:01:58.785+0000] {processor.py:840} INFO - DAG(s) 'example_external_task_marker_child', 'example_external_task_marker_parent' retrieved from /home/airflow/.local/lib/python3.12/site-packages/airflow/example_dags/example_external_task_marker_dag.py
[2024-07-28T15:01:58.873+0000] {logging_mixin.py:188} INFO - [2024-07-28T15:01:58.871+0000] {dag.py:3089} INFO - Sync 2 DAGs
[2024-07-28T15:01:58.931+0000] {logging_mixin.py:188} INFO - [2024-07-28T15:01:58.930+0000] {dag.py:3947} INFO - Setting next_dagrun for example_external_task_marker_child to None, run_after=None
[2024-07-28T15:01:58.948+0000] {logging_mixin.py:188} INFO - [2024-07-28T15:01:58.947+0000] {dag.py:3947} INFO - Setting next_dagrun for example_external_task_marker_parent to None, run_after=None
[2024-07-28T15:01:59.015+0000] {processor.py:183} INFO - Processing /home/airflow/.local/lib/python3.12/site-packages/airflow/example_dags/example_external_task_marker_dag.py took 0.284 seconds
[2024-07-28T15:02:29.577+0000] {processor.py:161} INFO - Started process (PID=215) to work on /home/airflow/.local/lib/python3.12/site-packages/airflow/example_dags/example_external_task_marker_dag.py
[2024-07-28T15:02:29.578+0000] {processor.py:830} INFO - Processing file /home/airflow/.local/lib/python3.12/site-packages/airflow/example_dags/example_external_task_marker_dag.py for tasks to queue
[2024-07-28T15:02:29.580+0000] {logging_mixin.py:188} INFO - [2024-07-28T15:02:29.579+0000] {dagbag.py:545} INFO - Filling up the DagBag from /home/airflow/.local/lib/python3.12/site-packages/airflow/example_dags/example_external_task_marker_dag.py
[2024-07-28T15:02:29.587+0000] {processor.py:840} INFO - DAG(s) 'example_external_task_marker_child', 'example_external_task_marker_parent' retrieved from /home/airflow/.local/lib/python3.12/site-packages/airflow/example_dags/example_external_task_marker_dag.py
[2024-07-28T15:02:29.618+0000] {logging_mixin.py:188} INFO - [2024-07-28T15:02:29.618+0000] {dag.py:3089} INFO - Sync 2 DAGs
[2024-07-28T15:02:29.639+0000] {logging_mixin.py:188} INFO - [2024-07-28T15:02:29.639+0000] {dag.py:3947} INFO - Setting next_dagrun for example_external_task_marker_child to None, run_after=None
[2024-07-28T15:02:29.646+0000] {logging_mixin.py:188} INFO - [2024-07-28T15:02:29.646+0000] {dag.py:3947} INFO - Setting next_dagrun for example_external_task_marker_parent to None, run_after=None
[2024-07-28T15:02:29.680+0000] {processor.py:183} INFO - Processing /home/airflow/.local/lib/python3.12/site-packages/airflow/example_dags/example_external_task_marker_dag.py took 0.112 seconds
[2024-07-28T15:03:00.086+0000] {processor.py:161} INFO - Started process (PID=273) to work on /home/airflow/.local/lib/python3.12/site-packages/airflow/example_dags/example_external_task_marker_dag.py
[2024-07-28T15:03:00.087+0000] {processor.py:830} INFO - Processing file /home/airflow/.local/lib/python3.12/site-packages/airflow/example_dags/example_external_task_marker_dag.py for tasks to queue
[2024-07-28T15:03:00.091+0000] {logging_mixin.py:188} INFO - [2024-07-28T15:03:00.090+0000] {dagbag.py:545} INFO - Filling up the DagBag from /home/airflow/.local/lib/python3.12/site-packages/airflow/example_dags/example_external_task_marker_dag.py
[2024-07-28T15:03:00.101+0000] {processor.py:840} INFO - DAG(s) 'example_external_task_marker_parent', 'example_external_task_marker_child' retrieved from /home/airflow/.local/lib/python3.12/site-packages/airflow/example_dags/example_external_task_marker_dag.py
[2024-07-28T15:03:00.138+0000] {logging_mixin.py:188} INFO - [2024-07-28T15:03:00.138+0000] {dag.py:3089} INFO - Sync 2 DAGs
[2024-07-28T15:03:00.163+0000] {logging_mixin.py:188} INFO - [2024-07-28T15:03:00.163+0000] {dag.py:3947} INFO - Setting next_dagrun for example_external_task_marker_child to None, run_after=None
[2024-07-28T15:03:00.168+0000] {logging_mixin.py:188} INFO - [2024-07-28T15:03:00.167+0000] {dag.py:3947} INFO - Setting next_dagrun for example_external_task_marker_parent to None, run_after=None
[2024-07-28T15:03:00.199+0000] {processor.py:183} INFO - Processing /home/airflow/.local/lib/python3.12/site-packages/airflow/example_dags/example_external_task_marker_dag.py took 0.121 seconds
[2024-07-28T15:03:31.564+0000] {processor.py:161} INFO - Started process (PID=331) to work on /home/airflow/.local/lib/python3.12/site-packages/airflow/example_dags/example_external_task_marker_dag.py
[2024-07-28T15:03:31.567+0000] {processor.py:830} INFO - Processing file /home/airflow/.local/lib/python3.12/site-packages/airflow/example_dags/example_external_task_marker_dag.py for tasks to queue
[2024-07-28T15:03:31.572+0000] {logging_mixin.py:188} INFO - [2024-07-28T15:03:31.571+0000] {dagbag.py:545} INFO - Filling up the DagBag from /home/airflow/.local/lib/python3.12/site-packages/airflow/example_dags/example_external_task_marker_dag.py
[2024-07-28T15:03:31.598+0000] {processor.py:840} INFO - DAG(s) 'example_external_task_marker_parent', 'example_external_task_marker_child' retrieved from /home/airflow/.local/lib/python3.12/site-packages/airflow/example_dags/example_external_task_marker_dag.py
[2024-07-28T15:03:31.696+0000] {logging_mixin.py:188} INFO - [2024-07-28T15:03:31.695+0000] {dag.py:3089} INFO - Sync 2 DAGs
[2024-07-28T15:03:31.758+0000] {logging_mixin.py:188} INFO - [2024-07-28T15:03:31.757+0000] {dag.py:3947} INFO - Setting next_dagrun for example_external_task_marker_child to None, run_after=None
[2024-07-28T15:03:31.777+0000] {logging_mixin.py:188} INFO - [2024-07-28T15:03:31.776+0000] {dag.py:3947} INFO - Setting next_dagrun for example_external_task_marker_parent to None, run_after=None
[2024-07-28T15:03:31.847+0000] {processor.py:183} INFO - Processing /home/airflow/.local/lib/python3.12/site-packages/airflow/example_dags/example_external_task_marker_dag.py took 0.305 seconds
[2024-07-28T15:04:03.166+0000] {processor.py:161} INFO - Started process (PID=389) to work on /home/airflow/.local/lib/python3.12/site-packages/airflow/example_dags/example_external_task_marker_dag.py
[2024-07-28T15:04:03.169+0000] {processor.py:830} INFO - Processing file /home/airflow/.local/lib/python3.12/site-packages/airflow/example_dags/example_external_task_marker_dag.py for tasks to queue
[2024-07-28T15:04:03.175+0000] {logging_mixin.py:188} INFO - [2024-07-28T15:04:03.174+0000] {dagbag.py:545} INFO - Filling up the DagBag from /home/airflow/.local/lib/python3.12/site-packages/airflow/example_dags/example_external_task_marker_dag.py
[2024-07-28T15:04:03.197+0000] {processor.py:840} INFO - DAG(s) 'example_external_task_marker_parent', 'example_external_task_marker_child' retrieved from /home/airflow/.local/lib/python3.12/site-packages/airflow/example_dags/example_external_task_marker_dag.py
[2024-07-28T15:04:03.285+0000] {logging_mixin.py:188} INFO - [2024-07-28T15:04:03.284+0000] {dag.py:3089} INFO - Sync 2 DAGs
[2024-07-28T15:04:03.339+0000] {logging_mixin.py:188} INFO - [2024-07-28T15:04:03.338+0000] {dag.py:3947} INFO - Setting next_dagrun for example_external_task_marker_child to None, run_after=None
[2024-07-28T15:04:03.354+0000] {logging_mixin.py:188} INFO - [2024-07-28T15:04:03.354+0000] {dag.py:3947} INFO - Setting next_dagrun for example_external_task_marker_parent to None, run_after=None
[2024-07-28T15:04:03.419+0000] {processor.py:183} INFO - Processing /home/airflow/.local/lib/python3.12/site-packages/airflow/example_dags/example_external_task_marker_dag.py took 0.275 seconds
[2024-07-28T15:04:33.754+0000] {processor.py:161} INFO - Started process (PID=447) to work on /home/airflow/.local/lib/python3.12/site-packages/airflow/example_dags/example_external_task_marker_dag.py
[2024-07-28T15:04:33.757+0000] {processor.py:830} INFO - Processing file /home/airflow/.local/lib/python3.12/site-packages/airflow/example_dags/example_external_task_marker_dag.py for tasks to queue
[2024-07-28T15:04:33.764+0000] {logging_mixin.py:188} INFO - [2024-07-28T15:04:33.762+0000] {dagbag.py:545} INFO - Filling up the DagBag from /home/airflow/.local/lib/python3.12/site-packages/airflow/example_dags/example_external_task_marker_dag.py
[2024-07-28T15:04:33.786+0000] {processor.py:840} INFO - DAG(s) 'example_external_task_marker_parent', 'example_external_task_marker_child' retrieved from /home/airflow/.local/lib/python3.12/site-packages/airflow/example_dags/example_external_task_marker_dag.py
[2024-07-28T15:04:33.877+0000] {logging_mixin.py:188} INFO - [2024-07-28T15:04:33.876+0000] {dag.py:3089} INFO - Sync 2 DAGs
[2024-07-28T15:04:33.933+0000] {logging_mixin.py:188} INFO - [2024-07-28T15:04:33.931+0000] {dag.py:3947} INFO - Setting next_dagrun for example_external_task_marker_child to None, run_after=None
[2024-07-28T15:04:33.948+0000] {logging_mixin.py:188} INFO - [2024-07-28T15:04:33.947+0000] {dag.py:3947} INFO - Setting next_dagrun for example_external_task_marker_parent to None, run_after=None
[2024-07-28T15:04:34.008+0000] {processor.py:183} INFO - Processing /home/airflow/.local/lib/python3.12/site-packages/airflow/example_dags/example_external_task_marker_dag.py took 0.279 seconds
[2024-07-28T15:05:05.118+0000] {processor.py:161} INFO - Started process (PID=505) to work on /home/airflow/.local/lib/python3.12/site-packages/airflow/example_dags/example_external_task_marker_dag.py
[2024-07-28T15:05:05.120+0000] {processor.py:830} INFO - Processing file /home/airflow/.local/lib/python3.12/site-packages/airflow/example_dags/example_external_task_marker_dag.py for tasks to queue
[2024-07-28T15:05:05.126+0000] {logging_mixin.py:188} INFO - [2024-07-28T15:05:05.125+0000] {dagbag.py:545} INFO - Filling up the DagBag from /home/airflow/.local/lib/python3.12/site-packages/airflow/example_dags/example_external_task_marker_dag.py
[2024-07-28T15:05:05.150+0000] {processor.py:840} INFO - DAG(s) 'example_external_task_marker_child', 'example_external_task_marker_parent' retrieved from /home/airflow/.local/lib/python3.12/site-packages/airflow/example_dags/example_external_task_marker_dag.py
[2024-07-28T15:05:05.235+0000] {logging_mixin.py:188} INFO - [2024-07-28T15:05:05.234+0000] {dag.py:3089} INFO - Sync 2 DAGs
[2024-07-28T15:05:05.288+0000] {logging_mixin.py:188} INFO - [2024-07-28T15:05:05.287+0000] {dag.py:3947} INFO - Setting next_dagrun for example_external_task_marker_child to None, run_after=None
[2024-07-28T15:05:05.302+0000] {logging_mixin.py:188} INFO - [2024-07-28T15:05:05.302+0000] {dag.py:3947} INFO - Setting next_dagrun for example_external_task_marker_parent to None, run_after=None
[2024-07-28T15:05:05.362+0000] {processor.py:183} INFO - Processing /home/airflow/.local/lib/python3.12/site-packages/airflow/example_dags/example_external_task_marker_dag.py took 0.268 seconds
[2024-07-28T15:05:35.840+0000] {processor.py:161} INFO - Started process (PID=563) to work on /home/airflow/.local/lib/python3.12/site-packages/airflow/example_dags/example_external_task_marker_dag.py
[2024-07-28T15:05:35.843+0000] {processor.py:830} INFO - Processing file /home/airflow/.local/lib/python3.12/site-packages/airflow/example_dags/example_external_task_marker_dag.py for tasks to queue
[2024-07-28T15:05:35.850+0000] {logging_mixin.py:188} INFO - [2024-07-28T15:05:35.849+0000] {dagbag.py:545} INFO - Filling up the DagBag from /home/airflow/.local/lib/python3.12/site-packages/airflow/example_dags/example_external_task_marker_dag.py
[2024-07-28T15:05:35.871+0000] {processor.py:840} INFO - DAG(s) 'example_external_task_marker_child', 'example_external_task_marker_parent' retrieved from /home/airflow/.local/lib/python3.12/site-packages/airflow/example_dags/example_external_task_marker_dag.py
[2024-07-28T15:05:35.965+0000] {logging_mixin.py:188} INFO - [2024-07-28T15:05:35.963+0000] {dag.py:3089} INFO - Sync 2 DAGs
[2024-07-28T15:05:36.021+0000] {logging_mixin.py:188} INFO - [2024-07-28T15:05:36.020+0000] {dag.py:3947} INFO - Setting next_dagrun for example_external_task_marker_child to None, run_after=None
[2024-07-28T15:05:36.039+0000] {logging_mixin.py:188} INFO - [2024-07-28T15:05:36.039+0000] {dag.py:3947} INFO - Setting next_dagrun for example_external_task_marker_parent to None, run_after=None
[2024-07-28T15:05:36.100+0000] {processor.py:183} INFO - Processing /home/airflow/.local/lib/python3.12/site-packages/airflow/example_dags/example_external_task_marker_dag.py took 0.282 seconds
[2024-07-28T15:06:06.275+0000] {processor.py:161} INFO - Started process (PID=621) to work on /home/airflow/.local/lib/python3.12/site-packages/airflow/example_dags/example_external_task_marker_dag.py
[2024-07-28T15:06:06.277+0000] {processor.py:830} INFO - Processing file /home/airflow/.local/lib/python3.12/site-packages/airflow/example_dags/example_external_task_marker_dag.py for tasks to queue
[2024-07-28T15:06:06.282+0000] {logging_mixin.py:188} INFO - [2024-07-28T15:06:06.282+0000] {dagbag.py:545} INFO - Filling up the DagBag from /home/airflow/.local/lib/python3.12/site-packages/airflow/example_dags/example_external_task_marker_dag.py
[2024-07-28T15:06:06.290+0000] {processor.py:840} INFO - DAG(s) 'example_external_task_marker_child', 'example_external_task_marker_parent' retrieved from /home/airflow/.local/lib/python3.12/site-packages/airflow/example_dags/example_external_task_marker_dag.py
[2024-07-28T15:06:06.336+0000] {logging_mixin.py:188} INFO - [2024-07-28T15:06:06.336+0000] {dag.py:3089} INFO - Sync 2 DAGs
[2024-07-28T15:06:06.367+0000] {logging_mixin.py:188} INFO - [2024-07-28T15:06:06.367+0000] {dag.py:3947} INFO - Setting next_dagrun for example_external_task_marker_child to None, run_after=None
[2024-07-28T15:06:06.373+0000] {logging_mixin.py:188} INFO - [2024-07-28T15:06:06.373+0000] {dag.py:3947} INFO - Setting next_dagrun for example_external_task_marker_parent to None, run_after=None
[2024-07-28T15:06:06.411+0000] {processor.py:183} INFO - Processing /home/airflow/.local/lib/python3.12/site-packages/airflow/example_dags/example_external_task_marker_dag.py took 0.144 seconds
[2024-07-28T15:06:37.192+0000] {processor.py:161} INFO - Started process (PID=679) to work on /home/airflow/.local/lib/python3.12/site-packages/airflow/example_dags/example_external_task_marker_dag.py
[2024-07-28T15:06:37.195+0000] {processor.py:830} INFO - Processing file /home/airflow/.local/lib/python3.12/site-packages/airflow/example_dags/example_external_task_marker_dag.py for tasks to queue
[2024-07-28T15:06:37.204+0000] {logging_mixin.py:188} INFO - [2024-07-28T15:06:37.203+0000] {dagbag.py:545} INFO - Filling up the DagBag from /home/airflow/.local/lib/python3.12/site-packages/airflow/example_dags/example_external_task_marker_dag.py
[2024-07-28T15:06:37.228+0000] {processor.py:840} INFO - DAG(s) 'example_external_task_marker_parent', 'example_external_task_marker_child' retrieved from /home/airflow/.local/lib/python3.12/site-packages/airflow/example_dags/example_external_task_marker_dag.py
[2024-07-28T15:06:37.314+0000] {logging_mixin.py:188} INFO - [2024-07-28T15:06:37.313+0000] {dag.py:3089} INFO - Sync 2 DAGs
[2024-07-28T15:06:37.374+0000] {logging_mixin.py:188} INFO - [2024-07-28T15:06:37.373+0000] {dag.py:3947} INFO - Setting next_dagrun for example_external_task_marker_child to None, run_after=None
[2024-07-28T15:06:37.387+0000] {logging_mixin.py:188} INFO - [2024-07-28T15:06:37.386+0000] {dag.py:3947} INFO - Setting next_dagrun for example_external_task_marker_parent to None, run_after=None
[2024-07-28T15:06:37.422+0000] {processor.py:183} INFO - Processing /home/airflow/.local/lib/python3.12/site-packages/airflow/example_dags/example_external_task_marker_dag.py took 0.259 seconds
[2024-07-28T15:07:08.502+0000] {processor.py:161} INFO - Started process (PID=737) to work on /home/airflow/.local/lib/python3.12/site-packages/airflow/example_dags/example_external_task_marker_dag.py
[2024-07-28T15:07:08.503+0000] {processor.py:830} INFO - Processing file /home/airflow/.local/lib/python3.12/site-packages/airflow/example_dags/example_external_task_marker_dag.py for tasks to queue
[2024-07-28T15:07:08.504+0000] {logging_mixin.py:188} INFO - [2024-07-28T15:07:08.504+0000] {dagbag.py:545} INFO - Filling up the DagBag from /home/airflow/.local/lib/python3.12/site-packages/airflow/example_dags/example_external_task_marker_dag.py
[2024-07-28T15:07:08.510+0000] {processor.py:840} INFO - DAG(s) 'example_external_task_marker_child', 'example_external_task_marker_parent' retrieved from /home/airflow/.local/lib/python3.12/site-packages/airflow/example_dags/example_external_task_marker_dag.py
[2024-07-28T15:07:08.534+0000] {logging_mixin.py:188} INFO - [2024-07-28T15:07:08.534+0000] {dag.py:3089} INFO - Sync 2 DAGs
[2024-07-28T15:07:08.548+0000] {logging_mixin.py:188} INFO - [2024-07-28T15:07:08.548+0000] {dag.py:3947} INFO - Setting next_dagrun for example_external_task_marker_child to None, run_after=None
[2024-07-28T15:07:08.553+0000] {logging_mixin.py:188} INFO - [2024-07-28T15:07:08.552+0000] {dag.py:3947} INFO - Setting next_dagrun for example_external_task_marker_parent to None, run_after=None
[2024-07-28T15:07:08.569+0000] {processor.py:183} INFO - Processing /home/airflow/.local/lib/python3.12/site-packages/airflow/example_dags/example_external_task_marker_dag.py took 0.073 seconds
[2024-07-28T15:07:38.910+0000] {processor.py:161} INFO - Started process (PID=795) to work on /home/airflow/.local/lib/python3.12/site-packages/airflow/example_dags/example_external_task_marker_dag.py
[2024-07-28T15:07:38.911+0000] {processor.py:830} INFO - Processing file /home/airflow/.local/lib/python3.12/site-packages/airflow/example_dags/example_external_task_marker_dag.py for tasks to queue
[2024-07-28T15:07:38.915+0000] {logging_mixin.py:188} INFO - [2024-07-28T15:07:38.914+0000] {dagbag.py:545} INFO - Filling up the DagBag from /home/airflow/.local/lib/python3.12/site-packages/airflow/example_dags/example_external_task_marker_dag.py
[2024-07-28T15:07:38.928+0000] {processor.py:840} INFO - DAG(s) 'example_external_task_marker_parent', 'example_external_task_marker_child' retrieved from /home/airflow/.local/lib/python3.12/site-packages/airflow/example_dags/example_external_task_marker_dag.py
[2024-07-28T15:07:38.981+0000] {logging_mixin.py:188} INFO - [2024-07-28T15:07:38.980+0000] {dag.py:3089} INFO - Sync 2 DAGs
[2024-07-28T15:07:39.008+0000] {logging_mixin.py:188} INFO - [2024-07-28T15:07:39.008+0000] {dag.py:3947} INFO - Setting next_dagrun for example_external_task_marker_child to None, run_after=None
[2024-07-28T15:07:39.015+0000] {logging_mixin.py:188} INFO - [2024-07-28T15:07:39.014+0000] {dag.py:3947} INFO - Setting next_dagrun for example_external_task_marker_parent to None, run_after=None
[2024-07-28T15:07:39.047+0000] {processor.py:183} INFO - Processing /home/airflow/.local/lib/python3.12/site-packages/airflow/example_dags/example_external_task_marker_dag.py took 0.150 seconds
[2024-07-28T15:08:10.049+0000] {processor.py:161} INFO - Started process (PID=853) to work on /home/airflow/.local/lib/python3.12/site-packages/airflow/example_dags/example_external_task_marker_dag.py
[2024-07-28T15:08:10.051+0000] {processor.py:830} INFO - Processing file /home/airflow/.local/lib/python3.12/site-packages/airflow/example_dags/example_external_task_marker_dag.py for tasks to queue
[2024-07-28T15:08:10.056+0000] {logging_mixin.py:188} INFO - [2024-07-28T15:08:10.055+0000] {dagbag.py:545} INFO - Filling up the DagBag from /home/airflow/.local/lib/python3.12/site-packages/airflow/example_dags/example_external_task_marker_dag.py
[2024-07-28T15:08:10.075+0000] {processor.py:840} INFO - DAG(s) 'example_external_task_marker_child', 'example_external_task_marker_parent' retrieved from /home/airflow/.local/lib/python3.12/site-packages/airflow/example_dags/example_external_task_marker_dag.py
[2024-07-28T15:08:10.152+0000] {logging_mixin.py:188} INFO - [2024-07-28T15:08:10.151+0000] {dag.py:3089} INFO - Sync 2 DAGs
[2024-07-28T15:08:10.200+0000] {logging_mixin.py:188} INFO - [2024-07-28T15:08:10.199+0000] {dag.py:3947} INFO - Setting next_dagrun for example_external_task_marker_child to None, run_after=None
[2024-07-28T15:08:10.213+0000] {logging_mixin.py:188} INFO - [2024-07-28T15:08:10.212+0000] {dag.py:3947} INFO - Setting next_dagrun for example_external_task_marker_parent to None, run_after=None
[2024-07-28T15:08:10.265+0000] {processor.py:183} INFO - Processing /home/airflow/.local/lib/python3.12/site-packages/airflow/example_dags/example_external_task_marker_dag.py took 0.235 seconds
[2024-07-28T15:08:41.352+0000] {processor.py:161} INFO - Started process (PID=911) to work on /home/airflow/.local/lib/python3.12/site-packages/airflow/example_dags/example_external_task_marker_dag.py
[2024-07-28T15:08:41.354+0000] {processor.py:830} INFO - Processing file /home/airflow/.local/lib/python3.12/site-packages/airflow/example_dags/example_external_task_marker_dag.py for tasks to queue
[2024-07-28T15:08:41.360+0000] {logging_mixin.py:188} INFO - [2024-07-28T15:08:41.359+0000] {dagbag.py:545} INFO - Filling up the DagBag from /home/airflow/.local/lib/python3.12/site-packages/airflow/example_dags/example_external_task_marker_dag.py
[2024-07-28T15:08:41.381+0000] {processor.py:840} INFO - DAG(s) 'example_external_task_marker_child', 'example_external_task_marker_parent' retrieved from /home/airflow/.local/lib/python3.12/site-packages/airflow/example_dags/example_external_task_marker_dag.py
[2024-07-28T15:08:41.479+0000] {logging_mixin.py:188} INFO - [2024-07-28T15:08:41.478+0000] {dag.py:3089} INFO - Sync 2 DAGs
[2024-07-28T15:08:41.533+0000] {logging_mixin.py:188} INFO - [2024-07-28T15:08:41.532+0000] {dag.py:3947} INFO - Setting next_dagrun for example_external_task_marker_child to None, run_after=None
[2024-07-28T15:08:41.550+0000] {logging_mixin.py:188} INFO - [2024-07-28T15:08:41.549+0000] {dag.py:3947} INFO - Setting next_dagrun for example_external_task_marker_parent to None, run_after=None
[2024-07-28T15:08:41.620+0000] {processor.py:183} INFO - Processing /home/airflow/.local/lib/python3.12/site-packages/airflow/example_dags/example_external_task_marker_dag.py took 0.289 seconds
[2024-07-28T15:09:11.939+0000] {processor.py:161} INFO - Started process (PID=969) to work on /home/airflow/.local/lib/python3.12/site-packages/airflow/example_dags/example_external_task_marker_dag.py
[2024-07-28T15:09:11.941+0000] {processor.py:830} INFO - Processing file /home/airflow/.local/lib/python3.12/site-packages/airflow/example_dags/example_external_task_marker_dag.py for tasks to queue
[2024-07-28T15:09:11.947+0000] {logging_mixin.py:188} INFO - [2024-07-28T15:09:11.946+0000] {dagbag.py:545} INFO - Filling up the DagBag from /home/airflow/.local/lib/python3.12/site-packages/airflow/example_dags/example_external_task_marker_dag.py
[2024-07-28T15:09:11.966+0000] {processor.py:840} INFO - DAG(s) 'example_external_task_marker_child', 'example_external_task_marker_parent' retrieved from /home/airflow/.local/lib/python3.12/site-packages/airflow/example_dags/example_external_task_marker_dag.py
[2024-07-28T15:09:12.047+0000] {logging_mixin.py:188} INFO - [2024-07-28T15:09:12.046+0000] {dag.py:3089} INFO - Sync 2 DAGs
[2024-07-28T15:09:12.097+0000] {logging_mixin.py:188} INFO - [2024-07-28T15:09:12.096+0000] {dag.py:3947} INFO - Setting next_dagrun for example_external_task_marker_child to None, run_after=None
[2024-07-28T15:09:12.112+0000] {logging_mixin.py:188} INFO - [2024-07-28T15:09:12.111+0000] {dag.py:3947} INFO - Setting next_dagrun for example_external_task_marker_parent to None, run_after=None
[2024-07-28T15:09:12.172+0000] {processor.py:183} INFO - Processing /home/airflow/.local/lib/python3.12/site-packages/airflow/example_dags/example_external_task_marker_dag.py took 0.253 seconds
[2024-07-28T15:09:42.647+0000] {processor.py:161} INFO - Started process (PID=1027) to work on /home/airflow/.local/lib/python3.12/site-packages/airflow/example_dags/example_external_task_marker_dag.py
[2024-07-28T15:09:42.648+0000] {processor.py:830} INFO - Processing file /home/airflow/.local/lib/python3.12/site-packages/airflow/example_dags/example_external_task_marker_dag.py for tasks to queue
[2024-07-28T15:09:42.649+0000] {logging_mixin.py:188} INFO - [2024-07-28T15:09:42.649+0000] {dagbag.py:545} INFO - Filling up the DagBag from /home/airflow/.local/lib/python3.12/site-packages/airflow/example_dags/example_external_task_marker_dag.py
[2024-07-28T15:09:42.657+0000] {processor.py:840} INFO - DAG(s) 'example_external_task_marker_parent', 'example_external_task_marker_child' retrieved from /home/airflow/.local/lib/python3.12/site-packages/airflow/example_dags/example_external_task_marker_dag.py
[2024-07-28T15:09:42.682+0000] {logging_mixin.py:188} INFO - [2024-07-28T15:09:42.682+0000] {dag.py:3089} INFO - Sync 2 DAGs
[2024-07-28T15:09:42.697+0000] {logging_mixin.py:188} INFO - [2024-07-28T15:09:42.697+0000] {dag.py:3947} INFO - Setting next_dagrun for example_external_task_marker_child to None, run_after=None
[2024-07-28T15:09:42.702+0000] {logging_mixin.py:188} INFO - [2024-07-28T15:09:42.701+0000] {dag.py:3947} INFO - Setting next_dagrun for example_external_task_marker_parent to None, run_after=None
[2024-07-28T15:09:42.720+0000] {processor.py:183} INFO - Processing /home/airflow/.local/lib/python3.12/site-packages/airflow/example_dags/example_external_task_marker_dag.py took 0.079 seconds
[2024-07-28T15:10:12.918+0000] {processor.py:161} INFO - Started process (PID=1085) to work on /home/airflow/.local/lib/python3.12/site-packages/airflow/example_dags/example_external_task_marker_dag.py
[2024-07-28T15:10:12.921+0000] {processor.py:830} INFO - Processing file /home/airflow/.local/lib/python3.12/site-packages/airflow/example_dags/example_external_task_marker_dag.py for tasks to queue
[2024-07-28T15:10:12.928+0000] {logging_mixin.py:188} INFO - [2024-07-28T15:10:12.927+0000] {dagbag.py:545} INFO - Filling up the DagBag from /home/airflow/.local/lib/python3.12/site-packages/airflow/example_dags/example_external_task_marker_dag.py
[2024-07-28T15:10:12.951+0000] {processor.py:840} INFO - DAG(s) 'example_external_task_marker_child', 'example_external_task_marker_parent' retrieved from /home/airflow/.local/lib/python3.12/site-packages/airflow/example_dags/example_external_task_marker_dag.py
[2024-07-28T15:10:13.033+0000] {logging_mixin.py:188} INFO - [2024-07-28T15:10:13.033+0000] {dag.py:3089} INFO - Sync 2 DAGs
[2024-07-28T15:10:13.085+0000] {logging_mixin.py:188} INFO - [2024-07-28T15:10:13.084+0000] {dag.py:3947} INFO - Setting next_dagrun for example_external_task_marker_child to None, run_after=None
[2024-07-28T15:10:13.099+0000] {logging_mixin.py:188} INFO - [2024-07-28T15:10:13.098+0000] {dag.py:3947} INFO - Setting next_dagrun for example_external_task_marker_parent to None, run_after=None
[2024-07-28T15:10:13.152+0000] {processor.py:183} INFO - Processing /home/airflow/.local/lib/python3.12/site-packages/airflow/example_dags/example_external_task_marker_dag.py took 0.255 seconds
[2024-07-28T15:10:43.572+0000] {processor.py:161} INFO - Started process (PID=1143) to work on /home/airflow/.local/lib/python3.12/site-packages/airflow/example_dags/example_external_task_marker_dag.py
[2024-07-28T15:10:43.574+0000] {processor.py:830} INFO - Processing file /home/airflow/.local/lib/python3.12/site-packages/airflow/example_dags/example_external_task_marker_dag.py for tasks to queue
[2024-07-28T15:10:43.580+0000] {logging_mixin.py:188} INFO - [2024-07-28T15:10:43.579+0000] {dagbag.py:545} INFO - Filling up the DagBag from /home/airflow/.local/lib/python3.12/site-packages/airflow/example_dags/example_external_task_marker_dag.py
[2024-07-28T15:10:43.600+0000] {processor.py:840} INFO - DAG(s) 'example_external_task_marker_parent', 'example_external_task_marker_child' retrieved from /home/airflow/.local/lib/python3.12/site-packages/airflow/example_dags/example_external_task_marker_dag.py
[2024-07-28T15:10:43.676+0000] {logging_mixin.py:188} INFO - [2024-07-28T15:10:43.675+0000] {dag.py:3089} INFO - Sync 2 DAGs
[2024-07-28T15:10:43.723+0000] {logging_mixin.py:188} INFO - [2024-07-28T15:10:43.722+0000] {dag.py:3947} INFO - Setting next_dagrun for example_external_task_marker_child to None, run_after=None
[2024-07-28T15:10:43.737+0000] {logging_mixin.py:188} INFO - [2024-07-28T15:10:43.737+0000] {dag.py:3947} INFO - Setting next_dagrun for example_external_task_marker_parent to None, run_after=None
[2024-07-28T15:10:43.792+0000] {processor.py:183} INFO - Processing /home/airflow/.local/lib/python3.12/site-packages/airflow/example_dags/example_external_task_marker_dag.py took 0.242 seconds
