[2024-07-28T15:01:25.996+0000] {processor.py:161} INFO - Started process (PID=86) to work on /home/airflow/.local/lib/python3.12/site-packages/airflow/example_dags/example_datasets.py
[2024-07-28T15:01:25.997+0000] {processor.py:830} INFO - Processing file /home/airflow/.local/lib/python3.12/site-packages/airflow/example_dags/example_datasets.py for tasks to queue
[2024-07-28T15:01:25.999+0000] {logging_mixin.py:188} INFO - [2024-07-28T15:01:25.999+0000] {dagbag.py:545} INFO - Filling up the DagBag from /home/airflow/.local/lib/python3.12/site-packages/airflow/example_dags/example_datasets.py
[2024-07-28T15:01:26.033+0000] {processor.py:840} INFO - DAG(s) 'dataset_consumes_unknown_never_scheduled', 'dataset_produces_2', 'dataset_consumes_1_never_scheduled', 'consume_1_or_both_2_and_3_with_dataset_expressions', 'dataset_consumes_1_and_2', 'consume_1_or_2_with_dataset_expressions', 'conditional_dataset_and_time_based_timetable', 'dataset_consumes_1', 'consume_1_and_2_with_dataset_expressions', 'dataset_produces_1' retrieved from /home/airflow/.local/lib/python3.12/site-packages/airflow/example_dags/example_datasets.py
[2024-07-28T15:01:26.157+0000] {logging_mixin.py:188} INFO - [2024-07-28T15:01:26.156+0000] {dag.py:3089} INFO - Sync 10 DAGs
[2024-07-28T15:01:26.210+0000] {logging_mixin.py:188} INFO - [2024-07-28T15:01:26.210+0000] {dag.py:3947} INFO - Setting next_dagrun for conditional_dataset_and_time_based_timetable to 2024-07-24 01:00:00+00:00, run_after=2024-07-24 01:00:00+00:00
[2024-07-28T15:01:26.219+0000] {logging_mixin.py:188} INFO - [2024-07-28T15:01:26.219+0000] {dag.py:3947} INFO - Setting next_dagrun for consume_1_and_2_with_dataset_expressions to None, run_after=None
[2024-07-28T15:01:26.222+0000] {logging_mixin.py:188} INFO - [2024-07-28T15:01:26.221+0000] {dag.py:3947} INFO - Setting next_dagrun for consume_1_or_2_with_dataset_expressions to None, run_after=None
[2024-07-28T15:01:26.226+0000] {logging_mixin.py:188} INFO - [2024-07-28T15:01:26.225+0000] {dag.py:3947} INFO - Setting next_dagrun for consume_1_or_both_2_and_3_with_dataset_expressions to None, run_after=None
[2024-07-28T15:01:26.229+0000] {logging_mixin.py:188} INFO - [2024-07-28T15:01:26.228+0000] {dag.py:3947} INFO - Setting next_dagrun for dataset_consumes_1 to None, run_after=None
[2024-07-28T15:01:26.232+0000] {logging_mixin.py:188} INFO - [2024-07-28T15:01:26.232+0000] {dag.py:3947} INFO - Setting next_dagrun for dataset_consumes_1_and_2 to None, run_after=None
[2024-07-28T15:01:26.235+0000] {logging_mixin.py:188} INFO - [2024-07-28T15:01:26.234+0000] {dag.py:3947} INFO - Setting next_dagrun for dataset_consumes_1_never_scheduled to None, run_after=None
[2024-07-28T15:01:26.237+0000] {logging_mixin.py:188} INFO - [2024-07-28T15:01:26.237+0000] {dag.py:3947} INFO - Setting next_dagrun for dataset_consumes_unknown_never_scheduled to None, run_after=None
[2024-07-28T15:01:26.243+0000] {logging_mixin.py:188} INFO - [2024-07-28T15:01:26.243+0000] {dag.py:3947} INFO - Setting next_dagrun for dataset_produces_1 to 2024-07-27 00:00:00+00:00, run_after=2024-07-28 00:00:00+00:00
[2024-07-28T15:01:26.246+0000] {logging_mixin.py:188} INFO - [2024-07-28T15:01:26.245+0000] {dag.py:3947} INFO - Setting next_dagrun for dataset_produces_2 to None, run_after=None
[2024-07-28T15:01:26.308+0000] {processor.py:183} INFO - Processing /home/airflow/.local/lib/python3.12/site-packages/airflow/example_dags/example_datasets.py took 0.322 seconds
[2024-07-28T15:01:56.628+0000] {processor.py:161} INFO - Started process (PID=144) to work on /home/airflow/.local/lib/python3.12/site-packages/airflow/example_dags/example_datasets.py
[2024-07-28T15:01:56.630+0000] {processor.py:830} INFO - Processing file /home/airflow/.local/lib/python3.12/site-packages/airflow/example_dags/example_datasets.py for tasks to queue
[2024-07-28T15:01:56.636+0000] {logging_mixin.py:188} INFO - [2024-07-28T15:01:56.635+0000] {dagbag.py:545} INFO - Filling up the DagBag from /home/airflow/.local/lib/python3.12/site-packages/airflow/example_dags/example_datasets.py
[2024-07-28T15:01:56.708+0000] {processor.py:840} INFO - DAG(s) 'dataset_consumes_1_never_scheduled', 'dataset_produces_1', 'dataset_consumes_1', 'consume_1_or_2_with_dataset_expressions', 'dataset_produces_2', 'conditional_dataset_and_time_based_timetable', 'consume_1_and_2_with_dataset_expressions', 'consume_1_or_both_2_and_3_with_dataset_expressions', 'dataset_consumes_1_and_2', 'dataset_consumes_unknown_never_scheduled' retrieved from /home/airflow/.local/lib/python3.12/site-packages/airflow/example_dags/example_datasets.py
[2024-07-28T15:01:56.894+0000] {logging_mixin.py:188} INFO - [2024-07-28T15:01:56.894+0000] {dag.py:3089} INFO - Sync 10 DAGs
[2024-07-28T15:01:56.936+0000] {logging_mixin.py:188} INFO - [2024-07-28T15:01:56.935+0000] {dag.py:3947} INFO - Setting next_dagrun for conditional_dataset_and_time_based_timetable to 2024-07-24 01:00:00+00:00, run_after=2024-07-24 01:00:00+00:00
[2024-07-28T15:01:56.945+0000] {logging_mixin.py:188} INFO - [2024-07-28T15:01:56.944+0000] {dag.py:3947} INFO - Setting next_dagrun for consume_1_and_2_with_dataset_expressions to None, run_after=None
[2024-07-28T15:01:56.946+0000] {logging_mixin.py:188} INFO - [2024-07-28T15:01:56.946+0000] {dag.py:3947} INFO - Setting next_dagrun for consume_1_or_2_with_dataset_expressions to None, run_after=None
[2024-07-28T15:01:56.948+0000] {logging_mixin.py:188} INFO - [2024-07-28T15:01:56.948+0000] {dag.py:3947} INFO - Setting next_dagrun for consume_1_or_both_2_and_3_with_dataset_expressions to None, run_after=None
[2024-07-28T15:01:56.950+0000] {logging_mixin.py:188} INFO - [2024-07-28T15:01:56.949+0000] {dag.py:3947} INFO - Setting next_dagrun for dataset_consumes_1 to None, run_after=None
[2024-07-28T15:01:56.951+0000] {logging_mixin.py:188} INFO - [2024-07-28T15:01:56.951+0000] {dag.py:3947} INFO - Setting next_dagrun for dataset_consumes_1_and_2 to None, run_after=None
[2024-07-28T15:01:56.953+0000] {logging_mixin.py:188} INFO - [2024-07-28T15:01:56.952+0000] {dag.py:3947} INFO - Setting next_dagrun for dataset_consumes_1_never_scheduled to None, run_after=None
[2024-07-28T15:01:56.955+0000] {logging_mixin.py:188} INFO - [2024-07-28T15:01:56.954+0000] {dag.py:3947} INFO - Setting next_dagrun for dataset_consumes_unknown_never_scheduled to None, run_after=None
[2024-07-28T15:01:56.961+0000] {logging_mixin.py:188} INFO - [2024-07-28T15:01:56.960+0000] {dag.py:3947} INFO - Setting next_dagrun for dataset_produces_1 to 2024-07-27 00:00:00+00:00, run_after=2024-07-28 00:00:00+00:00
[2024-07-28T15:01:56.962+0000] {logging_mixin.py:188} INFO - [2024-07-28T15:01:56.962+0000] {dag.py:3947} INFO - Setting next_dagrun for dataset_produces_2 to None, run_after=None
[2024-07-28T15:01:57.017+0000] {processor.py:183} INFO - Processing /home/airflow/.local/lib/python3.12/site-packages/airflow/example_dags/example_datasets.py took 0.417 seconds
[2024-07-28T15:02:27.140+0000] {processor.py:161} INFO - Started process (PID=202) to work on /home/airflow/.local/lib/python3.12/site-packages/airflow/example_dags/example_datasets.py
[2024-07-28T15:02:27.143+0000] {processor.py:830} INFO - Processing file /home/airflow/.local/lib/python3.12/site-packages/airflow/example_dags/example_datasets.py for tasks to queue
[2024-07-28T15:02:27.146+0000] {logging_mixin.py:188} INFO - [2024-07-28T15:02:27.145+0000] {dagbag.py:545} INFO - Filling up the DagBag from /home/airflow/.local/lib/python3.12/site-packages/airflow/example_dags/example_datasets.py
[2024-07-28T15:02:27.168+0000] {processor.py:840} INFO - DAG(s) 'dataset_produces_1', 'dataset_consumes_1', 'dataset_consumes_1_never_scheduled', 'dataset_produces_2', 'consume_1_and_2_with_dataset_expressions', 'consume_1_or_2_with_dataset_expressions', 'dataset_consumes_unknown_never_scheduled', 'consume_1_or_both_2_and_3_with_dataset_expressions', 'dataset_consumes_1_and_2', 'conditional_dataset_and_time_based_timetable' retrieved from /home/airflow/.local/lib/python3.12/site-packages/airflow/example_dags/example_datasets.py
[2024-07-28T15:02:27.278+0000] {logging_mixin.py:188} INFO - [2024-07-28T15:02:27.278+0000] {dag.py:3089} INFO - Sync 10 DAGs
[2024-07-28T15:02:27.332+0000] {logging_mixin.py:188} INFO - [2024-07-28T15:02:27.332+0000] {dag.py:3947} INFO - Setting next_dagrun for conditional_dataset_and_time_based_timetable to 2024-07-24 01:00:00+00:00, run_after=2024-07-24 01:00:00+00:00
[2024-07-28T15:02:27.338+0000] {logging_mixin.py:188} INFO - [2024-07-28T15:02:27.338+0000] {dag.py:3947} INFO - Setting next_dagrun for consume_1_and_2_with_dataset_expressions to None, run_after=None
[2024-07-28T15:02:27.343+0000] {logging_mixin.py:188} INFO - [2024-07-28T15:02:27.342+0000] {dag.py:3947} INFO - Setting next_dagrun for consume_1_or_2_with_dataset_expressions to None, run_after=None
[2024-07-28T15:02:27.346+0000] {logging_mixin.py:188} INFO - [2024-07-28T15:02:27.346+0000] {dag.py:3947} INFO - Setting next_dagrun for consume_1_or_both_2_and_3_with_dataset_expressions to None, run_after=None
[2024-07-28T15:02:27.348+0000] {logging_mixin.py:188} INFO - [2024-07-28T15:02:27.348+0000] {dag.py:3947} INFO - Setting next_dagrun for dataset_consumes_1 to None, run_after=None
[2024-07-28T15:02:27.349+0000] {logging_mixin.py:188} INFO - [2024-07-28T15:02:27.349+0000] {dag.py:3947} INFO - Setting next_dagrun for dataset_consumes_1_and_2 to None, run_after=None
[2024-07-28T15:02:27.351+0000] {logging_mixin.py:188} INFO - [2024-07-28T15:02:27.351+0000] {dag.py:3947} INFO - Setting next_dagrun for dataset_consumes_1_never_scheduled to None, run_after=None
[2024-07-28T15:02:27.352+0000] {logging_mixin.py:188} INFO - [2024-07-28T15:02:27.352+0000] {dag.py:3947} INFO - Setting next_dagrun for dataset_consumes_unknown_never_scheduled to None, run_after=None
[2024-07-28T15:02:27.359+0000] {logging_mixin.py:188} INFO - [2024-07-28T15:02:27.358+0000] {dag.py:3947} INFO - Setting next_dagrun for dataset_produces_1 to 2024-07-27 00:00:00+00:00, run_after=2024-07-28 00:00:00+00:00
[2024-07-28T15:02:27.362+0000] {logging_mixin.py:188} INFO - [2024-07-28T15:02:27.362+0000] {dag.py:3947} INFO - Setting next_dagrun for dataset_produces_2 to None, run_after=None
[2024-07-28T15:02:27.431+0000] {processor.py:183} INFO - Processing /home/airflow/.local/lib/python3.12/site-packages/airflow/example_dags/example_datasets.py took 0.300 seconds
[2024-07-28T15:02:58.958+0000] {processor.py:161} INFO - Started process (PID=261) to work on /home/airflow/.local/lib/python3.12/site-packages/airflow/example_dags/example_datasets.py
[2024-07-28T15:02:58.960+0000] {processor.py:830} INFO - Processing file /home/airflow/.local/lib/python3.12/site-packages/airflow/example_dags/example_datasets.py for tasks to queue
[2024-07-28T15:02:58.963+0000] {logging_mixin.py:188} INFO - [2024-07-28T15:02:58.963+0000] {dagbag.py:545} INFO - Filling up the DagBag from /home/airflow/.local/lib/python3.12/site-packages/airflow/example_dags/example_datasets.py
[2024-07-28T15:02:58.984+0000] {processor.py:840} INFO - DAG(s) 'consume_1_or_both_2_and_3_with_dataset_expressions', 'dataset_produces_2', 'consume_1_or_2_with_dataset_expressions', 'dataset_produces_1', 'dataset_consumes_1_and_2', 'conditional_dataset_and_time_based_timetable', 'consume_1_and_2_with_dataset_expressions', 'dataset_consumes_1_never_scheduled', 'dataset_consumes_unknown_never_scheduled', 'dataset_consumes_1' retrieved from /home/airflow/.local/lib/python3.12/site-packages/airflow/example_dags/example_datasets.py
[2024-07-28T15:02:59.056+0000] {logging_mixin.py:188} INFO - [2024-07-28T15:02:59.056+0000] {dag.py:3089} INFO - Sync 10 DAGs
[2024-07-28T15:02:59.097+0000] {logging_mixin.py:188} INFO - [2024-07-28T15:02:59.097+0000] {dag.py:3947} INFO - Setting next_dagrun for conditional_dataset_and_time_based_timetable to 2024-07-24 01:00:00+00:00, run_after=2024-07-24 01:00:00+00:00
[2024-07-28T15:02:59.103+0000] {logging_mixin.py:188} INFO - [2024-07-28T15:02:59.102+0000] {dag.py:3947} INFO - Setting next_dagrun for consume_1_and_2_with_dataset_expressions to None, run_after=None
[2024-07-28T15:02:59.104+0000] {logging_mixin.py:188} INFO - [2024-07-28T15:02:59.104+0000] {dag.py:3947} INFO - Setting next_dagrun for consume_1_or_2_with_dataset_expressions to None, run_after=None
[2024-07-28T15:02:59.106+0000] {logging_mixin.py:188} INFO - [2024-07-28T15:02:59.106+0000] {dag.py:3947} INFO - Setting next_dagrun for consume_1_or_both_2_and_3_with_dataset_expressions to None, run_after=None
[2024-07-28T15:02:59.109+0000] {logging_mixin.py:188} INFO - [2024-07-28T15:02:59.109+0000] {dag.py:3947} INFO - Setting next_dagrun for dataset_consumes_1 to None, run_after=None
[2024-07-28T15:02:59.112+0000] {logging_mixin.py:188} INFO - [2024-07-28T15:02:59.112+0000] {dag.py:3947} INFO - Setting next_dagrun for dataset_consumes_1_and_2 to None, run_after=None
[2024-07-28T15:02:59.113+0000] {logging_mixin.py:188} INFO - [2024-07-28T15:02:59.113+0000] {dag.py:3947} INFO - Setting next_dagrun for dataset_consumes_1_never_scheduled to None, run_after=None
[2024-07-28T15:02:59.115+0000] {logging_mixin.py:188} INFO - [2024-07-28T15:02:59.115+0000] {dag.py:3947} INFO - Setting next_dagrun for dataset_consumes_unknown_never_scheduled to None, run_after=None
[2024-07-28T15:02:59.118+0000] {logging_mixin.py:188} INFO - [2024-07-28T15:02:59.118+0000] {dag.py:3947} INFO - Setting next_dagrun for dataset_produces_1 to 2024-07-27 00:00:00+00:00, run_after=2024-07-28 00:00:00+00:00
[2024-07-28T15:02:59.120+0000] {logging_mixin.py:188} INFO - [2024-07-28T15:02:59.120+0000] {dag.py:3947} INFO - Setting next_dagrun for dataset_produces_2 to None, run_after=None
[2024-07-28T15:02:59.172+0000] {processor.py:183} INFO - Processing /home/airflow/.local/lib/python3.12/site-packages/airflow/example_dags/example_datasets.py took 0.222 seconds
[2024-07-28T15:03:29.669+0000] {processor.py:161} INFO - Started process (PID=320) to work on /home/airflow/.local/lib/python3.12/site-packages/airflow/example_dags/example_datasets.py
[2024-07-28T15:03:29.670+0000] {processor.py:830} INFO - Processing file /home/airflow/.local/lib/python3.12/site-packages/airflow/example_dags/example_datasets.py for tasks to queue
[2024-07-28T15:03:29.672+0000] {logging_mixin.py:188} INFO - [2024-07-28T15:03:29.672+0000] {dagbag.py:545} INFO - Filling up the DagBag from /home/airflow/.local/lib/python3.12/site-packages/airflow/example_dags/example_datasets.py
[2024-07-28T15:03:29.695+0000] {processor.py:840} INFO - DAG(s) 'consume_1_or_both_2_and_3_with_dataset_expressions', 'dataset_consumes_unknown_never_scheduled', 'consume_1_and_2_with_dataset_expressions', 'conditional_dataset_and_time_based_timetable', 'dataset_produces_1', 'dataset_consumes_1_never_scheduled', 'consume_1_or_2_with_dataset_expressions', 'dataset_consumes_1_and_2', 'dataset_consumes_1', 'dataset_produces_2' retrieved from /home/airflow/.local/lib/python3.12/site-packages/airflow/example_dags/example_datasets.py
[2024-07-28T15:03:29.784+0000] {logging_mixin.py:188} INFO - [2024-07-28T15:03:29.784+0000] {dag.py:3089} INFO - Sync 10 DAGs
[2024-07-28T15:03:29.839+0000] {logging_mixin.py:188} INFO - [2024-07-28T15:03:29.838+0000] {dag.py:3947} INFO - Setting next_dagrun for conditional_dataset_and_time_based_timetable to 2024-07-24 01:00:00+00:00, run_after=2024-07-24 01:00:00+00:00
[2024-07-28T15:03:29.854+0000] {logging_mixin.py:188} INFO - [2024-07-28T15:03:29.853+0000] {dag.py:3947} INFO - Setting next_dagrun for consume_1_and_2_with_dataset_expressions to None, run_after=None
[2024-07-28T15:03:29.858+0000] {logging_mixin.py:188} INFO - [2024-07-28T15:03:29.858+0000] {dag.py:3947} INFO - Setting next_dagrun for consume_1_or_2_with_dataset_expressions to None, run_after=None
[2024-07-28T15:03:29.864+0000] {logging_mixin.py:188} INFO - [2024-07-28T15:03:29.864+0000] {dag.py:3947} INFO - Setting next_dagrun for consume_1_or_both_2_and_3_with_dataset_expressions to None, run_after=None
[2024-07-28T15:03:29.868+0000] {logging_mixin.py:188} INFO - [2024-07-28T15:03:29.868+0000] {dag.py:3947} INFO - Setting next_dagrun for dataset_consumes_1 to None, run_after=None
[2024-07-28T15:03:29.872+0000] {logging_mixin.py:188} INFO - [2024-07-28T15:03:29.872+0000] {dag.py:3947} INFO - Setting next_dagrun for dataset_consumes_1_and_2 to None, run_after=None
[2024-07-28T15:03:29.877+0000] {logging_mixin.py:188} INFO - [2024-07-28T15:03:29.876+0000] {dag.py:3947} INFO - Setting next_dagrun for dataset_consumes_1_never_scheduled to None, run_after=None
[2024-07-28T15:03:29.883+0000] {logging_mixin.py:188} INFO - [2024-07-28T15:03:29.882+0000] {dag.py:3947} INFO - Setting next_dagrun for dataset_consumes_unknown_never_scheduled to None, run_after=None
[2024-07-28T15:03:29.891+0000] {logging_mixin.py:188} INFO - [2024-07-28T15:03:29.891+0000] {dag.py:3947} INFO - Setting next_dagrun for dataset_produces_1 to 2024-07-27 00:00:00+00:00, run_after=2024-07-28 00:00:00+00:00
[2024-07-28T15:03:29.897+0000] {logging_mixin.py:188} INFO - [2024-07-28T15:03:29.896+0000] {dag.py:3947} INFO - Setting next_dagrun for dataset_produces_2 to None, run_after=None
[2024-07-28T15:03:30.015+0000] {processor.py:183} INFO - Processing /home/airflow/.local/lib/python3.12/site-packages/airflow/example_dags/example_datasets.py took 0.358 seconds
[2024-07-28T15:04:00.637+0000] {processor.py:161} INFO - Started process (PID=376) to work on /home/airflow/.local/lib/python3.12/site-packages/airflow/example_dags/example_datasets.py
[2024-07-28T15:04:00.638+0000] {processor.py:830} INFO - Processing file /home/airflow/.local/lib/python3.12/site-packages/airflow/example_dags/example_datasets.py for tasks to queue
[2024-07-28T15:04:00.641+0000] {logging_mixin.py:188} INFO - [2024-07-28T15:04:00.640+0000] {dagbag.py:545} INFO - Filling up the DagBag from /home/airflow/.local/lib/python3.12/site-packages/airflow/example_dags/example_datasets.py
[2024-07-28T15:04:00.668+0000] {processor.py:840} INFO - DAG(s) 'conditional_dataset_and_time_based_timetable', 'dataset_consumes_1_never_scheduled', 'dataset_consumes_unknown_never_scheduled', 'dataset_consumes_1', 'dataset_produces_1', 'dataset_produces_2', 'consume_1_or_both_2_and_3_with_dataset_expressions', 'consume_1_or_2_with_dataset_expressions', 'consume_1_and_2_with_dataset_expressions', 'dataset_consumes_1_and_2' retrieved from /home/airflow/.local/lib/python3.12/site-packages/airflow/example_dags/example_datasets.py
[2024-07-28T15:04:00.820+0000] {logging_mixin.py:188} INFO - [2024-07-28T15:04:00.820+0000] {dag.py:3089} INFO - Sync 10 DAGs
[2024-07-28T15:04:00.909+0000] {logging_mixin.py:188} INFO - [2024-07-28T15:04:00.908+0000] {dag.py:3947} INFO - Setting next_dagrun for conditional_dataset_and_time_based_timetable to 2024-07-24 01:00:00+00:00, run_after=2024-07-24 01:00:00+00:00
[2024-07-28T15:04:00.927+0000] {logging_mixin.py:188} INFO - [2024-07-28T15:04:00.926+0000] {dag.py:3947} INFO - Setting next_dagrun for consume_1_and_2_with_dataset_expressions to None, run_after=None
[2024-07-28T15:04:00.935+0000] {logging_mixin.py:188} INFO - [2024-07-28T15:04:00.934+0000] {dag.py:3947} INFO - Setting next_dagrun for consume_1_or_2_with_dataset_expressions to None, run_after=None
[2024-07-28T15:04:00.941+0000] {logging_mixin.py:188} INFO - [2024-07-28T15:04:00.940+0000] {dag.py:3947} INFO - Setting next_dagrun for consume_1_or_both_2_and_3_with_dataset_expressions to None, run_after=None
[2024-07-28T15:04:00.948+0000] {logging_mixin.py:188} INFO - [2024-07-28T15:04:00.947+0000] {dag.py:3947} INFO - Setting next_dagrun for dataset_consumes_1 to None, run_after=None
[2024-07-28T15:04:00.954+0000] {logging_mixin.py:188} INFO - [2024-07-28T15:04:00.953+0000] {dag.py:3947} INFO - Setting next_dagrun for dataset_consumes_1_and_2 to None, run_after=None
[2024-07-28T15:04:00.960+0000] {logging_mixin.py:188} INFO - [2024-07-28T15:04:00.959+0000] {dag.py:3947} INFO - Setting next_dagrun for dataset_consumes_1_never_scheduled to None, run_after=None
[2024-07-28T15:04:00.966+0000] {logging_mixin.py:188} INFO - [2024-07-28T15:04:00.966+0000] {dag.py:3947} INFO - Setting next_dagrun for dataset_consumes_unknown_never_scheduled to None, run_after=None
[2024-07-28T15:04:00.979+0000] {logging_mixin.py:188} INFO - [2024-07-28T15:04:00.977+0000] {dag.py:3947} INFO - Setting next_dagrun for dataset_produces_1 to 2024-07-27 00:00:00+00:00, run_after=2024-07-28 00:00:00+00:00
[2024-07-28T15:04:00.985+0000] {logging_mixin.py:188} INFO - [2024-07-28T15:04:00.984+0000] {dag.py:3947} INFO - Setting next_dagrun for dataset_produces_2 to None, run_after=None
[2024-07-28T15:04:01.119+0000] {processor.py:183} INFO - Processing /home/airflow/.local/lib/python3.12/site-packages/airflow/example_dags/example_datasets.py took 0.489 seconds
[2024-07-28T15:04:31.581+0000] {processor.py:161} INFO - Started process (PID=434) to work on /home/airflow/.local/lib/python3.12/site-packages/airflow/example_dags/example_datasets.py
[2024-07-28T15:04:31.584+0000] {processor.py:830} INFO - Processing file /home/airflow/.local/lib/python3.12/site-packages/airflow/example_dags/example_datasets.py for tasks to queue
[2024-07-28T15:04:31.590+0000] {logging_mixin.py:188} INFO - [2024-07-28T15:04:31.589+0000] {dagbag.py:545} INFO - Filling up the DagBag from /home/airflow/.local/lib/python3.12/site-packages/airflow/example_dags/example_datasets.py
[2024-07-28T15:04:31.650+0000] {processor.py:840} INFO - DAG(s) 'consume_1_and_2_with_dataset_expressions', 'dataset_consumes_1_and_2', 'conditional_dataset_and_time_based_timetable', 'dataset_produces_2', 'consume_1_or_2_with_dataset_expressions', 'consume_1_or_both_2_and_3_with_dataset_expressions', 'dataset_produces_1', 'dataset_consumes_1_never_scheduled', 'dataset_consumes_unknown_never_scheduled', 'dataset_consumes_1' retrieved from /home/airflow/.local/lib/python3.12/site-packages/airflow/example_dags/example_datasets.py
[2024-07-28T15:04:31.867+0000] {logging_mixin.py:188} INFO - [2024-07-28T15:04:31.866+0000] {dag.py:3089} INFO - Sync 10 DAGs
[2024-07-28T15:04:31.982+0000] {logging_mixin.py:188} INFO - [2024-07-28T15:04:31.980+0000] {dag.py:3947} INFO - Setting next_dagrun for conditional_dataset_and_time_based_timetable to 2024-07-24 01:00:00+00:00, run_after=2024-07-24 01:00:00+00:00
[2024-07-28T15:04:31.999+0000] {logging_mixin.py:188} INFO - [2024-07-28T15:04:31.997+0000] {dag.py:3947} INFO - Setting next_dagrun for consume_1_and_2_with_dataset_expressions to None, run_after=None
[2024-07-28T15:04:32.004+0000] {logging_mixin.py:188} INFO - [2024-07-28T15:04:32.003+0000] {dag.py:3947} INFO - Setting next_dagrun for consume_1_or_2_with_dataset_expressions to None, run_after=None
[2024-07-28T15:04:32.008+0000] {logging_mixin.py:188} INFO - [2024-07-28T15:04:32.007+0000] {dag.py:3947} INFO - Setting next_dagrun for consume_1_or_both_2_and_3_with_dataset_expressions to None, run_after=None
[2024-07-28T15:04:32.014+0000] {logging_mixin.py:188} INFO - [2024-07-28T15:04:32.013+0000] {dag.py:3947} INFO - Setting next_dagrun for dataset_consumes_1 to None, run_after=None
[2024-07-28T15:04:32.019+0000] {logging_mixin.py:188} INFO - [2024-07-28T15:04:32.018+0000] {dag.py:3947} INFO - Setting next_dagrun for dataset_consumes_1_and_2 to None, run_after=None
[2024-07-28T15:04:32.023+0000] {logging_mixin.py:188} INFO - [2024-07-28T15:04:32.022+0000] {dag.py:3947} INFO - Setting next_dagrun for dataset_consumes_1_never_scheduled to None, run_after=None
[2024-07-28T15:04:32.028+0000] {logging_mixin.py:188} INFO - [2024-07-28T15:04:32.027+0000] {dag.py:3947} INFO - Setting next_dagrun for dataset_consumes_unknown_never_scheduled to None, run_after=None
[2024-07-28T15:04:32.040+0000] {logging_mixin.py:188} INFO - [2024-07-28T15:04:32.039+0000] {dag.py:3947} INFO - Setting next_dagrun for dataset_produces_1 to 2024-07-27 00:00:00+00:00, run_after=2024-07-28 00:00:00+00:00
[2024-07-28T15:04:32.044+0000] {logging_mixin.py:188} INFO - [2024-07-28T15:04:32.044+0000] {dag.py:3947} INFO - Setting next_dagrun for dataset_produces_2 to None, run_after=None
[2024-07-28T15:04:32.180+0000] {processor.py:183} INFO - Processing /home/airflow/.local/lib/python3.12/site-packages/airflow/example_dags/example_datasets.py took 0.623 seconds
[2024-07-28T15:05:02.422+0000] {processor.py:161} INFO - Started process (PID=492) to work on /home/airflow/.local/lib/python3.12/site-packages/airflow/example_dags/example_datasets.py
[2024-07-28T15:05:02.425+0000] {processor.py:830} INFO - Processing file /home/airflow/.local/lib/python3.12/site-packages/airflow/example_dags/example_datasets.py for tasks to queue
[2024-07-28T15:05:02.431+0000] {logging_mixin.py:188} INFO - [2024-07-28T15:05:02.430+0000] {dagbag.py:545} INFO - Filling up the DagBag from /home/airflow/.local/lib/python3.12/site-packages/airflow/example_dags/example_datasets.py
[2024-07-28T15:05:02.488+0000] {processor.py:840} INFO - DAG(s) 'dataset_consumes_1_never_scheduled', 'dataset_consumes_unknown_never_scheduled', 'dataset_produces_1', 'consume_1_and_2_with_dataset_expressions', 'consume_1_or_2_with_dataset_expressions', 'conditional_dataset_and_time_based_timetable', 'dataset_consumes_1_and_2', 'dataset_consumes_1', 'consume_1_or_both_2_and_3_with_dataset_expressions', 'dataset_produces_2' retrieved from /home/airflow/.local/lib/python3.12/site-packages/airflow/example_dags/example_datasets.py
[2024-07-28T15:05:02.680+0000] {logging_mixin.py:188} INFO - [2024-07-28T15:05:02.679+0000] {dag.py:3089} INFO - Sync 10 DAGs
[2024-07-28T15:05:02.784+0000] {logging_mixin.py:188} INFO - [2024-07-28T15:05:02.784+0000] {dag.py:3947} INFO - Setting next_dagrun for conditional_dataset_and_time_based_timetable to 2024-07-24 01:00:00+00:00, run_after=2024-07-24 01:00:00+00:00
[2024-07-28T15:05:02.800+0000] {logging_mixin.py:188} INFO - [2024-07-28T15:05:02.800+0000] {dag.py:3947} INFO - Setting next_dagrun for consume_1_and_2_with_dataset_expressions to None, run_after=None
[2024-07-28T15:05:02.806+0000] {logging_mixin.py:188} INFO - [2024-07-28T15:05:02.805+0000] {dag.py:3947} INFO - Setting next_dagrun for consume_1_or_2_with_dataset_expressions to None, run_after=None
[2024-07-28T15:05:02.812+0000] {logging_mixin.py:188} INFO - [2024-07-28T15:05:02.810+0000] {dag.py:3947} INFO - Setting next_dagrun for consume_1_or_both_2_and_3_with_dataset_expressions to None, run_after=None
[2024-07-28T15:05:02.817+0000] {logging_mixin.py:188} INFO - [2024-07-28T15:05:02.816+0000] {dag.py:3947} INFO - Setting next_dagrun for dataset_consumes_1 to None, run_after=None
[2024-07-28T15:05:02.820+0000] {logging_mixin.py:188} INFO - [2024-07-28T15:05:02.819+0000] {dag.py:3947} INFO - Setting next_dagrun for dataset_consumes_1_and_2 to None, run_after=None
[2024-07-28T15:05:02.823+0000] {logging_mixin.py:188} INFO - [2024-07-28T15:05:02.823+0000] {dag.py:3947} INFO - Setting next_dagrun for dataset_consumes_1_never_scheduled to None, run_after=None
[2024-07-28T15:05:02.826+0000] {logging_mixin.py:188} INFO - [2024-07-28T15:05:02.826+0000] {dag.py:3947} INFO - Setting next_dagrun for dataset_consumes_unknown_never_scheduled to None, run_after=None
[2024-07-28T15:05:02.835+0000] {logging_mixin.py:188} INFO - [2024-07-28T15:05:02.834+0000] {dag.py:3947} INFO - Setting next_dagrun for dataset_produces_1 to 2024-07-27 00:00:00+00:00, run_after=2024-07-28 00:00:00+00:00
[2024-07-28T15:05:02.838+0000] {logging_mixin.py:188} INFO - [2024-07-28T15:05:02.837+0000] {dag.py:3947} INFO - Setting next_dagrun for dataset_produces_2 to None, run_after=None
[2024-07-28T15:05:02.931+0000] {processor.py:183} INFO - Processing /home/airflow/.local/lib/python3.12/site-packages/airflow/example_dags/example_datasets.py took 0.531 seconds
[2024-07-28T15:05:33.547+0000] {processor.py:161} INFO - Started process (PID=550) to work on /home/airflow/.local/lib/python3.12/site-packages/airflow/example_dags/example_datasets.py
[2024-07-28T15:05:33.551+0000] {processor.py:830} INFO - Processing file /home/airflow/.local/lib/python3.12/site-packages/airflow/example_dags/example_datasets.py for tasks to queue
[2024-07-28T15:05:33.556+0000] {logging_mixin.py:188} INFO - [2024-07-28T15:05:33.555+0000] {dagbag.py:545} INFO - Filling up the DagBag from /home/airflow/.local/lib/python3.12/site-packages/airflow/example_dags/example_datasets.py
[2024-07-28T15:05:33.613+0000] {processor.py:840} INFO - DAG(s) 'dataset_produces_1', 'consume_1_or_2_with_dataset_expressions', 'dataset_produces_2', 'conditional_dataset_and_time_based_timetable', 'dataset_consumes_unknown_never_scheduled', 'consume_1_or_both_2_and_3_with_dataset_expressions', 'consume_1_and_2_with_dataset_expressions', 'dataset_consumes_1', 'dataset_consumes_1_never_scheduled', 'dataset_consumes_1_and_2' retrieved from /home/airflow/.local/lib/python3.12/site-packages/airflow/example_dags/example_datasets.py
[2024-07-28T15:05:33.830+0000] {logging_mixin.py:188} INFO - [2024-07-28T15:05:33.828+0000] {dag.py:3089} INFO - Sync 10 DAGs
[2024-07-28T15:05:33.937+0000] {logging_mixin.py:188} INFO - [2024-07-28T15:05:33.936+0000] {dag.py:3947} INFO - Setting next_dagrun for conditional_dataset_and_time_based_timetable to 2024-07-24 01:00:00+00:00, run_after=2024-07-24 01:00:00+00:00
[2024-07-28T15:05:33.954+0000] {logging_mixin.py:188} INFO - [2024-07-28T15:05:33.953+0000] {dag.py:3947} INFO - Setting next_dagrun for consume_1_and_2_with_dataset_expressions to None, run_after=None
[2024-07-28T15:05:33.958+0000] {logging_mixin.py:188} INFO - [2024-07-28T15:05:33.958+0000] {dag.py:3947} INFO - Setting next_dagrun for consume_1_or_2_with_dataset_expressions to None, run_after=None
[2024-07-28T15:05:33.965+0000] {logging_mixin.py:188} INFO - [2024-07-28T15:05:33.964+0000] {dag.py:3947} INFO - Setting next_dagrun for consume_1_or_both_2_and_3_with_dataset_expressions to None, run_after=None
[2024-07-28T15:05:33.970+0000] {logging_mixin.py:188} INFO - [2024-07-28T15:05:33.969+0000] {dag.py:3947} INFO - Setting next_dagrun for dataset_consumes_1 to None, run_after=None
[2024-07-28T15:05:33.974+0000] {logging_mixin.py:188} INFO - [2024-07-28T15:05:33.973+0000] {dag.py:3947} INFO - Setting next_dagrun for dataset_consumes_1_and_2 to None, run_after=None
[2024-07-28T15:05:33.979+0000] {logging_mixin.py:188} INFO - [2024-07-28T15:05:33.978+0000] {dag.py:3947} INFO - Setting next_dagrun for dataset_consumes_1_never_scheduled to None, run_after=None
[2024-07-28T15:05:33.985+0000] {logging_mixin.py:188} INFO - [2024-07-28T15:05:33.985+0000] {dag.py:3947} INFO - Setting next_dagrun for dataset_consumes_unknown_never_scheduled to None, run_after=None
[2024-07-28T15:05:33.997+0000] {logging_mixin.py:188} INFO - [2024-07-28T15:05:33.995+0000] {dag.py:3947} INFO - Setting next_dagrun for dataset_produces_1 to 2024-07-27 00:00:00+00:00, run_after=2024-07-28 00:00:00+00:00
[2024-07-28T15:05:34.002+0000] {logging_mixin.py:188} INFO - [2024-07-28T15:05:34.001+0000] {dag.py:3947} INFO - Setting next_dagrun for dataset_produces_2 to None, run_after=None
[2024-07-28T15:05:34.140+0000] {processor.py:183} INFO - Processing /home/airflow/.local/lib/python3.12/site-packages/airflow/example_dags/example_datasets.py took 0.615 seconds
[2024-07-28T15:06:04.305+0000] {processor.py:161} INFO - Started process (PID=609) to work on /home/airflow/.local/lib/python3.12/site-packages/airflow/example_dags/example_datasets.py
[2024-07-28T15:06:04.306+0000] {processor.py:830} INFO - Processing file /home/airflow/.local/lib/python3.12/site-packages/airflow/example_dags/example_datasets.py for tasks to queue
[2024-07-28T15:06:04.308+0000] {logging_mixin.py:188} INFO - [2024-07-28T15:06:04.308+0000] {dagbag.py:545} INFO - Filling up the DagBag from /home/airflow/.local/lib/python3.12/site-packages/airflow/example_dags/example_datasets.py
[2024-07-28T15:06:04.334+0000] {processor.py:840} INFO - DAG(s) 'dataset_produces_1', 'consume_1_or_2_with_dataset_expressions', 'dataset_produces_2', 'consume_1_or_both_2_and_3_with_dataset_expressions', 'conditional_dataset_and_time_based_timetable', 'dataset_consumes_1_never_scheduled', 'dataset_consumes_unknown_never_scheduled', 'dataset_consumes_1_and_2', 'dataset_consumes_1', 'consume_1_and_2_with_dataset_expressions' retrieved from /home/airflow/.local/lib/python3.12/site-packages/airflow/example_dags/example_datasets.py
[2024-07-28T15:06:04.441+0000] {logging_mixin.py:188} INFO - [2024-07-28T15:06:04.441+0000] {dag.py:3089} INFO - Sync 10 DAGs
[2024-07-28T15:06:04.499+0000] {logging_mixin.py:188} INFO - [2024-07-28T15:06:04.499+0000] {dag.py:3947} INFO - Setting next_dagrun for conditional_dataset_and_time_based_timetable to 2024-07-24 01:00:00+00:00, run_after=2024-07-24 01:00:00+00:00
[2024-07-28T15:06:04.506+0000] {logging_mixin.py:188} INFO - [2024-07-28T15:06:04.506+0000] {dag.py:3947} INFO - Setting next_dagrun for consume_1_and_2_with_dataset_expressions to None, run_after=None
[2024-07-28T15:06:04.508+0000] {logging_mixin.py:188} INFO - [2024-07-28T15:06:04.508+0000] {dag.py:3947} INFO - Setting next_dagrun for consume_1_or_2_with_dataset_expressions to None, run_after=None
[2024-07-28T15:06:04.512+0000] {logging_mixin.py:188} INFO - [2024-07-28T15:06:04.512+0000] {dag.py:3947} INFO - Setting next_dagrun for consume_1_or_both_2_and_3_with_dataset_expressions to None, run_after=None
[2024-07-28T15:06:04.515+0000] {logging_mixin.py:188} INFO - [2024-07-28T15:06:04.515+0000] {dag.py:3947} INFO - Setting next_dagrun for dataset_consumes_1 to None, run_after=None
[2024-07-28T15:06:04.518+0000] {logging_mixin.py:188} INFO - [2024-07-28T15:06:04.517+0000] {dag.py:3947} INFO - Setting next_dagrun for dataset_consumes_1_and_2 to None, run_after=None
[2024-07-28T15:06:04.519+0000] {logging_mixin.py:188} INFO - [2024-07-28T15:06:04.519+0000] {dag.py:3947} INFO - Setting next_dagrun for dataset_consumes_1_never_scheduled to None, run_after=None
[2024-07-28T15:06:04.521+0000] {logging_mixin.py:188} INFO - [2024-07-28T15:06:04.521+0000] {dag.py:3947} INFO - Setting next_dagrun for dataset_consumes_unknown_never_scheduled to None, run_after=None
[2024-07-28T15:06:04.527+0000] {logging_mixin.py:188} INFO - [2024-07-28T15:06:04.526+0000] {dag.py:3947} INFO - Setting next_dagrun for dataset_produces_1 to 2024-07-27 00:00:00+00:00, run_after=2024-07-28 00:00:00+00:00
[2024-07-28T15:06:04.531+0000] {logging_mixin.py:188} INFO - [2024-07-28T15:06:04.531+0000] {dag.py:3947} INFO - Setting next_dagrun for dataset_produces_2 to None, run_after=None
[2024-07-28T15:06:04.597+0000] {processor.py:183} INFO - Processing /home/airflow/.local/lib/python3.12/site-packages/airflow/example_dags/example_datasets.py took 0.301 seconds
[2024-07-28T15:06:34.944+0000] {processor.py:161} INFO - Started process (PID=668) to work on /home/airflow/.local/lib/python3.12/site-packages/airflow/example_dags/example_datasets.py
[2024-07-28T15:06:34.945+0000] {processor.py:830} INFO - Processing file /home/airflow/.local/lib/python3.12/site-packages/airflow/example_dags/example_datasets.py for tasks to queue
[2024-07-28T15:06:34.950+0000] {logging_mixin.py:188} INFO - [2024-07-28T15:06:34.949+0000] {dagbag.py:545} INFO - Filling up the DagBag from /home/airflow/.local/lib/python3.12/site-packages/airflow/example_dags/example_datasets.py
[2024-07-28T15:06:34.987+0000] {processor.py:840} INFO - DAG(s) 'consume_1_or_both_2_and_3_with_dataset_expressions', 'consume_1_and_2_with_dataset_expressions', 'conditional_dataset_and_time_based_timetable', 'dataset_consumes_1_and_2', 'dataset_consumes_1', 'dataset_consumes_unknown_never_scheduled', 'consume_1_or_2_with_dataset_expressions', 'dataset_produces_1', 'dataset_consumes_1_never_scheduled', 'dataset_produces_2' retrieved from /home/airflow/.local/lib/python3.12/site-packages/airflow/example_dags/example_datasets.py
[2024-07-28T15:06:35.119+0000] {logging_mixin.py:188} INFO - [2024-07-28T15:06:35.118+0000] {dag.py:3089} INFO - Sync 10 DAGs
[2024-07-28T15:06:35.222+0000] {logging_mixin.py:188} INFO - [2024-07-28T15:06:35.220+0000] {dag.py:3947} INFO - Setting next_dagrun for conditional_dataset_and_time_based_timetable to 2024-07-24 01:00:00+00:00, run_after=2024-07-24 01:00:00+00:00
[2024-07-28T15:06:35.238+0000] {logging_mixin.py:188} INFO - [2024-07-28T15:06:35.237+0000] {dag.py:3947} INFO - Setting next_dagrun for consume_1_and_2_with_dataset_expressions to None, run_after=None
[2024-07-28T15:06:35.243+0000] {logging_mixin.py:188} INFO - [2024-07-28T15:06:35.242+0000] {dag.py:3947} INFO - Setting next_dagrun for consume_1_or_2_with_dataset_expressions to None, run_after=None
[2024-07-28T15:06:35.248+0000] {logging_mixin.py:188} INFO - [2024-07-28T15:06:35.246+0000] {dag.py:3947} INFO - Setting next_dagrun for consume_1_or_both_2_and_3_with_dataset_expressions to None, run_after=None
[2024-07-28T15:06:35.252+0000] {logging_mixin.py:188} INFO - [2024-07-28T15:06:35.252+0000] {dag.py:3947} INFO - Setting next_dagrun for dataset_consumes_1 to None, run_after=None
[2024-07-28T15:06:35.256+0000] {logging_mixin.py:188} INFO - [2024-07-28T15:06:35.256+0000] {dag.py:3947} INFO - Setting next_dagrun for dataset_consumes_1_and_2 to None, run_after=None
[2024-07-28T15:06:35.260+0000] {logging_mixin.py:188} INFO - [2024-07-28T15:06:35.259+0000] {dag.py:3947} INFO - Setting next_dagrun for dataset_consumes_1_never_scheduled to None, run_after=None
[2024-07-28T15:06:35.262+0000] {logging_mixin.py:188} INFO - [2024-07-28T15:06:35.262+0000] {dag.py:3947} INFO - Setting next_dagrun for dataset_consumes_unknown_never_scheduled to None, run_after=None
[2024-07-28T15:06:35.269+0000] {logging_mixin.py:188} INFO - [2024-07-28T15:06:35.268+0000] {dag.py:3947} INFO - Setting next_dagrun for dataset_produces_1 to 2024-07-27 00:00:00+00:00, run_after=2024-07-28 00:00:00+00:00
[2024-07-28T15:06:35.272+0000] {logging_mixin.py:188} INFO - [2024-07-28T15:06:35.272+0000] {dag.py:3947} INFO - Setting next_dagrun for dataset_produces_2 to None, run_after=None
[2024-07-28T15:06:35.360+0000] {processor.py:183} INFO - Processing /home/airflow/.local/lib/python3.12/site-packages/airflow/example_dags/example_datasets.py took 0.432 seconds
[2024-07-28T15:07:06.286+0000] {processor.py:161} INFO - Started process (PID=726) to work on /home/airflow/.local/lib/python3.12/site-packages/airflow/example_dags/example_datasets.py
[2024-07-28T15:07:06.287+0000] {processor.py:830} INFO - Processing file /home/airflow/.local/lib/python3.12/site-packages/airflow/example_dags/example_datasets.py for tasks to queue
[2024-07-28T15:07:06.290+0000] {logging_mixin.py:188} INFO - [2024-07-28T15:07:06.289+0000] {dagbag.py:545} INFO - Filling up the DagBag from /home/airflow/.local/lib/python3.12/site-packages/airflow/example_dags/example_datasets.py
[2024-07-28T15:07:06.309+0000] {processor.py:840} INFO - DAG(s) 'dataset_consumes_1', 'consume_1_or_both_2_and_3_with_dataset_expressions', 'dataset_produces_1', 'dataset_consumes_1_and_2', 'conditional_dataset_and_time_based_timetable', 'dataset_consumes_1_never_scheduled', 'dataset_produces_2', 'dataset_consumes_unknown_never_scheduled', 'consume_1_or_2_with_dataset_expressions', 'consume_1_and_2_with_dataset_expressions' retrieved from /home/airflow/.local/lib/python3.12/site-packages/airflow/example_dags/example_datasets.py
[2024-07-28T15:07:06.366+0000] {logging_mixin.py:188} INFO - [2024-07-28T15:07:06.366+0000] {dag.py:3089} INFO - Sync 10 DAGs
[2024-07-28T15:07:06.395+0000] {logging_mixin.py:188} INFO - [2024-07-28T15:07:06.395+0000] {dag.py:3947} INFO - Setting next_dagrun for conditional_dataset_and_time_based_timetable to 2024-07-24 01:00:00+00:00, run_after=2024-07-24 01:00:00+00:00
[2024-07-28T15:07:06.400+0000] {logging_mixin.py:188} INFO - [2024-07-28T15:07:06.400+0000] {dag.py:3947} INFO - Setting next_dagrun for consume_1_and_2_with_dataset_expressions to None, run_after=None
[2024-07-28T15:07:06.401+0000] {logging_mixin.py:188} INFO - [2024-07-28T15:07:06.401+0000] {dag.py:3947} INFO - Setting next_dagrun for consume_1_or_2_with_dataset_expressions to None, run_after=None
[2024-07-28T15:07:06.402+0000] {logging_mixin.py:188} INFO - [2024-07-28T15:07:06.402+0000] {dag.py:3947} INFO - Setting next_dagrun for consume_1_or_both_2_and_3_with_dataset_expressions to None, run_after=None
[2024-07-28T15:07:06.403+0000] {logging_mixin.py:188} INFO - [2024-07-28T15:07:06.403+0000] {dag.py:3947} INFO - Setting next_dagrun for dataset_consumes_1 to None, run_after=None
[2024-07-28T15:07:06.405+0000] {logging_mixin.py:188} INFO - [2024-07-28T15:07:06.404+0000] {dag.py:3947} INFO - Setting next_dagrun for dataset_consumes_1_and_2 to None, run_after=None
[2024-07-28T15:07:06.406+0000] {logging_mixin.py:188} INFO - [2024-07-28T15:07:06.406+0000] {dag.py:3947} INFO - Setting next_dagrun for dataset_consumes_1_never_scheduled to None, run_after=None
[2024-07-28T15:07:06.407+0000] {logging_mixin.py:188} INFO - [2024-07-28T15:07:06.407+0000] {dag.py:3947} INFO - Setting next_dagrun for dataset_consumes_unknown_never_scheduled to None, run_after=None
[2024-07-28T15:07:06.410+0000] {logging_mixin.py:188} INFO - [2024-07-28T15:07:06.410+0000] {dag.py:3947} INFO - Setting next_dagrun for dataset_produces_1 to 2024-07-27 00:00:00+00:00, run_after=2024-07-28 00:00:00+00:00
[2024-07-28T15:07:06.411+0000] {logging_mixin.py:188} INFO - [2024-07-28T15:07:06.411+0000] {dag.py:3947} INFO - Setting next_dagrun for dataset_produces_2 to None, run_after=None
[2024-07-28T15:07:06.451+0000] {processor.py:183} INFO - Processing /home/airflow/.local/lib/python3.12/site-packages/airflow/example_dags/example_datasets.py took 0.176 seconds
[2024-07-28T15:07:36.664+0000] {processor.py:161} INFO - Started process (PID=784) to work on /home/airflow/.local/lib/python3.12/site-packages/airflow/example_dags/example_datasets.py
[2024-07-28T15:07:36.669+0000] {processor.py:830} INFO - Processing file /home/airflow/.local/lib/python3.12/site-packages/airflow/example_dags/example_datasets.py for tasks to queue
[2024-07-28T15:07:36.675+0000] {logging_mixin.py:188} INFO - [2024-07-28T15:07:36.674+0000] {dagbag.py:545} INFO - Filling up the DagBag from /home/airflow/.local/lib/python3.12/site-packages/airflow/example_dags/example_datasets.py
[2024-07-28T15:07:36.737+0000] {processor.py:840} INFO - DAG(s) 'dataset_consumes_1_never_scheduled', 'dataset_consumes_unknown_never_scheduled', 'conditional_dataset_and_time_based_timetable', 'dataset_consumes_1', 'consume_1_or_2_with_dataset_expressions', 'dataset_produces_2', 'dataset_produces_1', 'consume_1_and_2_with_dataset_expressions', 'dataset_consumes_1_and_2', 'consume_1_or_both_2_and_3_with_dataset_expressions' retrieved from /home/airflow/.local/lib/python3.12/site-packages/airflow/example_dags/example_datasets.py
[2024-07-28T15:07:36.949+0000] {logging_mixin.py:188} INFO - [2024-07-28T15:07:36.948+0000] {dag.py:3089} INFO - Sync 10 DAGs
[2024-07-28T15:07:37.056+0000] {logging_mixin.py:188} INFO - [2024-07-28T15:07:37.055+0000] {dag.py:3947} INFO - Setting next_dagrun for conditional_dataset_and_time_based_timetable to 2024-07-24 01:00:00+00:00, run_after=2024-07-24 01:00:00+00:00
[2024-07-28T15:07:37.072+0000] {logging_mixin.py:188} INFO - [2024-07-28T15:07:37.071+0000] {dag.py:3947} INFO - Setting next_dagrun for consume_1_and_2_with_dataset_expressions to None, run_after=None
[2024-07-28T15:07:37.080+0000] {logging_mixin.py:188} INFO - [2024-07-28T15:07:37.078+0000] {dag.py:3947} INFO - Setting next_dagrun for consume_1_or_2_with_dataset_expressions to None, run_after=None
[2024-07-28T15:07:37.087+0000] {logging_mixin.py:188} INFO - [2024-07-28T15:07:37.086+0000] {dag.py:3947} INFO - Setting next_dagrun for consume_1_or_both_2_and_3_with_dataset_expressions to None, run_after=None
[2024-07-28T15:07:37.094+0000] {logging_mixin.py:188} INFO - [2024-07-28T15:07:37.093+0000] {dag.py:3947} INFO - Setting next_dagrun for dataset_consumes_1 to None, run_after=None
[2024-07-28T15:07:37.101+0000] {logging_mixin.py:188} INFO - [2024-07-28T15:07:37.100+0000] {dag.py:3947} INFO - Setting next_dagrun for dataset_consumes_1_and_2 to None, run_after=None
[2024-07-28T15:07:37.108+0000] {logging_mixin.py:188} INFO - [2024-07-28T15:07:37.107+0000] {dag.py:3947} INFO - Setting next_dagrun for dataset_consumes_1_never_scheduled to None, run_after=None
[2024-07-28T15:07:37.114+0000] {logging_mixin.py:188} INFO - [2024-07-28T15:07:37.113+0000] {dag.py:3947} INFO - Setting next_dagrun for dataset_consumes_unknown_never_scheduled to None, run_after=None
[2024-07-28T15:07:37.132+0000] {logging_mixin.py:188} INFO - [2024-07-28T15:07:37.130+0000] {dag.py:3947} INFO - Setting next_dagrun for dataset_produces_1 to 2024-07-27 00:00:00+00:00, run_after=2024-07-28 00:00:00+00:00
[2024-07-28T15:07:37.139+0000] {logging_mixin.py:188} INFO - [2024-07-28T15:07:37.138+0000] {dag.py:3947} INFO - Setting next_dagrun for dataset_produces_2 to None, run_after=None
[2024-07-28T15:07:37.272+0000] {processor.py:183} INFO - Processing /home/airflow/.local/lib/python3.12/site-packages/airflow/example_dags/example_datasets.py took 0.631 seconds
[2024-07-28T15:08:07.370+0000] {processor.py:161} INFO - Started process (PID=843) to work on /home/airflow/.local/lib/python3.12/site-packages/airflow/example_dags/example_datasets.py
[2024-07-28T15:08:07.372+0000] {processor.py:830} INFO - Processing file /home/airflow/.local/lib/python3.12/site-packages/airflow/example_dags/example_datasets.py for tasks to queue
[2024-07-28T15:08:07.378+0000] {logging_mixin.py:188} INFO - [2024-07-28T15:08:07.377+0000] {dagbag.py:545} INFO - Filling up the DagBag from /home/airflow/.local/lib/python3.12/site-packages/airflow/example_dags/example_datasets.py
[2024-07-28T15:08:07.427+0000] {processor.py:840} INFO - DAG(s) 'dataset_consumes_1', 'consume_1_or_both_2_and_3_with_dataset_expressions', 'dataset_produces_1', 'consume_1_or_2_with_dataset_expressions', 'conditional_dataset_and_time_based_timetable', 'dataset_consumes_unknown_never_scheduled', 'consume_1_and_2_with_dataset_expressions', 'dataset_produces_2', 'dataset_consumes_1_and_2', 'dataset_consumes_1_never_scheduled' retrieved from /home/airflow/.local/lib/python3.12/site-packages/airflow/example_dags/example_datasets.py
[2024-07-28T15:08:07.595+0000] {logging_mixin.py:188} INFO - [2024-07-28T15:08:07.594+0000] {dag.py:3089} INFO - Sync 10 DAGs
[2024-07-28T15:08:07.685+0000] {logging_mixin.py:188} INFO - [2024-07-28T15:08:07.684+0000] {dag.py:3947} INFO - Setting next_dagrun for conditional_dataset_and_time_based_timetable to 2024-07-24 01:00:00+00:00, run_after=2024-07-24 01:00:00+00:00
[2024-07-28T15:08:07.699+0000] {logging_mixin.py:188} INFO - [2024-07-28T15:08:07.698+0000] {dag.py:3947} INFO - Setting next_dagrun for consume_1_and_2_with_dataset_expressions to None, run_after=None
[2024-07-28T15:08:07.703+0000] {logging_mixin.py:188} INFO - [2024-07-28T15:08:07.703+0000] {dag.py:3947} INFO - Setting next_dagrun for consume_1_or_2_with_dataset_expressions to None, run_after=None
[2024-07-28T15:08:07.708+0000] {logging_mixin.py:188} INFO - [2024-07-28T15:08:07.707+0000] {dag.py:3947} INFO - Setting next_dagrun for consume_1_or_both_2_and_3_with_dataset_expressions to None, run_after=None
[2024-07-28T15:08:07.712+0000] {logging_mixin.py:188} INFO - [2024-07-28T15:08:07.711+0000] {dag.py:3947} INFO - Setting next_dagrun for dataset_consumes_1 to None, run_after=None
[2024-07-28T15:08:07.716+0000] {logging_mixin.py:188} INFO - [2024-07-28T15:08:07.715+0000] {dag.py:3947} INFO - Setting next_dagrun for dataset_consumes_1_and_2 to None, run_after=None
[2024-07-28T15:08:07.720+0000] {logging_mixin.py:188} INFO - [2024-07-28T15:08:07.720+0000] {dag.py:3947} INFO - Setting next_dagrun for dataset_consumes_1_never_scheduled to None, run_after=None
[2024-07-28T15:08:07.724+0000] {logging_mixin.py:188} INFO - [2024-07-28T15:08:07.724+0000] {dag.py:3947} INFO - Setting next_dagrun for dataset_consumes_unknown_never_scheduled to None, run_after=None
[2024-07-28T15:08:07.734+0000] {logging_mixin.py:188} INFO - [2024-07-28T15:08:07.733+0000] {dag.py:3947} INFO - Setting next_dagrun for dataset_produces_1 to 2024-07-27 00:00:00+00:00, run_after=2024-07-28 00:00:00+00:00
[2024-07-28T15:08:07.738+0000] {logging_mixin.py:188} INFO - [2024-07-28T15:08:07.737+0000] {dag.py:3947} INFO - Setting next_dagrun for dataset_produces_2 to None, run_after=None
[2024-07-28T15:08:07.852+0000] {processor.py:183} INFO - Processing /home/airflow/.local/lib/python3.12/site-packages/airflow/example_dags/example_datasets.py took 0.501 seconds
[2024-07-28T15:08:38.222+0000] {processor.py:161} INFO - Started process (PID=901) to work on /home/airflow/.local/lib/python3.12/site-packages/airflow/example_dags/example_datasets.py
[2024-07-28T15:08:38.225+0000] {processor.py:830} INFO - Processing file /home/airflow/.local/lib/python3.12/site-packages/airflow/example_dags/example_datasets.py for tasks to queue
[2024-07-28T15:08:38.231+0000] {logging_mixin.py:188} INFO - [2024-07-28T15:08:38.230+0000] {dagbag.py:545} INFO - Filling up the DagBag from /home/airflow/.local/lib/python3.12/site-packages/airflow/example_dags/example_datasets.py
[2024-07-28T15:08:38.283+0000] {processor.py:840} INFO - DAG(s) 'dataset_consumes_1_never_scheduled', 'dataset_consumes_1_and_2', 'dataset_consumes_unknown_never_scheduled', 'consume_1_or_both_2_and_3_with_dataset_expressions', 'consume_1_or_2_with_dataset_expressions', 'conditional_dataset_and_time_based_timetable', 'dataset_produces_1', 'consume_1_and_2_with_dataset_expressions', 'dataset_consumes_1', 'dataset_produces_2' retrieved from /home/airflow/.local/lib/python3.12/site-packages/airflow/example_dags/example_datasets.py
[2024-07-28T15:08:38.480+0000] {logging_mixin.py:188} INFO - [2024-07-28T15:08:38.479+0000] {dag.py:3089} INFO - Sync 10 DAGs
[2024-07-28T15:08:38.575+0000] {logging_mixin.py:188} INFO - [2024-07-28T15:08:38.574+0000] {dag.py:3947} INFO - Setting next_dagrun for conditional_dataset_and_time_based_timetable to 2024-07-24 01:00:00+00:00, run_after=2024-07-24 01:00:00+00:00
[2024-07-28T15:08:38.591+0000] {logging_mixin.py:188} INFO - [2024-07-28T15:08:38.591+0000] {dag.py:3947} INFO - Setting next_dagrun for consume_1_and_2_with_dataset_expressions to None, run_after=None
[2024-07-28T15:08:38.596+0000] {logging_mixin.py:188} INFO - [2024-07-28T15:08:38.596+0000] {dag.py:3947} INFO - Setting next_dagrun for consume_1_or_2_with_dataset_expressions to None, run_after=None
[2024-07-28T15:08:38.601+0000] {logging_mixin.py:188} INFO - [2024-07-28T15:08:38.600+0000] {dag.py:3947} INFO - Setting next_dagrun for consume_1_or_both_2_and_3_with_dataset_expressions to None, run_after=None
[2024-07-28T15:08:38.606+0000] {logging_mixin.py:188} INFO - [2024-07-28T15:08:38.605+0000] {dag.py:3947} INFO - Setting next_dagrun for dataset_consumes_1 to None, run_after=None
[2024-07-28T15:08:38.611+0000] {logging_mixin.py:188} INFO - [2024-07-28T15:08:38.610+0000] {dag.py:3947} INFO - Setting next_dagrun for dataset_consumes_1_and_2 to None, run_after=None
[2024-07-28T15:08:38.615+0000] {logging_mixin.py:188} INFO - [2024-07-28T15:08:38.614+0000] {dag.py:3947} INFO - Setting next_dagrun for dataset_consumes_1_never_scheduled to None, run_after=None
[2024-07-28T15:08:38.620+0000] {logging_mixin.py:188} INFO - [2024-07-28T15:08:38.619+0000] {dag.py:3947} INFO - Setting next_dagrun for dataset_consumes_unknown_never_scheduled to None, run_after=None
[2024-07-28T15:08:38.631+0000] {logging_mixin.py:188} INFO - [2024-07-28T15:08:38.630+0000] {dag.py:3947} INFO - Setting next_dagrun for dataset_produces_1 to 2024-07-27 00:00:00+00:00, run_after=2024-07-28 00:00:00+00:00
[2024-07-28T15:08:38.636+0000] {logging_mixin.py:188} INFO - [2024-07-28T15:08:38.636+0000] {dag.py:3947} INFO - Setting next_dagrun for dataset_produces_2 to None, run_after=None
[2024-07-28T15:08:38.759+0000] {processor.py:183} INFO - Processing /home/airflow/.local/lib/python3.12/site-packages/airflow/example_dags/example_datasets.py took 0.560 seconds
[2024-07-28T15:09:08.954+0000] {processor.py:161} INFO - Started process (PID=959) to work on /home/airflow/.local/lib/python3.12/site-packages/airflow/example_dags/example_datasets.py
[2024-07-28T15:09:08.957+0000] {processor.py:830} INFO - Processing file /home/airflow/.local/lib/python3.12/site-packages/airflow/example_dags/example_datasets.py for tasks to queue
[2024-07-28T15:09:08.962+0000] {logging_mixin.py:188} INFO - [2024-07-28T15:09:08.961+0000] {dagbag.py:545} INFO - Filling up the DagBag from /home/airflow/.local/lib/python3.12/site-packages/airflow/example_dags/example_datasets.py
[2024-07-28T15:09:09.017+0000] {processor.py:840} INFO - DAG(s) 'dataset_consumes_1_never_scheduled', 'dataset_consumes_1_and_2', 'dataset_produces_2', 'consume_1_or_2_with_dataset_expressions', 'dataset_consumes_unknown_never_scheduled', 'dataset_consumes_1', 'consume_1_or_both_2_and_3_with_dataset_expressions', 'consume_1_and_2_with_dataset_expressions', 'dataset_produces_1', 'conditional_dataset_and_time_based_timetable' retrieved from /home/airflow/.local/lib/python3.12/site-packages/airflow/example_dags/example_datasets.py
[2024-07-28T15:09:09.241+0000] {logging_mixin.py:188} INFO - [2024-07-28T15:09:09.240+0000] {dag.py:3089} INFO - Sync 10 DAGs
[2024-07-28T15:09:09.316+0000] {logging_mixin.py:188} INFO - [2024-07-28T15:09:09.316+0000] {dag.py:3947} INFO - Setting next_dagrun for conditional_dataset_and_time_based_timetable to 2024-07-24 01:00:00+00:00, run_after=2024-07-24 01:00:00+00:00
[2024-07-28T15:09:09.322+0000] {logging_mixin.py:188} INFO - [2024-07-28T15:09:09.322+0000] {dag.py:3947} INFO - Setting next_dagrun for consume_1_and_2_with_dataset_expressions to None, run_after=None
[2024-07-28T15:09:09.324+0000] {logging_mixin.py:188} INFO - [2024-07-28T15:09:09.323+0000] {dag.py:3947} INFO - Setting next_dagrun for consume_1_or_2_with_dataset_expressions to None, run_after=None
[2024-07-28T15:09:09.325+0000] {logging_mixin.py:188} INFO - [2024-07-28T15:09:09.325+0000] {dag.py:3947} INFO - Setting next_dagrun for consume_1_or_both_2_and_3_with_dataset_expressions to None, run_after=None
[2024-07-28T15:09:09.326+0000] {logging_mixin.py:188} INFO - [2024-07-28T15:09:09.326+0000] {dag.py:3947} INFO - Setting next_dagrun for dataset_consumes_1 to None, run_after=None
[2024-07-28T15:09:09.328+0000] {logging_mixin.py:188} INFO - [2024-07-28T15:09:09.328+0000] {dag.py:3947} INFO - Setting next_dagrun for dataset_consumes_1_and_2 to None, run_after=None
[2024-07-28T15:09:09.329+0000] {logging_mixin.py:188} INFO - [2024-07-28T15:09:09.329+0000] {dag.py:3947} INFO - Setting next_dagrun for dataset_consumes_1_never_scheduled to None, run_after=None
[2024-07-28T15:09:09.331+0000] {logging_mixin.py:188} INFO - [2024-07-28T15:09:09.331+0000] {dag.py:3947} INFO - Setting next_dagrun for dataset_consumes_unknown_never_scheduled to None, run_after=None
[2024-07-28T15:09:09.334+0000] {logging_mixin.py:188} INFO - [2024-07-28T15:09:09.333+0000] {dag.py:3947} INFO - Setting next_dagrun for dataset_produces_1 to 2024-07-27 00:00:00+00:00, run_after=2024-07-28 00:00:00+00:00
[2024-07-28T15:09:09.335+0000] {logging_mixin.py:188} INFO - [2024-07-28T15:09:09.335+0000] {dag.py:3947} INFO - Setting next_dagrun for dataset_produces_2 to None, run_after=None
[2024-07-28T15:09:09.370+0000] {processor.py:183} INFO - Processing /home/airflow/.local/lib/python3.12/site-packages/airflow/example_dags/example_datasets.py took 0.436 seconds
[2024-07-28T15:09:39.873+0000] {processor.py:161} INFO - Started process (PID=1017) to work on /home/airflow/.local/lib/python3.12/site-packages/airflow/example_dags/example_datasets.py
[2024-07-28T15:09:39.874+0000] {processor.py:830} INFO - Processing file /home/airflow/.local/lib/python3.12/site-packages/airflow/example_dags/example_datasets.py for tasks to queue
[2024-07-28T15:09:39.876+0000] {logging_mixin.py:188} INFO - [2024-07-28T15:09:39.876+0000] {dagbag.py:545} INFO - Filling up the DagBag from /home/airflow/.local/lib/python3.12/site-packages/airflow/example_dags/example_datasets.py
[2024-07-28T15:09:39.901+0000] {processor.py:840} INFO - DAG(s) 'consume_1_and_2_with_dataset_expressions', 'dataset_produces_2', 'consume_1_or_both_2_and_3_with_dataset_expressions', 'dataset_produces_1', 'dataset_consumes_1_and_2', 'dataset_consumes_1', 'consume_1_or_2_with_dataset_expressions', 'dataset_consumes_unknown_never_scheduled', 'dataset_consumes_1_never_scheduled', 'conditional_dataset_and_time_based_timetable' retrieved from /home/airflow/.local/lib/python3.12/site-packages/airflow/example_dags/example_datasets.py
[2024-07-28T15:09:39.978+0000] {logging_mixin.py:188} INFO - [2024-07-28T15:09:39.978+0000] {dag.py:3089} INFO - Sync 10 DAGs
[2024-07-28T15:09:40.024+0000] {logging_mixin.py:188} INFO - [2024-07-28T15:09:40.024+0000] {dag.py:3947} INFO - Setting next_dagrun for conditional_dataset_and_time_based_timetable to 2024-07-24 01:00:00+00:00, run_after=2024-07-24 01:00:00+00:00
[2024-07-28T15:09:40.032+0000] {logging_mixin.py:188} INFO - [2024-07-28T15:09:40.031+0000] {dag.py:3947} INFO - Setting next_dagrun for consume_1_and_2_with_dataset_expressions to None, run_after=None
[2024-07-28T15:09:40.034+0000] {logging_mixin.py:188} INFO - [2024-07-28T15:09:40.034+0000] {dag.py:3947} INFO - Setting next_dagrun for consume_1_or_2_with_dataset_expressions to None, run_after=None
[2024-07-28T15:09:40.036+0000] {logging_mixin.py:188} INFO - [2024-07-28T15:09:40.036+0000] {dag.py:3947} INFO - Setting next_dagrun for consume_1_or_both_2_and_3_with_dataset_expressions to None, run_after=None
[2024-07-28T15:09:40.038+0000] {logging_mixin.py:188} INFO - [2024-07-28T15:09:40.038+0000] {dag.py:3947} INFO - Setting next_dagrun for dataset_consumes_1 to None, run_after=None
[2024-07-28T15:09:40.040+0000] {logging_mixin.py:188} INFO - [2024-07-28T15:09:40.040+0000] {dag.py:3947} INFO - Setting next_dagrun for dataset_consumes_1_and_2 to None, run_after=None
[2024-07-28T15:09:40.043+0000] {logging_mixin.py:188} INFO - [2024-07-28T15:09:40.042+0000] {dag.py:3947} INFO - Setting next_dagrun for dataset_consumes_1_never_scheduled to None, run_after=None
[2024-07-28T15:09:40.045+0000] {logging_mixin.py:188} INFO - [2024-07-28T15:09:40.044+0000] {dag.py:3947} INFO - Setting next_dagrun for dataset_consumes_unknown_never_scheduled to None, run_after=None
[2024-07-28T15:09:40.049+0000] {logging_mixin.py:188} INFO - [2024-07-28T15:09:40.049+0000] {dag.py:3947} INFO - Setting next_dagrun for dataset_produces_1 to 2024-07-27 00:00:00+00:00, run_after=2024-07-28 00:00:00+00:00
[2024-07-28T15:09:40.051+0000] {logging_mixin.py:188} INFO - [2024-07-28T15:09:40.051+0000] {dag.py:3947} INFO - Setting next_dagrun for dataset_produces_2 to None, run_after=None
[2024-07-28T15:09:40.115+0000] {processor.py:183} INFO - Processing /home/airflow/.local/lib/python3.12/site-packages/airflow/example_dags/example_datasets.py took 0.254 seconds
[2024-07-28T15:10:10.436+0000] {processor.py:161} INFO - Started process (PID=1075) to work on /home/airflow/.local/lib/python3.12/site-packages/airflow/example_dags/example_datasets.py
[2024-07-28T15:10:10.440+0000] {processor.py:830} INFO - Processing file /home/airflow/.local/lib/python3.12/site-packages/airflow/example_dags/example_datasets.py for tasks to queue
[2024-07-28T15:10:10.446+0000] {logging_mixin.py:188} INFO - [2024-07-28T15:10:10.445+0000] {dagbag.py:545} INFO - Filling up the DagBag from /home/airflow/.local/lib/python3.12/site-packages/airflow/example_dags/example_datasets.py
[2024-07-28T15:10:10.503+0000] {processor.py:840} INFO - DAG(s) 'dataset_consumes_1', 'consume_1_and_2_with_dataset_expressions', 'consume_1_or_both_2_and_3_with_dataset_expressions', 'dataset_produces_1', 'dataset_consumes_1_never_scheduled', 'dataset_produces_2', 'dataset_consumes_unknown_never_scheduled', 'dataset_consumes_1_and_2', 'consume_1_or_2_with_dataset_expressions', 'conditional_dataset_and_time_based_timetable' retrieved from /home/airflow/.local/lib/python3.12/site-packages/airflow/example_dags/example_datasets.py
[2024-07-28T15:10:10.739+0000] {logging_mixin.py:188} INFO - [2024-07-28T15:10:10.738+0000] {dag.py:3089} INFO - Sync 10 DAGs
[2024-07-28T15:10:10.819+0000] {logging_mixin.py:188} INFO - [2024-07-28T15:10:10.818+0000] {dag.py:3947} INFO - Setting next_dagrun for conditional_dataset_and_time_based_timetable to 2024-07-24 01:00:00+00:00, run_after=2024-07-24 01:00:00+00:00
[2024-07-28T15:10:10.828+0000] {logging_mixin.py:188} INFO - [2024-07-28T15:10:10.827+0000] {dag.py:3947} INFO - Setting next_dagrun for consume_1_and_2_with_dataset_expressions to None, run_after=None
[2024-07-28T15:10:10.830+0000] {logging_mixin.py:188} INFO - [2024-07-28T15:10:10.830+0000] {dag.py:3947} INFO - Setting next_dagrun for consume_1_or_2_with_dataset_expressions to None, run_after=None
[2024-07-28T15:10:10.833+0000] {logging_mixin.py:188} INFO - [2024-07-28T15:10:10.832+0000] {dag.py:3947} INFO - Setting next_dagrun for consume_1_or_both_2_and_3_with_dataset_expressions to None, run_after=None
[2024-07-28T15:10:10.836+0000] {logging_mixin.py:188} INFO - [2024-07-28T15:10:10.836+0000] {dag.py:3947} INFO - Setting next_dagrun for dataset_consumes_1 to None, run_after=None
[2024-07-28T15:10:10.839+0000] {logging_mixin.py:188} INFO - [2024-07-28T15:10:10.838+0000] {dag.py:3947} INFO - Setting next_dagrun for dataset_consumes_1_and_2 to None, run_after=None
[2024-07-28T15:10:10.842+0000] {logging_mixin.py:188} INFO - [2024-07-28T15:10:10.841+0000] {dag.py:3947} INFO - Setting next_dagrun for dataset_consumes_1_never_scheduled to None, run_after=None
[2024-07-28T15:10:10.844+0000] {logging_mixin.py:188} INFO - [2024-07-28T15:10:10.844+0000] {dag.py:3947} INFO - Setting next_dagrun for dataset_consumes_unknown_never_scheduled to None, run_after=None
[2024-07-28T15:10:10.848+0000] {logging_mixin.py:188} INFO - [2024-07-28T15:10:10.848+0000] {dag.py:3947} INFO - Setting next_dagrun for dataset_produces_1 to 2024-07-27 00:00:00+00:00, run_after=2024-07-28 00:00:00+00:00
[2024-07-28T15:10:10.850+0000] {logging_mixin.py:188} INFO - [2024-07-28T15:10:10.850+0000] {dag.py:3947} INFO - Setting next_dagrun for dataset_produces_2 to None, run_after=None
[2024-07-28T15:10:10.909+0000] {processor.py:183} INFO - Processing /home/airflow/.local/lib/python3.12/site-packages/airflow/example_dags/example_datasets.py took 0.492 seconds
[2024-07-28T15:10:41.248+0000] {processor.py:161} INFO - Started process (PID=1133) to work on /home/airflow/.local/lib/python3.12/site-packages/airflow/example_dags/example_datasets.py
[2024-07-28T15:10:41.249+0000] {processor.py:830} INFO - Processing file /home/airflow/.local/lib/python3.12/site-packages/airflow/example_dags/example_datasets.py for tasks to queue
[2024-07-28T15:10:41.252+0000] {logging_mixin.py:188} INFO - [2024-07-28T15:10:41.252+0000] {dagbag.py:545} INFO - Filling up the DagBag from /home/airflow/.local/lib/python3.12/site-packages/airflow/example_dags/example_datasets.py
[2024-07-28T15:10:41.275+0000] {processor.py:840} INFO - DAG(s) 'dataset_consumes_1_and_2', 'consume_1_or_both_2_and_3_with_dataset_expressions', 'dataset_produces_1', 'consume_1_or_2_with_dataset_expressions', 'dataset_consumes_1', 'dataset_produces_2', 'conditional_dataset_and_time_based_timetable', 'dataset_consumes_1_never_scheduled', 'dataset_consumes_unknown_never_scheduled', 'consume_1_and_2_with_dataset_expressions' retrieved from /home/airflow/.local/lib/python3.12/site-packages/airflow/example_dags/example_datasets.py
[2024-07-28T15:10:41.344+0000] {logging_mixin.py:188} INFO - [2024-07-28T15:10:41.344+0000] {dag.py:3089} INFO - Sync 10 DAGs
[2024-07-28T15:10:41.382+0000] {logging_mixin.py:188} INFO - [2024-07-28T15:10:41.382+0000] {dag.py:3947} INFO - Setting next_dagrun for conditional_dataset_and_time_based_timetable to 2024-07-24 01:00:00+00:00, run_after=2024-07-24 01:00:00+00:00
[2024-07-28T15:10:41.388+0000] {logging_mixin.py:188} INFO - [2024-07-28T15:10:41.387+0000] {dag.py:3947} INFO - Setting next_dagrun for consume_1_and_2_with_dataset_expressions to None, run_after=None
[2024-07-28T15:10:41.389+0000] {logging_mixin.py:188} INFO - [2024-07-28T15:10:41.389+0000] {dag.py:3947} INFO - Setting next_dagrun for consume_1_or_2_with_dataset_expressions to None, run_after=None
[2024-07-28T15:10:41.391+0000] {logging_mixin.py:188} INFO - [2024-07-28T15:10:41.391+0000] {dag.py:3947} INFO - Setting next_dagrun for consume_1_or_both_2_and_3_with_dataset_expressions to None, run_after=None
[2024-07-28T15:10:41.392+0000] {logging_mixin.py:188} INFO - [2024-07-28T15:10:41.392+0000] {dag.py:3947} INFO - Setting next_dagrun for dataset_consumes_1 to None, run_after=None
[2024-07-28T15:10:41.394+0000] {logging_mixin.py:188} INFO - [2024-07-28T15:10:41.394+0000] {dag.py:3947} INFO - Setting next_dagrun for dataset_consumes_1_and_2 to None, run_after=None
[2024-07-28T15:10:41.395+0000] {logging_mixin.py:188} INFO - [2024-07-28T15:10:41.395+0000] {dag.py:3947} INFO - Setting next_dagrun for dataset_consumes_1_never_scheduled to None, run_after=None
[2024-07-28T15:10:41.397+0000] {logging_mixin.py:188} INFO - [2024-07-28T15:10:41.397+0000] {dag.py:3947} INFO - Setting next_dagrun for dataset_consumes_unknown_never_scheduled to None, run_after=None
[2024-07-28T15:10:41.400+0000] {logging_mixin.py:188} INFO - [2024-07-28T15:10:41.400+0000] {dag.py:3947} INFO - Setting next_dagrun for dataset_produces_1 to 2024-07-27 00:00:00+00:00, run_after=2024-07-28 00:00:00+00:00
[2024-07-28T15:10:41.402+0000] {logging_mixin.py:188} INFO - [2024-07-28T15:10:41.402+0000] {dag.py:3947} INFO - Setting next_dagrun for dataset_produces_2 to None, run_after=None
[2024-07-28T15:10:41.446+0000] {processor.py:183} INFO - Processing /home/airflow/.local/lib/python3.12/site-packages/airflow/example_dags/example_datasets.py took 0.210 seconds
