[2024-07-28T15:01:24.491+0000] {processor.py:161} INFO - Started process (PID=76) to work on /home/airflow/.local/lib/python3.12/site-packages/airflow/example_dags/example_branch_operator_decorator.py
[2024-07-28T15:01:24.493+0000] {processor.py:830} INFO - Processing file /home/airflow/.local/lib/python3.12/site-packages/airflow/example_dags/example_branch_operator_decorator.py for tasks to queue
[2024-07-28T15:01:24.495+0000] {logging_mixin.py:188} INFO - [2024-07-28T15:01:24.495+0000] {dagbag.py:545} INFO - Filling up the DagBag from /home/airflow/.local/lib/python3.12/site-packages/airflow/example_dags/example_branch_operator_decorator.py
[2024-07-28T15:01:24.540+0000] {processor.py:840} INFO - DAG(s) 'example_branch_python_operator_decorator' retrieved from /home/airflow/.local/lib/python3.12/site-packages/airflow/example_dags/example_branch_operator_decorator.py
[2024-07-28T15:01:24.788+0000] {logging_mixin.py:188} INFO - [2024-07-28T15:01:24.788+0000] {dag.py:3089} INFO - Sync 1 DAGs
[2024-07-28T15:01:24.824+0000] {logging_mixin.py:188} INFO - [2024-07-28T15:01:24.824+0000] {dag.py:3947} INFO - Setting next_dagrun for example_branch_python_operator_decorator to 2024-07-27 00:00:00+00:00, run_after=2024-07-28 00:00:00+00:00
[2024-07-28T15:01:24.858+0000] {processor.py:183} INFO - Processing /home/airflow/.local/lib/python3.12/site-packages/airflow/example_dags/example_branch_operator_decorator.py took 0.377 seconds
[2024-07-28T15:01:55.131+0000] {processor.py:161} INFO - Started process (PID=134) to work on /home/airflow/.local/lib/python3.12/site-packages/airflow/example_dags/example_branch_operator_decorator.py
[2024-07-28T15:01:55.132+0000] {processor.py:830} INFO - Processing file /home/airflow/.local/lib/python3.12/site-packages/airflow/example_dags/example_branch_operator_decorator.py for tasks to queue
[2024-07-28T15:01:55.134+0000] {logging_mixin.py:188} INFO - [2024-07-28T15:01:55.134+0000] {dagbag.py:545} INFO - Filling up the DagBag from /home/airflow/.local/lib/python3.12/site-packages/airflow/example_dags/example_branch_operator_decorator.py
[2024-07-28T15:01:55.170+0000] {processor.py:840} INFO - DAG(s) 'example_branch_python_operator_decorator' retrieved from /home/airflow/.local/lib/python3.12/site-packages/airflow/example_dags/example_branch_operator_decorator.py
[2024-07-28T15:01:55.217+0000] {logging_mixin.py:188} INFO - [2024-07-28T15:01:55.217+0000] {dag.py:3089} INFO - Sync 1 DAGs
[2024-07-28T15:01:55.254+0000] {logging_mixin.py:188} INFO - [2024-07-28T15:01:55.253+0000] {dag.py:3947} INFO - Setting next_dagrun for example_branch_python_operator_decorator to 2024-07-27 00:00:00+00:00, run_after=2024-07-28 00:00:00+00:00
[2024-07-28T15:01:55.283+0000] {processor.py:183} INFO - Processing /home/airflow/.local/lib/python3.12/site-packages/airflow/example_dags/example_branch_operator_decorator.py took 0.163 seconds
[2024-07-28T15:02:25.800+0000] {processor.py:161} INFO - Started process (PID=192) to work on /home/airflow/.local/lib/python3.12/site-packages/airflow/example_dags/example_branch_operator_decorator.py
[2024-07-28T15:02:25.801+0000] {processor.py:830} INFO - Processing file /home/airflow/.local/lib/python3.12/site-packages/airflow/example_dags/example_branch_operator_decorator.py for tasks to queue
[2024-07-28T15:02:25.803+0000] {logging_mixin.py:188} INFO - [2024-07-28T15:02:25.803+0000] {dagbag.py:545} INFO - Filling up the DagBag from /home/airflow/.local/lib/python3.12/site-packages/airflow/example_dags/example_branch_operator_decorator.py
[2024-07-28T15:02:25.846+0000] {processor.py:840} INFO - DAG(s) 'example_branch_python_operator_decorator' retrieved from /home/airflow/.local/lib/python3.12/site-packages/airflow/example_dags/example_branch_operator_decorator.py
[2024-07-28T15:02:25.896+0000] {logging_mixin.py:188} INFO - [2024-07-28T15:02:25.895+0000] {dag.py:3089} INFO - Sync 1 DAGs
[2024-07-28T15:02:25.933+0000] {logging_mixin.py:188} INFO - [2024-07-28T15:02:25.933+0000] {dag.py:3947} INFO - Setting next_dagrun for example_branch_python_operator_decorator to 2024-07-27 00:00:00+00:00, run_after=2024-07-28 00:00:00+00:00
[2024-07-28T15:02:25.964+0000] {processor.py:183} INFO - Processing /home/airflow/.local/lib/python3.12/site-packages/airflow/example_dags/example_branch_operator_decorator.py took 0.176 seconds
[2024-07-28T15:02:56.982+0000] {processor.py:161} INFO - Started process (PID=250) to work on /home/airflow/.local/lib/python3.12/site-packages/airflow/example_dags/example_branch_operator_decorator.py
[2024-07-28T15:02:56.984+0000] {processor.py:830} INFO - Processing file /home/airflow/.local/lib/python3.12/site-packages/airflow/example_dags/example_branch_operator_decorator.py for tasks to queue
[2024-07-28T15:02:56.990+0000] {logging_mixin.py:188} INFO - [2024-07-28T15:02:56.989+0000] {dagbag.py:545} INFO - Filling up the DagBag from /home/airflow/.local/lib/python3.12/site-packages/airflow/example_dags/example_branch_operator_decorator.py
[2024-07-28T15:02:57.079+0000] {processor.py:840} INFO - DAG(s) 'example_branch_python_operator_decorator' retrieved from /home/airflow/.local/lib/python3.12/site-packages/airflow/example_dags/example_branch_operator_decorator.py
[2024-07-28T15:02:57.194+0000] {logging_mixin.py:188} INFO - [2024-07-28T15:02:57.193+0000] {dag.py:3089} INFO - Sync 1 DAGs
[2024-07-28T15:02:57.296+0000] {logging_mixin.py:188} INFO - [2024-07-28T15:02:57.295+0000] {dag.py:3947} INFO - Setting next_dagrun for example_branch_python_operator_decorator to 2024-07-27 00:00:00+00:00, run_after=2024-07-28 00:00:00+00:00
[2024-07-28T15:02:57.374+0000] {processor.py:183} INFO - Processing /home/airflow/.local/lib/python3.12/site-packages/airflow/example_dags/example_branch_operator_decorator.py took 0.414 seconds
[2024-07-28T15:03:27.720+0000] {processor.py:161} INFO - Started process (PID=308) to work on /home/airflow/.local/lib/python3.12/site-packages/airflow/example_dags/example_branch_operator_decorator.py
[2024-07-28T15:03:27.722+0000] {processor.py:830} INFO - Processing file /home/airflow/.local/lib/python3.12/site-packages/airflow/example_dags/example_branch_operator_decorator.py for tasks to queue
[2024-07-28T15:03:27.729+0000] {logging_mixin.py:188} INFO - [2024-07-28T15:03:27.728+0000] {dagbag.py:545} INFO - Filling up the DagBag from /home/airflow/.local/lib/python3.12/site-packages/airflow/example_dags/example_branch_operator_decorator.py
[2024-07-28T15:03:27.825+0000] {processor.py:840} INFO - DAG(s) 'example_branch_python_operator_decorator' retrieved from /home/airflow/.local/lib/python3.12/site-packages/airflow/example_dags/example_branch_operator_decorator.py
[2024-07-28T15:03:27.944+0000] {logging_mixin.py:188} INFO - [2024-07-28T15:03:27.943+0000] {dag.py:3089} INFO - Sync 1 DAGs
[2024-07-28T15:03:28.030+0000] {logging_mixin.py:188} INFO - [2024-07-28T15:03:28.030+0000] {dag.py:3947} INFO - Setting next_dagrun for example_branch_python_operator_decorator to 2024-07-27 00:00:00+00:00, run_after=2024-07-28 00:00:00+00:00
[2024-07-28T15:03:28.059+0000] {processor.py:183} INFO - Processing /home/airflow/.local/lib/python3.12/site-packages/airflow/example_dags/example_branch_operator_decorator.py took 0.362 seconds
[2024-07-28T15:03:58.822+0000] {processor.py:161} INFO - Started process (PID=366) to work on /home/airflow/.local/lib/python3.12/site-packages/airflow/example_dags/example_branch_operator_decorator.py
[2024-07-28T15:03:58.824+0000] {processor.py:830} INFO - Processing file /home/airflow/.local/lib/python3.12/site-packages/airflow/example_dags/example_branch_operator_decorator.py for tasks to queue
[2024-07-28T15:03:58.829+0000] {logging_mixin.py:188} INFO - [2024-07-28T15:03:58.828+0000] {dagbag.py:545} INFO - Filling up the DagBag from /home/airflow/.local/lib/python3.12/site-packages/airflow/example_dags/example_branch_operator_decorator.py
[2024-07-28T15:03:58.866+0000] {processor.py:840} INFO - DAG(s) 'example_branch_python_operator_decorator' retrieved from /home/airflow/.local/lib/python3.12/site-packages/airflow/example_dags/example_branch_operator_decorator.py
[2024-07-28T15:03:58.937+0000] {logging_mixin.py:188} INFO - [2024-07-28T15:03:58.936+0000] {dag.py:3089} INFO - Sync 1 DAGs
[2024-07-28T15:03:58.983+0000] {logging_mixin.py:188} INFO - [2024-07-28T15:03:58.983+0000] {dag.py:3947} INFO - Setting next_dagrun for example_branch_python_operator_decorator to 2024-07-27 00:00:00+00:00, run_after=2024-07-28 00:00:00+00:00
[2024-07-28T15:03:59.018+0000] {processor.py:183} INFO - Processing /home/airflow/.local/lib/python3.12/site-packages/airflow/example_dags/example_branch_operator_decorator.py took 0.203 seconds
[2024-07-28T15:04:29.496+0000] {processor.py:161} INFO - Started process (PID=424) to work on /home/airflow/.local/lib/python3.12/site-packages/airflow/example_dags/example_branch_operator_decorator.py
[2024-07-28T15:04:29.498+0000] {processor.py:830} INFO - Processing file /home/airflow/.local/lib/python3.12/site-packages/airflow/example_dags/example_branch_operator_decorator.py for tasks to queue
[2024-07-28T15:04:29.500+0000] {logging_mixin.py:188} INFO - [2024-07-28T15:04:29.500+0000] {dagbag.py:545} INFO - Filling up the DagBag from /home/airflow/.local/lib/python3.12/site-packages/airflow/example_dags/example_branch_operator_decorator.py
[2024-07-28T15:04:29.570+0000] {processor.py:840} INFO - DAG(s) 'example_branch_python_operator_decorator' retrieved from /home/airflow/.local/lib/python3.12/site-packages/airflow/example_dags/example_branch_operator_decorator.py
[2024-07-28T15:04:29.689+0000] {logging_mixin.py:188} INFO - [2024-07-28T15:04:29.688+0000] {dag.py:3089} INFO - Sync 1 DAGs
[2024-07-28T15:04:29.784+0000] {logging_mixin.py:188} INFO - [2024-07-28T15:04:29.783+0000] {dag.py:3947} INFO - Setting next_dagrun for example_branch_python_operator_decorator to 2024-07-27 00:00:00+00:00, run_after=2024-07-28 00:00:00+00:00
[2024-07-28T15:04:29.853+0000] {processor.py:183} INFO - Processing /home/airflow/.local/lib/python3.12/site-packages/airflow/example_dags/example_branch_operator_decorator.py took 0.368 seconds
[2024-07-28T15:04:59.997+0000] {processor.py:161} INFO - Started process (PID=482) to work on /home/airflow/.local/lib/python3.12/site-packages/airflow/example_dags/example_branch_operator_decorator.py
[2024-07-28T15:04:59.998+0000] {processor.py:830} INFO - Processing file /home/airflow/.local/lib/python3.12/site-packages/airflow/example_dags/example_branch_operator_decorator.py for tasks to queue
[2024-07-28T15:05:00.000+0000] {logging_mixin.py:188} INFO - [2024-07-28T15:05:00.000+0000] {dagbag.py:545} INFO - Filling up the DagBag from /home/airflow/.local/lib/python3.12/site-packages/airflow/example_dags/example_branch_operator_decorator.py
[2024-07-28T15:05:00.035+0000] {processor.py:840} INFO - DAG(s) 'example_branch_python_operator_decorator' retrieved from /home/airflow/.local/lib/python3.12/site-packages/airflow/example_dags/example_branch_operator_decorator.py
[2024-07-28T15:05:00.084+0000] {logging_mixin.py:188} INFO - [2024-07-28T15:05:00.083+0000] {dag.py:3089} INFO - Sync 1 DAGs
[2024-07-28T15:05:00.172+0000] {logging_mixin.py:188} INFO - [2024-07-28T15:05:00.171+0000] {dag.py:3947} INFO - Setting next_dagrun for example_branch_python_operator_decorator to 2024-07-27 00:00:00+00:00, run_after=2024-07-28 00:00:00+00:00
[2024-07-28T15:05:00.246+0000] {processor.py:183} INFO - Processing /home/airflow/.local/lib/python3.12/site-packages/airflow/example_dags/example_branch_operator_decorator.py took 0.259 seconds
[2024-07-28T15:05:30.966+0000] {processor.py:161} INFO - Started process (PID=540) to work on /home/airflow/.local/lib/python3.12/site-packages/airflow/example_dags/example_branch_operator_decorator.py
[2024-07-28T15:05:30.968+0000] {processor.py:830} INFO - Processing file /home/airflow/.local/lib/python3.12/site-packages/airflow/example_dags/example_branch_operator_decorator.py for tasks to queue
[2024-07-28T15:05:30.970+0000] {logging_mixin.py:188} INFO - [2024-07-28T15:05:30.970+0000] {dagbag.py:545} INFO - Filling up the DagBag from /home/airflow/.local/lib/python3.12/site-packages/airflow/example_dags/example_branch_operator_decorator.py
[2024-07-28T15:05:31.015+0000] {processor.py:840} INFO - DAG(s) 'example_branch_python_operator_decorator' retrieved from /home/airflow/.local/lib/python3.12/site-packages/airflow/example_dags/example_branch_operator_decorator.py
[2024-07-28T15:05:31.078+0000] {logging_mixin.py:188} INFO - [2024-07-28T15:05:31.077+0000] {dag.py:3089} INFO - Sync 1 DAGs
[2024-07-28T15:05:31.121+0000] {logging_mixin.py:188} INFO - [2024-07-28T15:05:31.120+0000] {dag.py:3947} INFO - Setting next_dagrun for example_branch_python_operator_decorator to 2024-07-27 00:00:00+00:00, run_after=2024-07-28 00:00:00+00:00
[2024-07-28T15:05:31.153+0000] {processor.py:183} INFO - Processing /home/airflow/.local/lib/python3.12/site-packages/airflow/example_dags/example_branch_operator_decorator.py took 0.200 seconds
[2024-07-28T15:06:01.280+0000] {processor.py:161} INFO - Started process (PID=598) to work on /home/airflow/.local/lib/python3.12/site-packages/airflow/example_dags/example_branch_operator_decorator.py
[2024-07-28T15:06:01.281+0000] {processor.py:830} INFO - Processing file /home/airflow/.local/lib/python3.12/site-packages/airflow/example_dags/example_branch_operator_decorator.py for tasks to queue
[2024-07-28T15:06:01.283+0000] {logging_mixin.py:188} INFO - [2024-07-28T15:06:01.283+0000] {dagbag.py:545} INFO - Filling up the DagBag from /home/airflow/.local/lib/python3.12/site-packages/airflow/example_dags/example_branch_operator_decorator.py
[2024-07-28T15:06:01.317+0000] {processor.py:840} INFO - DAG(s) 'example_branch_python_operator_decorator' retrieved from /home/airflow/.local/lib/python3.12/site-packages/airflow/example_dags/example_branch_operator_decorator.py
[2024-07-28T15:06:01.366+0000] {logging_mixin.py:188} INFO - [2024-07-28T15:06:01.366+0000] {dag.py:3089} INFO - Sync 1 DAGs
[2024-07-28T15:06:01.411+0000] {logging_mixin.py:188} INFO - [2024-07-28T15:06:01.410+0000] {dag.py:3947} INFO - Setting next_dagrun for example_branch_python_operator_decorator to 2024-07-27 00:00:00+00:00, run_after=2024-07-28 00:00:00+00:00
[2024-07-28T15:06:01.449+0000] {processor.py:183} INFO - Processing /home/airflow/.local/lib/python3.12/site-packages/airflow/example_dags/example_branch_operator_decorator.py took 0.179 seconds
[2024-07-28T15:06:31.558+0000] {processor.py:161} INFO - Started process (PID=656) to work on /home/airflow/.local/lib/python3.12/site-packages/airflow/example_dags/example_branch_operator_decorator.py
[2024-07-28T15:06:31.559+0000] {processor.py:830} INFO - Processing file /home/airflow/.local/lib/python3.12/site-packages/airflow/example_dags/example_branch_operator_decorator.py for tasks to queue
[2024-07-28T15:06:31.564+0000] {logging_mixin.py:188} INFO - [2024-07-28T15:06:31.563+0000] {dagbag.py:545} INFO - Filling up the DagBag from /home/airflow/.local/lib/python3.12/site-packages/airflow/example_dags/example_branch_operator_decorator.py
[2024-07-28T15:06:31.618+0000] {processor.py:840} INFO - DAG(s) 'example_branch_python_operator_decorator' retrieved from /home/airflow/.local/lib/python3.12/site-packages/airflow/example_dags/example_branch_operator_decorator.py
[2024-07-28T15:06:31.683+0000] {logging_mixin.py:188} INFO - [2024-07-28T15:06:31.683+0000] {dag.py:3089} INFO - Sync 1 DAGs
[2024-07-28T15:06:31.723+0000] {logging_mixin.py:188} INFO - [2024-07-28T15:06:31.723+0000] {dag.py:3947} INFO - Setting next_dagrun for example_branch_python_operator_decorator to 2024-07-27 00:00:00+00:00, run_after=2024-07-28 00:00:00+00:00
[2024-07-28T15:06:31.762+0000] {processor.py:183} INFO - Processing /home/airflow/.local/lib/python3.12/site-packages/airflow/example_dags/example_branch_operator_decorator.py took 0.212 seconds
[2024-07-28T15:07:02.444+0000] {processor.py:161} INFO - Started process (PID=714) to work on /home/airflow/.local/lib/python3.12/site-packages/airflow/example_dags/example_branch_operator_decorator.py
[2024-07-28T15:07:02.445+0000] {processor.py:830} INFO - Processing file /home/airflow/.local/lib/python3.12/site-packages/airflow/example_dags/example_branch_operator_decorator.py for tasks to queue
[2024-07-28T15:07:02.447+0000] {logging_mixin.py:188} INFO - [2024-07-28T15:07:02.446+0000] {dagbag.py:545} INFO - Filling up the DagBag from /home/airflow/.local/lib/python3.12/site-packages/airflow/example_dags/example_branch_operator_decorator.py
[2024-07-28T15:07:02.480+0000] {processor.py:840} INFO - DAG(s) 'example_branch_python_operator_decorator' retrieved from /home/airflow/.local/lib/python3.12/site-packages/airflow/example_dags/example_branch_operator_decorator.py
[2024-07-28T15:07:02.530+0000] {logging_mixin.py:188} INFO - [2024-07-28T15:07:02.529+0000] {dag.py:3089} INFO - Sync 1 DAGs
[2024-07-28T15:07:02.570+0000] {logging_mixin.py:188} INFO - [2024-07-28T15:07:02.570+0000] {dag.py:3947} INFO - Setting next_dagrun for example_branch_python_operator_decorator to 2024-07-27 00:00:00+00:00, run_after=2024-07-28 00:00:00+00:00
[2024-07-28T15:07:02.604+0000] {processor.py:183} INFO - Processing /home/airflow/.local/lib/python3.12/site-packages/airflow/example_dags/example_branch_operator_decorator.py took 0.167 seconds
[2024-07-28T15:07:33.367+0000] {processor.py:161} INFO - Started process (PID=772) to work on /home/airflow/.local/lib/python3.12/site-packages/airflow/example_dags/example_branch_operator_decorator.py
[2024-07-28T15:07:33.369+0000] {processor.py:830} INFO - Processing file /home/airflow/.local/lib/python3.12/site-packages/airflow/example_dags/example_branch_operator_decorator.py for tasks to queue
[2024-07-28T15:07:33.374+0000] {logging_mixin.py:188} INFO - [2024-07-28T15:07:33.373+0000] {dagbag.py:545} INFO - Filling up the DagBag from /home/airflow/.local/lib/python3.12/site-packages/airflow/example_dags/example_branch_operator_decorator.py
[2024-07-28T15:07:33.455+0000] {processor.py:840} INFO - DAG(s) 'example_branch_python_operator_decorator' retrieved from /home/airflow/.local/lib/python3.12/site-packages/airflow/example_dags/example_branch_operator_decorator.py
[2024-07-28T15:07:33.564+0000] {logging_mixin.py:188} INFO - [2024-07-28T15:07:33.563+0000] {dag.py:3089} INFO - Sync 1 DAGs
[2024-07-28T15:07:33.657+0000] {logging_mixin.py:188} INFO - [2024-07-28T15:07:33.656+0000] {dag.py:3947} INFO - Setting next_dagrun for example_branch_python_operator_decorator to 2024-07-27 00:00:00+00:00, run_after=2024-07-28 00:00:00+00:00
[2024-07-28T15:07:33.724+0000] {processor.py:183} INFO - Processing /home/airflow/.local/lib/python3.12/site-packages/airflow/example_dags/example_branch_operator_decorator.py took 0.378 seconds
[2024-07-28T15:08:04.182+0000] {processor.py:161} INFO - Started process (PID=831) to work on /home/airflow/.local/lib/python3.12/site-packages/airflow/example_dags/example_branch_operator_decorator.py
[2024-07-28T15:08:04.185+0000] {processor.py:830} INFO - Processing file /home/airflow/.local/lib/python3.12/site-packages/airflow/example_dags/example_branch_operator_decorator.py for tasks to queue
[2024-07-28T15:08:04.190+0000] {logging_mixin.py:188} INFO - [2024-07-28T15:08:04.189+0000] {dagbag.py:545} INFO - Filling up the DagBag from /home/airflow/.local/lib/python3.12/site-packages/airflow/example_dags/example_branch_operator_decorator.py
[2024-07-28T15:08:04.267+0000] {processor.py:840} INFO - DAG(s) 'example_branch_python_operator_decorator' retrieved from /home/airflow/.local/lib/python3.12/site-packages/airflow/example_dags/example_branch_operator_decorator.py
[2024-07-28T15:08:04.372+0000] {logging_mixin.py:188} INFO - [2024-07-28T15:08:04.372+0000] {dag.py:3089} INFO - Sync 1 DAGs
[2024-07-28T15:08:04.454+0000] {logging_mixin.py:188} INFO - [2024-07-28T15:08:04.454+0000] {dag.py:3947} INFO - Setting next_dagrun for example_branch_python_operator_decorator to 2024-07-27 00:00:00+00:00, run_after=2024-07-28 00:00:00+00:00
[2024-07-28T15:08:04.513+0000] {processor.py:183} INFO - Processing /home/airflow/.local/lib/python3.12/site-packages/airflow/example_dags/example_branch_operator_decorator.py took 0.350 seconds
[2024-07-28T15:08:35.010+0000] {processor.py:161} INFO - Started process (PID=889) to work on /home/airflow/.local/lib/python3.12/site-packages/airflow/example_dags/example_branch_operator_decorator.py
[2024-07-28T15:08:35.012+0000] {processor.py:830} INFO - Processing file /home/airflow/.local/lib/python3.12/site-packages/airflow/example_dags/example_branch_operator_decorator.py for tasks to queue
[2024-07-28T15:08:35.018+0000] {logging_mixin.py:188} INFO - [2024-07-28T15:08:35.017+0000] {dagbag.py:545} INFO - Filling up the DagBag from /home/airflow/.local/lib/python3.12/site-packages/airflow/example_dags/example_branch_operator_decorator.py
[2024-07-28T15:08:35.103+0000] {processor.py:840} INFO - DAG(s) 'example_branch_python_operator_decorator' retrieved from /home/airflow/.local/lib/python3.12/site-packages/airflow/example_dags/example_branch_operator_decorator.py
[2024-07-28T15:08:35.226+0000] {logging_mixin.py:188} INFO - [2024-07-28T15:08:35.225+0000] {dag.py:3089} INFO - Sync 1 DAGs
[2024-07-28T15:08:35.318+0000] {logging_mixin.py:188} INFO - [2024-07-28T15:08:35.317+0000] {dag.py:3947} INFO - Setting next_dagrun for example_branch_python_operator_decorator to 2024-07-27 00:00:00+00:00, run_after=2024-07-28 00:00:00+00:00
[2024-07-28T15:08:35.390+0000] {processor.py:183} INFO - Processing /home/airflow/.local/lib/python3.12/site-packages/airflow/example_dags/example_branch_operator_decorator.py took 0.402 seconds
[2024-07-28T15:09:05.478+0000] {processor.py:161} INFO - Started process (PID=947) to work on /home/airflow/.local/lib/python3.12/site-packages/airflow/example_dags/example_branch_operator_decorator.py
[2024-07-28T15:09:05.480+0000] {processor.py:830} INFO - Processing file /home/airflow/.local/lib/python3.12/site-packages/airflow/example_dags/example_branch_operator_decorator.py for tasks to queue
[2024-07-28T15:09:05.486+0000] {logging_mixin.py:188} INFO - [2024-07-28T15:09:05.485+0000] {dagbag.py:545} INFO - Filling up the DagBag from /home/airflow/.local/lib/python3.12/site-packages/airflow/example_dags/example_branch_operator_decorator.py
[2024-07-28T15:09:05.567+0000] {processor.py:840} INFO - DAG(s) 'example_branch_python_operator_decorator' retrieved from /home/airflow/.local/lib/python3.12/site-packages/airflow/example_dags/example_branch_operator_decorator.py
[2024-07-28T15:09:05.684+0000] {logging_mixin.py:188} INFO - [2024-07-28T15:09:05.683+0000] {dag.py:3089} INFO - Sync 1 DAGs
[2024-07-28T15:09:05.771+0000] {logging_mixin.py:188} INFO - [2024-07-28T15:09:05.770+0000] {dag.py:3947} INFO - Setting next_dagrun for example_branch_python_operator_decorator to 2024-07-27 00:00:00+00:00, run_after=2024-07-28 00:00:00+00:00
[2024-07-28T15:09:05.834+0000] {processor.py:183} INFO - Processing /home/airflow/.local/lib/python3.12/site-packages/airflow/example_dags/example_branch_operator_decorator.py took 0.377 seconds
[2024-07-28T15:09:36.762+0000] {processor.py:161} INFO - Started process (PID=1005) to work on /home/airflow/.local/lib/python3.12/site-packages/airflow/example_dags/example_branch_operator_decorator.py
[2024-07-28T15:09:36.763+0000] {processor.py:830} INFO - Processing file /home/airflow/.local/lib/python3.12/site-packages/airflow/example_dags/example_branch_operator_decorator.py for tasks to queue
[2024-07-28T15:09:36.767+0000] {logging_mixin.py:188} INFO - [2024-07-28T15:09:36.766+0000] {dagbag.py:545} INFO - Filling up the DagBag from /home/airflow/.local/lib/python3.12/site-packages/airflow/example_dags/example_branch_operator_decorator.py
[2024-07-28T15:09:36.806+0000] {processor.py:840} INFO - DAG(s) 'example_branch_python_operator_decorator' retrieved from /home/airflow/.local/lib/python3.12/site-packages/airflow/example_dags/example_branch_operator_decorator.py
[2024-07-28T15:09:36.858+0000] {logging_mixin.py:188} INFO - [2024-07-28T15:09:36.858+0000] {dag.py:3089} INFO - Sync 1 DAGs
[2024-07-28T15:09:36.898+0000] {logging_mixin.py:188} INFO - [2024-07-28T15:09:36.898+0000] {dag.py:3947} INFO - Setting next_dagrun for example_branch_python_operator_decorator to 2024-07-27 00:00:00+00:00, run_after=2024-07-28 00:00:00+00:00
[2024-07-28T15:09:36.929+0000] {processor.py:183} INFO - Processing /home/airflow/.local/lib/python3.12/site-packages/airflow/example_dags/example_branch_operator_decorator.py took 0.182 seconds
[2024-07-28T15:10:07.242+0000] {processor.py:161} INFO - Started process (PID=1063) to work on /home/airflow/.local/lib/python3.12/site-packages/airflow/example_dags/example_branch_operator_decorator.py
[2024-07-28T15:10:07.244+0000] {processor.py:830} INFO - Processing file /home/airflow/.local/lib/python3.12/site-packages/airflow/example_dags/example_branch_operator_decorator.py for tasks to queue
[2024-07-28T15:10:07.250+0000] {logging_mixin.py:188} INFO - [2024-07-28T15:10:07.249+0000] {dagbag.py:545} INFO - Filling up the DagBag from /home/airflow/.local/lib/python3.12/site-packages/airflow/example_dags/example_branch_operator_decorator.py
[2024-07-28T15:10:07.329+0000] {processor.py:840} INFO - DAG(s) 'example_branch_python_operator_decorator' retrieved from /home/airflow/.local/lib/python3.12/site-packages/airflow/example_dags/example_branch_operator_decorator.py
[2024-07-28T15:10:07.439+0000] {logging_mixin.py:188} INFO - [2024-07-28T15:10:07.438+0000] {dag.py:3089} INFO - Sync 1 DAGs
[2024-07-28T15:10:07.539+0000] {logging_mixin.py:188} INFO - [2024-07-28T15:10:07.538+0000] {dag.py:3947} INFO - Setting next_dagrun for example_branch_python_operator_decorator to 2024-07-27 00:00:00+00:00, run_after=2024-07-28 00:00:00+00:00
[2024-07-28T15:10:07.601+0000] {processor.py:183} INFO - Processing /home/airflow/.local/lib/python3.12/site-packages/airflow/example_dags/example_branch_operator_decorator.py took 0.380 seconds
[2024-07-28T15:10:38.263+0000] {processor.py:161} INFO - Started process (PID=1121) to work on /home/airflow/.local/lib/python3.12/site-packages/airflow/example_dags/example_branch_operator_decorator.py
[2024-07-28T15:10:38.264+0000] {processor.py:830} INFO - Processing file /home/airflow/.local/lib/python3.12/site-packages/airflow/example_dags/example_branch_operator_decorator.py for tasks to queue
[2024-07-28T15:10:38.267+0000] {logging_mixin.py:188} INFO - [2024-07-28T15:10:38.266+0000] {dagbag.py:545} INFO - Filling up the DagBag from /home/airflow/.local/lib/python3.12/site-packages/airflow/example_dags/example_branch_operator_decorator.py
[2024-07-28T15:10:38.305+0000] {processor.py:840} INFO - DAG(s) 'example_branch_python_operator_decorator' retrieved from /home/airflow/.local/lib/python3.12/site-packages/airflow/example_dags/example_branch_operator_decorator.py
[2024-07-28T15:10:38.357+0000] {logging_mixin.py:188} INFO - [2024-07-28T15:10:38.357+0000] {dag.py:3089} INFO - Sync 1 DAGs
[2024-07-28T15:10:38.398+0000] {logging_mixin.py:188} INFO - [2024-07-28T15:10:38.397+0000] {dag.py:3947} INFO - Setting next_dagrun for example_branch_python_operator_decorator to 2024-07-27 00:00:00+00:00, run_after=2024-07-28 00:00:00+00:00
[2024-07-28T15:10:38.432+0000] {processor.py:183} INFO - Processing /home/airflow/.local/lib/python3.12/site-packages/airflow/example_dags/example_branch_operator_decorator.py took 0.181 seconds
