[2024-07-28T15:01:22.985+0000] {processor.py:161} INFO - Started process (PID=65) to work on /home/airflow/.local/lib/python3.12/site-packages/airflow/example_dags/example_complex.py
[2024-07-28T15:01:22.987+0000] {processor.py:830} INFO - Processing file /home/airflow/.local/lib/python3.12/site-packages/airflow/example_dags/example_complex.py for tasks to queue
[2024-07-28T15:01:22.990+0000] {logging_mixin.py:188} INFO - [2024-07-28T15:01:22.990+0000] {dagbag.py:545} INFO - Filling up the DagBag from /home/airflow/.local/lib/python3.12/site-packages/airflow/example_dags/example_complex.py
[2024-07-28T15:01:23.023+0000] {processor.py:840} INFO - DAG(s) 'example_complex' retrieved from /home/airflow/.local/lib/python3.12/site-packages/airflow/example_dags/example_complex.py
[2024-07-28T15:01:23.134+0000] {logging_mixin.py:188} INFO - [2024-07-28T15:01:23.133+0000] {dag.py:3089} INFO - Sync 1 DAGs
[2024-07-28T15:01:23.165+0000] {logging_mixin.py:188} INFO - [2024-07-28T15:01:23.164+0000] {dag.py:3947} INFO - Setting next_dagrun for example_complex to None, run_after=None
[2024-07-28T15:01:23.208+0000] {processor.py:183} INFO - Processing /home/airflow/.local/lib/python3.12/site-packages/airflow/example_dags/example_complex.py took 0.239 seconds
[2024-07-28T15:01:53.293+0000] {processor.py:161} INFO - Started process (PID=123) to work on /home/airflow/.local/lib/python3.12/site-packages/airflow/example_dags/example_complex.py
[2024-07-28T15:01:53.295+0000] {processor.py:830} INFO - Processing file /home/airflow/.local/lib/python3.12/site-packages/airflow/example_dags/example_complex.py for tasks to queue
[2024-07-28T15:01:53.297+0000] {logging_mixin.py:188} INFO - [2024-07-28T15:01:53.296+0000] {dagbag.py:545} INFO - Filling up the DagBag from /home/airflow/.local/lib/python3.12/site-packages/airflow/example_dags/example_complex.py
[2024-07-28T15:01:53.313+0000] {processor.py:840} INFO - DAG(s) 'example_complex' retrieved from /home/airflow/.local/lib/python3.12/site-packages/airflow/example_dags/example_complex.py
[2024-07-28T15:01:53.361+0000] {logging_mixin.py:188} INFO - [2024-07-28T15:01:53.361+0000] {dag.py:3089} INFO - Sync 1 DAGs
[2024-07-28T15:01:53.380+0000] {logging_mixin.py:188} INFO - [2024-07-28T15:01:53.380+0000] {dag.py:3947} INFO - Setting next_dagrun for example_complex to None, run_after=None
[2024-07-28T15:01:53.409+0000] {processor.py:183} INFO - Processing /home/airflow/.local/lib/python3.12/site-packages/airflow/example_dags/example_complex.py took 0.126 seconds
[2024-07-28T15:02:23.899+0000] {processor.py:161} INFO - Started process (PID=181) to work on /home/airflow/.local/lib/python3.12/site-packages/airflow/example_dags/example_complex.py
[2024-07-28T15:02:23.900+0000] {processor.py:830} INFO - Processing file /home/airflow/.local/lib/python3.12/site-packages/airflow/example_dags/example_complex.py for tasks to queue
[2024-07-28T15:02:23.902+0000] {logging_mixin.py:188} INFO - [2024-07-28T15:02:23.902+0000] {dagbag.py:545} INFO - Filling up the DagBag from /home/airflow/.local/lib/python3.12/site-packages/airflow/example_dags/example_complex.py
[2024-07-28T15:02:23.920+0000] {processor.py:840} INFO - DAG(s) 'example_complex' retrieved from /home/airflow/.local/lib/python3.12/site-packages/airflow/example_dags/example_complex.py
[2024-07-28T15:02:23.978+0000] {logging_mixin.py:188} INFO - [2024-07-28T15:02:23.978+0000] {dag.py:3089} INFO - Sync 1 DAGs
[2024-07-28T15:02:23.999+0000] {logging_mixin.py:188} INFO - [2024-07-28T15:02:23.999+0000] {dag.py:3947} INFO - Setting next_dagrun for example_complex to None, run_after=None
[2024-07-28T15:02:24.037+0000] {processor.py:183} INFO - Processing /home/airflow/.local/lib/python3.12/site-packages/airflow/example_dags/example_complex.py took 0.148 seconds
[2024-07-28T15:02:54.906+0000] {processor.py:161} INFO - Started process (PID=239) to work on /home/airflow/.local/lib/python3.12/site-packages/airflow/example_dags/example_complex.py
[2024-07-28T15:02:54.908+0000] {processor.py:830} INFO - Processing file /home/airflow/.local/lib/python3.12/site-packages/airflow/example_dags/example_complex.py for tasks to queue
[2024-07-28T15:02:54.911+0000] {logging_mixin.py:188} INFO - [2024-07-28T15:02:54.910+0000] {dagbag.py:545} INFO - Filling up the DagBag from /home/airflow/.local/lib/python3.12/site-packages/airflow/example_dags/example_complex.py
[2024-07-28T15:02:54.927+0000] {processor.py:840} INFO - DAG(s) 'example_complex' retrieved from /home/airflow/.local/lib/python3.12/site-packages/airflow/example_dags/example_complex.py
[2024-07-28T15:02:55.042+0000] {logging_mixin.py:188} INFO - [2024-07-28T15:02:55.041+0000] {dag.py:3089} INFO - Sync 1 DAGs
[2024-07-28T15:02:55.097+0000] {logging_mixin.py:188} INFO - [2024-07-28T15:02:55.096+0000] {dag.py:3947} INFO - Setting next_dagrun for example_complex to None, run_after=None
[2024-07-28T15:02:55.163+0000] {processor.py:183} INFO - Processing /home/airflow/.local/lib/python3.12/site-packages/airflow/example_dags/example_complex.py took 0.264 seconds
[2024-07-28T15:03:25.791+0000] {processor.py:161} INFO - Started process (PID=297) to work on /home/airflow/.local/lib/python3.12/site-packages/airflow/example_dags/example_complex.py
[2024-07-28T15:03:25.793+0000] {processor.py:830} INFO - Processing file /home/airflow/.local/lib/python3.12/site-packages/airflow/example_dags/example_complex.py for tasks to queue
[2024-07-28T15:03:25.799+0000] {logging_mixin.py:188} INFO - [2024-07-28T15:03:25.798+0000] {dagbag.py:545} INFO - Filling up the DagBag from /home/airflow/.local/lib/python3.12/site-packages/airflow/example_dags/example_complex.py
[2024-07-28T15:03:25.847+0000] {processor.py:840} INFO - DAG(s) 'example_complex' retrieved from /home/airflow/.local/lib/python3.12/site-packages/airflow/example_dags/example_complex.py
[2024-07-28T15:03:25.985+0000] {logging_mixin.py:188} INFO - [2024-07-28T15:03:25.984+0000] {dag.py:3089} INFO - Sync 1 DAGs
[2024-07-28T15:03:26.039+0000] {logging_mixin.py:188} INFO - [2024-07-28T15:03:26.038+0000] {dag.py:3947} INFO - Setting next_dagrun for example_complex to None, run_after=None
[2024-07-28T15:03:26.108+0000] {processor.py:183} INFO - Processing /home/airflow/.local/lib/python3.12/site-packages/airflow/example_dags/example_complex.py took 0.332 seconds
[2024-07-28T15:03:57.054+0000] {processor.py:161} INFO - Started process (PID=355) to work on /home/airflow/.local/lib/python3.12/site-packages/airflow/example_dags/example_complex.py
[2024-07-28T15:03:57.057+0000] {processor.py:830} INFO - Processing file /home/airflow/.local/lib/python3.12/site-packages/airflow/example_dags/example_complex.py for tasks to queue
[2024-07-28T15:03:57.063+0000] {logging_mixin.py:188} INFO - [2024-07-28T15:03:57.062+0000] {dagbag.py:545} INFO - Filling up the DagBag from /home/airflow/.local/lib/python3.12/site-packages/airflow/example_dags/example_complex.py
[2024-07-28T15:03:57.107+0000] {processor.py:840} INFO - DAG(s) 'example_complex' retrieved from /home/airflow/.local/lib/python3.12/site-packages/airflow/example_dags/example_complex.py
[2024-07-28T15:03:57.252+0000] {logging_mixin.py:188} INFO - [2024-07-28T15:03:57.250+0000] {dag.py:3089} INFO - Sync 1 DAGs
[2024-07-28T15:03:57.305+0000] {logging_mixin.py:188} INFO - [2024-07-28T15:03:57.304+0000] {dag.py:3947} INFO - Setting next_dagrun for example_complex to None, run_after=None
[2024-07-28T15:03:57.374+0000] {processor.py:183} INFO - Processing /home/airflow/.local/lib/python3.12/site-packages/airflow/example_dags/example_complex.py took 0.341 seconds
[2024-07-28T15:04:28.018+0000] {processor.py:161} INFO - Started process (PID=413) to work on /home/airflow/.local/lib/python3.12/site-packages/airflow/example_dags/example_complex.py
[2024-07-28T15:04:28.019+0000] {processor.py:830} INFO - Processing file /home/airflow/.local/lib/python3.12/site-packages/airflow/example_dags/example_complex.py for tasks to queue
[2024-07-28T15:04:28.022+0000] {logging_mixin.py:188} INFO - [2024-07-28T15:04:28.021+0000] {dagbag.py:545} INFO - Filling up the DagBag from /home/airflow/.local/lib/python3.12/site-packages/airflow/example_dags/example_complex.py
[2024-07-28T15:04:28.049+0000] {processor.py:840} INFO - DAG(s) 'example_complex' retrieved from /home/airflow/.local/lib/python3.12/site-packages/airflow/example_dags/example_complex.py
[2024-07-28T15:04:28.159+0000] {logging_mixin.py:188} INFO - [2024-07-28T15:04:28.158+0000] {dag.py:3089} INFO - Sync 1 DAGs
[2024-07-28T15:04:28.211+0000] {logging_mixin.py:188} INFO - [2024-07-28T15:04:28.210+0000] {dag.py:3947} INFO - Setting next_dagrun for example_complex to None, run_after=None
[2024-07-28T15:04:28.278+0000] {processor.py:183} INFO - Processing /home/airflow/.local/lib/python3.12/site-packages/airflow/example_dags/example_complex.py took 0.274 seconds
[2024-07-28T15:04:58.567+0000] {processor.py:161} INFO - Started process (PID=471) to work on /home/airflow/.local/lib/python3.12/site-packages/airflow/example_dags/example_complex.py
[2024-07-28T15:04:58.569+0000] {processor.py:830} INFO - Processing file /home/airflow/.local/lib/python3.12/site-packages/airflow/example_dags/example_complex.py for tasks to queue
[2024-07-28T15:04:58.575+0000] {logging_mixin.py:188} INFO - [2024-07-28T15:04:58.574+0000] {dagbag.py:545} INFO - Filling up the DagBag from /home/airflow/.local/lib/python3.12/site-packages/airflow/example_dags/example_complex.py
[2024-07-28T15:04:58.620+0000] {processor.py:840} INFO - DAG(s) 'example_complex' retrieved from /home/airflow/.local/lib/python3.12/site-packages/airflow/example_dags/example_complex.py
[2024-07-28T15:04:58.765+0000] {logging_mixin.py:188} INFO - [2024-07-28T15:04:58.764+0000] {dag.py:3089} INFO - Sync 1 DAGs
[2024-07-28T15:04:58.820+0000] {logging_mixin.py:188} INFO - [2024-07-28T15:04:58.819+0000] {dag.py:3947} INFO - Setting next_dagrun for example_complex to None, run_after=None
[2024-07-28T15:04:58.891+0000] {processor.py:183} INFO - Processing /home/airflow/.local/lib/python3.12/site-packages/airflow/example_dags/example_complex.py took 0.346 seconds
[2024-07-28T15:05:29.082+0000] {processor.py:161} INFO - Started process (PID=529) to work on /home/airflow/.local/lib/python3.12/site-packages/airflow/example_dags/example_complex.py
[2024-07-28T15:05:29.083+0000] {processor.py:830} INFO - Processing file /home/airflow/.local/lib/python3.12/site-packages/airflow/example_dags/example_complex.py for tasks to queue
[2024-07-28T15:05:29.085+0000] {logging_mixin.py:188} INFO - [2024-07-28T15:05:29.085+0000] {dagbag.py:545} INFO - Filling up the DagBag from /home/airflow/.local/lib/python3.12/site-packages/airflow/example_dags/example_complex.py
[2024-07-28T15:05:29.103+0000] {processor.py:840} INFO - DAG(s) 'example_complex' retrieved from /home/airflow/.local/lib/python3.12/site-packages/airflow/example_dags/example_complex.py
[2024-07-28T15:05:29.158+0000] {logging_mixin.py:188} INFO - [2024-07-28T15:05:29.158+0000] {dag.py:3089} INFO - Sync 1 DAGs
[2024-07-28T15:05:29.184+0000] {logging_mixin.py:188} INFO - [2024-07-28T15:05:29.184+0000] {dag.py:3947} INFO - Setting next_dagrun for example_complex to None, run_after=None
[2024-07-28T15:05:29.221+0000] {processor.py:183} INFO - Processing /home/airflow/.local/lib/python3.12/site-packages/airflow/example_dags/example_complex.py took 0.150 seconds
[2024-07-28T15:06:00.216+0000] {processor.py:161} INFO - Started process (PID=587) to work on /home/airflow/.local/lib/python3.12/site-packages/airflow/example_dags/example_complex.py
[2024-07-28T15:06:00.217+0000] {processor.py:830} INFO - Processing file /home/airflow/.local/lib/python3.12/site-packages/airflow/example_dags/example_complex.py for tasks to queue
[2024-07-28T15:06:00.219+0000] {logging_mixin.py:188} INFO - [2024-07-28T15:06:00.218+0000] {dagbag.py:545} INFO - Filling up the DagBag from /home/airflow/.local/lib/python3.12/site-packages/airflow/example_dags/example_complex.py
[2024-07-28T15:06:00.235+0000] {processor.py:840} INFO - DAG(s) 'example_complex' retrieved from /home/airflow/.local/lib/python3.12/site-packages/airflow/example_dags/example_complex.py
[2024-07-28T15:06:00.286+0000] {logging_mixin.py:188} INFO - [2024-07-28T15:06:00.286+0000] {dag.py:3089} INFO - Sync 1 DAGs
[2024-07-28T15:06:00.306+0000] {logging_mixin.py:188} INFO - [2024-07-28T15:06:00.305+0000] {dag.py:3947} INFO - Setting next_dagrun for example_complex to None, run_after=None
[2024-07-28T15:06:00.335+0000] {processor.py:183} INFO - Processing /home/airflow/.local/lib/python3.12/site-packages/airflow/example_dags/example_complex.py took 0.129 seconds
[2024-07-28T15:06:30.544+0000] {processor.py:161} INFO - Started process (PID=645) to work on /home/airflow/.local/lib/python3.12/site-packages/airflow/example_dags/example_complex.py
[2024-07-28T15:06:30.548+0000] {processor.py:830} INFO - Processing file /home/airflow/.local/lib/python3.12/site-packages/airflow/example_dags/example_complex.py for tasks to queue
[2024-07-28T15:06:30.551+0000] {logging_mixin.py:188} INFO - [2024-07-28T15:06:30.551+0000] {dagbag.py:545} INFO - Filling up the DagBag from /home/airflow/.local/lib/python3.12/site-packages/airflow/example_dags/example_complex.py
[2024-07-28T15:06:30.569+0000] {processor.py:840} INFO - DAG(s) 'example_complex' retrieved from /home/airflow/.local/lib/python3.12/site-packages/airflow/example_dags/example_complex.py
[2024-07-28T15:06:30.624+0000] {logging_mixin.py:188} INFO - [2024-07-28T15:06:30.624+0000] {dag.py:3089} INFO - Sync 1 DAGs
[2024-07-28T15:06:30.654+0000] {logging_mixin.py:188} INFO - [2024-07-28T15:06:30.654+0000] {dag.py:3947} INFO - Setting next_dagrun for example_complex to None, run_after=None
[2024-07-28T15:06:30.693+0000] {processor.py:183} INFO - Processing /home/airflow/.local/lib/python3.12/site-packages/airflow/example_dags/example_complex.py took 0.158 seconds
[2024-07-28T15:07:01.273+0000] {processor.py:161} INFO - Started process (PID=703) to work on /home/airflow/.local/lib/python3.12/site-packages/airflow/example_dags/example_complex.py
[2024-07-28T15:07:01.276+0000] {processor.py:830} INFO - Processing file /home/airflow/.local/lib/python3.12/site-packages/airflow/example_dags/example_complex.py for tasks to queue
[2024-07-28T15:07:01.281+0000] {logging_mixin.py:188} INFO - [2024-07-28T15:07:01.280+0000] {dagbag.py:545} INFO - Filling up the DagBag from /home/airflow/.local/lib/python3.12/site-packages/airflow/example_dags/example_complex.py
[2024-07-28T15:07:01.320+0000] {processor.py:840} INFO - DAG(s) 'example_complex' retrieved from /home/airflow/.local/lib/python3.12/site-packages/airflow/example_dags/example_complex.py
[2024-07-28T15:07:01.460+0000] {logging_mixin.py:188} INFO - [2024-07-28T15:07:01.459+0000] {dag.py:3089} INFO - Sync 1 DAGs
[2024-07-28T15:07:01.517+0000] {logging_mixin.py:188} INFO - [2024-07-28T15:07:01.516+0000] {dag.py:3947} INFO - Setting next_dagrun for example_complex to None, run_after=None
[2024-07-28T15:07:01.583+0000] {processor.py:183} INFO - Processing /home/airflow/.local/lib/python3.12/site-packages/airflow/example_dags/example_complex.py took 0.329 seconds
[2024-07-28T15:07:31.945+0000] {processor.py:161} INFO - Started process (PID=761) to work on /home/airflow/.local/lib/python3.12/site-packages/airflow/example_dags/example_complex.py
[2024-07-28T15:07:31.947+0000] {processor.py:830} INFO - Processing file /home/airflow/.local/lib/python3.12/site-packages/airflow/example_dags/example_complex.py for tasks to queue
[2024-07-28T15:07:31.953+0000] {logging_mixin.py:188} INFO - [2024-07-28T15:07:31.952+0000] {dagbag.py:545} INFO - Filling up the DagBag from /home/airflow/.local/lib/python3.12/site-packages/airflow/example_dags/example_complex.py
[2024-07-28T15:07:31.976+0000] {processor.py:840} INFO - DAG(s) 'example_complex' retrieved from /home/airflow/.local/lib/python3.12/site-packages/airflow/example_dags/example_complex.py
[2024-07-28T15:07:32.036+0000] {logging_mixin.py:188} INFO - [2024-07-28T15:07:32.035+0000] {dag.py:3089} INFO - Sync 1 DAGs
[2024-07-28T15:07:32.059+0000] {logging_mixin.py:188} INFO - [2024-07-28T15:07:32.058+0000] {dag.py:3947} INFO - Setting next_dagrun for example_complex to None, run_after=None
[2024-07-28T15:07:32.091+0000] {processor.py:183} INFO - Processing /home/airflow/.local/lib/python3.12/site-packages/airflow/example_dags/example_complex.py took 0.167 seconds
[2024-07-28T15:08:02.287+0000] {processor.py:161} INFO - Started process (PID=820) to work on /home/airflow/.local/lib/python3.12/site-packages/airflow/example_dags/example_complex.py
[2024-07-28T15:08:02.289+0000] {processor.py:830} INFO - Processing file /home/airflow/.local/lib/python3.12/site-packages/airflow/example_dags/example_complex.py for tasks to queue
[2024-07-28T15:08:02.295+0000] {logging_mixin.py:188} INFO - [2024-07-28T15:08:02.294+0000] {dagbag.py:545} INFO - Filling up the DagBag from /home/airflow/.local/lib/python3.12/site-packages/airflow/example_dags/example_complex.py
[2024-07-28T15:08:02.334+0000] {processor.py:840} INFO - DAG(s) 'example_complex' retrieved from /home/airflow/.local/lib/python3.12/site-packages/airflow/example_dags/example_complex.py
[2024-07-28T15:08:02.464+0000] {logging_mixin.py:188} INFO - [2024-07-28T15:08:02.463+0000] {dag.py:3089} INFO - Sync 1 DAGs
[2024-07-28T15:08:02.510+0000] {logging_mixin.py:188} INFO - [2024-07-28T15:08:02.509+0000] {dag.py:3947} INFO - Setting next_dagrun for example_complex to None, run_after=None
[2024-07-28T15:08:02.572+0000] {processor.py:183} INFO - Processing /home/airflow/.local/lib/python3.12/site-packages/airflow/example_dags/example_complex.py took 0.304 seconds
[2024-07-28T15:08:32.685+0000] {processor.py:161} INFO - Started process (PID=878) to work on /home/airflow/.local/lib/python3.12/site-packages/airflow/example_dags/example_complex.py
[2024-07-28T15:08:32.685+0000] {processor.py:830} INFO - Processing file /home/airflow/.local/lib/python3.12/site-packages/airflow/example_dags/example_complex.py for tasks to queue
[2024-07-28T15:08:32.687+0000] {logging_mixin.py:188} INFO - [2024-07-28T15:08:32.687+0000] {dagbag.py:545} INFO - Filling up the DagBag from /home/airflow/.local/lib/python3.12/site-packages/airflow/example_dags/example_complex.py
[2024-07-28T15:08:32.704+0000] {processor.py:840} INFO - DAG(s) 'example_complex' retrieved from /home/airflow/.local/lib/python3.12/site-packages/airflow/example_dags/example_complex.py
[2024-07-28T15:08:32.751+0000] {logging_mixin.py:188} INFO - [2024-07-28T15:08:32.751+0000] {dag.py:3089} INFO - Sync 1 DAGs
[2024-07-28T15:08:32.769+0000] {logging_mixin.py:188} INFO - [2024-07-28T15:08:32.769+0000] {dag.py:3947} INFO - Setting next_dagrun for example_complex to None, run_after=None
[2024-07-28T15:08:32.793+0000] {processor.py:183} INFO - Processing /home/airflow/.local/lib/python3.12/site-packages/airflow/example_dags/example_complex.py took 0.117 seconds
[2024-07-28T15:09:03.297+0000] {processor.py:161} INFO - Started process (PID=936) to work on /home/airflow/.local/lib/python3.12/site-packages/airflow/example_dags/example_complex.py
[2024-07-28T15:09:03.299+0000] {processor.py:830} INFO - Processing file /home/airflow/.local/lib/python3.12/site-packages/airflow/example_dags/example_complex.py for tasks to queue
[2024-07-28T15:09:03.305+0000] {logging_mixin.py:188} INFO - [2024-07-28T15:09:03.304+0000] {dagbag.py:545} INFO - Filling up the DagBag from /home/airflow/.local/lib/python3.12/site-packages/airflow/example_dags/example_complex.py
[2024-07-28T15:09:03.344+0000] {processor.py:840} INFO - DAG(s) 'example_complex' retrieved from /home/airflow/.local/lib/python3.12/site-packages/airflow/example_dags/example_complex.py
[2024-07-28T15:09:03.471+0000] {logging_mixin.py:188} INFO - [2024-07-28T15:09:03.470+0000] {dag.py:3089} INFO - Sync 1 DAGs
[2024-07-28T15:09:03.518+0000] {logging_mixin.py:188} INFO - [2024-07-28T15:09:03.518+0000] {dag.py:3947} INFO - Setting next_dagrun for example_complex to None, run_after=None
[2024-07-28T15:09:03.578+0000] {processor.py:183} INFO - Processing /home/airflow/.local/lib/python3.12/site-packages/airflow/example_dags/example_complex.py took 0.301 seconds
[2024-07-28T15:09:34.399+0000] {processor.py:161} INFO - Started process (PID=994) to work on /home/airflow/.local/lib/python3.12/site-packages/airflow/example_dags/example_complex.py
[2024-07-28T15:09:34.401+0000] {processor.py:830} INFO - Processing file /home/airflow/.local/lib/python3.12/site-packages/airflow/example_dags/example_complex.py for tasks to queue
[2024-07-28T15:09:34.405+0000] {logging_mixin.py:188} INFO - [2024-07-28T15:09:34.405+0000] {dagbag.py:545} INFO - Filling up the DagBag from /home/airflow/.local/lib/python3.12/site-packages/airflow/example_dags/example_complex.py
[2024-07-28T15:09:34.426+0000] {processor.py:840} INFO - DAG(s) 'example_complex' retrieved from /home/airflow/.local/lib/python3.12/site-packages/airflow/example_dags/example_complex.py
[2024-07-28T15:09:34.493+0000] {logging_mixin.py:188} INFO - [2024-07-28T15:09:34.492+0000] {dag.py:3089} INFO - Sync 1 DAGs
[2024-07-28T15:09:34.515+0000] {logging_mixin.py:188} INFO - [2024-07-28T15:09:34.515+0000] {dag.py:3947} INFO - Setting next_dagrun for example_complex to None, run_after=None
[2024-07-28T15:09:34.556+0000] {processor.py:183} INFO - Processing /home/airflow/.local/lib/python3.12/site-packages/airflow/example_dags/example_complex.py took 0.166 seconds
[2024-07-28T15:10:05.136+0000] {processor.py:161} INFO - Started process (PID=1052) to work on /home/airflow/.local/lib/python3.12/site-packages/airflow/example_dags/example_complex.py
[2024-07-28T15:10:05.136+0000] {processor.py:830} INFO - Processing file /home/airflow/.local/lib/python3.12/site-packages/airflow/example_dags/example_complex.py for tasks to queue
[2024-07-28T15:10:05.138+0000] {logging_mixin.py:188} INFO - [2024-07-28T15:10:05.138+0000] {dagbag.py:545} INFO - Filling up the DagBag from /home/airflow/.local/lib/python3.12/site-packages/airflow/example_dags/example_complex.py
[2024-07-28T15:10:05.152+0000] {processor.py:840} INFO - DAG(s) 'example_complex' retrieved from /home/airflow/.local/lib/python3.12/site-packages/airflow/example_dags/example_complex.py
[2024-07-28T15:10:05.199+0000] {logging_mixin.py:188} INFO - [2024-07-28T15:10:05.199+0000] {dag.py:3089} INFO - Sync 1 DAGs
[2024-07-28T15:10:05.217+0000] {logging_mixin.py:188} INFO - [2024-07-28T15:10:05.217+0000] {dag.py:3947} INFO - Setting next_dagrun for example_complex to None, run_after=None
[2024-07-28T15:10:05.243+0000] {processor.py:183} INFO - Processing /home/airflow/.local/lib/python3.12/site-packages/airflow/example_dags/example_complex.py took 0.114 seconds
[2024-07-28T15:10:35.497+0000] {processor.py:161} INFO - Started process (PID=1110) to work on /home/airflow/.local/lib/python3.12/site-packages/airflow/example_dags/example_complex.py
[2024-07-28T15:10:35.498+0000] {processor.py:830} INFO - Processing file /home/airflow/.local/lib/python3.12/site-packages/airflow/example_dags/example_complex.py for tasks to queue
[2024-07-28T15:10:35.501+0000] {logging_mixin.py:188} INFO - [2024-07-28T15:10:35.500+0000] {dagbag.py:545} INFO - Filling up the DagBag from /home/airflow/.local/lib/python3.12/site-packages/airflow/example_dags/example_complex.py
[2024-07-28T15:10:35.520+0000] {processor.py:840} INFO - DAG(s) 'example_complex' retrieved from /home/airflow/.local/lib/python3.12/site-packages/airflow/example_dags/example_complex.py
[2024-07-28T15:10:35.602+0000] {logging_mixin.py:188} INFO - [2024-07-28T15:10:35.601+0000] {dag.py:3089} INFO - Sync 1 DAGs
[2024-07-28T15:10:35.642+0000] {logging_mixin.py:188} INFO - [2024-07-28T15:10:35.642+0000] {dag.py:3947} INFO - Setting next_dagrun for example_complex to None, run_after=None
[2024-07-28T15:10:35.668+0000] {processor.py:183} INFO - Processing /home/airflow/.local/lib/python3.12/site-packages/airflow/example_dags/example_complex.py took 0.179 seconds
