[2024-07-28T15:01:25.508+0000] {processor.py:161} INFO - Started process (PID=83) to work on /home/airflow/.local/lib/python3.12/site-packages/airflow/example_dags/example_latest_only_with_trigger.py
[2024-07-28T15:01:25.509+0000] {processor.py:830} INFO - Processing file /home/airflow/.local/lib/python3.12/site-packages/airflow/example_dags/example_latest_only_with_trigger.py for tasks to queue
[2024-07-28T15:01:25.513+0000] {logging_mixin.py:188} INFO - [2024-07-28T15:01:25.512+0000] {dagbag.py:545} INFO - Filling up the DagBag from /home/airflow/.local/lib/python3.12/site-packages/airflow/example_dags/example_latest_only_with_trigger.py
[2024-07-28T15:01:25.528+0000] {processor.py:840} INFO - DAG(s) 'latest_only_with_trigger' retrieved from /home/airflow/.local/lib/python3.12/site-packages/airflow/example_dags/example_latest_only_with_trigger.py
[2024-07-28T15:01:25.589+0000] {logging_mixin.py:188} INFO - [2024-07-28T15:01:25.588+0000] {dag.py:3089} INFO - Sync 1 DAGs
[2024-07-28T15:01:25.647+0000] {logging_mixin.py:188} INFO - [2024-07-28T15:01:25.646+0000] {dag.py:3947} INFO - Setting next_dagrun for latest_only_with_trigger to 2024-07-28 08:00:00+00:00, run_after=2024-07-28 12:00:00+00:00
[2024-07-28T15:01:25.690+0000] {processor.py:183} INFO - Processing /home/airflow/.local/lib/python3.12/site-packages/airflow/example_dags/example_latest_only_with_trigger.py took 0.196 seconds
[2024-07-28T15:01:55.984+0000] {processor.py:161} INFO - Started process (PID=140) to work on /home/airflow/.local/lib/python3.12/site-packages/airflow/example_dags/example_latest_only_with_trigger.py
[2024-07-28T15:01:55.985+0000] {processor.py:830} INFO - Processing file /home/airflow/.local/lib/python3.12/site-packages/airflow/example_dags/example_latest_only_with_trigger.py for tasks to queue
[2024-07-28T15:01:55.987+0000] {logging_mixin.py:188} INFO - [2024-07-28T15:01:55.987+0000] {dagbag.py:545} INFO - Filling up the DagBag from /home/airflow/.local/lib/python3.12/site-packages/airflow/example_dags/example_latest_only_with_trigger.py
[2024-07-28T15:01:55.998+0000] {processor.py:840} INFO - DAG(s) 'latest_only_with_trigger' retrieved from /home/airflow/.local/lib/python3.12/site-packages/airflow/example_dags/example_latest_only_with_trigger.py
[2024-07-28T15:01:56.027+0000] {logging_mixin.py:188} INFO - [2024-07-28T15:01:56.027+0000] {dag.py:3089} INFO - Sync 1 DAGs
[2024-07-28T15:01:56.061+0000] {logging_mixin.py:188} INFO - [2024-07-28T15:01:56.061+0000] {dag.py:3947} INFO - Setting next_dagrun for latest_only_with_trigger to 2024-07-28 08:00:00+00:00, run_after=2024-07-28 12:00:00+00:00
[2024-07-28T15:01:56.087+0000] {processor.py:183} INFO - Processing /home/airflow/.local/lib/python3.12/site-packages/airflow/example_dags/example_latest_only_with_trigger.py took 0.110 seconds
[2024-07-28T15:02:26.499+0000] {processor.py:161} INFO - Started process (PID=198) to work on /home/airflow/.local/lib/python3.12/site-packages/airflow/example_dags/example_latest_only_with_trigger.py
[2024-07-28T15:02:26.500+0000] {processor.py:830} INFO - Processing file /home/airflow/.local/lib/python3.12/site-packages/airflow/example_dags/example_latest_only_with_trigger.py for tasks to queue
[2024-07-28T15:02:26.502+0000] {logging_mixin.py:188} INFO - [2024-07-28T15:02:26.502+0000] {dagbag.py:545} INFO - Filling up the DagBag from /home/airflow/.local/lib/python3.12/site-packages/airflow/example_dags/example_latest_only_with_trigger.py
[2024-07-28T15:02:26.514+0000] {processor.py:840} INFO - DAG(s) 'latest_only_with_trigger' retrieved from /home/airflow/.local/lib/python3.12/site-packages/airflow/example_dags/example_latest_only_with_trigger.py
[2024-07-28T15:02:26.546+0000] {logging_mixin.py:188} INFO - [2024-07-28T15:02:26.546+0000] {dag.py:3089} INFO - Sync 1 DAGs
[2024-07-28T15:02:26.580+0000] {logging_mixin.py:188} INFO - [2024-07-28T15:02:26.580+0000] {dag.py:3947} INFO - Setting next_dagrun for latest_only_with_trigger to 2024-07-28 08:00:00+00:00, run_after=2024-07-28 12:00:00+00:00
[2024-07-28T15:02:26.612+0000] {processor.py:183} INFO - Processing /home/airflow/.local/lib/python3.12/site-packages/airflow/example_dags/example_latest_only_with_trigger.py took 0.124 seconds
[2024-07-28T15:02:58.106+0000] {processor.py:161} INFO - Started process (PID=257) to work on /home/airflow/.local/lib/python3.12/site-packages/airflow/example_dags/example_latest_only_with_trigger.py
[2024-07-28T15:02:58.108+0000] {processor.py:830} INFO - Processing file /home/airflow/.local/lib/python3.12/site-packages/airflow/example_dags/example_latest_only_with_trigger.py for tasks to queue
[2024-07-28T15:02:58.111+0000] {logging_mixin.py:188} INFO - [2024-07-28T15:02:58.111+0000] {dagbag.py:545} INFO - Filling up the DagBag from /home/airflow/.local/lib/python3.12/site-packages/airflow/example_dags/example_latest_only_with_trigger.py
[2024-07-28T15:02:58.119+0000] {processor.py:840} INFO - DAG(s) 'latest_only_with_trigger' retrieved from /home/airflow/.local/lib/python3.12/site-packages/airflow/example_dags/example_latest_only_with_trigger.py
[2024-07-28T15:02:58.151+0000] {logging_mixin.py:188} INFO - [2024-07-28T15:02:58.151+0000] {dag.py:3089} INFO - Sync 1 DAGs
[2024-07-28T15:02:58.187+0000] {logging_mixin.py:188} INFO - [2024-07-28T15:02:58.187+0000] {dag.py:3947} INFO - Setting next_dagrun for latest_only_with_trigger to 2024-07-28 08:00:00+00:00, run_after=2024-07-28 12:00:00+00:00
[2024-07-28T15:02:58.218+0000] {processor.py:183} INFO - Processing /home/airflow/.local/lib/python3.12/site-packages/airflow/example_dags/example_latest_only_with_trigger.py took 0.120 seconds
[2024-07-28T15:03:28.482+0000] {processor.py:161} INFO - Started process (PID=315) to work on /home/airflow/.local/lib/python3.12/site-packages/airflow/example_dags/example_latest_only_with_trigger.py
[2024-07-28T15:03:28.483+0000] {processor.py:830} INFO - Processing file /home/airflow/.local/lib/python3.12/site-packages/airflow/example_dags/example_latest_only_with_trigger.py for tasks to queue
[2024-07-28T15:03:28.487+0000] {logging_mixin.py:188} INFO - [2024-07-28T15:03:28.486+0000] {dagbag.py:545} INFO - Filling up the DagBag from /home/airflow/.local/lib/python3.12/site-packages/airflow/example_dags/example_latest_only_with_trigger.py
[2024-07-28T15:03:28.502+0000] {processor.py:840} INFO - DAG(s) 'latest_only_with_trigger' retrieved from /home/airflow/.local/lib/python3.12/site-packages/airflow/example_dags/example_latest_only_with_trigger.py
[2024-07-28T15:03:28.562+0000] {logging_mixin.py:188} INFO - [2024-07-28T15:03:28.562+0000] {dag.py:3089} INFO - Sync 1 DAGs
[2024-07-28T15:03:28.620+0000] {logging_mixin.py:188} INFO - [2024-07-28T15:03:28.620+0000] {dag.py:3947} INFO - Setting next_dagrun for latest_only_with_trigger to 2024-07-28 08:00:00+00:00, run_after=2024-07-28 12:00:00+00:00
[2024-07-28T15:03:28.682+0000] {processor.py:183} INFO - Processing /home/airflow/.local/lib/python3.12/site-packages/airflow/example_dags/example_latest_only_with_trigger.py took 0.212 seconds
[2024-07-28T15:04:00.171+0000] {processor.py:161} INFO - Started process (PID=373) to work on /home/airflow/.local/lib/python3.12/site-packages/airflow/example_dags/example_latest_only_with_trigger.py
[2024-07-28T15:04:00.173+0000] {processor.py:830} INFO - Processing file /home/airflow/.local/lib/python3.12/site-packages/airflow/example_dags/example_latest_only_with_trigger.py for tasks to queue
[2024-07-28T15:04:00.181+0000] {logging_mixin.py:188} INFO - [2024-07-28T15:04:00.180+0000] {dagbag.py:545} INFO - Filling up the DagBag from /home/airflow/.local/lib/python3.12/site-packages/airflow/example_dags/example_latest_only_with_trigger.py
[2024-07-28T15:04:00.205+0000] {processor.py:840} INFO - DAG(s) 'latest_only_with_trigger' retrieved from /home/airflow/.local/lib/python3.12/site-packages/airflow/example_dags/example_latest_only_with_trigger.py
[2024-07-28T15:04:00.301+0000] {logging_mixin.py:188} INFO - [2024-07-28T15:04:00.300+0000] {dag.py:3089} INFO - Sync 1 DAGs
[2024-07-28T15:04:00.388+0000] {logging_mixin.py:188} INFO - [2024-07-28T15:04:00.387+0000] {dag.py:3947} INFO - Setting next_dagrun for latest_only_with_trigger to 2024-07-28 08:00:00+00:00, run_after=2024-07-28 12:00:00+00:00
[2024-07-28T15:04:00.419+0000] {processor.py:183} INFO - Processing /home/airflow/.local/lib/python3.12/site-packages/airflow/example_dags/example_latest_only_with_trigger.py took 0.271 seconds
[2024-07-28T15:04:31.023+0000] {processor.py:161} INFO - Started process (PID=431) to work on /home/airflow/.local/lib/python3.12/site-packages/airflow/example_dags/example_latest_only_with_trigger.py
[2024-07-28T15:04:31.024+0000] {processor.py:830} INFO - Processing file /home/airflow/.local/lib/python3.12/site-packages/airflow/example_dags/example_latest_only_with_trigger.py for tasks to queue
[2024-07-28T15:04:31.029+0000] {logging_mixin.py:188} INFO - [2024-07-28T15:04:31.028+0000] {dagbag.py:545} INFO - Filling up the DagBag from /home/airflow/.local/lib/python3.12/site-packages/airflow/example_dags/example_latest_only_with_trigger.py
[2024-07-28T15:04:31.036+0000] {processor.py:840} INFO - DAG(s) 'latest_only_with_trigger' retrieved from /home/airflow/.local/lib/python3.12/site-packages/airflow/example_dags/example_latest_only_with_trigger.py
[2024-07-28T15:04:31.069+0000] {logging_mixin.py:188} INFO - [2024-07-28T15:04:31.068+0000] {dag.py:3089} INFO - Sync 1 DAGs
[2024-07-28T15:04:31.104+0000] {logging_mixin.py:188} INFO - [2024-07-28T15:04:31.104+0000] {dag.py:3947} INFO - Setting next_dagrun for latest_only_with_trigger to 2024-07-28 08:00:00+00:00, run_after=2024-07-28 12:00:00+00:00
[2024-07-28T15:04:31.134+0000] {processor.py:183} INFO - Processing /home/airflow/.local/lib/python3.12/site-packages/airflow/example_dags/example_latest_only_with_trigger.py took 0.118 seconds
[2024-07-28T15:05:01.424+0000] {processor.py:161} INFO - Started process (PID=489) to work on /home/airflow/.local/lib/python3.12/site-packages/airflow/example_dags/example_latest_only_with_trigger.py
[2024-07-28T15:05:01.426+0000] {processor.py:830} INFO - Processing file /home/airflow/.local/lib/python3.12/site-packages/airflow/example_dags/example_latest_only_with_trigger.py for tasks to queue
[2024-07-28T15:05:01.434+0000] {logging_mixin.py:188} INFO - [2024-07-28T15:05:01.432+0000] {dagbag.py:545} INFO - Filling up the DagBag from /home/airflow/.local/lib/python3.12/site-packages/airflow/example_dags/example_latest_only_with_trigger.py
[2024-07-28T15:05:01.453+0000] {processor.py:840} INFO - DAG(s) 'latest_only_with_trigger' retrieved from /home/airflow/.local/lib/python3.12/site-packages/airflow/example_dags/example_latest_only_with_trigger.py
[2024-07-28T15:05:01.534+0000] {logging_mixin.py:188} INFO - [2024-07-28T15:05:01.533+0000] {dag.py:3089} INFO - Sync 1 DAGs
[2024-07-28T15:05:01.631+0000] {logging_mixin.py:188} INFO - [2024-07-28T15:05:01.629+0000] {dag.py:3947} INFO - Setting next_dagrun for latest_only_with_trigger to 2024-07-28 08:00:00+00:00, run_after=2024-07-28 12:00:00+00:00
[2024-07-28T15:05:01.711+0000] {processor.py:183} INFO - Processing /home/airflow/.local/lib/python3.12/site-packages/airflow/example_dags/example_latest_only_with_trigger.py took 0.311 seconds
[2024-07-28T15:05:32.542+0000] {processor.py:161} INFO - Started process (PID=547) to work on /home/airflow/.local/lib/python3.12/site-packages/airflow/example_dags/example_latest_only_with_trigger.py
[2024-07-28T15:05:32.545+0000] {processor.py:830} INFO - Processing file /home/airflow/.local/lib/python3.12/site-packages/airflow/example_dags/example_latest_only_with_trigger.py for tasks to queue
[2024-07-28T15:05:32.548+0000] {logging_mixin.py:188} INFO - [2024-07-28T15:05:32.547+0000] {dagbag.py:545} INFO - Filling up the DagBag from /home/airflow/.local/lib/python3.12/site-packages/airflow/example_dags/example_latest_only_with_trigger.py
[2024-07-28T15:05:32.554+0000] {processor.py:840} INFO - DAG(s) 'latest_only_with_trigger' retrieved from /home/airflow/.local/lib/python3.12/site-packages/airflow/example_dags/example_latest_only_with_trigger.py
[2024-07-28T15:05:32.585+0000] {logging_mixin.py:188} INFO - [2024-07-28T15:05:32.584+0000] {dag.py:3089} INFO - Sync 1 DAGs
[2024-07-28T15:05:32.619+0000] {logging_mixin.py:188} INFO - [2024-07-28T15:05:32.618+0000] {dag.py:3947} INFO - Setting next_dagrun for latest_only_with_trigger to 2024-07-28 08:00:00+00:00, run_after=2024-07-28 12:00:00+00:00
[2024-07-28T15:05:32.649+0000] {processor.py:183} INFO - Processing /home/airflow/.local/lib/python3.12/site-packages/airflow/example_dags/example_latest_only_with_trigger.py took 0.118 seconds
[2024-07-28T15:06:02.907+0000] {processor.py:161} INFO - Started process (PID=605) to work on /home/airflow/.local/lib/python3.12/site-packages/airflow/example_dags/example_latest_only_with_trigger.py
[2024-07-28T15:06:02.908+0000] {processor.py:830} INFO - Processing file /home/airflow/.local/lib/python3.12/site-packages/airflow/example_dags/example_latest_only_with_trigger.py for tasks to queue
[2024-07-28T15:06:02.913+0000] {logging_mixin.py:188} INFO - [2024-07-28T15:06:02.912+0000] {dagbag.py:545} INFO - Filling up the DagBag from /home/airflow/.local/lib/python3.12/site-packages/airflow/example_dags/example_latest_only_with_trigger.py
[2024-07-28T15:06:02.921+0000] {processor.py:840} INFO - DAG(s) 'latest_only_with_trigger' retrieved from /home/airflow/.local/lib/python3.12/site-packages/airflow/example_dags/example_latest_only_with_trigger.py
[2024-07-28T15:06:02.966+0000] {logging_mixin.py:188} INFO - [2024-07-28T15:06:02.966+0000] {dag.py:3089} INFO - Sync 1 DAGs
[2024-07-28T15:06:03.009+0000] {logging_mixin.py:188} INFO - [2024-07-28T15:06:03.008+0000] {dag.py:3947} INFO - Setting next_dagrun for latest_only_with_trigger to 2024-07-28 08:00:00+00:00, run_after=2024-07-28 12:00:00+00:00
[2024-07-28T15:06:03.044+0000] {processor.py:183} INFO - Processing /home/airflow/.local/lib/python3.12/site-packages/airflow/example_dags/example_latest_only_with_trigger.py took 0.146 seconds
[2024-07-28T15:06:33.245+0000] {processor.py:161} INFO - Started process (PID=663) to work on /home/airflow/.local/lib/python3.12/site-packages/airflow/example_dags/example_latest_only_with_trigger.py
[2024-07-28T15:06:33.247+0000] {processor.py:830} INFO - Processing file /home/airflow/.local/lib/python3.12/site-packages/airflow/example_dags/example_latest_only_with_trigger.py for tasks to queue
[2024-07-28T15:06:33.251+0000] {logging_mixin.py:188} INFO - [2024-07-28T15:06:33.250+0000] {dagbag.py:545} INFO - Filling up the DagBag from /home/airflow/.local/lib/python3.12/site-packages/airflow/example_dags/example_latest_only_with_trigger.py
[2024-07-28T15:06:33.260+0000] {processor.py:840} INFO - DAG(s) 'latest_only_with_trigger' retrieved from /home/airflow/.local/lib/python3.12/site-packages/airflow/example_dags/example_latest_only_with_trigger.py
[2024-07-28T15:06:33.295+0000] {logging_mixin.py:188} INFO - [2024-07-28T15:06:33.295+0000] {dag.py:3089} INFO - Sync 1 DAGs
[2024-07-28T15:06:33.339+0000] {logging_mixin.py:188} INFO - [2024-07-28T15:06:33.338+0000] {dag.py:3947} INFO - Setting next_dagrun for latest_only_with_trigger to 2024-07-28 08:00:00+00:00, run_after=2024-07-28 12:00:00+00:00
[2024-07-28T15:06:33.385+0000] {processor.py:183} INFO - Processing /home/airflow/.local/lib/python3.12/site-packages/airflow/example_dags/example_latest_only_with_trigger.py took 0.151 seconds
[2024-07-28T15:07:04.004+0000] {processor.py:161} INFO - Started process (PID=721) to work on /home/airflow/.local/lib/python3.12/site-packages/airflow/example_dags/example_latest_only_with_trigger.py
[2024-07-28T15:07:04.007+0000] {processor.py:830} INFO - Processing file /home/airflow/.local/lib/python3.12/site-packages/airflow/example_dags/example_latest_only_with_trigger.py for tasks to queue
[2024-07-28T15:07:04.012+0000] {logging_mixin.py:188} INFO - [2024-07-28T15:07:04.011+0000] {dagbag.py:545} INFO - Filling up the DagBag from /home/airflow/.local/lib/python3.12/site-packages/airflow/example_dags/example_latest_only_with_trigger.py
[2024-07-28T15:07:04.030+0000] {processor.py:840} INFO - DAG(s) 'latest_only_with_trigger' retrieved from /home/airflow/.local/lib/python3.12/site-packages/airflow/example_dags/example_latest_only_with_trigger.py
[2024-07-28T15:07:04.077+0000] {logging_mixin.py:188} INFO - [2024-07-28T15:07:04.077+0000] {dag.py:3089} INFO - Sync 1 DAGs
[2024-07-28T15:07:04.102+0000] {logging_mixin.py:188} INFO - [2024-07-28T15:07:04.102+0000] {dag.py:3947} INFO - Setting next_dagrun for latest_only_with_trigger to 2024-07-28 08:00:00+00:00, run_after=2024-07-28 12:00:00+00:00
[2024-07-28T15:07:04.123+0000] {processor.py:183} INFO - Processing /home/airflow/.local/lib/python3.12/site-packages/airflow/example_dags/example_latest_only_with_trigger.py took 0.138 seconds
[2024-07-28T15:07:34.890+0000] {processor.py:161} INFO - Started process (PID=779) to work on /home/airflow/.local/lib/python3.12/site-packages/airflow/example_dags/example_latest_only_with_trigger.py
[2024-07-28T15:07:34.893+0000] {processor.py:830} INFO - Processing file /home/airflow/.local/lib/python3.12/site-packages/airflow/example_dags/example_latest_only_with_trigger.py for tasks to queue
[2024-07-28T15:07:34.899+0000] {logging_mixin.py:188} INFO - [2024-07-28T15:07:34.898+0000] {dagbag.py:545} INFO - Filling up the DagBag from /home/airflow/.local/lib/python3.12/site-packages/airflow/example_dags/example_latest_only_with_trigger.py
[2024-07-28T15:07:34.921+0000] {processor.py:840} INFO - DAG(s) 'latest_only_with_trigger' retrieved from /home/airflow/.local/lib/python3.12/site-packages/airflow/example_dags/example_latest_only_with_trigger.py
[2024-07-28T15:07:34.997+0000] {logging_mixin.py:188} INFO - [2024-07-28T15:07:34.997+0000] {dag.py:3089} INFO - Sync 1 DAGs
[2024-07-28T15:07:35.098+0000] {logging_mixin.py:188} INFO - [2024-07-28T15:07:35.096+0000] {dag.py:3947} INFO - Setting next_dagrun for latest_only_with_trigger to 2024-07-28 08:00:00+00:00, run_after=2024-07-28 12:00:00+00:00
[2024-07-28T15:07:35.179+0000] {processor.py:183} INFO - Processing /home/airflow/.local/lib/python3.12/site-packages/airflow/example_dags/example_latest_only_with_trigger.py took 0.313 seconds
[2024-07-28T15:08:05.442+0000] {processor.py:161} INFO - Started process (PID=838) to work on /home/airflow/.local/lib/python3.12/site-packages/airflow/example_dags/example_latest_only_with_trigger.py
[2024-07-28T15:08:05.444+0000] {processor.py:830} INFO - Processing file /home/airflow/.local/lib/python3.12/site-packages/airflow/example_dags/example_latest_only_with_trigger.py for tasks to queue
[2024-07-28T15:08:05.450+0000] {logging_mixin.py:188} INFO - [2024-07-28T15:08:05.449+0000] {dagbag.py:545} INFO - Filling up the DagBag from /home/airflow/.local/lib/python3.12/site-packages/airflow/example_dags/example_latest_only_with_trigger.py
[2024-07-28T15:08:05.468+0000] {processor.py:840} INFO - DAG(s) 'latest_only_with_trigger' retrieved from /home/airflow/.local/lib/python3.12/site-packages/airflow/example_dags/example_latest_only_with_trigger.py
[2024-07-28T15:08:05.534+0000] {logging_mixin.py:188} INFO - [2024-07-28T15:08:05.533+0000] {dag.py:3089} INFO - Sync 1 DAGs
[2024-07-28T15:08:05.624+0000] {logging_mixin.py:188} INFO - [2024-07-28T15:08:05.623+0000] {dag.py:3947} INFO - Setting next_dagrun for latest_only_with_trigger to 2024-07-28 08:00:00+00:00, run_after=2024-07-28 12:00:00+00:00
[2024-07-28T15:08:05.687+0000] {processor.py:183} INFO - Processing /home/airflow/.local/lib/python3.12/site-packages/airflow/example_dags/example_latest_only_with_trigger.py took 0.264 seconds
[2024-07-28T15:08:36.237+0000] {processor.py:161} INFO - Started process (PID=896) to work on /home/airflow/.local/lib/python3.12/site-packages/airflow/example_dags/example_latest_only_with_trigger.py
[2024-07-28T15:08:36.239+0000] {processor.py:830} INFO - Processing file /home/airflow/.local/lib/python3.12/site-packages/airflow/example_dags/example_latest_only_with_trigger.py for tasks to queue
[2024-07-28T15:08:36.245+0000] {logging_mixin.py:188} INFO - [2024-07-28T15:08:36.244+0000] {dagbag.py:545} INFO - Filling up the DagBag from /home/airflow/.local/lib/python3.12/site-packages/airflow/example_dags/example_latest_only_with_trigger.py
[2024-07-28T15:08:36.263+0000] {processor.py:840} INFO - DAG(s) 'latest_only_with_trigger' retrieved from /home/airflow/.local/lib/python3.12/site-packages/airflow/example_dags/example_latest_only_with_trigger.py
[2024-07-28T15:08:36.331+0000] {logging_mixin.py:188} INFO - [2024-07-28T15:08:36.330+0000] {dag.py:3089} INFO - Sync 1 DAGs
[2024-07-28T15:08:36.410+0000] {logging_mixin.py:188} INFO - [2024-07-28T15:08:36.410+0000] {dag.py:3947} INFO - Setting next_dagrun for latest_only_with_trigger to 2024-07-28 08:00:00+00:00, run_after=2024-07-28 12:00:00+00:00
[2024-07-28T15:08:36.474+0000] {processor.py:183} INFO - Processing /home/airflow/.local/lib/python3.12/site-packages/airflow/example_dags/example_latest_only_with_trigger.py took 0.257 seconds
[2024-07-28T15:09:06.904+0000] {processor.py:161} INFO - Started process (PID=954) to work on /home/airflow/.local/lib/python3.12/site-packages/airflow/example_dags/example_latest_only_with_trigger.py
[2024-07-28T15:09:06.906+0000] {processor.py:830} INFO - Processing file /home/airflow/.local/lib/python3.12/site-packages/airflow/example_dags/example_latest_only_with_trigger.py for tasks to queue
[2024-07-28T15:09:06.911+0000] {logging_mixin.py:188} INFO - [2024-07-28T15:09:06.910+0000] {dagbag.py:545} INFO - Filling up the DagBag from /home/airflow/.local/lib/python3.12/site-packages/airflow/example_dags/example_latest_only_with_trigger.py
[2024-07-28T15:09:06.929+0000] {processor.py:840} INFO - DAG(s) 'latest_only_with_trigger' retrieved from /home/airflow/.local/lib/python3.12/site-packages/airflow/example_dags/example_latest_only_with_trigger.py
[2024-07-28T15:09:07.001+0000] {logging_mixin.py:188} INFO - [2024-07-28T15:09:07.000+0000] {dag.py:3089} INFO - Sync 1 DAGs
[2024-07-28T15:09:07.089+0000] {logging_mixin.py:188} INFO - [2024-07-28T15:09:07.088+0000] {dag.py:3947} INFO - Setting next_dagrun for latest_only_with_trigger to 2024-07-28 08:00:00+00:00, run_after=2024-07-28 12:00:00+00:00
[2024-07-28T15:09:07.154+0000] {processor.py:183} INFO - Processing /home/airflow/.local/lib/python3.12/site-packages/airflow/example_dags/example_latest_only_with_trigger.py took 0.272 seconds
[2024-07-28T15:09:37.322+0000] {processor.py:161} INFO - Started process (PID=1012) to work on /home/airflow/.local/lib/python3.12/site-packages/airflow/example_dags/example_latest_only_with_trigger.py
[2024-07-28T15:09:37.324+0000] {processor.py:830} INFO - Processing file /home/airflow/.local/lib/python3.12/site-packages/airflow/example_dags/example_latest_only_with_trigger.py for tasks to queue
[2024-07-28T15:09:37.326+0000] {logging_mixin.py:188} INFO - [2024-07-28T15:09:37.326+0000] {dagbag.py:545} INFO - Filling up the DagBag from /home/airflow/.local/lib/python3.12/site-packages/airflow/example_dags/example_latest_only_with_trigger.py
[2024-07-28T15:09:37.336+0000] {processor.py:840} INFO - DAG(s) 'latest_only_with_trigger' retrieved from /home/airflow/.local/lib/python3.12/site-packages/airflow/example_dags/example_latest_only_with_trigger.py
[2024-07-28T15:09:37.374+0000] {logging_mixin.py:188} INFO - [2024-07-28T15:09:37.374+0000] {dag.py:3089} INFO - Sync 1 DAGs
[2024-07-28T15:09:37.434+0000] {logging_mixin.py:188} INFO - [2024-07-28T15:09:37.433+0000] {dag.py:3947} INFO - Setting next_dagrun for latest_only_with_trigger to 2024-07-28 08:00:00+00:00, run_after=2024-07-28 12:00:00+00:00
[2024-07-28T15:09:37.478+0000] {processor.py:183} INFO - Processing /home/airflow/.local/lib/python3.12/site-packages/airflow/example_dags/example_latest_only_with_trigger.py took 0.168 seconds
[2024-07-28T15:10:08.333+0000] {processor.py:161} INFO - Started process (PID=1070) to work on /home/airflow/.local/lib/python3.12/site-packages/airflow/example_dags/example_latest_only_with_trigger.py
[2024-07-28T15:10:08.336+0000] {processor.py:830} INFO - Processing file /home/airflow/.local/lib/python3.12/site-packages/airflow/example_dags/example_latest_only_with_trigger.py for tasks to queue
[2024-07-28T15:10:08.346+0000] {logging_mixin.py:188} INFO - [2024-07-28T15:10:08.344+0000] {dagbag.py:545} INFO - Filling up the DagBag from /home/airflow/.local/lib/python3.12/site-packages/airflow/example_dags/example_latest_only_with_trigger.py
[2024-07-28T15:10:08.374+0000] {processor.py:840} INFO - DAG(s) 'latest_only_with_trigger' retrieved from /home/airflow/.local/lib/python3.12/site-packages/airflow/example_dags/example_latest_only_with_trigger.py
[2024-07-28T15:10:08.509+0000] {logging_mixin.py:188} INFO - [2024-07-28T15:10:08.507+0000] {dag.py:3089} INFO - Sync 1 DAGs
[2024-07-28T15:10:08.661+0000] {logging_mixin.py:188} INFO - [2024-07-28T15:10:08.660+0000] {dag.py:3947} INFO - Setting next_dagrun for latest_only_with_trigger to 2024-07-28 08:00:00+00:00, run_after=2024-07-28 12:00:00+00:00
[2024-07-28T15:10:08.736+0000] {processor.py:183} INFO - Processing /home/airflow/.local/lib/python3.12/site-packages/airflow/example_dags/example_latest_only_with_trigger.py took 0.422 seconds
[2024-07-28T15:10:38.937+0000] {processor.py:161} INFO - Started process (PID=1128) to work on /home/airflow/.local/lib/python3.12/site-packages/airflow/example_dags/example_latest_only_with_trigger.py
[2024-07-28T15:10:38.938+0000] {processor.py:830} INFO - Processing file /home/airflow/.local/lib/python3.12/site-packages/airflow/example_dags/example_latest_only_with_trigger.py for tasks to queue
[2024-07-28T15:10:38.940+0000] {logging_mixin.py:188} INFO - [2024-07-28T15:10:38.940+0000] {dagbag.py:545} INFO - Filling up the DagBag from /home/airflow/.local/lib/python3.12/site-packages/airflow/example_dags/example_latest_only_with_trigger.py
[2024-07-28T15:10:38.947+0000] {processor.py:840} INFO - DAG(s) 'latest_only_with_trigger' retrieved from /home/airflow/.local/lib/python3.12/site-packages/airflow/example_dags/example_latest_only_with_trigger.py
[2024-07-28T15:10:38.977+0000] {logging_mixin.py:188} INFO - [2024-07-28T15:10:38.976+0000] {dag.py:3089} INFO - Sync 1 DAGs
[2024-07-28T15:10:39.006+0000] {logging_mixin.py:188} INFO - [2024-07-28T15:10:39.006+0000] {dag.py:3947} INFO - Setting next_dagrun for latest_only_with_trigger to 2024-07-28 08:00:00+00:00, run_after=2024-07-28 12:00:00+00:00
[2024-07-28T15:10:39.027+0000] {processor.py:183} INFO - Processing /home/airflow/.local/lib/python3.12/site-packages/airflow/example_dags/example_latest_only_with_trigger.py took 0.098 seconds
