[2024-07-28T15:01:22.028+0000] {processor.py:161} INFO - Started process (PID=58) to work on /home/airflow/.local/lib/python3.12/site-packages/airflow/example_dags/example_sla_dag.py
[2024-07-28T15:01:22.029+0000] {processor.py:830} INFO - Processing file /home/airflow/.local/lib/python3.12/site-packages/airflow/example_dags/example_sla_dag.py for tasks to queue
[2024-07-28T15:01:22.031+0000] {logging_mixin.py:188} INFO - [2024-07-28T15:01:22.031+0000] {dagbag.py:545} INFO - Filling up the DagBag from /home/airflow/.local/lib/python3.12/site-packages/airflow/example_dags/example_sla_dag.py
[2024-07-28T15:01:22.060+0000] {processor.py:840} INFO - DAG(s) 'example_sla_dag' retrieved from /home/airflow/.local/lib/python3.12/site-packages/airflow/example_dags/example_sla_dag.py
[2024-07-28T15:01:22.194+0000] {logging_mixin.py:188} INFO - [2024-07-28T15:01:22.193+0000] {dag.py:3089} INFO - Sync 1 DAGs
[2024-07-28T15:01:22.249+0000] {logging_mixin.py:188} INFO - [2024-07-28T15:01:22.248+0000] {dag.py:3947} INFO - Setting next_dagrun for example_sla_dag to 2024-07-28 14:58:00+00:00, run_after=2024-07-28 15:00:00+00:00
[2024-07-28T15:01:22.295+0000] {processor.py:183} INFO - Processing /home/airflow/.local/lib/python3.12/site-packages/airflow/example_dags/example_sla_dag.py took 0.277 seconds
[2024-07-28T15:01:52.549+0000] {processor.py:161} INFO - Started process (PID=116) to work on /home/airflow/.local/lib/python3.12/site-packages/airflow/example_dags/example_sla_dag.py
[2024-07-28T15:01:52.550+0000] {processor.py:830} INFO - Processing file /home/airflow/.local/lib/python3.12/site-packages/airflow/example_dags/example_sla_dag.py for tasks to queue
[2024-07-28T15:01:52.552+0000] {logging_mixin.py:188} INFO - [2024-07-28T15:01:52.552+0000] {dagbag.py:545} INFO - Filling up the DagBag from /home/airflow/.local/lib/python3.12/site-packages/airflow/example_dags/example_sla_dag.py
[2024-07-28T15:01:52.566+0000] {processor.py:840} INFO - DAG(s) 'example_sla_dag' retrieved from /home/airflow/.local/lib/python3.12/site-packages/airflow/example_dags/example_sla_dag.py
[2024-07-28T15:01:52.598+0000] {logging_mixin.py:188} INFO - [2024-07-28T15:01:52.597+0000] {dag.py:3089} INFO - Sync 1 DAGs
[2024-07-28T15:01:52.638+0000] {logging_mixin.py:188} INFO - [2024-07-28T15:01:52.638+0000] {dag.py:3947} INFO - Setting next_dagrun for example_sla_dag to 2024-07-28 14:58:00+00:00, run_after=2024-07-28 15:00:00+00:00
[2024-07-28T15:01:52.666+0000] {processor.py:183} INFO - Processing /home/airflow/.local/lib/python3.12/site-packages/airflow/example_dags/example_sla_dag.py took 0.125 seconds
[2024-07-28T15:02:23.258+0000] {processor.py:161} INFO - Started process (PID=174) to work on /home/airflow/.local/lib/python3.12/site-packages/airflow/example_dags/example_sla_dag.py
[2024-07-28T15:02:23.260+0000] {processor.py:830} INFO - Processing file /home/airflow/.local/lib/python3.12/site-packages/airflow/example_dags/example_sla_dag.py for tasks to queue
[2024-07-28T15:02:23.264+0000] {logging_mixin.py:188} INFO - [2024-07-28T15:02:23.263+0000] {dagbag.py:545} INFO - Filling up the DagBag from /home/airflow/.local/lib/python3.12/site-packages/airflow/example_dags/example_sla_dag.py
[2024-07-28T15:02:23.279+0000] {processor.py:840} INFO - DAG(s) 'example_sla_dag' retrieved from /home/airflow/.local/lib/python3.12/site-packages/airflow/example_dags/example_sla_dag.py
[2024-07-28T15:02:23.315+0000] {logging_mixin.py:188} INFO - [2024-07-28T15:02:23.315+0000] {dag.py:3089} INFO - Sync 1 DAGs
[2024-07-28T15:02:23.368+0000] {logging_mixin.py:188} INFO - [2024-07-28T15:02:23.368+0000] {dag.py:3947} INFO - Setting next_dagrun for example_sla_dag to 2024-07-28 15:00:00+00:00, run_after=2024-07-28 15:02:00+00:00
[2024-07-28T15:02:23.400+0000] {processor.py:183} INFO - Processing /home/airflow/.local/lib/python3.12/site-packages/airflow/example_dags/example_sla_dag.py took 0.151 seconds
[2024-07-28T15:02:53.664+0000] {processor.py:161} INFO - Started process (PID=232) to work on /home/airflow/.local/lib/python3.12/site-packages/airflow/example_dags/example_sla_dag.py
[2024-07-28T15:02:53.666+0000] {processor.py:830} INFO - Processing file /home/airflow/.local/lib/python3.12/site-packages/airflow/example_dags/example_sla_dag.py for tasks to queue
[2024-07-28T15:02:53.672+0000] {logging_mixin.py:188} INFO - [2024-07-28T15:02:53.671+0000] {dagbag.py:545} INFO - Filling up the DagBag from /home/airflow/.local/lib/python3.12/site-packages/airflow/example_dags/example_sla_dag.py
[2024-07-28T15:02:53.704+0000] {processor.py:840} INFO - DAG(s) 'example_sla_dag' retrieved from /home/airflow/.local/lib/python3.12/site-packages/airflow/example_dags/example_sla_dag.py
[2024-07-28T15:02:53.774+0000] {logging_mixin.py:188} INFO - [2024-07-28T15:02:53.773+0000] {dag.py:3089} INFO - Sync 1 DAGs
[2024-07-28T15:02:53.876+0000] {logging_mixin.py:188} INFO - [2024-07-28T15:02:53.875+0000] {dag.py:3947} INFO - Setting next_dagrun for example_sla_dag to 2024-07-28 15:00:00+00:00, run_after=2024-07-28 15:02:00+00:00
[2024-07-28T15:02:53.945+0000] {processor.py:183} INFO - Processing /home/airflow/.local/lib/python3.12/site-packages/airflow/example_dags/example_sla_dag.py took 0.303 seconds
[2024-07-28T15:03:24.700+0000] {processor.py:161} INFO - Started process (PID=290) to work on /home/airflow/.local/lib/python3.12/site-packages/airflow/example_dags/example_sla_dag.py
[2024-07-28T15:03:24.703+0000] {processor.py:830} INFO - Processing file /home/airflow/.local/lib/python3.12/site-packages/airflow/example_dags/example_sla_dag.py for tasks to queue
[2024-07-28T15:03:24.710+0000] {logging_mixin.py:188} INFO - [2024-07-28T15:03:24.708+0000] {dagbag.py:545} INFO - Filling up the DagBag from /home/airflow/.local/lib/python3.12/site-packages/airflow/example_dags/example_sla_dag.py
[2024-07-28T15:03:24.744+0000] {processor.py:840} INFO - DAG(s) 'example_sla_dag' retrieved from /home/airflow/.local/lib/python3.12/site-packages/airflow/example_dags/example_sla_dag.py
[2024-07-28T15:03:24.816+0000] {logging_mixin.py:188} INFO - [2024-07-28T15:03:24.816+0000] {dag.py:3089} INFO - Sync 1 DAGs
[2024-07-28T15:03:24.917+0000] {logging_mixin.py:188} INFO - [2024-07-28T15:03:24.917+0000] {dag.py:3947} INFO - Setting next_dagrun for example_sla_dag to 2024-07-28 15:00:00+00:00, run_after=2024-07-28 15:02:00+00:00
[2024-07-28T15:03:24.989+0000] {processor.py:183} INFO - Processing /home/airflow/.local/lib/python3.12/site-packages/airflow/example_dags/example_sla_dag.py took 0.311 seconds
[2024-07-28T15:03:55.125+0000] {processor.py:161} INFO - Started process (PID=348) to work on /home/airflow/.local/lib/python3.12/site-packages/airflow/example_dags/example_sla_dag.py
[2024-07-28T15:03:55.129+0000] {processor.py:830} INFO - Processing file /home/airflow/.local/lib/python3.12/site-packages/airflow/example_dags/example_sla_dag.py for tasks to queue
[2024-07-28T15:03:55.135+0000] {logging_mixin.py:188} INFO - [2024-07-28T15:03:55.134+0000] {dagbag.py:545} INFO - Filling up the DagBag from /home/airflow/.local/lib/python3.12/site-packages/airflow/example_dags/example_sla_dag.py
[2024-07-28T15:03:55.167+0000] {processor.py:840} INFO - DAG(s) 'example_sla_dag' retrieved from /home/airflow/.local/lib/python3.12/site-packages/airflow/example_dags/example_sla_dag.py
[2024-07-28T15:03:55.242+0000] {logging_mixin.py:188} INFO - [2024-07-28T15:03:55.241+0000] {dag.py:3089} INFO - Sync 1 DAGs
[2024-07-28T15:03:55.356+0000] {logging_mixin.py:188} INFO - [2024-07-28T15:03:55.355+0000] {dag.py:3947} INFO - Setting next_dagrun for example_sla_dag to 2024-07-28 15:00:00+00:00, run_after=2024-07-28 15:02:00+00:00
[2024-07-28T15:03:55.435+0000] {processor.py:183} INFO - Processing /home/airflow/.local/lib/python3.12/site-packages/airflow/example_dags/example_sla_dag.py took 0.331 seconds
[2024-07-28T15:04:25.504+0000] {processor.py:161} INFO - Started process (PID=406) to work on /home/airflow/.local/lib/python3.12/site-packages/airflow/example_dags/example_sla_dag.py
[2024-07-28T15:04:25.507+0000] {processor.py:830} INFO - Processing file /home/airflow/.local/lib/python3.12/site-packages/airflow/example_dags/example_sla_dag.py for tasks to queue
[2024-07-28T15:04:25.514+0000] {logging_mixin.py:188} INFO - [2024-07-28T15:04:25.512+0000] {dagbag.py:545} INFO - Filling up the DagBag from /home/airflow/.local/lib/python3.12/site-packages/airflow/example_dags/example_sla_dag.py
[2024-07-28T15:04:25.543+0000] {processor.py:840} INFO - DAG(s) 'example_sla_dag' retrieved from /home/airflow/.local/lib/python3.12/site-packages/airflow/example_dags/example_sla_dag.py
[2024-07-28T15:04:25.614+0000] {logging_mixin.py:188} INFO - [2024-07-28T15:04:25.613+0000] {dag.py:3089} INFO - Sync 1 DAGs
[2024-07-28T15:04:25.713+0000] {logging_mixin.py:188} INFO - [2024-07-28T15:04:25.712+0000] {dag.py:3947} INFO - Setting next_dagrun for example_sla_dag to 2024-07-28 15:02:00+00:00, run_after=2024-07-28 15:04:00+00:00
[2024-07-28T15:04:25.786+0000] {processor.py:183} INFO - Processing /home/airflow/.local/lib/python3.12/site-packages/airflow/example_dags/example_sla_dag.py took 0.297 seconds
[2024-07-28T15:04:56.011+0000] {processor.py:161} INFO - Started process (PID=464) to work on /home/airflow/.local/lib/python3.12/site-packages/airflow/example_dags/example_sla_dag.py
[2024-07-28T15:04:56.012+0000] {processor.py:830} INFO - Processing file /home/airflow/.local/lib/python3.12/site-packages/airflow/example_dags/example_sla_dag.py for tasks to queue
[2024-07-28T15:04:56.015+0000] {logging_mixin.py:188} INFO - [2024-07-28T15:04:56.014+0000] {dagbag.py:545} INFO - Filling up the DagBag from /home/airflow/.local/lib/python3.12/site-packages/airflow/example_dags/example_sla_dag.py
[2024-07-28T15:04:56.026+0000] {processor.py:840} INFO - DAG(s) 'example_sla_dag' retrieved from /home/airflow/.local/lib/python3.12/site-packages/airflow/example_dags/example_sla_dag.py
[2024-07-28T15:04:56.052+0000] {logging_mixin.py:188} INFO - [2024-07-28T15:04:56.052+0000] {dag.py:3089} INFO - Sync 1 DAGs
[2024-07-28T15:04:56.087+0000] {logging_mixin.py:188} INFO - [2024-07-28T15:04:56.086+0000] {dag.py:3947} INFO - Setting next_dagrun for example_sla_dag to 2024-07-28 15:02:00+00:00, run_after=2024-07-28 15:04:00+00:00
[2024-07-28T15:04:56.115+0000] {processor.py:183} INFO - Processing /home/airflow/.local/lib/python3.12/site-packages/airflow/example_dags/example_sla_dag.py took 0.113 seconds
[2024-07-28T15:05:26.432+0000] {processor.py:161} INFO - Started process (PID=522) to work on /home/airflow/.local/lib/python3.12/site-packages/airflow/example_dags/example_sla_dag.py
[2024-07-28T15:05:26.433+0000] {processor.py:830} INFO - Processing file /home/airflow/.local/lib/python3.12/site-packages/airflow/example_dags/example_sla_dag.py for tasks to queue
[2024-07-28T15:05:26.435+0000] {logging_mixin.py:188} INFO - [2024-07-28T15:05:26.435+0000] {dagbag.py:545} INFO - Filling up the DagBag from /home/airflow/.local/lib/python3.12/site-packages/airflow/example_dags/example_sla_dag.py
[2024-07-28T15:05:26.449+0000] {processor.py:840} INFO - DAG(s) 'example_sla_dag' retrieved from /home/airflow/.local/lib/python3.12/site-packages/airflow/example_dags/example_sla_dag.py
[2024-07-28T15:05:26.477+0000] {logging_mixin.py:188} INFO - [2024-07-28T15:05:26.476+0000] {dag.py:3089} INFO - Sync 1 DAGs
[2024-07-28T15:05:26.518+0000] {logging_mixin.py:188} INFO - [2024-07-28T15:05:26.518+0000] {dag.py:3947} INFO - Setting next_dagrun for example_sla_dag to 2024-07-28 15:02:00+00:00, run_after=2024-07-28 15:04:00+00:00
[2024-07-28T15:05:26.554+0000] {processor.py:183} INFO - Processing /home/airflow/.local/lib/python3.12/site-packages/airflow/example_dags/example_sla_dag.py took 0.132 seconds
[2024-07-28T15:05:57.295+0000] {processor.py:161} INFO - Started process (PID=580) to work on /home/airflow/.local/lib/python3.12/site-packages/airflow/example_dags/example_sla_dag.py
[2024-07-28T15:05:57.297+0000] {processor.py:830} INFO - Processing file /home/airflow/.local/lib/python3.12/site-packages/airflow/example_dags/example_sla_dag.py for tasks to queue
[2024-07-28T15:05:57.299+0000] {logging_mixin.py:188} INFO - [2024-07-28T15:05:57.299+0000] {dagbag.py:545} INFO - Filling up the DagBag from /home/airflow/.local/lib/python3.12/site-packages/airflow/example_dags/example_sla_dag.py
[2024-07-28T15:05:57.312+0000] {processor.py:840} INFO - DAG(s) 'example_sla_dag' retrieved from /home/airflow/.local/lib/python3.12/site-packages/airflow/example_dags/example_sla_dag.py
[2024-07-28T15:05:57.337+0000] {logging_mixin.py:188} INFO - [2024-07-28T15:05:57.337+0000] {dag.py:3089} INFO - Sync 1 DAGs
[2024-07-28T15:05:57.373+0000] {logging_mixin.py:188} INFO - [2024-07-28T15:05:57.373+0000] {dag.py:3947} INFO - Setting next_dagrun for example_sla_dag to 2024-07-28 15:02:00+00:00, run_after=2024-07-28 15:04:00+00:00
[2024-07-28T15:05:57.400+0000] {processor.py:183} INFO - Processing /home/airflow/.local/lib/python3.12/site-packages/airflow/example_dags/example_sla_dag.py took 0.113 seconds
[2024-07-28T15:06:27.452+0000] {processor.py:161} INFO - Started process (PID=638) to work on /home/airflow/.local/lib/python3.12/site-packages/airflow/example_dags/example_sla_dag.py
[2024-07-28T15:06:27.453+0000] {processor.py:830} INFO - Processing file /home/airflow/.local/lib/python3.12/site-packages/airflow/example_dags/example_sla_dag.py for tasks to queue
[2024-07-28T15:06:27.457+0000] {logging_mixin.py:188} INFO - [2024-07-28T15:06:27.456+0000] {dagbag.py:545} INFO - Filling up the DagBag from /home/airflow/.local/lib/python3.12/site-packages/airflow/example_dags/example_sla_dag.py
[2024-07-28T15:06:27.480+0000] {processor.py:840} INFO - DAG(s) 'example_sla_dag' retrieved from /home/airflow/.local/lib/python3.12/site-packages/airflow/example_dags/example_sla_dag.py
[2024-07-28T15:06:27.525+0000] {logging_mixin.py:188} INFO - [2024-07-28T15:06:27.525+0000] {dag.py:3089} INFO - Sync 1 DAGs
[2024-07-28T15:06:27.601+0000] {logging_mixin.py:188} INFO - [2024-07-28T15:06:27.600+0000] {dag.py:3947} INFO - Setting next_dagrun for example_sla_dag to 2024-07-28 15:04:00+00:00, run_after=2024-07-28 15:06:00+00:00
[2024-07-28T15:06:27.650+0000] {processor.py:183} INFO - Processing /home/airflow/.local/lib/python3.12/site-packages/airflow/example_dags/example_sla_dag.py took 0.214 seconds
[2024-07-28T15:06:57.917+0000] {processor.py:161} INFO - Started process (PID=696) to work on /home/airflow/.local/lib/python3.12/site-packages/airflow/example_dags/example_sla_dag.py
[2024-07-28T15:06:57.920+0000] {processor.py:830} INFO - Processing file /home/airflow/.local/lib/python3.12/site-packages/airflow/example_dags/example_sla_dag.py for tasks to queue
[2024-07-28T15:06:57.925+0000] {logging_mixin.py:188} INFO - [2024-07-28T15:06:57.924+0000] {dagbag.py:545} INFO - Filling up the DagBag from /home/airflow/.local/lib/python3.12/site-packages/airflow/example_dags/example_sla_dag.py
[2024-07-28T15:06:57.952+0000] {processor.py:840} INFO - DAG(s) 'example_sla_dag' retrieved from /home/airflow/.local/lib/python3.12/site-packages/airflow/example_dags/example_sla_dag.py
[2024-07-28T15:06:58.013+0000] {logging_mixin.py:188} INFO - [2024-07-28T15:06:58.013+0000] {dag.py:3089} INFO - Sync 1 DAGs
[2024-07-28T15:06:58.117+0000] {logging_mixin.py:188} INFO - [2024-07-28T15:06:58.116+0000] {dag.py:3947} INFO - Setting next_dagrun for example_sla_dag to 2024-07-28 15:04:00+00:00, run_after=2024-07-28 15:06:00+00:00
[2024-07-28T15:06:58.201+0000] {processor.py:183} INFO - Processing /home/airflow/.local/lib/python3.12/site-packages/airflow/example_dags/example_sla_dag.py took 0.304 seconds
[2024-07-28T15:07:28.559+0000] {processor.py:161} INFO - Started process (PID=754) to work on /home/airflow/.local/lib/python3.12/site-packages/airflow/example_dags/example_sla_dag.py
[2024-07-28T15:07:28.562+0000] {processor.py:830} INFO - Processing file /home/airflow/.local/lib/python3.12/site-packages/airflow/example_dags/example_sla_dag.py for tasks to queue
[2024-07-28T15:07:28.567+0000] {logging_mixin.py:188} INFO - [2024-07-28T15:07:28.566+0000] {dagbag.py:545} INFO - Filling up the DagBag from /home/airflow/.local/lib/python3.12/site-packages/airflow/example_dags/example_sla_dag.py
[2024-07-28T15:07:28.595+0000] {processor.py:840} INFO - DAG(s) 'example_sla_dag' retrieved from /home/airflow/.local/lib/python3.12/site-packages/airflow/example_dags/example_sla_dag.py
[2024-07-28T15:07:28.659+0000] {logging_mixin.py:188} INFO - [2024-07-28T15:07:28.658+0000] {dag.py:3089} INFO - Sync 1 DAGs
[2024-07-28T15:07:28.750+0000] {logging_mixin.py:188} INFO - [2024-07-28T15:07:28.749+0000] {dag.py:3947} INFO - Setting next_dagrun for example_sla_dag to 2024-07-28 15:04:00+00:00, run_after=2024-07-28 15:06:00+00:00
[2024-07-28T15:07:28.812+0000] {processor.py:183} INFO - Processing /home/airflow/.local/lib/python3.12/site-packages/airflow/example_dags/example_sla_dag.py took 0.273 seconds
[2024-07-28T15:07:59.062+0000] {processor.py:161} INFO - Started process (PID=813) to work on /home/airflow/.local/lib/python3.12/site-packages/airflow/example_dags/example_sla_dag.py
[2024-07-28T15:07:59.064+0000] {processor.py:830} INFO - Processing file /home/airflow/.local/lib/python3.12/site-packages/airflow/example_dags/example_sla_dag.py for tasks to queue
[2024-07-28T15:07:59.069+0000] {logging_mixin.py:188} INFO - [2024-07-28T15:07:59.068+0000] {dagbag.py:545} INFO - Filling up the DagBag from /home/airflow/.local/lib/python3.12/site-packages/airflow/example_dags/example_sla_dag.py
[2024-07-28T15:07:59.096+0000] {processor.py:840} INFO - DAG(s) 'example_sla_dag' retrieved from /home/airflow/.local/lib/python3.12/site-packages/airflow/example_dags/example_sla_dag.py
[2024-07-28T15:07:59.159+0000] {logging_mixin.py:188} INFO - [2024-07-28T15:07:59.158+0000] {dag.py:3089} INFO - Sync 1 DAGs
[2024-07-28T15:07:59.245+0000] {logging_mixin.py:188} INFO - [2024-07-28T15:07:59.244+0000] {dag.py:3947} INFO - Setting next_dagrun for example_sla_dag to 2024-07-28 15:04:00+00:00, run_after=2024-07-28 15:06:00+00:00
[2024-07-28T15:07:59.303+0000] {processor.py:183} INFO - Processing /home/airflow/.local/lib/python3.12/site-packages/airflow/example_dags/example_sla_dag.py took 0.261 seconds
[2024-07-28T15:08:29.714+0000] {processor.py:161} INFO - Started process (PID=871) to work on /home/airflow/.local/lib/python3.12/site-packages/airflow/example_dags/example_sla_dag.py
[2024-07-28T15:08:29.716+0000] {processor.py:830} INFO - Processing file /home/airflow/.local/lib/python3.12/site-packages/airflow/example_dags/example_sla_dag.py for tasks to queue
[2024-07-28T15:08:29.721+0000] {logging_mixin.py:188} INFO - [2024-07-28T15:08:29.720+0000] {dagbag.py:545} INFO - Filling up the DagBag from /home/airflow/.local/lib/python3.12/site-packages/airflow/example_dags/example_sla_dag.py
[2024-07-28T15:08:29.750+0000] {processor.py:840} INFO - DAG(s) 'example_sla_dag' retrieved from /home/airflow/.local/lib/python3.12/site-packages/airflow/example_dags/example_sla_dag.py
[2024-07-28T15:08:29.813+0000] {logging_mixin.py:188} INFO - [2024-07-28T15:08:29.812+0000] {dag.py:3089} INFO - Sync 1 DAGs
[2024-07-28T15:08:29.909+0000] {logging_mixin.py:188} INFO - [2024-07-28T15:08:29.908+0000] {dag.py:3947} INFO - Setting next_dagrun for example_sla_dag to 2024-07-28 15:06:00+00:00, run_after=2024-07-28 15:08:00+00:00
[2024-07-28T15:08:29.973+0000] {processor.py:183} INFO - Processing /home/airflow/.local/lib/python3.12/site-packages/airflow/example_dags/example_sla_dag.py took 0.280 seconds
[2024-07-28T15:09:00.353+0000] {processor.py:161} INFO - Started process (PID=929) to work on /home/airflow/.local/lib/python3.12/site-packages/airflow/example_dags/example_sla_dag.py
[2024-07-28T15:09:00.356+0000] {processor.py:830} INFO - Processing file /home/airflow/.local/lib/python3.12/site-packages/airflow/example_dags/example_sla_dag.py for tasks to queue
[2024-07-28T15:09:00.364+0000] {logging_mixin.py:188} INFO - [2024-07-28T15:09:00.362+0000] {dagbag.py:545} INFO - Filling up the DagBag from /home/airflow/.local/lib/python3.12/site-packages/airflow/example_dags/example_sla_dag.py
[2024-07-28T15:09:00.391+0000] {processor.py:840} INFO - DAG(s) 'example_sla_dag' retrieved from /home/airflow/.local/lib/python3.12/site-packages/airflow/example_dags/example_sla_dag.py
[2024-07-28T15:09:00.458+0000] {logging_mixin.py:188} INFO - [2024-07-28T15:09:00.457+0000] {dag.py:3089} INFO - Sync 1 DAGs
[2024-07-28T15:09:00.553+0000] {logging_mixin.py:188} INFO - [2024-07-28T15:09:00.552+0000] {dag.py:3947} INFO - Setting next_dagrun for example_sla_dag to 2024-07-28 15:06:00+00:00, run_after=2024-07-28 15:08:00+00:00
[2024-07-28T15:09:00.614+0000] {processor.py:183} INFO - Processing /home/airflow/.local/lib/python3.12/site-packages/airflow/example_dags/example_sla_dag.py took 0.283 seconds
[2024-07-28T15:09:31.216+0000] {processor.py:161} INFO - Started process (PID=987) to work on /home/airflow/.local/lib/python3.12/site-packages/airflow/example_dags/example_sla_dag.py
[2024-07-28T15:09:31.218+0000] {processor.py:830} INFO - Processing file /home/airflow/.local/lib/python3.12/site-packages/airflow/example_dags/example_sla_dag.py for tasks to queue
[2024-07-28T15:09:31.226+0000] {logging_mixin.py:188} INFO - [2024-07-28T15:09:31.225+0000] {dagbag.py:545} INFO - Filling up the DagBag from /home/airflow/.local/lib/python3.12/site-packages/airflow/example_dags/example_sla_dag.py
[2024-07-28T15:09:31.252+0000] {processor.py:840} INFO - DAG(s) 'example_sla_dag' retrieved from /home/airflow/.local/lib/python3.12/site-packages/airflow/example_dags/example_sla_dag.py
[2024-07-28T15:09:31.313+0000] {logging_mixin.py:188} INFO - [2024-07-28T15:09:31.313+0000] {dag.py:3089} INFO - Sync 1 DAGs
[2024-07-28T15:09:31.403+0000] {logging_mixin.py:188} INFO - [2024-07-28T15:09:31.403+0000] {dag.py:3947} INFO - Setting next_dagrun for example_sla_dag to 2024-07-28 15:06:00+00:00, run_after=2024-07-28 15:08:00+00:00
[2024-07-28T15:09:31.464+0000] {processor.py:183} INFO - Processing /home/airflow/.local/lib/python3.12/site-packages/airflow/example_dags/example_sla_dag.py took 0.268 seconds
[2024-07-28T15:10:02.344+0000] {processor.py:161} INFO - Started process (PID=1045) to work on /home/airflow/.local/lib/python3.12/site-packages/airflow/example_dags/example_sla_dag.py
[2024-07-28T15:10:02.345+0000] {processor.py:830} INFO - Processing file /home/airflow/.local/lib/python3.12/site-packages/airflow/example_dags/example_sla_dag.py for tasks to queue
[2024-07-28T15:10:02.348+0000] {logging_mixin.py:188} INFO - [2024-07-28T15:10:02.348+0000] {dagbag.py:545} INFO - Filling up the DagBag from /home/airflow/.local/lib/python3.12/site-packages/airflow/example_dags/example_sla_dag.py
[2024-07-28T15:10:02.361+0000] {processor.py:840} INFO - DAG(s) 'example_sla_dag' retrieved from /home/airflow/.local/lib/python3.12/site-packages/airflow/example_dags/example_sla_dag.py
[2024-07-28T15:10:02.394+0000] {logging_mixin.py:188} INFO - [2024-07-28T15:10:02.393+0000] {dag.py:3089} INFO - Sync 1 DAGs
[2024-07-28T15:10:02.437+0000] {logging_mixin.py:188} INFO - [2024-07-28T15:10:02.437+0000] {dag.py:3947} INFO - Setting next_dagrun for example_sla_dag to 2024-07-28 15:08:00+00:00, run_after=2024-07-28 15:10:00+00:00
[2024-07-28T15:10:02.460+0000] {processor.py:183} INFO - Processing /home/airflow/.local/lib/python3.12/site-packages/airflow/example_dags/example_sla_dag.py took 0.123 seconds
[2024-07-28T15:10:32.748+0000] {processor.py:161} INFO - Started process (PID=1103) to work on /home/airflow/.local/lib/python3.12/site-packages/airflow/example_dags/example_sla_dag.py
[2024-07-28T15:10:32.750+0000] {processor.py:830} INFO - Processing file /home/airflow/.local/lib/python3.12/site-packages/airflow/example_dags/example_sla_dag.py for tasks to queue
[2024-07-28T15:10:32.756+0000] {logging_mixin.py:188} INFO - [2024-07-28T15:10:32.755+0000] {dagbag.py:545} INFO - Filling up the DagBag from /home/airflow/.local/lib/python3.12/site-packages/airflow/example_dags/example_sla_dag.py
[2024-07-28T15:10:32.786+0000] {processor.py:840} INFO - DAG(s) 'example_sla_dag' retrieved from /home/airflow/.local/lib/python3.12/site-packages/airflow/example_dags/example_sla_dag.py
[2024-07-28T15:10:32.819+0000] {logging_mixin.py:188} INFO - [2024-07-28T15:10:32.819+0000] {dag.py:3089} INFO - Sync 1 DAGs
[2024-07-28T15:10:32.873+0000] {logging_mixin.py:188} INFO - [2024-07-28T15:10:32.872+0000] {dag.py:3947} INFO - Setting next_dagrun for example_sla_dag to 2024-07-28 15:08:00+00:00, run_after=2024-07-28 15:10:00+00:00
[2024-07-28T15:10:32.901+0000] {processor.py:183} INFO - Processing /home/airflow/.local/lib/python3.12/site-packages/airflow/example_dags/example_sla_dag.py took 0.172 seconds
