[2024-07-28T15:01:27.082+0000] {processor.py:161} INFO - Started process (PID=92) to work on /home/airflow/.local/lib/python3.12/site-packages/airflow/example_dags/example_branch_python_dop_operator_3.py
[2024-07-28T15:01:27.083+0000] {processor.py:830} INFO - Processing file /home/airflow/.local/lib/python3.12/site-packages/airflow/example_dags/example_branch_python_dop_operator_3.py for tasks to queue
[2024-07-28T15:01:27.088+0000] {logging_mixin.py:188} INFO - [2024-07-28T15:01:27.087+0000] {dagbag.py:545} INFO - Filling up the DagBag from /home/airflow/.local/lib/python3.12/site-packages/airflow/example_dags/example_branch_python_dop_operator_3.py
[2024-07-28T15:01:27.107+0000] {processor.py:840} INFO - DAG(s) 'example_branch_dop_operator_v3' retrieved from /home/airflow/.local/lib/python3.12/site-packages/airflow/example_dags/example_branch_python_dop_operator_3.py
[2024-07-28T15:01:27.174+0000] {logging_mixin.py:188} INFO - [2024-07-28T15:01:27.174+0000] {dag.py:3089} INFO - Sync 1 DAGs
[2024-07-28T15:01:27.234+0000] {logging_mixin.py:188} INFO - [2024-07-28T15:01:27.234+0000] {dag.py:3947} INFO - Setting next_dagrun for example_branch_dop_operator_v3 to 2024-07-28 15:00:00+00:00, run_after=2024-07-28 15:01:00+00:00
[2024-07-28T15:01:27.275+0000] {processor.py:183} INFO - Processing /home/airflow/.local/lib/python3.12/site-packages/airflow/example_dags/example_branch_python_dop_operator_3.py took 0.204 seconds
[2024-07-28T15:01:57.471+0000] {processor.py:161} INFO - Started process (PID=150) to work on /home/airflow/.local/lib/python3.12/site-packages/airflow/example_dags/example_branch_python_dop_operator_3.py
[2024-07-28T15:01:57.473+0000] {processor.py:830} INFO - Processing file /home/airflow/.local/lib/python3.12/site-packages/airflow/example_dags/example_branch_python_dop_operator_3.py for tasks to queue
[2024-07-28T15:01:57.477+0000] {logging_mixin.py:188} INFO - [2024-07-28T15:01:57.477+0000] {dagbag.py:545} INFO - Filling up the DagBag from /home/airflow/.local/lib/python3.12/site-packages/airflow/example_dags/example_branch_python_dop_operator_3.py
[2024-07-28T15:01:57.488+0000] {processor.py:840} INFO - DAG(s) 'example_branch_dop_operator_v3' retrieved from /home/airflow/.local/lib/python3.12/site-packages/airflow/example_dags/example_branch_python_dop_operator_3.py
[2024-07-28T15:01:57.517+0000] {logging_mixin.py:188} INFO - [2024-07-28T15:01:57.517+0000] {dag.py:3089} INFO - Sync 1 DAGs
[2024-07-28T15:01:57.558+0000] {logging_mixin.py:188} INFO - [2024-07-28T15:01:57.558+0000] {dag.py:3947} INFO - Setting next_dagrun for example_branch_dop_operator_v3 to 2024-07-28 15:00:00+00:00, run_after=2024-07-28 15:01:00+00:00
[2024-07-28T15:01:57.587+0000] {processor.py:183} INFO - Processing /home/airflow/.local/lib/python3.12/site-packages/airflow/example_dags/example_branch_python_dop_operator_3.py took 0.122 seconds
[2024-07-28T15:02:27.632+0000] {processor.py:161} INFO - Started process (PID=207) to work on /home/airflow/.local/lib/python3.12/site-packages/airflow/example_dags/example_branch_python_dop_operator_3.py
[2024-07-28T15:02:27.633+0000] {processor.py:830} INFO - Processing file /home/airflow/.local/lib/python3.12/site-packages/airflow/example_dags/example_branch_python_dop_operator_3.py for tasks to queue
[2024-07-28T15:02:27.635+0000] {logging_mixin.py:188} INFO - [2024-07-28T15:02:27.635+0000] {dagbag.py:545} INFO - Filling up the DagBag from /home/airflow/.local/lib/python3.12/site-packages/airflow/example_dags/example_branch_python_dop_operator_3.py
[2024-07-28T15:02:27.654+0000] {processor.py:840} INFO - DAG(s) 'example_branch_dop_operator_v3' retrieved from /home/airflow/.local/lib/python3.12/site-packages/airflow/example_dags/example_branch_python_dop_operator_3.py
[2024-07-28T15:02:27.689+0000] {logging_mixin.py:188} INFO - [2024-07-28T15:02:27.688+0000] {dag.py:3089} INFO - Sync 1 DAGs
[2024-07-28T15:02:27.732+0000] {logging_mixin.py:188} INFO - [2024-07-28T15:02:27.732+0000] {dag.py:3947} INFO - Setting next_dagrun for example_branch_dop_operator_v3 to 2024-07-28 15:01:00+00:00, run_after=2024-07-28 15:02:00+00:00
[2024-07-28T15:02:27.762+0000] {processor.py:183} INFO - Processing /home/airflow/.local/lib/python3.12/site-packages/airflow/example_dags/example_branch_python_dop_operator_3.py took 0.141 seconds
[2024-07-28T15:02:59.547+0000] {processor.py:161} INFO - Started process (PID=266) to work on /home/airflow/.local/lib/python3.12/site-packages/airflow/example_dags/example_branch_python_dop_operator_3.py
[2024-07-28T15:02:59.548+0000] {processor.py:830} INFO - Processing file /home/airflow/.local/lib/python3.12/site-packages/airflow/example_dags/example_branch_python_dop_operator_3.py for tasks to queue
[2024-07-28T15:02:59.550+0000] {logging_mixin.py:188} INFO - [2024-07-28T15:02:59.550+0000] {dagbag.py:545} INFO - Filling up the DagBag from /home/airflow/.local/lib/python3.12/site-packages/airflow/example_dags/example_branch_python_dop_operator_3.py
[2024-07-28T15:02:59.565+0000] {processor.py:840} INFO - DAG(s) 'example_branch_dop_operator_v3' retrieved from /home/airflow/.local/lib/python3.12/site-packages/airflow/example_dags/example_branch_python_dop_operator_3.py
[2024-07-28T15:02:59.596+0000] {logging_mixin.py:188} INFO - [2024-07-28T15:02:59.596+0000] {dag.py:3089} INFO - Sync 1 DAGs
[2024-07-28T15:02:59.644+0000] {logging_mixin.py:188} INFO - [2024-07-28T15:02:59.643+0000] {dag.py:3947} INFO - Setting next_dagrun for example_branch_dop_operator_v3 to 2024-07-28 15:01:00+00:00, run_after=2024-07-28 15:02:00+00:00
[2024-07-28T15:02:59.671+0000] {processor.py:183} INFO - Processing /home/airflow/.local/lib/python3.12/site-packages/airflow/example_dags/example_branch_python_dop_operator_3.py took 0.136 seconds
[2024-07-28T15:03:30.333+0000] {processor.py:161} INFO - Started process (PID=324) to work on /home/airflow/.local/lib/python3.12/site-packages/airflow/example_dags/example_branch_python_dop_operator_3.py
[2024-07-28T15:03:30.335+0000] {processor.py:830} INFO - Processing file /home/airflow/.local/lib/python3.12/site-packages/airflow/example_dags/example_branch_python_dop_operator_3.py for tasks to queue
[2024-07-28T15:03:30.340+0000] {logging_mixin.py:188} INFO - [2024-07-28T15:03:30.339+0000] {dagbag.py:545} INFO - Filling up the DagBag from /home/airflow/.local/lib/python3.12/site-packages/airflow/example_dags/example_branch_python_dop_operator_3.py
[2024-07-28T15:03:30.367+0000] {processor.py:840} INFO - DAG(s) 'example_branch_dop_operator_v3' retrieved from /home/airflow/.local/lib/python3.12/site-packages/airflow/example_dags/example_branch_python_dop_operator_3.py
[2024-07-28T15:03:30.422+0000] {logging_mixin.py:188} INFO - [2024-07-28T15:03:30.421+0000] {dag.py:3089} INFO - Sync 1 DAGs
[2024-07-28T15:03:30.518+0000] {logging_mixin.py:188} INFO - [2024-07-28T15:03:30.518+0000] {dag.py:3947} INFO - Setting next_dagrun for example_branch_dop_operator_v3 to 2024-07-28 15:02:00+00:00, run_after=2024-07-28 15:03:00+00:00
[2024-07-28T15:03:30.582+0000] {processor.py:183} INFO - Processing /home/airflow/.local/lib/python3.12/site-packages/airflow/example_dags/example_branch_python_dop_operator_3.py took 0.266 seconds
[2024-07-28T15:04:01.771+0000] {processor.py:161} INFO - Started process (PID=382) to work on /home/airflow/.local/lib/python3.12/site-packages/airflow/example_dags/example_branch_python_dop_operator_3.py
[2024-07-28T15:04:01.772+0000] {processor.py:830} INFO - Processing file /home/airflow/.local/lib/python3.12/site-packages/airflow/example_dags/example_branch_python_dop_operator_3.py for tasks to queue
[2024-07-28T15:04:01.775+0000] {logging_mixin.py:188} INFO - [2024-07-28T15:04:01.774+0000] {dagbag.py:545} INFO - Filling up the DagBag from /home/airflow/.local/lib/python3.12/site-packages/airflow/example_dags/example_branch_python_dop_operator_3.py
[2024-07-28T15:04:01.789+0000] {processor.py:840} INFO - DAG(s) 'example_branch_dop_operator_v3' retrieved from /home/airflow/.local/lib/python3.12/site-packages/airflow/example_dags/example_branch_python_dop_operator_3.py
[2024-07-28T15:04:01.818+0000] {logging_mixin.py:188} INFO - [2024-07-28T15:04:01.818+0000] {dag.py:3089} INFO - Sync 1 DAGs
[2024-07-28T15:04:01.864+0000] {logging_mixin.py:188} INFO - [2024-07-28T15:04:01.864+0000] {dag.py:3947} INFO - Setting next_dagrun for example_branch_dop_operator_v3 to 2024-07-28 15:03:00+00:00, run_after=2024-07-28 15:04:00+00:00
[2024-07-28T15:04:01.892+0000] {processor.py:183} INFO - Processing /home/airflow/.local/lib/python3.12/site-packages/airflow/example_dags/example_branch_python_dop_operator_3.py took 0.135 seconds
[2024-07-28T15:04:32.869+0000] {processor.py:161} INFO - Started process (PID=440) to work on /home/airflow/.local/lib/python3.12/site-packages/airflow/example_dags/example_branch_python_dop_operator_3.py
[2024-07-28T15:04:32.870+0000] {processor.py:830} INFO - Processing file /home/airflow/.local/lib/python3.12/site-packages/airflow/example_dags/example_branch_python_dop_operator_3.py for tasks to queue
[2024-07-28T15:04:32.872+0000] {logging_mixin.py:188} INFO - [2024-07-28T15:04:32.872+0000] {dagbag.py:545} INFO - Filling up the DagBag from /home/airflow/.local/lib/python3.12/site-packages/airflow/example_dags/example_branch_python_dop_operator_3.py
[2024-07-28T15:04:32.886+0000] {processor.py:840} INFO - DAG(s) 'example_branch_dop_operator_v3' retrieved from /home/airflow/.local/lib/python3.12/site-packages/airflow/example_dags/example_branch_python_dop_operator_3.py
[2024-07-28T15:04:32.918+0000] {logging_mixin.py:188} INFO - [2024-07-28T15:04:32.918+0000] {dag.py:3089} INFO - Sync 1 DAGs
[2024-07-28T15:04:32.962+0000] {logging_mixin.py:188} INFO - [2024-07-28T15:04:32.962+0000] {dag.py:3947} INFO - Setting next_dagrun for example_branch_dop_operator_v3 to 2024-07-28 15:03:00+00:00, run_after=2024-07-28 15:04:00+00:00
[2024-07-28T15:04:32.991+0000] {processor.py:183} INFO - Processing /home/airflow/.local/lib/python3.12/site-packages/airflow/example_dags/example_branch_python_dop_operator_3.py took 0.132 seconds
[2024-07-28T15:05:03.389+0000] {processor.py:161} INFO - Started process (PID=498) to work on /home/airflow/.local/lib/python3.12/site-packages/airflow/example_dags/example_branch_python_dop_operator_3.py
[2024-07-28T15:05:03.390+0000] {processor.py:830} INFO - Processing file /home/airflow/.local/lib/python3.12/site-packages/airflow/example_dags/example_branch_python_dop_operator_3.py for tasks to queue
[2024-07-28T15:05:03.394+0000] {logging_mixin.py:188} INFO - [2024-07-28T15:05:03.393+0000] {dagbag.py:545} INFO - Filling up the DagBag from /home/airflow/.local/lib/python3.12/site-packages/airflow/example_dags/example_branch_python_dop_operator_3.py
[2024-07-28T15:05:03.405+0000] {processor.py:840} INFO - DAG(s) 'example_branch_dop_operator_v3' retrieved from /home/airflow/.local/lib/python3.12/site-packages/airflow/example_dags/example_branch_python_dop_operator_3.py
[2024-07-28T15:05:03.435+0000] {logging_mixin.py:188} INFO - [2024-07-28T15:05:03.434+0000] {dag.py:3089} INFO - Sync 1 DAGs
[2024-07-28T15:05:03.475+0000] {logging_mixin.py:188} INFO - [2024-07-28T15:05:03.474+0000] {dag.py:3947} INFO - Setting next_dagrun for example_branch_dop_operator_v3 to 2024-07-28 15:04:00+00:00, run_after=2024-07-28 15:05:00+00:00
[2024-07-28T15:05:03.505+0000] {processor.py:183} INFO - Processing /home/airflow/.local/lib/python3.12/site-packages/airflow/example_dags/example_branch_python_dop_operator_3.py took 0.124 seconds
[2024-07-28T15:05:34.651+0000] {processor.py:161} INFO - Started process (PID=556) to work on /home/airflow/.local/lib/python3.12/site-packages/airflow/example_dags/example_branch_python_dop_operator_3.py
[2024-07-28T15:05:34.653+0000] {processor.py:830} INFO - Processing file /home/airflow/.local/lib/python3.12/site-packages/airflow/example_dags/example_branch_python_dop_operator_3.py for tasks to queue
[2024-07-28T15:05:34.659+0000] {logging_mixin.py:188} INFO - [2024-07-28T15:05:34.658+0000] {dagbag.py:545} INFO - Filling up the DagBag from /home/airflow/.local/lib/python3.12/site-packages/airflow/example_dags/example_branch_python_dop_operator_3.py
[2024-07-28T15:05:34.693+0000] {processor.py:840} INFO - DAG(s) 'example_branch_dop_operator_v3' retrieved from /home/airflow/.local/lib/python3.12/site-packages/airflow/example_dags/example_branch_python_dop_operator_3.py
[2024-07-28T15:05:34.745+0000] {logging_mixin.py:188} INFO - [2024-07-28T15:05:34.744+0000] {dag.py:3089} INFO - Sync 1 DAGs
[2024-07-28T15:05:34.781+0000] {logging_mixin.py:188} INFO - [2024-07-28T15:05:34.781+0000] {dag.py:3947} INFO - Setting next_dagrun for example_branch_dop_operator_v3 to 2024-07-28 15:04:00+00:00, run_after=2024-07-28 15:05:00+00:00
[2024-07-28T15:05:34.804+0000] {processor.py:183} INFO - Processing /home/airflow/.local/lib/python3.12/site-packages/airflow/example_dags/example_branch_python_dop_operator_3.py took 0.178 seconds
[2024-07-28T15:06:04.869+0000] {processor.py:161} INFO - Started process (PID=613) to work on /home/airflow/.local/lib/python3.12/site-packages/airflow/example_dags/example_branch_python_dop_operator_3.py
[2024-07-28T15:06:04.871+0000] {processor.py:830} INFO - Processing file /home/airflow/.local/lib/python3.12/site-packages/airflow/example_dags/example_branch_python_dop_operator_3.py for tasks to queue
[2024-07-28T15:06:04.873+0000] {logging_mixin.py:188} INFO - [2024-07-28T15:06:04.873+0000] {dagbag.py:545} INFO - Filling up the DagBag from /home/airflow/.local/lib/python3.12/site-packages/airflow/example_dags/example_branch_python_dop_operator_3.py
[2024-07-28T15:06:04.888+0000] {processor.py:840} INFO - DAG(s) 'example_branch_dop_operator_v3' retrieved from /home/airflow/.local/lib/python3.12/site-packages/airflow/example_dags/example_branch_python_dop_operator_3.py
[2024-07-28T15:06:04.924+0000] {logging_mixin.py:188} INFO - [2024-07-28T15:06:04.923+0000] {dag.py:3089} INFO - Sync 1 DAGs
[2024-07-28T15:06:04.991+0000] {logging_mixin.py:188} INFO - [2024-07-28T15:06:04.991+0000] {dag.py:3947} INFO - Setting next_dagrun for example_branch_dop_operator_v3 to 2024-07-28 15:05:00+00:00, run_after=2024-07-28 15:06:00+00:00
[2024-07-28T15:06:05.048+0000] {processor.py:183} INFO - Processing /home/airflow/.local/lib/python3.12/site-packages/airflow/example_dags/example_branch_python_dop_operator_3.py took 0.192 seconds
[2024-07-28T15:06:35.902+0000] {processor.py:161} INFO - Started process (PID=672) to work on /home/airflow/.local/lib/python3.12/site-packages/airflow/example_dags/example_branch_python_dop_operator_3.py
[2024-07-28T15:06:35.906+0000] {processor.py:830} INFO - Processing file /home/airflow/.local/lib/python3.12/site-packages/airflow/example_dags/example_branch_python_dop_operator_3.py for tasks to queue
[2024-07-28T15:06:35.912+0000] {logging_mixin.py:188} INFO - [2024-07-28T15:06:35.910+0000] {dagbag.py:545} INFO - Filling up the DagBag from /home/airflow/.local/lib/python3.12/site-packages/airflow/example_dags/example_branch_python_dop_operator_3.py
[2024-07-28T15:06:35.946+0000] {processor.py:840} INFO - DAG(s) 'example_branch_dop_operator_v3' retrieved from /home/airflow/.local/lib/python3.12/site-packages/airflow/example_dags/example_branch_python_dop_operator_3.py
[2024-07-28T15:06:36.024+0000] {logging_mixin.py:188} INFO - [2024-07-28T15:06:36.023+0000] {dag.py:3089} INFO - Sync 1 DAGs
[2024-07-28T15:06:36.126+0000] {logging_mixin.py:188} INFO - [2024-07-28T15:06:36.125+0000] {dag.py:3947} INFO - Setting next_dagrun for example_branch_dop_operator_v3 to 2024-07-28 15:05:00+00:00, run_after=2024-07-28 15:06:00+00:00
[2024-07-28T15:06:36.176+0000] {processor.py:183} INFO - Processing /home/airflow/.local/lib/python3.12/site-packages/airflow/example_dags/example_branch_python_dop_operator_3.py took 0.301 seconds
[2024-07-28T15:07:06.474+0000] {processor.py:161} INFO - Started process (PID=729) to work on /home/airflow/.local/lib/python3.12/site-packages/airflow/example_dags/example_branch_python_dop_operator_3.py
[2024-07-28T15:07:06.475+0000] {processor.py:830} INFO - Processing file /home/airflow/.local/lib/python3.12/site-packages/airflow/example_dags/example_branch_python_dop_operator_3.py for tasks to queue
[2024-07-28T15:07:06.476+0000] {logging_mixin.py:188} INFO - [2024-07-28T15:07:06.476+0000] {dagbag.py:545} INFO - Filling up the DagBag from /home/airflow/.local/lib/python3.12/site-packages/airflow/example_dags/example_branch_python_dop_operator_3.py
[2024-07-28T15:07:06.484+0000] {processor.py:840} INFO - DAG(s) 'example_branch_dop_operator_v3' retrieved from /home/airflow/.local/lib/python3.12/site-packages/airflow/example_dags/example_branch_python_dop_operator_3.py
[2024-07-28T15:07:06.504+0000] {logging_mixin.py:188} INFO - [2024-07-28T15:07:06.503+0000] {dag.py:3089} INFO - Sync 1 DAGs
[2024-07-28T15:07:06.530+0000] {logging_mixin.py:188} INFO - [2024-07-28T15:07:06.530+0000] {dag.py:3947} INFO - Setting next_dagrun for example_branch_dop_operator_v3 to 2024-07-28 15:06:00+00:00, run_after=2024-07-28 15:07:00+00:00
[2024-07-28T15:07:06.549+0000] {processor.py:183} INFO - Processing /home/airflow/.local/lib/python3.12/site-packages/airflow/example_dags/example_branch_python_dop_operator_3.py took 0.081 seconds
[2024-07-28T15:07:37.334+0000] {processor.py:161} INFO - Started process (PID=787) to work on /home/airflow/.local/lib/python3.12/site-packages/airflow/example_dags/example_branch_python_dop_operator_3.py
[2024-07-28T15:07:37.335+0000] {processor.py:830} INFO - Processing file /home/airflow/.local/lib/python3.12/site-packages/airflow/example_dags/example_branch_python_dop_operator_3.py for tasks to queue
[2024-07-28T15:07:37.338+0000] {logging_mixin.py:188} INFO - [2024-07-28T15:07:37.338+0000] {dagbag.py:545} INFO - Filling up the DagBag from /home/airflow/.local/lib/python3.12/site-packages/airflow/example_dags/example_branch_python_dop_operator_3.py
[2024-07-28T15:07:37.350+0000] {processor.py:840} INFO - DAG(s) 'example_branch_dop_operator_v3' retrieved from /home/airflow/.local/lib/python3.12/site-packages/airflow/example_dags/example_branch_python_dop_operator_3.py
[2024-07-28T15:07:37.374+0000] {logging_mixin.py:188} INFO - [2024-07-28T15:07:37.373+0000] {dag.py:3089} INFO - Sync 1 DAGs
[2024-07-28T15:07:37.415+0000] {logging_mixin.py:188} INFO - [2024-07-28T15:07:37.415+0000] {dag.py:3947} INFO - Setting next_dagrun for example_branch_dop_operator_v3 to 2024-07-28 15:06:00+00:00, run_after=2024-07-28 15:07:00+00:00
[2024-07-28T15:07:37.443+0000] {processor.py:183} INFO - Processing /home/airflow/.local/lib/python3.12/site-packages/airflow/example_dags/example_branch_python_dop_operator_3.py took 0.123 seconds
[2024-07-28T15:08:07.921+0000] {processor.py:161} INFO - Started process (PID=846) to work on /home/airflow/.local/lib/python3.12/site-packages/airflow/example_dags/example_branch_python_dop_operator_3.py
[2024-07-28T15:08:07.923+0000] {processor.py:830} INFO - Processing file /home/airflow/.local/lib/python3.12/site-packages/airflow/example_dags/example_branch_python_dop_operator_3.py for tasks to queue
[2024-07-28T15:08:07.928+0000] {logging_mixin.py:188} INFO - [2024-07-28T15:08:07.927+0000] {dagbag.py:545} INFO - Filling up the DagBag from /home/airflow/.local/lib/python3.12/site-packages/airflow/example_dags/example_branch_python_dop_operator_3.py
[2024-07-28T15:08:07.956+0000] {processor.py:840} INFO - DAG(s) 'example_branch_dop_operator_v3' retrieved from /home/airflow/.local/lib/python3.12/site-packages/airflow/example_dags/example_branch_python_dop_operator_3.py
[2024-07-28T15:08:08.019+0000] {logging_mixin.py:188} INFO - [2024-07-28T15:08:08.018+0000] {dag.py:3089} INFO - Sync 1 DAGs
[2024-07-28T15:08:08.116+0000] {logging_mixin.py:188} INFO - [2024-07-28T15:08:08.116+0000] {dag.py:3947} INFO - Setting next_dagrun for example_branch_dop_operator_v3 to 2024-07-28 15:07:00+00:00, run_after=2024-07-28 15:08:00+00:00
[2024-07-28T15:08:08.177+0000] {processor.py:183} INFO - Processing /home/airflow/.local/lib/python3.12/site-packages/airflow/example_dags/example_branch_python_dop_operator_3.py took 0.276 seconds
[2024-07-28T15:08:38.839+0000] {processor.py:161} INFO - Started process (PID=904) to work on /home/airflow/.local/lib/python3.12/site-packages/airflow/example_dags/example_branch_python_dop_operator_3.py
[2024-07-28T15:08:38.841+0000] {processor.py:830} INFO - Processing file /home/airflow/.local/lib/python3.12/site-packages/airflow/example_dags/example_branch_python_dop_operator_3.py for tasks to queue
[2024-07-28T15:08:38.847+0000] {logging_mixin.py:188} INFO - [2024-07-28T15:08:38.845+0000] {dagbag.py:545} INFO - Filling up the DagBag from /home/airflow/.local/lib/python3.12/site-packages/airflow/example_dags/example_branch_python_dop_operator_3.py
[2024-07-28T15:08:38.877+0000] {processor.py:840} INFO - DAG(s) 'example_branch_dop_operator_v3' retrieved from /home/airflow/.local/lib/python3.12/site-packages/airflow/example_dags/example_branch_python_dop_operator_3.py
[2024-07-28T15:08:38.960+0000] {logging_mixin.py:188} INFO - [2024-07-28T15:08:38.959+0000] {dag.py:3089} INFO - Sync 1 DAGs
[2024-07-28T15:08:39.061+0000] {logging_mixin.py:188} INFO - [2024-07-28T15:08:39.061+0000] {dag.py:3947} INFO - Setting next_dagrun for example_branch_dop_operator_v3 to 2024-07-28 15:07:00+00:00, run_after=2024-07-28 15:08:00+00:00
[2024-07-28T15:08:39.123+0000] {processor.py:183} INFO - Processing /home/airflow/.local/lib/python3.12/site-packages/airflow/example_dags/example_branch_python_dop_operator_3.py took 0.306 seconds
[2024-07-28T15:09:09.397+0000] {processor.py:161} INFO - Started process (PID=962) to work on /home/airflow/.local/lib/python3.12/site-packages/airflow/example_dags/example_branch_python_dop_operator_3.py
[2024-07-28T15:09:09.397+0000] {processor.py:830} INFO - Processing file /home/airflow/.local/lib/python3.12/site-packages/airflow/example_dags/example_branch_python_dop_operator_3.py for tasks to queue
[2024-07-28T15:09:09.399+0000] {logging_mixin.py:188} INFO - [2024-07-28T15:09:09.399+0000] {dagbag.py:545} INFO - Filling up the DagBag from /home/airflow/.local/lib/python3.12/site-packages/airflow/example_dags/example_branch_python_dop_operator_3.py
[2024-07-28T15:09:09.408+0000] {processor.py:840} INFO - DAG(s) 'example_branch_dop_operator_v3' retrieved from /home/airflow/.local/lib/python3.12/site-packages/airflow/example_dags/example_branch_python_dop_operator_3.py
[2024-07-28T15:09:09.430+0000] {logging_mixin.py:188} INFO - [2024-07-28T15:09:09.429+0000] {dag.py:3089} INFO - Sync 1 DAGs
[2024-07-28T15:09:09.458+0000] {logging_mixin.py:188} INFO - [2024-07-28T15:09:09.458+0000] {dag.py:3947} INFO - Setting next_dagrun for example_branch_dop_operator_v3 to 2024-07-28 15:08:00+00:00, run_after=2024-07-28 15:09:00+00:00
[2024-07-28T15:09:09.479+0000] {processor.py:183} INFO - Processing /home/airflow/.local/lib/python3.12/site-packages/airflow/example_dags/example_branch_python_dop_operator_3.py took 0.089 seconds
[2024-07-28T15:09:40.152+0000] {processor.py:161} INFO - Started process (PID=1020) to work on /home/airflow/.local/lib/python3.12/site-packages/airflow/example_dags/example_branch_python_dop_operator_3.py
[2024-07-28T15:09:40.154+0000] {processor.py:830} INFO - Processing file /home/airflow/.local/lib/python3.12/site-packages/airflow/example_dags/example_branch_python_dop_operator_3.py for tasks to queue
[2024-07-28T15:09:40.156+0000] {logging_mixin.py:188} INFO - [2024-07-28T15:09:40.156+0000] {dagbag.py:545} INFO - Filling up the DagBag from /home/airflow/.local/lib/python3.12/site-packages/airflow/example_dags/example_branch_python_dop_operator_3.py
[2024-07-28T15:09:40.171+0000] {processor.py:840} INFO - DAG(s) 'example_branch_dop_operator_v3' retrieved from /home/airflow/.local/lib/python3.12/site-packages/airflow/example_dags/example_branch_python_dop_operator_3.py
[2024-07-28T15:09:40.201+0000] {logging_mixin.py:188} INFO - [2024-07-28T15:09:40.201+0000] {dag.py:3089} INFO - Sync 1 DAGs
[2024-07-28T15:09:40.238+0000] {logging_mixin.py:188} INFO - [2024-07-28T15:09:40.238+0000] {dag.py:3947} INFO - Setting next_dagrun for example_branch_dop_operator_v3 to 2024-07-28 15:08:00+00:00, run_after=2024-07-28 15:09:00+00:00
[2024-07-28T15:09:40.262+0000] {processor.py:183} INFO - Processing /home/airflow/.local/lib/python3.12/site-packages/airflow/example_dags/example_branch_python_dop_operator_3.py took 0.121 seconds
[2024-07-28T15:10:10.948+0000] {processor.py:161} INFO - Started process (PID=1078) to work on /home/airflow/.local/lib/python3.12/site-packages/airflow/example_dags/example_branch_python_dop_operator_3.py
[2024-07-28T15:10:10.949+0000] {processor.py:830} INFO - Processing file /home/airflow/.local/lib/python3.12/site-packages/airflow/example_dags/example_branch_python_dop_operator_3.py for tasks to queue
[2024-07-28T15:10:10.952+0000] {logging_mixin.py:188} INFO - [2024-07-28T15:10:10.952+0000] {dagbag.py:545} INFO - Filling up the DagBag from /home/airflow/.local/lib/python3.12/site-packages/airflow/example_dags/example_branch_python_dop_operator_3.py
[2024-07-28T15:10:10.982+0000] {processor.py:840} INFO - DAG(s) 'example_branch_dop_operator_v3' retrieved from /home/airflow/.local/lib/python3.12/site-packages/airflow/example_dags/example_branch_python_dop_operator_3.py
[2024-07-28T15:10:11.030+0000] {logging_mixin.py:188} INFO - [2024-07-28T15:10:11.028+0000] {dag.py:3089} INFO - Sync 1 DAGs
[2024-07-28T15:10:11.182+0000] {logging_mixin.py:188} INFO - [2024-07-28T15:10:11.180+0000] {dag.py:3947} INFO - Setting next_dagrun for example_branch_dop_operator_v3 to 2024-07-28 15:09:00+00:00, run_after=2024-07-28 15:10:00+00:00
[2024-07-28T15:10:11.279+0000] {processor.py:183} INFO - Processing /home/airflow/.local/lib/python3.12/site-packages/airflow/example_dags/example_branch_python_dop_operator_3.py took 0.342 seconds
[2024-07-28T15:10:41.475+0000] {processor.py:161} INFO - Started process (PID=1136) to work on /home/airflow/.local/lib/python3.12/site-packages/airflow/example_dags/example_branch_python_dop_operator_3.py
[2024-07-28T15:10:41.476+0000] {processor.py:830} INFO - Processing file /home/airflow/.local/lib/python3.12/site-packages/airflow/example_dags/example_branch_python_dop_operator_3.py for tasks to queue
[2024-07-28T15:10:41.478+0000] {logging_mixin.py:188} INFO - [2024-07-28T15:10:41.478+0000] {dagbag.py:545} INFO - Filling up the DagBag from /home/airflow/.local/lib/python3.12/site-packages/airflow/example_dags/example_branch_python_dop_operator_3.py
[2024-07-28T15:10:41.489+0000] {processor.py:840} INFO - DAG(s) 'example_branch_dop_operator_v3' retrieved from /home/airflow/.local/lib/python3.12/site-packages/airflow/example_dags/example_branch_python_dop_operator_3.py
[2024-07-28T15:10:41.517+0000] {logging_mixin.py:188} INFO - [2024-07-28T15:10:41.517+0000] {dag.py:3089} INFO - Sync 1 DAGs
[2024-07-28T15:10:41.564+0000] {logging_mixin.py:188} INFO - [2024-07-28T15:10:41.564+0000] {dag.py:3947} INFO - Setting next_dagrun for example_branch_dop_operator_v3 to 2024-07-28 15:09:00+00:00, run_after=2024-07-28 15:10:00+00:00
[2024-07-28T15:10:41.592+0000] {processor.py:183} INFO - Processing /home/airflow/.local/lib/python3.12/site-packages/airflow/example_dags/example_branch_python_dop_operator_3.py took 0.125 seconds
