[2024-07-28T15:01:26.339+0000] {processor.py:161} INFO - Started process (PID=88) to work on /home/airflow/.local/lib/python3.12/site-packages/airflow/example_dags/example_sensors.py
[2024-07-28T15:01:26.340+0000] {processor.py:830} INFO - Processing file /home/airflow/.local/lib/python3.12/site-packages/airflow/example_dags/example_sensors.py for tasks to queue
[2024-07-28T15:01:26.343+0000] {logging_mixin.py:188} INFO - [2024-07-28T15:01:26.343+0000] {dagbag.py:545} INFO - Filling up the DagBag from /home/airflow/.local/lib/python3.12/site-packages/airflow/example_dags/example_sensors.py
[2024-07-28T15:01:26.358+0000] {processor.py:840} INFO - DAG(s) 'example_sensors' retrieved from /home/airflow/.local/lib/python3.12/site-packages/airflow/example_dags/example_sensors.py
[2024-07-28T15:01:26.408+0000] {logging_mixin.py:188} INFO - [2024-07-28T15:01:26.407+0000] {dag.py:3089} INFO - Sync 1 DAGs
[2024-07-28T15:01:26.433+0000] {logging_mixin.py:188} INFO - [2024-07-28T15:01:26.432+0000] {dag.py:3947} INFO - Setting next_dagrun for example_sensors to None, run_after=None
[2024-07-28T15:01:26.463+0000] {processor.py:183} INFO - Processing /home/airflow/.local/lib/python3.12/site-packages/airflow/example_dags/example_sensors.py took 0.133 seconds
[2024-07-28T15:01:57.053+0000] {processor.py:161} INFO - Started process (PID=146) to work on /home/airflow/.local/lib/python3.12/site-packages/airflow/example_dags/example_sensors.py
[2024-07-28T15:01:57.054+0000] {processor.py:830} INFO - Processing file /home/airflow/.local/lib/python3.12/site-packages/airflow/example_dags/example_sensors.py for tasks to queue
[2024-07-28T15:01:57.059+0000] {logging_mixin.py:188} INFO - [2024-07-28T15:01:57.059+0000] {dagbag.py:545} INFO - Filling up the DagBag from /home/airflow/.local/lib/python3.12/site-packages/airflow/example_dags/example_sensors.py
[2024-07-28T15:01:57.071+0000] {processor.py:840} INFO - DAG(s) 'example_sensors' retrieved from /home/airflow/.local/lib/python3.12/site-packages/airflow/example_dags/example_sensors.py
[2024-07-28T15:01:57.119+0000] {logging_mixin.py:188} INFO - [2024-07-28T15:01:57.118+0000] {dag.py:3089} INFO - Sync 1 DAGs
[2024-07-28T15:01:57.153+0000] {logging_mixin.py:188} INFO - [2024-07-28T15:01:57.153+0000] {dag.py:3947} INFO - Setting next_dagrun for example_sensors to None, run_after=None
[2024-07-28T15:01:57.199+0000] {processor.py:183} INFO - Processing /home/airflow/.local/lib/python3.12/site-packages/airflow/example_dags/example_sensors.py took 0.153 seconds
[2024-07-28T15:02:27.332+0000] {processor.py:161} INFO - Started process (PID=204) to work on /home/airflow/.local/lib/python3.12/site-packages/airflow/example_dags/example_sensors.py
[2024-07-28T15:02:27.333+0000] {processor.py:830} INFO - Processing file /home/airflow/.local/lib/python3.12/site-packages/airflow/example_dags/example_sensors.py for tasks to queue
[2024-07-28T15:02:27.335+0000] {logging_mixin.py:188} INFO - [2024-07-28T15:02:27.334+0000] {dagbag.py:545} INFO - Filling up the DagBag from /home/airflow/.local/lib/python3.12/site-packages/airflow/example_dags/example_sensors.py
[2024-07-28T15:02:27.350+0000] {processor.py:840} INFO - DAG(s) 'example_sensors' retrieved from /home/airflow/.local/lib/python3.12/site-packages/airflow/example_dags/example_sensors.py
[2024-07-28T15:02:27.400+0000] {logging_mixin.py:188} INFO - [2024-07-28T15:02:27.400+0000] {dag.py:3089} INFO - Sync 1 DAGs
[2024-07-28T15:02:27.436+0000] {logging_mixin.py:188} INFO - [2024-07-28T15:02:27.436+0000] {dag.py:3947} INFO - Setting next_dagrun for example_sensors to None, run_after=None
[2024-07-28T15:02:27.486+0000] {processor.py:183} INFO - Processing /home/airflow/.local/lib/python3.12/site-packages/airflow/example_dags/example_sensors.py took 0.165 seconds
[2024-07-28T15:02:58.975+0000] {processor.py:161} INFO - Started process (PID=262) to work on /home/airflow/.local/lib/python3.12/site-packages/airflow/example_dags/example_sensors.py
[2024-07-28T15:02:58.977+0000] {processor.py:830} INFO - Processing file /home/airflow/.local/lib/python3.12/site-packages/airflow/example_dags/example_sensors.py for tasks to queue
[2024-07-28T15:02:58.979+0000] {logging_mixin.py:188} INFO - [2024-07-28T15:02:58.979+0000] {dagbag.py:545} INFO - Filling up the DagBag from /home/airflow/.local/lib/python3.12/site-packages/airflow/example_dags/example_sensors.py
[2024-07-28T15:02:58.992+0000] {processor.py:840} INFO - DAG(s) 'example_sensors' retrieved from /home/airflow/.local/lib/python3.12/site-packages/airflow/example_dags/example_sensors.py
[2024-07-28T15:02:59.032+0000] {logging_mixin.py:188} INFO - [2024-07-28T15:02:59.031+0000] {dag.py:3089} INFO - Sync 1 DAGs
[2024-07-28T15:02:59.050+0000] {logging_mixin.py:188} INFO - [2024-07-28T15:02:59.049+0000] {dag.py:3947} INFO - Setting next_dagrun for example_sensors to None, run_after=None
[2024-07-28T15:02:59.079+0000] {processor.py:183} INFO - Processing /home/airflow/.local/lib/python3.12/site-packages/airflow/example_dags/example_sensors.py took 0.113 seconds
[2024-07-28T15:03:29.622+0000] {processor.py:161} INFO - Started process (PID=319) to work on /home/airflow/.local/lib/python3.12/site-packages/airflow/example_dags/example_sensors.py
[2024-07-28T15:03:29.625+0000] {processor.py:830} INFO - Processing file /home/airflow/.local/lib/python3.12/site-packages/airflow/example_dags/example_sensors.py for tasks to queue
[2024-07-28T15:03:29.632+0000] {logging_mixin.py:188} INFO - [2024-07-28T15:03:29.631+0000] {dagbag.py:545} INFO - Filling up the DagBag from /home/airflow/.local/lib/python3.12/site-packages/airflow/example_dags/example_sensors.py
[2024-07-28T15:03:29.660+0000] {processor.py:840} INFO - DAG(s) 'example_sensors' retrieved from /home/airflow/.local/lib/python3.12/site-packages/airflow/example_dags/example_sensors.py
[2024-07-28T15:03:29.702+0000] {logging_mixin.py:188} INFO - [2024-07-28T15:03:29.702+0000] {dag.py:3089} INFO - Sync 1 DAGs
[2024-07-28T15:03:29.726+0000] {logging_mixin.py:188} INFO - [2024-07-28T15:03:29.725+0000] {dag.py:3947} INFO - Setting next_dagrun for example_sensors to None, run_after=None
[2024-07-28T15:03:29.754+0000] {processor.py:183} INFO - Processing /home/airflow/.local/lib/python3.12/site-packages/airflow/example_dags/example_sensors.py took 0.157 seconds
[2024-07-28T15:04:00.930+0000] {processor.py:161} INFO - Started process (PID=378) to work on /home/airflow/.local/lib/python3.12/site-packages/airflow/example_dags/example_sensors.py
[2024-07-28T15:04:00.934+0000] {processor.py:830} INFO - Processing file /home/airflow/.local/lib/python3.12/site-packages/airflow/example_dags/example_sensors.py for tasks to queue
[2024-07-28T15:04:00.939+0000] {logging_mixin.py:188} INFO - [2024-07-28T15:04:00.938+0000] {dagbag.py:545} INFO - Filling up the DagBag from /home/airflow/.local/lib/python3.12/site-packages/airflow/example_dags/example_sensors.py
[2024-07-28T15:04:00.976+0000] {processor.py:840} INFO - DAG(s) 'example_sensors' retrieved from /home/airflow/.local/lib/python3.12/site-packages/airflow/example_dags/example_sensors.py
[2024-07-28T15:04:01.082+0000] {logging_mixin.py:188} INFO - [2024-07-28T15:04:01.082+0000] {dag.py:3089} INFO - Sync 1 DAGs
[2024-07-28T15:04:01.138+0000] {logging_mixin.py:188} INFO - [2024-07-28T15:04:01.137+0000] {dag.py:3947} INFO - Setting next_dagrun for example_sensors to None, run_after=None
[2024-07-28T15:04:01.220+0000] {processor.py:183} INFO - Processing /home/airflow/.local/lib/python3.12/site-packages/airflow/example_dags/example_sensors.py took 0.310 seconds
[2024-07-28T15:04:32.267+0000] {processor.py:161} INFO - Started process (PID=436) to work on /home/airflow/.local/lib/python3.12/site-packages/airflow/example_dags/example_sensors.py
[2024-07-28T15:04:32.270+0000] {processor.py:830} INFO - Processing file /home/airflow/.local/lib/python3.12/site-packages/airflow/example_dags/example_sensors.py for tasks to queue
[2024-07-28T15:04:32.275+0000] {logging_mixin.py:188} INFO - [2024-07-28T15:04:32.274+0000] {dagbag.py:545} INFO - Filling up the DagBag from /home/airflow/.local/lib/python3.12/site-packages/airflow/example_dags/example_sensors.py
[2024-07-28T15:04:32.311+0000] {processor.py:840} INFO - DAG(s) 'example_sensors' retrieved from /home/airflow/.local/lib/python3.12/site-packages/airflow/example_dags/example_sensors.py
[2024-07-28T15:04:32.418+0000] {logging_mixin.py:188} INFO - [2024-07-28T15:04:32.417+0000] {dag.py:3089} INFO - Sync 1 DAGs
[2024-07-28T15:04:32.472+0000] {logging_mixin.py:188} INFO - [2024-07-28T15:04:32.471+0000] {dag.py:3947} INFO - Setting next_dagrun for example_sensors to None, run_after=None
[2024-07-28T15:04:32.542+0000] {processor.py:183} INFO - Processing /home/airflow/.local/lib/python3.12/site-packages/airflow/example_dags/example_sensors.py took 0.301 seconds
[2024-07-28T15:05:02.807+0000] {processor.py:161} INFO - Started process (PID=494) to work on /home/airflow/.local/lib/python3.12/site-packages/airflow/example_dags/example_sensors.py
[2024-07-28T15:05:02.810+0000] {processor.py:830} INFO - Processing file /home/airflow/.local/lib/python3.12/site-packages/airflow/example_dags/example_sensors.py for tasks to queue
[2024-07-28T15:05:02.816+0000] {logging_mixin.py:188} INFO - [2024-07-28T15:05:02.815+0000] {dagbag.py:545} INFO - Filling up the DagBag from /home/airflow/.local/lib/python3.12/site-packages/airflow/example_dags/example_sensors.py
[2024-07-28T15:05:02.840+0000] {processor.py:840} INFO - DAG(s) 'example_sensors' retrieved from /home/airflow/.local/lib/python3.12/site-packages/airflow/example_dags/example_sensors.py
[2024-07-28T15:05:02.913+0000] {logging_mixin.py:188} INFO - [2024-07-28T15:05:02.912+0000] {dag.py:3089} INFO - Sync 1 DAGs
[2024-07-28T15:05:02.951+0000] {logging_mixin.py:188} INFO - [2024-07-28T15:05:02.950+0000] {dag.py:3947} INFO - Setting next_dagrun for example_sensors to None, run_after=None
[2024-07-28T15:05:03.004+0000] {processor.py:183} INFO - Processing /home/airflow/.local/lib/python3.12/site-packages/airflow/example_dags/example_sensors.py took 0.218 seconds
[2024-07-28T15:05:33.927+0000] {processor.py:161} INFO - Started process (PID=552) to work on /home/airflow/.local/lib/python3.12/site-packages/airflow/example_dags/example_sensors.py
[2024-07-28T15:05:33.930+0000] {processor.py:830} INFO - Processing file /home/airflow/.local/lib/python3.12/site-packages/airflow/example_dags/example_sensors.py for tasks to queue
[2024-07-28T15:05:33.936+0000] {logging_mixin.py:188} INFO - [2024-07-28T15:05:33.935+0000] {dagbag.py:545} INFO - Filling up the DagBag from /home/airflow/.local/lib/python3.12/site-packages/airflow/example_dags/example_sensors.py
[2024-07-28T15:05:33.972+0000] {processor.py:840} INFO - DAG(s) 'example_sensors' retrieved from /home/airflow/.local/lib/python3.12/site-packages/airflow/example_dags/example_sensors.py
[2024-07-28T15:05:34.074+0000] {logging_mixin.py:188} INFO - [2024-07-28T15:05:34.073+0000] {dag.py:3089} INFO - Sync 1 DAGs
[2024-07-28T15:05:34.125+0000] {logging_mixin.py:188} INFO - [2024-07-28T15:05:34.124+0000] {dag.py:3947} INFO - Setting next_dagrun for example_sensors to None, run_after=None
[2024-07-28T15:05:34.194+0000] {processor.py:183} INFO - Processing /home/airflow/.local/lib/python3.12/site-packages/airflow/example_dags/example_sensors.py took 0.292 seconds
[2024-07-28T15:06:04.322+0000] {processor.py:161} INFO - Started process (PID=610) to work on /home/airflow/.local/lib/python3.12/site-packages/airflow/example_dags/example_sensors.py
[2024-07-28T15:06:04.323+0000] {processor.py:830} INFO - Processing file /home/airflow/.local/lib/python3.12/site-packages/airflow/example_dags/example_sensors.py for tasks to queue
[2024-07-28T15:06:04.326+0000] {logging_mixin.py:188} INFO - [2024-07-28T15:06:04.325+0000] {dagbag.py:545} INFO - Filling up the DagBag from /home/airflow/.local/lib/python3.12/site-packages/airflow/example_dags/example_sensors.py
[2024-07-28T15:06:04.341+0000] {processor.py:840} INFO - DAG(s) 'example_sensors' retrieved from /home/airflow/.local/lib/python3.12/site-packages/airflow/example_dags/example_sensors.py
[2024-07-28T15:06:04.391+0000] {logging_mixin.py:188} INFO - [2024-07-28T15:06:04.391+0000] {dag.py:3089} INFO - Sync 1 DAGs
[2024-07-28T15:06:04.414+0000] {logging_mixin.py:188} INFO - [2024-07-28T15:06:04.413+0000] {dag.py:3947} INFO - Setting next_dagrun for example_sensors to None, run_after=None
[2024-07-28T15:06:04.453+0000] {processor.py:183} INFO - Processing /home/airflow/.local/lib/python3.12/site-packages/airflow/example_dags/example_sensors.py took 0.139 seconds
[2024-07-28T15:06:34.908+0000] {processor.py:161} INFO - Started process (PID=667) to work on /home/airflow/.local/lib/python3.12/site-packages/airflow/example_dags/example_sensors.py
[2024-07-28T15:06:34.911+0000] {processor.py:830} INFO - Processing file /home/airflow/.local/lib/python3.12/site-packages/airflow/example_dags/example_sensors.py for tasks to queue
[2024-07-28T15:06:34.918+0000] {logging_mixin.py:188} INFO - [2024-07-28T15:06:34.916+0000] {dagbag.py:545} INFO - Filling up the DagBag from /home/airflow/.local/lib/python3.12/site-packages/airflow/example_dags/example_sensors.py
[2024-07-28T15:06:34.942+0000] {processor.py:840} INFO - DAG(s) 'example_sensors' retrieved from /home/airflow/.local/lib/python3.12/site-packages/airflow/example_dags/example_sensors.py
[2024-07-28T15:06:35.017+0000] {logging_mixin.py:188} INFO - [2024-07-28T15:06:35.016+0000] {dag.py:3089} INFO - Sync 1 DAGs
[2024-07-28T15:06:35.049+0000] {logging_mixin.py:188} INFO - [2024-07-28T15:06:35.048+0000] {dag.py:3947} INFO - Setting next_dagrun for example_sensors to None, run_after=None
[2024-07-28T15:06:35.108+0000] {processor.py:183} INFO - Processing /home/airflow/.local/lib/python3.12/site-packages/airflow/example_dags/example_sensors.py took 0.216 seconds
[2024-07-28T15:07:05.264+0000] {processor.py:161} INFO - Started process (PID=725) to work on /home/airflow/.local/lib/python3.12/site-packages/airflow/example_dags/example_sensors.py
[2024-07-28T15:07:05.264+0000] {processor.py:830} INFO - Processing file /home/airflow/.local/lib/python3.12/site-packages/airflow/example_dags/example_sensors.py for tasks to queue
[2024-07-28T15:07:05.266+0000] {logging_mixin.py:188} INFO - [2024-07-28T15:07:05.266+0000] {dagbag.py:545} INFO - Filling up the DagBag from /home/airflow/.local/lib/python3.12/site-packages/airflow/example_dags/example_sensors.py
[2024-07-28T15:07:05.275+0000] {processor.py:840} INFO - DAG(s) 'example_sensors' retrieved from /home/airflow/.local/lib/python3.12/site-packages/airflow/example_dags/example_sensors.py
[2024-07-28T15:07:05.303+0000] {logging_mixin.py:188} INFO - [2024-07-28T15:07:05.303+0000] {dag.py:3089} INFO - Sync 1 DAGs
[2024-07-28T15:07:05.317+0000] {logging_mixin.py:188} INFO - [2024-07-28T15:07:05.316+0000] {dag.py:3947} INFO - Setting next_dagrun for example_sensors to None, run_after=None
[2024-07-28T15:07:05.335+0000] {processor.py:183} INFO - Processing /home/airflow/.local/lib/python3.12/site-packages/airflow/example_dags/example_sensors.py took 0.078 seconds
[2024-07-28T15:07:35.599+0000] {processor.py:161} INFO - Started process (PID=783) to work on /home/airflow/.local/lib/python3.12/site-packages/airflow/example_dags/example_sensors.py
[2024-07-28T15:07:35.601+0000] {processor.py:830} INFO - Processing file /home/airflow/.local/lib/python3.12/site-packages/airflow/example_dags/example_sensors.py for tasks to queue
[2024-07-28T15:07:35.604+0000] {logging_mixin.py:188} INFO - [2024-07-28T15:07:35.603+0000] {dagbag.py:545} INFO - Filling up the DagBag from /home/airflow/.local/lib/python3.12/site-packages/airflow/example_dags/example_sensors.py
[2024-07-28T15:07:35.631+0000] {processor.py:840} INFO - DAG(s) 'example_sensors' retrieved from /home/airflow/.local/lib/python3.12/site-packages/airflow/example_dags/example_sensors.py
[2024-07-28T15:07:35.724+0000] {logging_mixin.py:188} INFO - [2024-07-28T15:07:35.723+0000] {dag.py:3089} INFO - Sync 1 DAGs
[2024-07-28T15:07:35.774+0000] {logging_mixin.py:188} INFO - [2024-07-28T15:07:35.773+0000] {dag.py:3947} INFO - Setting next_dagrun for example_sensors to None, run_after=None
[2024-07-28T15:07:35.840+0000] {processor.py:183} INFO - Processing /home/airflow/.local/lib/python3.12/site-packages/airflow/example_dags/example_sensors.py took 0.253 seconds
[2024-07-28T15:08:06.323+0000] {processor.py:161} INFO - Started process (PID=842) to work on /home/airflow/.local/lib/python3.12/site-packages/airflow/example_dags/example_sensors.py
[2024-07-28T15:08:06.324+0000] {processor.py:830} INFO - Processing file /home/airflow/.local/lib/python3.12/site-packages/airflow/example_dags/example_sensors.py for tasks to queue
[2024-07-28T15:08:06.326+0000] {logging_mixin.py:188} INFO - [2024-07-28T15:08:06.325+0000] {dagbag.py:545} INFO - Filling up the DagBag from /home/airflow/.local/lib/python3.12/site-packages/airflow/example_dags/example_sensors.py
[2024-07-28T15:08:06.340+0000] {processor.py:840} INFO - DAG(s) 'example_sensors' retrieved from /home/airflow/.local/lib/python3.12/site-packages/airflow/example_dags/example_sensors.py
[2024-07-28T15:08:06.423+0000] {logging_mixin.py:188} INFO - [2024-07-28T15:08:06.422+0000] {dag.py:3089} INFO - Sync 1 DAGs
[2024-07-28T15:08:06.469+0000] {logging_mixin.py:188} INFO - [2024-07-28T15:08:06.468+0000] {dag.py:3947} INFO - Setting next_dagrun for example_sensors to None, run_after=None
[2024-07-28T15:08:06.528+0000] {processor.py:183} INFO - Processing /home/airflow/.local/lib/python3.12/site-packages/airflow/example_dags/example_sensors.py took 0.212 seconds
[2024-07-28T15:08:37.033+0000] {processor.py:161} INFO - Started process (PID=900) to work on /home/airflow/.local/lib/python3.12/site-packages/airflow/example_dags/example_sensors.py
[2024-07-28T15:08:37.036+0000] {processor.py:830} INFO - Processing file /home/airflow/.local/lib/python3.12/site-packages/airflow/example_dags/example_sensors.py for tasks to queue
[2024-07-28T15:08:37.043+0000] {logging_mixin.py:188} INFO - [2024-07-28T15:08:37.042+0000] {dagbag.py:545} INFO - Filling up the DagBag from /home/airflow/.local/lib/python3.12/site-packages/airflow/example_dags/example_sensors.py
[2024-07-28T15:08:37.078+0000] {processor.py:840} INFO - DAG(s) 'example_sensors' retrieved from /home/airflow/.local/lib/python3.12/site-packages/airflow/example_dags/example_sensors.py
[2024-07-28T15:08:37.137+0000] {logging_mixin.py:188} INFO - [2024-07-28T15:08:37.137+0000] {dag.py:3089} INFO - Sync 1 DAGs
[2024-07-28T15:08:37.157+0000] {logging_mixin.py:188} INFO - [2024-07-28T15:08:37.157+0000] {dag.py:3947} INFO - Setting next_dagrun for example_sensors to None, run_after=None
[2024-07-28T15:08:37.188+0000] {processor.py:183} INFO - Processing /home/airflow/.local/lib/python3.12/site-packages/airflow/example_dags/example_sensors.py took 0.176 seconds
[2024-07-28T15:09:07.911+0000] {processor.py:161} INFO - Started process (PID=958) to work on /home/airflow/.local/lib/python3.12/site-packages/airflow/example_dags/example_sensors.py
[2024-07-28T15:09:07.911+0000] {processor.py:830} INFO - Processing file /home/airflow/.local/lib/python3.12/site-packages/airflow/example_dags/example_sensors.py for tasks to queue
[2024-07-28T15:09:07.913+0000] {logging_mixin.py:188} INFO - [2024-07-28T15:09:07.913+0000] {dagbag.py:545} INFO - Filling up the DagBag from /home/airflow/.local/lib/python3.12/site-packages/airflow/example_dags/example_sensors.py
[2024-07-28T15:09:07.924+0000] {processor.py:840} INFO - DAG(s) 'example_sensors' retrieved from /home/airflow/.local/lib/python3.12/site-packages/airflow/example_dags/example_sensors.py
[2024-07-28T15:09:07.956+0000] {logging_mixin.py:188} INFO - [2024-07-28T15:09:07.956+0000] {dag.py:3089} INFO - Sync 1 DAGs
[2024-07-28T15:09:07.972+0000] {logging_mixin.py:188} INFO - [2024-07-28T15:09:07.972+0000] {dag.py:3947} INFO - Setting next_dagrun for example_sensors to None, run_after=None
[2024-07-28T15:09:07.994+0000] {processor.py:183} INFO - Processing /home/airflow/.local/lib/python3.12/site-packages/airflow/example_dags/example_sensors.py took 0.090 seconds
[2024-07-28T15:09:38.847+0000] {processor.py:161} INFO - Started process (PID=1016) to work on /home/airflow/.local/lib/python3.12/site-packages/airflow/example_dags/example_sensors.py
[2024-07-28T15:09:38.849+0000] {processor.py:830} INFO - Processing file /home/airflow/.local/lib/python3.12/site-packages/airflow/example_dags/example_sensors.py for tasks to queue
[2024-07-28T15:09:38.853+0000] {logging_mixin.py:188} INFO - [2024-07-28T15:09:38.852+0000] {dagbag.py:545} INFO - Filling up the DagBag from /home/airflow/.local/lib/python3.12/site-packages/airflow/example_dags/example_sensors.py
[2024-07-28T15:09:38.872+0000] {processor.py:840} INFO - DAG(s) 'example_sensors' retrieved from /home/airflow/.local/lib/python3.12/site-packages/airflow/example_dags/example_sensors.py
[2024-07-28T15:09:38.914+0000] {logging_mixin.py:188} INFO - [2024-07-28T15:09:38.913+0000] {dag.py:3089} INFO - Sync 1 DAGs
[2024-07-28T15:09:38.931+0000] {logging_mixin.py:188} INFO - [2024-07-28T15:09:38.931+0000] {dag.py:3947} INFO - Setting next_dagrun for example_sensors to None, run_after=None
[2024-07-28T15:09:38.961+0000] {processor.py:183} INFO - Processing /home/airflow/.local/lib/python3.12/site-packages/airflow/example_dags/example_sensors.py took 0.123 seconds
[2024-07-28T15:10:09.295+0000] {processor.py:161} INFO - Started process (PID=1074) to work on /home/airflow/.local/lib/python3.12/site-packages/airflow/example_dags/example_sensors.py
[2024-07-28T15:10:09.296+0000] {processor.py:830} INFO - Processing file /home/airflow/.local/lib/python3.12/site-packages/airflow/example_dags/example_sensors.py for tasks to queue
[2024-07-28T15:10:09.298+0000] {logging_mixin.py:188} INFO - [2024-07-28T15:10:09.298+0000] {dagbag.py:545} INFO - Filling up the DagBag from /home/airflow/.local/lib/python3.12/site-packages/airflow/example_dags/example_sensors.py
[2024-07-28T15:10:09.310+0000] {processor.py:840} INFO - DAG(s) 'example_sensors' retrieved from /home/airflow/.local/lib/python3.12/site-packages/airflow/example_dags/example_sensors.py
[2024-07-28T15:10:09.345+0000] {logging_mixin.py:188} INFO - [2024-07-28T15:10:09.345+0000] {dag.py:3089} INFO - Sync 1 DAGs
[2024-07-28T15:10:09.363+0000] {logging_mixin.py:188} INFO - [2024-07-28T15:10:09.363+0000] {dag.py:3947} INFO - Setting next_dagrun for example_sensors to None, run_after=None
[2024-07-28T15:10:09.385+0000] {processor.py:183} INFO - Processing /home/airflow/.local/lib/python3.12/site-packages/airflow/example_dags/example_sensors.py took 0.097 seconds
[2024-07-28T15:10:40.228+0000] {processor.py:161} INFO - Started process (PID=1132) to work on /home/airflow/.local/lib/python3.12/site-packages/airflow/example_dags/example_sensors.py
[2024-07-28T15:10:40.229+0000] {processor.py:830} INFO - Processing file /home/airflow/.local/lib/python3.12/site-packages/airflow/example_dags/example_sensors.py for tasks to queue
[2024-07-28T15:10:40.230+0000] {logging_mixin.py:188} INFO - [2024-07-28T15:10:40.230+0000] {dagbag.py:545} INFO - Filling up the DagBag from /home/airflow/.local/lib/python3.12/site-packages/airflow/example_dags/example_sensors.py
[2024-07-28T15:10:40.241+0000] {processor.py:840} INFO - DAG(s) 'example_sensors' retrieved from /home/airflow/.local/lib/python3.12/site-packages/airflow/example_dags/example_sensors.py
[2024-07-28T15:10:40.272+0000] {logging_mixin.py:188} INFO - [2024-07-28T15:10:40.272+0000] {dag.py:3089} INFO - Sync 1 DAGs
[2024-07-28T15:10:40.290+0000] {logging_mixin.py:188} INFO - [2024-07-28T15:10:40.289+0000] {dag.py:3947} INFO - Setting next_dagrun for example_sensors to None, run_after=None
[2024-07-28T15:10:40.329+0000] {processor.py:183} INFO - Processing /home/airflow/.local/lib/python3.12/site-packages/airflow/example_dags/example_sensors.py took 0.108 seconds
