[2024-07-28T15:01:25.276+0000] {processor.py:161} INFO - Started process (PID=81) to work on /home/airflow/.local/lib/python3.12/site-packages/airflow/example_dags/example_xcomargs.py
[2024-07-28T15:01:25.277+0000] {processor.py:830} INFO - Processing file /home/airflow/.local/lib/python3.12/site-packages/airflow/example_dags/example_xcomargs.py for tasks to queue
[2024-07-28T15:01:25.279+0000] {logging_mixin.py:188} INFO - [2024-07-28T15:01:25.279+0000] {dagbag.py:545} INFO - Filling up the DagBag from /home/airflow/.local/lib/python3.12/site-packages/airflow/example_dags/example_xcomargs.py
[2024-07-28T15:01:25.293+0000] {processor.py:840} INFO - DAG(s) 'example_xcom_args_with_operators', 'example_xcom_args' retrieved from /home/airflow/.local/lib/python3.12/site-packages/airflow/example_dags/example_xcomargs.py
[2024-07-28T15:01:25.330+0000] {logging_mixin.py:188} INFO - [2024-07-28T15:01:25.330+0000] {dag.py:3089} INFO - Sync 2 DAGs
[2024-07-28T15:01:25.367+0000] {logging_mixin.py:188} INFO - [2024-07-28T15:01:25.367+0000] {dag.py:3947} INFO - Setting next_dagrun for example_xcom_args to None, run_after=None
[2024-07-28T15:01:25.377+0000] {logging_mixin.py:188} INFO - [2024-07-28T15:01:25.376+0000] {dag.py:3947} INFO - Setting next_dagrun for example_xcom_args_with_operators to None, run_after=None
[2024-07-28T15:01:25.415+0000] {processor.py:183} INFO - Processing /home/airflow/.local/lib/python3.12/site-packages/airflow/example_dags/example_xcomargs.py took 0.147 seconds
[2024-07-28T15:01:55.835+0000] {processor.py:161} INFO - Started process (PID=139) to work on /home/airflow/.local/lib/python3.12/site-packages/airflow/example_dags/example_xcomargs.py
[2024-07-28T15:01:55.837+0000] {processor.py:830} INFO - Processing file /home/airflow/.local/lib/python3.12/site-packages/airflow/example_dags/example_xcomargs.py for tasks to queue
[2024-07-28T15:01:55.843+0000] {logging_mixin.py:188} INFO - [2024-07-28T15:01:55.842+0000] {dagbag.py:545} INFO - Filling up the DagBag from /home/airflow/.local/lib/python3.12/site-packages/airflow/example_dags/example_xcomargs.py
[2024-07-28T15:01:55.865+0000] {processor.py:840} INFO - DAG(s) 'example_xcom_args', 'example_xcom_args_with_operators' retrieved from /home/airflow/.local/lib/python3.12/site-packages/airflow/example_dags/example_xcomargs.py
[2024-07-28T15:01:55.900+0000] {logging_mixin.py:188} INFO - [2024-07-28T15:01:55.900+0000] {dag.py:3089} INFO - Sync 2 DAGs
[2024-07-28T15:01:55.919+0000] {logging_mixin.py:188} INFO - [2024-07-28T15:01:55.919+0000] {dag.py:3947} INFO - Setting next_dagrun for example_xcom_args to None, run_after=None
[2024-07-28T15:01:55.927+0000] {logging_mixin.py:188} INFO - [2024-07-28T15:01:55.927+0000] {dag.py:3947} INFO - Setting next_dagrun for example_xcom_args_with_operators to None, run_after=None
[2024-07-28T15:01:55.950+0000] {processor.py:183} INFO - Processing /home/airflow/.local/lib/python3.12/site-packages/airflow/example_dags/example_xcomargs.py took 0.138 seconds
[2024-07-28T15:02:26.492+0000] {processor.py:161} INFO - Started process (PID=197) to work on /home/airflow/.local/lib/python3.12/site-packages/airflow/example_dags/example_xcomargs.py
[2024-07-28T15:02:26.494+0000] {processor.py:830} INFO - Processing file /home/airflow/.local/lib/python3.12/site-packages/airflow/example_dags/example_xcomargs.py for tasks to queue
[2024-07-28T15:02:26.497+0000] {logging_mixin.py:188} INFO - [2024-07-28T15:02:26.496+0000] {dagbag.py:545} INFO - Filling up the DagBag from /home/airflow/.local/lib/python3.12/site-packages/airflow/example_dags/example_xcomargs.py
[2024-07-28T15:02:26.511+0000] {processor.py:840} INFO - DAG(s) 'example_xcom_args', 'example_xcom_args_with_operators' retrieved from /home/airflow/.local/lib/python3.12/site-packages/airflow/example_dags/example_xcomargs.py
[2024-07-28T15:02:26.548+0000] {logging_mixin.py:188} INFO - [2024-07-28T15:02:26.548+0000] {dag.py:3089} INFO - Sync 2 DAGs
[2024-07-28T15:02:26.567+0000] {logging_mixin.py:188} INFO - [2024-07-28T15:02:26.567+0000] {dag.py:3947} INFO - Setting next_dagrun for example_xcom_args to None, run_after=None
[2024-07-28T15:02:26.575+0000] {logging_mixin.py:188} INFO - [2024-07-28T15:02:26.574+0000] {dag.py:3947} INFO - Setting next_dagrun for example_xcom_args_with_operators to None, run_after=None
[2024-07-28T15:02:26.601+0000] {processor.py:183} INFO - Processing /home/airflow/.local/lib/python3.12/site-packages/airflow/example_dags/example_xcomargs.py took 0.119 seconds
[2024-07-28T15:02:57.975+0000] {processor.py:161} INFO - Started process (PID=255) to work on /home/airflow/.local/lib/python3.12/site-packages/airflow/example_dags/example_xcomargs.py
[2024-07-28T15:02:57.977+0000] {processor.py:830} INFO - Processing file /home/airflow/.local/lib/python3.12/site-packages/airflow/example_dags/example_xcomargs.py for tasks to queue
[2024-07-28T15:02:57.979+0000] {logging_mixin.py:188} INFO - [2024-07-28T15:02:57.979+0000] {dagbag.py:545} INFO - Filling up the DagBag from /home/airflow/.local/lib/python3.12/site-packages/airflow/example_dags/example_xcomargs.py
[2024-07-28T15:02:57.990+0000] {processor.py:840} INFO - DAG(s) 'example_xcom_args', 'example_xcom_args_with_operators' retrieved from /home/airflow/.local/lib/python3.12/site-packages/airflow/example_dags/example_xcomargs.py
[2024-07-28T15:02:58.021+0000] {logging_mixin.py:188} INFO - [2024-07-28T15:02:58.021+0000] {dag.py:3089} INFO - Sync 2 DAGs
[2024-07-28T15:02:58.041+0000] {logging_mixin.py:188} INFO - [2024-07-28T15:02:58.040+0000] {dag.py:3947} INFO - Setting next_dagrun for example_xcom_args to None, run_after=None
[2024-07-28T15:02:58.046+0000] {logging_mixin.py:188} INFO - [2024-07-28T15:02:58.046+0000] {dag.py:3947} INFO - Setting next_dagrun for example_xcom_args_with_operators to None, run_after=None
[2024-07-28T15:02:58.067+0000] {processor.py:183} INFO - Processing /home/airflow/.local/lib/python3.12/site-packages/airflow/example_dags/example_xcomargs.py took 0.100 seconds
[2024-07-28T15:03:28.330+0000] {processor.py:161} INFO - Started process (PID=313) to work on /home/airflow/.local/lib/python3.12/site-packages/airflow/example_dags/example_xcomargs.py
[2024-07-28T15:03:28.331+0000] {processor.py:830} INFO - Processing file /home/airflow/.local/lib/python3.12/site-packages/airflow/example_dags/example_xcomargs.py for tasks to queue
[2024-07-28T15:03:28.333+0000] {logging_mixin.py:188} INFO - [2024-07-28T15:03:28.332+0000] {dagbag.py:545} INFO - Filling up the DagBag from /home/airflow/.local/lib/python3.12/site-packages/airflow/example_dags/example_xcomargs.py
[2024-07-28T15:03:28.346+0000] {processor.py:840} INFO - DAG(s) 'example_xcom_args', 'example_xcom_args_with_operators' retrieved from /home/airflow/.local/lib/python3.12/site-packages/airflow/example_dags/example_xcomargs.py
[2024-07-28T15:03:28.387+0000] {logging_mixin.py:188} INFO - [2024-07-28T15:03:28.386+0000] {dag.py:3089} INFO - Sync 2 DAGs
[2024-07-28T15:03:28.414+0000] {logging_mixin.py:188} INFO - [2024-07-28T15:03:28.414+0000] {dag.py:3947} INFO - Setting next_dagrun for example_xcom_args to None, run_after=None
[2024-07-28T15:03:28.420+0000] {logging_mixin.py:188} INFO - [2024-07-28T15:03:28.419+0000] {dag.py:3947} INFO - Setting next_dagrun for example_xcom_args_with_operators to None, run_after=None
[2024-07-28T15:03:28.445+0000] {processor.py:183} INFO - Processing /home/airflow/.local/lib/python3.12/site-packages/airflow/example_dags/example_xcomargs.py took 0.125 seconds
[2024-07-28T15:03:59.820+0000] {processor.py:161} INFO - Started process (PID=371) to work on /home/airflow/.local/lib/python3.12/site-packages/airflow/example_dags/example_xcomargs.py
[2024-07-28T15:03:59.822+0000] {processor.py:830} INFO - Processing file /home/airflow/.local/lib/python3.12/site-packages/airflow/example_dags/example_xcomargs.py for tasks to queue
[2024-07-28T15:03:59.828+0000] {logging_mixin.py:188} INFO - [2024-07-28T15:03:59.827+0000] {dagbag.py:545} INFO - Filling up the DagBag from /home/airflow/.local/lib/python3.12/site-packages/airflow/example_dags/example_xcomargs.py
[2024-07-28T15:03:59.858+0000] {processor.py:840} INFO - DAG(s) 'example_xcom_args', 'example_xcom_args_with_operators' retrieved from /home/airflow/.local/lib/python3.12/site-packages/airflow/example_dags/example_xcomargs.py
[2024-07-28T15:03:59.949+0000] {logging_mixin.py:188} INFO - [2024-07-28T15:03:59.948+0000] {dag.py:3089} INFO - Sync 2 DAGs
[2024-07-28T15:04:00.001+0000] {logging_mixin.py:188} INFO - [2024-07-28T15:04:00.000+0000] {dag.py:3947} INFO - Setting next_dagrun for example_xcom_args to None, run_after=None
[2024-07-28T15:04:00.017+0000] {logging_mixin.py:188} INFO - [2024-07-28T15:04:00.016+0000] {dag.py:3947} INFO - Setting next_dagrun for example_xcom_args_with_operators to None, run_after=None
[2024-07-28T15:04:00.074+0000] {processor.py:183} INFO - Processing /home/airflow/.local/lib/python3.12/site-packages/airflow/example_dags/example_xcomargs.py took 0.276 seconds
[2024-07-28T15:04:30.653+0000] {processor.py:161} INFO - Started process (PID=429) to work on /home/airflow/.local/lib/python3.12/site-packages/airflow/example_dags/example_xcomargs.py
[2024-07-28T15:04:30.655+0000] {processor.py:830} INFO - Processing file /home/airflow/.local/lib/python3.12/site-packages/airflow/example_dags/example_xcomargs.py for tasks to queue
[2024-07-28T15:04:30.661+0000] {logging_mixin.py:188} INFO - [2024-07-28T15:04:30.660+0000] {dagbag.py:545} INFO - Filling up the DagBag from /home/airflow/.local/lib/python3.12/site-packages/airflow/example_dags/example_xcomargs.py
[2024-07-28T15:04:30.691+0000] {processor.py:840} INFO - DAG(s) 'example_xcom_args_with_operators', 'example_xcom_args' retrieved from /home/airflow/.local/lib/python3.12/site-packages/airflow/example_dags/example_xcomargs.py
[2024-07-28T15:04:30.805+0000] {logging_mixin.py:188} INFO - [2024-07-28T15:04:30.804+0000] {dag.py:3089} INFO - Sync 2 DAGs
[2024-07-28T15:04:30.883+0000] {logging_mixin.py:188} INFO - [2024-07-28T15:04:30.881+0000] {dag.py:3947} INFO - Setting next_dagrun for example_xcom_args to None, run_after=None
[2024-07-28T15:04:30.905+0000] {logging_mixin.py:188} INFO - [2024-07-28T15:04:30.904+0000] {dag.py:3947} INFO - Setting next_dagrun for example_xcom_args_with_operators to None, run_after=None
[2024-07-28T15:04:30.981+0000] {processor.py:183} INFO - Processing /home/airflow/.local/lib/python3.12/site-packages/airflow/example_dags/example_xcomargs.py took 0.350 seconds
[2024-07-28T15:05:01.053+0000] {processor.py:161} INFO - Started process (PID=487) to work on /home/airflow/.local/lib/python3.12/site-packages/airflow/example_dags/example_xcomargs.py
[2024-07-28T15:05:01.055+0000] {processor.py:830} INFO - Processing file /home/airflow/.local/lib/python3.12/site-packages/airflow/example_dags/example_xcomargs.py for tasks to queue
[2024-07-28T15:05:01.061+0000] {logging_mixin.py:188} INFO - [2024-07-28T15:05:01.060+0000] {dagbag.py:545} INFO - Filling up the DagBag from /home/airflow/.local/lib/python3.12/site-packages/airflow/example_dags/example_xcomargs.py
[2024-07-28T15:05:01.092+0000] {processor.py:840} INFO - DAG(s) 'example_xcom_args_with_operators', 'example_xcom_args' retrieved from /home/airflow/.local/lib/python3.12/site-packages/airflow/example_dags/example_xcomargs.py
[2024-07-28T15:05:01.183+0000] {logging_mixin.py:188} INFO - [2024-07-28T15:05:01.182+0000] {dag.py:3089} INFO - Sync 2 DAGs
[2024-07-28T15:05:01.244+0000] {logging_mixin.py:188} INFO - [2024-07-28T15:05:01.243+0000] {dag.py:3947} INFO - Setting next_dagrun for example_xcom_args to None, run_after=None
[2024-07-28T15:05:01.261+0000] {logging_mixin.py:188} INFO - [2024-07-28T15:05:01.260+0000] {dag.py:3947} INFO - Setting next_dagrun for example_xcom_args_with_operators to None, run_after=None
[2024-07-28T15:05:01.328+0000] {processor.py:183} INFO - Processing /home/airflow/.local/lib/python3.12/site-packages/airflow/example_dags/example_xcomargs.py took 0.297 seconds
[2024-07-28T15:05:31.447+0000] {processor.py:161} INFO - Started process (PID=545) to work on /home/airflow/.local/lib/python3.12/site-packages/airflow/example_dags/example_xcomargs.py
[2024-07-28T15:05:31.448+0000] {processor.py:830} INFO - Processing file /home/airflow/.local/lib/python3.12/site-packages/airflow/example_dags/example_xcomargs.py for tasks to queue
[2024-07-28T15:05:31.450+0000] {logging_mixin.py:188} INFO - [2024-07-28T15:05:31.450+0000] {dagbag.py:545} INFO - Filling up the DagBag from /home/airflow/.local/lib/python3.12/site-packages/airflow/example_dags/example_xcomargs.py
[2024-07-28T15:05:31.463+0000] {processor.py:840} INFO - DAG(s) 'example_xcom_args_with_operators', 'example_xcom_args' retrieved from /home/airflow/.local/lib/python3.12/site-packages/airflow/example_dags/example_xcomargs.py
[2024-07-28T15:05:31.499+0000] {logging_mixin.py:188} INFO - [2024-07-28T15:05:31.498+0000] {dag.py:3089} INFO - Sync 2 DAGs
[2024-07-28T15:05:31.517+0000] {logging_mixin.py:188} INFO - [2024-07-28T15:05:31.517+0000] {dag.py:3947} INFO - Setting next_dagrun for example_xcom_args to None, run_after=None
[2024-07-28T15:05:31.522+0000] {logging_mixin.py:188} INFO - [2024-07-28T15:05:31.522+0000] {dag.py:3947} INFO - Setting next_dagrun for example_xcom_args_with_operators to None, run_after=None
[2024-07-28T15:05:31.547+0000] {processor.py:183} INFO - Processing /home/airflow/.local/lib/python3.12/site-packages/airflow/example_dags/example_xcomargs.py took 0.110 seconds
[2024-07-28T15:06:01.833+0000] {processor.py:161} INFO - Started process (PID=603) to work on /home/airflow/.local/lib/python3.12/site-packages/airflow/example_dags/example_xcomargs.py
[2024-07-28T15:06:01.834+0000] {processor.py:830} INFO - Processing file /home/airflow/.local/lib/python3.12/site-packages/airflow/example_dags/example_xcomargs.py for tasks to queue
[2024-07-28T15:06:01.836+0000] {logging_mixin.py:188} INFO - [2024-07-28T15:06:01.836+0000] {dagbag.py:545} INFO - Filling up the DagBag from /home/airflow/.local/lib/python3.12/site-packages/airflow/example_dags/example_xcomargs.py
[2024-07-28T15:06:01.852+0000] {processor.py:840} INFO - DAG(s) 'example_xcom_args', 'example_xcom_args_with_operators' retrieved from /home/airflow/.local/lib/python3.12/site-packages/airflow/example_dags/example_xcomargs.py
[2024-07-28T15:06:01.892+0000] {logging_mixin.py:188} INFO - [2024-07-28T15:06:01.892+0000] {dag.py:3089} INFO - Sync 2 DAGs
[2024-07-28T15:06:01.921+0000] {logging_mixin.py:188} INFO - [2024-07-28T15:06:01.921+0000] {dag.py:3947} INFO - Setting next_dagrun for example_xcom_args to None, run_after=None
[2024-07-28T15:06:01.932+0000] {logging_mixin.py:188} INFO - [2024-07-28T15:06:01.931+0000] {dag.py:3947} INFO - Setting next_dagrun for example_xcom_args_with_operators to None, run_after=None
[2024-07-28T15:06:01.964+0000] {processor.py:183} INFO - Processing /home/airflow/.local/lib/python3.12/site-packages/airflow/example_dags/example_xcomargs.py took 0.143 seconds
[2024-07-28T15:06:32.073+0000] {processor.py:161} INFO - Started process (PID=661) to work on /home/airflow/.local/lib/python3.12/site-packages/airflow/example_dags/example_xcomargs.py
[2024-07-28T15:06:32.074+0000] {processor.py:830} INFO - Processing file /home/airflow/.local/lib/python3.12/site-packages/airflow/example_dags/example_xcomargs.py for tasks to queue
[2024-07-28T15:06:32.078+0000] {logging_mixin.py:188} INFO - [2024-07-28T15:06:32.077+0000] {dagbag.py:545} INFO - Filling up the DagBag from /home/airflow/.local/lib/python3.12/site-packages/airflow/example_dags/example_xcomargs.py
[2024-07-28T15:06:32.096+0000] {processor.py:840} INFO - DAG(s) 'example_xcom_args_with_operators', 'example_xcom_args' retrieved from /home/airflow/.local/lib/python3.12/site-packages/airflow/example_dags/example_xcomargs.py
[2024-07-28T15:06:32.179+0000] {logging_mixin.py:188} INFO - [2024-07-28T15:06:32.178+0000] {dag.py:3089} INFO - Sync 2 DAGs
[2024-07-28T15:06:32.237+0000] {logging_mixin.py:188} INFO - [2024-07-28T15:06:32.235+0000] {dag.py:3947} INFO - Setting next_dagrun for example_xcom_args to None, run_after=None
[2024-07-28T15:06:32.248+0000] {logging_mixin.py:188} INFO - [2024-07-28T15:06:32.247+0000] {dag.py:3947} INFO - Setting next_dagrun for example_xcom_args_with_operators to None, run_after=None
[2024-07-28T15:06:32.303+0000] {processor.py:183} INFO - Processing /home/airflow/.local/lib/python3.12/site-packages/airflow/example_dags/example_xcomargs.py took 0.244 seconds
[2024-07-28T15:07:02.845+0000] {processor.py:161} INFO - Started process (PID=719) to work on /home/airflow/.local/lib/python3.12/site-packages/airflow/example_dags/example_xcomargs.py
[2024-07-28T15:07:02.846+0000] {processor.py:830} INFO - Processing file /home/airflow/.local/lib/python3.12/site-packages/airflow/example_dags/example_xcomargs.py for tasks to queue
[2024-07-28T15:07:02.849+0000] {logging_mixin.py:188} INFO - [2024-07-28T15:07:02.848+0000] {dagbag.py:545} INFO - Filling up the DagBag from /home/airflow/.local/lib/python3.12/site-packages/airflow/example_dags/example_xcomargs.py
[2024-07-28T15:07:02.865+0000] {processor.py:840} INFO - DAG(s) 'example_xcom_args', 'example_xcom_args_with_operators' retrieved from /home/airflow/.local/lib/python3.12/site-packages/airflow/example_dags/example_xcomargs.py
[2024-07-28T15:07:02.914+0000] {logging_mixin.py:188} INFO - [2024-07-28T15:07:02.913+0000] {dag.py:3089} INFO - Sync 2 DAGs
[2024-07-28T15:07:02.940+0000] {logging_mixin.py:188} INFO - [2024-07-28T15:07:02.940+0000] {dag.py:3947} INFO - Setting next_dagrun for example_xcom_args to None, run_after=None
[2024-07-28T15:07:02.948+0000] {logging_mixin.py:188} INFO - [2024-07-28T15:07:02.948+0000] {dag.py:3947} INFO - Setting next_dagrun for example_xcom_args_with_operators to None, run_after=None
[2024-07-28T15:07:02.981+0000] {processor.py:183} INFO - Processing /home/airflow/.local/lib/python3.12/site-packages/airflow/example_dags/example_xcomargs.py took 0.148 seconds
[2024-07-28T15:07:34.514+0000] {processor.py:161} INFO - Started process (PID=777) to work on /home/airflow/.local/lib/python3.12/site-packages/airflow/example_dags/example_xcomargs.py
[2024-07-28T15:07:34.518+0000] {processor.py:830} INFO - Processing file /home/airflow/.local/lib/python3.12/site-packages/airflow/example_dags/example_xcomargs.py for tasks to queue
[2024-07-28T15:07:34.524+0000] {logging_mixin.py:188} INFO - [2024-07-28T15:07:34.523+0000] {dagbag.py:545} INFO - Filling up the DagBag from /home/airflow/.local/lib/python3.12/site-packages/airflow/example_dags/example_xcomargs.py
[2024-07-28T15:07:34.556+0000] {processor.py:840} INFO - DAG(s) 'example_xcom_args', 'example_xcom_args_with_operators' retrieved from /home/airflow/.local/lib/python3.12/site-packages/airflow/example_dags/example_xcomargs.py
[2024-07-28T15:07:34.653+0000] {logging_mixin.py:188} INFO - [2024-07-28T15:07:34.652+0000] {dag.py:3089} INFO - Sync 2 DAGs
[2024-07-28T15:07:34.720+0000] {logging_mixin.py:188} INFO - [2024-07-28T15:07:34.719+0000] {dag.py:3947} INFO - Setting next_dagrun for example_xcom_args to None, run_after=None
[2024-07-28T15:07:34.735+0000] {logging_mixin.py:188} INFO - [2024-07-28T15:07:34.734+0000] {dag.py:3947} INFO - Setting next_dagrun for example_xcom_args_with_operators to None, run_after=None
[2024-07-28T15:07:34.792+0000] {processor.py:183} INFO - Processing /home/airflow/.local/lib/python3.12/site-packages/airflow/example_dags/example_xcomargs.py took 0.301 seconds
[2024-07-28T15:08:05.140+0000] {processor.py:161} INFO - Started process (PID=836) to work on /home/airflow/.local/lib/python3.12/site-packages/airflow/example_dags/example_xcomargs.py
[2024-07-28T15:08:05.143+0000] {processor.py:830} INFO - Processing file /home/airflow/.local/lib/python3.12/site-packages/airflow/example_dags/example_xcomargs.py for tasks to queue
[2024-07-28T15:08:05.148+0000] {logging_mixin.py:188} INFO - [2024-07-28T15:08:05.147+0000] {dagbag.py:545} INFO - Filling up the DagBag from /home/airflow/.local/lib/python3.12/site-packages/airflow/example_dags/example_xcomargs.py
[2024-07-28T15:08:05.175+0000] {processor.py:840} INFO - DAG(s) 'example_xcom_args', 'example_xcom_args_with_operators' retrieved from /home/airflow/.local/lib/python3.12/site-packages/airflow/example_dags/example_xcomargs.py
[2024-07-28T15:08:05.251+0000] {logging_mixin.py:188} INFO - [2024-07-28T15:08:05.250+0000] {dag.py:3089} INFO - Sync 2 DAGs
[2024-07-28T15:08:05.299+0000] {logging_mixin.py:188} INFO - [2024-07-28T15:08:05.298+0000] {dag.py:3947} INFO - Setting next_dagrun for example_xcom_args to None, run_after=None
[2024-07-28T15:08:05.312+0000] {logging_mixin.py:188} INFO - [2024-07-28T15:08:05.311+0000] {dag.py:3947} INFO - Setting next_dagrun for example_xcom_args_with_operators to None, run_after=None
[2024-07-28T15:08:05.363+0000] {processor.py:183} INFO - Processing /home/airflow/.local/lib/python3.12/site-packages/airflow/example_dags/example_xcomargs.py took 0.243 seconds
[2024-07-28T15:08:35.924+0000] {processor.py:161} INFO - Started process (PID=894) to work on /home/airflow/.local/lib/python3.12/site-packages/airflow/example_dags/example_xcomargs.py
[2024-07-28T15:08:35.926+0000] {processor.py:830} INFO - Processing file /home/airflow/.local/lib/python3.12/site-packages/airflow/example_dags/example_xcomargs.py for tasks to queue
[2024-07-28T15:08:35.932+0000] {logging_mixin.py:188} INFO - [2024-07-28T15:08:35.931+0000] {dagbag.py:545} INFO - Filling up the DagBag from /home/airflow/.local/lib/python3.12/site-packages/airflow/example_dags/example_xcomargs.py
[2024-07-28T15:08:35.960+0000] {processor.py:840} INFO - DAG(s) 'example_xcom_args', 'example_xcom_args_with_operators' retrieved from /home/airflow/.local/lib/python3.12/site-packages/airflow/example_dags/example_xcomargs.py
[2024-07-28T15:08:36.042+0000] {logging_mixin.py:188} INFO - [2024-07-28T15:08:36.041+0000] {dag.py:3089} INFO - Sync 2 DAGs
[2024-07-28T15:08:36.093+0000] {logging_mixin.py:188} INFO - [2024-07-28T15:08:36.092+0000] {dag.py:3947} INFO - Setting next_dagrun for example_xcom_args to None, run_after=None
[2024-07-28T15:08:36.107+0000] {logging_mixin.py:188} INFO - [2024-07-28T15:08:36.106+0000] {dag.py:3947} INFO - Setting next_dagrun for example_xcom_args_with_operators to None, run_after=None
[2024-07-28T15:08:36.163+0000] {processor.py:183} INFO - Processing /home/airflow/.local/lib/python3.12/site-packages/airflow/example_dags/example_xcomargs.py took 0.260 seconds
[2024-07-28T15:09:06.569+0000] {processor.py:161} INFO - Started process (PID=952) to work on /home/airflow/.local/lib/python3.12/site-packages/airflow/example_dags/example_xcomargs.py
[2024-07-28T15:09:06.571+0000] {processor.py:830} INFO - Processing file /home/airflow/.local/lib/python3.12/site-packages/airflow/example_dags/example_xcomargs.py for tasks to queue
[2024-07-28T15:09:06.577+0000] {logging_mixin.py:188} INFO - [2024-07-28T15:09:06.575+0000] {dagbag.py:545} INFO - Filling up the DagBag from /home/airflow/.local/lib/python3.12/site-packages/airflow/example_dags/example_xcomargs.py
[2024-07-28T15:09:06.612+0000] {processor.py:840} INFO - DAG(s) 'example_xcom_args_with_operators', 'example_xcom_args' retrieved from /home/airflow/.local/lib/python3.12/site-packages/airflow/example_dags/example_xcomargs.py
[2024-07-28T15:09:06.692+0000] {logging_mixin.py:188} INFO - [2024-07-28T15:09:06.692+0000] {dag.py:3089} INFO - Sync 2 DAGs
[2024-07-28T15:09:06.742+0000] {logging_mixin.py:188} INFO - [2024-07-28T15:09:06.742+0000] {dag.py:3947} INFO - Setting next_dagrun for example_xcom_args to None, run_after=None
[2024-07-28T15:09:06.757+0000] {logging_mixin.py:188} INFO - [2024-07-28T15:09:06.756+0000] {dag.py:3947} INFO - Setting next_dagrun for example_xcom_args_with_operators to None, run_after=None
[2024-07-28T15:09:06.814+0000] {processor.py:183} INFO - Processing /home/airflow/.local/lib/python3.12/site-packages/airflow/example_dags/example_xcomargs.py took 0.266 seconds
[2024-07-28T15:09:37.125+0000] {processor.py:161} INFO - Started process (PID=1010) to work on /home/airflow/.local/lib/python3.12/site-packages/airflow/example_dags/example_xcomargs.py
[2024-07-28T15:09:37.127+0000] {processor.py:830} INFO - Processing file /home/airflow/.local/lib/python3.12/site-packages/airflow/example_dags/example_xcomargs.py for tasks to queue
[2024-07-28T15:09:37.129+0000] {logging_mixin.py:188} INFO - [2024-07-28T15:09:37.129+0000] {dagbag.py:545} INFO - Filling up the DagBag from /home/airflow/.local/lib/python3.12/site-packages/airflow/example_dags/example_xcomargs.py
[2024-07-28T15:09:37.146+0000] {processor.py:840} INFO - DAG(s) 'example_xcom_args_with_operators', 'example_xcom_args' retrieved from /home/airflow/.local/lib/python3.12/site-packages/airflow/example_dags/example_xcomargs.py
[2024-07-28T15:09:37.206+0000] {logging_mixin.py:188} INFO - [2024-07-28T15:09:37.206+0000] {dag.py:3089} INFO - Sync 2 DAGs
[2024-07-28T15:09:37.242+0000] {logging_mixin.py:188} INFO - [2024-07-28T15:09:37.241+0000] {dag.py:3947} INFO - Setting next_dagrun for example_xcom_args to None, run_after=None
[2024-07-28T15:09:37.250+0000] {logging_mixin.py:188} INFO - [2024-07-28T15:09:37.250+0000] {dag.py:3947} INFO - Setting next_dagrun for example_xcom_args_with_operators to None, run_after=None
[2024-07-28T15:09:37.284+0000] {processor.py:183} INFO - Processing /home/airflow/.local/lib/python3.12/site-packages/airflow/example_dags/example_xcomargs.py took 0.169 seconds
[2024-07-28T15:10:08.146+0000] {processor.py:161} INFO - Started process (PID=1068) to work on /home/airflow/.local/lib/python3.12/site-packages/airflow/example_dags/example_xcomargs.py
[2024-07-28T15:10:08.148+0000] {processor.py:830} INFO - Processing file /home/airflow/.local/lib/python3.12/site-packages/airflow/example_dags/example_xcomargs.py for tasks to queue
[2024-07-28T15:10:08.153+0000] {logging_mixin.py:188} INFO - [2024-07-28T15:10:08.152+0000] {dagbag.py:545} INFO - Filling up the DagBag from /home/airflow/.local/lib/python3.12/site-packages/airflow/example_dags/example_xcomargs.py
[2024-07-28T15:10:08.182+0000] {processor.py:840} INFO - DAG(s) 'example_xcom_args_with_operators', 'example_xcom_args' retrieved from /home/airflow/.local/lib/python3.12/site-packages/airflow/example_dags/example_xcomargs.py
[2024-07-28T15:10:08.239+0000] {logging_mixin.py:188} INFO - [2024-07-28T15:10:08.239+0000] {dag.py:3089} INFO - Sync 2 DAGs
[2024-07-28T15:10:08.257+0000] {logging_mixin.py:188} INFO - [2024-07-28T15:10:08.257+0000] {dag.py:3947} INFO - Setting next_dagrun for example_xcom_args to None, run_after=None
[2024-07-28T15:10:08.262+0000] {logging_mixin.py:188} INFO - [2024-07-28T15:10:08.261+0000] {dag.py:3947} INFO - Setting next_dagrun for example_xcom_args_with_operators to None, run_after=None
[2024-07-28T15:10:08.284+0000] {processor.py:183} INFO - Processing /home/airflow/.local/lib/python3.12/site-packages/airflow/example_dags/example_xcomargs.py took 0.158 seconds
[2024-07-28T15:10:38.809+0000] {processor.py:161} INFO - Started process (PID=1126) to work on /home/airflow/.local/lib/python3.12/site-packages/airflow/example_dags/example_xcomargs.py
[2024-07-28T15:10:38.810+0000] {processor.py:830} INFO - Processing file /home/airflow/.local/lib/python3.12/site-packages/airflow/example_dags/example_xcomargs.py for tasks to queue
[2024-07-28T15:10:38.812+0000] {logging_mixin.py:188} INFO - [2024-07-28T15:10:38.812+0000] {dagbag.py:545} INFO - Filling up the DagBag from /home/airflow/.local/lib/python3.12/site-packages/airflow/example_dags/example_xcomargs.py
[2024-07-28T15:10:38.824+0000] {processor.py:840} INFO - DAG(s) 'example_xcom_args_with_operators', 'example_xcom_args' retrieved from /home/airflow/.local/lib/python3.12/site-packages/airflow/example_dags/example_xcomargs.py
[2024-07-28T15:10:38.862+0000] {logging_mixin.py:188} INFO - [2024-07-28T15:10:38.862+0000] {dag.py:3089} INFO - Sync 2 DAGs
[2024-07-28T15:10:38.879+0000] {logging_mixin.py:188} INFO - [2024-07-28T15:10:38.878+0000] {dag.py:3947} INFO - Setting next_dagrun for example_xcom_args to None, run_after=None
[2024-07-28T15:10:38.883+0000] {logging_mixin.py:188} INFO - [2024-07-28T15:10:38.883+0000] {dag.py:3947} INFO - Setting next_dagrun for example_xcom_args_with_operators to None, run_after=None
[2024-07-28T15:10:38.906+0000] {processor.py:183} INFO - Processing /home/airflow/.local/lib/python3.12/site-packages/airflow/example_dags/example_xcomargs.py took 0.106 seconds
