[2024-07-28T15:01:23.727+0000] {processor.py:161} INFO - Started process (PID=70) to work on /home/airflow/.local/lib/python3.12/site-packages/airflow/example_dags/example_display_name.py
[2024-07-28T15:01:23.728+0000] {processor.py:830} INFO - Processing file /home/airflow/.local/lib/python3.12/site-packages/airflow/example_dags/example_display_name.py for tasks to queue
[2024-07-28T15:01:23.731+0000] {logging_mixin.py:188} INFO - [2024-07-28T15:01:23.731+0000] {dagbag.py:545} INFO - Filling up the DagBag from /home/airflow/.local/lib/python3.12/site-packages/airflow/example_dags/example_display_name.py
[2024-07-28T15:01:23.747+0000] {processor.py:840} INFO - DAG(s) 'example_display_name' retrieved from /home/airflow/.local/lib/python3.12/site-packages/airflow/example_dags/example_display_name.py
[2024-07-28T15:01:23.784+0000] {logging_mixin.py:188} INFO - [2024-07-28T15:01:23.784+0000] {dag.py:3089} INFO - Sync 1 DAGs
[2024-07-28T15:01:23.809+0000] {logging_mixin.py:188} INFO - [2024-07-28T15:01:23.809+0000] {dag.py:3947} INFO - Setting next_dagrun for example_display_name to None, run_after=None
[2024-07-28T15:01:23.848+0000] {processor.py:183} INFO - Processing /home/airflow/.local/lib/python3.12/site-packages/airflow/example_dags/example_display_name.py took 0.133 seconds
[2024-07-28T15:01:54.610+0000] {processor.py:161} INFO - Started process (PID=128) to work on /home/airflow/.local/lib/python3.12/site-packages/airflow/example_dags/example_display_name.py
[2024-07-28T15:01:54.612+0000] {processor.py:830} INFO - Processing file /home/airflow/.local/lib/python3.12/site-packages/airflow/example_dags/example_display_name.py for tasks to queue
[2024-07-28T15:01:54.614+0000] {logging_mixin.py:188} INFO - [2024-07-28T15:01:54.614+0000] {dagbag.py:545} INFO - Filling up the DagBag from /home/airflow/.local/lib/python3.12/site-packages/airflow/example_dags/example_display_name.py
[2024-07-28T15:01:54.627+0000] {processor.py:840} INFO - DAG(s) 'example_display_name' retrieved from /home/airflow/.local/lib/python3.12/site-packages/airflow/example_dags/example_display_name.py
[2024-07-28T15:01:54.673+0000] {logging_mixin.py:188} INFO - [2024-07-28T15:01:54.672+0000] {dag.py:3089} INFO - Sync 1 DAGs
[2024-07-28T15:01:54.709+0000] {logging_mixin.py:188} INFO - [2024-07-28T15:01:54.708+0000] {dag.py:3947} INFO - Setting next_dagrun for example_display_name to None, run_after=None
[2024-07-28T15:01:54.756+0000] {processor.py:183} INFO - Processing /home/airflow/.local/lib/python3.12/site-packages/airflow/example_dags/example_display_name.py took 0.157 seconds
[2024-07-28T15:02:25.248+0000] {processor.py:161} INFO - Started process (PID=186) to work on /home/airflow/.local/lib/python3.12/site-packages/airflow/example_dags/example_display_name.py
[2024-07-28T15:02:25.249+0000] {processor.py:830} INFO - Processing file /home/airflow/.local/lib/python3.12/site-packages/airflow/example_dags/example_display_name.py for tasks to queue
[2024-07-28T15:02:25.251+0000] {logging_mixin.py:188} INFO - [2024-07-28T15:02:25.251+0000] {dagbag.py:545} INFO - Filling up the DagBag from /home/airflow/.local/lib/python3.12/site-packages/airflow/example_dags/example_display_name.py
[2024-07-28T15:02:25.261+0000] {processor.py:840} INFO - DAG(s) 'example_display_name' retrieved from /home/airflow/.local/lib/python3.12/site-packages/airflow/example_dags/example_display_name.py
[2024-07-28T15:02:25.292+0000] {logging_mixin.py:188} INFO - [2024-07-28T15:02:25.291+0000] {dag.py:3089} INFO - Sync 1 DAGs
[2024-07-28T15:02:25.313+0000] {logging_mixin.py:188} INFO - [2024-07-28T15:02:25.312+0000] {dag.py:3947} INFO - Setting next_dagrun for example_display_name to None, run_after=None
[2024-07-28T15:02:25.344+0000] {processor.py:183} INFO - Processing /home/airflow/.local/lib/python3.12/site-packages/airflow/example_dags/example_display_name.py took 0.106 seconds
[2024-07-28T15:02:55.950+0000] {processor.py:161} INFO - Started process (PID=244) to work on /home/airflow/.local/lib/python3.12/site-packages/airflow/example_dags/example_display_name.py
[2024-07-28T15:02:55.953+0000] {processor.py:830} INFO - Processing file /home/airflow/.local/lib/python3.12/site-packages/airflow/example_dags/example_display_name.py for tasks to queue
[2024-07-28T15:02:55.959+0000] {logging_mixin.py:188} INFO - [2024-07-28T15:02:55.958+0000] {dagbag.py:545} INFO - Filling up the DagBag from /home/airflow/.local/lib/python3.12/site-packages/airflow/example_dags/example_display_name.py
[2024-07-28T15:02:55.980+0000] {processor.py:840} INFO - DAG(s) 'example_display_name' retrieved from /home/airflow/.local/lib/python3.12/site-packages/airflow/example_dags/example_display_name.py
[2024-07-28T15:02:56.048+0000] {logging_mixin.py:188} INFO - [2024-07-28T15:02:56.047+0000] {dag.py:3089} INFO - Sync 1 DAGs
[2024-07-28T15:02:56.099+0000] {logging_mixin.py:188} INFO - [2024-07-28T15:02:56.098+0000] {dag.py:3947} INFO - Setting next_dagrun for example_display_name to None, run_after=None
[2024-07-28T15:02:56.172+0000] {processor.py:183} INFO - Processing /home/airflow/.local/lib/python3.12/site-packages/airflow/example_dags/example_display_name.py took 0.246 seconds
[2024-07-28T15:03:26.637+0000] {processor.py:161} INFO - Started process (PID=302) to work on /home/airflow/.local/lib/python3.12/site-packages/airflow/example_dags/example_display_name.py
[2024-07-28T15:03:26.640+0000] {processor.py:830} INFO - Processing file /home/airflow/.local/lib/python3.12/site-packages/airflow/example_dags/example_display_name.py for tasks to queue
[2024-07-28T15:03:26.646+0000] {logging_mixin.py:188} INFO - [2024-07-28T15:03:26.645+0000] {dagbag.py:545} INFO - Filling up the DagBag from /home/airflow/.local/lib/python3.12/site-packages/airflow/example_dags/example_display_name.py
[2024-07-28T15:03:26.668+0000] {processor.py:840} INFO - DAG(s) 'example_display_name' retrieved from /home/airflow/.local/lib/python3.12/site-packages/airflow/example_dags/example_display_name.py
[2024-07-28T15:03:26.744+0000] {logging_mixin.py:188} INFO - [2024-07-28T15:03:26.742+0000] {dag.py:3089} INFO - Sync 1 DAGs
[2024-07-28T15:03:26.805+0000] {logging_mixin.py:188} INFO - [2024-07-28T15:03:26.804+0000] {dag.py:3947} INFO - Setting next_dagrun for example_display_name to None, run_after=None
[2024-07-28T15:03:26.885+0000] {processor.py:183} INFO - Processing /home/airflow/.local/lib/python3.12/site-packages/airflow/example_dags/example_display_name.py took 0.273 seconds
[2024-07-28T15:03:57.780+0000] {processor.py:161} INFO - Started process (PID=360) to work on /home/airflow/.local/lib/python3.12/site-packages/airflow/example_dags/example_display_name.py
[2024-07-28T15:03:57.783+0000] {processor.py:830} INFO - Processing file /home/airflow/.local/lib/python3.12/site-packages/airflow/example_dags/example_display_name.py for tasks to queue
[2024-07-28T15:03:57.789+0000] {logging_mixin.py:188} INFO - [2024-07-28T15:03:57.788+0000] {dagbag.py:545} INFO - Filling up the DagBag from /home/airflow/.local/lib/python3.12/site-packages/airflow/example_dags/example_display_name.py
[2024-07-28T15:03:57.810+0000] {processor.py:840} INFO - DAG(s) 'example_display_name' retrieved from /home/airflow/.local/lib/python3.12/site-packages/airflow/example_dags/example_display_name.py
[2024-07-28T15:03:57.882+0000] {logging_mixin.py:188} INFO - [2024-07-28T15:03:57.881+0000] {dag.py:3089} INFO - Sync 1 DAGs
[2024-07-28T15:03:57.937+0000] {logging_mixin.py:188} INFO - [2024-07-28T15:03:57.937+0000] {dag.py:3947} INFO - Setting next_dagrun for example_display_name to None, run_after=None
[2024-07-28T15:03:58.012+0000] {processor.py:183} INFO - Processing /home/airflow/.local/lib/python3.12/site-packages/airflow/example_dags/example_display_name.py took 0.254 seconds
[2024-07-28T15:04:28.802+0000] {processor.py:161} INFO - Started process (PID=418) to work on /home/airflow/.local/lib/python3.12/site-packages/airflow/example_dags/example_display_name.py
[2024-07-28T15:04:28.804+0000] {processor.py:830} INFO - Processing file /home/airflow/.local/lib/python3.12/site-packages/airflow/example_dags/example_display_name.py for tasks to queue
[2024-07-28T15:04:28.811+0000] {logging_mixin.py:188} INFO - [2024-07-28T15:04:28.809+0000] {dagbag.py:545} INFO - Filling up the DagBag from /home/airflow/.local/lib/python3.12/site-packages/airflow/example_dags/example_display_name.py
[2024-07-28T15:04:28.834+0000] {processor.py:840} INFO - DAG(s) 'example_display_name' retrieved from /home/airflow/.local/lib/python3.12/site-packages/airflow/example_dags/example_display_name.py
[2024-07-28T15:04:28.907+0000] {logging_mixin.py:188} INFO - [2024-07-28T15:04:28.906+0000] {dag.py:3089} INFO - Sync 1 DAGs
[2024-07-28T15:04:28.968+0000] {logging_mixin.py:188} INFO - [2024-07-28T15:04:28.967+0000] {dag.py:3947} INFO - Setting next_dagrun for example_display_name to None, run_after=None
[2024-07-28T15:04:29.046+0000] {processor.py:183} INFO - Processing /home/airflow/.local/lib/python3.12/site-packages/airflow/example_dags/example_display_name.py took 0.269 seconds
[2024-07-28T15:04:59.352+0000] {processor.py:161} INFO - Started process (PID=476) to work on /home/airflow/.local/lib/python3.12/site-packages/airflow/example_dags/example_display_name.py
[2024-07-28T15:04:59.354+0000] {processor.py:830} INFO - Processing file /home/airflow/.local/lib/python3.12/site-packages/airflow/example_dags/example_display_name.py for tasks to queue
[2024-07-28T15:04:59.360+0000] {logging_mixin.py:188} INFO - [2024-07-28T15:04:59.359+0000] {dagbag.py:545} INFO - Filling up the DagBag from /home/airflow/.local/lib/python3.12/site-packages/airflow/example_dags/example_display_name.py
[2024-07-28T15:04:59.381+0000] {processor.py:840} INFO - DAG(s) 'example_display_name' retrieved from /home/airflow/.local/lib/python3.12/site-packages/airflow/example_dags/example_display_name.py
[2024-07-28T15:04:59.456+0000] {logging_mixin.py:188} INFO - [2024-07-28T15:04:59.455+0000] {dag.py:3089} INFO - Sync 1 DAGs
[2024-07-28T15:04:59.533+0000] {logging_mixin.py:188} INFO - [2024-07-28T15:04:59.531+0000] {dag.py:3947} INFO - Setting next_dagrun for example_display_name to None, run_after=None
[2024-07-28T15:04:59.615+0000] {processor.py:183} INFO - Processing /home/airflow/.local/lib/python3.12/site-packages/airflow/example_dags/example_display_name.py took 0.286 seconds
[2024-07-28T15:05:30.509+0000] {processor.py:161} INFO - Started process (PID=534) to work on /home/airflow/.local/lib/python3.12/site-packages/airflow/example_dags/example_display_name.py
[2024-07-28T15:05:30.511+0000] {processor.py:830} INFO - Processing file /home/airflow/.local/lib/python3.12/site-packages/airflow/example_dags/example_display_name.py for tasks to queue
[2024-07-28T15:05:30.515+0000] {logging_mixin.py:188} INFO - [2024-07-28T15:05:30.515+0000] {dagbag.py:545} INFO - Filling up the DagBag from /home/airflow/.local/lib/python3.12/site-packages/airflow/example_dags/example_display_name.py
[2024-07-28T15:05:30.522+0000] {processor.py:840} INFO - DAG(s) 'example_display_name' retrieved from /home/airflow/.local/lib/python3.12/site-packages/airflow/example_dags/example_display_name.py
[2024-07-28T15:05:30.559+0000] {logging_mixin.py:188} INFO - [2024-07-28T15:05:30.558+0000] {dag.py:3089} INFO - Sync 1 DAGs
[2024-07-28T15:05:30.591+0000] {logging_mixin.py:188} INFO - [2024-07-28T15:05:30.590+0000] {dag.py:3947} INFO - Setting next_dagrun for example_display_name to None, run_after=None
[2024-07-28T15:05:30.628+0000] {processor.py:183} INFO - Processing /home/airflow/.local/lib/python3.12/site-packages/airflow/example_dags/example_display_name.py took 0.127 seconds
[2024-07-28T15:06:00.679+0000] {processor.py:161} INFO - Started process (PID=592) to work on /home/airflow/.local/lib/python3.12/site-packages/airflow/example_dags/example_display_name.py
[2024-07-28T15:06:00.684+0000] {processor.py:830} INFO - Processing file /home/airflow/.local/lib/python3.12/site-packages/airflow/example_dags/example_display_name.py for tasks to queue
[2024-07-28T15:06:00.686+0000] {logging_mixin.py:188} INFO - [2024-07-28T15:06:00.686+0000] {dagbag.py:545} INFO - Filling up the DagBag from /home/airflow/.local/lib/python3.12/site-packages/airflow/example_dags/example_display_name.py
[2024-07-28T15:06:00.694+0000] {processor.py:840} INFO - DAG(s) 'example_display_name' retrieved from /home/airflow/.local/lib/python3.12/site-packages/airflow/example_dags/example_display_name.py
[2024-07-28T15:06:00.727+0000] {logging_mixin.py:188} INFO - [2024-07-28T15:06:00.726+0000] {dag.py:3089} INFO - Sync 1 DAGs
[2024-07-28T15:06:00.752+0000] {logging_mixin.py:188} INFO - [2024-07-28T15:06:00.752+0000] {dag.py:3947} INFO - Setting next_dagrun for example_display_name to None, run_after=None
[2024-07-28T15:06:00.782+0000] {processor.py:183} INFO - Processing /home/airflow/.local/lib/python3.12/site-packages/airflow/example_dags/example_display_name.py took 0.115 seconds
[2024-07-28T15:06:31.042+0000] {processor.py:161} INFO - Started process (PID=650) to work on /home/airflow/.local/lib/python3.12/site-packages/airflow/example_dags/example_display_name.py
[2024-07-28T15:06:31.044+0000] {processor.py:830} INFO - Processing file /home/airflow/.local/lib/python3.12/site-packages/airflow/example_dags/example_display_name.py for tasks to queue
[2024-07-28T15:06:31.050+0000] {logging_mixin.py:188} INFO - [2024-07-28T15:06:31.049+0000] {dagbag.py:545} INFO - Filling up the DagBag from /home/airflow/.local/lib/python3.12/site-packages/airflow/example_dags/example_display_name.py
[2024-07-28T15:06:31.060+0000] {processor.py:840} INFO - DAG(s) 'example_display_name' retrieved from /home/airflow/.local/lib/python3.12/site-packages/airflow/example_dags/example_display_name.py
[2024-07-28T15:06:31.098+0000] {logging_mixin.py:188} INFO - [2024-07-28T15:06:31.097+0000] {dag.py:3089} INFO - Sync 1 DAGs
[2024-07-28T15:06:31.123+0000] {logging_mixin.py:188} INFO - [2024-07-28T15:06:31.122+0000] {dag.py:3947} INFO - Setting next_dagrun for example_display_name to None, run_after=None
[2024-07-28T15:06:31.165+0000] {processor.py:183} INFO - Processing /home/airflow/.local/lib/python3.12/site-packages/airflow/example_dags/example_display_name.py took 0.136 seconds
[2024-07-28T15:07:02.120+0000] {processor.py:161} INFO - Started process (PID=708) to work on /home/airflow/.local/lib/python3.12/site-packages/airflow/example_dags/example_display_name.py
[2024-07-28T15:07:02.124+0000] {processor.py:830} INFO - Processing file /home/airflow/.local/lib/python3.12/site-packages/airflow/example_dags/example_display_name.py for tasks to queue
[2024-07-28T15:07:02.126+0000] {logging_mixin.py:188} INFO - [2024-07-28T15:07:02.126+0000] {dagbag.py:545} INFO - Filling up the DagBag from /home/airflow/.local/lib/python3.12/site-packages/airflow/example_dags/example_display_name.py
[2024-07-28T15:07:02.133+0000] {processor.py:840} INFO - DAG(s) 'example_display_name' retrieved from /home/airflow/.local/lib/python3.12/site-packages/airflow/example_dags/example_display_name.py
[2024-07-28T15:07:02.156+0000] {logging_mixin.py:188} INFO - [2024-07-28T15:07:02.156+0000] {dag.py:3089} INFO - Sync 1 DAGs
[2024-07-28T15:07:02.173+0000] {logging_mixin.py:188} INFO - [2024-07-28T15:07:02.173+0000] {dag.py:3947} INFO - Setting next_dagrun for example_display_name to None, run_after=None
[2024-07-28T15:07:02.196+0000] {processor.py:183} INFO - Processing /home/airflow/.local/lib/python3.12/site-packages/airflow/example_dags/example_display_name.py took 0.087 seconds
[2024-07-28T15:07:32.378+0000] {processor.py:161} INFO - Started process (PID=766) to work on /home/airflow/.local/lib/python3.12/site-packages/airflow/example_dags/example_display_name.py
[2024-07-28T15:07:32.379+0000] {processor.py:830} INFO - Processing file /home/airflow/.local/lib/python3.12/site-packages/airflow/example_dags/example_display_name.py for tasks to queue
[2024-07-28T15:07:32.382+0000] {logging_mixin.py:188} INFO - [2024-07-28T15:07:32.381+0000] {dagbag.py:545} INFO - Filling up the DagBag from /home/airflow/.local/lib/python3.12/site-packages/airflow/example_dags/example_display_name.py
[2024-07-28T15:07:32.398+0000] {processor.py:840} INFO - DAG(s) 'example_display_name' retrieved from /home/airflow/.local/lib/python3.12/site-packages/airflow/example_dags/example_display_name.py
[2024-07-28T15:07:32.484+0000] {logging_mixin.py:188} INFO - [2024-07-28T15:07:32.483+0000] {dag.py:3089} INFO - Sync 1 DAGs
[2024-07-28T15:07:32.541+0000] {logging_mixin.py:188} INFO - [2024-07-28T15:07:32.540+0000] {dag.py:3947} INFO - Setting next_dagrun for example_display_name to None, run_after=None
[2024-07-28T15:07:32.605+0000] {processor.py:183} INFO - Processing /home/airflow/.local/lib/python3.12/site-packages/airflow/example_dags/example_display_name.py took 0.237 seconds
[2024-07-28T15:08:03.283+0000] {processor.py:161} INFO - Started process (PID=825) to work on /home/airflow/.local/lib/python3.12/site-packages/airflow/example_dags/example_display_name.py
[2024-07-28T15:08:03.285+0000] {processor.py:830} INFO - Processing file /home/airflow/.local/lib/python3.12/site-packages/airflow/example_dags/example_display_name.py for tasks to queue
[2024-07-28T15:08:03.290+0000] {logging_mixin.py:188} INFO - [2024-07-28T15:08:03.289+0000] {dagbag.py:545} INFO - Filling up the DagBag from /home/airflow/.local/lib/python3.12/site-packages/airflow/example_dags/example_display_name.py
[2024-07-28T15:08:03.308+0000] {processor.py:840} INFO - DAG(s) 'example_display_name' retrieved from /home/airflow/.local/lib/python3.12/site-packages/airflow/example_dags/example_display_name.py
[2024-07-28T15:08:03.370+0000] {logging_mixin.py:188} INFO - [2024-07-28T15:08:03.369+0000] {dag.py:3089} INFO - Sync 1 DAGs
[2024-07-28T15:08:03.415+0000] {logging_mixin.py:188} INFO - [2024-07-28T15:08:03.415+0000] {dag.py:3947} INFO - Setting next_dagrun for example_display_name to None, run_after=None
[2024-07-28T15:08:03.479+0000] {processor.py:183} INFO - Processing /home/airflow/.local/lib/python3.12/site-packages/airflow/example_dags/example_display_name.py took 0.215 seconds
[2024-07-28T15:08:34.315+0000] {processor.py:161} INFO - Started process (PID=883) to work on /home/airflow/.local/lib/python3.12/site-packages/airflow/example_dags/example_display_name.py
[2024-07-28T15:08:34.316+0000] {processor.py:830} INFO - Processing file /home/airflow/.local/lib/python3.12/site-packages/airflow/example_dags/example_display_name.py for tasks to queue
[2024-07-28T15:08:34.318+0000] {logging_mixin.py:188} INFO - [2024-07-28T15:08:34.318+0000] {dagbag.py:545} INFO - Filling up the DagBag from /home/airflow/.local/lib/python3.12/site-packages/airflow/example_dags/example_display_name.py
[2024-07-28T15:08:34.325+0000] {processor.py:840} INFO - DAG(s) 'example_display_name' retrieved from /home/airflow/.local/lib/python3.12/site-packages/airflow/example_dags/example_display_name.py
[2024-07-28T15:08:34.351+0000] {logging_mixin.py:188} INFO - [2024-07-28T15:08:34.351+0000] {dag.py:3089} INFO - Sync 1 DAGs
[2024-07-28T15:08:34.373+0000] {logging_mixin.py:188} INFO - [2024-07-28T15:08:34.373+0000] {dag.py:3947} INFO - Setting next_dagrun for example_display_name to None, run_after=None
[2024-07-28T15:08:34.415+0000] {processor.py:183} INFO - Processing /home/airflow/.local/lib/python3.12/site-packages/airflow/example_dags/example_display_name.py took 0.109 seconds
[2024-07-28T15:09:04.964+0000] {processor.py:161} INFO - Started process (PID=941) to work on /home/airflow/.local/lib/python3.12/site-packages/airflow/example_dags/example_display_name.py
[2024-07-28T15:09:04.965+0000] {processor.py:830} INFO - Processing file /home/airflow/.local/lib/python3.12/site-packages/airflow/example_dags/example_display_name.py for tasks to queue
[2024-07-28T15:09:04.967+0000] {logging_mixin.py:188} INFO - [2024-07-28T15:09:04.967+0000] {dagbag.py:545} INFO - Filling up the DagBag from /home/airflow/.local/lib/python3.12/site-packages/airflow/example_dags/example_display_name.py
[2024-07-28T15:09:04.975+0000] {processor.py:840} INFO - DAG(s) 'example_display_name' retrieved from /home/airflow/.local/lib/python3.12/site-packages/airflow/example_dags/example_display_name.py
[2024-07-28T15:09:05.002+0000] {logging_mixin.py:188} INFO - [2024-07-28T15:09:05.002+0000] {dag.py:3089} INFO - Sync 1 DAGs
[2024-07-28T15:09:05.023+0000] {logging_mixin.py:188} INFO - [2024-07-28T15:09:05.022+0000] {dag.py:3947} INFO - Setting next_dagrun for example_display_name to None, run_after=None
[2024-07-28T15:09:05.051+0000] {processor.py:183} INFO - Processing /home/airflow/.local/lib/python3.12/site-packages/airflow/example_dags/example_display_name.py took 0.096 seconds
[2024-07-28T15:09:36.049+0000] {processor.py:161} INFO - Started process (PID=999) to work on /home/airflow/.local/lib/python3.12/site-packages/airflow/example_dags/example_display_name.py
[2024-07-28T15:09:36.052+0000] {processor.py:830} INFO - Processing file /home/airflow/.local/lib/python3.12/site-packages/airflow/example_dags/example_display_name.py for tasks to queue
[2024-07-28T15:09:36.055+0000] {logging_mixin.py:188} INFO - [2024-07-28T15:09:36.054+0000] {dagbag.py:545} INFO - Filling up the DagBag from /home/airflow/.local/lib/python3.12/site-packages/airflow/example_dags/example_display_name.py
[2024-07-28T15:09:36.065+0000] {processor.py:840} INFO - DAG(s) 'example_display_name' retrieved from /home/airflow/.local/lib/python3.12/site-packages/airflow/example_dags/example_display_name.py
[2024-07-28T15:09:36.118+0000] {logging_mixin.py:188} INFO - [2024-07-28T15:09:36.117+0000] {dag.py:3089} INFO - Sync 1 DAGs
[2024-07-28T15:09:36.160+0000] {logging_mixin.py:188} INFO - [2024-07-28T15:09:36.159+0000] {dag.py:3947} INFO - Setting next_dagrun for example_display_name to None, run_after=None
[2024-07-28T15:09:36.207+0000] {processor.py:183} INFO - Processing /home/airflow/.local/lib/python3.12/site-packages/airflow/example_dags/example_display_name.py took 0.167 seconds
[2024-07-28T15:10:06.383+0000] {processor.py:161} INFO - Started process (PID=1057) to work on /home/airflow/.local/lib/python3.12/site-packages/airflow/example_dags/example_display_name.py
[2024-07-28T15:10:06.384+0000] {processor.py:830} INFO - Processing file /home/airflow/.local/lib/python3.12/site-packages/airflow/example_dags/example_display_name.py for tasks to queue
[2024-07-28T15:10:06.386+0000] {logging_mixin.py:188} INFO - [2024-07-28T15:10:06.386+0000] {dagbag.py:545} INFO - Filling up the DagBag from /home/airflow/.local/lib/python3.12/site-packages/airflow/example_dags/example_display_name.py
[2024-07-28T15:10:06.395+0000] {processor.py:840} INFO - DAG(s) 'example_display_name' retrieved from /home/airflow/.local/lib/python3.12/site-packages/airflow/example_dags/example_display_name.py
[2024-07-28T15:10:06.425+0000] {logging_mixin.py:188} INFO - [2024-07-28T15:10:06.424+0000] {dag.py:3089} INFO - Sync 1 DAGs
[2024-07-28T15:10:06.454+0000] {logging_mixin.py:188} INFO - [2024-07-28T15:10:06.453+0000] {dag.py:3947} INFO - Setting next_dagrun for example_display_name to None, run_after=None
[2024-07-28T15:10:06.492+0000] {processor.py:183} INFO - Processing /home/airflow/.local/lib/python3.12/site-packages/airflow/example_dags/example_display_name.py took 0.117 seconds
[2024-07-28T15:10:36.910+0000] {processor.py:161} INFO - Started process (PID=1115) to work on /home/airflow/.local/lib/python3.12/site-packages/airflow/example_dags/example_display_name.py
[2024-07-28T15:10:36.911+0000] {processor.py:830} INFO - Processing file /home/airflow/.local/lib/python3.12/site-packages/airflow/example_dags/example_display_name.py for tasks to queue
[2024-07-28T15:10:36.913+0000] {logging_mixin.py:188} INFO - [2024-07-28T15:10:36.912+0000] {dagbag.py:545} INFO - Filling up the DagBag from /home/airflow/.local/lib/python3.12/site-packages/airflow/example_dags/example_display_name.py
[2024-07-28T15:10:36.919+0000] {processor.py:840} INFO - DAG(s) 'example_display_name' retrieved from /home/airflow/.local/lib/python3.12/site-packages/airflow/example_dags/example_display_name.py
[2024-07-28T15:10:36.940+0000] {logging_mixin.py:188} INFO - [2024-07-28T15:10:36.939+0000] {dag.py:3089} INFO - Sync 1 DAGs
[2024-07-28T15:10:36.955+0000] {logging_mixin.py:188} INFO - [2024-07-28T15:10:36.955+0000] {dag.py:3947} INFO - Setting next_dagrun for example_display_name to None, run_after=None
[2024-07-28T15:10:36.977+0000] {processor.py:183} INFO - Processing /home/airflow/.local/lib/python3.12/site-packages/airflow/example_dags/example_display_name.py took 0.074 seconds
