[2024-07-28T15:01:27.227+0000] {processor.py:161} INFO - Started process (PID=93) to work on /home/airflow/.local/lib/python3.12/site-packages/airflow/example_dags/example_branch_operator.py
[2024-07-28T15:01:27.228+0000] {processor.py:830} INFO - Processing file /home/airflow/.local/lib/python3.12/site-packages/airflow/example_dags/example_branch_operator.py for tasks to queue
[2024-07-28T15:01:27.231+0000] {logging_mixin.py:188} INFO - [2024-07-28T15:01:27.230+0000] {dagbag.py:545} INFO - Filling up the DagBag from /home/airflow/.local/lib/python3.12/site-packages/airflow/example_dags/example_branch_operator.py
[2024-07-28T15:01:27.269+0000] {processor.py:840} INFO - DAG(s) 'example_branch_operator' retrieved from /home/airflow/.local/lib/python3.12/site-packages/airflow/example_dags/example_branch_operator.py
[2024-07-28T15:01:27.541+0000] {logging_mixin.py:188} INFO - [2024-07-28T15:01:27.539+0000] {dag.py:3089} INFO - Sync 1 DAGs
[2024-07-28T15:01:27.622+0000] {logging_mixin.py:188} INFO - [2024-07-28T15:01:27.621+0000] {dag.py:3947} INFO - Setting next_dagrun for example_branch_operator to 2024-07-27 00:00:00+00:00, run_after=2024-07-28 00:00:00+00:00
[2024-07-28T15:01:27.676+0000] {processor.py:183} INFO - Processing /home/airflow/.local/lib/python3.12/site-packages/airflow/example_dags/example_branch_operator.py took 0.458 seconds
[2024-07-28T15:01:57.734+0000] {processor.py:161} INFO - Started process (PID=152) to work on /home/airflow/.local/lib/python3.12/site-packages/airflow/example_dags/example_branch_operator.py
[2024-07-28T15:01:57.735+0000] {processor.py:830} INFO - Processing file /home/airflow/.local/lib/python3.12/site-packages/airflow/example_dags/example_branch_operator.py for tasks to queue
[2024-07-28T15:01:57.737+0000] {logging_mixin.py:188} INFO - [2024-07-28T15:01:57.736+0000] {dagbag.py:545} INFO - Filling up the DagBag from /home/airflow/.local/lib/python3.12/site-packages/airflow/example_dags/example_branch_operator.py
[2024-07-28T15:01:57.767+0000] {processor.py:840} INFO - DAG(s) 'example_branch_operator' retrieved from /home/airflow/.local/lib/python3.12/site-packages/airflow/example_dags/example_branch_operator.py
[2024-07-28T15:01:57.812+0000] {logging_mixin.py:188} INFO - [2024-07-28T15:01:57.811+0000] {dag.py:3089} INFO - Sync 1 DAGs
[2024-07-28T15:01:57.849+0000] {logging_mixin.py:188} INFO - [2024-07-28T15:01:57.848+0000] {dag.py:3947} INFO - Setting next_dagrun for example_branch_operator to 2024-07-27 00:00:00+00:00, run_after=2024-07-28 00:00:00+00:00
[2024-07-28T15:01:57.876+0000] {processor.py:183} INFO - Processing /home/airflow/.local/lib/python3.12/site-packages/airflow/example_dags/example_branch_operator.py took 0.151 seconds
[2024-07-28T15:02:28.021+0000] {processor.py:161} INFO - Started process (PID=210) to work on /home/airflow/.local/lib/python3.12/site-packages/airflow/example_dags/example_branch_operator.py
[2024-07-28T15:02:28.022+0000] {processor.py:830} INFO - Processing file /home/airflow/.local/lib/python3.12/site-packages/airflow/example_dags/example_branch_operator.py for tasks to queue
[2024-07-28T15:02:28.029+0000] {logging_mixin.py:188} INFO - [2024-07-28T15:02:28.027+0000] {dagbag.py:545} INFO - Filling up the DagBag from /home/airflow/.local/lib/python3.12/site-packages/airflow/example_dags/example_branch_operator.py
[2024-07-28T15:02:28.064+0000] {processor.py:840} INFO - DAG(s) 'example_branch_operator' retrieved from /home/airflow/.local/lib/python3.12/site-packages/airflow/example_dags/example_branch_operator.py
[2024-07-28T15:02:28.121+0000] {logging_mixin.py:188} INFO - [2024-07-28T15:02:28.120+0000] {dag.py:3089} INFO - Sync 1 DAGs
[2024-07-28T15:02:28.168+0000] {logging_mixin.py:188} INFO - [2024-07-28T15:02:28.167+0000] {dag.py:3947} INFO - Setting next_dagrun for example_branch_operator to 2024-07-27 00:00:00+00:00, run_after=2024-07-28 00:00:00+00:00
[2024-07-28T15:02:28.211+0000] {processor.py:183} INFO - Processing /home/airflow/.local/lib/python3.12/site-packages/airflow/example_dags/example_branch_operator.py took 0.201 seconds
[2024-07-28T15:02:59.581+0000] {processor.py:161} INFO - Started process (PID=267) to work on /home/airflow/.local/lib/python3.12/site-packages/airflow/example_dags/example_branch_operator.py
[2024-07-28T15:02:59.582+0000] {processor.py:830} INFO - Processing file /home/airflow/.local/lib/python3.12/site-packages/airflow/example_dags/example_branch_operator.py for tasks to queue
[2024-07-28T15:02:59.585+0000] {logging_mixin.py:188} INFO - [2024-07-28T15:02:59.584+0000] {dagbag.py:545} INFO - Filling up the DagBag from /home/airflow/.local/lib/python3.12/site-packages/airflow/example_dags/example_branch_operator.py
[2024-07-28T15:02:59.615+0000] {processor.py:840} INFO - DAG(s) 'example_branch_operator' retrieved from /home/airflow/.local/lib/python3.12/site-packages/airflow/example_dags/example_branch_operator.py
[2024-07-28T15:02:59.667+0000] {logging_mixin.py:188} INFO - [2024-07-28T15:02:59.667+0000] {dag.py:3089} INFO - Sync 1 DAGs
[2024-07-28T15:02:59.705+0000] {logging_mixin.py:188} INFO - [2024-07-28T15:02:59.704+0000] {dag.py:3947} INFO - Setting next_dagrun for example_branch_operator to 2024-07-27 00:00:00+00:00, run_after=2024-07-28 00:00:00+00:00
[2024-07-28T15:02:59.735+0000] {processor.py:183} INFO - Processing /home/airflow/.local/lib/python3.12/site-packages/airflow/example_dags/example_branch_operator.py took 0.165 seconds
[2024-07-28T15:03:30.390+0000] {processor.py:161} INFO - Started process (PID=325) to work on /home/airflow/.local/lib/python3.12/site-packages/airflow/example_dags/example_branch_operator.py
[2024-07-28T15:03:30.393+0000] {processor.py:830} INFO - Processing file /home/airflow/.local/lib/python3.12/site-packages/airflow/example_dags/example_branch_operator.py for tasks to queue
[2024-07-28T15:03:30.399+0000] {logging_mixin.py:188} INFO - [2024-07-28T15:03:30.398+0000] {dagbag.py:545} INFO - Filling up the DagBag from /home/airflow/.local/lib/python3.12/site-packages/airflow/example_dags/example_branch_operator.py
[2024-07-28T15:03:30.451+0000] {processor.py:840} INFO - DAG(s) 'example_branch_operator' retrieved from /home/airflow/.local/lib/python3.12/site-packages/airflow/example_dags/example_branch_operator.py
[2024-07-28T15:03:30.566+0000] {logging_mixin.py:188} INFO - [2024-07-28T15:03:30.566+0000] {dag.py:3089} INFO - Sync 1 DAGs
[2024-07-28T15:03:30.667+0000] {logging_mixin.py:188} INFO - [2024-07-28T15:03:30.667+0000] {dag.py:3947} INFO - Setting next_dagrun for example_branch_operator to 2024-07-27 00:00:00+00:00, run_after=2024-07-28 00:00:00+00:00
[2024-07-28T15:03:30.740+0000] {processor.py:183} INFO - Processing /home/airflow/.local/lib/python3.12/site-packages/airflow/example_dags/example_branch_operator.py took 0.367 seconds
[2024-07-28T15:04:01.893+0000] {processor.py:161} INFO - Started process (PID=383) to work on /home/airflow/.local/lib/python3.12/site-packages/airflow/example_dags/example_branch_operator.py
[2024-07-28T15:04:01.896+0000] {processor.py:830} INFO - Processing file /home/airflow/.local/lib/python3.12/site-packages/airflow/example_dags/example_branch_operator.py for tasks to queue
[2024-07-28T15:04:01.898+0000] {logging_mixin.py:188} INFO - [2024-07-28T15:04:01.898+0000] {dagbag.py:545} INFO - Filling up the DagBag from /home/airflow/.local/lib/python3.12/site-packages/airflow/example_dags/example_branch_operator.py
[2024-07-28T15:04:01.924+0000] {processor.py:840} INFO - DAG(s) 'example_branch_operator' retrieved from /home/airflow/.local/lib/python3.12/site-packages/airflow/example_dags/example_branch_operator.py
[2024-07-28T15:04:01.984+0000] {logging_mixin.py:188} INFO - [2024-07-28T15:04:01.984+0000] {dag.py:3089} INFO - Sync 1 DAGs
[2024-07-28T15:04:02.029+0000] {logging_mixin.py:188} INFO - [2024-07-28T15:04:02.028+0000] {dag.py:3947} INFO - Setting next_dagrun for example_branch_operator to 2024-07-27 00:00:00+00:00, run_after=2024-07-28 00:00:00+00:00
[2024-07-28T15:04:02.063+0000] {processor.py:183} INFO - Processing /home/airflow/.local/lib/python3.12/site-packages/airflow/example_dags/example_branch_operator.py took 0.179 seconds
[2024-07-28T15:04:32.932+0000] {processor.py:161} INFO - Started process (PID=441) to work on /home/airflow/.local/lib/python3.12/site-packages/airflow/example_dags/example_branch_operator.py
[2024-07-28T15:04:32.933+0000] {processor.py:830} INFO - Processing file /home/airflow/.local/lib/python3.12/site-packages/airflow/example_dags/example_branch_operator.py for tasks to queue
[2024-07-28T15:04:32.936+0000] {logging_mixin.py:188} INFO - [2024-07-28T15:04:32.935+0000] {dagbag.py:545} INFO - Filling up the DagBag from /home/airflow/.local/lib/python3.12/site-packages/airflow/example_dags/example_branch_operator.py
[2024-07-28T15:04:32.964+0000] {processor.py:840} INFO - DAG(s) 'example_branch_operator' retrieved from /home/airflow/.local/lib/python3.12/site-packages/airflow/example_dags/example_branch_operator.py
[2024-07-28T15:04:33.016+0000] {logging_mixin.py:188} INFO - [2024-07-28T15:04:33.015+0000] {dag.py:3089} INFO - Sync 1 DAGs
[2024-07-28T15:04:33.054+0000] {logging_mixin.py:188} INFO - [2024-07-28T15:04:33.054+0000] {dag.py:3947} INFO - Setting next_dagrun for example_branch_operator to 2024-07-27 00:00:00+00:00, run_after=2024-07-28 00:00:00+00:00
[2024-07-28T15:04:33.087+0000] {processor.py:183} INFO - Processing /home/airflow/.local/lib/python3.12/site-packages/airflow/example_dags/example_branch_operator.py took 0.166 seconds
[2024-07-28T15:05:03.551+0000] {processor.py:161} INFO - Started process (PID=499) to work on /home/airflow/.local/lib/python3.12/site-packages/airflow/example_dags/example_branch_operator.py
[2024-07-28T15:05:03.553+0000] {processor.py:830} INFO - Processing file /home/airflow/.local/lib/python3.12/site-packages/airflow/example_dags/example_branch_operator.py for tasks to queue
[2024-07-28T15:05:03.558+0000] {logging_mixin.py:188} INFO - [2024-07-28T15:05:03.557+0000] {dagbag.py:545} INFO - Filling up the DagBag from /home/airflow/.local/lib/python3.12/site-packages/airflow/example_dags/example_branch_operator.py
[2024-07-28T15:05:03.641+0000] {processor.py:840} INFO - DAG(s) 'example_branch_operator' retrieved from /home/airflow/.local/lib/python3.12/site-packages/airflow/example_dags/example_branch_operator.py
[2024-07-28T15:05:03.776+0000] {logging_mixin.py:188} INFO - [2024-07-28T15:05:03.775+0000] {dag.py:3089} INFO - Sync 1 DAGs
[2024-07-28T15:05:03.883+0000] {logging_mixin.py:188} INFO - [2024-07-28T15:05:03.882+0000] {dag.py:3947} INFO - Setting next_dagrun for example_branch_operator to 2024-07-27 00:00:00+00:00, run_after=2024-07-28 00:00:00+00:00
[2024-07-28T15:05:03.955+0000] {processor.py:183} INFO - Processing /home/airflow/.local/lib/python3.12/site-packages/airflow/example_dags/example_branch_operator.py took 0.420 seconds
[2024-07-28T15:05:34.838+0000] {processor.py:161} INFO - Started process (PID=557) to work on /home/airflow/.local/lib/python3.12/site-packages/airflow/example_dags/example_branch_operator.py
[2024-07-28T15:05:34.839+0000] {processor.py:830} INFO - Processing file /home/airflow/.local/lib/python3.12/site-packages/airflow/example_dags/example_branch_operator.py for tasks to queue
[2024-07-28T15:05:34.841+0000] {logging_mixin.py:188} INFO - [2024-07-28T15:05:34.840+0000] {dagbag.py:545} INFO - Filling up the DagBag from /home/airflow/.local/lib/python3.12/site-packages/airflow/example_dags/example_branch_operator.py
[2024-07-28T15:05:34.869+0000] {processor.py:840} INFO - DAG(s) 'example_branch_operator' retrieved from /home/airflow/.local/lib/python3.12/site-packages/airflow/example_dags/example_branch_operator.py
[2024-07-28T15:05:34.910+0000] {logging_mixin.py:188} INFO - [2024-07-28T15:05:34.910+0000] {dag.py:3089} INFO - Sync 1 DAGs
[2024-07-28T15:05:34.944+0000] {logging_mixin.py:188} INFO - [2024-07-28T15:05:34.944+0000] {dag.py:3947} INFO - Setting next_dagrun for example_branch_operator to 2024-07-27 00:00:00+00:00, run_after=2024-07-28 00:00:00+00:00
[2024-07-28T15:05:34.973+0000] {processor.py:183} INFO - Processing /home/airflow/.local/lib/python3.12/site-packages/airflow/example_dags/example_branch_operator.py took 0.143 seconds
[2024-07-28T15:06:05.100+0000] {processor.py:161} INFO - Started process (PID=615) to work on /home/airflow/.local/lib/python3.12/site-packages/airflow/example_dags/example_branch_operator.py
[2024-07-28T15:06:05.101+0000] {processor.py:830} INFO - Processing file /home/airflow/.local/lib/python3.12/site-packages/airflow/example_dags/example_branch_operator.py for tasks to queue
[2024-07-28T15:06:05.104+0000] {logging_mixin.py:188} INFO - [2024-07-28T15:06:05.103+0000] {dagbag.py:545} INFO - Filling up the DagBag from /home/airflow/.local/lib/python3.12/site-packages/airflow/example_dags/example_branch_operator.py
[2024-07-28T15:06:05.138+0000] {processor.py:840} INFO - DAG(s) 'example_branch_operator' retrieved from /home/airflow/.local/lib/python3.12/site-packages/airflow/example_dags/example_branch_operator.py
[2024-07-28T15:06:05.216+0000] {logging_mixin.py:188} INFO - [2024-07-28T15:06:05.216+0000] {dag.py:3089} INFO - Sync 1 DAGs
[2024-07-28T15:06:05.398+0000] {logging_mixin.py:188} INFO - [2024-07-28T15:06:05.397+0000] {dag.py:3947} INFO - Setting next_dagrun for example_branch_operator to 2024-07-27 00:00:00+00:00, run_after=2024-07-28 00:00:00+00:00
[2024-07-28T15:06:05.471+0000] {processor.py:183} INFO - Processing /home/airflow/.local/lib/python3.12/site-packages/airflow/example_dags/example_branch_operator.py took 0.382 seconds
[2024-07-28T15:06:36.244+0000] {processor.py:161} INFO - Started process (PID=673) to work on /home/airflow/.local/lib/python3.12/site-packages/airflow/example_dags/example_branch_operator.py
[2024-07-28T15:06:36.246+0000] {processor.py:830} INFO - Processing file /home/airflow/.local/lib/python3.12/site-packages/airflow/example_dags/example_branch_operator.py for tasks to queue
[2024-07-28T15:06:36.253+0000] {logging_mixin.py:188} INFO - [2024-07-28T15:06:36.252+0000] {dagbag.py:545} INFO - Filling up the DagBag from /home/airflow/.local/lib/python3.12/site-packages/airflow/example_dags/example_branch_operator.py
[2024-07-28T15:06:36.287+0000] {processor.py:840} INFO - DAG(s) 'example_branch_operator' retrieved from /home/airflow/.local/lib/python3.12/site-packages/airflow/example_dags/example_branch_operator.py
[2024-07-28T15:06:36.345+0000] {logging_mixin.py:188} INFO - [2024-07-28T15:06:36.345+0000] {dag.py:3089} INFO - Sync 1 DAGs
[2024-07-28T15:06:36.385+0000] {logging_mixin.py:188} INFO - [2024-07-28T15:06:36.384+0000] {dag.py:3947} INFO - Setting next_dagrun for example_branch_operator to 2024-07-27 00:00:00+00:00, run_after=2024-07-28 00:00:00+00:00
[2024-07-28T15:06:36.418+0000] {processor.py:183} INFO - Processing /home/airflow/.local/lib/python3.12/site-packages/airflow/example_dags/example_branch_operator.py took 0.191 seconds
[2024-07-28T15:07:06.572+0000] {processor.py:161} INFO - Started process (PID=730) to work on /home/airflow/.local/lib/python3.12/site-packages/airflow/example_dags/example_branch_operator.py
[2024-07-28T15:07:06.573+0000] {processor.py:830} INFO - Processing file /home/airflow/.local/lib/python3.12/site-packages/airflow/example_dags/example_branch_operator.py for tasks to queue
[2024-07-28T15:07:06.575+0000] {logging_mixin.py:188} INFO - [2024-07-28T15:07:06.574+0000] {dagbag.py:545} INFO - Filling up the DagBag from /home/airflow/.local/lib/python3.12/site-packages/airflow/example_dags/example_branch_operator.py
[2024-07-28T15:07:06.599+0000] {processor.py:840} INFO - DAG(s) 'example_branch_operator' retrieved from /home/airflow/.local/lib/python3.12/site-packages/airflow/example_dags/example_branch_operator.py
[2024-07-28T15:07:06.635+0000] {logging_mixin.py:188} INFO - [2024-07-28T15:07:06.635+0000] {dag.py:3089} INFO - Sync 1 DAGs
[2024-07-28T15:07:06.660+0000] {logging_mixin.py:188} INFO - [2024-07-28T15:07:06.659+0000] {dag.py:3947} INFO - Setting next_dagrun for example_branch_operator to 2024-07-27 00:00:00+00:00, run_after=2024-07-28 00:00:00+00:00
[2024-07-28T15:07:06.679+0000] {processor.py:183} INFO - Processing /home/airflow/.local/lib/python3.12/site-packages/airflow/example_dags/example_branch_operator.py took 0.113 seconds
[2024-07-28T15:07:37.361+0000] {processor.py:161} INFO - Started process (PID=788) to work on /home/airflow/.local/lib/python3.12/site-packages/airflow/example_dags/example_branch_operator.py
[2024-07-28T15:07:37.362+0000] {processor.py:830} INFO - Processing file /home/airflow/.local/lib/python3.12/site-packages/airflow/example_dags/example_branch_operator.py for tasks to queue
[2024-07-28T15:07:37.364+0000] {logging_mixin.py:188} INFO - [2024-07-28T15:07:37.363+0000] {dagbag.py:545} INFO - Filling up the DagBag from /home/airflow/.local/lib/python3.12/site-packages/airflow/example_dags/example_branch_operator.py
[2024-07-28T15:07:37.385+0000] {processor.py:840} INFO - DAG(s) 'example_branch_operator' retrieved from /home/airflow/.local/lib/python3.12/site-packages/airflow/example_dags/example_branch_operator.py
[2024-07-28T15:07:37.433+0000] {logging_mixin.py:188} INFO - [2024-07-28T15:07:37.433+0000] {dag.py:3089} INFO - Sync 1 DAGs
[2024-07-28T15:07:37.466+0000] {logging_mixin.py:188} INFO - [2024-07-28T15:07:37.466+0000] {dag.py:3947} INFO - Setting next_dagrun for example_branch_operator to 2024-07-27 00:00:00+00:00, run_after=2024-07-28 00:00:00+00:00
[2024-07-28T15:07:37.490+0000] {processor.py:183} INFO - Processing /home/airflow/.local/lib/python3.12/site-packages/airflow/example_dags/example_branch_operator.py took 0.137 seconds
[2024-07-28T15:08:07.973+0000] {processor.py:161} INFO - Started process (PID=847) to work on /home/airflow/.local/lib/python3.12/site-packages/airflow/example_dags/example_branch_operator.py
[2024-07-28T15:08:07.975+0000] {processor.py:830} INFO - Processing file /home/airflow/.local/lib/python3.12/site-packages/airflow/example_dags/example_branch_operator.py for tasks to queue
[2024-07-28T15:08:07.981+0000] {logging_mixin.py:188} INFO - [2024-07-28T15:08:07.980+0000] {dagbag.py:545} INFO - Filling up the DagBag from /home/airflow/.local/lib/python3.12/site-packages/airflow/example_dags/example_branch_operator.py
[2024-07-28T15:08:08.042+0000] {processor.py:840} INFO - DAG(s) 'example_branch_operator' retrieved from /home/airflow/.local/lib/python3.12/site-packages/airflow/example_dags/example_branch_operator.py
[2024-07-28T15:08:08.154+0000] {logging_mixin.py:188} INFO - [2024-07-28T15:08:08.153+0000] {dag.py:3089} INFO - Sync 1 DAGs
[2024-07-28T15:08:08.241+0000] {logging_mixin.py:188} INFO - [2024-07-28T15:08:08.240+0000] {dag.py:3947} INFO - Setting next_dagrun for example_branch_operator to 2024-07-27 00:00:00+00:00, run_after=2024-07-28 00:00:00+00:00
[2024-07-28T15:08:08.334+0000] {processor.py:183} INFO - Processing /home/airflow/.local/lib/python3.12/site-packages/airflow/example_dags/example_branch_operator.py took 0.382 seconds
[2024-07-28T15:08:38.899+0000] {processor.py:161} INFO - Started process (PID=905) to work on /home/airflow/.local/lib/python3.12/site-packages/airflow/example_dags/example_branch_operator.py
[2024-07-28T15:08:38.901+0000] {processor.py:830} INFO - Processing file /home/airflow/.local/lib/python3.12/site-packages/airflow/example_dags/example_branch_operator.py for tasks to queue
[2024-07-28T15:08:38.907+0000] {logging_mixin.py:188} INFO - [2024-07-28T15:08:38.906+0000] {dagbag.py:545} INFO - Filling up the DagBag from /home/airflow/.local/lib/python3.12/site-packages/airflow/example_dags/example_branch_operator.py
[2024-07-28T15:08:38.987+0000] {processor.py:840} INFO - DAG(s) 'example_branch_operator' retrieved from /home/airflow/.local/lib/python3.12/site-packages/airflow/example_dags/example_branch_operator.py
[2024-07-28T15:08:39.099+0000] {logging_mixin.py:188} INFO - [2024-07-28T15:08:39.098+0000] {dag.py:3089} INFO - Sync 1 DAGs
[2024-07-28T15:08:39.190+0000] {logging_mixin.py:188} INFO - [2024-07-28T15:08:39.190+0000] {dag.py:3947} INFO - Setting next_dagrun for example_branch_operator to 2024-07-27 00:00:00+00:00, run_after=2024-07-28 00:00:00+00:00
[2024-07-28T15:08:39.254+0000] {processor.py:183} INFO - Processing /home/airflow/.local/lib/python3.12/site-packages/airflow/example_dags/example_branch_operator.py took 0.376 seconds
[2024-07-28T15:09:09.413+0000] {processor.py:161} INFO - Started process (PID=963) to work on /home/airflow/.local/lib/python3.12/site-packages/airflow/example_dags/example_branch_operator.py
[2024-07-28T15:09:09.414+0000] {processor.py:830} INFO - Processing file /home/airflow/.local/lib/python3.12/site-packages/airflow/example_dags/example_branch_operator.py for tasks to queue
[2024-07-28T15:09:09.416+0000] {logging_mixin.py:188} INFO - [2024-07-28T15:09:09.416+0000] {dagbag.py:545} INFO - Filling up the DagBag from /home/airflow/.local/lib/python3.12/site-packages/airflow/example_dags/example_branch_operator.py
[2024-07-28T15:09:09.435+0000] {processor.py:840} INFO - DAG(s) 'example_branch_operator' retrieved from /home/airflow/.local/lib/python3.12/site-packages/airflow/example_dags/example_branch_operator.py
[2024-07-28T15:09:09.475+0000] {logging_mixin.py:188} INFO - [2024-07-28T15:09:09.474+0000] {dag.py:3089} INFO - Sync 1 DAGs
[2024-07-28T15:09:09.504+0000] {logging_mixin.py:188} INFO - [2024-07-28T15:09:09.504+0000] {dag.py:3947} INFO - Setting next_dagrun for example_branch_operator to 2024-07-27 00:00:00+00:00, run_after=2024-07-28 00:00:00+00:00
[2024-07-28T15:09:09.535+0000] {processor.py:183} INFO - Processing /home/airflow/.local/lib/python3.12/site-packages/airflow/example_dags/example_branch_operator.py took 0.129 seconds
[2024-07-28T15:09:40.187+0000] {processor.py:161} INFO - Started process (PID=1021) to work on /home/airflow/.local/lib/python3.12/site-packages/airflow/example_dags/example_branch_operator.py
[2024-07-28T15:09:40.188+0000] {processor.py:830} INFO - Processing file /home/airflow/.local/lib/python3.12/site-packages/airflow/example_dags/example_branch_operator.py for tasks to queue
[2024-07-28T15:09:40.191+0000] {logging_mixin.py:188} INFO - [2024-07-28T15:09:40.190+0000] {dagbag.py:545} INFO - Filling up the DagBag from /home/airflow/.local/lib/python3.12/site-packages/airflow/example_dags/example_branch_operator.py
[2024-07-28T15:09:40.215+0000] {processor.py:840} INFO - DAG(s) 'example_branch_operator' retrieved from /home/airflow/.local/lib/python3.12/site-packages/airflow/example_dags/example_branch_operator.py
[2024-07-28T15:09:40.259+0000] {logging_mixin.py:188} INFO - [2024-07-28T15:09:40.259+0000] {dag.py:3089} INFO - Sync 1 DAGs
[2024-07-28T15:09:40.298+0000] {logging_mixin.py:188} INFO - [2024-07-28T15:09:40.298+0000] {dag.py:3947} INFO - Setting next_dagrun for example_branch_operator to 2024-07-27 00:00:00+00:00, run_after=2024-07-28 00:00:00+00:00
[2024-07-28T15:09:40.329+0000] {processor.py:183} INFO - Processing /home/airflow/.local/lib/python3.12/site-packages/airflow/example_dags/example_branch_operator.py took 0.153 seconds
[2024-07-28T15:10:10.995+0000] {processor.py:161} INFO - Started process (PID=1079) to work on /home/airflow/.local/lib/python3.12/site-packages/airflow/example_dags/example_branch_operator.py
[2024-07-28T15:10:10.997+0000] {processor.py:830} INFO - Processing file /home/airflow/.local/lib/python3.12/site-packages/airflow/example_dags/example_branch_operator.py for tasks to queue
[2024-07-28T15:10:10.999+0000] {logging_mixin.py:188} INFO - [2024-07-28T15:10:10.999+0000] {dagbag.py:545} INFO - Filling up the DagBag from /home/airflow/.local/lib/python3.12/site-packages/airflow/example_dags/example_branch_operator.py
[2024-07-28T15:10:11.045+0000] {processor.py:840} INFO - DAG(s) 'example_branch_operator' retrieved from /home/airflow/.local/lib/python3.12/site-packages/airflow/example_dags/example_branch_operator.py
[2024-07-28T15:10:11.244+0000] {logging_mixin.py:188} INFO - [2024-07-28T15:10:11.243+0000] {dag.py:3089} INFO - Sync 1 DAGs
[2024-07-28T15:10:11.341+0000] {logging_mixin.py:188} INFO - [2024-07-28T15:10:11.340+0000] {dag.py:3947} INFO - Setting next_dagrun for example_branch_operator to 2024-07-27 00:00:00+00:00, run_after=2024-07-28 00:00:00+00:00
[2024-07-28T15:10:11.425+0000] {processor.py:183} INFO - Processing /home/airflow/.local/lib/python3.12/site-packages/airflow/example_dags/example_branch_operator.py took 0.447 seconds
[2024-07-28T15:10:41.499+0000] {processor.py:161} INFO - Started process (PID=1137) to work on /home/airflow/.local/lib/python3.12/site-packages/airflow/example_dags/example_branch_operator.py
[2024-07-28T15:10:41.501+0000] {processor.py:830} INFO - Processing file /home/airflow/.local/lib/python3.12/site-packages/airflow/example_dags/example_branch_operator.py for tasks to queue
[2024-07-28T15:10:41.503+0000] {logging_mixin.py:188} INFO - [2024-07-28T15:10:41.503+0000] {dagbag.py:545} INFO - Filling up the DagBag from /home/airflow/.local/lib/python3.12/site-packages/airflow/example_dags/example_branch_operator.py
[2024-07-28T15:10:41.528+0000] {processor.py:840} INFO - DAG(s) 'example_branch_operator' retrieved from /home/airflow/.local/lib/python3.12/site-packages/airflow/example_dags/example_branch_operator.py
[2024-07-28T15:10:41.573+0000] {logging_mixin.py:188} INFO - [2024-07-28T15:10:41.573+0000] {dag.py:3089} INFO - Sync 1 DAGs
[2024-07-28T15:10:41.609+0000] {logging_mixin.py:188} INFO - [2024-07-28T15:10:41.609+0000] {dag.py:3947} INFO - Setting next_dagrun for example_branch_operator to 2024-07-27 00:00:00+00:00, run_after=2024-07-28 00:00:00+00:00
[2024-07-28T15:10:41.635+0000] {processor.py:183} INFO - Processing /home/airflow/.local/lib/python3.12/site-packages/airflow/example_dags/example_branch_operator.py took 0.144 seconds
