[2024-07-28T15:01:26.153+0000] {processor.py:161} INFO - Started process (PID=87) to work on /home/airflow/.local/lib/python3.12/site-packages/airflow/example_dags/example_task_group.py
[2024-07-28T15:01:26.154+0000] {processor.py:830} INFO - Processing file /home/airflow/.local/lib/python3.12/site-packages/airflow/example_dags/example_task_group.py for tasks to queue
[2024-07-28T15:01:26.157+0000] {logging_mixin.py:188} INFO - [2024-07-28T15:01:26.156+0000] {dagbag.py:545} INFO - Filling up the DagBag from /home/airflow/.local/lib/python3.12/site-packages/airflow/example_dags/example_task_group.py
[2024-07-28T15:01:26.172+0000] {processor.py:840} INFO - DAG(s) 'example_task_group' retrieved from /home/airflow/.local/lib/python3.12/site-packages/airflow/example_dags/example_task_group.py
[2024-07-28T15:01:26.221+0000] {logging_mixin.py:188} INFO - [2024-07-28T15:01:26.221+0000] {dag.py:3089} INFO - Sync 1 DAGs
[2024-07-28T15:01:26.267+0000] {logging_mixin.py:188} INFO - [2024-07-28T15:01:26.267+0000] {dag.py:3947} INFO - Setting next_dagrun for example_task_group to 2024-07-27 00:00:00+00:00, run_after=2024-07-28 00:00:00+00:00
[2024-07-28T15:01:26.296+0000] {processor.py:183} INFO - Processing /home/airflow/.local/lib/python3.12/site-packages/airflow/example_dags/example_task_group.py took 0.156 seconds
[2024-07-28T15:01:56.945+0000] {processor.py:161} INFO - Started process (PID=145) to work on /home/airflow/.local/lib/python3.12/site-packages/airflow/example_dags/example_task_group.py
[2024-07-28T15:01:56.946+0000] {processor.py:830} INFO - Processing file /home/airflow/.local/lib/python3.12/site-packages/airflow/example_dags/example_task_group.py for tasks to queue
[2024-07-28T15:01:56.948+0000] {logging_mixin.py:188} INFO - [2024-07-28T15:01:56.948+0000] {dagbag.py:545} INFO - Filling up the DagBag from /home/airflow/.local/lib/python3.12/site-packages/airflow/example_dags/example_task_group.py
[2024-07-28T15:01:56.960+0000] {processor.py:840} INFO - DAG(s) 'example_task_group' retrieved from /home/airflow/.local/lib/python3.12/site-packages/airflow/example_dags/example_task_group.py
[2024-07-28T15:01:56.994+0000] {logging_mixin.py:188} INFO - [2024-07-28T15:01:56.994+0000] {dag.py:3089} INFO - Sync 1 DAGs
[2024-07-28T15:01:57.030+0000] {logging_mixin.py:188} INFO - [2024-07-28T15:01:57.030+0000] {dag.py:3947} INFO - Setting next_dagrun for example_task_group to 2024-07-27 00:00:00+00:00, run_after=2024-07-28 00:00:00+00:00
[2024-07-28T15:01:57.063+0000] {processor.py:183} INFO - Processing /home/airflow/.local/lib/python3.12/site-packages/airflow/example_dags/example_task_group.py took 0.129 seconds
[2024-07-28T15:02:27.149+0000] {processor.py:161} INFO - Started process (PID=203) to work on /home/airflow/.local/lib/python3.12/site-packages/airflow/example_dags/example_task_group.py
[2024-07-28T15:02:27.150+0000] {processor.py:830} INFO - Processing file /home/airflow/.local/lib/python3.12/site-packages/airflow/example_dags/example_task_group.py for tasks to queue
[2024-07-28T15:02:27.152+0000] {logging_mixin.py:188} INFO - [2024-07-28T15:02:27.152+0000] {dagbag.py:545} INFO - Filling up the DagBag from /home/airflow/.local/lib/python3.12/site-packages/airflow/example_dags/example_task_group.py
[2024-07-28T15:02:27.165+0000] {processor.py:840} INFO - DAG(s) 'example_task_group' retrieved from /home/airflow/.local/lib/python3.12/site-packages/airflow/example_dags/example_task_group.py
[2024-07-28T15:02:27.201+0000] {logging_mixin.py:188} INFO - [2024-07-28T15:02:27.200+0000] {dag.py:3089} INFO - Sync 1 DAGs
[2024-07-28T15:02:27.248+0000] {logging_mixin.py:188} INFO - [2024-07-28T15:02:27.247+0000] {dag.py:3947} INFO - Setting next_dagrun for example_task_group to 2024-07-27 00:00:00+00:00, run_after=2024-07-28 00:00:00+00:00
[2024-07-28T15:02:27.288+0000] {processor.py:183} INFO - Processing /home/airflow/.local/lib/python3.12/site-packages/airflow/example_dags/example_task_group.py took 0.149 seconds
[2024-07-28T15:02:58.756+0000] {processor.py:161} INFO - Started process (PID=260) to work on /home/airflow/.local/lib/python3.12/site-packages/airflow/example_dags/example_task_group.py
[2024-07-28T15:02:58.759+0000] {processor.py:830} INFO - Processing file /home/airflow/.local/lib/python3.12/site-packages/airflow/example_dags/example_task_group.py for tasks to queue
[2024-07-28T15:02:58.766+0000] {logging_mixin.py:188} INFO - [2024-07-28T15:02:58.765+0000] {dagbag.py:545} INFO - Filling up the DagBag from /home/airflow/.local/lib/python3.12/site-packages/airflow/example_dags/example_task_group.py
[2024-07-28T15:02:58.793+0000] {processor.py:840} INFO - DAG(s) 'example_task_group' retrieved from /home/airflow/.local/lib/python3.12/site-packages/airflow/example_dags/example_task_group.py
[2024-07-28T15:02:58.855+0000] {logging_mixin.py:188} INFO - [2024-07-28T15:02:58.854+0000] {dag.py:3089} INFO - Sync 1 DAGs
[2024-07-28T15:02:58.894+0000] {logging_mixin.py:188} INFO - [2024-07-28T15:02:58.894+0000] {dag.py:3947} INFO - Setting next_dagrun for example_task_group to 2024-07-27 00:00:00+00:00, run_after=2024-07-28 00:00:00+00:00
[2024-07-28T15:02:58.920+0000] {processor.py:183} INFO - Processing /home/airflow/.local/lib/python3.12/site-packages/airflow/example_dags/example_task_group.py took 0.189 seconds
[2024-07-28T15:03:29.233+0000] {processor.py:161} INFO - Started process (PID=318) to work on /home/airflow/.local/lib/python3.12/site-packages/airflow/example_dags/example_task_group.py
[2024-07-28T15:03:29.235+0000] {processor.py:830} INFO - Processing file /home/airflow/.local/lib/python3.12/site-packages/airflow/example_dags/example_task_group.py for tasks to queue
[2024-07-28T15:03:29.241+0000] {logging_mixin.py:188} INFO - [2024-07-28T15:03:29.240+0000] {dagbag.py:545} INFO - Filling up the DagBag from /home/airflow/.local/lib/python3.12/site-packages/airflow/example_dags/example_task_group.py
[2024-07-28T15:03:29.268+0000] {processor.py:840} INFO - DAG(s) 'example_task_group' retrieved from /home/airflow/.local/lib/python3.12/site-packages/airflow/example_dags/example_task_group.py
[2024-07-28T15:03:29.352+0000] {logging_mixin.py:188} INFO - [2024-07-28T15:03:29.351+0000] {dag.py:3089} INFO - Sync 1 DAGs
[2024-07-28T15:03:29.449+0000] {logging_mixin.py:188} INFO - [2024-07-28T15:03:29.447+0000] {dag.py:3947} INFO - Setting next_dagrun for example_task_group to 2024-07-27 00:00:00+00:00, run_after=2024-07-28 00:00:00+00:00
[2024-07-28T15:03:29.527+0000] {processor.py:183} INFO - Processing /home/airflow/.local/lib/python3.12/site-packages/airflow/example_dags/example_task_group.py took 0.318 seconds
[2024-07-28T15:04:00.657+0000] {processor.py:161} INFO - Started process (PID=377) to work on /home/airflow/.local/lib/python3.12/site-packages/airflow/example_dags/example_task_group.py
[2024-07-28T15:04:00.658+0000] {processor.py:830} INFO - Processing file /home/airflow/.local/lib/python3.12/site-packages/airflow/example_dags/example_task_group.py for tasks to queue
[2024-07-28T15:04:00.663+0000] {logging_mixin.py:188} INFO - [2024-07-28T15:04:00.662+0000] {dagbag.py:545} INFO - Filling up the DagBag from /home/airflow/.local/lib/python3.12/site-packages/airflow/example_dags/example_task_group.py
[2024-07-28T15:04:00.674+0000] {processor.py:840} INFO - DAG(s) 'example_task_group' retrieved from /home/airflow/.local/lib/python3.12/site-packages/airflow/example_dags/example_task_group.py
[2024-07-28T15:04:00.730+0000] {logging_mixin.py:188} INFO - [2024-07-28T15:04:00.728+0000] {dag.py:3089} INFO - Sync 1 DAGs
[2024-07-28T15:04:00.803+0000] {logging_mixin.py:188} INFO - [2024-07-28T15:04:00.803+0000] {dag.py:3947} INFO - Setting next_dagrun for example_task_group to 2024-07-27 00:00:00+00:00, run_after=2024-07-28 00:00:00+00:00
[2024-07-28T15:04:00.862+0000] {processor.py:183} INFO - Processing /home/airflow/.local/lib/python3.12/site-packages/airflow/example_dags/example_task_group.py took 0.214 seconds
[2024-07-28T15:04:31.981+0000] {processor.py:161} INFO - Started process (PID=435) to work on /home/airflow/.local/lib/python3.12/site-packages/airflow/example_dags/example_task_group.py
[2024-07-28T15:04:31.984+0000] {processor.py:830} INFO - Processing file /home/airflow/.local/lib/python3.12/site-packages/airflow/example_dags/example_task_group.py for tasks to queue
[2024-07-28T15:04:31.990+0000] {logging_mixin.py:188} INFO - [2024-07-28T15:04:31.989+0000] {dagbag.py:545} INFO - Filling up the DagBag from /home/airflow/.local/lib/python3.12/site-packages/airflow/example_dags/example_task_group.py
[2024-07-28T15:04:32.018+0000] {processor.py:840} INFO - DAG(s) 'example_task_group' retrieved from /home/airflow/.local/lib/python3.12/site-packages/airflow/example_dags/example_task_group.py
[2024-07-28T15:04:32.106+0000] {logging_mixin.py:188} INFO - [2024-07-28T15:04:32.105+0000] {dag.py:3089} INFO - Sync 1 DAGs
[2024-07-28T15:04:32.205+0000] {logging_mixin.py:188} INFO - [2024-07-28T15:04:32.205+0000] {dag.py:3947} INFO - Setting next_dagrun for example_task_group to 2024-07-27 00:00:00+00:00, run_after=2024-07-28 00:00:00+00:00
[2024-07-28T15:04:32.283+0000] {processor.py:183} INFO - Processing /home/airflow/.local/lib/python3.12/site-packages/airflow/example_dags/example_task_group.py took 0.325 seconds
[2024-07-28T15:05:02.441+0000] {processor.py:161} INFO - Started process (PID=493) to work on /home/airflow/.local/lib/python3.12/site-packages/airflow/example_dags/example_task_group.py
[2024-07-28T15:05:02.443+0000] {processor.py:830} INFO - Processing file /home/airflow/.local/lib/python3.12/site-packages/airflow/example_dags/example_task_group.py for tasks to queue
[2024-07-28T15:05:02.450+0000] {logging_mixin.py:188} INFO - [2024-07-28T15:05:02.449+0000] {dagbag.py:545} INFO - Filling up the DagBag from /home/airflow/.local/lib/python3.12/site-packages/airflow/example_dags/example_task_group.py
[2024-07-28T15:05:02.476+0000] {processor.py:840} INFO - DAG(s) 'example_task_group' retrieved from /home/airflow/.local/lib/python3.12/site-packages/airflow/example_dags/example_task_group.py
[2024-07-28T15:05:02.559+0000] {logging_mixin.py:188} INFO - [2024-07-28T15:05:02.558+0000] {dag.py:3089} INFO - Sync 1 DAGs
[2024-07-28T15:05:02.650+0000] {logging_mixin.py:188} INFO - [2024-07-28T15:05:02.650+0000] {dag.py:3947} INFO - Setting next_dagrun for example_task_group to 2024-07-27 00:00:00+00:00, run_after=2024-07-28 00:00:00+00:00
[2024-07-28T15:05:02.726+0000] {processor.py:183} INFO - Processing /home/airflow/.local/lib/python3.12/site-packages/airflow/example_dags/example_task_group.py took 0.306 seconds
[2024-07-28T15:05:33.566+0000] {processor.py:161} INFO - Started process (PID=551) to work on /home/airflow/.local/lib/python3.12/site-packages/airflow/example_dags/example_task_group.py
[2024-07-28T15:05:33.569+0000] {processor.py:830} INFO - Processing file /home/airflow/.local/lib/python3.12/site-packages/airflow/example_dags/example_task_group.py for tasks to queue
[2024-07-28T15:05:33.574+0000] {logging_mixin.py:188} INFO - [2024-07-28T15:05:33.573+0000] {dagbag.py:545} INFO - Filling up the DagBag from /home/airflow/.local/lib/python3.12/site-packages/airflow/example_dags/example_task_group.py
[2024-07-28T15:05:33.601+0000] {processor.py:840} INFO - DAG(s) 'example_task_group' retrieved from /home/airflow/.local/lib/python3.12/site-packages/airflow/example_dags/example_task_group.py
[2024-07-28T15:05:33.682+0000] {logging_mixin.py:188} INFO - [2024-07-28T15:05:33.681+0000] {dag.py:3089} INFO - Sync 1 DAGs
[2024-07-28T15:05:33.772+0000] {logging_mixin.py:188} INFO - [2024-07-28T15:05:33.771+0000] {dag.py:3947} INFO - Setting next_dagrun for example_task_group to 2024-07-27 00:00:00+00:00, run_after=2024-07-28 00:00:00+00:00
[2024-07-28T15:05:33.841+0000] {processor.py:183} INFO - Processing /home/airflow/.local/lib/python3.12/site-packages/airflow/example_dags/example_task_group.py took 0.298 seconds
[2024-07-28T15:06:04.112+0000] {processor.py:161} INFO - Started process (PID=608) to work on /home/airflow/.local/lib/python3.12/site-packages/airflow/example_dags/example_task_group.py
[2024-07-28T15:06:04.116+0000] {processor.py:830} INFO - Processing file /home/airflow/.local/lib/python3.12/site-packages/airflow/example_dags/example_task_group.py for tasks to queue
[2024-07-28T15:06:04.120+0000] {logging_mixin.py:188} INFO - [2024-07-28T15:06:04.119+0000] {dagbag.py:545} INFO - Filling up the DagBag from /home/airflow/.local/lib/python3.12/site-packages/airflow/example_dags/example_task_group.py
[2024-07-28T15:06:04.135+0000] {processor.py:840} INFO - DAG(s) 'example_task_group' retrieved from /home/airflow/.local/lib/python3.12/site-packages/airflow/example_dags/example_task_group.py
[2024-07-28T15:06:04.182+0000] {logging_mixin.py:188} INFO - [2024-07-28T15:06:04.182+0000] {dag.py:3089} INFO - Sync 1 DAGs
[2024-07-28T15:06:04.233+0000] {logging_mixin.py:188} INFO - [2024-07-28T15:06:04.233+0000] {dag.py:3947} INFO - Setting next_dagrun for example_task_group to 2024-07-27 00:00:00+00:00, run_after=2024-07-28 00:00:00+00:00
[2024-07-28T15:06:04.265+0000] {processor.py:183} INFO - Processing /home/airflow/.local/lib/python3.12/site-packages/airflow/example_dags/example_task_group.py took 0.163 seconds
[2024-07-28T15:06:34.477+0000] {processor.py:161} INFO - Started process (PID=666) to work on /home/airflow/.local/lib/python3.12/site-packages/airflow/example_dags/example_task_group.py
[2024-07-28T15:06:34.479+0000] {processor.py:830} INFO - Processing file /home/airflow/.local/lib/python3.12/site-packages/airflow/example_dags/example_task_group.py for tasks to queue
[2024-07-28T15:06:34.485+0000] {logging_mixin.py:188} INFO - [2024-07-28T15:06:34.484+0000] {dagbag.py:545} INFO - Filling up the DagBag from /home/airflow/.local/lib/python3.12/site-packages/airflow/example_dags/example_task_group.py
[2024-07-28T15:06:34.509+0000] {processor.py:840} INFO - DAG(s) 'example_task_group' retrieved from /home/airflow/.local/lib/python3.12/site-packages/airflow/example_dags/example_task_group.py
[2024-07-28T15:06:34.601+0000] {logging_mixin.py:188} INFO - [2024-07-28T15:06:34.600+0000] {dag.py:3089} INFO - Sync 1 DAGs
[2024-07-28T15:06:34.735+0000] {logging_mixin.py:188} INFO - [2024-07-28T15:06:34.733+0000] {dag.py:3947} INFO - Setting next_dagrun for example_task_group to 2024-07-27 00:00:00+00:00, run_after=2024-07-28 00:00:00+00:00
[2024-07-28T15:06:34.814+0000] {processor.py:183} INFO - Processing /home/airflow/.local/lib/python3.12/site-packages/airflow/example_dags/example_task_group.py took 0.357 seconds
[2024-07-28T15:07:05.156+0000] {processor.py:161} INFO - Started process (PID=724) to work on /home/airflow/.local/lib/python3.12/site-packages/airflow/example_dags/example_task_group.py
[2024-07-28T15:07:05.157+0000] {processor.py:830} INFO - Processing file /home/airflow/.local/lib/python3.12/site-packages/airflow/example_dags/example_task_group.py for tasks to queue
[2024-07-28T15:07:05.160+0000] {logging_mixin.py:188} INFO - [2024-07-28T15:07:05.159+0000] {dagbag.py:545} INFO - Filling up the DagBag from /home/airflow/.local/lib/python3.12/site-packages/airflow/example_dags/example_task_group.py
[2024-07-28T15:07:05.169+0000] {processor.py:840} INFO - DAG(s) 'example_task_group' retrieved from /home/airflow/.local/lib/python3.12/site-packages/airflow/example_dags/example_task_group.py
[2024-07-28T15:07:05.207+0000] {logging_mixin.py:188} INFO - [2024-07-28T15:07:05.207+0000] {dag.py:3089} INFO - Sync 1 DAGs
[2024-07-28T15:07:05.234+0000] {logging_mixin.py:188} INFO - [2024-07-28T15:07:05.233+0000] {dag.py:3947} INFO - Setting next_dagrun for example_task_group to 2024-07-27 00:00:00+00:00, run_after=2024-07-28 00:00:00+00:00
[2024-07-28T15:07:05.253+0000] {processor.py:183} INFO - Processing /home/airflow/.local/lib/python3.12/site-packages/airflow/example_dags/example_task_group.py took 0.107 seconds
[2024-07-28T15:07:35.424+0000] {processor.py:161} INFO - Started process (PID=782) to work on /home/airflow/.local/lib/python3.12/site-packages/airflow/example_dags/example_task_group.py
[2024-07-28T15:07:35.425+0000] {processor.py:830} INFO - Processing file /home/airflow/.local/lib/python3.12/site-packages/airflow/example_dags/example_task_group.py for tasks to queue
[2024-07-28T15:07:35.427+0000] {logging_mixin.py:188} INFO - [2024-07-28T15:07:35.427+0000] {dagbag.py:545} INFO - Filling up the DagBag from /home/airflow/.local/lib/python3.12/site-packages/airflow/example_dags/example_task_group.py
[2024-07-28T15:07:35.436+0000] {processor.py:840} INFO - DAG(s) 'example_task_group' retrieved from /home/airflow/.local/lib/python3.12/site-packages/airflow/example_dags/example_task_group.py
[2024-07-28T15:07:35.467+0000] {logging_mixin.py:188} INFO - [2024-07-28T15:07:35.466+0000] {dag.py:3089} INFO - Sync 1 DAGs
[2024-07-28T15:07:35.514+0000] {logging_mixin.py:188} INFO - [2024-07-28T15:07:35.514+0000] {dag.py:3947} INFO - Setting next_dagrun for example_task_group to 2024-07-27 00:00:00+00:00, run_after=2024-07-28 00:00:00+00:00
[2024-07-28T15:07:35.554+0000] {processor.py:183} INFO - Processing /home/airflow/.local/lib/python3.12/site-packages/airflow/example_dags/example_task_group.py took 0.136 seconds
[2024-07-28T15:08:06.159+0000] {processor.py:161} INFO - Started process (PID=841) to work on /home/airflow/.local/lib/python3.12/site-packages/airflow/example_dags/example_task_group.py
[2024-07-28T15:08:06.161+0000] {processor.py:830} INFO - Processing file /home/airflow/.local/lib/python3.12/site-packages/airflow/example_dags/example_task_group.py for tasks to queue
[2024-07-28T15:08:06.166+0000] {logging_mixin.py:188} INFO - [2024-07-28T15:08:06.165+0000] {dagbag.py:545} INFO - Filling up the DagBag from /home/airflow/.local/lib/python3.12/site-packages/airflow/example_dags/example_task_group.py
[2024-07-28T15:08:06.190+0000] {processor.py:840} INFO - DAG(s) 'example_task_group' retrieved from /home/airflow/.local/lib/python3.12/site-packages/airflow/example_dags/example_task_group.py
[2024-07-28T15:08:06.251+0000] {logging_mixin.py:188} INFO - [2024-07-28T15:08:06.251+0000] {dag.py:3089} INFO - Sync 1 DAGs
[2024-07-28T15:08:06.278+0000] {logging_mixin.py:188} INFO - [2024-07-28T15:08:06.278+0000] {dag.py:3947} INFO - Setting next_dagrun for example_task_group to 2024-07-27 00:00:00+00:00, run_after=2024-07-28 00:00:00+00:00
[2024-07-28T15:08:06.296+0000] {processor.py:183} INFO - Processing /home/airflow/.local/lib/python3.12/site-packages/airflow/example_dags/example_task_group.py took 0.157 seconds
[2024-07-28T15:08:36.926+0000] {processor.py:161} INFO - Started process (PID=899) to work on /home/airflow/.local/lib/python3.12/site-packages/airflow/example_dags/example_task_group.py
[2024-07-28T15:08:36.929+0000] {processor.py:830} INFO - Processing file /home/airflow/.local/lib/python3.12/site-packages/airflow/example_dags/example_task_group.py for tasks to queue
[2024-07-28T15:08:36.935+0000] {logging_mixin.py:188} INFO - [2024-07-28T15:08:36.934+0000] {dagbag.py:545} INFO - Filling up the DagBag from /home/airflow/.local/lib/python3.12/site-packages/airflow/example_dags/example_task_group.py
[2024-07-28T15:08:36.968+0000] {processor.py:840} INFO - DAG(s) 'example_task_group' retrieved from /home/airflow/.local/lib/python3.12/site-packages/airflow/example_dags/example_task_group.py
[2024-07-28T15:08:37.047+0000] {logging_mixin.py:188} INFO - [2024-07-28T15:08:37.046+0000] {dag.py:3089} INFO - Sync 1 DAGs
[2024-07-28T15:08:37.120+0000] {logging_mixin.py:188} INFO - [2024-07-28T15:08:37.120+0000] {dag.py:3947} INFO - Setting next_dagrun for example_task_group to 2024-07-27 00:00:00+00:00, run_after=2024-07-28 00:00:00+00:00
[2024-07-28T15:08:37.148+0000] {processor.py:183} INFO - Processing /home/airflow/.local/lib/python3.12/site-packages/airflow/example_dags/example_task_group.py took 0.248 seconds
[2024-07-28T15:09:07.687+0000] {processor.py:161} INFO - Started process (PID=957) to work on /home/airflow/.local/lib/python3.12/site-packages/airflow/example_dags/example_task_group.py
[2024-07-28T15:09:07.690+0000] {processor.py:830} INFO - Processing file /home/airflow/.local/lib/python3.12/site-packages/airflow/example_dags/example_task_group.py for tasks to queue
[2024-07-28T15:09:07.695+0000] {logging_mixin.py:188} INFO - [2024-07-28T15:09:07.694+0000] {dagbag.py:545} INFO - Filling up the DagBag from /home/airflow/.local/lib/python3.12/site-packages/airflow/example_dags/example_task_group.py
[2024-07-28T15:09:07.721+0000] {processor.py:840} INFO - DAG(s) 'example_task_group' retrieved from /home/airflow/.local/lib/python3.12/site-packages/airflow/example_dags/example_task_group.py
[2024-07-28T15:09:07.799+0000] {logging_mixin.py:188} INFO - [2024-07-28T15:09:07.799+0000] {dag.py:3089} INFO - Sync 1 DAGs
[2024-07-28T15:09:07.857+0000] {logging_mixin.py:188} INFO - [2024-07-28T15:09:07.857+0000] {dag.py:3947} INFO - Setting next_dagrun for example_task_group to 2024-07-27 00:00:00+00:00, run_after=2024-07-28 00:00:00+00:00
[2024-07-28T15:09:07.883+0000] {processor.py:183} INFO - Processing /home/airflow/.local/lib/python3.12/site-packages/airflow/example_dags/example_task_group.py took 0.228 seconds
[2024-07-28T15:09:38.697+0000] {processor.py:161} INFO - Started process (PID=1015) to work on /home/airflow/.local/lib/python3.12/site-packages/airflow/example_dags/example_task_group.py
[2024-07-28T15:09:38.698+0000] {processor.py:830} INFO - Processing file /home/airflow/.local/lib/python3.12/site-packages/airflow/example_dags/example_task_group.py for tasks to queue
[2024-07-28T15:09:38.703+0000] {logging_mixin.py:188} INFO - [2024-07-28T15:09:38.701+0000] {dagbag.py:545} INFO - Filling up the DagBag from /home/airflow/.local/lib/python3.12/site-packages/airflow/example_dags/example_task_group.py
[2024-07-28T15:09:38.724+0000] {processor.py:840} INFO - DAG(s) 'example_task_group' retrieved from /home/airflow/.local/lib/python3.12/site-packages/airflow/example_dags/example_task_group.py
[2024-07-28T15:09:38.760+0000] {logging_mixin.py:188} INFO - [2024-07-28T15:09:38.759+0000] {dag.py:3089} INFO - Sync 1 DAGs
[2024-07-28T15:09:38.794+0000] {logging_mixin.py:188} INFO - [2024-07-28T15:09:38.794+0000] {dag.py:3947} INFO - Setting next_dagrun for example_task_group to 2024-07-27 00:00:00+00:00, run_after=2024-07-28 00:00:00+00:00
[2024-07-28T15:09:38.817+0000] {processor.py:183} INFO - Processing /home/airflow/.local/lib/python3.12/site-packages/airflow/example_dags/example_task_group.py took 0.131 seconds
[2024-07-28T15:10:09.279+0000] {processor.py:161} INFO - Started process (PID=1073) to work on /home/airflow/.local/lib/python3.12/site-packages/airflow/example_dags/example_task_group.py
[2024-07-28T15:10:09.280+0000] {processor.py:830} INFO - Processing file /home/airflow/.local/lib/python3.12/site-packages/airflow/example_dags/example_task_group.py for tasks to queue
[2024-07-28T15:10:09.282+0000] {logging_mixin.py:188} INFO - [2024-07-28T15:10:09.282+0000] {dagbag.py:545} INFO - Filling up the DagBag from /home/airflow/.local/lib/python3.12/site-packages/airflow/example_dags/example_task_group.py
[2024-07-28T15:10:09.291+0000] {processor.py:840} INFO - DAG(s) 'example_task_group' retrieved from /home/airflow/.local/lib/python3.12/site-packages/airflow/example_dags/example_task_group.py
[2024-07-28T15:10:09.319+0000] {logging_mixin.py:188} INFO - [2024-07-28T15:10:09.319+0000] {dag.py:3089} INFO - Sync 1 DAGs
[2024-07-28T15:10:09.349+0000] {logging_mixin.py:188} INFO - [2024-07-28T15:10:09.348+0000] {dag.py:3947} INFO - Setting next_dagrun for example_task_group to 2024-07-27 00:00:00+00:00, run_after=2024-07-28 00:00:00+00:00
[2024-07-28T15:10:09.370+0000] {processor.py:183} INFO - Processing /home/airflow/.local/lib/python3.12/site-packages/airflow/example_dags/example_task_group.py took 0.099 seconds
[2024-07-28T15:10:40.116+0000] {processor.py:161} INFO - Started process (PID=1131) to work on /home/airflow/.local/lib/python3.12/site-packages/airflow/example_dags/example_task_group.py
[2024-07-28T15:10:40.116+0000] {processor.py:830} INFO - Processing file /home/airflow/.local/lib/python3.12/site-packages/airflow/example_dags/example_task_group.py for tasks to queue
[2024-07-28T15:10:40.118+0000] {logging_mixin.py:188} INFO - [2024-07-28T15:10:40.118+0000] {dagbag.py:545} INFO - Filling up the DagBag from /home/airflow/.local/lib/python3.12/site-packages/airflow/example_dags/example_task_group.py
[2024-07-28T15:10:40.126+0000] {processor.py:840} INFO - DAG(s) 'example_task_group' retrieved from /home/airflow/.local/lib/python3.12/site-packages/airflow/example_dags/example_task_group.py
[2024-07-28T15:10:40.151+0000] {logging_mixin.py:188} INFO - [2024-07-28T15:10:40.150+0000] {dag.py:3089} INFO - Sync 1 DAGs
[2024-07-28T15:10:40.178+0000] {logging_mixin.py:188} INFO - [2024-07-28T15:10:40.178+0000] {dag.py:3947} INFO - Setting next_dagrun for example_task_group to 2024-07-27 00:00:00+00:00, run_after=2024-07-28 00:00:00+00:00
[2024-07-28T15:10:40.200+0000] {processor.py:183} INFO - Processing /home/airflow/.local/lib/python3.12/site-packages/airflow/example_dags/example_task_group.py took 0.090 seconds
