[2024-07-28T15:01:25.924+0000] {processor.py:161} INFO - Started process (PID=85) to work on /home/airflow/.local/lib/python3.12/site-packages/airflow/example_dags/example_bash_operator.py
[2024-07-28T15:01:25.925+0000] {processor.py:830} INFO - Processing file /home/airflow/.local/lib/python3.12/site-packages/airflow/example_dags/example_bash_operator.py for tasks to queue
[2024-07-28T15:01:25.928+0000] {logging_mixin.py:188} INFO - [2024-07-28T15:01:25.927+0000] {dagbag.py:545} INFO - Filling up the DagBag from /home/airflow/.local/lib/python3.12/site-packages/airflow/example_dags/example_bash_operator.py
[2024-07-28T15:01:25.946+0000] {processor.py:840} INFO - DAG(s) 'example_bash_operator' retrieved from /home/airflow/.local/lib/python3.12/site-packages/airflow/example_dags/example_bash_operator.py
[2024-07-28T15:01:26.021+0000] {logging_mixin.py:188} INFO - [2024-07-28T15:01:26.021+0000] {dag.py:3089} INFO - Sync 1 DAGs
[2024-07-28T15:01:26.074+0000] {logging_mixin.py:188} INFO - [2024-07-28T15:01:26.073+0000] {dag.py:3947} INFO - Setting next_dagrun for example_bash_operator to 2024-07-27 00:00:00+00:00, run_after=2024-07-28 00:00:00+00:00
[2024-07-28T15:01:26.107+0000] {processor.py:183} INFO - Processing /home/airflow/.local/lib/python3.12/site-packages/airflow/example_dags/example_bash_operator.py took 0.193 seconds
[2024-07-28T15:01:56.506+0000] {processor.py:161} INFO - Started process (PID=143) to work on /home/airflow/.local/lib/python3.12/site-packages/airflow/example_dags/example_bash_operator.py
[2024-07-28T15:01:56.509+0000] {processor.py:830} INFO - Processing file /home/airflow/.local/lib/python3.12/site-packages/airflow/example_dags/example_bash_operator.py for tasks to queue
[2024-07-28T15:01:56.516+0000] {logging_mixin.py:188} INFO - [2024-07-28T15:01:56.515+0000] {dagbag.py:545} INFO - Filling up the DagBag from /home/airflow/.local/lib/python3.12/site-packages/airflow/example_dags/example_bash_operator.py
[2024-07-28T15:01:56.566+0000] {processor.py:840} INFO - DAG(s) 'example_bash_operator' retrieved from /home/airflow/.local/lib/python3.12/site-packages/airflow/example_dags/example_bash_operator.py
[2024-07-28T15:01:56.736+0000] {logging_mixin.py:188} INFO - [2024-07-28T15:01:56.735+0000] {dag.py:3089} INFO - Sync 1 DAGs
[2024-07-28T15:01:56.856+0000] {logging_mixin.py:188} INFO - [2024-07-28T15:01:56.854+0000] {dag.py:3947} INFO - Setting next_dagrun for example_bash_operator to 2024-07-27 00:00:00+00:00, run_after=2024-07-28 00:00:00+00:00
[2024-07-28T15:01:56.904+0000] {processor.py:183} INFO - Processing /home/airflow/.local/lib/python3.12/site-packages/airflow/example_dags/example_bash_operator.py took 0.420 seconds
[2024-07-28T15:02:26.960+0000] {processor.py:161} INFO - Started process (PID=201) to work on /home/airflow/.local/lib/python3.12/site-packages/airflow/example_dags/example_bash_operator.py
[2024-07-28T15:02:26.961+0000] {processor.py:830} INFO - Processing file /home/airflow/.local/lib/python3.12/site-packages/airflow/example_dags/example_bash_operator.py for tasks to queue
[2024-07-28T15:02:26.963+0000] {logging_mixin.py:188} INFO - [2024-07-28T15:02:26.962+0000] {dagbag.py:545} INFO - Filling up the DagBag from /home/airflow/.local/lib/python3.12/site-packages/airflow/example_dags/example_bash_operator.py
[2024-07-28T15:02:26.981+0000] {processor.py:840} INFO - DAG(s) 'example_bash_operator' retrieved from /home/airflow/.local/lib/python3.12/site-packages/airflow/example_dags/example_bash_operator.py
[2024-07-28T15:02:27.029+0000] {logging_mixin.py:188} INFO - [2024-07-28T15:02:27.028+0000] {dag.py:3089} INFO - Sync 1 DAGs
[2024-07-28T15:02:27.073+0000] {logging_mixin.py:188} INFO - [2024-07-28T15:02:27.072+0000] {dag.py:3947} INFO - Setting next_dagrun for example_bash_operator to 2024-07-27 00:00:00+00:00, run_after=2024-07-28 00:00:00+00:00
[2024-07-28T15:02:27.101+0000] {processor.py:183} INFO - Processing /home/airflow/.local/lib/python3.12/site-packages/airflow/example_dags/example_bash_operator.py took 0.151 seconds
[2024-07-28T15:02:58.734+0000] {processor.py:161} INFO - Started process (PID=259) to work on /home/airflow/.local/lib/python3.12/site-packages/airflow/example_dags/example_bash_operator.py
[2024-07-28T15:02:58.737+0000] {processor.py:830} INFO - Processing file /home/airflow/.local/lib/python3.12/site-packages/airflow/example_dags/example_bash_operator.py for tasks to queue
[2024-07-28T15:02:58.744+0000] {logging_mixin.py:188} INFO - [2024-07-28T15:02:58.742+0000] {dagbag.py:545} INFO - Filling up the DagBag from /home/airflow/.local/lib/python3.12/site-packages/airflow/example_dags/example_bash_operator.py
[2024-07-28T15:02:58.792+0000] {processor.py:840} INFO - DAG(s) 'example_bash_operator' retrieved from /home/airflow/.local/lib/python3.12/site-packages/airflow/example_dags/example_bash_operator.py
[2024-07-28T15:02:58.869+0000] {logging_mixin.py:188} INFO - [2024-07-28T15:02:58.869+0000] {dag.py:3089} INFO - Sync 1 DAGs
[2024-07-28T15:02:58.908+0000] {logging_mixin.py:188} INFO - [2024-07-28T15:02:58.907+0000] {dag.py:3947} INFO - Setting next_dagrun for example_bash_operator to 2024-07-27 00:00:00+00:00, run_after=2024-07-28 00:00:00+00:00
[2024-07-28T15:02:58.936+0000] {processor.py:183} INFO - Processing /home/airflow/.local/lib/python3.12/site-packages/airflow/example_dags/example_bash_operator.py took 0.226 seconds
[2024-07-28T15:03:29.218+0000] {processor.py:161} INFO - Started process (PID=317) to work on /home/airflow/.local/lib/python3.12/site-packages/airflow/example_dags/example_bash_operator.py
[2024-07-28T15:03:29.221+0000] {processor.py:830} INFO - Processing file /home/airflow/.local/lib/python3.12/site-packages/airflow/example_dags/example_bash_operator.py for tasks to queue
[2024-07-28T15:03:29.229+0000] {logging_mixin.py:188} INFO - [2024-07-28T15:03:29.227+0000] {dagbag.py:545} INFO - Filling up the DagBag from /home/airflow/.local/lib/python3.12/site-packages/airflow/example_dags/example_bash_operator.py
[2024-07-28T15:03:29.275+0000] {processor.py:840} INFO - DAG(s) 'example_bash_operator' retrieved from /home/airflow/.local/lib/python3.12/site-packages/airflow/example_dags/example_bash_operator.py
[2024-07-28T15:03:29.391+0000] {logging_mixin.py:188} INFO - [2024-07-28T15:03:29.390+0000] {dag.py:3089} INFO - Sync 1 DAGs
[2024-07-28T15:03:29.495+0000] {logging_mixin.py:188} INFO - [2024-07-28T15:03:29.493+0000] {dag.py:3947} INFO - Setting next_dagrun for example_bash_operator to 2024-07-27 00:00:00+00:00, run_after=2024-07-28 00:00:00+00:00
[2024-07-28T15:03:29.587+0000] {processor.py:183} INFO - Processing /home/airflow/.local/lib/python3.12/site-packages/airflow/example_dags/example_bash_operator.py took 0.396 seconds
[2024-07-28T15:04:00.486+0000] {processor.py:161} INFO - Started process (PID=375) to work on /home/airflow/.local/lib/python3.12/site-packages/airflow/example_dags/example_bash_operator.py
[2024-07-28T15:04:00.488+0000] {processor.py:830} INFO - Processing file /home/airflow/.local/lib/python3.12/site-packages/airflow/example_dags/example_bash_operator.py for tasks to queue
[2024-07-28T15:04:00.490+0000] {logging_mixin.py:188} INFO - [2024-07-28T15:04:00.490+0000] {dagbag.py:545} INFO - Filling up the DagBag from /home/airflow/.local/lib/python3.12/site-packages/airflow/example_dags/example_bash_operator.py
[2024-07-28T15:04:00.509+0000] {processor.py:840} INFO - DAG(s) 'example_bash_operator' retrieved from /home/airflow/.local/lib/python3.12/site-packages/airflow/example_dags/example_bash_operator.py
[2024-07-28T15:04:00.553+0000] {logging_mixin.py:188} INFO - [2024-07-28T15:04:00.553+0000] {dag.py:3089} INFO - Sync 1 DAGs
[2024-07-28T15:04:00.590+0000] {logging_mixin.py:188} INFO - [2024-07-28T15:04:00.590+0000] {dag.py:3947} INFO - Setting next_dagrun for example_bash_operator to 2024-07-27 00:00:00+00:00, run_after=2024-07-28 00:00:00+00:00
[2024-07-28T15:04:00.619+0000] {processor.py:183} INFO - Processing /home/airflow/.local/lib/python3.12/site-packages/airflow/example_dags/example_bash_operator.py took 0.140 seconds
[2024-07-28T15:04:31.558+0000] {processor.py:161} INFO - Started process (PID=433) to work on /home/airflow/.local/lib/python3.12/site-packages/airflow/example_dags/example_bash_operator.py
[2024-07-28T15:04:31.561+0000] {processor.py:830} INFO - Processing file /home/airflow/.local/lib/python3.12/site-packages/airflow/example_dags/example_bash_operator.py for tasks to queue
[2024-07-28T15:04:31.568+0000] {logging_mixin.py:188} INFO - [2024-07-28T15:04:31.567+0000] {dagbag.py:545} INFO - Filling up the DagBag from /home/airflow/.local/lib/python3.12/site-packages/airflow/example_dags/example_bash_operator.py
[2024-07-28T15:04:31.614+0000] {processor.py:840} INFO - DAG(s) 'example_bash_operator' retrieved from /home/airflow/.local/lib/python3.12/site-packages/airflow/example_dags/example_bash_operator.py
[2024-07-28T15:04:31.729+0000] {logging_mixin.py:188} INFO - [2024-07-28T15:04:31.728+0000] {dag.py:3089} INFO - Sync 1 DAGs
[2024-07-28T15:04:31.830+0000] {logging_mixin.py:188} INFO - [2024-07-28T15:04:31.828+0000] {dag.py:3947} INFO - Setting next_dagrun for example_bash_operator to 2024-07-27 00:00:00+00:00, run_after=2024-07-28 00:00:00+00:00
[2024-07-28T15:04:31.900+0000] {processor.py:183} INFO - Processing /home/airflow/.local/lib/python3.12/site-packages/airflow/example_dags/example_bash_operator.py took 0.366 seconds
[2024-07-28T15:05:02.014+0000] {processor.py:161} INFO - Started process (PID=491) to work on /home/airflow/.local/lib/python3.12/site-packages/airflow/example_dags/example_bash_operator.py
[2024-07-28T15:05:02.017+0000] {processor.py:830} INFO - Processing file /home/airflow/.local/lib/python3.12/site-packages/airflow/example_dags/example_bash_operator.py for tasks to queue
[2024-07-28T15:05:02.022+0000] {logging_mixin.py:188} INFO - [2024-07-28T15:05:02.021+0000] {dagbag.py:545} INFO - Filling up the DagBag from /home/airflow/.local/lib/python3.12/site-packages/airflow/example_dags/example_bash_operator.py
[2024-07-28T15:05:02.066+0000] {processor.py:840} INFO - DAG(s) 'example_bash_operator' retrieved from /home/airflow/.local/lib/python3.12/site-packages/airflow/example_dags/example_bash_operator.py
[2024-07-28T15:05:02.176+0000] {logging_mixin.py:188} INFO - [2024-07-28T15:05:02.175+0000] {dag.py:3089} INFO - Sync 1 DAGs
[2024-07-28T15:05:02.269+0000] {logging_mixin.py:188} INFO - [2024-07-28T15:05:02.268+0000] {dag.py:3947} INFO - Setting next_dagrun for example_bash_operator to 2024-07-27 00:00:00+00:00, run_after=2024-07-28 00:00:00+00:00
[2024-07-28T15:05:02.337+0000] {processor.py:183} INFO - Processing /home/airflow/.local/lib/python3.12/site-packages/airflow/example_dags/example_bash_operator.py took 0.345 seconds
[2024-07-28T15:05:33.112+0000] {processor.py:161} INFO - Started process (PID=549) to work on /home/airflow/.local/lib/python3.12/site-packages/airflow/example_dags/example_bash_operator.py
[2024-07-28T15:05:33.116+0000] {processor.py:830} INFO - Processing file /home/airflow/.local/lib/python3.12/site-packages/airflow/example_dags/example_bash_operator.py for tasks to queue
[2024-07-28T15:05:33.122+0000] {logging_mixin.py:188} INFO - [2024-07-28T15:05:33.121+0000] {dagbag.py:545} INFO - Filling up the DagBag from /home/airflow/.local/lib/python3.12/site-packages/airflow/example_dags/example_bash_operator.py
[2024-07-28T15:05:33.168+0000] {processor.py:840} INFO - DAG(s) 'example_bash_operator' retrieved from /home/airflow/.local/lib/python3.12/site-packages/airflow/example_dags/example_bash_operator.py
[2024-07-28T15:05:33.285+0000] {logging_mixin.py:188} INFO - [2024-07-28T15:05:33.284+0000] {dag.py:3089} INFO - Sync 1 DAGs
[2024-07-28T15:05:33.385+0000] {logging_mixin.py:188} INFO - [2024-07-28T15:05:33.384+0000] {dag.py:3947} INFO - Setting next_dagrun for example_bash_operator to 2024-07-27 00:00:00+00:00, run_after=2024-07-28 00:00:00+00:00
[2024-07-28T15:05:33.461+0000] {processor.py:183} INFO - Processing /home/airflow/.local/lib/python3.12/site-packages/airflow/example_dags/example_bash_operator.py took 0.373 seconds
[2024-07-28T15:06:04.103+0000] {processor.py:161} INFO - Started process (PID=607) to work on /home/airflow/.local/lib/python3.12/site-packages/airflow/example_dags/example_bash_operator.py
[2024-07-28T15:06:04.104+0000] {processor.py:830} INFO - Processing file /home/airflow/.local/lib/python3.12/site-packages/airflow/example_dags/example_bash_operator.py for tasks to queue
[2024-07-28T15:06:04.107+0000] {logging_mixin.py:188} INFO - [2024-07-28T15:06:04.106+0000] {dagbag.py:545} INFO - Filling up the DagBag from /home/airflow/.local/lib/python3.12/site-packages/airflow/example_dags/example_bash_operator.py
[2024-07-28T15:06:04.135+0000] {processor.py:840} INFO - DAG(s) 'example_bash_operator' retrieved from /home/airflow/.local/lib/python3.12/site-packages/airflow/example_dags/example_bash_operator.py
[2024-07-28T15:06:04.196+0000] {logging_mixin.py:188} INFO - [2024-07-28T15:06:04.195+0000] {dag.py:3089} INFO - Sync 1 DAGs
[2024-07-28T15:06:04.246+0000] {logging_mixin.py:188} INFO - [2024-07-28T15:06:04.245+0000] {dag.py:3947} INFO - Setting next_dagrun for example_bash_operator to 2024-07-27 00:00:00+00:00, run_after=2024-07-28 00:00:00+00:00
[2024-07-28T15:06:04.285+0000] {processor.py:183} INFO - Processing /home/airflow/.local/lib/python3.12/site-packages/airflow/example_dags/example_bash_operator.py took 0.195 seconds
[2024-07-28T15:06:34.464+0000] {processor.py:161} INFO - Started process (PID=665) to work on /home/airflow/.local/lib/python3.12/site-packages/airflow/example_dags/example_bash_operator.py
[2024-07-28T15:06:34.466+0000] {processor.py:830} INFO - Processing file /home/airflow/.local/lib/python3.12/site-packages/airflow/example_dags/example_bash_operator.py for tasks to queue
[2024-07-28T15:06:34.472+0000] {logging_mixin.py:188} INFO - [2024-07-28T15:06:34.471+0000] {dagbag.py:545} INFO - Filling up the DagBag from /home/airflow/.local/lib/python3.12/site-packages/airflow/example_dags/example_bash_operator.py
[2024-07-28T15:06:34.512+0000] {processor.py:840} INFO - DAG(s) 'example_bash_operator' retrieved from /home/airflow/.local/lib/python3.12/site-packages/airflow/example_dags/example_bash_operator.py
[2024-07-28T15:06:34.628+0000] {logging_mixin.py:188} INFO - [2024-07-28T15:06:34.627+0000] {dag.py:3089} INFO - Sync 1 DAGs
[2024-07-28T15:06:34.769+0000] {logging_mixin.py:188} INFO - [2024-07-28T15:06:34.768+0000] {dag.py:3947} INFO - Setting next_dagrun for example_bash_operator to 2024-07-27 00:00:00+00:00, run_after=2024-07-28 00:00:00+00:00
[2024-07-28T15:06:34.860+0000] {processor.py:183} INFO - Processing /home/airflow/.local/lib/python3.12/site-packages/airflow/example_dags/example_bash_operator.py took 0.419 seconds
[2024-07-28T15:07:05.147+0000] {processor.py:161} INFO - Started process (PID=723) to work on /home/airflow/.local/lib/python3.12/site-packages/airflow/example_dags/example_bash_operator.py
[2024-07-28T15:07:05.148+0000] {processor.py:830} INFO - Processing file /home/airflow/.local/lib/python3.12/site-packages/airflow/example_dags/example_bash_operator.py for tasks to queue
[2024-07-28T15:07:05.149+0000] {logging_mixin.py:188} INFO - [2024-07-28T15:07:05.149+0000] {dagbag.py:545} INFO - Filling up the DagBag from /home/airflow/.local/lib/python3.12/site-packages/airflow/example_dags/example_bash_operator.py
[2024-07-28T15:07:05.162+0000] {processor.py:840} INFO - DAG(s) 'example_bash_operator' retrieved from /home/airflow/.local/lib/python3.12/site-packages/airflow/example_dags/example_bash_operator.py
[2024-07-28T15:07:05.193+0000] {logging_mixin.py:188} INFO - [2024-07-28T15:07:05.193+0000] {dag.py:3089} INFO - Sync 1 DAGs
[2024-07-28T15:07:05.222+0000] {logging_mixin.py:188} INFO - [2024-07-28T15:07:05.221+0000] {dag.py:3947} INFO - Setting next_dagrun for example_bash_operator to 2024-07-27 00:00:00+00:00, run_after=2024-07-28 00:00:00+00:00
[2024-07-28T15:07:05.241+0000] {processor.py:183} INFO - Processing /home/airflow/.local/lib/python3.12/site-packages/airflow/example_dags/example_bash_operator.py took 0.100 seconds
[2024-07-28T15:07:35.419+0000] {processor.py:161} INFO - Started process (PID=781) to work on /home/airflow/.local/lib/python3.12/site-packages/airflow/example_dags/example_bash_operator.py
[2024-07-28T15:07:35.420+0000] {processor.py:830} INFO - Processing file /home/airflow/.local/lib/python3.12/site-packages/airflow/example_dags/example_bash_operator.py for tasks to queue
[2024-07-28T15:07:35.422+0000] {logging_mixin.py:188} INFO - [2024-07-28T15:07:35.421+0000] {dagbag.py:545} INFO - Filling up the DagBag from /home/airflow/.local/lib/python3.12/site-packages/airflow/example_dags/example_bash_operator.py
[2024-07-28T15:07:35.436+0000] {processor.py:840} INFO - DAG(s) 'example_bash_operator' retrieved from /home/airflow/.local/lib/python3.12/site-packages/airflow/example_dags/example_bash_operator.py
[2024-07-28T15:07:35.486+0000] {logging_mixin.py:188} INFO - [2024-07-28T15:07:35.486+0000] {dag.py:3089} INFO - Sync 1 DAGs
[2024-07-28T15:07:35.539+0000] {logging_mixin.py:188} INFO - [2024-07-28T15:07:35.539+0000] {dag.py:3947} INFO - Setting next_dagrun for example_bash_operator to 2024-07-27 00:00:00+00:00, run_after=2024-07-28 00:00:00+00:00
[2024-07-28T15:07:35.579+0000] {processor.py:183} INFO - Processing /home/airflow/.local/lib/python3.12/site-packages/airflow/example_dags/example_bash_operator.py took 0.168 seconds
[2024-07-28T15:08:06.141+0000] {processor.py:161} INFO - Started process (PID=840) to work on /home/airflow/.local/lib/python3.12/site-packages/airflow/example_dags/example_bash_operator.py
[2024-07-28T15:08:06.143+0000] {processor.py:830} INFO - Processing file /home/airflow/.local/lib/python3.12/site-packages/airflow/example_dags/example_bash_operator.py for tasks to queue
[2024-07-28T15:08:06.150+0000] {logging_mixin.py:188} INFO - [2024-07-28T15:08:06.149+0000] {dagbag.py:545} INFO - Filling up the DagBag from /home/airflow/.local/lib/python3.12/site-packages/airflow/example_dags/example_bash_operator.py
[2024-07-28T15:08:06.190+0000] {processor.py:840} INFO - DAG(s) 'example_bash_operator' retrieved from /home/airflow/.local/lib/python3.12/site-packages/airflow/example_dags/example_bash_operator.py
[2024-07-28T15:08:06.262+0000] {logging_mixin.py:188} INFO - [2024-07-28T15:08:06.261+0000] {dag.py:3089} INFO - Sync 1 DAGs
[2024-07-28T15:08:06.287+0000] {logging_mixin.py:188} INFO - [2024-07-28T15:08:06.287+0000] {dag.py:3947} INFO - Setting next_dagrun for example_bash_operator to 2024-07-27 00:00:00+00:00, run_after=2024-07-28 00:00:00+00:00
[2024-07-28T15:08:06.306+0000] {processor.py:183} INFO - Processing /home/airflow/.local/lib/python3.12/site-packages/airflow/example_dags/example_bash_operator.py took 0.184 seconds
[2024-07-28T15:08:36.562+0000] {processor.py:161} INFO - Started process (PID=898) to work on /home/airflow/.local/lib/python3.12/site-packages/airflow/example_dags/example_bash_operator.py
[2024-07-28T15:08:36.565+0000] {processor.py:830} INFO - Processing file /home/airflow/.local/lib/python3.12/site-packages/airflow/example_dags/example_bash_operator.py for tasks to queue
[2024-07-28T15:08:36.570+0000] {logging_mixin.py:188} INFO - [2024-07-28T15:08:36.569+0000] {dagbag.py:545} INFO - Filling up the DagBag from /home/airflow/.local/lib/python3.12/site-packages/airflow/example_dags/example_bash_operator.py
[2024-07-28T15:08:36.626+0000] {processor.py:840} INFO - DAG(s) 'example_bash_operator' retrieved from /home/airflow/.local/lib/python3.12/site-packages/airflow/example_dags/example_bash_operator.py
[2024-07-28T15:08:36.736+0000] {logging_mixin.py:188} INFO - [2024-07-28T15:08:36.735+0000] {dag.py:3089} INFO - Sync 1 DAGs
[2024-07-28T15:08:36.829+0000] {logging_mixin.py:188} INFO - [2024-07-28T15:08:36.828+0000] {dag.py:3947} INFO - Setting next_dagrun for example_bash_operator to 2024-07-27 00:00:00+00:00, run_after=2024-07-28 00:00:00+00:00
[2024-07-28T15:08:36.913+0000] {processor.py:183} INFO - Processing /home/airflow/.local/lib/python3.12/site-packages/airflow/example_dags/example_bash_operator.py took 0.375 seconds
[2024-07-28T15:09:07.627+0000] {processor.py:161} INFO - Started process (PID=956) to work on /home/airflow/.local/lib/python3.12/site-packages/airflow/example_dags/example_bash_operator.py
[2024-07-28T15:09:07.630+0000] {processor.py:830} INFO - Processing file /home/airflow/.local/lib/python3.12/site-packages/airflow/example_dags/example_bash_operator.py for tasks to queue
[2024-07-28T15:09:07.636+0000] {logging_mixin.py:188} INFO - [2024-07-28T15:09:07.635+0000] {dagbag.py:545} INFO - Filling up the DagBag from /home/airflow/.local/lib/python3.12/site-packages/airflow/example_dags/example_bash_operator.py
[2024-07-28T15:09:07.684+0000] {processor.py:840} INFO - DAG(s) 'example_bash_operator' retrieved from /home/airflow/.local/lib/python3.12/site-packages/airflow/example_dags/example_bash_operator.py
[2024-07-28T15:09:07.802+0000] {logging_mixin.py:188} INFO - [2024-07-28T15:09:07.801+0000] {dag.py:3089} INFO - Sync 1 DAGs
[2024-07-28T15:09:07.861+0000] {logging_mixin.py:188} INFO - [2024-07-28T15:09:07.860+0000] {dag.py:3947} INFO - Setting next_dagrun for example_bash_operator to 2024-07-27 00:00:00+00:00, run_after=2024-07-28 00:00:00+00:00
[2024-07-28T15:09:07.884+0000] {processor.py:183} INFO - Processing /home/airflow/.local/lib/python3.12/site-packages/airflow/example_dags/example_bash_operator.py took 0.280 seconds
[2024-07-28T15:09:38.467+0000] {processor.py:161} INFO - Started process (PID=1014) to work on /home/airflow/.local/lib/python3.12/site-packages/airflow/example_dags/example_bash_operator.py
[2024-07-28T15:09:38.469+0000] {processor.py:830} INFO - Processing file /home/airflow/.local/lib/python3.12/site-packages/airflow/example_dags/example_bash_operator.py for tasks to queue
[2024-07-28T15:09:38.472+0000] {logging_mixin.py:188} INFO - [2024-07-28T15:09:38.472+0000] {dagbag.py:545} INFO - Filling up the DagBag from /home/airflow/.local/lib/python3.12/site-packages/airflow/example_dags/example_bash_operator.py
[2024-07-28T15:09:38.498+0000] {processor.py:840} INFO - DAG(s) 'example_bash_operator' retrieved from /home/airflow/.local/lib/python3.12/site-packages/airflow/example_dags/example_bash_operator.py
[2024-07-28T15:09:38.562+0000] {logging_mixin.py:188} INFO - [2024-07-28T15:09:38.562+0000] {dag.py:3089} INFO - Sync 1 DAGs
[2024-07-28T15:09:38.621+0000] {logging_mixin.py:188} INFO - [2024-07-28T15:09:38.621+0000] {dag.py:3947} INFO - Setting next_dagrun for example_bash_operator to 2024-07-27 00:00:00+00:00, run_after=2024-07-28 00:00:00+00:00
[2024-07-28T15:09:38.657+0000] {processor.py:183} INFO - Processing /home/airflow/.local/lib/python3.12/site-packages/airflow/example_dags/example_bash_operator.py took 0.202 seconds
[2024-07-28T15:10:08.850+0000] {processor.py:161} INFO - Started process (PID=1072) to work on /home/airflow/.local/lib/python3.12/site-packages/airflow/example_dags/example_bash_operator.py
[2024-07-28T15:10:08.852+0000] {processor.py:830} INFO - Processing file /home/airflow/.local/lib/python3.12/site-packages/airflow/example_dags/example_bash_operator.py for tasks to queue
[2024-07-28T15:10:08.858+0000] {logging_mixin.py:188} INFO - [2024-07-28T15:10:08.857+0000] {dagbag.py:545} INFO - Filling up the DagBag from /home/airflow/.local/lib/python3.12/site-packages/airflow/example_dags/example_bash_operator.py
[2024-07-28T15:10:08.900+0000] {processor.py:840} INFO - DAG(s) 'example_bash_operator' retrieved from /home/airflow/.local/lib/python3.12/site-packages/airflow/example_dags/example_bash_operator.py
[2024-07-28T15:10:09.080+0000] {logging_mixin.py:188} INFO - [2024-07-28T15:10:09.079+0000] {dag.py:3089} INFO - Sync 1 DAGs
[2024-07-28T15:10:09.188+0000] {logging_mixin.py:188} INFO - [2024-07-28T15:10:09.188+0000] {dag.py:3947} INFO - Setting next_dagrun for example_bash_operator to 2024-07-27 00:00:00+00:00, run_after=2024-07-28 00:00:00+00:00
[2024-07-28T15:10:09.231+0000] {processor.py:183} INFO - Processing /home/airflow/.local/lib/python3.12/site-packages/airflow/example_dags/example_bash_operator.py took 0.405 seconds
[2024-07-28T15:10:39.979+0000] {processor.py:161} INFO - Started process (PID=1130) to work on /home/airflow/.local/lib/python3.12/site-packages/airflow/example_dags/example_bash_operator.py
[2024-07-28T15:10:39.980+0000] {processor.py:830} INFO - Processing file /home/airflow/.local/lib/python3.12/site-packages/airflow/example_dags/example_bash_operator.py for tasks to queue
[2024-07-28T15:10:39.982+0000] {logging_mixin.py:188} INFO - [2024-07-28T15:10:39.981+0000] {dagbag.py:545} INFO - Filling up the DagBag from /home/airflow/.local/lib/python3.12/site-packages/airflow/example_dags/example_bash_operator.py
[2024-07-28T15:10:39.996+0000] {processor.py:840} INFO - DAG(s) 'example_bash_operator' retrieved from /home/airflow/.local/lib/python3.12/site-packages/airflow/example_dags/example_bash_operator.py
[2024-07-28T15:10:40.029+0000] {logging_mixin.py:188} INFO - [2024-07-28T15:10:40.029+0000] {dag.py:3089} INFO - Sync 1 DAGs
[2024-07-28T15:10:40.064+0000] {logging_mixin.py:188} INFO - [2024-07-28T15:10:40.063+0000] {dag.py:3947} INFO - Setting next_dagrun for example_bash_operator to 2024-07-27 00:00:00+00:00, run_after=2024-07-28 00:00:00+00:00
[2024-07-28T15:10:40.089+0000] {processor.py:183} INFO - Processing /home/airflow/.local/lib/python3.12/site-packages/airflow/example_dags/example_bash_operator.py took 0.118 seconds
