[2024-07-28T15:01:23.254+0000] {processor.py:161} INFO - Started process (PID=67) to work on /home/airflow/.local/lib/python3.12/site-packages/airflow/example_dags/example_skip_dag.py
[2024-07-28T15:01:23.256+0000] {processor.py:830} INFO - Processing file /home/airflow/.local/lib/python3.12/site-packages/airflow/example_dags/example_skip_dag.py for tasks to queue
[2024-07-28T15:01:23.259+0000] {logging_mixin.py:188} INFO - [2024-07-28T15:01:23.259+0000] {dagbag.py:545} INFO - Filling up the DagBag from /home/airflow/.local/lib/python3.12/site-packages/airflow/example_dags/example_skip_dag.py
[2024-07-28T15:01:23.278+0000] {processor.py:840} INFO - DAG(s) 'example_skip_dag' retrieved from /home/airflow/.local/lib/python3.12/site-packages/airflow/example_dags/example_skip_dag.py
[2024-07-28T15:01:23.356+0000] {logging_mixin.py:188} INFO - [2024-07-28T15:01:23.355+0000] {dag.py:3089} INFO - Sync 1 DAGs
[2024-07-28T15:01:23.419+0000] {logging_mixin.py:188} INFO - [2024-07-28T15:01:23.418+0000] {dag.py:3947} INFO - Setting next_dagrun for example_skip_dag to 2024-07-27 00:00:00+00:00, run_after=2024-07-28 00:00:00+00:00
[2024-07-28T15:01:23.478+0000] {processor.py:183} INFO - Processing /home/airflow/.local/lib/python3.12/site-packages/airflow/example_dags/example_skip_dag.py took 0.237 seconds
[2024-07-28T15:01:54.313+0000] {processor.py:161} INFO - Started process (PID=125) to work on /home/airflow/.local/lib/python3.12/site-packages/airflow/example_dags/example_skip_dag.py
[2024-07-28T15:01:54.314+0000] {processor.py:830} INFO - Processing file /home/airflow/.local/lib/python3.12/site-packages/airflow/example_dags/example_skip_dag.py for tasks to queue
[2024-07-28T15:01:54.316+0000] {logging_mixin.py:188} INFO - [2024-07-28T15:01:54.316+0000] {dagbag.py:545} INFO - Filling up the DagBag from /home/airflow/.local/lib/python3.12/site-packages/airflow/example_dags/example_skip_dag.py
[2024-07-28T15:01:54.327+0000] {processor.py:840} INFO - DAG(s) 'example_skip_dag' retrieved from /home/airflow/.local/lib/python3.12/site-packages/airflow/example_dags/example_skip_dag.py
[2024-07-28T15:01:54.358+0000] {logging_mixin.py:188} INFO - [2024-07-28T15:01:54.358+0000] {dag.py:3089} INFO - Sync 1 DAGs
[2024-07-28T15:01:54.400+0000] {logging_mixin.py:188} INFO - [2024-07-28T15:01:54.400+0000] {dag.py:3947} INFO - Setting next_dagrun for example_skip_dag to 2024-07-27 00:00:00+00:00, run_after=2024-07-28 00:00:00+00:00
[2024-07-28T15:01:54.433+0000] {processor.py:183} INFO - Processing /home/airflow/.local/lib/python3.12/site-packages/airflow/example_dags/example_skip_dag.py took 0.130 seconds
[2024-07-28T15:02:24.919+0000] {processor.py:161} INFO - Started process (PID=183) to work on /home/airflow/.local/lib/python3.12/site-packages/airflow/example_dags/example_skip_dag.py
[2024-07-28T15:02:24.920+0000] {processor.py:830} INFO - Processing file /home/airflow/.local/lib/python3.12/site-packages/airflow/example_dags/example_skip_dag.py for tasks to queue
[2024-07-28T15:02:24.922+0000] {logging_mixin.py:188} INFO - [2024-07-28T15:02:24.922+0000] {dagbag.py:545} INFO - Filling up the DagBag from /home/airflow/.local/lib/python3.12/site-packages/airflow/example_dags/example_skip_dag.py
[2024-07-28T15:02:24.933+0000] {processor.py:840} INFO - DAG(s) 'example_skip_dag' retrieved from /home/airflow/.local/lib/python3.12/site-packages/airflow/example_dags/example_skip_dag.py
[2024-07-28T15:02:24.976+0000] {logging_mixin.py:188} INFO - [2024-07-28T15:02:24.975+0000] {dag.py:3089} INFO - Sync 1 DAGs
[2024-07-28T15:02:25.027+0000] {logging_mixin.py:188} INFO - [2024-07-28T15:02:25.027+0000] {dag.py:3947} INFO - Setting next_dagrun for example_skip_dag to 2024-07-27 00:00:00+00:00, run_after=2024-07-28 00:00:00+00:00
[2024-07-28T15:02:25.066+0000] {processor.py:183} INFO - Processing /home/airflow/.local/lib/python3.12/site-packages/airflow/example_dags/example_skip_dag.py took 0.155 seconds
[2024-07-28T15:02:55.260+0000] {processor.py:161} INFO - Started process (PID=241) to work on /home/airflow/.local/lib/python3.12/site-packages/airflow/example_dags/example_skip_dag.py
[2024-07-28T15:02:55.264+0000] {processor.py:830} INFO - Processing file /home/airflow/.local/lib/python3.12/site-packages/airflow/example_dags/example_skip_dag.py for tasks to queue
[2024-07-28T15:02:55.269+0000] {logging_mixin.py:188} INFO - [2024-07-28T15:02:55.268+0000] {dagbag.py:545} INFO - Filling up the DagBag from /home/airflow/.local/lib/python3.12/site-packages/airflow/example_dags/example_skip_dag.py
[2024-07-28T15:02:55.291+0000] {processor.py:840} INFO - DAG(s) 'example_skip_dag' retrieved from /home/airflow/.local/lib/python3.12/site-packages/airflow/example_dags/example_skip_dag.py
[2024-07-28T15:02:55.371+0000] {logging_mixin.py:188} INFO - [2024-07-28T15:02:55.370+0000] {dag.py:3089} INFO - Sync 1 DAGs
[2024-07-28T15:02:55.461+0000] {logging_mixin.py:188} INFO - [2024-07-28T15:02:55.460+0000] {dag.py:3947} INFO - Setting next_dagrun for example_skip_dag to 2024-07-27 00:00:00+00:00, run_after=2024-07-28 00:00:00+00:00
[2024-07-28T15:02:55.532+0000] {processor.py:183} INFO - Processing /home/airflow/.local/lib/python3.12/site-packages/airflow/example_dags/example_skip_dag.py took 0.296 seconds
[2024-07-28T15:03:26.177+0000] {processor.py:161} INFO - Started process (PID=299) to work on /home/airflow/.local/lib/python3.12/site-packages/airflow/example_dags/example_skip_dag.py
[2024-07-28T15:03:26.179+0000] {processor.py:830} INFO - Processing file /home/airflow/.local/lib/python3.12/site-packages/airflow/example_dags/example_skip_dag.py for tasks to queue
[2024-07-28T15:03:26.183+0000] {logging_mixin.py:188} INFO - [2024-07-28T15:03:26.182+0000] {dagbag.py:545} INFO - Filling up the DagBag from /home/airflow/.local/lib/python3.12/site-packages/airflow/example_dags/example_skip_dag.py
[2024-07-28T15:03:26.200+0000] {processor.py:840} INFO - DAG(s) 'example_skip_dag' retrieved from /home/airflow/.local/lib/python3.12/site-packages/airflow/example_dags/example_skip_dag.py
[2024-07-28T15:03:26.283+0000] {logging_mixin.py:188} INFO - [2024-07-28T15:03:26.282+0000] {dag.py:3089} INFO - Sync 1 DAGs
[2024-07-28T15:03:26.373+0000] {logging_mixin.py:188} INFO - [2024-07-28T15:03:26.372+0000] {dag.py:3947} INFO - Setting next_dagrun for example_skip_dag to 2024-07-27 00:00:00+00:00, run_after=2024-07-28 00:00:00+00:00
[2024-07-28T15:03:26.450+0000] {processor.py:183} INFO - Processing /home/airflow/.local/lib/python3.12/site-packages/airflow/example_dags/example_skip_dag.py took 0.289 seconds
[2024-07-28T15:03:57.434+0000] {processor.py:161} INFO - Started process (PID=357) to work on /home/airflow/.local/lib/python3.12/site-packages/airflow/example_dags/example_skip_dag.py
[2024-07-28T15:03:57.436+0000] {processor.py:830} INFO - Processing file /home/airflow/.local/lib/python3.12/site-packages/airflow/example_dags/example_skip_dag.py for tasks to queue
[2024-07-28T15:03:57.440+0000] {logging_mixin.py:188} INFO - [2024-07-28T15:03:57.439+0000] {dagbag.py:545} INFO - Filling up the DagBag from /home/airflow/.local/lib/python3.12/site-packages/airflow/example_dags/example_skip_dag.py
[2024-07-28T15:03:57.456+0000] {processor.py:840} INFO - DAG(s) 'example_skip_dag' retrieved from /home/airflow/.local/lib/python3.12/site-packages/airflow/example_dags/example_skip_dag.py
[2024-07-28T15:03:57.515+0000] {logging_mixin.py:188} INFO - [2024-07-28T15:03:57.514+0000] {dag.py:3089} INFO - Sync 1 DAGs
[2024-07-28T15:03:57.579+0000] {logging_mixin.py:188} INFO - [2024-07-28T15:03:57.578+0000] {dag.py:3947} INFO - Setting next_dagrun for example_skip_dag to 2024-07-27 00:00:00+00:00, run_after=2024-07-28 00:00:00+00:00
[2024-07-28T15:03:57.629+0000] {processor.py:183} INFO - Processing /home/airflow/.local/lib/python3.12/site-packages/airflow/example_dags/example_skip_dag.py took 0.211 seconds
[2024-07-28T15:04:28.353+0000] {processor.py:161} INFO - Started process (PID=415) to work on /home/airflow/.local/lib/python3.12/site-packages/airflow/example_dags/example_skip_dag.py
[2024-07-28T15:04:28.355+0000] {processor.py:830} INFO - Processing file /home/airflow/.local/lib/python3.12/site-packages/airflow/example_dags/example_skip_dag.py for tasks to queue
[2024-07-28T15:04:28.358+0000] {logging_mixin.py:188} INFO - [2024-07-28T15:04:28.357+0000] {dagbag.py:545} INFO - Filling up the DagBag from /home/airflow/.local/lib/python3.12/site-packages/airflow/example_dags/example_skip_dag.py
[2024-07-28T15:04:28.371+0000] {processor.py:840} INFO - DAG(s) 'example_skip_dag' retrieved from /home/airflow/.local/lib/python3.12/site-packages/airflow/example_dags/example_skip_dag.py
[2024-07-28T15:04:28.406+0000] {logging_mixin.py:188} INFO - [2024-07-28T15:04:28.406+0000] {dag.py:3089} INFO - Sync 1 DAGs
[2024-07-28T15:04:28.448+0000] {logging_mixin.py:188} INFO - [2024-07-28T15:04:28.447+0000] {dag.py:3947} INFO - Setting next_dagrun for example_skip_dag to 2024-07-27 00:00:00+00:00, run_after=2024-07-28 00:00:00+00:00
[2024-07-28T15:04:28.507+0000] {processor.py:183} INFO - Processing /home/airflow/.local/lib/python3.12/site-packages/airflow/example_dags/example_skip_dag.py took 0.171 seconds
[2024-07-28T15:04:58.966+0000] {processor.py:161} INFO - Started process (PID=473) to work on /home/airflow/.local/lib/python3.12/site-packages/airflow/example_dags/example_skip_dag.py
[2024-07-28T15:04:58.967+0000] {processor.py:830} INFO - Processing file /home/airflow/.local/lib/python3.12/site-packages/airflow/example_dags/example_skip_dag.py for tasks to queue
[2024-07-28T15:04:58.970+0000] {logging_mixin.py:188} INFO - [2024-07-28T15:04:58.970+0000] {dagbag.py:545} INFO - Filling up the DagBag from /home/airflow/.local/lib/python3.12/site-packages/airflow/example_dags/example_skip_dag.py
[2024-07-28T15:04:58.984+0000] {processor.py:840} INFO - DAG(s) 'example_skip_dag' retrieved from /home/airflow/.local/lib/python3.12/site-packages/airflow/example_dags/example_skip_dag.py
[2024-07-28T15:04:59.027+0000] {logging_mixin.py:188} INFO - [2024-07-28T15:04:59.026+0000] {dag.py:3089} INFO - Sync 1 DAGs
[2024-07-28T15:04:59.074+0000] {logging_mixin.py:188} INFO - [2024-07-28T15:04:59.073+0000] {dag.py:3947} INFO - Setting next_dagrun for example_skip_dag to 2024-07-27 00:00:00+00:00, run_after=2024-07-28 00:00:00+00:00
[2024-07-28T15:04:59.113+0000] {processor.py:183} INFO - Processing /home/airflow/.local/lib/python3.12/site-packages/airflow/example_dags/example_skip_dag.py took 0.162 seconds
[2024-07-28T15:05:29.266+0000] {processor.py:161} INFO - Started process (PID=531) to work on /home/airflow/.local/lib/python3.12/site-packages/airflow/example_dags/example_skip_dag.py
[2024-07-28T15:05:29.267+0000] {processor.py:830} INFO - Processing file /home/airflow/.local/lib/python3.12/site-packages/airflow/example_dags/example_skip_dag.py for tasks to queue
[2024-07-28T15:05:29.271+0000] {logging_mixin.py:188} INFO - [2024-07-28T15:05:29.270+0000] {dagbag.py:545} INFO - Filling up the DagBag from /home/airflow/.local/lib/python3.12/site-packages/airflow/example_dags/example_skip_dag.py
[2024-07-28T15:05:29.286+0000] {processor.py:840} INFO - DAG(s) 'example_skip_dag' retrieved from /home/airflow/.local/lib/python3.12/site-packages/airflow/example_dags/example_skip_dag.py
[2024-07-28T15:05:29.334+0000] {logging_mixin.py:188} INFO - [2024-07-28T15:05:29.334+0000] {dag.py:3089} INFO - Sync 1 DAGs
[2024-07-28T15:05:29.388+0000] {logging_mixin.py:188} INFO - [2024-07-28T15:05:29.388+0000] {dag.py:3947} INFO - Setting next_dagrun for example_skip_dag to 2024-07-27 00:00:00+00:00, run_after=2024-07-28 00:00:00+00:00
[2024-07-28T15:05:29.432+0000] {processor.py:183} INFO - Processing /home/airflow/.local/lib/python3.12/site-packages/airflow/example_dags/example_skip_dag.py took 0.178 seconds
[2024-07-28T15:06:00.367+0000] {processor.py:161} INFO - Started process (PID=589) to work on /home/airflow/.local/lib/python3.12/site-packages/airflow/example_dags/example_skip_dag.py
[2024-07-28T15:06:00.368+0000] {processor.py:830} INFO - Processing file /home/airflow/.local/lib/python3.12/site-packages/airflow/example_dags/example_skip_dag.py for tasks to queue
[2024-07-28T15:06:00.370+0000] {logging_mixin.py:188} INFO - [2024-07-28T15:06:00.370+0000] {dagbag.py:545} INFO - Filling up the DagBag from /home/airflow/.local/lib/python3.12/site-packages/airflow/example_dags/example_skip_dag.py
[2024-07-28T15:06:00.380+0000] {processor.py:840} INFO - DAG(s) 'example_skip_dag' retrieved from /home/airflow/.local/lib/python3.12/site-packages/airflow/example_dags/example_skip_dag.py
[2024-07-28T15:06:00.412+0000] {logging_mixin.py:188} INFO - [2024-07-28T15:06:00.412+0000] {dag.py:3089} INFO - Sync 1 DAGs
[2024-07-28T15:06:00.465+0000] {logging_mixin.py:188} INFO - [2024-07-28T15:06:00.464+0000] {dag.py:3947} INFO - Setting next_dagrun for example_skip_dag to 2024-07-27 00:00:00+00:00, run_after=2024-07-28 00:00:00+00:00
[2024-07-28T15:06:00.500+0000] {processor.py:183} INFO - Processing /home/airflow/.local/lib/python3.12/site-packages/airflow/example_dags/example_skip_dag.py took 0.142 seconds
[2024-07-28T15:06:30.736+0000] {processor.py:161} INFO - Started process (PID=647) to work on /home/airflow/.local/lib/python3.12/site-packages/airflow/example_dags/example_skip_dag.py
[2024-07-28T15:06:30.738+0000] {processor.py:830} INFO - Processing file /home/airflow/.local/lib/python3.12/site-packages/airflow/example_dags/example_skip_dag.py for tasks to queue
[2024-07-28T15:06:30.741+0000] {logging_mixin.py:188} INFO - [2024-07-28T15:06:30.740+0000] {dagbag.py:545} INFO - Filling up the DagBag from /home/airflow/.local/lib/python3.12/site-packages/airflow/example_dags/example_skip_dag.py
[2024-07-28T15:06:30.756+0000] {processor.py:840} INFO - DAG(s) 'example_skip_dag' retrieved from /home/airflow/.local/lib/python3.12/site-packages/airflow/example_dags/example_skip_dag.py
[2024-07-28T15:06:30.803+0000] {logging_mixin.py:188} INFO - [2024-07-28T15:06:30.802+0000] {dag.py:3089} INFO - Sync 1 DAGs
[2024-07-28T15:06:30.852+0000] {logging_mixin.py:188} INFO - [2024-07-28T15:06:30.852+0000] {dag.py:3947} INFO - Setting next_dagrun for example_skip_dag to 2024-07-27 00:00:00+00:00, run_after=2024-07-28 00:00:00+00:00
[2024-07-28T15:06:30.892+0000] {processor.py:183} INFO - Processing /home/airflow/.local/lib/python3.12/site-packages/airflow/example_dags/example_skip_dag.py took 0.169 seconds
[2024-07-28T15:07:01.652+0000] {processor.py:161} INFO - Started process (PID=705) to work on /home/airflow/.local/lib/python3.12/site-packages/airflow/example_dags/example_skip_dag.py
[2024-07-28T15:07:01.655+0000] {processor.py:830} INFO - Processing file /home/airflow/.local/lib/python3.12/site-packages/airflow/example_dags/example_skip_dag.py for tasks to queue
[2024-07-28T15:07:01.660+0000] {logging_mixin.py:188} INFO - [2024-07-28T15:07:01.659+0000] {dagbag.py:545} INFO - Filling up the DagBag from /home/airflow/.local/lib/python3.12/site-packages/airflow/example_dags/example_skip_dag.py
[2024-07-28T15:07:01.681+0000] {processor.py:840} INFO - DAG(s) 'example_skip_dag' retrieved from /home/airflow/.local/lib/python3.12/site-packages/airflow/example_dags/example_skip_dag.py
[2024-07-28T15:07:01.752+0000] {logging_mixin.py:188} INFO - [2024-07-28T15:07:01.751+0000] {dag.py:3089} INFO - Sync 1 DAGs
[2024-07-28T15:07:01.831+0000] {logging_mixin.py:188} INFO - [2024-07-28T15:07:01.830+0000] {dag.py:3947} INFO - Setting next_dagrun for example_skip_dag to 2024-07-27 00:00:00+00:00, run_after=2024-07-28 00:00:00+00:00
[2024-07-28T15:07:01.907+0000] {processor.py:183} INFO - Processing /home/airflow/.local/lib/python3.12/site-packages/airflow/example_dags/example_skip_dag.py took 0.274 seconds
[2024-07-28T15:07:32.125+0000] {processor.py:161} INFO - Started process (PID=763) to work on /home/airflow/.local/lib/python3.12/site-packages/airflow/example_dags/example_skip_dag.py
[2024-07-28T15:07:32.126+0000] {processor.py:830} INFO - Processing file /home/airflow/.local/lib/python3.12/site-packages/airflow/example_dags/example_skip_dag.py for tasks to queue
[2024-07-28T15:07:32.128+0000] {logging_mixin.py:188} INFO - [2024-07-28T15:07:32.128+0000] {dagbag.py:545} INFO - Filling up the DagBag from /home/airflow/.local/lib/python3.12/site-packages/airflow/example_dags/example_skip_dag.py
[2024-07-28T15:07:32.138+0000] {processor.py:840} INFO - DAG(s) 'example_skip_dag' retrieved from /home/airflow/.local/lib/python3.12/site-packages/airflow/example_dags/example_skip_dag.py
[2024-07-28T15:07:32.170+0000] {logging_mixin.py:188} INFO - [2024-07-28T15:07:32.169+0000] {dag.py:3089} INFO - Sync 1 DAGs
[2024-07-28T15:07:32.204+0000] {logging_mixin.py:188} INFO - [2024-07-28T15:07:32.203+0000] {dag.py:3947} INFO - Setting next_dagrun for example_skip_dag to 2024-07-27 00:00:00+00:00, run_after=2024-07-28 00:00:00+00:00
[2024-07-28T15:07:32.230+0000] {processor.py:183} INFO - Processing /home/airflow/.local/lib/python3.12/site-packages/airflow/example_dags/example_skip_dag.py took 0.113 seconds
[2024-07-28T15:08:02.964+0000] {processor.py:161} INFO - Started process (PID=822) to work on /home/airflow/.local/lib/python3.12/site-packages/airflow/example_dags/example_skip_dag.py
[2024-07-28T15:08:02.965+0000] {processor.py:830} INFO - Processing file /home/airflow/.local/lib/python3.12/site-packages/airflow/example_dags/example_skip_dag.py for tasks to queue
[2024-07-28T15:08:02.966+0000] {logging_mixin.py:188} INFO - [2024-07-28T15:08:02.966+0000] {dagbag.py:545} INFO - Filling up the DagBag from /home/airflow/.local/lib/python3.12/site-packages/airflow/example_dags/example_skip_dag.py
[2024-07-28T15:08:02.974+0000] {processor.py:840} INFO - DAG(s) 'example_skip_dag' retrieved from /home/airflow/.local/lib/python3.12/site-packages/airflow/example_dags/example_skip_dag.py
[2024-07-28T15:08:02.999+0000] {logging_mixin.py:188} INFO - [2024-07-28T15:08:02.998+0000] {dag.py:3089} INFO - Sync 1 DAGs
[2024-07-28T15:08:03.026+0000] {logging_mixin.py:188} INFO - [2024-07-28T15:08:03.025+0000] {dag.py:3947} INFO - Setting next_dagrun for example_skip_dag to 2024-07-27 00:00:00+00:00, run_after=2024-07-28 00:00:00+00:00
[2024-07-28T15:08:03.048+0000] {processor.py:183} INFO - Processing /home/airflow/.local/lib/python3.12/site-packages/airflow/example_dags/example_skip_dag.py took 0.091 seconds
[2024-07-28T15:08:33.879+0000] {processor.py:161} INFO - Started process (PID=880) to work on /home/airflow/.local/lib/python3.12/site-packages/airflow/example_dags/example_skip_dag.py
[2024-07-28T15:08:33.881+0000] {processor.py:830} INFO - Processing file /home/airflow/.local/lib/python3.12/site-packages/airflow/example_dags/example_skip_dag.py for tasks to queue
[2024-07-28T15:08:33.888+0000] {logging_mixin.py:188} INFO - [2024-07-28T15:08:33.886+0000] {dagbag.py:545} INFO - Filling up the DagBag from /home/airflow/.local/lib/python3.12/site-packages/airflow/example_dags/example_skip_dag.py
[2024-07-28T15:08:33.910+0000] {processor.py:840} INFO - DAG(s) 'example_skip_dag' retrieved from /home/airflow/.local/lib/python3.12/site-packages/airflow/example_dags/example_skip_dag.py
[2024-07-28T15:08:34.003+0000] {logging_mixin.py:188} INFO - [2024-07-28T15:08:34.002+0000] {dag.py:3089} INFO - Sync 1 DAGs
[2024-07-28T15:08:34.105+0000] {logging_mixin.py:188} INFO - [2024-07-28T15:08:34.104+0000] {dag.py:3947} INFO - Setting next_dagrun for example_skip_dag to 2024-07-27 00:00:00+00:00, run_after=2024-07-28 00:00:00+00:00
[2024-07-28T15:08:34.158+0000] {processor.py:183} INFO - Processing /home/airflow/.local/lib/python3.12/site-packages/airflow/example_dags/example_skip_dag.py took 0.300 seconds
[2024-07-28T15:09:04.526+0000] {processor.py:161} INFO - Started process (PID=938) to work on /home/airflow/.local/lib/python3.12/site-packages/airflow/example_dags/example_skip_dag.py
[2024-07-28T15:09:04.529+0000] {processor.py:830} INFO - Processing file /home/airflow/.local/lib/python3.12/site-packages/airflow/example_dags/example_skip_dag.py for tasks to queue
[2024-07-28T15:09:04.535+0000] {logging_mixin.py:188} INFO - [2024-07-28T15:09:04.534+0000] {dagbag.py:545} INFO - Filling up the DagBag from /home/airflow/.local/lib/python3.12/site-packages/airflow/example_dags/example_skip_dag.py
[2024-07-28T15:09:04.556+0000] {processor.py:840} INFO - DAG(s) 'example_skip_dag' retrieved from /home/airflow/.local/lib/python3.12/site-packages/airflow/example_dags/example_skip_dag.py
[2024-07-28T15:09:04.631+0000] {logging_mixin.py:188} INFO - [2024-07-28T15:09:04.630+0000] {dag.py:3089} INFO - Sync 1 DAGs
[2024-07-28T15:09:04.718+0000] {logging_mixin.py:188} INFO - [2024-07-28T15:09:04.718+0000] {dag.py:3947} INFO - Setting next_dagrun for example_skip_dag to 2024-07-27 00:00:00+00:00, run_after=2024-07-28 00:00:00+00:00
[2024-07-28T15:09:04.785+0000] {processor.py:183} INFO - Processing /home/airflow/.local/lib/python3.12/site-packages/airflow/example_dags/example_skip_dag.py took 0.280 seconds
[2024-07-28T15:09:35.576+0000] {processor.py:161} INFO - Started process (PID=996) to work on /home/airflow/.local/lib/python3.12/site-packages/airflow/example_dags/example_skip_dag.py
[2024-07-28T15:09:35.579+0000] {processor.py:830} INFO - Processing file /home/airflow/.local/lib/python3.12/site-packages/airflow/example_dags/example_skip_dag.py for tasks to queue
[2024-07-28T15:09:35.584+0000] {logging_mixin.py:188} INFO - [2024-07-28T15:09:35.583+0000] {dagbag.py:545} INFO - Filling up the DagBag from /home/airflow/.local/lib/python3.12/site-packages/airflow/example_dags/example_skip_dag.py
[2024-07-28T15:09:35.599+0000] {processor.py:840} INFO - DAG(s) 'example_skip_dag' retrieved from /home/airflow/.local/lib/python3.12/site-packages/airflow/example_dags/example_skip_dag.py
[2024-07-28T15:09:35.648+0000] {logging_mixin.py:188} INFO - [2024-07-28T15:09:35.647+0000] {dag.py:3089} INFO - Sync 1 DAGs
[2024-07-28T15:09:35.700+0000] {logging_mixin.py:188} INFO - [2024-07-28T15:09:35.700+0000] {dag.py:3947} INFO - Setting next_dagrun for example_skip_dag to 2024-07-27 00:00:00+00:00, run_after=2024-07-28 00:00:00+00:00
[2024-07-28T15:09:35.751+0000] {processor.py:183} INFO - Processing /home/airflow/.local/lib/python3.12/site-packages/airflow/example_dags/example_skip_dag.py took 0.191 seconds
[2024-07-28T15:10:06.166+0000] {processor.py:161} INFO - Started process (PID=1054) to work on /home/airflow/.local/lib/python3.12/site-packages/airflow/example_dags/example_skip_dag.py
[2024-07-28T15:10:06.167+0000] {processor.py:830} INFO - Processing file /home/airflow/.local/lib/python3.12/site-packages/airflow/example_dags/example_skip_dag.py for tasks to queue
[2024-07-28T15:10:06.168+0000] {logging_mixin.py:188} INFO - [2024-07-28T15:10:06.168+0000] {dagbag.py:545} INFO - Filling up the DagBag from /home/airflow/.local/lib/python3.12/site-packages/airflow/example_dags/example_skip_dag.py
[2024-07-28T15:10:06.175+0000] {processor.py:840} INFO - DAG(s) 'example_skip_dag' retrieved from /home/airflow/.local/lib/python3.12/site-packages/airflow/example_dags/example_skip_dag.py
[2024-07-28T15:10:06.197+0000] {logging_mixin.py:188} INFO - [2024-07-28T15:10:06.197+0000] {dag.py:3089} INFO - Sync 1 DAGs
[2024-07-28T15:10:06.228+0000] {logging_mixin.py:188} INFO - [2024-07-28T15:10:06.228+0000] {dag.py:3947} INFO - Setting next_dagrun for example_skip_dag to 2024-07-27 00:00:00+00:00, run_after=2024-07-28 00:00:00+00:00
[2024-07-28T15:10:06.256+0000] {processor.py:183} INFO - Processing /home/airflow/.local/lib/python3.12/site-packages/airflow/example_dags/example_skip_dag.py took 0.096 seconds
[2024-07-28T15:10:36.627+0000] {processor.py:161} INFO - Started process (PID=1112) to work on /home/airflow/.local/lib/python3.12/site-packages/airflow/example_dags/example_skip_dag.py
[2024-07-28T15:10:36.628+0000] {processor.py:830} INFO - Processing file /home/airflow/.local/lib/python3.12/site-packages/airflow/example_dags/example_skip_dag.py for tasks to queue
[2024-07-28T15:10:36.630+0000] {logging_mixin.py:188} INFO - [2024-07-28T15:10:36.630+0000] {dagbag.py:545} INFO - Filling up the DagBag from /home/airflow/.local/lib/python3.12/site-packages/airflow/example_dags/example_skip_dag.py
[2024-07-28T15:10:36.639+0000] {processor.py:840} INFO - DAG(s) 'example_skip_dag' retrieved from /home/airflow/.local/lib/python3.12/site-packages/airflow/example_dags/example_skip_dag.py
[2024-07-28T15:10:36.678+0000] {logging_mixin.py:188} INFO - [2024-07-28T15:10:36.677+0000] {dag.py:3089} INFO - Sync 1 DAGs
[2024-07-28T15:10:36.717+0000] {logging_mixin.py:188} INFO - [2024-07-28T15:10:36.717+0000] {dag.py:3947} INFO - Setting next_dagrun for example_skip_dag to 2024-07-27 00:00:00+00:00, run_after=2024-07-28 00:00:00+00:00
[2024-07-28T15:10:36.752+0000] {processor.py:183} INFO - Processing /home/airflow/.local/lib/python3.12/site-packages/airflow/example_dags/example_skip_dag.py took 0.141 seconds
