[2024-07-28T15:01:26.842+0000] {processor.py:161} INFO - Started process (PID=91) to work on /home/airflow/.local/lib/python3.12/site-packages/airflow/example_dags/example_short_circuit_operator.py
[2024-07-28T15:01:26.844+0000] {processor.py:830} INFO - Processing file /home/airflow/.local/lib/python3.12/site-packages/airflow/example_dags/example_short_circuit_operator.py for tasks to queue
[2024-07-28T15:01:26.848+0000] {logging_mixin.py:188} INFO - [2024-07-28T15:01:26.848+0000] {dagbag.py:545} INFO - Filling up the DagBag from /home/airflow/.local/lib/python3.12/site-packages/airflow/example_dags/example_short_circuit_operator.py
[2024-07-28T15:01:26.862+0000] {processor.py:840} INFO - DAG(s) 'example_short_circuit_operator' retrieved from /home/airflow/.local/lib/python3.12/site-packages/airflow/example_dags/example_short_circuit_operator.py
[2024-07-28T15:01:26.943+0000] {logging_mixin.py:188} INFO - [2024-07-28T15:01:26.940+0000] {dag.py:3089} INFO - Sync 1 DAGs
[2024-07-28T15:01:27.005+0000] {logging_mixin.py:188} INFO - [2024-07-28T15:01:27.005+0000] {dag.py:3947} INFO - Setting next_dagrun for example_short_circuit_operator to 2024-07-27 00:00:00+00:00, run_after=2024-07-28 00:00:00+00:00
[2024-07-28T15:01:27.043+0000] {processor.py:183} INFO - Processing /home/airflow/.local/lib/python3.12/site-packages/airflow/example_dags/example_short_circuit_operator.py took 0.217 seconds
[2024-07-28T15:01:57.306+0000] {processor.py:161} INFO - Started process (PID=149) to work on /home/airflow/.local/lib/python3.12/site-packages/airflow/example_dags/example_short_circuit_operator.py
[2024-07-28T15:01:57.308+0000] {processor.py:830} INFO - Processing file /home/airflow/.local/lib/python3.12/site-packages/airflow/example_dags/example_short_circuit_operator.py for tasks to queue
[2024-07-28T15:01:57.312+0000] {logging_mixin.py:188} INFO - [2024-07-28T15:01:57.312+0000] {dagbag.py:545} INFO - Filling up the DagBag from /home/airflow/.local/lib/python3.12/site-packages/airflow/example_dags/example_short_circuit_operator.py
[2024-07-28T15:01:57.330+0000] {processor.py:840} INFO - DAG(s) 'example_short_circuit_operator' retrieved from /home/airflow/.local/lib/python3.12/site-packages/airflow/example_dags/example_short_circuit_operator.py
[2024-07-28T15:01:57.374+0000] {logging_mixin.py:188} INFO - [2024-07-28T15:01:57.373+0000] {dag.py:3089} INFO - Sync 1 DAGs
[2024-07-28T15:01:57.410+0000] {logging_mixin.py:188} INFO - [2024-07-28T15:01:57.410+0000] {dag.py:3947} INFO - Setting next_dagrun for example_short_circuit_operator to 2024-07-27 00:00:00+00:00, run_after=2024-07-28 00:00:00+00:00
[2024-07-28T15:01:57.437+0000] {processor.py:183} INFO - Processing /home/airflow/.local/lib/python3.12/site-packages/airflow/example_dags/example_short_circuit_operator.py took 0.145 seconds
[2024-07-28T15:02:27.530+0000] {processor.py:161} INFO - Started process (PID=206) to work on /home/airflow/.local/lib/python3.12/site-packages/airflow/example_dags/example_short_circuit_operator.py
[2024-07-28T15:02:27.531+0000] {processor.py:830} INFO - Processing file /home/airflow/.local/lib/python3.12/site-packages/airflow/example_dags/example_short_circuit_operator.py for tasks to queue
[2024-07-28T15:02:27.533+0000] {logging_mixin.py:188} INFO - [2024-07-28T15:02:27.533+0000] {dagbag.py:545} INFO - Filling up the DagBag from /home/airflow/.local/lib/python3.12/site-packages/airflow/example_dags/example_short_circuit_operator.py
[2024-07-28T15:02:27.546+0000] {processor.py:840} INFO - DAG(s) 'example_short_circuit_operator' retrieved from /home/airflow/.local/lib/python3.12/site-packages/airflow/example_dags/example_short_circuit_operator.py
[2024-07-28T15:02:27.585+0000] {logging_mixin.py:188} INFO - [2024-07-28T15:02:27.585+0000] {dag.py:3089} INFO - Sync 1 DAGs
[2024-07-28T15:02:27.629+0000] {logging_mixin.py:188} INFO - [2024-07-28T15:02:27.628+0000] {dag.py:3947} INFO - Setting next_dagrun for example_short_circuit_operator to 2024-07-27 00:00:00+00:00, run_after=2024-07-28 00:00:00+00:00
[2024-07-28T15:02:27.666+0000] {processor.py:183} INFO - Processing /home/airflow/.local/lib/python3.12/site-packages/airflow/example_dags/example_short_circuit_operator.py took 0.147 seconds
[2024-07-28T15:02:59.379+0000] {processor.py:161} INFO - Started process (PID=265) to work on /home/airflow/.local/lib/python3.12/site-packages/airflow/example_dags/example_short_circuit_operator.py
[2024-07-28T15:02:59.380+0000] {processor.py:830} INFO - Processing file /home/airflow/.local/lib/python3.12/site-packages/airflow/example_dags/example_short_circuit_operator.py for tasks to queue
[2024-07-28T15:02:59.383+0000] {logging_mixin.py:188} INFO - [2024-07-28T15:02:59.382+0000] {dagbag.py:545} INFO - Filling up the DagBag from /home/airflow/.local/lib/python3.12/site-packages/airflow/example_dags/example_short_circuit_operator.py
[2024-07-28T15:02:59.394+0000] {processor.py:840} INFO - DAG(s) 'example_short_circuit_operator' retrieved from /home/airflow/.local/lib/python3.12/site-packages/airflow/example_dags/example_short_circuit_operator.py
[2024-07-28T15:02:59.444+0000] {logging_mixin.py:188} INFO - [2024-07-28T15:02:59.443+0000] {dag.py:3089} INFO - Sync 1 DAGs
[2024-07-28T15:02:59.480+0000] {logging_mixin.py:188} INFO - [2024-07-28T15:02:59.479+0000] {dag.py:3947} INFO - Setting next_dagrun for example_short_circuit_operator to 2024-07-27 00:00:00+00:00, run_after=2024-07-28 00:00:00+00:00
[2024-07-28T15:02:59.512+0000] {processor.py:183} INFO - Processing /home/airflow/.local/lib/python3.12/site-packages/airflow/example_dags/example_short_circuit_operator.py took 0.144 seconds
[2024-07-28T15:03:30.171+0000] {processor.py:161} INFO - Started process (PID=323) to work on /home/airflow/.local/lib/python3.12/site-packages/airflow/example_dags/example_short_circuit_operator.py
[2024-07-28T15:03:30.172+0000] {processor.py:830} INFO - Processing file /home/airflow/.local/lib/python3.12/site-packages/airflow/example_dags/example_short_circuit_operator.py for tasks to queue
[2024-07-28T15:03:30.176+0000] {logging_mixin.py:188} INFO - [2024-07-28T15:03:30.175+0000] {dagbag.py:545} INFO - Filling up the DagBag from /home/airflow/.local/lib/python3.12/site-packages/airflow/example_dags/example_short_circuit_operator.py
[2024-07-28T15:03:30.186+0000] {processor.py:840} INFO - DAG(s) 'example_short_circuit_operator' retrieved from /home/airflow/.local/lib/python3.12/site-packages/airflow/example_dags/example_short_circuit_operator.py
[2024-07-28T15:03:30.223+0000] {logging_mixin.py:188} INFO - [2024-07-28T15:03:30.222+0000] {dag.py:3089} INFO - Sync 1 DAGs
[2024-07-28T15:03:30.254+0000] {logging_mixin.py:188} INFO - [2024-07-28T15:03:30.254+0000] {dag.py:3947} INFO - Setting next_dagrun for example_short_circuit_operator to 2024-07-27 00:00:00+00:00, run_after=2024-07-28 00:00:00+00:00
[2024-07-28T15:03:30.284+0000] {processor.py:183} INFO - Processing /home/airflow/.local/lib/python3.12/site-packages/airflow/example_dags/example_short_circuit_operator.py took 0.120 seconds
[2024-07-28T15:04:01.483+0000] {processor.py:161} INFO - Started process (PID=381) to work on /home/airflow/.local/lib/python3.12/site-packages/airflow/example_dags/example_short_circuit_operator.py
[2024-07-28T15:04:01.484+0000] {processor.py:830} INFO - Processing file /home/airflow/.local/lib/python3.12/site-packages/airflow/example_dags/example_short_circuit_operator.py for tasks to queue
[2024-07-28T15:04:01.486+0000] {logging_mixin.py:188} INFO - [2024-07-28T15:04:01.486+0000] {dagbag.py:545} INFO - Filling up the DagBag from /home/airflow/.local/lib/python3.12/site-packages/airflow/example_dags/example_short_circuit_operator.py
[2024-07-28T15:04:01.498+0000] {processor.py:840} INFO - DAG(s) 'example_short_circuit_operator' retrieved from /home/airflow/.local/lib/python3.12/site-packages/airflow/example_dags/example_short_circuit_operator.py
[2024-07-28T15:04:01.542+0000] {logging_mixin.py:188} INFO - [2024-07-28T15:04:01.541+0000] {dag.py:3089} INFO - Sync 1 DAGs
[2024-07-28T15:04:01.629+0000] {logging_mixin.py:188} INFO - [2024-07-28T15:04:01.628+0000] {dag.py:3947} INFO - Setting next_dagrun for example_short_circuit_operator to 2024-07-27 00:00:00+00:00, run_after=2024-07-28 00:00:00+00:00
[2024-07-28T15:04:01.700+0000] {processor.py:183} INFO - Processing /home/airflow/.local/lib/python3.12/site-packages/airflow/example_dags/example_short_circuit_operator.py took 0.225 seconds
[2024-07-28T15:04:32.711+0000] {processor.py:161} INFO - Started process (PID=439) to work on /home/airflow/.local/lib/python3.12/site-packages/airflow/example_dags/example_short_circuit_operator.py
[2024-07-28T15:04:32.713+0000] {processor.py:830} INFO - Processing file /home/airflow/.local/lib/python3.12/site-packages/airflow/example_dags/example_short_circuit_operator.py for tasks to queue
[2024-07-28T15:04:32.715+0000] {logging_mixin.py:188} INFO - [2024-07-28T15:04:32.715+0000] {dagbag.py:545} INFO - Filling up the DagBag from /home/airflow/.local/lib/python3.12/site-packages/airflow/example_dags/example_short_circuit_operator.py
[2024-07-28T15:04:32.727+0000] {processor.py:840} INFO - DAG(s) 'example_short_circuit_operator' retrieved from /home/airflow/.local/lib/python3.12/site-packages/airflow/example_dags/example_short_circuit_operator.py
[2024-07-28T15:04:32.766+0000] {logging_mixin.py:188} INFO - [2024-07-28T15:04:32.766+0000] {dag.py:3089} INFO - Sync 1 DAGs
[2024-07-28T15:04:32.803+0000] {logging_mixin.py:188} INFO - [2024-07-28T15:04:32.802+0000] {dag.py:3947} INFO - Setting next_dagrun for example_short_circuit_operator to 2024-07-27 00:00:00+00:00, run_after=2024-07-28 00:00:00+00:00
[2024-07-28T15:04:32.834+0000] {processor.py:183} INFO - Processing /home/airflow/.local/lib/python3.12/site-packages/airflow/example_dags/example_short_circuit_operator.py took 0.132 seconds
[2024-07-28T15:05:03.208+0000] {processor.py:161} INFO - Started process (PID=497) to work on /home/airflow/.local/lib/python3.12/site-packages/airflow/example_dags/example_short_circuit_operator.py
[2024-07-28T15:05:03.211+0000] {processor.py:830} INFO - Processing file /home/airflow/.local/lib/python3.12/site-packages/airflow/example_dags/example_short_circuit_operator.py for tasks to queue
[2024-07-28T15:05:03.216+0000] {logging_mixin.py:188} INFO - [2024-07-28T15:05:03.215+0000] {dagbag.py:545} INFO - Filling up the DagBag from /home/airflow/.local/lib/python3.12/site-packages/airflow/example_dags/example_short_circuit_operator.py
[2024-07-28T15:05:03.235+0000] {processor.py:840} INFO - DAG(s) 'example_short_circuit_operator' retrieved from /home/airflow/.local/lib/python3.12/site-packages/airflow/example_dags/example_short_circuit_operator.py
[2024-07-28T15:05:03.287+0000] {logging_mixin.py:188} INFO - [2024-07-28T15:05:03.287+0000] {dag.py:3089} INFO - Sync 1 DAGs
[2024-07-28T15:05:03.319+0000] {logging_mixin.py:188} INFO - [2024-07-28T15:05:03.319+0000] {dag.py:3947} INFO - Setting next_dagrun for example_short_circuit_operator to 2024-07-27 00:00:00+00:00, run_after=2024-07-28 00:00:00+00:00
[2024-07-28T15:05:03.351+0000] {processor.py:183} INFO - Processing /home/airflow/.local/lib/python3.12/site-packages/airflow/example_dags/example_short_circuit_operator.py took 0.159 seconds
[2024-07-28T15:05:34.276+0000] {processor.py:161} INFO - Started process (PID=554) to work on /home/airflow/.local/lib/python3.12/site-packages/airflow/example_dags/example_short_circuit_operator.py
[2024-07-28T15:05:34.280+0000] {processor.py:830} INFO - Processing file /home/airflow/.local/lib/python3.12/site-packages/airflow/example_dags/example_short_circuit_operator.py for tasks to queue
[2024-07-28T15:05:34.286+0000] {logging_mixin.py:188} INFO - [2024-07-28T15:05:34.285+0000] {dagbag.py:545} INFO - Filling up the DagBag from /home/airflow/.local/lib/python3.12/site-packages/airflow/example_dags/example_short_circuit_operator.py
[2024-07-28T15:05:34.316+0000] {processor.py:840} INFO - DAG(s) 'example_short_circuit_operator' retrieved from /home/airflow/.local/lib/python3.12/site-packages/airflow/example_dags/example_short_circuit_operator.py
[2024-07-28T15:05:34.406+0000] {logging_mixin.py:188} INFO - [2024-07-28T15:05:34.405+0000] {dag.py:3089} INFO - Sync 1 DAGs
[2024-07-28T15:05:34.494+0000] {logging_mixin.py:188} INFO - [2024-07-28T15:05:34.493+0000] {dag.py:3947} INFO - Setting next_dagrun for example_short_circuit_operator to 2024-07-27 00:00:00+00:00, run_after=2024-07-28 00:00:00+00:00
[2024-07-28T15:05:34.568+0000] {processor.py:183} INFO - Processing /home/airflow/.local/lib/python3.12/site-packages/airflow/example_dags/example_short_circuit_operator.py took 0.314 seconds
[2024-07-28T15:06:04.652+0000] {processor.py:161} INFO - Started process (PID=612) to work on /home/airflow/.local/lib/python3.12/site-packages/airflow/example_dags/example_short_circuit_operator.py
[2024-07-28T15:06:04.654+0000] {processor.py:830} INFO - Processing file /home/airflow/.local/lib/python3.12/site-packages/airflow/example_dags/example_short_circuit_operator.py for tasks to queue
[2024-07-28T15:06:04.657+0000] {logging_mixin.py:188} INFO - [2024-07-28T15:06:04.656+0000] {dagbag.py:545} INFO - Filling up the DagBag from /home/airflow/.local/lib/python3.12/site-packages/airflow/example_dags/example_short_circuit_operator.py
[2024-07-28T15:06:04.681+0000] {processor.py:840} INFO - DAG(s) 'example_short_circuit_operator' retrieved from /home/airflow/.local/lib/python3.12/site-packages/airflow/example_dags/example_short_circuit_operator.py
[2024-07-28T15:06:04.734+0000] {logging_mixin.py:188} INFO - [2024-07-28T15:06:04.734+0000] {dag.py:3089} INFO - Sync 1 DAGs
[2024-07-28T15:06:04.784+0000] {logging_mixin.py:188} INFO - [2024-07-28T15:06:04.784+0000] {dag.py:3947} INFO - Setting next_dagrun for example_short_circuit_operator to 2024-07-27 00:00:00+00:00, run_after=2024-07-28 00:00:00+00:00
[2024-07-28T15:06:04.826+0000] {processor.py:183} INFO - Processing /home/airflow/.local/lib/python3.12/site-packages/airflow/example_dags/example_short_circuit_operator.py took 0.187 seconds
[2024-07-28T15:06:35.441+0000] {processor.py:161} INFO - Started process (PID=670) to work on /home/airflow/.local/lib/python3.12/site-packages/airflow/example_dags/example_short_circuit_operator.py
[2024-07-28T15:06:35.444+0000] {processor.py:830} INFO - Processing file /home/airflow/.local/lib/python3.12/site-packages/airflow/example_dags/example_short_circuit_operator.py for tasks to queue
[2024-07-28T15:06:35.454+0000] {logging_mixin.py:188} INFO - [2024-07-28T15:06:35.452+0000] {dagbag.py:545} INFO - Filling up the DagBag from /home/airflow/.local/lib/python3.12/site-packages/airflow/example_dags/example_short_circuit_operator.py
[2024-07-28T15:06:35.502+0000] {processor.py:840} INFO - DAG(s) 'example_short_circuit_operator' retrieved from /home/airflow/.local/lib/python3.12/site-packages/airflow/example_dags/example_short_circuit_operator.py
[2024-07-28T15:06:35.624+0000] {logging_mixin.py:188} INFO - [2024-07-28T15:06:35.623+0000] {dag.py:3089} INFO - Sync 1 DAGs
[2024-07-28T15:06:35.719+0000] {logging_mixin.py:188} INFO - [2024-07-28T15:06:35.718+0000] {dag.py:3947} INFO - Setting next_dagrun for example_short_circuit_operator to 2024-07-27 00:00:00+00:00, run_after=2024-07-28 00:00:00+00:00
[2024-07-28T15:06:35.796+0000] {processor.py:183} INFO - Processing /home/airflow/.local/lib/python3.12/site-packages/airflow/example_dags/example_short_circuit_operator.py took 0.379 seconds
[2024-07-28T15:07:06.377+0000] {processor.py:161} INFO - Started process (PID=728) to work on /home/airflow/.local/lib/python3.12/site-packages/airflow/example_dags/example_short_circuit_operator.py
[2024-07-28T15:07:06.378+0000] {processor.py:830} INFO - Processing file /home/airflow/.local/lib/python3.12/site-packages/airflow/example_dags/example_short_circuit_operator.py for tasks to queue
[2024-07-28T15:07:06.380+0000] {logging_mixin.py:188} INFO - [2024-07-28T15:07:06.379+0000] {dagbag.py:545} INFO - Filling up the DagBag from /home/airflow/.local/lib/python3.12/site-packages/airflow/example_dags/example_short_circuit_operator.py
[2024-07-28T15:07:06.388+0000] {processor.py:840} INFO - DAG(s) 'example_short_circuit_operator' retrieved from /home/airflow/.local/lib/python3.12/site-packages/airflow/example_dags/example_short_circuit_operator.py
[2024-07-28T15:07:06.412+0000] {logging_mixin.py:188} INFO - [2024-07-28T15:07:06.412+0000] {dag.py:3089} INFO - Sync 1 DAGs
[2024-07-28T15:07:06.437+0000] {logging_mixin.py:188} INFO - [2024-07-28T15:07:06.437+0000] {dag.py:3947} INFO - Setting next_dagrun for example_short_circuit_operator to 2024-07-27 00:00:00+00:00, run_after=2024-07-28 00:00:00+00:00
[2024-07-28T15:07:06.456+0000] {processor.py:183} INFO - Processing /home/airflow/.local/lib/python3.12/site-packages/airflow/example_dags/example_short_circuit_operator.py took 0.085 seconds
[2024-07-28T15:07:37.003+0000] {processor.py:161} INFO - Started process (PID=786) to work on /home/airflow/.local/lib/python3.12/site-packages/airflow/example_dags/example_short_circuit_operator.py
[2024-07-28T15:07:37.005+0000] {processor.py:830} INFO - Processing file /home/airflow/.local/lib/python3.12/site-packages/airflow/example_dags/example_short_circuit_operator.py for tasks to queue
[2024-07-28T15:07:37.011+0000] {logging_mixin.py:188} INFO - [2024-07-28T15:07:37.010+0000] {dagbag.py:545} INFO - Filling up the DagBag from /home/airflow/.local/lib/python3.12/site-packages/airflow/example_dags/example_short_circuit_operator.py
[2024-07-28T15:07:37.040+0000] {processor.py:840} INFO - DAG(s) 'example_short_circuit_operator' retrieved from /home/airflow/.local/lib/python3.12/site-packages/airflow/example_dags/example_short_circuit_operator.py
[2024-07-28T15:07:37.157+0000] {logging_mixin.py:188} INFO - [2024-07-28T15:07:37.155+0000] {dag.py:3089} INFO - Sync 1 DAGs
[2024-07-28T15:07:37.264+0000] {logging_mixin.py:188} INFO - [2024-07-28T15:07:37.263+0000] {dag.py:3947} INFO - Setting next_dagrun for example_short_circuit_operator to 2024-07-27 00:00:00+00:00, run_after=2024-07-28 00:00:00+00:00
[2024-07-28T15:07:37.325+0000] {processor.py:183} INFO - Processing /home/airflow/.local/lib/python3.12/site-packages/airflow/example_dags/example_short_circuit_operator.py took 0.344 seconds
[2024-07-28T15:08:07.648+0000] {processor.py:161} INFO - Started process (PID=845) to work on /home/airflow/.local/lib/python3.12/site-packages/airflow/example_dags/example_short_circuit_operator.py
[2024-07-28T15:08:07.651+0000] {processor.py:830} INFO - Processing file /home/airflow/.local/lib/python3.12/site-packages/airflow/example_dags/example_short_circuit_operator.py for tasks to queue
[2024-07-28T15:08:07.656+0000] {logging_mixin.py:188} INFO - [2024-07-28T15:08:07.655+0000] {dagbag.py:545} INFO - Filling up the DagBag from /home/airflow/.local/lib/python3.12/site-packages/airflow/example_dags/example_short_circuit_operator.py
[2024-07-28T15:08:07.680+0000] {processor.py:840} INFO - DAG(s) 'example_short_circuit_operator' retrieved from /home/airflow/.local/lib/python3.12/site-packages/airflow/example_dags/example_short_circuit_operator.py
[2024-07-28T15:08:07.761+0000] {logging_mixin.py:188} INFO - [2024-07-28T15:08:07.760+0000] {dag.py:3089} INFO - Sync 1 DAGs
[2024-07-28T15:08:07.838+0000] {logging_mixin.py:188} INFO - [2024-07-28T15:08:07.837+0000] {dag.py:3947} INFO - Setting next_dagrun for example_short_circuit_operator to 2024-07-27 00:00:00+00:00, run_after=2024-07-28 00:00:00+00:00
[2024-07-28T15:08:07.897+0000] {processor.py:183} INFO - Processing /home/airflow/.local/lib/python3.12/site-packages/airflow/example_dags/example_short_circuit_operator.py took 0.269 seconds
[2024-07-28T15:08:38.538+0000] {processor.py:161} INFO - Started process (PID=903) to work on /home/airflow/.local/lib/python3.12/site-packages/airflow/example_dags/example_short_circuit_operator.py
[2024-07-28T15:08:38.541+0000] {processor.py:830} INFO - Processing file /home/airflow/.local/lib/python3.12/site-packages/airflow/example_dags/example_short_circuit_operator.py for tasks to queue
[2024-07-28T15:08:38.547+0000] {logging_mixin.py:188} INFO - [2024-07-28T15:08:38.546+0000] {dagbag.py:545} INFO - Filling up the DagBag from /home/airflow/.local/lib/python3.12/site-packages/airflow/example_dags/example_short_circuit_operator.py
[2024-07-28T15:08:38.573+0000] {processor.py:840} INFO - DAG(s) 'example_short_circuit_operator' retrieved from /home/airflow/.local/lib/python3.12/site-packages/airflow/example_dags/example_short_circuit_operator.py
[2024-07-28T15:08:38.661+0000] {logging_mixin.py:188} INFO - [2024-07-28T15:08:38.661+0000] {dag.py:3089} INFO - Sync 1 DAGs
[2024-07-28T15:08:38.746+0000] {logging_mixin.py:188} INFO - [2024-07-28T15:08:38.745+0000] {dag.py:3947} INFO - Setting next_dagrun for example_short_circuit_operator to 2024-07-27 00:00:00+00:00, run_after=2024-07-28 00:00:00+00:00
[2024-07-28T15:08:38.818+0000] {processor.py:183} INFO - Processing /home/airflow/.local/lib/python3.12/site-packages/airflow/example_dags/example_short_circuit_operator.py took 0.301 seconds
[2024-07-28T15:09:09.282+0000] {processor.py:161} INFO - Started process (PID=961) to work on /home/airflow/.local/lib/python3.12/site-packages/airflow/example_dags/example_short_circuit_operator.py
[2024-07-28T15:09:09.284+0000] {processor.py:830} INFO - Processing file /home/airflow/.local/lib/python3.12/site-packages/airflow/example_dags/example_short_circuit_operator.py for tasks to queue
[2024-07-28T15:09:09.290+0000] {logging_mixin.py:188} INFO - [2024-07-28T15:09:09.289+0000] {dagbag.py:545} INFO - Filling up the DagBag from /home/airflow/.local/lib/python3.12/site-packages/airflow/example_dags/example_short_circuit_operator.py
[2024-07-28T15:09:09.308+0000] {processor.py:840} INFO - DAG(s) 'example_short_circuit_operator' retrieved from /home/airflow/.local/lib/python3.12/site-packages/airflow/example_dags/example_short_circuit_operator.py
[2024-07-28T15:09:09.339+0000] {logging_mixin.py:188} INFO - [2024-07-28T15:09:09.339+0000] {dag.py:3089} INFO - Sync 1 DAGs
[2024-07-28T15:09:09.365+0000] {logging_mixin.py:188} INFO - [2024-07-28T15:09:09.365+0000] {dag.py:3947} INFO - Setting next_dagrun for example_short_circuit_operator to 2024-07-27 00:00:00+00:00, run_after=2024-07-28 00:00:00+00:00
[2024-07-28T15:09:09.386+0000] {processor.py:183} INFO - Processing /home/airflow/.local/lib/python3.12/site-packages/airflow/example_dags/example_short_circuit_operator.py took 0.126 seconds
[2024-07-28T15:09:40.000+0000] {processor.py:161} INFO - Started process (PID=1019) to work on /home/airflow/.local/lib/python3.12/site-packages/airflow/example_dags/example_short_circuit_operator.py
[2024-07-28T15:09:40.002+0000] {processor.py:830} INFO - Processing file /home/airflow/.local/lib/python3.12/site-packages/airflow/example_dags/example_short_circuit_operator.py for tasks to queue
[2024-07-28T15:09:40.009+0000] {logging_mixin.py:188} INFO - [2024-07-28T15:09:40.008+0000] {dagbag.py:545} INFO - Filling up the DagBag from /home/airflow/.local/lib/python3.12/site-packages/airflow/example_dags/example_short_circuit_operator.py
[2024-07-28T15:09:40.024+0000] {processor.py:840} INFO - DAG(s) 'example_short_circuit_operator' retrieved from /home/airflow/.local/lib/python3.12/site-packages/airflow/example_dags/example_short_circuit_operator.py
[2024-07-28T15:09:40.068+0000] {logging_mixin.py:188} INFO - [2024-07-28T15:09:40.067+0000] {dag.py:3089} INFO - Sync 1 DAGs
[2024-07-28T15:09:40.112+0000] {logging_mixin.py:188} INFO - [2024-07-28T15:09:40.112+0000] {dag.py:3947} INFO - Setting next_dagrun for example_short_circuit_operator to 2024-07-27 00:00:00+00:00, run_after=2024-07-28 00:00:00+00:00
[2024-07-28T15:09:40.146+0000] {processor.py:183} INFO - Processing /home/airflow/.local/lib/python3.12/site-packages/airflow/example_dags/example_short_circuit_operator.py took 0.154 seconds
[2024-07-28T15:10:10.798+0000] {processor.py:161} INFO - Started process (PID=1077) to work on /home/airflow/.local/lib/python3.12/site-packages/airflow/example_dags/example_short_circuit_operator.py
[2024-07-28T15:10:10.800+0000] {processor.py:830} INFO - Processing file /home/airflow/.local/lib/python3.12/site-packages/airflow/example_dags/example_short_circuit_operator.py for tasks to queue
[2024-07-28T15:10:10.803+0000] {logging_mixin.py:188} INFO - [2024-07-28T15:10:10.803+0000] {dagbag.py:545} INFO - Filling up the DagBag from /home/airflow/.local/lib/python3.12/site-packages/airflow/example_dags/example_short_circuit_operator.py
[2024-07-28T15:10:10.818+0000] {processor.py:840} INFO - DAG(s) 'example_short_circuit_operator' retrieved from /home/airflow/.local/lib/python3.12/site-packages/airflow/example_dags/example_short_circuit_operator.py
[2024-07-28T15:10:10.860+0000] {logging_mixin.py:188} INFO - [2024-07-28T15:10:10.860+0000] {dag.py:3089} INFO - Sync 1 DAGs
[2024-07-28T15:10:10.900+0000] {logging_mixin.py:188} INFO - [2024-07-28T15:10:10.900+0000] {dag.py:3947} INFO - Setting next_dagrun for example_short_circuit_operator to 2024-07-27 00:00:00+00:00, run_after=2024-07-28 00:00:00+00:00
[2024-07-28T15:10:10.935+0000] {processor.py:183} INFO - Processing /home/airflow/.local/lib/python3.12/site-packages/airflow/example_dags/example_short_circuit_operator.py took 0.151 seconds
[2024-07-28T15:10:41.369+0000] {processor.py:161} INFO - Started process (PID=1135) to work on /home/airflow/.local/lib/python3.12/site-packages/airflow/example_dags/example_short_circuit_operator.py
[2024-07-28T15:10:41.370+0000] {processor.py:830} INFO - Processing file /home/airflow/.local/lib/python3.12/site-packages/airflow/example_dags/example_short_circuit_operator.py for tasks to queue
[2024-07-28T15:10:41.372+0000] {logging_mixin.py:188} INFO - [2024-07-28T15:10:41.372+0000] {dagbag.py:545} INFO - Filling up the DagBag from /home/airflow/.local/lib/python3.12/site-packages/airflow/example_dags/example_short_circuit_operator.py
[2024-07-28T15:10:41.382+0000] {processor.py:840} INFO - DAG(s) 'example_short_circuit_operator' retrieved from /home/airflow/.local/lib/python3.12/site-packages/airflow/example_dags/example_short_circuit_operator.py
[2024-07-28T15:10:41.412+0000] {logging_mixin.py:188} INFO - [2024-07-28T15:10:41.412+0000] {dag.py:3089} INFO - Sync 1 DAGs
[2024-07-28T15:10:41.442+0000] {logging_mixin.py:188} INFO - [2024-07-28T15:10:41.442+0000] {dag.py:3947} INFO - Setting next_dagrun for example_short_circuit_operator to 2024-07-27 00:00:00+00:00, run_after=2024-07-28 00:00:00+00:00
[2024-07-28T15:10:41.466+0000] {processor.py:183} INFO - Processing /home/airflow/.local/lib/python3.12/site-packages/airflow/example_dags/example_short_circuit_operator.py took 0.106 seconds
