[2024-07-28T15:01:24.714+0000] {processor.py:161} INFO - Started process (PID=77) to work on /home/airflow/.local/lib/python3.12/site-packages/airflow/example_dags/example_setup_teardown.py
[2024-07-28T15:01:24.715+0000] {processor.py:830} INFO - Processing file /home/airflow/.local/lib/python3.12/site-packages/airflow/example_dags/example_setup_teardown.py for tasks to queue
[2024-07-28T15:01:24.718+0000] {logging_mixin.py:188} INFO - [2024-07-28T15:01:24.717+0000] {dagbag.py:545} INFO - Filling up the DagBag from /home/airflow/.local/lib/python3.12/site-packages/airflow/example_dags/example_setup_teardown.py
[2024-07-28T15:01:24.731+0000] {processor.py:840} INFO - DAG(s) 'example_setup_teardown' retrieved from /home/airflow/.local/lib/python3.12/site-packages/airflow/example_dags/example_setup_teardown.py
[2024-07-28T15:01:24.777+0000] {logging_mixin.py:188} INFO - [2024-07-28T15:01:24.777+0000] {dag.py:3089} INFO - Sync 1 DAGs
[2024-07-28T15:01:24.830+0000] {logging_mixin.py:188} INFO - [2024-07-28T15:01:24.829+0000] {dag.py:3947} INFO - Setting next_dagrun for example_setup_teardown to 2024-07-27 00:00:00+00:00, run_after=2024-07-28 00:00:00+00:00
[2024-07-28T15:01:24.870+0000] {processor.py:183} INFO - Processing /home/airflow/.local/lib/python3.12/site-packages/airflow/example_dags/example_setup_teardown.py took 0.165 seconds
[2024-07-28T15:01:55.174+0000] {processor.py:161} INFO - Started process (PID=135) to work on /home/airflow/.local/lib/python3.12/site-packages/airflow/example_dags/example_setup_teardown.py
[2024-07-28T15:01:55.176+0000] {processor.py:830} INFO - Processing file /home/airflow/.local/lib/python3.12/site-packages/airflow/example_dags/example_setup_teardown.py for tasks to queue
[2024-07-28T15:01:55.178+0000] {logging_mixin.py:188} INFO - [2024-07-28T15:01:55.178+0000] {dagbag.py:545} INFO - Filling up the DagBag from /home/airflow/.local/lib/python3.12/site-packages/airflow/example_dags/example_setup_teardown.py
[2024-07-28T15:01:55.187+0000] {processor.py:840} INFO - DAG(s) 'example_setup_teardown' retrieved from /home/airflow/.local/lib/python3.12/site-packages/airflow/example_dags/example_setup_teardown.py
[2024-07-28T15:01:55.217+0000] {logging_mixin.py:188} INFO - [2024-07-28T15:01:55.217+0000] {dag.py:3089} INFO - Sync 1 DAGs
[2024-07-28T15:01:55.252+0000] {logging_mixin.py:188} INFO - [2024-07-28T15:01:55.251+0000] {dag.py:3947} INFO - Setting next_dagrun for example_setup_teardown to 2024-07-27 00:00:00+00:00, run_after=2024-07-28 00:00:00+00:00
[2024-07-28T15:01:55.283+0000] {processor.py:183} INFO - Processing /home/airflow/.local/lib/python3.12/site-packages/airflow/example_dags/example_setup_teardown.py took 0.118 seconds
[2024-07-28T15:02:25.997+0000] {processor.py:161} INFO - Started process (PID=193) to work on /home/airflow/.local/lib/python3.12/site-packages/airflow/example_dags/example_setup_teardown.py
[2024-07-28T15:02:25.998+0000] {processor.py:830} INFO - Processing file /home/airflow/.local/lib/python3.12/site-packages/airflow/example_dags/example_setup_teardown.py for tasks to queue
[2024-07-28T15:02:26.000+0000] {logging_mixin.py:188} INFO - [2024-07-28T15:02:26.000+0000] {dagbag.py:545} INFO - Filling up the DagBag from /home/airflow/.local/lib/python3.12/site-packages/airflow/example_dags/example_setup_teardown.py
[2024-07-28T15:02:26.012+0000] {processor.py:840} INFO - DAG(s) 'example_setup_teardown' retrieved from /home/airflow/.local/lib/python3.12/site-packages/airflow/example_dags/example_setup_teardown.py
[2024-07-28T15:02:26.051+0000] {logging_mixin.py:188} INFO - [2024-07-28T15:02:26.051+0000] {dag.py:3089} INFO - Sync 1 DAGs
[2024-07-28T15:02:26.101+0000] {logging_mixin.py:188} INFO - [2024-07-28T15:02:26.101+0000] {dag.py:3947} INFO - Setting next_dagrun for example_setup_teardown to 2024-07-27 00:00:00+00:00, run_after=2024-07-28 00:00:00+00:00
[2024-07-28T15:02:26.138+0000] {processor.py:183} INFO - Processing /home/airflow/.local/lib/python3.12/site-packages/airflow/example_dags/example_setup_teardown.py took 0.151 seconds
[2024-07-28T15:02:57.080+0000] {processor.py:161} INFO - Started process (PID=251) to work on /home/airflow/.local/lib/python3.12/site-packages/airflow/example_dags/example_setup_teardown.py
[2024-07-28T15:02:57.082+0000] {processor.py:830} INFO - Processing file /home/airflow/.local/lib/python3.12/site-packages/airflow/example_dags/example_setup_teardown.py for tasks to queue
[2024-07-28T15:02:57.088+0000] {logging_mixin.py:188} INFO - [2024-07-28T15:02:57.087+0000] {dagbag.py:545} INFO - Filling up the DagBag from /home/airflow/.local/lib/python3.12/site-packages/airflow/example_dags/example_setup_teardown.py
[2024-07-28T15:02:57.113+0000] {processor.py:840} INFO - DAG(s) 'example_setup_teardown' retrieved from /home/airflow/.local/lib/python3.12/site-packages/airflow/example_dags/example_setup_teardown.py
[2024-07-28T15:02:57.189+0000] {logging_mixin.py:188} INFO - [2024-07-28T15:02:57.188+0000] {dag.py:3089} INFO - Sync 1 DAGs
[2024-07-28T15:02:57.285+0000] {logging_mixin.py:188} INFO - [2024-07-28T15:02:57.285+0000] {dag.py:3947} INFO - Setting next_dagrun for example_setup_teardown to 2024-07-27 00:00:00+00:00, run_after=2024-07-28 00:00:00+00:00
[2024-07-28T15:02:57.360+0000] {processor.py:183} INFO - Processing /home/airflow/.local/lib/python3.12/site-packages/airflow/example_dags/example_setup_teardown.py took 0.303 seconds
[2024-07-28T15:03:27.929+0000] {processor.py:161} INFO - Started process (PID=309) to work on /home/airflow/.local/lib/python3.12/site-packages/airflow/example_dags/example_setup_teardown.py
[2024-07-28T15:03:27.932+0000] {processor.py:830} INFO - Processing file /home/airflow/.local/lib/python3.12/site-packages/airflow/example_dags/example_setup_teardown.py for tasks to queue
[2024-07-28T15:03:27.938+0000] {logging_mixin.py:188} INFO - [2024-07-28T15:03:27.937+0000] {dagbag.py:545} INFO - Filling up the DagBag from /home/airflow/.local/lib/python3.12/site-packages/airflow/example_dags/example_setup_teardown.py
[2024-07-28T15:03:27.967+0000] {processor.py:840} INFO - DAG(s) 'example_setup_teardown' retrieved from /home/airflow/.local/lib/python3.12/site-packages/airflow/example_dags/example_setup_teardown.py
[2024-07-28T15:03:28.036+0000] {logging_mixin.py:188} INFO - [2024-07-28T15:03:28.035+0000] {dag.py:3089} INFO - Sync 1 DAGs
[2024-07-28T15:03:28.072+0000] {logging_mixin.py:188} INFO - [2024-07-28T15:03:28.072+0000] {dag.py:3947} INFO - Setting next_dagrun for example_setup_teardown to 2024-07-27 00:00:00+00:00, run_after=2024-07-28 00:00:00+00:00
[2024-07-28T15:03:28.102+0000] {processor.py:183} INFO - Processing /home/airflow/.local/lib/python3.12/site-packages/airflow/example_dags/example_setup_teardown.py took 0.200 seconds
[2024-07-28T15:03:58.909+0000] {processor.py:161} INFO - Started process (PID=367) to work on /home/airflow/.local/lib/python3.12/site-packages/airflow/example_dags/example_setup_teardown.py
[2024-07-28T15:03:58.911+0000] {processor.py:830} INFO - Processing file /home/airflow/.local/lib/python3.12/site-packages/airflow/example_dags/example_setup_teardown.py for tasks to queue
[2024-07-28T15:03:58.914+0000] {logging_mixin.py:188} INFO - [2024-07-28T15:03:58.913+0000] {dagbag.py:545} INFO - Filling up the DagBag from /home/airflow/.local/lib/python3.12/site-packages/airflow/example_dags/example_setup_teardown.py
[2024-07-28T15:03:58.922+0000] {processor.py:840} INFO - DAG(s) 'example_setup_teardown' retrieved from /home/airflow/.local/lib/python3.12/site-packages/airflow/example_dags/example_setup_teardown.py
[2024-07-28T15:03:58.953+0000] {logging_mixin.py:188} INFO - [2024-07-28T15:03:58.953+0000] {dag.py:3089} INFO - Sync 1 DAGs
[2024-07-28T15:03:58.988+0000] {logging_mixin.py:188} INFO - [2024-07-28T15:03:58.987+0000] {dag.py:3947} INFO - Setting next_dagrun for example_setup_teardown to 2024-07-27 00:00:00+00:00, run_after=2024-07-28 00:00:00+00:00
[2024-07-28T15:03:59.027+0000] {processor.py:183} INFO - Processing /home/airflow/.local/lib/python3.12/site-packages/airflow/example_dags/example_setup_teardown.py took 0.127 seconds
[2024-07-28T15:04:29.541+0000] {processor.py:161} INFO - Started process (PID=425) to work on /home/airflow/.local/lib/python3.12/site-packages/airflow/example_dags/example_setup_teardown.py
[2024-07-28T15:04:29.544+0000] {processor.py:830} INFO - Processing file /home/airflow/.local/lib/python3.12/site-packages/airflow/example_dags/example_setup_teardown.py for tasks to queue
[2024-07-28T15:04:29.551+0000] {logging_mixin.py:188} INFO - [2024-07-28T15:04:29.550+0000] {dagbag.py:545} INFO - Filling up the DagBag from /home/airflow/.local/lib/python3.12/site-packages/airflow/example_dags/example_setup_teardown.py
[2024-07-28T15:04:29.574+0000] {processor.py:840} INFO - DAG(s) 'example_setup_teardown' retrieved from /home/airflow/.local/lib/python3.12/site-packages/airflow/example_dags/example_setup_teardown.py
[2024-07-28T15:04:29.655+0000] {logging_mixin.py:188} INFO - [2024-07-28T15:04:29.654+0000] {dag.py:3089} INFO - Sync 1 DAGs
[2024-07-28T15:04:29.755+0000] {logging_mixin.py:188} INFO - [2024-07-28T15:04:29.754+0000] {dag.py:3947} INFO - Setting next_dagrun for example_setup_teardown to 2024-07-27 00:00:00+00:00, run_after=2024-07-28 00:00:00+00:00
[2024-07-28T15:04:29.835+0000] {processor.py:183} INFO - Processing /home/airflow/.local/lib/python3.12/site-packages/airflow/example_dags/example_setup_teardown.py took 0.314 seconds
[2024-07-28T15:05:00.065+0000] {processor.py:161} INFO - Started process (PID=483) to work on /home/airflow/.local/lib/python3.12/site-packages/airflow/example_dags/example_setup_teardown.py
[2024-07-28T15:05:00.066+0000] {processor.py:830} INFO - Processing file /home/airflow/.local/lib/python3.12/site-packages/airflow/example_dags/example_setup_teardown.py for tasks to queue
[2024-07-28T15:05:00.068+0000] {logging_mixin.py:188} INFO - [2024-07-28T15:05:00.067+0000] {dagbag.py:545} INFO - Filling up the DagBag from /home/airflow/.local/lib/python3.12/site-packages/airflow/example_dags/example_setup_teardown.py
[2024-07-28T15:05:00.080+0000] {processor.py:840} INFO - DAG(s) 'example_setup_teardown' retrieved from /home/airflow/.local/lib/python3.12/site-packages/airflow/example_dags/example_setup_teardown.py
[2024-07-28T15:05:00.149+0000] {logging_mixin.py:188} INFO - [2024-07-28T15:05:00.148+0000] {dag.py:3089} INFO - Sync 1 DAGs
[2024-07-28T15:05:00.240+0000] {logging_mixin.py:188} INFO - [2024-07-28T15:05:00.239+0000] {dag.py:3947} INFO - Setting next_dagrun for example_setup_teardown to 2024-07-27 00:00:00+00:00, run_after=2024-07-28 00:00:00+00:00
[2024-07-28T15:05:00.319+0000] {processor.py:183} INFO - Processing /home/airflow/.local/lib/python3.12/site-packages/airflow/example_dags/example_setup_teardown.py took 0.263 seconds
[2024-07-28T15:05:31.124+0000] {processor.py:161} INFO - Started process (PID=541) to work on /home/airflow/.local/lib/python3.12/site-packages/airflow/example_dags/example_setup_teardown.py
[2024-07-28T15:05:31.125+0000] {processor.py:830} INFO - Processing file /home/airflow/.local/lib/python3.12/site-packages/airflow/example_dags/example_setup_teardown.py for tasks to queue
[2024-07-28T15:05:31.130+0000] {logging_mixin.py:188} INFO - [2024-07-28T15:05:31.130+0000] {dagbag.py:545} INFO - Filling up the DagBag from /home/airflow/.local/lib/python3.12/site-packages/airflow/example_dags/example_setup_teardown.py
[2024-07-28T15:05:31.139+0000] {processor.py:840} INFO - DAG(s) 'example_setup_teardown' retrieved from /home/airflow/.local/lib/python3.12/site-packages/airflow/example_dags/example_setup_teardown.py
[2024-07-28T15:05:31.172+0000] {logging_mixin.py:188} INFO - [2024-07-28T15:05:31.171+0000] {dag.py:3089} INFO - Sync 1 DAGs
[2024-07-28T15:05:31.214+0000] {logging_mixin.py:188} INFO - [2024-07-28T15:05:31.214+0000] {dag.py:3947} INFO - Setting next_dagrun for example_setup_teardown to 2024-07-27 00:00:00+00:00, run_after=2024-07-28 00:00:00+00:00
[2024-07-28T15:05:31.248+0000] {processor.py:183} INFO - Processing /home/airflow/.local/lib/python3.12/site-packages/airflow/example_dags/example_setup_teardown.py took 0.131 seconds
[2024-07-28T15:06:01.421+0000] {processor.py:161} INFO - Started process (PID=599) to work on /home/airflow/.local/lib/python3.12/site-packages/airflow/example_dags/example_setup_teardown.py
[2024-07-28T15:06:01.422+0000] {processor.py:830} INFO - Processing file /home/airflow/.local/lib/python3.12/site-packages/airflow/example_dags/example_setup_teardown.py for tasks to queue
[2024-07-28T15:06:01.424+0000] {logging_mixin.py:188} INFO - [2024-07-28T15:06:01.424+0000] {dagbag.py:545} INFO - Filling up the DagBag from /home/airflow/.local/lib/python3.12/site-packages/airflow/example_dags/example_setup_teardown.py
[2024-07-28T15:06:01.439+0000] {processor.py:840} INFO - DAG(s) 'example_setup_teardown' retrieved from /home/airflow/.local/lib/python3.12/site-packages/airflow/example_dags/example_setup_teardown.py
[2024-07-28T15:06:01.501+0000] {logging_mixin.py:188} INFO - [2024-07-28T15:06:01.500+0000] {dag.py:3089} INFO - Sync 1 DAGs
[2024-07-28T15:06:01.554+0000] {logging_mixin.py:188} INFO - [2024-07-28T15:06:01.554+0000] {dag.py:3947} INFO - Setting next_dagrun for example_setup_teardown to 2024-07-27 00:00:00+00:00, run_after=2024-07-28 00:00:00+00:00
[2024-07-28T15:06:01.588+0000] {processor.py:183} INFO - Processing /home/airflow/.local/lib/python3.12/site-packages/airflow/example_dags/example_setup_teardown.py took 0.176 seconds
[2024-07-28T15:06:31.715+0000] {processor.py:161} INFO - Started process (PID=657) to work on /home/airflow/.local/lib/python3.12/site-packages/airflow/example_dags/example_setup_teardown.py
[2024-07-28T15:06:31.716+0000] {processor.py:830} INFO - Processing file /home/airflow/.local/lib/python3.12/site-packages/airflow/example_dags/example_setup_teardown.py for tasks to queue
[2024-07-28T15:06:31.719+0000] {logging_mixin.py:188} INFO - [2024-07-28T15:06:31.718+0000] {dagbag.py:545} INFO - Filling up the DagBag from /home/airflow/.local/lib/python3.12/site-packages/airflow/example_dags/example_setup_teardown.py
[2024-07-28T15:06:31.728+0000] {processor.py:840} INFO - DAG(s) 'example_setup_teardown' retrieved from /home/airflow/.local/lib/python3.12/site-packages/airflow/example_dags/example_setup_teardown.py
[2024-07-28T15:06:31.763+0000] {logging_mixin.py:188} INFO - [2024-07-28T15:06:31.762+0000] {dag.py:3089} INFO - Sync 1 DAGs
[2024-07-28T15:06:31.803+0000] {logging_mixin.py:188} INFO - [2024-07-28T15:06:31.803+0000] {dag.py:3947} INFO - Setting next_dagrun for example_setup_teardown to 2024-07-27 00:00:00+00:00, run_after=2024-07-28 00:00:00+00:00
[2024-07-28T15:06:31.835+0000] {processor.py:183} INFO - Processing /home/airflow/.local/lib/python3.12/site-packages/airflow/example_dags/example_setup_teardown.py took 0.131 seconds
[2024-07-28T15:07:02.542+0000] {processor.py:161} INFO - Started process (PID=715) to work on /home/airflow/.local/lib/python3.12/site-packages/airflow/example_dags/example_setup_teardown.py
[2024-07-28T15:07:02.543+0000] {processor.py:830} INFO - Processing file /home/airflow/.local/lib/python3.12/site-packages/airflow/example_dags/example_setup_teardown.py for tasks to queue
[2024-07-28T15:07:02.546+0000] {logging_mixin.py:188} INFO - [2024-07-28T15:07:02.546+0000] {dagbag.py:545} INFO - Filling up the DagBag from /home/airflow/.local/lib/python3.12/site-packages/airflow/example_dags/example_setup_teardown.py
[2024-07-28T15:07:02.557+0000] {processor.py:840} INFO - DAG(s) 'example_setup_teardown' retrieved from /home/airflow/.local/lib/python3.12/site-packages/airflow/example_dags/example_setup_teardown.py
[2024-07-28T15:07:02.590+0000] {logging_mixin.py:188} INFO - [2024-07-28T15:07:02.590+0000] {dag.py:3089} INFO - Sync 1 DAGs
[2024-07-28T15:07:02.627+0000] {logging_mixin.py:188} INFO - [2024-07-28T15:07:02.627+0000] {dag.py:3947} INFO - Setting next_dagrun for example_setup_teardown to 2024-07-27 00:00:00+00:00, run_after=2024-07-28 00:00:00+00:00
[2024-07-28T15:07:02.654+0000] {processor.py:183} INFO - Processing /home/airflow/.local/lib/python3.12/site-packages/airflow/example_dags/example_setup_teardown.py took 0.121 seconds
[2024-07-28T15:07:33.443+0000] {processor.py:161} INFO - Started process (PID=773) to work on /home/airflow/.local/lib/python3.12/site-packages/airflow/example_dags/example_setup_teardown.py
[2024-07-28T15:07:33.446+0000] {processor.py:830} INFO - Processing file /home/airflow/.local/lib/python3.12/site-packages/airflow/example_dags/example_setup_teardown.py for tasks to queue
[2024-07-28T15:07:33.451+0000] {logging_mixin.py:188} INFO - [2024-07-28T15:07:33.450+0000] {dagbag.py:545} INFO - Filling up the DagBag from /home/airflow/.local/lib/python3.12/site-packages/airflow/example_dags/example_setup_teardown.py
[2024-07-28T15:07:33.474+0000] {processor.py:840} INFO - DAG(s) 'example_setup_teardown' retrieved from /home/airflow/.local/lib/python3.12/site-packages/airflow/example_dags/example_setup_teardown.py
[2024-07-28T15:07:33.545+0000] {logging_mixin.py:188} INFO - [2024-07-28T15:07:33.544+0000] {dag.py:3089} INFO - Sync 1 DAGs
[2024-07-28T15:07:33.639+0000] {logging_mixin.py:188} INFO - [2024-07-28T15:07:33.638+0000] {dag.py:3947} INFO - Setting next_dagrun for example_setup_teardown to 2024-07-27 00:00:00+00:00, run_after=2024-07-28 00:00:00+00:00
[2024-07-28T15:07:33.711+0000] {processor.py:183} INFO - Processing /home/airflow/.local/lib/python3.12/site-packages/airflow/example_dags/example_setup_teardown.py took 0.288 seconds
[2024-07-28T15:08:04.520+0000] {processor.py:161} INFO - Started process (PID=832) to work on /home/airflow/.local/lib/python3.12/site-packages/airflow/example_dags/example_setup_teardown.py
[2024-07-28T15:08:04.523+0000] {processor.py:830} INFO - Processing file /home/airflow/.local/lib/python3.12/site-packages/airflow/example_dags/example_setup_teardown.py for tasks to queue
[2024-07-28T15:08:04.528+0000] {logging_mixin.py:188} INFO - [2024-07-28T15:08:04.527+0000] {dagbag.py:545} INFO - Filling up the DagBag from /home/airflow/.local/lib/python3.12/site-packages/airflow/example_dags/example_setup_teardown.py
[2024-07-28T15:08:04.550+0000] {processor.py:840} INFO - DAG(s) 'example_setup_teardown' retrieved from /home/airflow/.local/lib/python3.12/site-packages/airflow/example_dags/example_setup_teardown.py
[2024-07-28T15:08:04.616+0000] {logging_mixin.py:188} INFO - [2024-07-28T15:08:04.615+0000] {dag.py:3089} INFO - Sync 1 DAGs
[2024-07-28T15:08:04.694+0000] {logging_mixin.py:188} INFO - [2024-07-28T15:08:04.693+0000] {dag.py:3947} INFO - Setting next_dagrun for example_setup_teardown to 2024-07-27 00:00:00+00:00, run_after=2024-07-28 00:00:00+00:00
[2024-07-28T15:08:04.754+0000] {processor.py:183} INFO - Processing /home/airflow/.local/lib/python3.12/site-packages/airflow/example_dags/example_setup_teardown.py took 0.253 seconds
[2024-07-28T15:08:35.213+0000] {processor.py:161} INFO - Started process (PID=890) to work on /home/airflow/.local/lib/python3.12/site-packages/airflow/example_dags/example_setup_teardown.py
[2024-07-28T15:08:35.216+0000] {processor.py:830} INFO - Processing file /home/airflow/.local/lib/python3.12/site-packages/airflow/example_dags/example_setup_teardown.py for tasks to queue
[2024-07-28T15:08:35.221+0000] {logging_mixin.py:188} INFO - [2024-07-28T15:08:35.220+0000] {dagbag.py:545} INFO - Filling up the DagBag from /home/airflow/.local/lib/python3.12/site-packages/airflow/example_dags/example_setup_teardown.py
[2024-07-28T15:08:35.244+0000] {processor.py:840} INFO - DAG(s) 'example_setup_teardown' retrieved from /home/airflow/.local/lib/python3.12/site-packages/airflow/example_dags/example_setup_teardown.py
[2024-07-28T15:08:35.316+0000] {logging_mixin.py:188} INFO - [2024-07-28T15:08:35.315+0000] {dag.py:3089} INFO - Sync 1 DAGs
[2024-07-28T15:08:35.403+0000] {logging_mixin.py:188} INFO - [2024-07-28T15:08:35.402+0000] {dag.py:3947} INFO - Setting next_dagrun for example_setup_teardown to 2024-07-27 00:00:00+00:00, run_after=2024-07-28 00:00:00+00:00
[2024-07-28T15:08:35.477+0000] {processor.py:183} INFO - Processing /home/airflow/.local/lib/python3.12/site-packages/airflow/example_dags/example_setup_teardown.py took 0.285 seconds
[2024-07-28T15:09:05.904+0000] {processor.py:161} INFO - Started process (PID=948) to work on /home/airflow/.local/lib/python3.12/site-packages/airflow/example_dags/example_setup_teardown.py
[2024-07-28T15:09:05.907+0000] {processor.py:830} INFO - Processing file /home/airflow/.local/lib/python3.12/site-packages/airflow/example_dags/example_setup_teardown.py for tasks to queue
[2024-07-28T15:09:05.912+0000] {logging_mixin.py:188} INFO - [2024-07-28T15:09:05.911+0000] {dagbag.py:545} INFO - Filling up the DagBag from /home/airflow/.local/lib/python3.12/site-packages/airflow/example_dags/example_setup_teardown.py
[2024-07-28T15:09:05.934+0000] {processor.py:840} INFO - DAG(s) 'example_setup_teardown' retrieved from /home/airflow/.local/lib/python3.12/site-packages/airflow/example_dags/example_setup_teardown.py
[2024-07-28T15:09:06.008+0000] {logging_mixin.py:188} INFO - [2024-07-28T15:09:06.007+0000] {dag.py:3089} INFO - Sync 1 DAGs
[2024-07-28T15:09:06.094+0000] {logging_mixin.py:188} INFO - [2024-07-28T15:09:06.093+0000] {dag.py:3947} INFO - Setting next_dagrun for example_setup_teardown to 2024-07-27 00:00:00+00:00, run_after=2024-07-28 00:00:00+00:00
[2024-07-28T15:09:06.159+0000] {processor.py:183} INFO - Processing /home/airflow/.local/lib/python3.12/site-packages/airflow/example_dags/example_setup_teardown.py took 0.275 seconds
[2024-07-28T15:09:36.795+0000] {processor.py:161} INFO - Started process (PID=1006) to work on /home/airflow/.local/lib/python3.12/site-packages/airflow/example_dags/example_setup_teardown.py
[2024-07-28T15:09:36.796+0000] {processor.py:830} INFO - Processing file /home/airflow/.local/lib/python3.12/site-packages/airflow/example_dags/example_setup_teardown.py for tasks to queue
[2024-07-28T15:09:36.798+0000] {logging_mixin.py:188} INFO - [2024-07-28T15:09:36.798+0000] {dagbag.py:545} INFO - Filling up the DagBag from /home/airflow/.local/lib/python3.12/site-packages/airflow/example_dags/example_setup_teardown.py
[2024-07-28T15:09:36.810+0000] {processor.py:840} INFO - DAG(s) 'example_setup_teardown' retrieved from /home/airflow/.local/lib/python3.12/site-packages/airflow/example_dags/example_setup_teardown.py
[2024-07-28T15:09:36.840+0000] {logging_mixin.py:188} INFO - [2024-07-28T15:09:36.840+0000] {dag.py:3089} INFO - Sync 1 DAGs
[2024-07-28T15:09:36.877+0000] {logging_mixin.py:188} INFO - [2024-07-28T15:09:36.876+0000] {dag.py:3947} INFO - Setting next_dagrun for example_setup_teardown to 2024-07-27 00:00:00+00:00, run_after=2024-07-28 00:00:00+00:00
[2024-07-28T15:09:36.908+0000] {processor.py:183} INFO - Processing /home/airflow/.local/lib/python3.12/site-packages/airflow/example_dags/example_setup_teardown.py took 0.122 seconds
[2024-07-28T15:10:07.504+0000] {processor.py:161} INFO - Started process (PID=1064) to work on /home/airflow/.local/lib/python3.12/site-packages/airflow/example_dags/example_setup_teardown.py
[2024-07-28T15:10:07.506+0000] {processor.py:830} INFO - Processing file /home/airflow/.local/lib/python3.12/site-packages/airflow/example_dags/example_setup_teardown.py for tasks to queue
[2024-07-28T15:10:07.512+0000] {logging_mixin.py:188} INFO - [2024-07-28T15:10:07.511+0000] {dagbag.py:545} INFO - Filling up the DagBag from /home/airflow/.local/lib/python3.12/site-packages/airflow/example_dags/example_setup_teardown.py
[2024-07-28T15:10:07.534+0000] {processor.py:840} INFO - DAG(s) 'example_setup_teardown' retrieved from /home/airflow/.local/lib/python3.12/site-packages/airflow/example_dags/example_setup_teardown.py
[2024-07-28T15:10:07.602+0000] {logging_mixin.py:188} INFO - [2024-07-28T15:10:07.601+0000] {dag.py:3089} INFO - Sync 1 DAGs
[2024-07-28T15:10:07.682+0000] {logging_mixin.py:188} INFO - [2024-07-28T15:10:07.682+0000] {dag.py:3947} INFO - Setting next_dagrun for example_setup_teardown to 2024-07-27 00:00:00+00:00, run_after=2024-07-28 00:00:00+00:00
[2024-07-28T15:10:07.743+0000] {processor.py:183} INFO - Processing /home/airflow/.local/lib/python3.12/site-packages/airflow/example_dags/example_setup_teardown.py took 0.262 seconds
[2024-07-28T15:10:38.451+0000] {processor.py:161} INFO - Started process (PID=1122) to work on /home/airflow/.local/lib/python3.12/site-packages/airflow/example_dags/example_setup_teardown.py
[2024-07-28T15:10:38.453+0000] {processor.py:830} INFO - Processing file /home/airflow/.local/lib/python3.12/site-packages/airflow/example_dags/example_setup_teardown.py for tasks to queue
[2024-07-28T15:10:38.456+0000] {logging_mixin.py:188} INFO - [2024-07-28T15:10:38.455+0000] {dagbag.py:545} INFO - Filling up the DagBag from /home/airflow/.local/lib/python3.12/site-packages/airflow/example_dags/example_setup_teardown.py
[2024-07-28T15:10:38.469+0000] {processor.py:840} INFO - DAG(s) 'example_setup_teardown' retrieved from /home/airflow/.local/lib/python3.12/site-packages/airflow/example_dags/example_setup_teardown.py
[2024-07-28T15:10:38.512+0000] {logging_mixin.py:188} INFO - [2024-07-28T15:10:38.511+0000] {dag.py:3089} INFO - Sync 1 DAGs
[2024-07-28T15:10:38.566+0000] {logging_mixin.py:188} INFO - [2024-07-28T15:10:38.566+0000] {dag.py:3947} INFO - Setting next_dagrun for example_setup_teardown to 2024-07-27 00:00:00+00:00, run_after=2024-07-28 00:00:00+00:00
[2024-07-28T15:10:38.614+0000] {processor.py:183} INFO - Processing /home/airflow/.local/lib/python3.12/site-packages/airflow/example_dags/example_setup_teardown.py took 0.172 seconds
