[2024-07-28T15:01:24.268+0000] {processor.py:161} INFO - Started process (PID=74) to work on /home/airflow/.local/lib/python3.12/site-packages/airflow/example_dags/example_branch_labels.py
[2024-07-28T15:01:24.268+0000] {processor.py:830} INFO - Processing file /home/airflow/.local/lib/python3.12/site-packages/airflow/example_dags/example_branch_labels.py for tasks to queue
[2024-07-28T15:01:24.271+0000] {logging_mixin.py:188} INFO - [2024-07-28T15:01:24.271+0000] {dagbag.py:545} INFO - Filling up the DagBag from /home/airflow/.local/lib/python3.12/site-packages/airflow/example_dags/example_branch_labels.py
[2024-07-28T15:01:24.292+0000] {processor.py:840} INFO - DAG(s) 'example_branch_labels' retrieved from /home/airflow/.local/lib/python3.12/site-packages/airflow/example_dags/example_branch_labels.py
[2024-07-28T15:01:24.337+0000] {logging_mixin.py:188} INFO - [2024-07-28T15:01:24.336+0000] {dag.py:3089} INFO - Sync 1 DAGs
[2024-07-28T15:01:24.397+0000] {logging_mixin.py:188} INFO - [2024-07-28T15:01:24.396+0000] {dag.py:3947} INFO - Setting next_dagrun for example_branch_labels to 2024-07-27 00:00:00+00:00, run_after=2024-07-28 00:00:00+00:00
[2024-07-28T15:01:24.436+0000] {processor.py:183} INFO - Processing /home/airflow/.local/lib/python3.12/site-packages/airflow/example_dags/example_branch_labels.py took 0.176 seconds
[2024-07-28T15:01:54.974+0000] {processor.py:161} INFO - Started process (PID=132) to work on /home/airflow/.local/lib/python3.12/site-packages/airflow/example_dags/example_branch_labels.py
[2024-07-28T15:01:54.977+0000] {processor.py:830} INFO - Processing file /home/airflow/.local/lib/python3.12/site-packages/airflow/example_dags/example_branch_labels.py for tasks to queue
[2024-07-28T15:01:54.979+0000] {logging_mixin.py:188} INFO - [2024-07-28T15:01:54.979+0000] {dagbag.py:545} INFO - Filling up the DagBag from /home/airflow/.local/lib/python3.12/site-packages/airflow/example_dags/example_branch_labels.py
[2024-07-28T15:01:54.991+0000] {processor.py:840} INFO - DAG(s) 'example_branch_labels' retrieved from /home/airflow/.local/lib/python3.12/site-packages/airflow/example_dags/example_branch_labels.py
[2024-07-28T15:01:55.027+0000] {logging_mixin.py:188} INFO - [2024-07-28T15:01:55.026+0000] {dag.py:3089} INFO - Sync 1 DAGs
[2024-07-28T15:01:55.063+0000] {logging_mixin.py:188} INFO - [2024-07-28T15:01:55.062+0000] {dag.py:3947} INFO - Setting next_dagrun for example_branch_labels to 2024-07-27 00:00:00+00:00, run_after=2024-07-28 00:00:00+00:00
[2024-07-28T15:01:55.093+0000] {processor.py:183} INFO - Processing /home/airflow/.local/lib/python3.12/site-packages/airflow/example_dags/example_branch_labels.py took 0.129 seconds
[2024-07-28T15:02:25.582+0000] {processor.py:161} INFO - Started process (PID=190) to work on /home/airflow/.local/lib/python3.12/site-packages/airflow/example_dags/example_branch_labels.py
[2024-07-28T15:02:25.583+0000] {processor.py:830} INFO - Processing file /home/airflow/.local/lib/python3.12/site-packages/airflow/example_dags/example_branch_labels.py for tasks to queue
[2024-07-28T15:02:25.586+0000] {logging_mixin.py:188} INFO - [2024-07-28T15:02:25.585+0000] {dagbag.py:545} INFO - Filling up the DagBag from /home/airflow/.local/lib/python3.12/site-packages/airflow/example_dags/example_branch_labels.py
[2024-07-28T15:02:25.602+0000] {processor.py:840} INFO - DAG(s) 'example_branch_labels' retrieved from /home/airflow/.local/lib/python3.12/site-packages/airflow/example_dags/example_branch_labels.py
[2024-07-28T15:02:25.649+0000] {logging_mixin.py:188} INFO - [2024-07-28T15:02:25.649+0000] {dag.py:3089} INFO - Sync 1 DAGs
[2024-07-28T15:02:25.711+0000] {logging_mixin.py:188} INFO - [2024-07-28T15:02:25.710+0000] {dag.py:3947} INFO - Setting next_dagrun for example_branch_labels to 2024-07-27 00:00:00+00:00, run_after=2024-07-28 00:00:00+00:00
[2024-07-28T15:02:25.752+0000] {processor.py:183} INFO - Processing /home/airflow/.local/lib/python3.12/site-packages/airflow/example_dags/example_branch_labels.py took 0.183 seconds
[2024-07-28T15:02:56.614+0000] {processor.py:161} INFO - Started process (PID=248) to work on /home/airflow/.local/lib/python3.12/site-packages/airflow/example_dags/example_branch_labels.py
[2024-07-28T15:02:56.617+0000] {processor.py:830} INFO - Processing file /home/airflow/.local/lib/python3.12/site-packages/airflow/example_dags/example_branch_labels.py for tasks to queue
[2024-07-28T15:02:56.623+0000] {logging_mixin.py:188} INFO - [2024-07-28T15:02:56.622+0000] {dagbag.py:545} INFO - Filling up the DagBag from /home/airflow/.local/lib/python3.12/site-packages/airflow/example_dags/example_branch_labels.py
[2024-07-28T15:02:56.654+0000] {processor.py:840} INFO - DAG(s) 'example_branch_labels' retrieved from /home/airflow/.local/lib/python3.12/site-packages/airflow/example_dags/example_branch_labels.py
[2024-07-28T15:02:56.733+0000] {logging_mixin.py:188} INFO - [2024-07-28T15:02:56.732+0000] {dag.py:3089} INFO - Sync 1 DAGs
[2024-07-28T15:02:56.828+0000] {logging_mixin.py:188} INFO - [2024-07-28T15:02:56.827+0000] {dag.py:3947} INFO - Setting next_dagrun for example_branch_labels to 2024-07-27 00:00:00+00:00, run_after=2024-07-28 00:00:00+00:00
[2024-07-28T15:02:56.898+0000] {processor.py:183} INFO - Processing /home/airflow/.local/lib/python3.12/site-packages/airflow/example_dags/example_branch_labels.py took 0.306 seconds
[2024-07-28T15:03:27.325+0000] {processor.py:161} INFO - Started process (PID=306) to work on /home/airflow/.local/lib/python3.12/site-packages/airflow/example_dags/example_branch_labels.py
[2024-07-28T15:03:27.329+0000] {processor.py:830} INFO - Processing file /home/airflow/.local/lib/python3.12/site-packages/airflow/example_dags/example_branch_labels.py for tasks to queue
[2024-07-28T15:03:27.335+0000] {logging_mixin.py:188} INFO - [2024-07-28T15:03:27.334+0000] {dagbag.py:545} INFO - Filling up the DagBag from /home/airflow/.local/lib/python3.12/site-packages/airflow/example_dags/example_branch_labels.py
[2024-07-28T15:03:27.365+0000] {processor.py:840} INFO - DAG(s) 'example_branch_labels' retrieved from /home/airflow/.local/lib/python3.12/site-packages/airflow/example_dags/example_branch_labels.py
[2024-07-28T15:03:27.445+0000] {logging_mixin.py:188} INFO - [2024-07-28T15:03:27.443+0000] {dag.py:3089} INFO - Sync 1 DAGs
[2024-07-28T15:03:27.548+0000] {logging_mixin.py:188} INFO - [2024-07-28T15:03:27.547+0000] {dag.py:3947} INFO - Setting next_dagrun for example_branch_labels to 2024-07-27 00:00:00+00:00, run_after=2024-07-28 00:00:00+00:00
[2024-07-28T15:03:27.628+0000] {processor.py:183} INFO - Processing /home/airflow/.local/lib/python3.12/site-packages/airflow/example_dags/example_branch_labels.py took 0.324 seconds
[2024-07-28T15:03:58.458+0000] {processor.py:161} INFO - Started process (PID=364) to work on /home/airflow/.local/lib/python3.12/site-packages/airflow/example_dags/example_branch_labels.py
[2024-07-28T15:03:58.462+0000] {processor.py:830} INFO - Processing file /home/airflow/.local/lib/python3.12/site-packages/airflow/example_dags/example_branch_labels.py for tasks to queue
[2024-07-28T15:03:58.468+0000] {logging_mixin.py:188} INFO - [2024-07-28T15:03:58.467+0000] {dagbag.py:545} INFO - Filling up the DagBag from /home/airflow/.local/lib/python3.12/site-packages/airflow/example_dags/example_branch_labels.py
[2024-07-28T15:03:58.497+0000] {processor.py:840} INFO - DAG(s) 'example_branch_labels' retrieved from /home/airflow/.local/lib/python3.12/site-packages/airflow/example_dags/example_branch_labels.py
[2024-07-28T15:03:58.583+0000] {logging_mixin.py:188} INFO - [2024-07-28T15:03:58.581+0000] {dag.py:3089} INFO - Sync 1 DAGs
[2024-07-28T15:03:58.708+0000] {logging_mixin.py:188} INFO - [2024-07-28T15:03:58.708+0000] {dag.py:3947} INFO - Setting next_dagrun for example_branch_labels to 2024-07-27 00:00:00+00:00, run_after=2024-07-28 00:00:00+00:00
[2024-07-28T15:03:58.783+0000] {processor.py:183} INFO - Processing /home/airflow/.local/lib/python3.12/site-packages/airflow/example_dags/example_branch_labels.py took 0.347 seconds
[2024-07-28T15:04:29.343+0000] {processor.py:161} INFO - Started process (PID=422) to work on /home/airflow/.local/lib/python3.12/site-packages/airflow/example_dags/example_branch_labels.py
[2024-07-28T15:04:29.345+0000] {processor.py:830} INFO - Processing file /home/airflow/.local/lib/python3.12/site-packages/airflow/example_dags/example_branch_labels.py for tasks to queue
[2024-07-28T15:04:29.348+0000] {logging_mixin.py:188} INFO - [2024-07-28T15:04:29.347+0000] {dagbag.py:545} INFO - Filling up the DagBag from /home/airflow/.local/lib/python3.12/site-packages/airflow/example_dags/example_branch_labels.py
[2024-07-28T15:04:29.357+0000] {processor.py:840} INFO - DAG(s) 'example_branch_labels' retrieved from /home/airflow/.local/lib/python3.12/site-packages/airflow/example_dags/example_branch_labels.py
[2024-07-28T15:04:29.390+0000] {logging_mixin.py:188} INFO - [2024-07-28T15:04:29.390+0000] {dag.py:3089} INFO - Sync 1 DAGs
[2024-07-28T15:04:29.429+0000] {logging_mixin.py:188} INFO - [2024-07-28T15:04:29.428+0000] {dag.py:3947} INFO - Setting next_dagrun for example_branch_labels to 2024-07-27 00:00:00+00:00, run_after=2024-07-28 00:00:00+00:00
[2024-07-28T15:04:29.457+0000] {processor.py:183} INFO - Processing /home/airflow/.local/lib/python3.12/site-packages/airflow/example_dags/example_branch_labels.py took 0.122 seconds
[2024-07-28T15:04:59.850+0000] {processor.py:161} INFO - Started process (PID=480) to work on /home/airflow/.local/lib/python3.12/site-packages/airflow/example_dags/example_branch_labels.py
[2024-07-28T15:04:59.850+0000] {processor.py:830} INFO - Processing file /home/airflow/.local/lib/python3.12/site-packages/airflow/example_dags/example_branch_labels.py for tasks to queue
[2024-07-28T15:04:59.853+0000] {logging_mixin.py:188} INFO - [2024-07-28T15:04:59.852+0000] {dagbag.py:545} INFO - Filling up the DagBag from /home/airflow/.local/lib/python3.12/site-packages/airflow/example_dags/example_branch_labels.py
[2024-07-28T15:04:59.864+0000] {processor.py:840} INFO - DAG(s) 'example_branch_labels' retrieved from /home/airflow/.local/lib/python3.12/site-packages/airflow/example_dags/example_branch_labels.py
[2024-07-28T15:04:59.897+0000] {logging_mixin.py:188} INFO - [2024-07-28T15:04:59.896+0000] {dag.py:3089} INFO - Sync 1 DAGs
[2024-07-28T15:04:59.933+0000] {logging_mixin.py:188} INFO - [2024-07-28T15:04:59.933+0000] {dag.py:3947} INFO - Setting next_dagrun for example_branch_labels to 2024-07-27 00:00:00+00:00, run_after=2024-07-28 00:00:00+00:00
[2024-07-28T15:04:59.963+0000] {processor.py:183} INFO - Processing /home/airflow/.local/lib/python3.12/site-packages/airflow/example_dags/example_branch_labels.py took 0.123 seconds
[2024-07-28T15:05:30.801+0000] {processor.py:161} INFO - Started process (PID=538) to work on /home/airflow/.local/lib/python3.12/site-packages/airflow/example_dags/example_branch_labels.py
[2024-07-28T15:05:30.802+0000] {processor.py:830} INFO - Processing file /home/airflow/.local/lib/python3.12/site-packages/airflow/example_dags/example_branch_labels.py for tasks to queue
[2024-07-28T15:05:30.804+0000] {logging_mixin.py:188} INFO - [2024-07-28T15:05:30.804+0000] {dagbag.py:545} INFO - Filling up the DagBag from /home/airflow/.local/lib/python3.12/site-packages/airflow/example_dags/example_branch_labels.py
[2024-07-28T15:05:30.817+0000] {processor.py:840} INFO - DAG(s) 'example_branch_labels' retrieved from /home/airflow/.local/lib/python3.12/site-packages/airflow/example_dags/example_branch_labels.py
[2024-07-28T15:05:30.850+0000] {logging_mixin.py:188} INFO - [2024-07-28T15:05:30.850+0000] {dag.py:3089} INFO - Sync 1 DAGs
[2024-07-28T15:05:30.887+0000] {logging_mixin.py:188} INFO - [2024-07-28T15:05:30.887+0000] {dag.py:3947} INFO - Setting next_dagrun for example_branch_labels to 2024-07-27 00:00:00+00:00, run_after=2024-07-28 00:00:00+00:00
[2024-07-28T15:05:30.919+0000] {processor.py:183} INFO - Processing /home/airflow/.local/lib/python3.12/site-packages/airflow/example_dags/example_branch_labels.py took 0.129 seconds
[2024-07-28T15:06:01.089+0000] {processor.py:161} INFO - Started process (PID=596) to work on /home/airflow/.local/lib/python3.12/site-packages/airflow/example_dags/example_branch_labels.py
[2024-07-28T15:06:01.091+0000] {processor.py:830} INFO - Processing file /home/airflow/.local/lib/python3.12/site-packages/airflow/example_dags/example_branch_labels.py for tasks to queue
[2024-07-28T15:06:01.098+0000] {logging_mixin.py:188} INFO - [2024-07-28T15:06:01.096+0000] {dagbag.py:545} INFO - Filling up the DagBag from /home/airflow/.local/lib/python3.12/site-packages/airflow/example_dags/example_branch_labels.py
[2024-07-28T15:06:01.126+0000] {processor.py:840} INFO - DAG(s) 'example_branch_labels' retrieved from /home/airflow/.local/lib/python3.12/site-packages/airflow/example_dags/example_branch_labels.py
[2024-07-28T15:06:01.169+0000] {logging_mixin.py:188} INFO - [2024-07-28T15:06:01.168+0000] {dag.py:3089} INFO - Sync 1 DAGs
[2024-07-28T15:06:01.211+0000] {logging_mixin.py:188} INFO - [2024-07-28T15:06:01.211+0000] {dag.py:3947} INFO - Setting next_dagrun for example_branch_labels to 2024-07-27 00:00:00+00:00, run_after=2024-07-28 00:00:00+00:00
[2024-07-28T15:06:01.242+0000] {processor.py:183} INFO - Processing /home/airflow/.local/lib/python3.12/site-packages/airflow/example_dags/example_branch_labels.py took 0.175 seconds
[2024-07-28T15:06:31.387+0000] {processor.py:161} INFO - Started process (PID=654) to work on /home/airflow/.local/lib/python3.12/site-packages/airflow/example_dags/example_branch_labels.py
[2024-07-28T15:06:31.388+0000] {processor.py:830} INFO - Processing file /home/airflow/.local/lib/python3.12/site-packages/airflow/example_dags/example_branch_labels.py for tasks to queue
[2024-07-28T15:06:31.390+0000] {logging_mixin.py:188} INFO - [2024-07-28T15:06:31.390+0000] {dagbag.py:545} INFO - Filling up the DagBag from /home/airflow/.local/lib/python3.12/site-packages/airflow/example_dags/example_branch_labels.py
[2024-07-28T15:06:31.403+0000] {processor.py:840} INFO - DAG(s) 'example_branch_labels' retrieved from /home/airflow/.local/lib/python3.12/site-packages/airflow/example_dags/example_branch_labels.py
[2024-07-28T15:06:31.440+0000] {logging_mixin.py:188} INFO - [2024-07-28T15:06:31.440+0000] {dag.py:3089} INFO - Sync 1 DAGs
[2024-07-28T15:06:31.483+0000] {logging_mixin.py:188} INFO - [2024-07-28T15:06:31.483+0000] {dag.py:3947} INFO - Setting next_dagrun for example_branch_labels to 2024-07-27 00:00:00+00:00, run_after=2024-07-28 00:00:00+00:00
[2024-07-28T15:06:31.518+0000] {processor.py:183} INFO - Processing /home/airflow/.local/lib/python3.12/site-packages/airflow/example_dags/example_branch_labels.py took 0.138 seconds
[2024-07-28T15:07:02.331+0000] {processor.py:161} INFO - Started process (PID=712) to work on /home/airflow/.local/lib/python3.12/site-packages/airflow/example_dags/example_branch_labels.py
[2024-07-28T15:07:02.332+0000] {processor.py:830} INFO - Processing file /home/airflow/.local/lib/python3.12/site-packages/airflow/example_dags/example_branch_labels.py for tasks to queue
[2024-07-28T15:07:02.334+0000] {logging_mixin.py:188} INFO - [2024-07-28T15:07:02.333+0000] {dagbag.py:545} INFO - Filling up the DagBag from /home/airflow/.local/lib/python3.12/site-packages/airflow/example_dags/example_branch_labels.py
[2024-07-28T15:07:02.342+0000] {processor.py:840} INFO - DAG(s) 'example_branch_labels' retrieved from /home/airflow/.local/lib/python3.12/site-packages/airflow/example_dags/example_branch_labels.py
[2024-07-28T15:07:02.367+0000] {logging_mixin.py:188} INFO - [2024-07-28T15:07:02.366+0000] {dag.py:3089} INFO - Sync 1 DAGs
[2024-07-28T15:07:02.395+0000] {logging_mixin.py:188} INFO - [2024-07-28T15:07:02.395+0000] {dag.py:3947} INFO - Setting next_dagrun for example_branch_labels to 2024-07-27 00:00:00+00:00, run_after=2024-07-28 00:00:00+00:00
[2024-07-28T15:07:02.418+0000] {processor.py:183} INFO - Processing /home/airflow/.local/lib/python3.12/site-packages/airflow/example_dags/example_branch_labels.py took 0.093 seconds
[2024-07-28T15:07:33.020+0000] {processor.py:161} INFO - Started process (PID=770) to work on /home/airflow/.local/lib/python3.12/site-packages/airflow/example_dags/example_branch_labels.py
[2024-07-28T15:07:33.023+0000] {processor.py:830} INFO - Processing file /home/airflow/.local/lib/python3.12/site-packages/airflow/example_dags/example_branch_labels.py for tasks to queue
[2024-07-28T15:07:33.029+0000] {logging_mixin.py:188} INFO - [2024-07-28T15:07:33.028+0000] {dagbag.py:545} INFO - Filling up the DagBag from /home/airflow/.local/lib/python3.12/site-packages/airflow/example_dags/example_branch_labels.py
[2024-07-28T15:07:33.057+0000] {processor.py:840} INFO - DAG(s) 'example_branch_labels' retrieved from /home/airflow/.local/lib/python3.12/site-packages/airflow/example_dags/example_branch_labels.py
[2024-07-28T15:07:33.133+0000] {logging_mixin.py:188} INFO - [2024-07-28T15:07:33.131+0000] {dag.py:3089} INFO - Sync 1 DAGs
[2024-07-28T15:07:33.221+0000] {logging_mixin.py:188} INFO - [2024-07-28T15:07:33.220+0000] {dag.py:3947} INFO - Setting next_dagrun for example_branch_labels to 2024-07-27 00:00:00+00:00, run_after=2024-07-28 00:00:00+00:00
[2024-07-28T15:07:33.288+0000] {processor.py:183} INFO - Processing /home/airflow/.local/lib/python3.12/site-packages/airflow/example_dags/example_branch_labels.py took 0.291 seconds
[2024-07-28T15:08:03.844+0000] {processor.py:161} INFO - Started process (PID=829) to work on /home/airflow/.local/lib/python3.12/site-packages/airflow/example_dags/example_branch_labels.py
[2024-07-28T15:08:03.847+0000] {processor.py:830} INFO - Processing file /home/airflow/.local/lib/python3.12/site-packages/airflow/example_dags/example_branch_labels.py for tasks to queue
[2024-07-28T15:08:03.852+0000] {logging_mixin.py:188} INFO - [2024-07-28T15:08:03.851+0000] {dagbag.py:545} INFO - Filling up the DagBag from /home/airflow/.local/lib/python3.12/site-packages/airflow/example_dags/example_branch_labels.py
[2024-07-28T15:08:03.878+0000] {processor.py:840} INFO - DAG(s) 'example_branch_labels' retrieved from /home/airflow/.local/lib/python3.12/site-packages/airflow/example_dags/example_branch_labels.py
[2024-07-28T15:08:03.947+0000] {logging_mixin.py:188} INFO - [2024-07-28T15:08:03.946+0000] {dag.py:3089} INFO - Sync 1 DAGs
[2024-07-28T15:08:04.035+0000] {logging_mixin.py:188} INFO - [2024-07-28T15:08:04.034+0000] {dag.py:3947} INFO - Setting next_dagrun for example_branch_labels to 2024-07-27 00:00:00+00:00, run_after=2024-07-28 00:00:00+00:00
[2024-07-28T15:08:04.093+0000] {processor.py:183} INFO - Processing /home/airflow/.local/lib/python3.12/site-packages/airflow/example_dags/example_branch_labels.py took 0.268 seconds
[2024-07-28T15:08:34.656+0000] {processor.py:161} INFO - Started process (PID=887) to work on /home/airflow/.local/lib/python3.12/site-packages/airflow/example_dags/example_branch_labels.py
[2024-07-28T15:08:34.659+0000] {processor.py:830} INFO - Processing file /home/airflow/.local/lib/python3.12/site-packages/airflow/example_dags/example_branch_labels.py for tasks to queue
[2024-07-28T15:08:34.665+0000] {logging_mixin.py:188} INFO - [2024-07-28T15:08:34.664+0000] {dagbag.py:545} INFO - Filling up the DagBag from /home/airflow/.local/lib/python3.12/site-packages/airflow/example_dags/example_branch_labels.py
[2024-07-28T15:08:34.695+0000] {processor.py:840} INFO - DAG(s) 'example_branch_labels' retrieved from /home/airflow/.local/lib/python3.12/site-packages/airflow/example_dags/example_branch_labels.py
[2024-07-28T15:08:34.783+0000] {logging_mixin.py:188} INFO - [2024-07-28T15:08:34.782+0000] {dag.py:3089} INFO - Sync 1 DAGs
[2024-07-28T15:08:34.873+0000] {logging_mixin.py:188} INFO - [2024-07-28T15:08:34.872+0000] {dag.py:3947} INFO - Setting next_dagrun for example_branch_labels to 2024-07-27 00:00:00+00:00, run_after=2024-07-28 00:00:00+00:00
[2024-07-28T15:08:34.933+0000] {processor.py:183} INFO - Processing /home/airflow/.local/lib/python3.12/site-packages/airflow/example_dags/example_branch_labels.py took 0.299 seconds
[2024-07-28T15:09:05.219+0000] {processor.py:161} INFO - Started process (PID=945) to work on /home/airflow/.local/lib/python3.12/site-packages/airflow/example_dags/example_branch_labels.py
[2024-07-28T15:09:05.220+0000] {processor.py:830} INFO - Processing file /home/airflow/.local/lib/python3.12/site-packages/airflow/example_dags/example_branch_labels.py for tasks to queue
[2024-07-28T15:09:05.223+0000] {logging_mixin.py:188} INFO - [2024-07-28T15:09:05.223+0000] {dagbag.py:545} INFO - Filling up the DagBag from /home/airflow/.local/lib/python3.12/site-packages/airflow/example_dags/example_branch_labels.py
[2024-07-28T15:09:05.236+0000] {processor.py:840} INFO - DAG(s) 'example_branch_labels' retrieved from /home/airflow/.local/lib/python3.12/site-packages/airflow/example_dags/example_branch_labels.py
[2024-07-28T15:09:05.271+0000] {logging_mixin.py:188} INFO - [2024-07-28T15:09:05.270+0000] {dag.py:3089} INFO - Sync 1 DAGs
[2024-07-28T15:09:05.314+0000] {logging_mixin.py:188} INFO - [2024-07-28T15:09:05.313+0000] {dag.py:3947} INFO - Setting next_dagrun for example_branch_labels to 2024-07-27 00:00:00+00:00, run_after=2024-07-28 00:00:00+00:00
[2024-07-28T15:09:05.343+0000] {processor.py:183} INFO - Processing /home/airflow/.local/lib/python3.12/site-packages/airflow/example_dags/example_branch_labels.py took 0.134 seconds
[2024-07-28T15:09:36.548+0000] {processor.py:161} INFO - Started process (PID=1003) to work on /home/airflow/.local/lib/python3.12/site-packages/airflow/example_dags/example_branch_labels.py
[2024-07-28T15:09:36.549+0000] {processor.py:830} INFO - Processing file /home/airflow/.local/lib/python3.12/site-packages/airflow/example_dags/example_branch_labels.py for tasks to queue
[2024-07-28T15:09:36.552+0000] {logging_mixin.py:188} INFO - [2024-07-28T15:09:36.552+0000] {dagbag.py:545} INFO - Filling up the DagBag from /home/airflow/.local/lib/python3.12/site-packages/airflow/example_dags/example_branch_labels.py
[2024-07-28T15:09:36.563+0000] {processor.py:840} INFO - DAG(s) 'example_branch_labels' retrieved from /home/airflow/.local/lib/python3.12/site-packages/airflow/example_dags/example_branch_labels.py
[2024-07-28T15:09:36.606+0000] {logging_mixin.py:188} INFO - [2024-07-28T15:09:36.605+0000] {dag.py:3089} INFO - Sync 1 DAGs
[2024-07-28T15:09:36.657+0000] {logging_mixin.py:188} INFO - [2024-07-28T15:09:36.657+0000] {dag.py:3947} INFO - Setting next_dagrun for example_branch_labels to 2024-07-27 00:00:00+00:00, run_after=2024-07-28 00:00:00+00:00
[2024-07-28T15:09:36.703+0000] {processor.py:183} INFO - Processing /home/airflow/.local/lib/python3.12/site-packages/airflow/example_dags/example_branch_labels.py took 0.163 seconds
[2024-07-28T15:10:06.889+0000] {processor.py:161} INFO - Started process (PID=1061) to work on /home/airflow/.local/lib/python3.12/site-packages/airflow/example_dags/example_branch_labels.py
[2024-07-28T15:10:06.891+0000] {processor.py:830} INFO - Processing file /home/airflow/.local/lib/python3.12/site-packages/airflow/example_dags/example_branch_labels.py for tasks to queue
[2024-07-28T15:10:06.897+0000] {logging_mixin.py:188} INFO - [2024-07-28T15:10:06.896+0000] {dagbag.py:545} INFO - Filling up the DagBag from /home/airflow/.local/lib/python3.12/site-packages/airflow/example_dags/example_branch_labels.py
[2024-07-28T15:10:06.924+0000] {processor.py:840} INFO - DAG(s) 'example_branch_labels' retrieved from /home/airflow/.local/lib/python3.12/site-packages/airflow/example_dags/example_branch_labels.py
[2024-07-28T15:10:06.995+0000] {logging_mixin.py:188} INFO - [2024-07-28T15:10:06.994+0000] {dag.py:3089} INFO - Sync 1 DAGs
[2024-07-28T15:10:07.101+0000] {logging_mixin.py:188} INFO - [2024-07-28T15:10:07.100+0000] {dag.py:3947} INFO - Setting next_dagrun for example_branch_labels to 2024-07-27 00:00:00+00:00, run_after=2024-07-28 00:00:00+00:00
[2024-07-28T15:10:07.165+0000] {processor.py:183} INFO - Processing /home/airflow/.local/lib/python3.12/site-packages/airflow/example_dags/example_branch_labels.py took 0.295 seconds
[2024-07-28T15:10:37.227+0000] {processor.py:161} INFO - Started process (PID=1119) to work on /home/airflow/.local/lib/python3.12/site-packages/airflow/example_dags/example_branch_labels.py
[2024-07-28T15:10:37.228+0000] {processor.py:830} INFO - Processing file /home/airflow/.local/lib/python3.12/site-packages/airflow/example_dags/example_branch_labels.py for tasks to queue
[2024-07-28T15:10:37.230+0000] {logging_mixin.py:188} INFO - [2024-07-28T15:10:37.230+0000] {dagbag.py:545} INFO - Filling up the DagBag from /home/airflow/.local/lib/python3.12/site-packages/airflow/example_dags/example_branch_labels.py
[2024-07-28T15:10:37.238+0000] {processor.py:840} INFO - DAG(s) 'example_branch_labels' retrieved from /home/airflow/.local/lib/python3.12/site-packages/airflow/example_dags/example_branch_labels.py
[2024-07-28T15:10:37.261+0000] {logging_mixin.py:188} INFO - [2024-07-28T15:10:37.261+0000] {dag.py:3089} INFO - Sync 1 DAGs
[2024-07-28T15:10:37.289+0000] {logging_mixin.py:188} INFO - [2024-07-28T15:10:37.289+0000] {dag.py:3947} INFO - Setting next_dagrun for example_branch_labels to 2024-07-27 00:00:00+00:00, run_after=2024-07-28 00:00:00+00:00
[2024-07-28T15:10:37.310+0000] {processor.py:183} INFO - Processing /home/airflow/.local/lib/python3.12/site-packages/airflow/example_dags/example_branch_labels.py took 0.089 seconds
