[2024-07-28T15:01:28.953+0000] {processor.py:161} INFO - Started process (PID=102) to work on /home/airflow/.local/lib/python3.12/site-packages/airflow/example_dags/tutorial_taskflow_api.py
[2024-07-28T15:01:28.958+0000] {processor.py:830} INFO - Processing file /home/airflow/.local/lib/python3.12/site-packages/airflow/example_dags/tutorial_taskflow_api.py for tasks to queue
[2024-07-28T15:01:28.966+0000] {logging_mixin.py:188} INFO - [2024-07-28T15:01:28.964+0000] {dagbag.py:545} INFO - Filling up the DagBag from /home/airflow/.local/lib/python3.12/site-packages/airflow/example_dags/tutorial_taskflow_api.py
[2024-07-28T15:01:29.013+0000] {processor.py:840} INFO - DAG(s) 'tutorial_taskflow_api' retrieved from /home/airflow/.local/lib/python3.12/site-packages/airflow/example_dags/tutorial_taskflow_api.py
[2024-07-28T15:01:29.119+0000] {logging_mixin.py:188} INFO - [2024-07-28T15:01:29.118+0000] {dag.py:3089} INFO - Sync 1 DAGs
[2024-07-28T15:01:29.167+0000] {logging_mixin.py:188} INFO - [2024-07-28T15:01:29.166+0000] {dag.py:3947} INFO - Setting next_dagrun for tutorial_taskflow_api to None, run_after=None
[2024-07-28T15:01:29.221+0000] {processor.py:183} INFO - Processing /home/airflow/.local/lib/python3.12/site-packages/airflow/example_dags/tutorial_taskflow_api.py took 0.301 seconds
[2024-07-28T15:01:59.513+0000] {processor.py:161} INFO - Started process (PID=160) to work on /home/airflow/.local/lib/python3.12/site-packages/airflow/example_dags/tutorial_taskflow_api.py
[2024-07-28T15:01:59.516+0000] {processor.py:830} INFO - Processing file /home/airflow/.local/lib/python3.12/site-packages/airflow/example_dags/tutorial_taskflow_api.py for tasks to queue
[2024-07-28T15:01:59.522+0000] {logging_mixin.py:188} INFO - [2024-07-28T15:01:59.520+0000] {dagbag.py:545} INFO - Filling up the DagBag from /home/airflow/.local/lib/python3.12/site-packages/airflow/example_dags/tutorial_taskflow_api.py
[2024-07-28T15:01:59.547+0000] {processor.py:840} INFO - DAG(s) 'tutorial_taskflow_api' retrieved from /home/airflow/.local/lib/python3.12/site-packages/airflow/example_dags/tutorial_taskflow_api.py
[2024-07-28T15:01:59.629+0000] {logging_mixin.py:188} INFO - [2024-07-28T15:01:59.628+0000] {dag.py:3089} INFO - Sync 1 DAGs
[2024-07-28T15:01:59.687+0000] {logging_mixin.py:188} INFO - [2024-07-28T15:01:59.686+0000] {dag.py:3947} INFO - Setting next_dagrun for tutorial_taskflow_api to None, run_after=None
[2024-07-28T15:01:59.762+0000] {processor.py:183} INFO - Processing /home/airflow/.local/lib/python3.12/site-packages/airflow/example_dags/tutorial_taskflow_api.py took 0.273 seconds
[2024-07-28T15:02:29.968+0000] {processor.py:161} INFO - Started process (PID=218) to work on /home/airflow/.local/lib/python3.12/site-packages/airflow/example_dags/tutorial_taskflow_api.py
[2024-07-28T15:02:29.969+0000] {processor.py:830} INFO - Processing file /home/airflow/.local/lib/python3.12/site-packages/airflow/example_dags/tutorial_taskflow_api.py for tasks to queue
[2024-07-28T15:02:29.972+0000] {logging_mixin.py:188} INFO - [2024-07-28T15:02:29.971+0000] {dagbag.py:545} INFO - Filling up the DagBag from /home/airflow/.local/lib/python3.12/site-packages/airflow/example_dags/tutorial_taskflow_api.py
[2024-07-28T15:02:29.982+0000] {processor.py:840} INFO - DAG(s) 'tutorial_taskflow_api' retrieved from /home/airflow/.local/lib/python3.12/site-packages/airflow/example_dags/tutorial_taskflow_api.py
[2024-07-28T15:02:30.012+0000] {logging_mixin.py:188} INFO - [2024-07-28T15:02:30.012+0000] {dag.py:3089} INFO - Sync 1 DAGs
[2024-07-28T15:02:30.030+0000] {logging_mixin.py:188} INFO - [2024-07-28T15:02:30.030+0000] {dag.py:3947} INFO - Setting next_dagrun for tutorial_taskflow_api to None, run_after=None
[2024-07-28T15:02:30.056+0000] {processor.py:183} INFO - Processing /home/airflow/.local/lib/python3.12/site-packages/airflow/example_dags/tutorial_taskflow_api.py took 0.094 seconds
[2024-07-28T15:03:00.369+0000] {processor.py:161} INFO - Started process (PID=276) to work on /home/airflow/.local/lib/python3.12/site-packages/airflow/example_dags/tutorial_taskflow_api.py
[2024-07-28T15:03:00.370+0000] {processor.py:830} INFO - Processing file /home/airflow/.local/lib/python3.12/site-packages/airflow/example_dags/tutorial_taskflow_api.py for tasks to queue
[2024-07-28T15:03:00.372+0000] {logging_mixin.py:188} INFO - [2024-07-28T15:03:00.371+0000] {dagbag.py:545} INFO - Filling up the DagBag from /home/airflow/.local/lib/python3.12/site-packages/airflow/example_dags/tutorial_taskflow_api.py
[2024-07-28T15:03:00.383+0000] {processor.py:840} INFO - DAG(s) 'tutorial_taskflow_api' retrieved from /home/airflow/.local/lib/python3.12/site-packages/airflow/example_dags/tutorial_taskflow_api.py
[2024-07-28T15:03:00.414+0000] {logging_mixin.py:188} INFO - [2024-07-28T15:03:00.413+0000] {dag.py:3089} INFO - Sync 1 DAGs
[2024-07-28T15:03:00.433+0000] {logging_mixin.py:188} INFO - [2024-07-28T15:03:00.433+0000] {dag.py:3947} INFO - Setting next_dagrun for tutorial_taskflow_api to None, run_after=None
[2024-07-28T15:03:00.464+0000] {processor.py:183} INFO - Processing /home/airflow/.local/lib/python3.12/site-packages/airflow/example_dags/tutorial_taskflow_api.py took 0.102 seconds
[2024-07-28T15:03:32.186+0000] {processor.py:161} INFO - Started process (PID=334) to work on /home/airflow/.local/lib/python3.12/site-packages/airflow/example_dags/tutorial_taskflow_api.py
[2024-07-28T15:03:32.189+0000] {processor.py:830} INFO - Processing file /home/airflow/.local/lib/python3.12/site-packages/airflow/example_dags/tutorial_taskflow_api.py for tasks to queue
[2024-07-28T15:03:32.196+0000] {logging_mixin.py:188} INFO - [2024-07-28T15:03:32.194+0000] {dagbag.py:545} INFO - Filling up the DagBag from /home/airflow/.local/lib/python3.12/site-packages/airflow/example_dags/tutorial_taskflow_api.py
[2024-07-28T15:03:32.219+0000] {processor.py:840} INFO - DAG(s) 'tutorial_taskflow_api' retrieved from /home/airflow/.local/lib/python3.12/site-packages/airflow/example_dags/tutorial_taskflow_api.py
[2024-07-28T15:03:32.290+0000] {logging_mixin.py:188} INFO - [2024-07-28T15:03:32.289+0000] {dag.py:3089} INFO - Sync 1 DAGs
[2024-07-28T15:03:32.348+0000] {logging_mixin.py:188} INFO - [2024-07-28T15:03:32.347+0000] {dag.py:3947} INFO - Setting next_dagrun for tutorial_taskflow_api to None, run_after=None
[2024-07-28T15:03:32.418+0000] {processor.py:183} INFO - Processing /home/airflow/.local/lib/python3.12/site-packages/airflow/example_dags/tutorial_taskflow_api.py took 0.255 seconds
[2024-07-28T15:04:03.612+0000] {processor.py:161} INFO - Started process (PID=392) to work on /home/airflow/.local/lib/python3.12/site-packages/airflow/example_dags/tutorial_taskflow_api.py
[2024-07-28T15:04:03.616+0000] {processor.py:830} INFO - Processing file /home/airflow/.local/lib/python3.12/site-packages/airflow/example_dags/tutorial_taskflow_api.py for tasks to queue
[2024-07-28T15:04:03.621+0000] {logging_mixin.py:188} INFO - [2024-07-28T15:04:03.620+0000] {dagbag.py:545} INFO - Filling up the DagBag from /home/airflow/.local/lib/python3.12/site-packages/airflow/example_dags/tutorial_taskflow_api.py
[2024-07-28T15:04:03.645+0000] {processor.py:840} INFO - DAG(s) 'tutorial_taskflow_api' retrieved from /home/airflow/.local/lib/python3.12/site-packages/airflow/example_dags/tutorial_taskflow_api.py
[2024-07-28T15:04:03.719+0000] {logging_mixin.py:188} INFO - [2024-07-28T15:04:03.719+0000] {dag.py:3089} INFO - Sync 1 DAGs
[2024-07-28T15:04:03.769+0000] {logging_mixin.py:188} INFO - [2024-07-28T15:04:03.769+0000] {dag.py:3947} INFO - Setting next_dagrun for tutorial_taskflow_api to None, run_after=None
[2024-07-28T15:04:03.842+0000] {processor.py:183} INFO - Processing /home/airflow/.local/lib/python3.12/site-packages/airflow/example_dags/tutorial_taskflow_api.py took 0.253 seconds
[2024-07-28T15:04:34.350+0000] {processor.py:161} INFO - Started process (PID=450) to work on /home/airflow/.local/lib/python3.12/site-packages/airflow/example_dags/tutorial_taskflow_api.py
[2024-07-28T15:04:34.353+0000] {processor.py:830} INFO - Processing file /home/airflow/.local/lib/python3.12/site-packages/airflow/example_dags/tutorial_taskflow_api.py for tasks to queue
[2024-07-28T15:04:34.360+0000] {logging_mixin.py:188} INFO - [2024-07-28T15:04:34.358+0000] {dagbag.py:545} INFO - Filling up the DagBag from /home/airflow/.local/lib/python3.12/site-packages/airflow/example_dags/tutorial_taskflow_api.py
[2024-07-28T15:04:34.387+0000] {processor.py:840} INFO - DAG(s) 'tutorial_taskflow_api' retrieved from /home/airflow/.local/lib/python3.12/site-packages/airflow/example_dags/tutorial_taskflow_api.py
[2024-07-28T15:04:34.463+0000] {logging_mixin.py:188} INFO - [2024-07-28T15:04:34.461+0000] {dag.py:3089} INFO - Sync 1 DAGs
[2024-07-28T15:04:34.515+0000] {logging_mixin.py:188} INFO - [2024-07-28T15:04:34.515+0000] {dag.py:3947} INFO - Setting next_dagrun for tutorial_taskflow_api to None, run_after=None
[2024-07-28T15:04:34.586+0000] {processor.py:183} INFO - Processing /home/airflow/.local/lib/python3.12/site-packages/airflow/example_dags/tutorial_taskflow_api.py took 0.262 seconds
[2024-07-28T15:05:05.806+0000] {processor.py:161} INFO - Started process (PID=508) to work on /home/airflow/.local/lib/python3.12/site-packages/airflow/example_dags/tutorial_taskflow_api.py
[2024-07-28T15:05:05.809+0000] {processor.py:830} INFO - Processing file /home/airflow/.local/lib/python3.12/site-packages/airflow/example_dags/tutorial_taskflow_api.py for tasks to queue
[2024-07-28T15:05:05.816+0000] {logging_mixin.py:188} INFO - [2024-07-28T15:05:05.814+0000] {dagbag.py:545} INFO - Filling up the DagBag from /home/airflow/.local/lib/python3.12/site-packages/airflow/example_dags/tutorial_taskflow_api.py
[2024-07-28T15:05:05.838+0000] {processor.py:840} INFO - DAG(s) 'tutorial_taskflow_api' retrieved from /home/airflow/.local/lib/python3.12/site-packages/airflow/example_dags/tutorial_taskflow_api.py
[2024-07-28T15:05:05.911+0000] {logging_mixin.py:188} INFO - [2024-07-28T15:05:05.910+0000] {dag.py:3089} INFO - Sync 1 DAGs
[2024-07-28T15:05:05.969+0000] {logging_mixin.py:188} INFO - [2024-07-28T15:05:05.968+0000] {dag.py:3947} INFO - Setting next_dagrun for tutorial_taskflow_api to None, run_after=None
[2024-07-28T15:05:06.050+0000] {processor.py:183} INFO - Processing /home/airflow/.local/lib/python3.12/site-packages/airflow/example_dags/tutorial_taskflow_api.py took 0.265 seconds
[2024-07-28T15:05:36.423+0000] {processor.py:161} INFO - Started process (PID=566) to work on /home/airflow/.local/lib/python3.12/site-packages/airflow/example_dags/tutorial_taskflow_api.py
[2024-07-28T15:05:36.426+0000] {processor.py:830} INFO - Processing file /home/airflow/.local/lib/python3.12/site-packages/airflow/example_dags/tutorial_taskflow_api.py for tasks to queue
[2024-07-28T15:05:36.433+0000] {logging_mixin.py:188} INFO - [2024-07-28T15:05:36.431+0000] {dagbag.py:545} INFO - Filling up the DagBag from /home/airflow/.local/lib/python3.12/site-packages/airflow/example_dags/tutorial_taskflow_api.py
[2024-07-28T15:05:36.455+0000] {processor.py:840} INFO - DAG(s) 'tutorial_taskflow_api' retrieved from /home/airflow/.local/lib/python3.12/site-packages/airflow/example_dags/tutorial_taskflow_api.py
[2024-07-28T15:05:36.527+0000] {logging_mixin.py:188} INFO - [2024-07-28T15:05:36.527+0000] {dag.py:3089} INFO - Sync 1 DAGs
[2024-07-28T15:05:36.579+0000] {logging_mixin.py:188} INFO - [2024-07-28T15:05:36.578+0000] {dag.py:3947} INFO - Setting next_dagrun for tutorial_taskflow_api to None, run_after=None
[2024-07-28T15:05:36.652+0000] {processor.py:183} INFO - Processing /home/airflow/.local/lib/python3.12/site-packages/airflow/example_dags/tutorial_taskflow_api.py took 0.250 seconds
[2024-07-28T15:06:06.829+0000] {processor.py:161} INFO - Started process (PID=624) to work on /home/airflow/.local/lib/python3.12/site-packages/airflow/example_dags/tutorial_taskflow_api.py
[2024-07-28T15:06:06.832+0000] {processor.py:830} INFO - Processing file /home/airflow/.local/lib/python3.12/site-packages/airflow/example_dags/tutorial_taskflow_api.py for tasks to queue
[2024-07-28T15:06:06.835+0000] {logging_mixin.py:188} INFO - [2024-07-28T15:06:06.834+0000] {dagbag.py:545} INFO - Filling up the DagBag from /home/airflow/.local/lib/python3.12/site-packages/airflow/example_dags/tutorial_taskflow_api.py
[2024-07-28T15:06:06.844+0000] {processor.py:840} INFO - DAG(s) 'tutorial_taskflow_api' retrieved from /home/airflow/.local/lib/python3.12/site-packages/airflow/example_dags/tutorial_taskflow_api.py
[2024-07-28T15:06:06.881+0000] {logging_mixin.py:188} INFO - [2024-07-28T15:06:06.880+0000] {dag.py:3089} INFO - Sync 1 DAGs
[2024-07-28T15:06:06.904+0000] {logging_mixin.py:188} INFO - [2024-07-28T15:06:06.904+0000] {dag.py:3947} INFO - Setting next_dagrun for tutorial_taskflow_api to None, run_after=None
[2024-07-28T15:06:06.938+0000] {processor.py:183} INFO - Processing /home/airflow/.local/lib/python3.12/site-packages/airflow/example_dags/tutorial_taskflow_api.py took 0.119 seconds
[2024-07-28T15:06:37.601+0000] {processor.py:161} INFO - Started process (PID=682) to work on /home/airflow/.local/lib/python3.12/site-packages/airflow/example_dags/tutorial_taskflow_api.py
[2024-07-28T15:06:37.602+0000] {processor.py:830} INFO - Processing file /home/airflow/.local/lib/python3.12/site-packages/airflow/example_dags/tutorial_taskflow_api.py for tasks to queue
[2024-07-28T15:06:37.605+0000] {logging_mixin.py:188} INFO - [2024-07-28T15:06:37.605+0000] {dagbag.py:545} INFO - Filling up the DagBag from /home/airflow/.local/lib/python3.12/site-packages/airflow/example_dags/tutorial_taskflow_api.py
[2024-07-28T15:06:37.617+0000] {processor.py:840} INFO - DAG(s) 'tutorial_taskflow_api' retrieved from /home/airflow/.local/lib/python3.12/site-packages/airflow/example_dags/tutorial_taskflow_api.py
[2024-07-28T15:06:37.659+0000] {logging_mixin.py:188} INFO - [2024-07-28T15:06:37.659+0000] {dag.py:3089} INFO - Sync 1 DAGs
[2024-07-28T15:06:37.691+0000] {logging_mixin.py:188} INFO - [2024-07-28T15:06:37.690+0000] {dag.py:3947} INFO - Setting next_dagrun for tutorial_taskflow_api to None, run_after=None
[2024-07-28T15:06:37.725+0000] {processor.py:183} INFO - Processing /home/airflow/.local/lib/python3.12/site-packages/airflow/example_dags/tutorial_taskflow_api.py took 0.135 seconds
[2024-07-28T15:07:08.650+0000] {processor.py:161} INFO - Started process (PID=740) to work on /home/airflow/.local/lib/python3.12/site-packages/airflow/example_dags/tutorial_taskflow_api.py
[2024-07-28T15:07:08.651+0000] {processor.py:830} INFO - Processing file /home/airflow/.local/lib/python3.12/site-packages/airflow/example_dags/tutorial_taskflow_api.py for tasks to queue
[2024-07-28T15:07:08.653+0000] {logging_mixin.py:188} INFO - [2024-07-28T15:07:08.653+0000] {dagbag.py:545} INFO - Filling up the DagBag from /home/airflow/.local/lib/python3.12/site-packages/airflow/example_dags/tutorial_taskflow_api.py
[2024-07-28T15:07:08.661+0000] {processor.py:840} INFO - DAG(s) 'tutorial_taskflow_api' retrieved from /home/airflow/.local/lib/python3.12/site-packages/airflow/example_dags/tutorial_taskflow_api.py
[2024-07-28T15:07:08.684+0000] {logging_mixin.py:188} INFO - [2024-07-28T15:07:08.684+0000] {dag.py:3089} INFO - Sync 1 DAGs
[2024-07-28T15:07:08.701+0000] {logging_mixin.py:188} INFO - [2024-07-28T15:07:08.701+0000] {dag.py:3947} INFO - Setting next_dagrun for tutorial_taskflow_api to None, run_after=None
[2024-07-28T15:07:08.723+0000] {processor.py:183} INFO - Processing /home/airflow/.local/lib/python3.12/site-packages/airflow/example_dags/tutorial_taskflow_api.py took 0.080 seconds
[2024-07-28T15:07:39.574+0000] {processor.py:161} INFO - Started process (PID=798) to work on /home/airflow/.local/lib/python3.12/site-packages/airflow/example_dags/tutorial_taskflow_api.py
[2024-07-28T15:07:39.575+0000] {processor.py:830} INFO - Processing file /home/airflow/.local/lib/python3.12/site-packages/airflow/example_dags/tutorial_taskflow_api.py for tasks to queue
[2024-07-28T15:07:39.577+0000] {logging_mixin.py:188} INFO - [2024-07-28T15:07:39.577+0000] {dagbag.py:545} INFO - Filling up the DagBag from /home/airflow/.local/lib/python3.12/site-packages/airflow/example_dags/tutorial_taskflow_api.py
[2024-07-28T15:07:39.586+0000] {processor.py:840} INFO - DAG(s) 'tutorial_taskflow_api' retrieved from /home/airflow/.local/lib/python3.12/site-packages/airflow/example_dags/tutorial_taskflow_api.py
[2024-07-28T15:07:39.612+0000] {logging_mixin.py:188} INFO - [2024-07-28T15:07:39.612+0000] {dag.py:3089} INFO - Sync 1 DAGs
[2024-07-28T15:07:39.629+0000] {logging_mixin.py:188} INFO - [2024-07-28T15:07:39.629+0000] {dag.py:3947} INFO - Setting next_dagrun for tutorial_taskflow_api to None, run_after=None
[2024-07-28T15:07:39.653+0000] {processor.py:183} INFO - Processing /home/airflow/.local/lib/python3.12/site-packages/airflow/example_dags/tutorial_taskflow_api.py took 0.089 seconds
[2024-07-28T15:08:11.036+0000] {processor.py:161} INFO - Started process (PID=857) to work on /home/airflow/.local/lib/python3.12/site-packages/airflow/example_dags/tutorial_taskflow_api.py
[2024-07-28T15:08:11.037+0000] {processor.py:830} INFO - Processing file /home/airflow/.local/lib/python3.12/site-packages/airflow/example_dags/tutorial_taskflow_api.py for tasks to queue
[2024-07-28T15:08:11.038+0000] {logging_mixin.py:188} INFO - [2024-07-28T15:08:11.038+0000] {dagbag.py:545} INFO - Filling up the DagBag from /home/airflow/.local/lib/python3.12/site-packages/airflow/example_dags/tutorial_taskflow_api.py
[2024-07-28T15:08:11.044+0000] {processor.py:840} INFO - DAG(s) 'tutorial_taskflow_api' retrieved from /home/airflow/.local/lib/python3.12/site-packages/airflow/example_dags/tutorial_taskflow_api.py
[2024-07-28T15:08:11.062+0000] {logging_mixin.py:188} INFO - [2024-07-28T15:08:11.062+0000] {dag.py:3089} INFO - Sync 1 DAGs
[2024-07-28T15:08:11.077+0000] {logging_mixin.py:188} INFO - [2024-07-28T15:08:11.077+0000] {dag.py:3947} INFO - Setting next_dagrun for tutorial_taskflow_api to None, run_after=None
[2024-07-28T15:08:11.098+0000] {processor.py:183} INFO - Processing /home/airflow/.local/lib/python3.12/site-packages/airflow/example_dags/tutorial_taskflow_api.py took 0.068 seconds
[2024-07-28T15:08:41.799+0000] {processor.py:161} INFO - Started process (PID=914) to work on /home/airflow/.local/lib/python3.12/site-packages/airflow/example_dags/tutorial_taskflow_api.py
[2024-07-28T15:08:41.802+0000] {processor.py:830} INFO - Processing file /home/airflow/.local/lib/python3.12/site-packages/airflow/example_dags/tutorial_taskflow_api.py for tasks to queue
[2024-07-28T15:08:41.807+0000] {logging_mixin.py:188} INFO - [2024-07-28T15:08:41.806+0000] {dagbag.py:545} INFO - Filling up the DagBag from /home/airflow/.local/lib/python3.12/site-packages/airflow/example_dags/tutorial_taskflow_api.py
[2024-07-28T15:08:41.829+0000] {processor.py:840} INFO - DAG(s) 'tutorial_taskflow_api' retrieved from /home/airflow/.local/lib/python3.12/site-packages/airflow/example_dags/tutorial_taskflow_api.py
[2024-07-28T15:08:41.908+0000] {logging_mixin.py:188} INFO - [2024-07-28T15:08:41.906+0000] {dag.py:3089} INFO - Sync 1 DAGs
[2024-07-28T15:08:41.969+0000] {logging_mixin.py:188} INFO - [2024-07-28T15:08:41.968+0000] {dag.py:3947} INFO - Setting next_dagrun for tutorial_taskflow_api to None, run_after=None
[2024-07-28T15:08:42.026+0000] {processor.py:183} INFO - Processing /home/airflow/.local/lib/python3.12/site-packages/airflow/example_dags/tutorial_taskflow_api.py took 0.248 seconds
[2024-07-28T15:09:12.332+0000] {processor.py:161} INFO - Started process (PID=972) to work on /home/airflow/.local/lib/python3.12/site-packages/airflow/example_dags/tutorial_taskflow_api.py
[2024-07-28T15:09:12.334+0000] {processor.py:830} INFO - Processing file /home/airflow/.local/lib/python3.12/site-packages/airflow/example_dags/tutorial_taskflow_api.py for tasks to queue
[2024-07-28T15:09:12.339+0000] {logging_mixin.py:188} INFO - [2024-07-28T15:09:12.338+0000] {dagbag.py:545} INFO - Filling up the DagBag from /home/airflow/.local/lib/python3.12/site-packages/airflow/example_dags/tutorial_taskflow_api.py
[2024-07-28T15:09:12.360+0000] {processor.py:840} INFO - DAG(s) 'tutorial_taskflow_api' retrieved from /home/airflow/.local/lib/python3.12/site-packages/airflow/example_dags/tutorial_taskflow_api.py
[2024-07-28T15:09:12.426+0000] {logging_mixin.py:188} INFO - [2024-07-28T15:09:12.425+0000] {dag.py:3089} INFO - Sync 1 DAGs
[2024-07-28T15:09:12.473+0000] {logging_mixin.py:188} INFO - [2024-07-28T15:09:12.472+0000] {dag.py:3947} INFO - Setting next_dagrun for tutorial_taskflow_api to None, run_after=None
[2024-07-28T15:09:12.543+0000] {processor.py:183} INFO - Processing /home/airflow/.local/lib/python3.12/site-packages/airflow/example_dags/tutorial_taskflow_api.py took 0.232 seconds
[2024-07-28T15:09:42.857+0000] {processor.py:161} INFO - Started process (PID=1030) to work on /home/airflow/.local/lib/python3.12/site-packages/airflow/example_dags/tutorial_taskflow_api.py
[2024-07-28T15:09:42.858+0000] {processor.py:830} INFO - Processing file /home/airflow/.local/lib/python3.12/site-packages/airflow/example_dags/tutorial_taskflow_api.py for tasks to queue
[2024-07-28T15:09:42.859+0000] {logging_mixin.py:188} INFO - [2024-07-28T15:09:42.859+0000] {dagbag.py:545} INFO - Filling up the DagBag from /home/airflow/.local/lib/python3.12/site-packages/airflow/example_dags/tutorial_taskflow_api.py
[2024-07-28T15:09:42.865+0000] {processor.py:840} INFO - DAG(s) 'tutorial_taskflow_api' retrieved from /home/airflow/.local/lib/python3.12/site-packages/airflow/example_dags/tutorial_taskflow_api.py
[2024-07-28T15:09:42.886+0000] {logging_mixin.py:188} INFO - [2024-07-28T15:09:42.885+0000] {dag.py:3089} INFO - Sync 1 DAGs
[2024-07-28T15:09:42.900+0000] {logging_mixin.py:188} INFO - [2024-07-28T15:09:42.900+0000] {dag.py:3947} INFO - Setting next_dagrun for tutorial_taskflow_api to None, run_after=None
[2024-07-28T15:09:42.923+0000] {processor.py:183} INFO - Processing /home/airflow/.local/lib/python3.12/site-packages/airflow/example_dags/tutorial_taskflow_api.py took 0.071 seconds
[2024-07-28T15:10:13.688+0000] {processor.py:161} INFO - Started process (PID=1088) to work on /home/airflow/.local/lib/python3.12/site-packages/airflow/example_dags/tutorial_taskflow_api.py
[2024-07-28T15:10:13.691+0000] {processor.py:830} INFO - Processing file /home/airflow/.local/lib/python3.12/site-packages/airflow/example_dags/tutorial_taskflow_api.py for tasks to queue
[2024-07-28T15:10:13.696+0000] {logging_mixin.py:188} INFO - [2024-07-28T15:10:13.695+0000] {dagbag.py:545} INFO - Filling up the DagBag from /home/airflow/.local/lib/python3.12/site-packages/airflow/example_dags/tutorial_taskflow_api.py
[2024-07-28T15:10:13.717+0000] {processor.py:840} INFO - DAG(s) 'tutorial_taskflow_api' retrieved from /home/airflow/.local/lib/python3.12/site-packages/airflow/example_dags/tutorial_taskflow_api.py
[2024-07-28T15:10:13.781+0000] {logging_mixin.py:188} INFO - [2024-07-28T15:10:13.781+0000] {dag.py:3089} INFO - Sync 1 DAGs
[2024-07-28T15:10:13.830+0000] {logging_mixin.py:188} INFO - [2024-07-28T15:10:13.829+0000] {dag.py:3947} INFO - Setting next_dagrun for tutorial_taskflow_api to None, run_after=None
[2024-07-28T15:10:13.894+0000] {processor.py:183} INFO - Processing /home/airflow/.local/lib/python3.12/site-packages/airflow/example_dags/tutorial_taskflow_api.py took 0.226 seconds
[2024-07-28T15:10:44.238+0000] {processor.py:161} INFO - Started process (PID=1146) to work on /home/airflow/.local/lib/python3.12/site-packages/airflow/example_dags/tutorial_taskflow_api.py
[2024-07-28T15:10:44.240+0000] {processor.py:830} INFO - Processing file /home/airflow/.local/lib/python3.12/site-packages/airflow/example_dags/tutorial_taskflow_api.py for tasks to queue
[2024-07-28T15:10:44.245+0000] {logging_mixin.py:188} INFO - [2024-07-28T15:10:44.244+0000] {dagbag.py:545} INFO - Filling up the DagBag from /home/airflow/.local/lib/python3.12/site-packages/airflow/example_dags/tutorial_taskflow_api.py
[2024-07-28T15:10:44.268+0000] {processor.py:840} INFO - DAG(s) 'tutorial_taskflow_api' retrieved from /home/airflow/.local/lib/python3.12/site-packages/airflow/example_dags/tutorial_taskflow_api.py
[2024-07-28T15:10:44.336+0000] {logging_mixin.py:188} INFO - [2024-07-28T15:10:44.335+0000] {dag.py:3089} INFO - Sync 1 DAGs
[2024-07-28T15:10:44.395+0000] {logging_mixin.py:188} INFO - [2024-07-28T15:10:44.394+0000] {dag.py:3947} INFO - Setting next_dagrun for tutorial_taskflow_api to None, run_after=None
[2024-07-28T15:10:44.470+0000] {processor.py:183} INFO - Processing /home/airflow/.local/lib/python3.12/site-packages/airflow/example_dags/tutorial_taskflow_api.py took 0.255 seconds
