[2024-07-28T15:01:27.851+0000] {processor.py:161} INFO - Started process (PID=97) to work on /home/airflow/.local/lib/python3.12/site-packages/airflow/example_dags/tutorial.py
[2024-07-28T15:01:27.854+0000] {processor.py:830} INFO - Processing file /home/airflow/.local/lib/python3.12/site-packages/airflow/example_dags/tutorial.py for tasks to queue
[2024-07-28T15:01:27.859+0000] {logging_mixin.py:188} INFO - [2024-07-28T15:01:27.858+0000] {dagbag.py:545} INFO - Filling up the DagBag from /home/airflow/.local/lib/python3.12/site-packages/airflow/example_dags/tutorial.py
[2024-07-28T15:01:27.871+0000] {processor.py:840} INFO - DAG(s) 'tutorial' retrieved from /home/airflow/.local/lib/python3.12/site-packages/airflow/example_dags/tutorial.py
[2024-07-28T15:01:27.941+0000] {logging_mixin.py:188} INFO - [2024-07-28T15:01:27.939+0000] {dag.py:3089} INFO - Sync 1 DAGs
[2024-07-28T15:01:28.039+0000] {logging_mixin.py:188} INFO - [2024-07-28T15:01:28.038+0000] {dag.py:3947} INFO - Setting next_dagrun for tutorial to 2024-07-27 00:00:00+00:00, run_after=2024-07-28 00:00:00+00:00
[2024-07-28T15:01:28.127+0000] {processor.py:183} INFO - Processing /home/airflow/.local/lib/python3.12/site-packages/airflow/example_dags/tutorial.py took 0.286 seconds
[2024-07-28T15:01:58.396+0000] {processor.py:161} INFO - Started process (PID=155) to work on /home/airflow/.local/lib/python3.12/site-packages/airflow/example_dags/tutorial.py
[2024-07-28T15:01:58.398+0000] {processor.py:830} INFO - Processing file /home/airflow/.local/lib/python3.12/site-packages/airflow/example_dags/tutorial.py for tasks to queue
[2024-07-28T15:01:58.404+0000] {logging_mixin.py:188} INFO - [2024-07-28T15:01:58.403+0000] {dagbag.py:545} INFO - Filling up the DagBag from /home/airflow/.local/lib/python3.12/site-packages/airflow/example_dags/tutorial.py
[2024-07-28T15:01:58.424+0000] {processor.py:840} INFO - DAG(s) 'tutorial' retrieved from /home/airflow/.local/lib/python3.12/site-packages/airflow/example_dags/tutorial.py
[2024-07-28T15:01:58.499+0000] {logging_mixin.py:188} INFO - [2024-07-28T15:01:58.498+0000] {dag.py:3089} INFO - Sync 1 DAGs
[2024-07-28T15:01:58.588+0000] {logging_mixin.py:188} INFO - [2024-07-28T15:01:58.588+0000] {dag.py:3947} INFO - Setting next_dagrun for tutorial to 2024-07-27 00:00:00+00:00, run_after=2024-07-28 00:00:00+00:00
[2024-07-28T15:01:58.656+0000] {processor.py:183} INFO - Processing /home/airflow/.local/lib/python3.12/site-packages/airflow/example_dags/tutorial.py took 0.284 seconds
[2024-07-28T15:02:29.437+0000] {processor.py:161} INFO - Started process (PID=213) to work on /home/airflow/.local/lib/python3.12/site-packages/airflow/example_dags/tutorial.py
[2024-07-28T15:02:29.438+0000] {processor.py:830} INFO - Processing file /home/airflow/.local/lib/python3.12/site-packages/airflow/example_dags/tutorial.py for tasks to queue
[2024-07-28T15:02:29.443+0000] {logging_mixin.py:188} INFO - [2024-07-28T15:02:29.442+0000] {dagbag.py:545} INFO - Filling up the DagBag from /home/airflow/.local/lib/python3.12/site-packages/airflow/example_dags/tutorial.py
[2024-07-28T15:02:29.450+0000] {processor.py:840} INFO - DAG(s) 'tutorial' retrieved from /home/airflow/.local/lib/python3.12/site-packages/airflow/example_dags/tutorial.py
[2024-07-28T15:02:29.482+0000] {logging_mixin.py:188} INFO - [2024-07-28T15:02:29.481+0000] {dag.py:3089} INFO - Sync 1 DAGs
[2024-07-28T15:02:29.515+0000] {logging_mixin.py:188} INFO - [2024-07-28T15:02:29.515+0000] {dag.py:3947} INFO - Setting next_dagrun for tutorial to 2024-07-27 00:00:00+00:00, run_after=2024-07-28 00:00:00+00:00
[2024-07-28T15:02:29.545+0000] {processor.py:183} INFO - Processing /home/airflow/.local/lib/python3.12/site-packages/airflow/example_dags/tutorial.py took 0.115 seconds
[2024-07-28T15:02:59.943+0000] {processor.py:161} INFO - Started process (PID=271) to work on /home/airflow/.local/lib/python3.12/site-packages/airflow/example_dags/tutorial.py
[2024-07-28T15:02:59.944+0000] {processor.py:830} INFO - Processing file /home/airflow/.local/lib/python3.12/site-packages/airflow/example_dags/tutorial.py for tasks to queue
[2024-07-28T15:02:59.946+0000] {logging_mixin.py:188} INFO - [2024-07-28T15:02:59.946+0000] {dagbag.py:545} INFO - Filling up the DagBag from /home/airflow/.local/lib/python3.12/site-packages/airflow/example_dags/tutorial.py
[2024-07-28T15:02:59.954+0000] {processor.py:840} INFO - DAG(s) 'tutorial' retrieved from /home/airflow/.local/lib/python3.12/site-packages/airflow/example_dags/tutorial.py
[2024-07-28T15:02:59.983+0000] {logging_mixin.py:188} INFO - [2024-07-28T15:02:59.983+0000] {dag.py:3089} INFO - Sync 1 DAGs
[2024-07-28T15:03:00.018+0000] {logging_mixin.py:188} INFO - [2024-07-28T15:03:00.018+0000] {dag.py:3947} INFO - Setting next_dagrun for tutorial to 2024-07-27 00:00:00+00:00, run_after=2024-07-28 00:00:00+00:00
[2024-07-28T15:03:00.050+0000] {processor.py:183} INFO - Processing /home/airflow/.local/lib/python3.12/site-packages/airflow/example_dags/tutorial.py took 0.116 seconds
[2024-07-28T15:03:31.212+0000] {processor.py:161} INFO - Started process (PID=329) to work on /home/airflow/.local/lib/python3.12/site-packages/airflow/example_dags/tutorial.py
[2024-07-28T15:03:31.216+0000] {processor.py:830} INFO - Processing file /home/airflow/.local/lib/python3.12/site-packages/airflow/example_dags/tutorial.py for tasks to queue
[2024-07-28T15:03:31.222+0000] {logging_mixin.py:188} INFO - [2024-07-28T15:03:31.220+0000] {dagbag.py:545} INFO - Filling up the DagBag from /home/airflow/.local/lib/python3.12/site-packages/airflow/example_dags/tutorial.py
[2024-07-28T15:03:31.246+0000] {processor.py:840} INFO - DAG(s) 'tutorial' retrieved from /home/airflow/.local/lib/python3.12/site-packages/airflow/example_dags/tutorial.py
[2024-07-28T15:03:31.322+0000] {logging_mixin.py:188} INFO - [2024-07-28T15:03:31.321+0000] {dag.py:3089} INFO - Sync 1 DAGs
[2024-07-28T15:03:31.413+0000] {logging_mixin.py:188} INFO - [2024-07-28T15:03:31.412+0000] {dag.py:3947} INFO - Setting next_dagrun for tutorial to 2024-07-27 00:00:00+00:00, run_after=2024-07-28 00:00:00+00:00
[2024-07-28T15:03:31.484+0000] {processor.py:183} INFO - Processing /home/airflow/.local/lib/python3.12/site-packages/airflow/example_dags/tutorial.py took 0.294 seconds
[2024-07-28T15:04:02.477+0000] {processor.py:161} INFO - Started process (PID=387) to work on /home/airflow/.local/lib/python3.12/site-packages/airflow/example_dags/tutorial.py
[2024-07-28T15:04:02.480+0000] {processor.py:830} INFO - Processing file /home/airflow/.local/lib/python3.12/site-packages/airflow/example_dags/tutorial.py for tasks to queue
[2024-07-28T15:04:02.486+0000] {logging_mixin.py:188} INFO - [2024-07-28T15:04:02.485+0000] {dagbag.py:545} INFO - Filling up the DagBag from /home/airflow/.local/lib/python3.12/site-packages/airflow/example_dags/tutorial.py
[2024-07-28T15:04:02.506+0000] {processor.py:840} INFO - DAG(s) 'tutorial' retrieved from /home/airflow/.local/lib/python3.12/site-packages/airflow/example_dags/tutorial.py
[2024-07-28T15:04:02.584+0000] {logging_mixin.py:188} INFO - [2024-07-28T15:04:02.584+0000] {dag.py:3089} INFO - Sync 1 DAGs
[2024-07-28T15:04:02.672+0000] {logging_mixin.py:188} INFO - [2024-07-28T15:04:02.671+0000] {dag.py:3947} INFO - Setting next_dagrun for tutorial to 2024-07-27 00:00:00+00:00, run_after=2024-07-28 00:00:00+00:00
[2024-07-28T15:04:02.741+0000] {processor.py:183} INFO - Processing /home/airflow/.local/lib/python3.12/site-packages/airflow/example_dags/tutorial.py took 0.286 seconds
[2024-07-28T15:04:33.408+0000] {processor.py:161} INFO - Started process (PID=445) to work on /home/airflow/.local/lib/python3.12/site-packages/airflow/example_dags/tutorial.py
[2024-07-28T15:04:33.412+0000] {processor.py:830} INFO - Processing file /home/airflow/.local/lib/python3.12/site-packages/airflow/example_dags/tutorial.py for tasks to queue
[2024-07-28T15:04:33.419+0000] {logging_mixin.py:188} INFO - [2024-07-28T15:04:33.418+0000] {dagbag.py:545} INFO - Filling up the DagBag from /home/airflow/.local/lib/python3.12/site-packages/airflow/example_dags/tutorial.py
[2024-07-28T15:04:33.442+0000] {processor.py:840} INFO - DAG(s) 'tutorial' retrieved from /home/airflow/.local/lib/python3.12/site-packages/airflow/example_dags/tutorial.py
[2024-07-28T15:04:33.517+0000] {logging_mixin.py:188} INFO - [2024-07-28T15:04:33.516+0000] {dag.py:3089} INFO - Sync 1 DAGs
[2024-07-28T15:04:33.603+0000] {logging_mixin.py:188} INFO - [2024-07-28T15:04:33.603+0000] {dag.py:3947} INFO - Setting next_dagrun for tutorial to 2024-07-27 00:00:00+00:00, run_after=2024-07-28 00:00:00+00:00
[2024-07-28T15:04:33.670+0000] {processor.py:183} INFO - Processing /home/airflow/.local/lib/python3.12/site-packages/airflow/example_dags/tutorial.py took 0.285 seconds
[2024-07-28T15:05:04.742+0000] {processor.py:161} INFO - Started process (PID=503) to work on /home/airflow/.local/lib/python3.12/site-packages/airflow/example_dags/tutorial.py
[2024-07-28T15:05:04.746+0000] {processor.py:830} INFO - Processing file /home/airflow/.local/lib/python3.12/site-packages/airflow/example_dags/tutorial.py for tasks to queue
[2024-07-28T15:05:04.753+0000] {logging_mixin.py:188} INFO - [2024-07-28T15:05:04.752+0000] {dagbag.py:545} INFO - Filling up the DagBag from /home/airflow/.local/lib/python3.12/site-packages/airflow/example_dags/tutorial.py
[2024-07-28T15:05:04.774+0000] {processor.py:840} INFO - DAG(s) 'tutorial' retrieved from /home/airflow/.local/lib/python3.12/site-packages/airflow/example_dags/tutorial.py
[2024-07-28T15:05:04.855+0000] {logging_mixin.py:188} INFO - [2024-07-28T15:05:04.854+0000] {dag.py:3089} INFO - Sync 1 DAGs
[2024-07-28T15:05:04.960+0000] {logging_mixin.py:188} INFO - [2024-07-28T15:05:04.959+0000] {dag.py:3947} INFO - Setting next_dagrun for tutorial to 2024-07-27 00:00:00+00:00, run_after=2024-07-28 00:00:00+00:00
[2024-07-28T15:05:05.047+0000] {processor.py:183} INFO - Processing /home/airflow/.local/lib/python3.12/site-packages/airflow/example_dags/tutorial.py took 0.327 seconds
[2024-07-28T15:05:35.490+0000] {processor.py:161} INFO - Started process (PID=561) to work on /home/airflow/.local/lib/python3.12/site-packages/airflow/example_dags/tutorial.py
[2024-07-28T15:05:35.493+0000] {processor.py:830} INFO - Processing file /home/airflow/.local/lib/python3.12/site-packages/airflow/example_dags/tutorial.py for tasks to queue
[2024-07-28T15:05:35.499+0000] {logging_mixin.py:188} INFO - [2024-07-28T15:05:35.498+0000] {dagbag.py:545} INFO - Filling up the DagBag from /home/airflow/.local/lib/python3.12/site-packages/airflow/example_dags/tutorial.py
[2024-07-28T15:05:35.519+0000] {processor.py:840} INFO - DAG(s) 'tutorial' retrieved from /home/airflow/.local/lib/python3.12/site-packages/airflow/example_dags/tutorial.py
[2024-07-28T15:05:35.590+0000] {logging_mixin.py:188} INFO - [2024-07-28T15:05:35.589+0000] {dag.py:3089} INFO - Sync 1 DAGs
[2024-07-28T15:05:35.685+0000] {logging_mixin.py:188} INFO - [2024-07-28T15:05:35.684+0000] {dag.py:3947} INFO - Setting next_dagrun for tutorial to 2024-07-27 00:00:00+00:00, run_after=2024-07-28 00:00:00+00:00
[2024-07-28T15:05:35.753+0000] {processor.py:183} INFO - Processing /home/airflow/.local/lib/python3.12/site-packages/airflow/example_dags/tutorial.py took 0.284 seconds
[2024-07-28T15:06:05.922+0000] {processor.py:161} INFO - Started process (PID=619) to work on /home/airflow/.local/lib/python3.12/site-packages/airflow/example_dags/tutorial.py
[2024-07-28T15:06:05.925+0000] {processor.py:830} INFO - Processing file /home/airflow/.local/lib/python3.12/site-packages/airflow/example_dags/tutorial.py for tasks to queue
[2024-07-28T15:06:05.929+0000] {logging_mixin.py:188} INFO - [2024-07-28T15:06:05.928+0000] {dagbag.py:545} INFO - Filling up the DagBag from /home/airflow/.local/lib/python3.12/site-packages/airflow/example_dags/tutorial.py
[2024-07-28T15:06:05.937+0000] {processor.py:840} INFO - DAG(s) 'tutorial' retrieved from /home/airflow/.local/lib/python3.12/site-packages/airflow/example_dags/tutorial.py
[2024-07-28T15:06:05.968+0000] {logging_mixin.py:188} INFO - [2024-07-28T15:06:05.968+0000] {dag.py:3089} INFO - Sync 1 DAGs
[2024-07-28T15:06:06.017+0000] {logging_mixin.py:188} INFO - [2024-07-28T15:06:06.017+0000] {dag.py:3947} INFO - Setting next_dagrun for tutorial to 2024-07-27 00:00:00+00:00, run_after=2024-07-28 00:00:00+00:00
[2024-07-28T15:06:06.052+0000] {processor.py:183} INFO - Processing /home/airflow/.local/lib/python3.12/site-packages/airflow/example_dags/tutorial.py took 0.141 seconds
[2024-07-28T15:06:36.871+0000] {processor.py:161} INFO - Started process (PID=677) to work on /home/airflow/.local/lib/python3.12/site-packages/airflow/example_dags/tutorial.py
[2024-07-28T15:06:36.873+0000] {processor.py:830} INFO - Processing file /home/airflow/.local/lib/python3.12/site-packages/airflow/example_dags/tutorial.py for tasks to queue
[2024-07-28T15:06:36.876+0000] {logging_mixin.py:188} INFO - [2024-07-28T15:06:36.875+0000] {dagbag.py:545} INFO - Filling up the DagBag from /home/airflow/.local/lib/python3.12/site-packages/airflow/example_dags/tutorial.py
[2024-07-28T15:06:36.887+0000] {processor.py:840} INFO - DAG(s) 'tutorial' retrieved from /home/airflow/.local/lib/python3.12/site-packages/airflow/example_dags/tutorial.py
[2024-07-28T15:06:36.938+0000] {logging_mixin.py:188} INFO - [2024-07-28T15:06:36.937+0000] {dag.py:3089} INFO - Sync 1 DAGs
[2024-07-28T15:06:37.025+0000] {logging_mixin.py:188} INFO - [2024-07-28T15:06:37.023+0000] {dag.py:3947} INFO - Setting next_dagrun for tutorial to 2024-07-27 00:00:00+00:00, run_after=2024-07-28 00:00:00+00:00
[2024-07-28T15:06:37.095+0000] {processor.py:183} INFO - Processing /home/airflow/.local/lib/python3.12/site-packages/airflow/example_dags/tutorial.py took 0.238 seconds
[2024-07-28T15:07:08.170+0000] {processor.py:161} INFO - Started process (PID=735) to work on /home/airflow/.local/lib/python3.12/site-packages/airflow/example_dags/tutorial.py
[2024-07-28T15:07:08.172+0000] {processor.py:830} INFO - Processing file /home/airflow/.local/lib/python3.12/site-packages/airflow/example_dags/tutorial.py for tasks to queue
[2024-07-28T15:07:08.177+0000] {logging_mixin.py:188} INFO - [2024-07-28T15:07:08.176+0000] {dagbag.py:545} INFO - Filling up the DagBag from /home/airflow/.local/lib/python3.12/site-packages/airflow/example_dags/tutorial.py
[2024-07-28T15:07:08.195+0000] {processor.py:840} INFO - DAG(s) 'tutorial' retrieved from /home/airflow/.local/lib/python3.12/site-packages/airflow/example_dags/tutorial.py
[2024-07-28T15:07:08.259+0000] {logging_mixin.py:188} INFO - [2024-07-28T15:07:08.259+0000] {dag.py:3089} INFO - Sync 1 DAGs
[2024-07-28T15:07:08.340+0000] {logging_mixin.py:188} INFO - [2024-07-28T15:07:08.339+0000] {dag.py:3947} INFO - Setting next_dagrun for tutorial to 2024-07-27 00:00:00+00:00, run_after=2024-07-28 00:00:00+00:00
[2024-07-28T15:07:08.384+0000] {processor.py:183} INFO - Processing /home/airflow/.local/lib/python3.12/site-packages/airflow/example_dags/tutorial.py took 0.234 seconds
[2024-07-28T15:07:38.651+0000] {processor.py:161} INFO - Started process (PID=792) to work on /home/airflow/.local/lib/python3.12/site-packages/airflow/example_dags/tutorial.py
[2024-07-28T15:07:38.652+0000] {processor.py:830} INFO - Processing file /home/airflow/.local/lib/python3.12/site-packages/airflow/example_dags/tutorial.py for tasks to queue
[2024-07-28T15:07:38.654+0000] {logging_mixin.py:188} INFO - [2024-07-28T15:07:38.654+0000] {dagbag.py:545} INFO - Filling up the DagBag from /home/airflow/.local/lib/python3.12/site-packages/airflow/example_dags/tutorial.py
[2024-07-28T15:07:38.661+0000] {processor.py:840} INFO - DAG(s) 'tutorial' retrieved from /home/airflow/.local/lib/python3.12/site-packages/airflow/example_dags/tutorial.py
[2024-07-28T15:07:38.688+0000] {logging_mixin.py:188} INFO - [2024-07-28T15:07:38.687+0000] {dag.py:3089} INFO - Sync 1 DAGs
[2024-07-28T15:07:38.720+0000] {logging_mixin.py:188} INFO - [2024-07-28T15:07:38.720+0000] {dag.py:3947} INFO - Setting next_dagrun for tutorial to 2024-07-27 00:00:00+00:00, run_after=2024-07-28 00:00:00+00:00
[2024-07-28T15:07:38.744+0000] {processor.py:183} INFO - Processing /home/airflow/.local/lib/python3.12/site-packages/airflow/example_dags/tutorial.py took 0.101 seconds
[2024-07-28T15:08:09.745+0000] {processor.py:161} INFO - Started process (PID=851) to work on /home/airflow/.local/lib/python3.12/site-packages/airflow/example_dags/tutorial.py
[2024-07-28T15:08:09.747+0000] {processor.py:830} INFO - Processing file /home/airflow/.local/lib/python3.12/site-packages/airflow/example_dags/tutorial.py for tasks to queue
[2024-07-28T15:08:09.752+0000] {logging_mixin.py:188} INFO - [2024-07-28T15:08:09.751+0000] {dagbag.py:545} INFO - Filling up the DagBag from /home/airflow/.local/lib/python3.12/site-packages/airflow/example_dags/tutorial.py
[2024-07-28T15:08:09.770+0000] {processor.py:840} INFO - DAG(s) 'tutorial' retrieved from /home/airflow/.local/lib/python3.12/site-packages/airflow/example_dags/tutorial.py
[2024-07-28T15:08:09.832+0000] {logging_mixin.py:188} INFO - [2024-07-28T15:08:09.831+0000] {dag.py:3089} INFO - Sync 1 DAGs
[2024-07-28T15:08:09.908+0000] {logging_mixin.py:188} INFO - [2024-07-28T15:08:09.907+0000] {dag.py:3947} INFO - Setting next_dagrun for tutorial to 2024-07-27 00:00:00+00:00, run_after=2024-07-28 00:00:00+00:00
[2024-07-28T15:08:09.966+0000] {processor.py:183} INFO - Processing /home/airflow/.local/lib/python3.12/site-packages/airflow/example_dags/tutorial.py took 0.241 seconds
[2024-07-28T15:08:40.666+0000] {processor.py:161} INFO - Started process (PID=909) to work on /home/airflow/.local/lib/python3.12/site-packages/airflow/example_dags/tutorial.py
[2024-07-28T15:08:40.669+0000] {processor.py:830} INFO - Processing file /home/airflow/.local/lib/python3.12/site-packages/airflow/example_dags/tutorial.py for tasks to queue
[2024-07-28T15:08:40.674+0000] {logging_mixin.py:188} INFO - [2024-07-28T15:08:40.673+0000] {dagbag.py:545} INFO - Filling up the DagBag from /home/airflow/.local/lib/python3.12/site-packages/airflow/example_dags/tutorial.py
[2024-07-28T15:08:40.693+0000] {processor.py:840} INFO - DAG(s) 'tutorial' retrieved from /home/airflow/.local/lib/python3.12/site-packages/airflow/example_dags/tutorial.py
[2024-07-28T15:08:40.760+0000] {logging_mixin.py:188} INFO - [2024-07-28T15:08:40.759+0000] {dag.py:3089} INFO - Sync 1 DAGs
[2024-07-28T15:08:40.858+0000] {logging_mixin.py:188} INFO - [2024-07-28T15:08:40.857+0000] {dag.py:3947} INFO - Setting next_dagrun for tutorial to 2024-07-27 00:00:00+00:00, run_after=2024-07-28 00:00:00+00:00
[2024-07-28T15:08:40.930+0000] {processor.py:183} INFO - Processing /home/airflow/.local/lib/python3.12/site-packages/airflow/example_dags/tutorial.py took 0.284 seconds
[2024-07-28T15:09:11.298+0000] {processor.py:161} INFO - Started process (PID=967) to work on /home/airflow/.local/lib/python3.12/site-packages/airflow/example_dags/tutorial.py
[2024-07-28T15:09:11.300+0000] {processor.py:830} INFO - Processing file /home/airflow/.local/lib/python3.12/site-packages/airflow/example_dags/tutorial.py for tasks to queue
[2024-07-28T15:09:11.305+0000] {logging_mixin.py:188} INFO - [2024-07-28T15:09:11.304+0000] {dagbag.py:545} INFO - Filling up the DagBag from /home/airflow/.local/lib/python3.12/site-packages/airflow/example_dags/tutorial.py
[2024-07-28T15:09:11.324+0000] {processor.py:840} INFO - DAG(s) 'tutorial' retrieved from /home/airflow/.local/lib/python3.12/site-packages/airflow/example_dags/tutorial.py
[2024-07-28T15:09:11.391+0000] {logging_mixin.py:188} INFO - [2024-07-28T15:09:11.390+0000] {dag.py:3089} INFO - Sync 1 DAGs
[2024-07-28T15:09:11.479+0000] {logging_mixin.py:188} INFO - [2024-07-28T15:09:11.478+0000] {dag.py:3947} INFO - Setting next_dagrun for tutorial to 2024-07-27 00:00:00+00:00, run_after=2024-07-28 00:00:00+00:00
[2024-07-28T15:09:11.551+0000] {processor.py:183} INFO - Processing /home/airflow/.local/lib/python3.12/site-packages/airflow/example_dags/tutorial.py took 0.273 seconds
[2024-07-28T15:09:41.627+0000] {processor.py:161} INFO - Started process (PID=1025) to work on /home/airflow/.local/lib/python3.12/site-packages/airflow/example_dags/tutorial.py
[2024-07-28T15:09:41.628+0000] {processor.py:830} INFO - Processing file /home/airflow/.local/lib/python3.12/site-packages/airflow/example_dags/tutorial.py for tasks to queue
[2024-07-28T15:09:41.630+0000] {logging_mixin.py:188} INFO - [2024-07-28T15:09:41.630+0000] {dagbag.py:545} INFO - Filling up the DagBag from /home/airflow/.local/lib/python3.12/site-packages/airflow/example_dags/tutorial.py
[2024-07-28T15:09:41.636+0000] {processor.py:840} INFO - DAG(s) 'tutorial' retrieved from /home/airflow/.local/lib/python3.12/site-packages/airflow/example_dags/tutorial.py
[2024-07-28T15:09:41.667+0000] {logging_mixin.py:188} INFO - [2024-07-28T15:09:41.667+0000] {dag.py:3089} INFO - Sync 1 DAGs
[2024-07-28T15:09:41.713+0000] {logging_mixin.py:188} INFO - [2024-07-28T15:09:41.712+0000] {dag.py:3947} INFO - Setting next_dagrun for tutorial to 2024-07-27 00:00:00+00:00, run_after=2024-07-28 00:00:00+00:00
[2024-07-28T15:09:41.743+0000] {processor.py:183} INFO - Processing /home/airflow/.local/lib/python3.12/site-packages/airflow/example_dags/tutorial.py took 0.122 seconds
[2024-07-28T15:10:11.861+0000] {processor.py:161} INFO - Started process (PID=1083) to work on /home/airflow/.local/lib/python3.12/site-packages/airflow/example_dags/tutorial.py
[2024-07-28T15:10:11.862+0000] {processor.py:830} INFO - Processing file /home/airflow/.local/lib/python3.12/site-packages/airflow/example_dags/tutorial.py for tasks to queue
[2024-07-28T15:10:11.867+0000] {logging_mixin.py:188} INFO - [2024-07-28T15:10:11.866+0000] {dagbag.py:545} INFO - Filling up the DagBag from /home/airflow/.local/lib/python3.12/site-packages/airflow/example_dags/tutorial.py
[2024-07-28T15:10:11.886+0000] {processor.py:840} INFO - DAG(s) 'tutorial' retrieved from /home/airflow/.local/lib/python3.12/site-packages/airflow/example_dags/tutorial.py
[2024-07-28T15:10:11.954+0000] {logging_mixin.py:188} INFO - [2024-07-28T15:10:11.953+0000] {dag.py:3089} INFO - Sync 1 DAGs
[2024-07-28T15:10:12.045+0000] {logging_mixin.py:188} INFO - [2024-07-28T15:10:12.045+0000] {dag.py:3947} INFO - Setting next_dagrun for tutorial to 2024-07-27 00:00:00+00:00, run_after=2024-07-28 00:00:00+00:00
[2024-07-28T15:10:12.108+0000] {processor.py:183} INFO - Processing /home/airflow/.local/lib/python3.12/site-packages/airflow/example_dags/tutorial.py took 0.260 seconds
[2024-07-28T15:10:43.242+0000] {processor.py:161} INFO - Started process (PID=1141) to work on /home/airflow/.local/lib/python3.12/site-packages/airflow/example_dags/tutorial.py
[2024-07-28T15:10:43.244+0000] {processor.py:830} INFO - Processing file /home/airflow/.local/lib/python3.12/site-packages/airflow/example_dags/tutorial.py for tasks to queue
[2024-07-28T15:10:43.249+0000] {logging_mixin.py:188} INFO - [2024-07-28T15:10:43.248+0000] {dagbag.py:545} INFO - Filling up the DagBag from /home/airflow/.local/lib/python3.12/site-packages/airflow/example_dags/tutorial.py
[2024-07-28T15:10:43.267+0000] {processor.py:840} INFO - DAG(s) 'tutorial' retrieved from /home/airflow/.local/lib/python3.12/site-packages/airflow/example_dags/tutorial.py
[2024-07-28T15:10:43.332+0000] {logging_mixin.py:188} INFO - [2024-07-28T15:10:43.331+0000] {dag.py:3089} INFO - Sync 1 DAGs
[2024-07-28T15:10:43.409+0000] {logging_mixin.py:188} INFO - [2024-07-28T15:10:43.408+0000] {dag.py:3947} INFO - Setting next_dagrun for tutorial to 2024-07-27 00:00:00+00:00, run_after=2024-07-28 00:00:00+00:00
[2024-07-28T15:10:43.473+0000] {processor.py:183} INFO - Processing /home/airflow/.local/lib/python3.12/site-packages/airflow/example_dags/tutorial.py took 0.251 seconds
