[2024-10-23T00:47:53.420+0000] {processor.py:186} INFO - Started process (PID=1004) to work on /opt/airflow/dags/aula_3_4_twitter_dag.py
[2024-10-23T00:47:53.423+0000] {processor.py:914} INFO - Processing file /opt/airflow/dags/aula_3_4_twitter_dag.py for tasks to queue
[2024-10-23T00:47:53.427+0000] {logging_mixin.py:190} INFO - [2024-10-23T00:47:53.425+0000] {dagbag.py:588} INFO - Filling up the DagBag from /opt/airflow/dags/aula_3_4_twitter_dag.py
[2024-10-23T00:47:53.444+0000] {logging_mixin.py:190} INFO - [2024-10-23T00:47:53.439+0000] {dagbag.py:387} ERROR - Failed to import: /opt/airflow/dags/aula_3_4_twitter_dag.py
Traceback (most recent call last):
  File "/home/airflow/.local/lib/python3.12/site-packages/airflow/models/dagbag.py", line 383, in parse
    loader.exec_module(new_module)
  File "<frozen importlib._bootstrap_external>", line 995, in exec_module
  File "<frozen importlib._bootstrap>", line 488, in _call_with_frames_removed
  File "/opt/airflow/dags/aula_3_4_twitter_dag.py", line 6, in <module>
    from operators.twitter_operator import TwitterOperator
ModuleNotFoundError: No module named 'operators'
[2024-10-23T00:47:53.446+0000] {processor.py:927} WARNING - No viable dags retrieved from /opt/airflow/dags/aula_3_4_twitter_dag.py
[2024-10-23T00:47:53.504+0000] {processor.py:208} INFO - Processing /opt/airflow/dags/aula_3_4_twitter_dag.py took 0.105 seconds
[2024-10-23T00:48:23.819+0000] {processor.py:186} INFO - Started process (PID=1020) to work on /opt/airflow/dags/aula_3_4_twitter_dag.py
[2024-10-23T00:48:23.820+0000] {processor.py:914} INFO - Processing file /opt/airflow/dags/aula_3_4_twitter_dag.py for tasks to queue
[2024-10-23T00:48:23.822+0000] {logging_mixin.py:190} INFO - [2024-10-23T00:48:23.821+0000] {dagbag.py:588} INFO - Filling up the DagBag from /opt/airflow/dags/aula_3_4_twitter_dag.py
[2024-10-23T00:48:23.826+0000] {logging_mixin.py:190} INFO - [2024-10-23T00:48:23.824+0000] {dagbag.py:387} ERROR - Failed to import: /opt/airflow/dags/aula_3_4_twitter_dag.py
Traceback (most recent call last):
  File "/home/airflow/.local/lib/python3.12/site-packages/airflow/models/dagbag.py", line 383, in parse
    loader.exec_module(new_module)
  File "<frozen importlib._bootstrap_external>", line 995, in exec_module
  File "<frozen importlib._bootstrap>", line 488, in _call_with_frames_removed
  File "/opt/airflow/dags/aula_3_4_twitter_dag.py", line 6, in <module>
    from operators.twitter_operator import TwitterOperator
ModuleNotFoundError: No module named 'operators'
[2024-10-23T00:48:23.826+0000] {processor.py:927} WARNING - No viable dags retrieved from /opt/airflow/dags/aula_3_4_twitter_dag.py
[2024-10-23T00:48:23.846+0000] {processor.py:208} INFO - Processing /opt/airflow/dags/aula_3_4_twitter_dag.py took 0.035 seconds
