[2024-10-23T00:47:53.588+0000] {processor.py:186} INFO - Started process (PID=1005) to work on /opt/airflow/dags/aula_3_3_twitter_operator.py
[2024-10-23T00:47:53.590+0000] {processor.py:914} INFO - Processing file /opt/airflow/dags/aula_3_3_twitter_operator.py for tasks to queue
[2024-10-23T00:47:53.594+0000] {logging_mixin.py:190} INFO - [2024-10-23T00:47:53.593+0000] {dagbag.py:588} INFO - Filling up the DagBag from /opt/airflow/dags/aula_3_3_twitter_operator.py
[2024-10-23T00:47:53.610+0000] {logging_mixin.py:190} INFO - [2024-10-23T00:47:53.606+0000] {dagbag.py:387} ERROR - Failed to import: /opt/airflow/dags/aula_3_3_twitter_operator.py
Traceback (most recent call last):
  File "/home/airflow/.local/lib/python3.12/site-packages/airflow/models/dagbag.py", line 383, in parse
    loader.exec_module(new_module)
  File "<frozen importlib._bootstrap_external>", line 995, in exec_module
  File "<frozen importlib._bootstrap>", line 488, in _call_with_frames_removed
  File "/opt/airflow/dags/aula_3_3_twitter_operator.py", line 5, in <module>
    from hook.twitter_hook import TwitterHook
ModuleNotFoundError: No module named 'hook'
[2024-10-23T00:47:53.612+0000] {processor.py:927} WARNING - No viable dags retrieved from /opt/airflow/dags/aula_3_3_twitter_operator.py
[2024-10-23T00:47:53.668+0000] {processor.py:208} INFO - Processing /opt/airflow/dags/aula_3_3_twitter_operator.py took 0.102 seconds
[2024-10-23T00:48:23.871+0000] {processor.py:186} INFO - Started process (PID=1021) to work on /opt/airflow/dags/aula_3_3_twitter_operator.py
[2024-10-23T00:48:23.872+0000] {processor.py:914} INFO - Processing file /opt/airflow/dags/aula_3_3_twitter_operator.py for tasks to queue
[2024-10-23T00:48:23.874+0000] {logging_mixin.py:190} INFO - [2024-10-23T00:48:23.873+0000] {dagbag.py:588} INFO - Filling up the DagBag from /opt/airflow/dags/aula_3_3_twitter_operator.py
[2024-10-23T00:48:23.878+0000] {logging_mixin.py:190} INFO - [2024-10-23T00:48:23.876+0000] {dagbag.py:387} ERROR - Failed to import: /opt/airflow/dags/aula_3_3_twitter_operator.py
Traceback (most recent call last):
  File "/home/airflow/.local/lib/python3.12/site-packages/airflow/models/dagbag.py", line 383, in parse
    loader.exec_module(new_module)
  File "<frozen importlib._bootstrap_external>", line 995, in exec_module
  File "<frozen importlib._bootstrap>", line 488, in _call_with_frames_removed
  File "/opt/airflow/dags/aula_3_3_twitter_operator.py", line 5, in <module>
    from hook.twitter_hook import TwitterHook
ModuleNotFoundError: No module named 'hook'
[2024-10-23T00:48:23.878+0000] {processor.py:927} WARNING - No viable dags retrieved from /opt/airflow/dags/aula_3_3_twitter_operator.py
[2024-10-23T00:48:23.899+0000] {processor.py:208} INFO - Processing /opt/airflow/dags/aula_3_3_twitter_operator.py took 0.033 seconds
