[2024-10-23T00:28:49.353+0000] {local_task_job_runner.py:123} INFO - ::group::Pre task execution logs
[2024-10-23T00:28:50.397+0000] {taskinstance.py:2612} INFO - Dependencies all met for dep_context=non-requeueable deps ti=<TaskInstance: aula_4_1_get_stocks_dag.TSLA manual__2024-10-23T00:27:47.782586+00:00 [queued]>
[2024-10-23T00:28:50.477+0000] {taskinstance.py:2612} INFO - Dependencies all met for dep_context=requeueable deps ti=<TaskInstance: aula_4_1_get_stocks_dag.TSLA manual__2024-10-23T00:27:47.782586+00:00 [queued]>
[2024-10-23T00:28:50.477+0000] {taskinstance.py:2865} INFO - Starting attempt 1 of 1
[2024-10-23T00:28:51.232+0000] {taskinstance.py:2888} INFO - Executing <Task(_PythonDecoratedOperator): TSLA> on 2024-10-23 00:27:47.782586+00:00
[2024-10-23T00:28:51.540+0000] {warnings.py:112} WARNING - /home/***/.local/lib/python3.12/site-packages/***/task/task_runner/standard_task_runner.py:70: DeprecationWarning: This process (pid=124) is multi-threaded, use of fork() may lead to deadlocks in the child.
  pid = os.fork()

[2024-10-23T00:28:51.521+0000] {standard_task_runner.py:104} INFO - Running: ['***', 'tasks', 'run', 'aula_4_1_get_stocks_dag', 'TSLA', 'manual__2024-10-23T00:27:47.782586+00:00', '--job-id', '296', '--raw', '--subdir', 'DAGS_FOLDER/aula_4_1_get_stocks.py', '--cfg-path', '/tmp/tmpvmut642f']
[2024-10-23T00:28:51.662+0000] {standard_task_runner.py:105} INFO - Job 296: Subtask TSLA
[2024-10-23T00:28:51.663+0000] {standard_task_runner.py:72} INFO - Started process 162 to run task
[2024-10-23T00:28:56.973+0000] {task_command.py:467} INFO - Running <TaskInstance: aula_4_1_get_stocks_dag.TSLA manual__2024-10-23T00:27:47.782586+00:00 [running]> on host 375c06cd6615
[2024-10-23T00:28:57.355+0000] {taskinstance.py:3131} INFO - Exporting env vars: AIRFLOW_CTX_DAG_OWNER='***' AIRFLOW_CTX_DAG_ID='aula_4_1_get_stocks_dag' AIRFLOW_CTX_TASK_ID='TSLA' AIRFLOW_CTX_EXECUTION_DATE='2024-10-23T00:27:47.782586+00:00' AIRFLOW_CTX_TRY_NUMBER='1' AIRFLOW_CTX_DAG_RUN_ID='manual__2024-10-23T00:27:47.782586+00:00'
[2024-10-23T00:28:57.361+0000] {taskinstance.py:731} INFO - ::endgroup::
[2024-10-23T00:28:57.383+0000] {cache.py:130} INFO - Failed to create TzCache, reason: Error creating TzCache folder: '/home/***/.cache/py-yfinance' reason: [Errno 13] Permission denied: '/home/***/.cache/py-yfinance'. TzCache will not be used. Tip: You can direct cache to use a different location with 'set_tz_cache_location(mylocation)'
[2024-10-23T00:28:57.385+0000] {cache.py:336} INFO - Failed to create CookieCache, reason: Error creating CookieCache folder: '/home/***/.cache/py-yfinance' reason: [Errno 13] Permission denied: '/home/***/.cache/py-yfinance'. CookieCache will not be used. Tip: You can direct cache to use a different location with 'set_tz_cache_location(mylocation)'
[2024-10-23T00:29:02.001+0000] {python.py:240} INFO - Done. Returned value was: None
[2024-10-23T00:29:02.138+0000] {taskinstance.py:340} INFO - ::group::Post task execution logs
[2024-10-23T00:29:02.139+0000] {taskinstance.py:352} INFO - Marking task as SUCCESS. dag_id=aula_4_1_get_stocks_dag, task_id=TSLA, run_id=manual__2024-10-23T00:27:47.782586+00:00, execution_date=20241023T002747, start_date=20241023T002850, end_date=20241023T002902
[2024-10-23T00:29:02.604+0000] {local_task_job_runner.py:266} INFO - Task exited with return code 0
[2024-10-23T00:29:02.671+0000] {local_task_job_runner.py:245} INFO - ::endgroup::
