[2024-10-23T00:30:53.684+0000] {local_task_job_runner.py:123} INFO - ::group::Pre task execution logs
[2024-10-23T00:30:53.710+0000] {taskinstance.py:2612} INFO - Dependencies all met for dep_context=non-requeueable deps ti=<TaskInstance: aula_4_1_get_stocks_dag.TSLA scheduled__2022-01-21T00:00:00+00:00 [queued]>
[2024-10-23T00:30:53.724+0000] {taskinstance.py:2612} INFO - Dependencies all met for dep_context=requeueable deps ti=<TaskInstance: aula_4_1_get_stocks_dag.TSLA scheduled__2022-01-21T00:00:00+00:00 [queued]>
[2024-10-23T00:30:53.724+0000] {taskinstance.py:2865} INFO - Starting attempt 1 of 1
[2024-10-23T00:30:53.765+0000] {taskinstance.py:2888} INFO - Executing <Task(_PythonDecoratedOperator): TSLA> on 2022-01-21 00:00:00+00:00
[2024-10-23T00:30:53.784+0000] {warnings.py:112} WARNING - /home/***/.local/lib/python3.12/site-packages/***/task/task_runner/standard_task_runner.py:70: DeprecationWarning: This process (pid=239) is multi-threaded, use of fork() may lead to deadlocks in the child.
  pid = os.fork()

[2024-10-23T00:30:53.786+0000] {standard_task_runner.py:72} INFO - Started process 299 to run task
[2024-10-23T00:30:53.797+0000] {standard_task_runner.py:104} INFO - Running: ['***', 'tasks', 'run', 'aula_4_1_get_stocks_dag', 'TSLA', 'scheduled__2022-01-21T00:00:00+00:00', '--job-id', '322', '--raw', '--subdir', 'DAGS_FOLDER/aula_4_1_get_stocks.py', '--cfg-path', '/tmp/tmpainz_qwe']
[2024-10-23T00:30:53.801+0000] {standard_task_runner.py:105} INFO - Job 322: Subtask TSLA
[2024-10-23T00:30:53.992+0000] {task_command.py:467} INFO - Running <TaskInstance: aula_4_1_get_stocks_dag.TSLA scheduled__2022-01-21T00:00:00+00:00 [running]> on host 375c06cd6615
[2024-10-23T00:30:54.209+0000] {taskinstance.py:3131} INFO - Exporting env vars: AIRFLOW_CTX_DAG_OWNER='***' AIRFLOW_CTX_DAG_ID='aula_4_1_get_stocks_dag' AIRFLOW_CTX_TASK_ID='TSLA' AIRFLOW_CTX_EXECUTION_DATE='2022-01-21T00:00:00+00:00' AIRFLOW_CTX_TRY_NUMBER='1' AIRFLOW_CTX_DAG_RUN_ID='scheduled__2022-01-21T00:00:00+00:00'
[2024-10-23T00:30:54.211+0000] {taskinstance.py:731} INFO - ::endgroup::
[2024-10-23T00:30:54.222+0000] {cache.py:130} INFO - Failed to create TzCache, reason: Error creating TzCache folder: '/home/***/.cache/py-yfinance' reason: [Errno 13] Permission denied: '/home/***/.cache/py-yfinance'. TzCache will not be used. Tip: You can direct cache to use a different location with 'set_tz_cache_location(mylocation)'
[2024-10-23T00:30:54.226+0000] {cache.py:336} INFO - Failed to create CookieCache, reason: Error creating CookieCache folder: '/home/***/.cache/py-yfinance' reason: [Errno 13] Permission denied: '/home/***/.cache/py-yfinance'. CookieCache will not be used. Tip: You can direct cache to use a different location with 'set_tz_cache_location(mylocation)'
[2024-10-23T00:31:03.551+0000] {history.py:245} ERROR - $TSLA: possibly delisted; no price data found  (1h 2022-01-20 -> 2022-01-21) (Yahoo error = "1h data not available for startTime=1642654800 and endTime=1642741200. The requested range must be within the last 730 days.")
[2024-10-23T00:31:03.796+0000] {python.py:240} INFO - Done. Returned value was: None
[2024-10-23T00:31:06.300+0000] {taskinstance.py:340} INFO - ::group::Post task execution logs
[2024-10-23T00:31:06.326+0000] {taskinstance.py:352} INFO - Marking task as SUCCESS. dag_id=aula_4_1_get_stocks_dag, task_id=TSLA, run_id=scheduled__2022-01-21T00:00:00+00:00, execution_date=20220121T000000, start_date=20241023T003053, end_date=20241023T003106
[2024-10-23T00:31:06.624+0000] {local_task_job_runner.py:266} INFO - Task exited with return code 0
[2024-10-23T00:31:06.849+0000] {local_task_job_runner.py:245} INFO - ::endgroup::
