[2024-09-24T00:21:41.566+0000] {local_task_job_runner.py:120} INFO - ::group::Pre task execution logs
[2024-09-24T00:21:41.610+0000] {taskinstance.py:2076} INFO - Dependencies all met for dep_context=non-requeueable deps ti=<TaskInstance: atividade_aula_4.cumprimentos scheduled__2024-09-23T00:00:00+00:00 [queued]>
[2024-09-24T00:21:41.620+0000] {taskinstance.py:2076} INFO - Dependencies all met for dep_context=requeueable deps ti=<TaskInstance: atividade_aula_4.cumprimentos scheduled__2024-09-23T00:00:00+00:00 [queued]>
[2024-09-24T00:21:41.621+0000] {taskinstance.py:2306} INFO - Starting attempt 1 of 1
[2024-09-24T00:21:41.640+0000] {taskinstance.py:2330} INFO - Executing <Task(PythonOperator): cumprimentos> on 2024-09-23 00:00:00+00:00
[2024-09-24T00:21:41.650+0000] {warnings.py:112} WARNING - /home/***/.local/lib/python3.12/site-packages/***/task/task_runner/standard_task_runner.py:62: DeprecationWarning: This process (pid=5944) is multi-threaded, use of fork() may lead to deadlocks in the child.
  pid = os.fork()

[2024-09-24T00:21:41.652+0000] {standard_task_runner.py:64} INFO - Started process 5953 to run task
[2024-09-24T00:21:41.653+0000] {standard_task_runner.py:90} INFO - Running: ['***', 'tasks', 'run', 'atividade_aula_4', 'cumprimentos', 'scheduled__2024-09-23T00:00:00+00:00', '--job-id', '130', '--raw', '--subdir', 'DAGS_FOLDER/atividade_aula_4.py', '--cfg-path', '/tmp/tmp9oe87ddq']
[2024-09-24T00:21:41.657+0000] {standard_task_runner.py:91} INFO - Job 130: Subtask cumprimentos
[2024-09-24T00:21:41.730+0000] {task_command.py:426} INFO - Running <TaskInstance: atividade_aula_4.cumprimentos scheduled__2024-09-23T00:00:00+00:00 [running]> on host 6b6416972dd8
[2024-09-24T00:21:41.943+0000] {taskinstance.py:2648} INFO - Exporting env vars: AIRFLOW_CTX_DAG_OWNER='***' AIRFLOW_CTX_DAG_ID='atividade_aula_4' AIRFLOW_CTX_TASK_ID='cumprimentos' AIRFLOW_CTX_EXECUTION_DATE='2024-09-23T00:00:00+00:00' AIRFLOW_CTX_TRY_NUMBER='1' AIRFLOW_CTX_DAG_RUN_ID='scheduled__2024-09-23T00:00:00+00:00'
[2024-09-24T00:21:41.948+0000] {taskinstance.py:430} INFO - ::endgroup::
[2024-09-24T00:21:41.950+0000] {logging_mixin.py:188} INFO - Boas-vindas ao Airflow!
[2024-09-24T00:21:41.951+0000] {python.py:237} INFO - Done. Returned value was: None
[2024-09-24T00:21:41.953+0000] {taskinstance.py:441} INFO - ::group::Post task execution logs
[2024-09-24T00:21:41.981+0000] {taskinstance.py:1206} INFO - Marking task as SUCCESS. dag_id=atividade_aula_4, task_id=cumprimentos, run_id=scheduled__2024-09-23T00:00:00+00:00, execution_date=20240923T000000, start_date=20240924T002141, end_date=20240924T002141
[2024-09-24T00:21:42.068+0000] {local_task_job_runner.py:243} INFO - Task exited with return code 0
[2024-09-24T00:21:42.120+0000] {taskinstance.py:3503} INFO - 0 downstream tasks scheduled from follow-on schedule check
[2024-09-24T00:21:42.123+0000] {local_task_job_runner.py:222} INFO - ::endgroup::
