[2024-09-24T22:17:10.507+0000] {local_task_job_runner.py:120} INFO - ::group::Pre task execution logs
[2024-09-24T22:17:10.680+0000] {taskinstance.py:2076} INFO - Dependencies all met for dep_context=non-requeueable deps ti=<TaskInstance: dados_climaticos.cria_pasta scheduled__2024-09-02T00:00:00+00:00 [queued]>
[2024-09-24T22:17:10.722+0000] {taskinstance.py:2076} INFO - Dependencies all met for dep_context=requeueable deps ti=<TaskInstance: dados_climaticos.cria_pasta scheduled__2024-09-02T00:00:00+00:00 [queued]>
[2024-09-24T22:17:10.724+0000] {taskinstance.py:2306} INFO - Starting attempt 1 of 1
[2024-09-24T22:17:10.771+0000] {taskinstance.py:2330} INFO - Executing <Task(BashOperator): cria_pasta> on 2024-09-02 00:00:00+00:00
[2024-09-24T22:17:10.790+0000] {warnings.py:112} WARNING - /home/***/.local/lib/python3.12/site-packages/***/task/task_runner/standard_task_runner.py:62: DeprecationWarning: This process (pid=997) is multi-threaded, use of fork() may lead to deadlocks in the child.
  pid = os.fork()

[2024-09-24T22:17:10.793+0000] {standard_task_runner.py:64} INFO - Started process 1012 to run task
[2024-09-24T22:17:10.794+0000] {standard_task_runner.py:90} INFO - Running: ['***', 'tasks', 'run', 'dados_climaticos', 'cria_pasta', 'scheduled__2024-09-02T00:00:00+00:00', '--job-id', '173', '--raw', '--subdir', 'DAGS_FOLDER/dados_climaticos.py', '--cfg-path', '/tmp/tmp7x7d8n0b']
[2024-09-24T22:17:10.800+0000] {standard_task_runner.py:91} INFO - Job 173: Subtask cria_pasta
[2024-09-24T22:17:11.055+0000] {task_command.py:426} INFO - Running <TaskInstance: dados_climaticos.cria_pasta scheduled__2024-09-02T00:00:00+00:00 [running]> on host 9ad8820f2601
[2024-09-24T22:17:11.476+0000] {taskinstance.py:2648} INFO - Exporting env vars: AIRFLOW_CTX_DAG_OWNER='***' AIRFLOW_CTX_DAG_ID='dados_climaticos' AIRFLOW_CTX_TASK_ID='cria_pasta' AIRFLOW_CTX_EXECUTION_DATE='2024-09-02T00:00:00+00:00' AIRFLOW_CTX_TRY_NUMBER='1' AIRFLOW_CTX_DAG_RUN_ID='scheduled__2024-09-02T00:00:00+00:00'
[2024-09-24T22:17:11.477+0000] {taskinstance.py:430} INFO - ::endgroup::
[2024-09-24T22:17:11.479+0000] {subprocess.py:63} INFO - Tmp dir root location: /tmp
[2024-09-24T22:17:11.480+0000] {subprocess.py:75} INFO - Running command: ['/usr/bin/bash', '-c', 'mkdir -p "/home/paulovictor/workspace/***-workspace/Airflow/semana=2024-09-09/" ']
[2024-09-24T22:17:11.503+0000] {subprocess.py:86} INFO - Output:
[2024-09-24T22:17:11.509+0000] {subprocess.py:97} INFO - Command exited with return code 0
[2024-09-24T22:17:11.511+0000] {taskinstance.py:441} INFO - ::group::Post task execution logs
[2024-09-24T22:17:11.565+0000] {taskinstance.py:1206} INFO - Marking task as SUCCESS. dag_id=dados_climaticos, task_id=cria_pasta, run_id=scheduled__2024-09-02T00:00:00+00:00, execution_date=20240902T000000, start_date=20240924T221710, end_date=20240924T221711
[2024-09-24T22:17:11.641+0000] {local_task_job_runner.py:243} INFO - Task exited with return code 0
[2024-09-24T22:17:11.657+0000] {local_task_job_runner.py:222} INFO - ::endgroup::
