[2024-10-23T00:33:06.622+0000] {local_task_job_runner.py:123} INFO - ::group::Pre task execution logs
[2024-10-23T00:33:06.672+0000] {taskinstance.py:2612} INFO - Dependencies all met for dep_context=non-requeueable deps ti=<TaskInstance: aula_4_1_get_stocks_dag.MSFT scheduled__2022-02-02T00:00:00+00:00 [queued]>
[2024-10-23T00:33:06.699+0000] {taskinstance.py:2612} INFO - Dependencies all met for dep_context=requeueable deps ti=<TaskInstance: aula_4_1_get_stocks_dag.MSFT scheduled__2022-02-02T00:00:00+00:00 [queued]>
[2024-10-23T00:33:06.700+0000] {taskinstance.py:2865} INFO - Starting attempt 1 of 1
[2024-10-23T00:33:06.729+0000] {taskinstance.py:2888} INFO - Executing <Task(_PythonDecoratedOperator): MSFT> on 2022-02-02 00:00:00+00:00
[2024-10-23T00:33:06.740+0000] {warnings.py:112} WARNING - /home/***/.local/lib/python3.12/site-packages/***/task/task_runner/standard_task_runner.py:70: DeprecationWarning: This process (pid=379) is multi-threaded, use of fork() may lead to deadlocks in the child.
  pid = os.fork()

[2024-10-23T00:33:06.742+0000] {standard_task_runner.py:72} INFO - Started process 431 to run task
[2024-10-23T00:33:06.743+0000] {standard_task_runner.py:104} INFO - Running: ['***', 'tasks', 'run', 'aula_4_1_get_stocks_dag', 'MSFT', 'scheduled__2022-02-02T00:00:00+00:00', '--job-id', '349', '--raw', '--subdir', 'DAGS_FOLDER/aula_4_1_get_stocks.py', '--cfg-path', '/tmp/tmp3shst8xk']
[2024-10-23T00:33:06.862+0000] {standard_task_runner.py:105} INFO - Job 349: Subtask MSFT
[2024-10-23T00:33:07.098+0000] {task_command.py:467} INFO - Running <TaskInstance: aula_4_1_get_stocks_dag.MSFT scheduled__2022-02-02T00:00:00+00:00 [running]> on host 375c06cd6615
[2024-10-23T00:33:07.683+0000] {taskinstance.py:3131} INFO - Exporting env vars: AIRFLOW_CTX_DAG_OWNER='***' AIRFLOW_CTX_DAG_ID='aula_4_1_get_stocks_dag' AIRFLOW_CTX_TASK_ID='MSFT' AIRFLOW_CTX_EXECUTION_DATE='2022-02-02T00:00:00+00:00' AIRFLOW_CTX_TRY_NUMBER='1' AIRFLOW_CTX_DAG_RUN_ID='scheduled__2022-02-02T00:00:00+00:00'
[2024-10-23T00:33:07.686+0000] {taskinstance.py:731} INFO - ::endgroup::
[2024-10-23T00:33:07.693+0000] {cache.py:130} INFO - Failed to create TzCache, reason: Error creating TzCache folder: '/home/***/.cache/py-yfinance' reason: [Errno 13] Permission denied: '/home/***/.cache/py-yfinance'. TzCache will not be used. Tip: You can direct cache to use a different location with 'set_tz_cache_location(mylocation)'
[2024-10-23T00:33:07.694+0000] {cache.py:336} INFO - Failed to create CookieCache, reason: Error creating CookieCache folder: '/home/***/.cache/py-yfinance' reason: [Errno 13] Permission denied: '/home/***/.cache/py-yfinance'. CookieCache will not be used. Tip: You can direct cache to use a different location with 'set_tz_cache_location(mylocation)'
[2024-10-23T00:33:11.631+0000] {history.py:245} ERROR - $MSFT: possibly delisted; no price data found  (1h 2022-02-01 -> 2022-02-02) (Yahoo error = "1h data not available for startTime=1643691600 and endTime=1643778000. The requested range must be within the last 730 days.")
[2024-10-23T00:33:11.645+0000] {python.py:240} INFO - Done. Returned value was: None
[2024-10-23T00:33:11.665+0000] {taskinstance.py:340} INFO - ::group::Post task execution logs
[2024-10-23T00:33:11.666+0000] {taskinstance.py:352} INFO - Marking task as SUCCESS. dag_id=aula_4_1_get_stocks_dag, task_id=MSFT, run_id=scheduled__2022-02-02T00:00:00+00:00, execution_date=20220202T000000, start_date=20241023T003306, end_date=20241023T003311
[2024-10-23T00:33:11.755+0000] {local_task_job_runner.py:266} INFO - Task exited with return code 0
[2024-10-23T00:33:11.803+0000] {taskinstance.py:3900} INFO - 0 downstream tasks scheduled from follow-on schedule check
[2024-10-23T00:33:11.814+0000] {local_task_job_runner.py:245} INFO - ::endgroup::
