[2024-11-01T23:32:55.275+0000] {processor.py:186} INFO - Started process (PID=21864) to work on /opt/airflow/dags/aula_5_3_get_stocks_dag.py
[2024-11-01T23:32:55.277+0000] {processor.py:914} INFO - Processing file /opt/airflow/dags/aula_5_3_get_stocks_dag.py for tasks to queue
[2024-11-01T23:32:55.287+0000] {logging_mixin.py:190} INFO - [2024-11-01T23:32:55.285+0000] {dagbag.py:588} INFO - Filling up the DagBag from /opt/airflow/dags/aula_5_3_get_stocks_dag.py
[2024-11-01T23:32:56.166+0000] {processor.py:925} INFO - DAG(s) 'aula_4_1_get_stocks_dag' retrieved from /opt/airflow/dags/aula_5_3_get_stocks_dag.py
[2024-11-01T23:32:56.400+0000] {logging_mixin.py:190} INFO - [2024-11-01T23:32:56.398+0000] {dag.py:3239} INFO - Sync 1 DAGs
[2024-11-01T23:32:56.470+0000] {logging_mixin.py:190} INFO - [2024-11-01T23:32:56.469+0000] {dag.py:4180} INFO - Setting next_dagrun for aula_4_1_get_stocks_dag to 2022-02-16 00:00:00+00:00, run_after=2022-02-17 00:00:00+00:00
[2024-11-01T23:32:56.527+0000] {processor.py:208} INFO - Processing /opt/airflow/dags/aula_5_3_get_stocks_dag.py took 1.277 seconds
[2024-11-01T23:33:26.801+0000] {processor.py:186} INFO - Started process (PID=21882) to work on /opt/airflow/dags/aula_5_3_get_stocks_dag.py
[2024-11-01T23:33:26.804+0000] {processor.py:914} INFO - Processing file /opt/airflow/dags/aula_5_3_get_stocks_dag.py for tasks to queue
[2024-11-01T23:33:26.825+0000] {logging_mixin.py:190} INFO - [2024-11-01T23:33:26.822+0000] {dagbag.py:588} INFO - Filling up the DagBag from /opt/airflow/dags/aula_5_3_get_stocks_dag.py
[2024-11-01T23:33:28.434+0000] {processor.py:925} INFO - DAG(s) 'aula_4_1_get_stocks_dag' retrieved from /opt/airflow/dags/aula_5_3_get_stocks_dag.py
[2024-11-01T23:33:28.466+0000] {logging_mixin.py:190} INFO - [2024-11-01T23:33:28.464+0000] {dag.py:3239} INFO - Sync 1 DAGs
[2024-11-01T23:33:28.499+0000] {logging_mixin.py:190} INFO - [2024-11-01T23:33:28.498+0000] {dag.py:4180} INFO - Setting next_dagrun for aula_4_1_get_stocks_dag to 2022-02-16 00:00:00+00:00, run_after=2022-02-17 00:00:00+00:00
[2024-11-01T23:33:28.525+0000] {processor.py:208} INFO - Processing /opt/airflow/dags/aula_5_3_get_stocks_dag.py took 1.766 seconds
[2024-11-01T23:33:29.647+0000] {processor.py:186} INFO - Started process (PID=21884) to work on /opt/airflow/dags/aula_5_3_get_stocks_dag.py
[2024-11-01T23:33:29.650+0000] {processor.py:914} INFO - Processing file /opt/airflow/dags/aula_5_3_get_stocks_dag.py for tasks to queue
[2024-11-01T23:33:29.657+0000] {logging_mixin.py:190} INFO - [2024-11-01T23:33:29.656+0000] {dagbag.py:588} INFO - Filling up the DagBag from /opt/airflow/dags/aula_5_3_get_stocks_dag.py
[2024-11-01T23:33:30.416+0000] {processor.py:925} INFO - DAG(s) 'aula_4_1_get_stocks_dag' retrieved from /opt/airflow/dags/aula_5_3_get_stocks_dag.py
[2024-11-01T23:33:30.600+0000] {logging_mixin.py:190} INFO - [2024-11-01T23:33:30.599+0000] {dag.py:3239} INFO - Sync 1 DAGs
[2024-11-01T23:33:30.625+0000] {logging_mixin.py:190} INFO - [2024-11-01T23:33:30.625+0000] {dag.py:4180} INFO - Setting next_dagrun for aula_4_1_get_stocks_dag to 2022-02-16 00:00:00+00:00, run_after=2022-02-17 00:00:00+00:00
[2024-11-01T23:33:30.651+0000] {processor.py:208} INFO - Processing /opt/airflow/dags/aula_5_3_get_stocks_dag.py took 1.034 seconds
[2024-11-01T23:33:54.012+0000] {processor.py:186} INFO - Started process (PID=21902) to work on /opt/airflow/dags/aula_5_3_get_stocks_dag.py
[2024-11-01T23:33:54.016+0000] {processor.py:914} INFO - Processing file /opt/airflow/dags/aula_5_3_get_stocks_dag.py for tasks to queue
[2024-11-01T23:33:54.032+0000] {logging_mixin.py:190} INFO - [2024-11-01T23:33:54.030+0000] {dagbag.py:588} INFO - Filling up the DagBag from /opt/airflow/dags/aula_5_3_get_stocks_dag.py
[2024-11-01T23:33:55.703+0000] {processor.py:925} INFO - DAG(s) 'aula_4_1_get_stocks_dag' retrieved from /opt/airflow/dags/aula_5_3_get_stocks_dag.py
[2024-11-01T23:33:55.725+0000] {logging_mixin.py:190} INFO - [2024-11-01T23:33:55.723+0000] {dag.py:3239} INFO - Sync 1 DAGs
[2024-11-01T23:33:55.766+0000] {logging_mixin.py:190} INFO - [2024-11-01T23:33:55.766+0000] {dag.py:4180} INFO - Setting next_dagrun for aula_4_1_get_stocks_dag to 2022-02-16 00:00:00+00:00, run_after=2022-02-17 00:00:00+00:00
[2024-11-01T23:33:55.804+0000] {processor.py:208} INFO - Processing /opt/airflow/dags/aula_5_3_get_stocks_dag.py took 1.839 seconds
[2024-11-01T23:34:26.626+0000] {processor.py:186} INFO - Started process (PID=21920) to work on /opt/airflow/dags/aula_5_3_get_stocks_dag.py
[2024-11-01T23:34:26.630+0000] {processor.py:914} INFO - Processing file /opt/airflow/dags/aula_5_3_get_stocks_dag.py for tasks to queue
[2024-11-01T23:34:26.648+0000] {logging_mixin.py:190} INFO - [2024-11-01T23:34:26.646+0000] {dagbag.py:588} INFO - Filling up the DagBag from /opt/airflow/dags/aula_5_3_get_stocks_dag.py
[2024-11-01T23:34:28.520+0000] {processor.py:925} INFO - DAG(s) 'aula_4_1_get_stocks_dag' retrieved from /opt/airflow/dags/aula_5_3_get_stocks_dag.py
[2024-11-01T23:34:28.534+0000] {logging_mixin.py:190} INFO - [2024-11-01T23:34:28.534+0000] {dag.py:3239} INFO - Sync 1 DAGs
[2024-11-01T23:34:28.567+0000] {logging_mixin.py:190} INFO - [2024-11-01T23:34:28.566+0000] {dag.py:4180} INFO - Setting next_dagrun for aula_4_1_get_stocks_dag to 2022-02-16 00:00:00+00:00, run_after=2022-02-17 00:00:00+00:00
[2024-11-01T23:34:28.587+0000] {processor.py:208} INFO - Processing /opt/airflow/dags/aula_5_3_get_stocks_dag.py took 2.000 seconds
[2024-11-01T23:34:59.155+0000] {processor.py:186} INFO - Started process (PID=21937) to work on /opt/airflow/dags/aula_5_3_get_stocks_dag.py
[2024-11-01T23:34:59.158+0000] {processor.py:914} INFO - Processing file /opt/airflow/dags/aula_5_3_get_stocks_dag.py for tasks to queue
[2024-11-01T23:34:59.168+0000] {logging_mixin.py:190} INFO - [2024-11-01T23:34:59.167+0000] {dagbag.py:588} INFO - Filling up the DagBag from /opt/airflow/dags/aula_5_3_get_stocks_dag.py
[2024-11-01T23:35:01.298+0000] {processor.py:925} INFO - DAG(s) 'aula_4_1_get_stocks_dag' retrieved from /opt/airflow/dags/aula_5_3_get_stocks_dag.py
[2024-11-01T23:35:01.717+0000] {logging_mixin.py:190} INFO - [2024-11-01T23:35:01.716+0000] {dag.py:3239} INFO - Sync 1 DAGs
[2024-11-01T23:35:01.766+0000] {logging_mixin.py:190} INFO - [2024-11-01T23:35:01.765+0000] {dag.py:4180} INFO - Setting next_dagrun for aula_4_1_get_stocks_dag to 2022-02-16 00:00:00+00:00, run_after=2022-02-17 00:00:00+00:00
[2024-11-01T23:35:01.821+0000] {processor.py:208} INFO - Processing /opt/airflow/dags/aula_5_3_get_stocks_dag.py took 2.697 seconds
[2024-11-01T23:35:32.031+0000] {processor.py:186} INFO - Started process (PID=21955) to work on /opt/airflow/dags/aula_5_3_get_stocks_dag.py
[2024-11-01T23:35:32.032+0000] {processor.py:914} INFO - Processing file /opt/airflow/dags/aula_5_3_get_stocks_dag.py for tasks to queue
[2024-11-01T23:35:32.037+0000] {logging_mixin.py:190} INFO - [2024-11-01T23:35:32.036+0000] {dagbag.py:588} INFO - Filling up the DagBag from /opt/airflow/dags/aula_5_3_get_stocks_dag.py
[2024-11-01T23:35:33.007+0000] {processor.py:925} INFO - DAG(s) 'aula_4_1_get_stocks_dag' retrieved from /opt/airflow/dags/aula_5_3_get_stocks_dag.py
[2024-11-01T23:35:33.057+0000] {logging_mixin.py:190} INFO - [2024-11-01T23:35:33.057+0000] {dag.py:3239} INFO - Sync 1 DAGs
[2024-11-01T23:35:33.110+0000] {logging_mixin.py:190} INFO - [2024-11-01T23:35:33.109+0000] {dag.py:4180} INFO - Setting next_dagrun for aula_4_1_get_stocks_dag to 2022-02-16 00:00:00+00:00, run_after=2022-02-17 00:00:00+00:00
[2024-11-01T23:35:33.148+0000] {processor.py:208} INFO - Processing /opt/airflow/dags/aula_5_3_get_stocks_dag.py took 1.128 seconds
[2024-11-01T23:36:03.579+0000] {processor.py:186} INFO - Started process (PID=21978) to work on /opt/airflow/dags/aula_5_3_get_stocks_dag.py
[2024-11-01T23:36:03.580+0000] {processor.py:914} INFO - Processing file /opt/airflow/dags/aula_5_3_get_stocks_dag.py for tasks to queue
[2024-11-01T23:36:03.590+0000] {logging_mixin.py:190} INFO - [2024-11-01T23:36:03.589+0000] {dagbag.py:588} INFO - Filling up the DagBag from /opt/airflow/dags/aula_5_3_get_stocks_dag.py
[2024-11-01T23:36:05.445+0000] {processor.py:925} INFO - DAG(s) 'aula_4_1_get_stocks_dag' retrieved from /opt/airflow/dags/aula_5_3_get_stocks_dag.py
[2024-11-01T23:36:05.474+0000] {logging_mixin.py:190} INFO - [2024-11-01T23:36:05.473+0000] {dag.py:3239} INFO - Sync 1 DAGs
[2024-11-01T23:36:05.547+0000] {logging_mixin.py:190} INFO - [2024-11-01T23:36:05.547+0000] {dag.py:4180} INFO - Setting next_dagrun for aula_4_1_get_stocks_dag to 2022-02-16 00:00:00+00:00, run_after=2022-02-17 00:00:00+00:00
[2024-11-01T23:36:05.594+0000] {processor.py:208} INFO - Processing /opt/airflow/dags/aula_5_3_get_stocks_dag.py took 2.032 seconds
[2024-11-01T23:36:35.935+0000] {processor.py:186} INFO - Started process (PID=21996) to work on /opt/airflow/dags/aula_5_3_get_stocks_dag.py
[2024-11-01T23:36:35.941+0000] {processor.py:914} INFO - Processing file /opt/airflow/dags/aula_5_3_get_stocks_dag.py for tasks to queue
[2024-11-01T23:36:35.960+0000] {logging_mixin.py:190} INFO - [2024-11-01T23:36:35.958+0000] {dagbag.py:588} INFO - Filling up the DagBag from /opt/airflow/dags/aula_5_3_get_stocks_dag.py
[2024-11-01T23:36:39.966+0000] {processor.py:925} INFO - DAG(s) 'aula_4_1_get_stocks_dag' retrieved from /opt/airflow/dags/aula_5_3_get_stocks_dag.py
[2024-11-01T23:36:40.426+0000] {logging_mixin.py:190} INFO - [2024-11-01T23:36:40.425+0000] {dag.py:3239} INFO - Sync 1 DAGs
[2024-11-01T23:36:40.513+0000] {logging_mixin.py:190} INFO - [2024-11-01T23:36:40.513+0000] {dag.py:4180} INFO - Setting next_dagrun for aula_4_1_get_stocks_dag to 2022-02-16 00:00:00+00:00, run_after=2022-02-17 00:00:00+00:00
[2024-11-01T23:36:40.576+0000] {processor.py:208} INFO - Processing /opt/airflow/dags/aula_5_3_get_stocks_dag.py took 4.683 seconds
[2024-11-01T23:37:11.036+0000] {processor.py:186} INFO - Started process (PID=22014) to work on /opt/airflow/dags/aula_5_3_get_stocks_dag.py
[2024-11-01T23:37:11.044+0000] {processor.py:914} INFO - Processing file /opt/airflow/dags/aula_5_3_get_stocks_dag.py for tasks to queue
[2024-11-01T23:37:11.072+0000] {logging_mixin.py:190} INFO - [2024-11-01T23:37:11.067+0000] {dagbag.py:588} INFO - Filling up the DagBag from /opt/airflow/dags/aula_5_3_get_stocks_dag.py
[2024-11-01T23:37:12.680+0000] {processor.py:925} INFO - DAG(s) 'aula_4_1_get_stocks_dag' retrieved from /opt/airflow/dags/aula_5_3_get_stocks_dag.py
[2024-11-01T23:37:12.735+0000] {logging_mixin.py:190} INFO - [2024-11-01T23:37:12.734+0000] {dag.py:3239} INFO - Sync 1 DAGs
[2024-11-01T23:37:12.787+0000] {logging_mixin.py:190} INFO - [2024-11-01T23:37:12.786+0000] {dag.py:4180} INFO - Setting next_dagrun for aula_4_1_get_stocks_dag to 2022-02-16 00:00:00+00:00, run_after=2022-02-17 00:00:00+00:00
[2024-11-01T23:37:12.836+0000] {processor.py:208} INFO - Processing /opt/airflow/dags/aula_5_3_get_stocks_dag.py took 1.876 seconds
[2024-11-01T23:37:43.486+0000] {processor.py:186} INFO - Started process (PID=22032) to work on /opt/airflow/dags/aula_5_3_get_stocks_dag.py
[2024-11-01T23:37:43.488+0000] {processor.py:914} INFO - Processing file /opt/airflow/dags/aula_5_3_get_stocks_dag.py for tasks to queue
[2024-11-01T23:37:43.503+0000] {logging_mixin.py:190} INFO - [2024-11-01T23:37:43.502+0000] {dagbag.py:588} INFO - Filling up the DagBag from /opt/airflow/dags/aula_5_3_get_stocks_dag.py
[2024-11-01T23:37:44.927+0000] {processor.py:925} INFO - DAG(s) 'aula_4_1_get_stocks_dag' retrieved from /opt/airflow/dags/aula_5_3_get_stocks_dag.py
[2024-11-01T23:37:44.939+0000] {logging_mixin.py:190} INFO - [2024-11-01T23:37:44.938+0000] {dag.py:3239} INFO - Sync 1 DAGs
[2024-11-01T23:37:44.983+0000] {logging_mixin.py:190} INFO - [2024-11-01T23:37:44.983+0000] {dag.py:4180} INFO - Setting next_dagrun for aula_4_1_get_stocks_dag to 2022-02-16 00:00:00+00:00, run_after=2022-02-17 00:00:00+00:00
[2024-11-01T23:37:45.009+0000] {processor.py:208} INFO - Processing /opt/airflow/dags/aula_5_3_get_stocks_dag.py took 1.555 seconds
[2024-11-01T23:38:15.263+0000] {processor.py:186} INFO - Started process (PID=22050) to work on /opt/airflow/dags/aula_5_3_get_stocks_dag.py
[2024-11-01T23:38:15.267+0000] {processor.py:914} INFO - Processing file /opt/airflow/dags/aula_5_3_get_stocks_dag.py for tasks to queue
[2024-11-01T23:38:15.284+0000] {logging_mixin.py:190} INFO - [2024-11-01T23:38:15.282+0000] {dagbag.py:588} INFO - Filling up the DagBag from /opt/airflow/dags/aula_5_3_get_stocks_dag.py
[2024-11-01T23:38:16.613+0000] {processor.py:925} INFO - DAG(s) 'aula_4_1_get_stocks_dag' retrieved from /opt/airflow/dags/aula_5_3_get_stocks_dag.py
[2024-11-01T23:38:16.860+0000] {logging_mixin.py:190} INFO - [2024-11-01T23:38:16.858+0000] {dag.py:3239} INFO - Sync 1 DAGs
[2024-11-01T23:38:16.903+0000] {logging_mixin.py:190} INFO - [2024-11-01T23:38:16.902+0000] {dag.py:4180} INFO - Setting next_dagrun for aula_4_1_get_stocks_dag to 2022-02-16 00:00:00+00:00, run_after=2022-02-17 00:00:00+00:00
[2024-11-01T23:38:16.939+0000] {processor.py:208} INFO - Processing /opt/airflow/dags/aula_5_3_get_stocks_dag.py took 1.718 seconds
[2024-11-01T23:38:47.618+0000] {processor.py:186} INFO - Started process (PID=22068) to work on /opt/airflow/dags/aula_5_3_get_stocks_dag.py
[2024-11-01T23:38:47.621+0000] {processor.py:914} INFO - Processing file /opt/airflow/dags/aula_5_3_get_stocks_dag.py for tasks to queue
[2024-11-01T23:38:47.633+0000] {logging_mixin.py:190} INFO - [2024-11-01T23:38:47.631+0000] {dagbag.py:588} INFO - Filling up the DagBag from /opt/airflow/dags/aula_5_3_get_stocks_dag.py
[2024-11-01T23:38:48.869+0000] {processor.py:925} INFO - DAG(s) 'aula_4_1_get_stocks_dag' retrieved from /opt/airflow/dags/aula_5_3_get_stocks_dag.py
[2024-11-01T23:38:48.917+0000] {logging_mixin.py:190} INFO - [2024-11-01T23:38:48.916+0000] {dag.py:3239} INFO - Sync 1 DAGs
[2024-11-01T23:38:48.965+0000] {logging_mixin.py:190} INFO - [2024-11-01T23:38:48.965+0000] {dag.py:4180} INFO - Setting next_dagrun for aula_4_1_get_stocks_dag to 2022-02-16 00:00:00+00:00, run_after=2022-02-17 00:00:00+00:00
[2024-11-01T23:38:48.996+0000] {processor.py:208} INFO - Processing /opt/airflow/dags/aula_5_3_get_stocks_dag.py took 1.411 seconds
[2024-11-01T23:39:19.998+0000] {processor.py:186} INFO - Started process (PID=22086) to work on /opt/airflow/dags/aula_5_3_get_stocks_dag.py
[2024-11-01T23:39:20.002+0000] {processor.py:914} INFO - Processing file /opt/airflow/dags/aula_5_3_get_stocks_dag.py for tasks to queue
[2024-11-01T23:39:20.016+0000] {logging_mixin.py:190} INFO - [2024-11-01T23:39:20.014+0000] {dagbag.py:588} INFO - Filling up the DagBag from /opt/airflow/dags/aula_5_3_get_stocks_dag.py
[2024-11-01T23:39:21.226+0000] {processor.py:925} INFO - DAG(s) 'aula_4_1_get_stocks_dag' retrieved from /opt/airflow/dags/aula_5_3_get_stocks_dag.py
[2024-11-01T23:39:21.245+0000] {logging_mixin.py:190} INFO - [2024-11-01T23:39:21.243+0000] {dag.py:3239} INFO - Sync 1 DAGs
[2024-11-01T23:39:21.286+0000] {logging_mixin.py:190} INFO - [2024-11-01T23:39:21.286+0000] {dag.py:4180} INFO - Setting next_dagrun for aula_4_1_get_stocks_dag to 2022-02-16 00:00:00+00:00, run_after=2022-02-17 00:00:00+00:00
[2024-11-01T23:39:21.317+0000] {processor.py:208} INFO - Processing /opt/airflow/dags/aula_5_3_get_stocks_dag.py took 1.352 seconds
[2024-11-01T23:39:51.823+0000] {processor.py:186} INFO - Started process (PID=22103) to work on /opt/airflow/dags/aula_5_3_get_stocks_dag.py
[2024-11-01T23:39:51.826+0000] {processor.py:914} INFO - Processing file /opt/airflow/dags/aula_5_3_get_stocks_dag.py for tasks to queue
[2024-11-01T23:39:51.833+0000] {logging_mixin.py:190} INFO - [2024-11-01T23:39:51.832+0000] {dagbag.py:588} INFO - Filling up the DagBag from /opt/airflow/dags/aula_5_3_get_stocks_dag.py
[2024-11-01T23:39:53.381+0000] {processor.py:925} INFO - DAG(s) 'aula_4_1_get_stocks_dag' retrieved from /opt/airflow/dags/aula_5_3_get_stocks_dag.py
[2024-11-01T23:39:53.618+0000] {logging_mixin.py:190} INFO - [2024-11-01T23:39:53.617+0000] {dag.py:3239} INFO - Sync 1 DAGs
[2024-11-01T23:39:53.656+0000] {logging_mixin.py:190} INFO - [2024-11-01T23:39:53.655+0000] {dag.py:4180} INFO - Setting next_dagrun for aula_4_1_get_stocks_dag to 2022-02-16 00:00:00+00:00, run_after=2022-02-17 00:00:00+00:00
[2024-11-01T23:39:53.686+0000] {processor.py:208} INFO - Processing /opt/airflow/dags/aula_5_3_get_stocks_dag.py took 1.880 seconds
[2024-11-01T23:40:23.807+0000] {processor.py:186} INFO - Started process (PID=22121) to work on /opt/airflow/dags/aula_5_3_get_stocks_dag.py
[2024-11-01T23:40:23.808+0000] {processor.py:914} INFO - Processing file /opt/airflow/dags/aula_5_3_get_stocks_dag.py for tasks to queue
[2024-11-01T23:40:23.820+0000] {logging_mixin.py:190} INFO - [2024-11-01T23:40:23.819+0000] {dagbag.py:588} INFO - Filling up the DagBag from /opt/airflow/dags/aula_5_3_get_stocks_dag.py
[2024-11-01T23:40:25.218+0000] {processor.py:925} INFO - DAG(s) 'aula_4_1_get_stocks_dag' retrieved from /opt/airflow/dags/aula_5_3_get_stocks_dag.py
[2024-11-01T23:40:25.259+0000] {logging_mixin.py:190} INFO - [2024-11-01T23:40:25.258+0000] {dag.py:3239} INFO - Sync 1 DAGs
[2024-11-01T23:40:25.286+0000] {logging_mixin.py:190} INFO - [2024-11-01T23:40:25.285+0000] {dag.py:4180} INFO - Setting next_dagrun for aula_4_1_get_stocks_dag to 2022-02-16 00:00:00+00:00, run_after=2022-02-17 00:00:00+00:00
[2024-11-01T23:40:25.307+0000] {processor.py:208} INFO - Processing /opt/airflow/dags/aula_5_3_get_stocks_dag.py took 1.516 seconds
[2024-11-01T23:40:55.756+0000] {processor.py:186} INFO - Started process (PID=22138) to work on /opt/airflow/dags/aula_5_3_get_stocks_dag.py
[2024-11-01T23:40:55.759+0000] {processor.py:914} INFO - Processing file /opt/airflow/dags/aula_5_3_get_stocks_dag.py for tasks to queue
[2024-11-01T23:40:55.770+0000] {logging_mixin.py:190} INFO - [2024-11-01T23:40:55.769+0000] {dagbag.py:588} INFO - Filling up the DagBag from /opt/airflow/dags/aula_5_3_get_stocks_dag.py
[2024-11-01T23:40:56.617+0000] {processor.py:925} INFO - DAG(s) 'aula_4_1_get_stocks_dag' retrieved from /opt/airflow/dags/aula_5_3_get_stocks_dag.py
[2024-11-01T23:40:56.630+0000] {logging_mixin.py:190} INFO - [2024-11-01T23:40:56.629+0000] {dag.py:3239} INFO - Sync 1 DAGs
[2024-11-01T23:40:56.667+0000] {logging_mixin.py:190} INFO - [2024-11-01T23:40:56.667+0000] {dag.py:4180} INFO - Setting next_dagrun for aula_4_1_get_stocks_dag to 2022-02-16 00:00:00+00:00, run_after=2022-02-17 00:00:00+00:00
[2024-11-01T23:40:56.684+0000] {processor.py:208} INFO - Processing /opt/airflow/dags/aula_5_3_get_stocks_dag.py took 0.953 seconds
[2024-11-01T23:41:26.866+0000] {processor.py:186} INFO - Started process (PID=22156) to work on /opt/airflow/dags/aula_5_3_get_stocks_dag.py
[2024-11-01T23:41:26.868+0000] {processor.py:914} INFO - Processing file /opt/airflow/dags/aula_5_3_get_stocks_dag.py for tasks to queue
[2024-11-01T23:41:26.877+0000] {logging_mixin.py:190} INFO - [2024-11-01T23:41:26.876+0000] {dagbag.py:588} INFO - Filling up the DagBag from /opt/airflow/dags/aula_5_3_get_stocks_dag.py
[2024-11-01T23:41:27.929+0000] {processor.py:925} INFO - DAG(s) 'aula_4_1_get_stocks_dag' retrieved from /opt/airflow/dags/aula_5_3_get_stocks_dag.py
[2024-11-01T23:41:28.102+0000] {logging_mixin.py:190} INFO - [2024-11-01T23:41:28.102+0000] {dag.py:3239} INFO - Sync 1 DAGs
[2024-11-01T23:41:28.132+0000] {logging_mixin.py:190} INFO - [2024-11-01T23:41:28.132+0000] {dag.py:4180} INFO - Setting next_dagrun for aula_4_1_get_stocks_dag to 2022-02-16 00:00:00+00:00, run_after=2022-02-17 00:00:00+00:00
[2024-11-01T23:41:28.154+0000] {processor.py:208} INFO - Processing /opt/airflow/dags/aula_5_3_get_stocks_dag.py took 1.315 seconds
[2024-11-01T23:41:58.631+0000] {processor.py:186} INFO - Started process (PID=22173) to work on /opt/airflow/dags/aula_5_3_get_stocks_dag.py
[2024-11-01T23:41:58.633+0000] {processor.py:914} INFO - Processing file /opt/airflow/dags/aula_5_3_get_stocks_dag.py for tasks to queue
[2024-11-01T23:41:58.646+0000] {logging_mixin.py:190} INFO - [2024-11-01T23:41:58.644+0000] {dagbag.py:588} INFO - Filling up the DagBag from /opt/airflow/dags/aula_5_3_get_stocks_dag.py
[2024-11-01T23:41:59.522+0000] {processor.py:925} INFO - DAG(s) 'aula_4_1_get_stocks_dag' retrieved from /opt/airflow/dags/aula_5_3_get_stocks_dag.py
[2024-11-01T23:41:59.555+0000] {logging_mixin.py:190} INFO - [2024-11-01T23:41:59.555+0000] {dag.py:3239} INFO - Sync 1 DAGs
[2024-11-01T23:41:59.577+0000] {logging_mixin.py:190} INFO - [2024-11-01T23:41:59.577+0000] {dag.py:4180} INFO - Setting next_dagrun for aula_4_1_get_stocks_dag to 2022-02-16 00:00:00+00:00, run_after=2022-02-17 00:00:00+00:00
[2024-11-01T23:41:59.595+0000] {processor.py:208} INFO - Processing /opt/airflow/dags/aula_5_3_get_stocks_dag.py took 0.997 seconds
[2024-11-01T23:42:30.163+0000] {processor.py:186} INFO - Started process (PID=22191) to work on /opt/airflow/dags/aula_5_3_get_stocks_dag.py
[2024-11-01T23:42:30.166+0000] {processor.py:914} INFO - Processing file /opt/airflow/dags/aula_5_3_get_stocks_dag.py for tasks to queue
[2024-11-01T23:42:30.176+0000] {logging_mixin.py:190} INFO - [2024-11-01T23:42:30.174+0000] {dagbag.py:588} INFO - Filling up the DagBag from /opt/airflow/dags/aula_5_3_get_stocks_dag.py
[2024-11-01T23:42:31.549+0000] {processor.py:925} INFO - DAG(s) 'aula_4_1_get_stocks_dag' retrieved from /opt/airflow/dags/aula_5_3_get_stocks_dag.py
[2024-11-01T23:42:31.561+0000] {logging_mixin.py:190} INFO - [2024-11-01T23:42:31.561+0000] {dag.py:3239} INFO - Sync 1 DAGs
[2024-11-01T23:42:31.599+0000] {logging_mixin.py:190} INFO - [2024-11-01T23:42:31.598+0000] {dag.py:4180} INFO - Setting next_dagrun for aula_4_1_get_stocks_dag to 2022-02-16 00:00:00+00:00, run_after=2022-02-17 00:00:00+00:00
[2024-11-01T23:42:31.618+0000] {processor.py:208} INFO - Processing /opt/airflow/dags/aula_5_3_get_stocks_dag.py took 1.479 seconds
[2024-11-01T23:43:02.047+0000] {processor.py:186} INFO - Started process (PID=22209) to work on /opt/airflow/dags/aula_5_3_get_stocks_dag.py
[2024-11-01T23:43:02.051+0000] {processor.py:914} INFO - Processing file /opt/airflow/dags/aula_5_3_get_stocks_dag.py for tasks to queue
[2024-11-01T23:43:02.064+0000] {logging_mixin.py:190} INFO - [2024-11-01T23:43:02.062+0000] {dagbag.py:588} INFO - Filling up the DagBag from /opt/airflow/dags/aula_5_3_get_stocks_dag.py
[2024-11-01T23:43:03.343+0000] {processor.py:925} INFO - DAG(s) 'aula_4_1_get_stocks_dag' retrieved from /opt/airflow/dags/aula_5_3_get_stocks_dag.py
[2024-11-01T23:43:03.571+0000] {logging_mixin.py:190} INFO - [2024-11-01T23:43:03.570+0000] {dag.py:3239} INFO - Sync 1 DAGs
[2024-11-01T23:43:03.608+0000] {logging_mixin.py:190} INFO - [2024-11-01T23:43:03.608+0000] {dag.py:4180} INFO - Setting next_dagrun for aula_4_1_get_stocks_dag to 2022-02-16 00:00:00+00:00, run_after=2022-02-17 00:00:00+00:00
[2024-11-01T23:43:03.640+0000] {processor.py:208} INFO - Processing /opt/airflow/dags/aula_5_3_get_stocks_dag.py took 1.622 seconds
[2024-11-01T23:43:33.989+0000] {processor.py:186} INFO - Started process (PID=22227) to work on /opt/airflow/dags/aula_5_3_get_stocks_dag.py
[2024-11-01T23:43:33.992+0000] {processor.py:914} INFO - Processing file /opt/airflow/dags/aula_5_3_get_stocks_dag.py for tasks to queue
[2024-11-01T23:43:34.007+0000] {logging_mixin.py:190} INFO - [2024-11-01T23:43:34.005+0000] {dagbag.py:588} INFO - Filling up the DagBag from /opt/airflow/dags/aula_5_3_get_stocks_dag.py
[2024-11-01T23:43:35.497+0000] {processor.py:925} INFO - DAG(s) 'aula_4_1_get_stocks_dag' retrieved from /opt/airflow/dags/aula_5_3_get_stocks_dag.py
[2024-11-01T23:43:35.553+0000] {logging_mixin.py:190} INFO - [2024-11-01T23:43:35.552+0000] {dag.py:3239} INFO - Sync 1 DAGs
[2024-11-01T23:43:35.593+0000] {logging_mixin.py:190} INFO - [2024-11-01T23:43:35.593+0000] {dag.py:4180} INFO - Setting next_dagrun for aula_4_1_get_stocks_dag to 2022-02-16 00:00:00+00:00, run_after=2022-02-17 00:00:00+00:00
[2024-11-01T23:43:35.618+0000] {processor.py:208} INFO - Processing /opt/airflow/dags/aula_5_3_get_stocks_dag.py took 1.670 seconds
[2024-11-01T23:44:06.511+0000] {processor.py:186} INFO - Started process (PID=22250) to work on /opt/airflow/dags/aula_5_3_get_stocks_dag.py
[2024-11-01T23:44:06.514+0000] {processor.py:914} INFO - Processing file /opt/airflow/dags/aula_5_3_get_stocks_dag.py for tasks to queue
[2024-11-01T23:44:06.523+0000] {logging_mixin.py:190} INFO - [2024-11-01T23:44:06.522+0000] {dagbag.py:588} INFO - Filling up the DagBag from /opt/airflow/dags/aula_5_3_get_stocks_dag.py
[2024-11-01T23:44:07.490+0000] {processor.py:925} INFO - DAG(s) 'aula_4_1_get_stocks_dag' retrieved from /opt/airflow/dags/aula_5_3_get_stocks_dag.py
[2024-11-01T23:44:07.499+0000] {logging_mixin.py:190} INFO - [2024-11-01T23:44:07.498+0000] {dag.py:3239} INFO - Sync 1 DAGs
[2024-11-01T23:44:07.520+0000] {logging_mixin.py:190} INFO - [2024-11-01T23:44:07.520+0000] {dag.py:4180} INFO - Setting next_dagrun for aula_4_1_get_stocks_dag to 2022-02-16 00:00:00+00:00, run_after=2022-02-17 00:00:00+00:00
[2024-11-01T23:44:07.535+0000] {processor.py:208} INFO - Processing /opt/airflow/dags/aula_5_3_get_stocks_dag.py took 1.050 seconds
[2024-11-01T23:44:37.724+0000] {processor.py:186} INFO - Started process (PID=22268) to work on /opt/airflow/dags/aula_5_3_get_stocks_dag.py
[2024-11-01T23:44:37.725+0000] {processor.py:914} INFO - Processing file /opt/airflow/dags/aula_5_3_get_stocks_dag.py for tasks to queue
[2024-11-01T23:44:37.728+0000] {logging_mixin.py:190} INFO - [2024-11-01T23:44:37.728+0000] {dagbag.py:588} INFO - Filling up the DagBag from /opt/airflow/dags/aula_5_3_get_stocks_dag.py
[2024-11-01T23:44:38.419+0000] {processor.py:925} INFO - DAG(s) 'aula_4_1_get_stocks_dag' retrieved from /opt/airflow/dags/aula_5_3_get_stocks_dag.py
[2024-11-01T23:44:38.574+0000] {logging_mixin.py:190} INFO - [2024-11-01T23:44:38.573+0000] {dag.py:3239} INFO - Sync 1 DAGs
[2024-11-01T23:44:38.602+0000] {logging_mixin.py:190} INFO - [2024-11-01T23:44:38.602+0000] {dag.py:4180} INFO - Setting next_dagrun for aula_4_1_get_stocks_dag to 2022-02-16 00:00:00+00:00, run_after=2022-02-17 00:00:00+00:00
[2024-11-01T23:44:38.621+0000] {processor.py:208} INFO - Processing /opt/airflow/dags/aula_5_3_get_stocks_dag.py took 0.904 seconds
[2024-11-01T23:45:08.839+0000] {processor.py:186} INFO - Started process (PID=22286) to work on /opt/airflow/dags/aula_5_3_get_stocks_dag.py
[2024-11-01T23:45:08.839+0000] {processor.py:914} INFO - Processing file /opt/airflow/dags/aula_5_3_get_stocks_dag.py for tasks to queue
[2024-11-01T23:45:08.842+0000] {logging_mixin.py:190} INFO - [2024-11-01T23:45:08.842+0000] {dagbag.py:588} INFO - Filling up the DagBag from /opt/airflow/dags/aula_5_3_get_stocks_dag.py
[2024-11-01T23:45:09.681+0000] {processor.py:925} INFO - DAG(s) 'aula_4_1_get_stocks_dag' retrieved from /opt/airflow/dags/aula_5_3_get_stocks_dag.py
[2024-11-01T23:45:09.729+0000] {logging_mixin.py:190} INFO - [2024-11-01T23:45:09.728+0000] {dag.py:3239} INFO - Sync 1 DAGs
[2024-11-01T23:45:09.759+0000] {logging_mixin.py:190} INFO - [2024-11-01T23:45:09.758+0000] {dag.py:4180} INFO - Setting next_dagrun for aula_4_1_get_stocks_dag to 2022-02-16 00:00:00+00:00, run_after=2022-02-17 00:00:00+00:00
[2024-11-01T23:45:09.779+0000] {processor.py:208} INFO - Processing /opt/airflow/dags/aula_5_3_get_stocks_dag.py took 0.947 seconds
[2024-11-01T23:45:39.928+0000] {processor.py:186} INFO - Started process (PID=22303) to work on /opt/airflow/dags/aula_5_3_get_stocks_dag.py
[2024-11-01T23:45:39.929+0000] {processor.py:914} INFO - Processing file /opt/airflow/dags/aula_5_3_get_stocks_dag.py for tasks to queue
[2024-11-01T23:45:39.936+0000] {logging_mixin.py:190} INFO - [2024-11-01T23:45:39.935+0000] {dagbag.py:588} INFO - Filling up the DagBag from /opt/airflow/dags/aula_5_3_get_stocks_dag.py
[2024-11-01T23:45:40.812+0000] {processor.py:925} INFO - DAG(s) 'aula_4_1_get_stocks_dag' retrieved from /opt/airflow/dags/aula_5_3_get_stocks_dag.py
[2024-11-01T23:45:40.826+0000] {logging_mixin.py:190} INFO - [2024-11-01T23:45:40.825+0000] {dag.py:3239} INFO - Sync 1 DAGs
[2024-11-01T23:45:40.859+0000] {logging_mixin.py:190} INFO - [2024-11-01T23:45:40.859+0000] {dag.py:4180} INFO - Setting next_dagrun for aula_4_1_get_stocks_dag to 2022-02-16 00:00:00+00:00, run_after=2022-02-17 00:00:00+00:00
[2024-11-01T23:45:40.879+0000] {processor.py:208} INFO - Processing /opt/airflow/dags/aula_5_3_get_stocks_dag.py took 0.959 seconds
[2024-11-01T23:46:11.192+0000] {processor.py:186} INFO - Started process (PID=22321) to work on /opt/airflow/dags/aula_5_3_get_stocks_dag.py
[2024-11-01T23:46:11.195+0000] {processor.py:914} INFO - Processing file /opt/airflow/dags/aula_5_3_get_stocks_dag.py for tasks to queue
[2024-11-01T23:46:11.204+0000] {logging_mixin.py:190} INFO - [2024-11-01T23:46:11.203+0000] {dagbag.py:588} INFO - Filling up the DagBag from /opt/airflow/dags/aula_5_3_get_stocks_dag.py
[2024-11-01T23:46:12.041+0000] {processor.py:925} INFO - DAG(s) 'aula_4_1_get_stocks_dag' retrieved from /opt/airflow/dags/aula_5_3_get_stocks_dag.py
[2024-11-01T23:46:12.164+0000] {logging_mixin.py:190} INFO - [2024-11-01T23:46:12.163+0000] {dag.py:3239} INFO - Sync 1 DAGs
[2024-11-01T23:46:12.186+0000] {logging_mixin.py:190} INFO - [2024-11-01T23:46:12.185+0000] {dag.py:4180} INFO - Setting next_dagrun for aula_4_1_get_stocks_dag to 2022-02-16 00:00:00+00:00, run_after=2022-02-17 00:00:00+00:00
[2024-11-01T23:46:12.200+0000] {processor.py:208} INFO - Processing /opt/airflow/dags/aula_5_3_get_stocks_dag.py took 1.033 seconds
[2024-11-01T23:46:42.381+0000] {processor.py:186} INFO - Started process (PID=22339) to work on /opt/airflow/dags/aula_5_3_get_stocks_dag.py
[2024-11-01T23:46:42.383+0000] {processor.py:914} INFO - Processing file /opt/airflow/dags/aula_5_3_get_stocks_dag.py for tasks to queue
[2024-11-01T23:46:42.393+0000] {logging_mixin.py:190} INFO - [2024-11-01T23:46:42.392+0000] {dagbag.py:588} INFO - Filling up the DagBag from /opt/airflow/dags/aula_5_3_get_stocks_dag.py
[2024-11-01T23:46:43.180+0000] {processor.py:925} INFO - DAG(s) 'aula_4_1_get_stocks_dag' retrieved from /opt/airflow/dags/aula_5_3_get_stocks_dag.py
[2024-11-01T23:46:43.209+0000] {logging_mixin.py:190} INFO - [2024-11-01T23:46:43.209+0000] {dag.py:3239} INFO - Sync 1 DAGs
[2024-11-01T23:46:43.230+0000] {logging_mixin.py:190} INFO - [2024-11-01T23:46:43.230+0000] {dag.py:4180} INFO - Setting next_dagrun for aula_4_1_get_stocks_dag to 2022-02-16 00:00:00+00:00, run_after=2022-02-17 00:00:00+00:00
[2024-11-01T23:46:43.246+0000] {processor.py:208} INFO - Processing /opt/airflow/dags/aula_5_3_get_stocks_dag.py took 0.889 seconds
[2024-11-01T23:47:13.658+0000] {processor.py:186} INFO - Started process (PID=22357) to work on /opt/airflow/dags/aula_5_3_get_stocks_dag.py
[2024-11-01T23:47:13.660+0000] {processor.py:914} INFO - Processing file /opt/airflow/dags/aula_5_3_get_stocks_dag.py for tasks to queue
[2024-11-01T23:47:13.670+0000] {logging_mixin.py:190} INFO - [2024-11-01T23:47:13.668+0000] {dagbag.py:588} INFO - Filling up the DagBag from /opt/airflow/dags/aula_5_3_get_stocks_dag.py
[2024-11-01T23:47:14.426+0000] {processor.py:925} INFO - DAG(s) 'aula_4_1_get_stocks_dag' retrieved from /opt/airflow/dags/aula_5_3_get_stocks_dag.py
[2024-11-01T23:47:14.434+0000] {logging_mixin.py:190} INFO - [2024-11-01T23:47:14.434+0000] {dag.py:3239} INFO - Sync 1 DAGs
[2024-11-01T23:47:14.456+0000] {logging_mixin.py:190} INFO - [2024-11-01T23:47:14.456+0000] {dag.py:4180} INFO - Setting next_dagrun for aula_4_1_get_stocks_dag to 2022-02-16 00:00:00+00:00, run_after=2022-02-17 00:00:00+00:00
[2024-11-01T23:47:14.472+0000] {processor.py:208} INFO - Processing /opt/airflow/dags/aula_5_3_get_stocks_dag.py took 0.841 seconds
[2024-11-01T23:47:45.170+0000] {processor.py:186} INFO - Started process (PID=22374) to work on /opt/airflow/dags/aula_5_3_get_stocks_dag.py
[2024-11-01T23:47:45.173+0000] {processor.py:914} INFO - Processing file /opt/airflow/dags/aula_5_3_get_stocks_dag.py for tasks to queue
[2024-11-01T23:47:45.183+0000] {logging_mixin.py:190} INFO - [2024-11-01T23:47:45.182+0000] {dagbag.py:588} INFO - Filling up the DagBag from /opt/airflow/dags/aula_5_3_get_stocks_dag.py
[2024-11-01T23:47:46.810+0000] {processor.py:925} INFO - DAG(s) 'aula_4_1_get_stocks_dag' retrieved from /opt/airflow/dags/aula_5_3_get_stocks_dag.py
[2024-11-01T23:47:46.977+0000] {logging_mixin.py:190} INFO - [2024-11-01T23:47:46.976+0000] {dag.py:3239} INFO - Sync 1 DAGs
[2024-11-01T23:47:47.005+0000] {logging_mixin.py:190} INFO - [2024-11-01T23:47:47.004+0000] {dag.py:4180} INFO - Setting next_dagrun for aula_4_1_get_stocks_dag to 2022-02-16 00:00:00+00:00, run_after=2022-02-17 00:00:00+00:00
[2024-11-01T23:47:47.025+0000] {processor.py:208} INFO - Processing /opt/airflow/dags/aula_5_3_get_stocks_dag.py took 1.882 seconds
[2024-11-01T23:48:17.197+0000] {processor.py:186} INFO - Started process (PID=22393) to work on /opt/airflow/dags/aula_5_3_get_stocks_dag.py
[2024-11-01T23:48:17.198+0000] {processor.py:914} INFO - Processing file /opt/airflow/dags/aula_5_3_get_stocks_dag.py for tasks to queue
[2024-11-01T23:48:17.203+0000] {logging_mixin.py:190} INFO - [2024-11-01T23:48:17.202+0000] {dagbag.py:588} INFO - Filling up the DagBag from /opt/airflow/dags/aula_5_3_get_stocks_dag.py
[2024-11-01T23:48:18.057+0000] {processor.py:925} INFO - DAG(s) 'aula_4_1_get_stocks_dag' retrieved from /opt/airflow/dags/aula_5_3_get_stocks_dag.py
[2024-11-01T23:48:18.089+0000] {logging_mixin.py:190} INFO - [2024-11-01T23:48:18.088+0000] {dag.py:3239} INFO - Sync 1 DAGs
[2024-11-01T23:48:18.116+0000] {logging_mixin.py:190} INFO - [2024-11-01T23:48:18.116+0000] {dag.py:4180} INFO - Setting next_dagrun for aula_4_1_get_stocks_dag to 2022-02-16 00:00:00+00:00, run_after=2022-02-17 00:00:00+00:00
[2024-11-01T23:48:18.154+0000] {processor.py:208} INFO - Processing /opt/airflow/dags/aula_5_3_get_stocks_dag.py took 0.965 seconds
[2024-11-01T23:48:48.560+0000] {processor.py:186} INFO - Started process (PID=22411) to work on /opt/airflow/dags/aula_5_3_get_stocks_dag.py
[2024-11-01T23:48:48.562+0000] {processor.py:914} INFO - Processing file /opt/airflow/dags/aula_5_3_get_stocks_dag.py for tasks to queue
[2024-11-01T23:48:48.571+0000] {logging_mixin.py:190} INFO - [2024-11-01T23:48:48.570+0000] {dagbag.py:588} INFO - Filling up the DagBag from /opt/airflow/dags/aula_5_3_get_stocks_dag.py
[2024-11-01T23:48:49.431+0000] {processor.py:925} INFO - DAG(s) 'aula_4_1_get_stocks_dag' retrieved from /opt/airflow/dags/aula_5_3_get_stocks_dag.py
[2024-11-01T23:48:49.440+0000] {logging_mixin.py:190} INFO - [2024-11-01T23:48:49.439+0000] {dag.py:3239} INFO - Sync 1 DAGs
[2024-11-01T23:48:49.459+0000] {logging_mixin.py:190} INFO - [2024-11-01T23:48:49.458+0000] {dag.py:4180} INFO - Setting next_dagrun for aula_4_1_get_stocks_dag to 2022-02-16 00:00:00+00:00, run_after=2022-02-17 00:00:00+00:00
[2024-11-01T23:48:49.472+0000] {processor.py:208} INFO - Processing /opt/airflow/dags/aula_5_3_get_stocks_dag.py took 0.936 seconds
[2024-11-01T23:49:19.730+0000] {processor.py:186} INFO - Started process (PID=22429) to work on /opt/airflow/dags/aula_5_3_get_stocks_dag.py
[2024-11-01T23:49:19.732+0000] {processor.py:914} INFO - Processing file /opt/airflow/dags/aula_5_3_get_stocks_dag.py for tasks to queue
[2024-11-01T23:49:19.742+0000] {logging_mixin.py:190} INFO - [2024-11-01T23:49:19.740+0000] {dagbag.py:588} INFO - Filling up the DagBag from /opt/airflow/dags/aula_5_3_get_stocks_dag.py
[2024-11-01T23:49:20.496+0000] {processor.py:925} INFO - DAG(s) 'aula_4_1_get_stocks_dag' retrieved from /opt/airflow/dags/aula_5_3_get_stocks_dag.py
[2024-11-01T23:49:20.619+0000] {logging_mixin.py:190} INFO - [2024-11-01T23:49:20.619+0000] {dag.py:3239} INFO - Sync 1 DAGs
[2024-11-01T23:49:20.639+0000] {logging_mixin.py:190} INFO - [2024-11-01T23:49:20.639+0000] {dag.py:4180} INFO - Setting next_dagrun for aula_4_1_get_stocks_dag to 2022-02-16 00:00:00+00:00, run_after=2022-02-17 00:00:00+00:00
[2024-11-01T23:49:20.656+0000] {processor.py:208} INFO - Processing /opt/airflow/dags/aula_5_3_get_stocks_dag.py took 0.950 seconds
[2024-11-01T23:49:50.987+0000] {processor.py:186} INFO - Started process (PID=22447) to work on /opt/airflow/dags/aula_5_3_get_stocks_dag.py
[2024-11-01T23:49:50.989+0000] {processor.py:914} INFO - Processing file /opt/airflow/dags/aula_5_3_get_stocks_dag.py for tasks to queue
[2024-11-01T23:49:50.998+0000] {logging_mixin.py:190} INFO - [2024-11-01T23:49:50.997+0000] {dagbag.py:588} INFO - Filling up the DagBag from /opt/airflow/dags/aula_5_3_get_stocks_dag.py
[2024-11-01T23:49:52.100+0000] {processor.py:925} INFO - DAG(s) 'aula_4_1_get_stocks_dag' retrieved from /opt/airflow/dags/aula_5_3_get_stocks_dag.py
[2024-11-01T23:49:52.147+0000] {logging_mixin.py:190} INFO - [2024-11-01T23:49:52.147+0000] {dag.py:3239} INFO - Sync 1 DAGs
[2024-11-01T23:49:52.175+0000] {logging_mixin.py:190} INFO - [2024-11-01T23:49:52.175+0000] {dag.py:4180} INFO - Setting next_dagrun for aula_4_1_get_stocks_dag to 2022-02-16 00:00:00+00:00, run_after=2022-02-17 00:00:00+00:00
[2024-11-01T23:49:52.195+0000] {processor.py:208} INFO - Processing /opt/airflow/dags/aula_5_3_get_stocks_dag.py took 1.236 seconds
[2024-11-01T23:50:22.729+0000] {processor.py:186} INFO - Started process (PID=22464) to work on /opt/airflow/dags/aula_5_3_get_stocks_dag.py
[2024-11-01T23:50:22.730+0000] {processor.py:914} INFO - Processing file /opt/airflow/dags/aula_5_3_get_stocks_dag.py for tasks to queue
[2024-11-01T23:50:22.734+0000] {logging_mixin.py:190} INFO - [2024-11-01T23:50:22.733+0000] {dagbag.py:588} INFO - Filling up the DagBag from /opt/airflow/dags/aula_5_3_get_stocks_dag.py
[2024-11-01T23:50:23.481+0000] {processor.py:925} INFO - DAG(s) 'aula_4_1_get_stocks_dag' retrieved from /opt/airflow/dags/aula_5_3_get_stocks_dag.py
[2024-11-01T23:50:23.490+0000] {logging_mixin.py:190} INFO - [2024-11-01T23:50:23.490+0000] {dag.py:3239} INFO - Sync 1 DAGs
[2024-11-01T23:50:23.514+0000] {logging_mixin.py:190} INFO - [2024-11-01T23:50:23.514+0000] {dag.py:4180} INFO - Setting next_dagrun for aula_4_1_get_stocks_dag to 2022-02-16 00:00:00+00:00, run_after=2022-02-17 00:00:00+00:00
[2024-11-01T23:50:23.530+0000] {processor.py:208} INFO - Processing /opt/airflow/dags/aula_5_3_get_stocks_dag.py took 0.814 seconds
[2024-11-01T23:50:54.186+0000] {processor.py:186} INFO - Started process (PID=22483) to work on /opt/airflow/dags/aula_5_3_get_stocks_dag.py
[2024-11-01T23:50:54.188+0000] {processor.py:914} INFO - Processing file /opt/airflow/dags/aula_5_3_get_stocks_dag.py for tasks to queue
[2024-11-01T23:50:54.200+0000] {logging_mixin.py:190} INFO - [2024-11-01T23:50:54.198+0000] {dagbag.py:588} INFO - Filling up the DagBag from /opt/airflow/dags/aula_5_3_get_stocks_dag.py
[2024-11-01T23:50:54.913+0000] {processor.py:925} INFO - DAG(s) 'aula_4_1_get_stocks_dag' retrieved from /opt/airflow/dags/aula_5_3_get_stocks_dag.py
[2024-11-01T23:50:55.049+0000] {logging_mixin.py:190} INFO - [2024-11-01T23:50:55.049+0000] {dag.py:3239} INFO - Sync 1 DAGs
[2024-11-01T23:50:55.070+0000] {logging_mixin.py:190} INFO - [2024-11-01T23:50:55.070+0000] {dag.py:4180} INFO - Setting next_dagrun for aula_4_1_get_stocks_dag to 2022-02-16 00:00:00+00:00, run_after=2022-02-17 00:00:00+00:00
[2024-11-01T23:50:55.086+0000] {processor.py:208} INFO - Processing /opt/airflow/dags/aula_5_3_get_stocks_dag.py took 0.927 seconds
[2024-11-01T23:51:25.520+0000] {processor.py:186} INFO - Started process (PID=22502) to work on /opt/airflow/dags/aula_5_3_get_stocks_dag.py
[2024-11-01T23:51:25.521+0000] {processor.py:914} INFO - Processing file /opt/airflow/dags/aula_5_3_get_stocks_dag.py for tasks to queue
[2024-11-01T23:51:25.524+0000] {logging_mixin.py:190} INFO - [2024-11-01T23:51:25.524+0000] {dagbag.py:588} INFO - Filling up the DagBag from /opt/airflow/dags/aula_5_3_get_stocks_dag.py
[2024-11-01T23:51:26.489+0000] {processor.py:925} INFO - DAG(s) 'aula_4_1_get_stocks_dag' retrieved from /opt/airflow/dags/aula_5_3_get_stocks_dag.py
[2024-11-01T23:51:26.530+0000] {logging_mixin.py:190} INFO - [2024-11-01T23:51:26.530+0000] {dag.py:3239} INFO - Sync 1 DAGs
[2024-11-01T23:51:26.559+0000] {logging_mixin.py:190} INFO - [2024-11-01T23:51:26.559+0000] {dag.py:4180} INFO - Setting next_dagrun for aula_4_1_get_stocks_dag to 2022-02-16 00:00:00+00:00, run_after=2022-02-17 00:00:00+00:00
[2024-11-01T23:51:26.576+0000] {processor.py:208} INFO - Processing /opt/airflow/dags/aula_5_3_get_stocks_dag.py took 1.068 seconds
[2024-11-01T23:51:57.271+0000] {processor.py:186} INFO - Started process (PID=22520) to work on /opt/airflow/dags/aula_5_3_get_stocks_dag.py
[2024-11-01T23:51:57.272+0000] {processor.py:914} INFO - Processing file /opt/airflow/dags/aula_5_3_get_stocks_dag.py for tasks to queue
[2024-11-01T23:51:57.276+0000] {logging_mixin.py:190} INFO - [2024-11-01T23:51:57.275+0000] {dagbag.py:588} INFO - Filling up the DagBag from /opt/airflow/dags/aula_5_3_get_stocks_dag.py
[2024-11-01T23:51:58.488+0000] {processor.py:925} INFO - DAG(s) 'aula_4_1_get_stocks_dag' retrieved from /opt/airflow/dags/aula_5_3_get_stocks_dag.py
[2024-11-01T23:51:58.502+0000] {logging_mixin.py:190} INFO - [2024-11-01T23:51:58.501+0000] {dag.py:3239} INFO - Sync 1 DAGs
[2024-11-01T23:51:58.543+0000] {logging_mixin.py:190} INFO - [2024-11-01T23:51:58.543+0000] {dag.py:4180} INFO - Setting next_dagrun for aula_4_1_get_stocks_dag to 2022-02-16 00:00:00+00:00, run_after=2022-02-17 00:00:00+00:00
[2024-11-01T23:51:58.569+0000] {processor.py:208} INFO - Processing /opt/airflow/dags/aula_5_3_get_stocks_dag.py took 1.310 seconds
[2024-11-01T23:52:28.827+0000] {processor.py:186} INFO - Started process (PID=22538) to work on /opt/airflow/dags/aula_5_3_get_stocks_dag.py
[2024-11-01T23:52:28.834+0000] {processor.py:914} INFO - Processing file /opt/airflow/dags/aula_5_3_get_stocks_dag.py for tasks to queue
[2024-11-01T23:52:28.854+0000] {logging_mixin.py:190} INFO - [2024-11-01T23:52:28.852+0000] {dagbag.py:588} INFO - Filling up the DagBag from /opt/airflow/dags/aula_5_3_get_stocks_dag.py
[2024-11-01T23:52:30.354+0000] {processor.py:925} INFO - DAG(s) 'aula_4_1_get_stocks_dag' retrieved from /opt/airflow/dags/aula_5_3_get_stocks_dag.py
[2024-11-01T23:52:30.664+0000] {logging_mixin.py:190} INFO - [2024-11-01T23:52:30.662+0000] {dag.py:3239} INFO - Sync 1 DAGs
[2024-11-01T23:52:30.734+0000] {logging_mixin.py:190} INFO - [2024-11-01T23:52:30.733+0000] {dag.py:4180} INFO - Setting next_dagrun for aula_4_1_get_stocks_dag to 2022-02-16 00:00:00+00:00, run_after=2022-02-17 00:00:00+00:00
[2024-11-01T23:52:30.776+0000] {processor.py:208} INFO - Processing /opt/airflow/dags/aula_5_3_get_stocks_dag.py took 2.000 seconds
[2024-11-01T23:53:01.051+0000] {processor.py:186} INFO - Started process (PID=22556) to work on /opt/airflow/dags/aula_5_3_get_stocks_dag.py
[2024-11-01T23:53:01.052+0000] {processor.py:914} INFO - Processing file /opt/airflow/dags/aula_5_3_get_stocks_dag.py for tasks to queue
[2024-11-01T23:53:01.056+0000] {logging_mixin.py:190} INFO - [2024-11-01T23:53:01.055+0000] {dagbag.py:588} INFO - Filling up the DagBag from /opt/airflow/dags/aula_5_3_get_stocks_dag.py
[2024-11-01T23:53:02.197+0000] {processor.py:925} INFO - DAG(s) 'aula_4_1_get_stocks_dag' retrieved from /opt/airflow/dags/aula_5_3_get_stocks_dag.py
[2024-11-01T23:53:02.244+0000] {logging_mixin.py:190} INFO - [2024-11-01T23:53:02.244+0000] {dag.py:3239} INFO - Sync 1 DAGs
[2024-11-01T23:53:02.269+0000] {logging_mixin.py:190} INFO - [2024-11-01T23:53:02.269+0000] {dag.py:4180} INFO - Setting next_dagrun for aula_4_1_get_stocks_dag to 2022-02-16 00:00:00+00:00, run_after=2022-02-17 00:00:00+00:00
[2024-11-01T23:53:02.286+0000] {processor.py:208} INFO - Processing /opt/airflow/dags/aula_5_3_get_stocks_dag.py took 1.246 seconds
[2024-11-01T23:53:32.910+0000] {processor.py:186} INFO - Started process (PID=22575) to work on /opt/airflow/dags/aula_5_3_get_stocks_dag.py
[2024-11-01T23:53:32.913+0000] {processor.py:914} INFO - Processing file /opt/airflow/dags/aula_5_3_get_stocks_dag.py for tasks to queue
[2024-11-01T23:53:32.924+0000] {logging_mixin.py:190} INFO - [2024-11-01T23:53:32.923+0000] {dagbag.py:588} INFO - Filling up the DagBag from /opt/airflow/dags/aula_5_3_get_stocks_dag.py
[2024-11-01T23:53:35.026+0000] {processor.py:925} INFO - DAG(s) 'aula_4_1_get_stocks_dag' retrieved from /opt/airflow/dags/aula_5_3_get_stocks_dag.py
[2024-11-01T23:53:35.043+0000] {logging_mixin.py:190} INFO - [2024-11-01T23:53:35.042+0000] {dag.py:3239} INFO - Sync 1 DAGs
[2024-11-01T23:53:35.082+0000] {logging_mixin.py:190} INFO - [2024-11-01T23:53:35.082+0000] {dag.py:4180} INFO - Setting next_dagrun for aula_4_1_get_stocks_dag to 2022-02-16 00:00:00+00:00, run_after=2022-02-17 00:00:00+00:00
[2024-11-01T23:53:35.109+0000] {processor.py:208} INFO - Processing /opt/airflow/dags/aula_5_3_get_stocks_dag.py took 2.218 seconds
[2024-11-01T23:54:05.414+0000] {processor.py:186} INFO - Started process (PID=22593) to work on /opt/airflow/dags/aula_5_3_get_stocks_dag.py
[2024-11-01T23:54:05.416+0000] {processor.py:914} INFO - Processing file /opt/airflow/dags/aula_5_3_get_stocks_dag.py for tasks to queue
[2024-11-01T23:54:05.426+0000] {logging_mixin.py:190} INFO - [2024-11-01T23:54:05.424+0000] {dagbag.py:588} INFO - Filling up the DagBag from /opt/airflow/dags/aula_5_3_get_stocks_dag.py
[2024-11-01T23:54:06.429+0000] {processor.py:925} INFO - DAG(s) 'aula_4_1_get_stocks_dag' retrieved from /opt/airflow/dags/aula_5_3_get_stocks_dag.py
[2024-11-01T23:54:06.774+0000] {logging_mixin.py:190} INFO - [2024-11-01T23:54:06.772+0000] {dag.py:3239} INFO - Sync 1 DAGs
[2024-11-01T23:54:06.851+0000] {logging_mixin.py:190} INFO - [2024-11-01T23:54:06.851+0000] {dag.py:4180} INFO - Setting next_dagrun for aula_4_1_get_stocks_dag to 2022-02-16 00:00:00+00:00, run_after=2022-02-17 00:00:00+00:00
[2024-11-01T23:54:06.871+0000] {processor.py:208} INFO - Processing /opt/airflow/dags/aula_5_3_get_stocks_dag.py took 1.483 seconds
[2024-11-01T23:54:37.121+0000] {processor.py:186} INFO - Started process (PID=22611) to work on /opt/airflow/dags/aula_5_3_get_stocks_dag.py
[2024-11-01T23:54:37.124+0000] {processor.py:914} INFO - Processing file /opt/airflow/dags/aula_5_3_get_stocks_dag.py for tasks to queue
[2024-11-01T23:54:37.131+0000] {logging_mixin.py:190} INFO - [2024-11-01T23:54:37.130+0000] {dagbag.py:588} INFO - Filling up the DagBag from /opt/airflow/dags/aula_5_3_get_stocks_dag.py
[2024-11-01T23:54:38.970+0000] {processor.py:925} INFO - DAG(s) 'aula_4_1_get_stocks_dag' retrieved from /opt/airflow/dags/aula_5_3_get_stocks_dag.py
[2024-11-01T23:54:39.040+0000] {logging_mixin.py:190} INFO - [2024-11-01T23:54:39.040+0000] {dag.py:3239} INFO - Sync 1 DAGs
[2024-11-01T23:54:39.082+0000] {logging_mixin.py:190} INFO - [2024-11-01T23:54:39.081+0000] {dag.py:4180} INFO - Setting next_dagrun for aula_4_1_get_stocks_dag to 2022-02-16 00:00:00+00:00, run_after=2022-02-17 00:00:00+00:00
[2024-11-01T23:54:39.107+0000] {processor.py:208} INFO - Processing /opt/airflow/dags/aula_5_3_get_stocks_dag.py took 2.001 seconds
[2024-11-01T23:55:09.631+0000] {processor.py:186} INFO - Started process (PID=22629) to work on /opt/airflow/dags/aula_5_3_get_stocks_dag.py
[2024-11-01T23:55:09.633+0000] {processor.py:914} INFO - Processing file /opt/airflow/dags/aula_5_3_get_stocks_dag.py for tasks to queue
[2024-11-01T23:55:09.639+0000] {logging_mixin.py:190} INFO - [2024-11-01T23:55:09.638+0000] {dagbag.py:588} INFO - Filling up the DagBag from /opt/airflow/dags/aula_5_3_get_stocks_dag.py
[2024-11-01T23:55:11.443+0000] {processor.py:925} INFO - DAG(s) 'aula_4_1_get_stocks_dag' retrieved from /opt/airflow/dags/aula_5_3_get_stocks_dag.py
[2024-11-01T23:55:11.455+0000] {logging_mixin.py:190} INFO - [2024-11-01T23:55:11.454+0000] {dag.py:3239} INFO - Sync 1 DAGs
[2024-11-01T23:55:11.490+0000] {logging_mixin.py:190} INFO - [2024-11-01T23:55:11.489+0000] {dag.py:4180} INFO - Setting next_dagrun for aula_4_1_get_stocks_dag to 2022-02-16 00:00:00+00:00, run_after=2022-02-17 00:00:00+00:00
[2024-11-01T23:55:11.536+0000] {processor.py:208} INFO - Processing /opt/airflow/dags/aula_5_3_get_stocks_dag.py took 1.920 seconds
[2024-11-01T23:55:41.629+0000] {processor.py:186} INFO - Started process (PID=22653) to work on /opt/airflow/dags/aula_5_3_get_stocks_dag.py
[2024-11-01T23:55:41.630+0000] {processor.py:914} INFO - Processing file /opt/airflow/dags/aula_5_3_get_stocks_dag.py for tasks to queue
[2024-11-01T23:55:41.638+0000] {logging_mixin.py:190} INFO - [2024-11-01T23:55:41.638+0000] {dagbag.py:588} INFO - Filling up the DagBag from /opt/airflow/dags/aula_5_3_get_stocks_dag.py
[2024-11-01T23:55:43.995+0000] {processor.py:925} INFO - DAG(s) 'aula_4_1_get_stocks_dag' retrieved from /opt/airflow/dags/aula_5_3_get_stocks_dag.py
[2024-11-01T23:55:44.143+0000] {logging_mixin.py:190} INFO - [2024-11-01T23:55:44.143+0000] {dag.py:3239} INFO - Sync 1 DAGs
[2024-11-01T23:55:44.169+0000] {logging_mixin.py:190} INFO - [2024-11-01T23:55:44.169+0000] {dag.py:4180} INFO - Setting next_dagrun for aula_4_1_get_stocks_dag to 2022-02-16 00:00:00+00:00, run_after=2022-02-17 00:00:00+00:00
[2024-11-01T23:55:44.195+0000] {processor.py:208} INFO - Processing /opt/airflow/dags/aula_5_3_get_stocks_dag.py took 2.576 seconds
[2024-11-01T23:56:14.467+0000] {processor.py:186} INFO - Started process (PID=22671) to work on /opt/airflow/dags/aula_5_3_get_stocks_dag.py
[2024-11-01T23:56:14.471+0000] {processor.py:914} INFO - Processing file /opt/airflow/dags/aula_5_3_get_stocks_dag.py for tasks to queue
[2024-11-01T23:56:14.509+0000] {logging_mixin.py:190} INFO - [2024-11-01T23:56:14.504+0000] {dagbag.py:588} INFO - Filling up the DagBag from /opt/airflow/dags/aula_5_3_get_stocks_dag.py
[2024-11-01T23:56:18.955+0000] {processor.py:925} INFO - DAG(s) 'aula_4_1_get_stocks_dag' retrieved from /opt/airflow/dags/aula_5_3_get_stocks_dag.py
[2024-11-01T23:56:19.122+0000] {logging_mixin.py:190} INFO - [2024-11-01T23:56:19.121+0000] {dag.py:3239} INFO - Sync 1 DAGs
[2024-11-01T23:56:19.162+0000] {logging_mixin.py:190} INFO - [2024-11-01T23:56:19.161+0000] {dag.py:4180} INFO - Setting next_dagrun for aula_4_1_get_stocks_dag to 2022-02-16 00:00:00+00:00, run_after=2022-02-17 00:00:00+00:00
[2024-11-01T23:56:19.190+0000] {processor.py:208} INFO - Processing /opt/airflow/dags/aula_5_3_get_stocks_dag.py took 4.746 seconds
[2024-11-01T23:56:49.411+0000] {processor.py:186} INFO - Started process (PID=22689) to work on /opt/airflow/dags/aula_5_3_get_stocks_dag.py
[2024-11-01T23:56:49.414+0000] {processor.py:914} INFO - Processing file /opt/airflow/dags/aula_5_3_get_stocks_dag.py for tasks to queue
[2024-11-01T23:56:49.419+0000] {logging_mixin.py:190} INFO - [2024-11-01T23:56:49.418+0000] {dagbag.py:588} INFO - Filling up the DagBag from /opt/airflow/dags/aula_5_3_get_stocks_dag.py
[2024-11-01T23:56:50.880+0000] {processor.py:925} INFO - DAG(s) 'aula_4_1_get_stocks_dag' retrieved from /opt/airflow/dags/aula_5_3_get_stocks_dag.py
[2024-11-01T23:56:50.896+0000] {logging_mixin.py:190} INFO - [2024-11-01T23:56:50.896+0000] {dag.py:3239} INFO - Sync 1 DAGs
[2024-11-01T23:56:50.925+0000] {logging_mixin.py:190} INFO - [2024-11-01T23:56:50.924+0000] {dag.py:4180} INFO - Setting next_dagrun for aula_4_1_get_stocks_dag to 2022-02-16 00:00:00+00:00, run_after=2022-02-17 00:00:00+00:00
[2024-11-01T23:56:50.946+0000] {processor.py:208} INFO - Processing /opt/airflow/dags/aula_5_3_get_stocks_dag.py took 1.552 seconds
[2024-11-01T23:57:21.789+0000] {processor.py:186} INFO - Started process (PID=22707) to work on /opt/airflow/dags/aula_5_3_get_stocks_dag.py
[2024-11-01T23:57:21.793+0000] {processor.py:914} INFO - Processing file /opt/airflow/dags/aula_5_3_get_stocks_dag.py for tasks to queue
[2024-11-01T23:57:21.839+0000] {logging_mixin.py:190} INFO - [2024-11-01T23:57:21.833+0000] {dagbag.py:588} INFO - Filling up the DagBag from /opt/airflow/dags/aula_5_3_get_stocks_dag.py
[2024-11-01T23:57:23.846+0000] {processor.py:925} INFO - DAG(s) 'aula_4_1_get_stocks_dag' retrieved from /opt/airflow/dags/aula_5_3_get_stocks_dag.py
[2024-11-01T23:57:24.310+0000] {logging_mixin.py:190} INFO - [2024-11-01T23:57:24.308+0000] {dag.py:3239} INFO - Sync 1 DAGs
[2024-11-01T23:57:24.388+0000] {logging_mixin.py:190} INFO - [2024-11-01T23:57:24.387+0000] {dag.py:4180} INFO - Setting next_dagrun for aula_4_1_get_stocks_dag to 2022-02-16 00:00:00+00:00, run_after=2022-02-17 00:00:00+00:00
[2024-11-01T23:57:24.451+0000] {processor.py:208} INFO - Processing /opt/airflow/dags/aula_5_3_get_stocks_dag.py took 2.721 seconds
[2024-11-01T23:57:55.253+0000] {processor.py:186} INFO - Started process (PID=22726) to work on /opt/airflow/dags/aula_5_3_get_stocks_dag.py
[2024-11-01T23:57:55.256+0000] {processor.py:914} INFO - Processing file /opt/airflow/dags/aula_5_3_get_stocks_dag.py for tasks to queue
[2024-11-01T23:57:55.266+0000] {logging_mixin.py:190} INFO - [2024-11-01T23:57:55.265+0000] {dagbag.py:588} INFO - Filling up the DagBag from /opt/airflow/dags/aula_5_3_get_stocks_dag.py
[2024-11-01T23:57:56.144+0000] {processor.py:925} INFO - DAG(s) 'aula_4_1_get_stocks_dag' retrieved from /opt/airflow/dags/aula_5_3_get_stocks_dag.py
[2024-11-01T23:57:56.180+0000] {logging_mixin.py:190} INFO - [2024-11-01T23:57:56.179+0000] {dag.py:3239} INFO - Sync 1 DAGs
[2024-11-01T23:57:56.219+0000] {logging_mixin.py:190} INFO - [2024-11-01T23:57:56.218+0000] {dag.py:4180} INFO - Setting next_dagrun for aula_4_1_get_stocks_dag to 2022-02-16 00:00:00+00:00, run_after=2022-02-17 00:00:00+00:00
[2024-11-01T23:57:56.268+0000] {processor.py:208} INFO - Processing /opt/airflow/dags/aula_5_3_get_stocks_dag.py took 1.040 seconds
[2024-11-01T23:58:26.434+0000] {processor.py:186} INFO - Started process (PID=22744) to work on /opt/airflow/dags/aula_5_3_get_stocks_dag.py
[2024-11-01T23:58:26.436+0000] {processor.py:914} INFO - Processing file /opt/airflow/dags/aula_5_3_get_stocks_dag.py for tasks to queue
[2024-11-01T23:58:26.445+0000] {logging_mixin.py:190} INFO - [2024-11-01T23:58:26.444+0000] {dagbag.py:588} INFO - Filling up the DagBag from /opt/airflow/dags/aula_5_3_get_stocks_dag.py
[2024-11-01T23:58:27.887+0000] {processor.py:925} INFO - DAG(s) 'aula_4_1_get_stocks_dag' retrieved from /opt/airflow/dags/aula_5_3_get_stocks_dag.py
[2024-11-01T23:58:27.899+0000] {logging_mixin.py:190} INFO - [2024-11-01T23:58:27.898+0000] {dag.py:3239} INFO - Sync 1 DAGs
[2024-11-01T23:58:27.933+0000] {logging_mixin.py:190} INFO - [2024-11-01T23:58:27.933+0000] {dag.py:4180} INFO - Setting next_dagrun for aula_4_1_get_stocks_dag to 2022-02-16 00:00:00+00:00, run_after=2022-02-17 00:00:00+00:00
[2024-11-01T23:58:27.958+0000] {processor.py:208} INFO - Processing /opt/airflow/dags/aula_5_3_get_stocks_dag.py took 1.548 seconds
[2024-11-01T23:58:58.617+0000] {processor.py:186} INFO - Started process (PID=22762) to work on /opt/airflow/dags/aula_5_3_get_stocks_dag.py
[2024-11-01T23:58:58.618+0000] {processor.py:914} INFO - Processing file /opt/airflow/dags/aula_5_3_get_stocks_dag.py for tasks to queue
[2024-11-01T23:58:58.624+0000] {logging_mixin.py:190} INFO - [2024-11-01T23:58:58.623+0000] {dagbag.py:588} INFO - Filling up the DagBag from /opt/airflow/dags/aula_5_3_get_stocks_dag.py
[2024-11-01T23:58:59.421+0000] {processor.py:925} INFO - DAG(s) 'aula_4_1_get_stocks_dag' retrieved from /opt/airflow/dags/aula_5_3_get_stocks_dag.py
[2024-11-01T23:58:59.559+0000] {logging_mixin.py:190} INFO - [2024-11-01T23:58:59.558+0000] {dag.py:3239} INFO - Sync 1 DAGs
[2024-11-01T23:58:59.581+0000] {logging_mixin.py:190} INFO - [2024-11-01T23:58:59.581+0000] {dag.py:4180} INFO - Setting next_dagrun for aula_4_1_get_stocks_dag to 2022-02-16 00:00:00+00:00, run_after=2022-02-17 00:00:00+00:00
[2024-11-01T23:58:59.601+0000] {processor.py:208} INFO - Processing /opt/airflow/dags/aula_5_3_get_stocks_dag.py took 0.993 seconds
[2024-11-01T23:59:29.852+0000] {processor.py:186} INFO - Started process (PID=22780) to work on /opt/airflow/dags/aula_5_3_get_stocks_dag.py
[2024-11-01T23:59:29.854+0000] {processor.py:914} INFO - Processing file /opt/airflow/dags/aula_5_3_get_stocks_dag.py for tasks to queue
[2024-11-01T23:59:29.863+0000] {logging_mixin.py:190} INFO - [2024-11-01T23:59:29.862+0000] {dagbag.py:588} INFO - Filling up the DagBag from /opt/airflow/dags/aula_5_3_get_stocks_dag.py
[2024-11-01T23:59:30.664+0000] {processor.py:925} INFO - DAG(s) 'aula_4_1_get_stocks_dag' retrieved from /opt/airflow/dags/aula_5_3_get_stocks_dag.py
[2024-11-01T23:59:30.709+0000] {logging_mixin.py:190} INFO - [2024-11-01T23:59:30.708+0000] {dag.py:3239} INFO - Sync 1 DAGs
[2024-11-01T23:59:30.734+0000] {logging_mixin.py:190} INFO - [2024-11-01T23:59:30.733+0000] {dag.py:4180} INFO - Setting next_dagrun for aula_4_1_get_stocks_dag to 2022-02-16 00:00:00+00:00, run_after=2022-02-17 00:00:00+00:00
[2024-11-01T23:59:30.750+0000] {processor.py:208} INFO - Processing /opt/airflow/dags/aula_5_3_get_stocks_dag.py took 0.923 seconds
