[2024-08-03T21:13:34.394+0000] {processor.py:161} INFO - Started process (PID=90) to work on /home/airflow/.local/lib/python3.12/site-packages/airflow/example_dags/example_dag_decorator.py
[2024-08-03T21:13:34.394+0000] {processor.py:830} INFO - Processing file /home/airflow/.local/lib/python3.12/site-packages/airflow/example_dags/example_dag_decorator.py for tasks to queue
[2024-08-03T21:13:34.397+0000] {logging_mixin.py:188} INFO - [2024-08-03T21:13:34.396+0000] {dagbag.py:545} INFO - Filling up the DagBag from /home/airflow/.local/lib/python3.12/site-packages/airflow/example_dags/example_dag_decorator.py
[2024-08-03T21:13:34.594+0000] {processor.py:840} INFO - DAG(s) 'example_dag_decorator' retrieved from /home/airflow/.local/lib/python3.12/site-packages/airflow/example_dags/example_dag_decorator.py
[2024-08-03T21:13:34.799+0000] {logging_mixin.py:188} INFO - [2024-08-03T21:13:34.799+0000] {dag.py:3089} INFO - Sync 1 DAGs
[2024-08-03T21:13:34.820+0000] {logging_mixin.py:188} INFO - [2024-08-03T21:13:34.820+0000] {dag.py:3947} INFO - Setting next_dagrun for example_dag_decorator to None, run_after=None
[2024-08-03T21:13:34.849+0000] {processor.py:183} INFO - Processing /home/airflow/.local/lib/python3.12/site-packages/airflow/example_dags/example_dag_decorator.py took 0.462 seconds
[2024-08-03T21:14:06.252+0000] {processor.py:161} INFO - Started process (PID=148) to work on /home/airflow/.local/lib/python3.12/site-packages/airflow/example_dags/example_dag_decorator.py
[2024-08-03T21:14:06.253+0000] {processor.py:830} INFO - Processing file /home/airflow/.local/lib/python3.12/site-packages/airflow/example_dags/example_dag_decorator.py for tasks to queue
[2024-08-03T21:14:06.255+0000] {logging_mixin.py:188} INFO - [2024-08-03T21:14:06.254+0000] {dagbag.py:545} INFO - Filling up the DagBag from /home/airflow/.local/lib/python3.12/site-packages/airflow/example_dags/example_dag_decorator.py
[2024-08-03T21:14:06.477+0000] {processor.py:840} INFO - DAG(s) 'example_dag_decorator' retrieved from /home/airflow/.local/lib/python3.12/site-packages/airflow/example_dags/example_dag_decorator.py
[2024-08-03T21:14:06.659+0000] {logging_mixin.py:188} INFO - [2024-08-03T21:14:06.658+0000] {dag.py:3089} INFO - Sync 1 DAGs
[2024-08-03T21:14:06.670+0000] {logging_mixin.py:188} INFO - [2024-08-03T21:14:06.670+0000] {dag.py:3947} INFO - Setting next_dagrun for example_dag_decorator to None, run_after=None
[2024-08-03T21:14:06.690+0000] {processor.py:183} INFO - Processing /home/airflow/.local/lib/python3.12/site-packages/airflow/example_dags/example_dag_decorator.py took 0.445 seconds
[2024-08-03T21:14:37.517+0000] {processor.py:161} INFO - Started process (PID=206) to work on /home/airflow/.local/lib/python3.12/site-packages/airflow/example_dags/example_dag_decorator.py
[2024-08-03T21:14:37.522+0000] {processor.py:830} INFO - Processing file /home/airflow/.local/lib/python3.12/site-packages/airflow/example_dags/example_dag_decorator.py for tasks to queue
[2024-08-03T21:14:37.528+0000] {logging_mixin.py:188} INFO - [2024-08-03T21:14:37.527+0000] {dagbag.py:545} INFO - Filling up the DagBag from /home/airflow/.local/lib/python3.12/site-packages/airflow/example_dags/example_dag_decorator.py
[2024-08-03T21:14:37.799+0000] {processor.py:840} INFO - DAG(s) 'example_dag_decorator' retrieved from /home/airflow/.local/lib/python3.12/site-packages/airflow/example_dags/example_dag_decorator.py
[2024-08-03T21:14:38.088+0000] {logging_mixin.py:188} INFO - [2024-08-03T21:14:38.088+0000] {dag.py:3089} INFO - Sync 1 DAGs
[2024-08-03T21:14:38.125+0000] {logging_mixin.py:188} INFO - [2024-08-03T21:14:38.124+0000] {dag.py:3947} INFO - Setting next_dagrun for example_dag_decorator to None, run_after=None
[2024-08-03T21:14:38.233+0000] {processor.py:183} INFO - Processing /home/airflow/.local/lib/python3.12/site-packages/airflow/example_dags/example_dag_decorator.py took 0.737 seconds
[2024-08-03T21:15:08.911+0000] {processor.py:161} INFO - Started process (PID=265) to work on /home/airflow/.local/lib/python3.12/site-packages/airflow/example_dags/example_dag_decorator.py
[2024-08-03T21:15:08.912+0000] {processor.py:830} INFO - Processing file /home/airflow/.local/lib/python3.12/site-packages/airflow/example_dags/example_dag_decorator.py for tasks to queue
[2024-08-03T21:15:08.915+0000] {logging_mixin.py:188} INFO - [2024-08-03T21:15:08.914+0000] {dagbag.py:545} INFO - Filling up the DagBag from /home/airflow/.local/lib/python3.12/site-packages/airflow/example_dags/example_dag_decorator.py
[2024-08-03T21:15:09.061+0000] {processor.py:840} INFO - DAG(s) 'example_dag_decorator' retrieved from /home/airflow/.local/lib/python3.12/site-packages/airflow/example_dags/example_dag_decorator.py
[2024-08-03T21:15:09.089+0000] {logging_mixin.py:188} INFO - [2024-08-03T21:15:09.089+0000] {dag.py:3089} INFO - Sync 1 DAGs
[2024-08-03T21:15:09.106+0000] {logging_mixin.py:188} INFO - [2024-08-03T21:15:09.105+0000] {dag.py:3947} INFO - Setting next_dagrun for example_dag_decorator to None, run_after=None
[2024-08-03T21:15:09.130+0000] {processor.py:183} INFO - Processing /home/airflow/.local/lib/python3.12/site-packages/airflow/example_dags/example_dag_decorator.py took 0.227 seconds
[2024-08-03T21:15:39.277+0000] {processor.py:161} INFO - Started process (PID=322) to work on /home/airflow/.local/lib/python3.12/site-packages/airflow/example_dags/example_dag_decorator.py
[2024-08-03T21:15:39.278+0000] {processor.py:830} INFO - Processing file /home/airflow/.local/lib/python3.12/site-packages/airflow/example_dags/example_dag_decorator.py for tasks to queue
[2024-08-03T21:15:39.279+0000] {logging_mixin.py:188} INFO - [2024-08-03T21:15:39.279+0000] {dagbag.py:545} INFO - Filling up the DagBag from /home/airflow/.local/lib/python3.12/site-packages/airflow/example_dags/example_dag_decorator.py
[2024-08-03T21:15:39.400+0000] {processor.py:840} INFO - DAG(s) 'example_dag_decorator' retrieved from /home/airflow/.local/lib/python3.12/site-packages/airflow/example_dags/example_dag_decorator.py
[2024-08-03T21:15:39.425+0000] {logging_mixin.py:188} INFO - [2024-08-03T21:15:39.425+0000] {dag.py:3089} INFO - Sync 1 DAGs
[2024-08-03T21:15:39.441+0000] {logging_mixin.py:188} INFO - [2024-08-03T21:15:39.441+0000] {dag.py:3947} INFO - Setting next_dagrun for example_dag_decorator to None, run_after=None
[2024-08-03T21:15:39.466+0000] {processor.py:183} INFO - Processing /home/airflow/.local/lib/python3.12/site-packages/airflow/example_dags/example_dag_decorator.py took 0.196 seconds
[2024-08-03T21:16:10.713+0000] {processor.py:161} INFO - Started process (PID=380) to work on /home/airflow/.local/lib/python3.12/site-packages/airflow/example_dags/example_dag_decorator.py
[2024-08-03T21:16:10.715+0000] {processor.py:830} INFO - Processing file /home/airflow/.local/lib/python3.12/site-packages/airflow/example_dags/example_dag_decorator.py for tasks to queue
[2024-08-03T21:16:10.721+0000] {logging_mixin.py:188} INFO - [2024-08-03T21:16:10.719+0000] {dagbag.py:545} INFO - Filling up the DagBag from /home/airflow/.local/lib/python3.12/site-packages/airflow/example_dags/example_dag_decorator.py
[2024-08-03T21:16:10.970+0000] {processor.py:840} INFO - DAG(s) 'example_dag_decorator' retrieved from /home/airflow/.local/lib/python3.12/site-packages/airflow/example_dags/example_dag_decorator.py
[2024-08-03T21:16:11.119+0000] {logging_mixin.py:188} INFO - [2024-08-03T21:16:11.118+0000] {dag.py:3089} INFO - Sync 1 DAGs
[2024-08-03T21:16:11.133+0000] {logging_mixin.py:188} INFO - [2024-08-03T21:16:11.133+0000] {dag.py:3947} INFO - Setting next_dagrun for example_dag_decorator to None, run_after=None
[2024-08-03T21:16:11.155+0000] {processor.py:183} INFO - Processing /home/airflow/.local/lib/python3.12/site-packages/airflow/example_dags/example_dag_decorator.py took 0.462 seconds
[2024-08-03T21:16:41.737+0000] {processor.py:161} INFO - Started process (PID=440) to work on /home/airflow/.local/lib/python3.12/site-packages/airflow/example_dags/example_dag_decorator.py
[2024-08-03T21:16:41.739+0000] {processor.py:830} INFO - Processing file /home/airflow/.local/lib/python3.12/site-packages/airflow/example_dags/example_dag_decorator.py for tasks to queue
[2024-08-03T21:16:41.745+0000] {logging_mixin.py:188} INFO - [2024-08-03T21:16:41.744+0000] {dagbag.py:545} INFO - Filling up the DagBag from /home/airflow/.local/lib/python3.12/site-packages/airflow/example_dags/example_dag_decorator.py
[2024-08-03T21:16:41.992+0000] {processor.py:840} INFO - DAG(s) 'example_dag_decorator' retrieved from /home/airflow/.local/lib/python3.12/site-packages/airflow/example_dags/example_dag_decorator.py
[2024-08-03T21:16:42.105+0000] {logging_mixin.py:188} INFO - [2024-08-03T21:16:42.105+0000] {dag.py:3089} INFO - Sync 1 DAGs
[2024-08-03T21:16:42.119+0000] {logging_mixin.py:188} INFO - [2024-08-03T21:16:42.119+0000] {dag.py:3947} INFO - Setting next_dagrun for example_dag_decorator to None, run_after=None
[2024-08-03T21:16:42.144+0000] {processor.py:183} INFO - Processing /home/airflow/.local/lib/python3.12/site-packages/airflow/example_dags/example_dag_decorator.py took 0.429 seconds
[2024-08-03T21:17:12.508+0000] {processor.py:161} INFO - Started process (PID=496) to work on /home/airflow/.local/lib/python3.12/site-packages/airflow/example_dags/example_dag_decorator.py
[2024-08-03T21:17:12.509+0000] {processor.py:830} INFO - Processing file /home/airflow/.local/lib/python3.12/site-packages/airflow/example_dags/example_dag_decorator.py for tasks to queue
[2024-08-03T21:17:12.512+0000] {logging_mixin.py:188} INFO - [2024-08-03T21:17:12.512+0000] {dagbag.py:545} INFO - Filling up the DagBag from /home/airflow/.local/lib/python3.12/site-packages/airflow/example_dags/example_dag_decorator.py
[2024-08-03T21:17:12.697+0000] {processor.py:840} INFO - DAG(s) 'example_dag_decorator' retrieved from /home/airflow/.local/lib/python3.12/site-packages/airflow/example_dags/example_dag_decorator.py
[2024-08-03T21:17:12.877+0000] {logging_mixin.py:188} INFO - [2024-08-03T21:17:12.877+0000] {dag.py:3089} INFO - Sync 1 DAGs
[2024-08-03T21:17:12.899+0000] {logging_mixin.py:188} INFO - [2024-08-03T21:17:12.899+0000] {dag.py:3947} INFO - Setting next_dagrun for example_dag_decorator to None, run_after=None
[2024-08-03T21:17:12.924+0000] {processor.py:183} INFO - Processing /home/airflow/.local/lib/python3.12/site-packages/airflow/example_dags/example_dag_decorator.py took 0.427 seconds
[2024-08-03T21:17:43.092+0000] {processor.py:161} INFO - Started process (PID=556) to work on /home/airflow/.local/lib/python3.12/site-packages/airflow/example_dags/example_dag_decorator.py
[2024-08-03T21:17:43.094+0000] {processor.py:830} INFO - Processing file /home/airflow/.local/lib/python3.12/site-packages/airflow/example_dags/example_dag_decorator.py for tasks to queue
[2024-08-03T21:17:43.099+0000] {logging_mixin.py:188} INFO - [2024-08-03T21:17:43.098+0000] {dagbag.py:545} INFO - Filling up the DagBag from /home/airflow/.local/lib/python3.12/site-packages/airflow/example_dags/example_dag_decorator.py
[2024-08-03T21:17:43.410+0000] {processor.py:840} INFO - DAG(s) 'example_dag_decorator' retrieved from /home/airflow/.local/lib/python3.12/site-packages/airflow/example_dags/example_dag_decorator.py
[2024-08-03T21:17:43.584+0000] {logging_mixin.py:188} INFO - [2024-08-03T21:17:43.584+0000] {dag.py:3089} INFO - Sync 1 DAGs
[2024-08-03T21:17:43.602+0000] {logging_mixin.py:188} INFO - [2024-08-03T21:17:43.602+0000] {dag.py:3947} INFO - Setting next_dagrun for example_dag_decorator to None, run_after=None
[2024-08-03T21:17:43.634+0000] {processor.py:183} INFO - Processing /home/airflow/.local/lib/python3.12/site-packages/airflow/example_dags/example_dag_decorator.py took 0.562 seconds
[2024-08-03T21:18:13.693+0000] {processor.py:161} INFO - Started process (PID=614) to work on /home/airflow/.local/lib/python3.12/site-packages/airflow/example_dags/example_dag_decorator.py
[2024-08-03T21:18:13.696+0000] {processor.py:830} INFO - Processing file /home/airflow/.local/lib/python3.12/site-packages/airflow/example_dags/example_dag_decorator.py for tasks to queue
[2024-08-03T21:18:13.701+0000] {logging_mixin.py:188} INFO - [2024-08-03T21:18:13.700+0000] {dagbag.py:545} INFO - Filling up the DagBag from /home/airflow/.local/lib/python3.12/site-packages/airflow/example_dags/example_dag_decorator.py
[2024-08-03T21:18:13.985+0000] {processor.py:840} INFO - DAG(s) 'example_dag_decorator' retrieved from /home/airflow/.local/lib/python3.12/site-packages/airflow/example_dags/example_dag_decorator.py
[2024-08-03T21:18:14.110+0000] {logging_mixin.py:188} INFO - [2024-08-03T21:18:14.109+0000] {dag.py:3089} INFO - Sync 1 DAGs
[2024-08-03T21:18:14.125+0000] {logging_mixin.py:188} INFO - [2024-08-03T21:18:14.124+0000] {dag.py:3947} INFO - Setting next_dagrun for example_dag_decorator to None, run_after=None
[2024-08-03T21:18:14.145+0000] {processor.py:183} INFO - Processing /home/airflow/.local/lib/python3.12/site-packages/airflow/example_dags/example_dag_decorator.py took 0.473 seconds
[2024-08-03T21:18:44.483+0000] {processor.py:161} INFO - Started process (PID=671) to work on /home/airflow/.local/lib/python3.12/site-packages/airflow/example_dags/example_dag_decorator.py
[2024-08-03T21:18:44.485+0000] {processor.py:830} INFO - Processing file /home/airflow/.local/lib/python3.12/site-packages/airflow/example_dags/example_dag_decorator.py for tasks to queue
[2024-08-03T21:18:44.490+0000] {logging_mixin.py:188} INFO - [2024-08-03T21:18:44.489+0000] {dagbag.py:545} INFO - Filling up the DagBag from /home/airflow/.local/lib/python3.12/site-packages/airflow/example_dags/example_dag_decorator.py
[2024-08-03T21:18:44.737+0000] {processor.py:840} INFO - DAG(s) 'example_dag_decorator' retrieved from /home/airflow/.local/lib/python3.12/site-packages/airflow/example_dags/example_dag_decorator.py
[2024-08-03T21:18:44.850+0000] {logging_mixin.py:188} INFO - [2024-08-03T21:18:44.850+0000] {dag.py:3089} INFO - Sync 1 DAGs
[2024-08-03T21:18:44.862+0000] {logging_mixin.py:188} INFO - [2024-08-03T21:18:44.861+0000] {dag.py:3947} INFO - Setting next_dagrun for example_dag_decorator to None, run_after=None
[2024-08-03T21:18:44.882+0000] {processor.py:183} INFO - Processing /home/airflow/.local/lib/python3.12/site-packages/airflow/example_dags/example_dag_decorator.py took 0.419 seconds
[2024-08-03T21:19:15.447+0000] {processor.py:161} INFO - Started process (PID=729) to work on /home/airflow/.local/lib/python3.12/site-packages/airflow/example_dags/example_dag_decorator.py
[2024-08-03T21:19:15.449+0000] {processor.py:830} INFO - Processing file /home/airflow/.local/lib/python3.12/site-packages/airflow/example_dags/example_dag_decorator.py for tasks to queue
[2024-08-03T21:19:15.455+0000] {logging_mixin.py:188} INFO - [2024-08-03T21:19:15.454+0000] {dagbag.py:545} INFO - Filling up the DagBag from /home/airflow/.local/lib/python3.12/site-packages/airflow/example_dags/example_dag_decorator.py
[2024-08-03T21:19:15.702+0000] {processor.py:840} INFO - DAG(s) 'example_dag_decorator' retrieved from /home/airflow/.local/lib/python3.12/site-packages/airflow/example_dags/example_dag_decorator.py
[2024-08-03T21:19:15.823+0000] {logging_mixin.py:188} INFO - [2024-08-03T21:19:15.823+0000] {dag.py:3089} INFO - Sync 1 DAGs
[2024-08-03T21:19:15.835+0000] {logging_mixin.py:188} INFO - [2024-08-03T21:19:15.835+0000] {dag.py:3947} INFO - Setting next_dagrun for example_dag_decorator to None, run_after=None
[2024-08-03T21:19:15.855+0000] {processor.py:183} INFO - Processing /home/airflow/.local/lib/python3.12/site-packages/airflow/example_dags/example_dag_decorator.py took 0.428 seconds
[2024-08-03T21:19:46.359+0000] {processor.py:161} INFO - Started process (PID=787) to work on /home/airflow/.local/lib/python3.12/site-packages/airflow/example_dags/example_dag_decorator.py
[2024-08-03T21:19:46.359+0000] {processor.py:830} INFO - Processing file /home/airflow/.local/lib/python3.12/site-packages/airflow/example_dags/example_dag_decorator.py for tasks to queue
[2024-08-03T21:19:46.361+0000] {logging_mixin.py:188} INFO - [2024-08-03T21:19:46.361+0000] {dagbag.py:545} INFO - Filling up the DagBag from /home/airflow/.local/lib/python3.12/site-packages/airflow/example_dags/example_dag_decorator.py
[2024-08-03T21:19:46.496+0000] {processor.py:840} INFO - DAG(s) 'example_dag_decorator' retrieved from /home/airflow/.local/lib/python3.12/site-packages/airflow/example_dags/example_dag_decorator.py
[2024-08-03T21:19:46.805+0000] {logging_mixin.py:188} INFO - [2024-08-03T21:19:46.805+0000] {dag.py:3089} INFO - Sync 1 DAGs
[2024-08-03T21:19:46.818+0000] {logging_mixin.py:188} INFO - [2024-08-03T21:19:46.818+0000] {dag.py:3947} INFO - Setting next_dagrun for example_dag_decorator to None, run_after=None
[2024-08-03T21:19:46.843+0000] {processor.py:183} INFO - Processing /home/airflow/.local/lib/python3.12/site-packages/airflow/example_dags/example_dag_decorator.py took 0.491 seconds
[2024-08-03T21:20:17.174+0000] {processor.py:161} INFO - Started process (PID=847) to work on /home/airflow/.local/lib/python3.12/site-packages/airflow/example_dags/example_dag_decorator.py
[2024-08-03T21:20:17.177+0000] {processor.py:830} INFO - Processing file /home/airflow/.local/lib/python3.12/site-packages/airflow/example_dags/example_dag_decorator.py for tasks to queue
[2024-08-03T21:20:17.184+0000] {logging_mixin.py:188} INFO - [2024-08-03T21:20:17.183+0000] {dagbag.py:545} INFO - Filling up the DagBag from /home/airflow/.local/lib/python3.12/site-packages/airflow/example_dags/example_dag_decorator.py
[2024-08-03T21:20:17.539+0000] {processor.py:840} INFO - DAG(s) 'example_dag_decorator' retrieved from /home/airflow/.local/lib/python3.12/site-packages/airflow/example_dags/example_dag_decorator.py
[2024-08-03T21:20:18.717+0000] {logging_mixin.py:188} INFO - [2024-08-03T21:20:18.716+0000] {dag.py:3089} INFO - Sync 1 DAGs
[2024-08-03T21:20:18.760+0000] {logging_mixin.py:188} INFO - [2024-08-03T21:20:18.759+0000] {dag.py:3947} INFO - Setting next_dagrun for example_dag_decorator to None, run_after=None
[2024-08-03T21:20:18.835+0000] {processor.py:183} INFO - Processing /home/airflow/.local/lib/python3.12/site-packages/airflow/example_dags/example_dag_decorator.py took 1.692 seconds
[2024-08-03T21:20:49.226+0000] {processor.py:161} INFO - Started process (PID=906) to work on /home/airflow/.local/lib/python3.12/site-packages/airflow/example_dags/example_dag_decorator.py
[2024-08-03T21:20:49.229+0000] {processor.py:830} INFO - Processing file /home/airflow/.local/lib/python3.12/site-packages/airflow/example_dags/example_dag_decorator.py for tasks to queue
[2024-08-03T21:20:49.236+0000] {logging_mixin.py:188} INFO - [2024-08-03T21:20:49.235+0000] {dagbag.py:545} INFO - Filling up the DagBag from /home/airflow/.local/lib/python3.12/site-packages/airflow/example_dags/example_dag_decorator.py
[2024-08-03T21:20:49.495+0000] {processor.py:840} INFO - DAG(s) 'example_dag_decorator' retrieved from /home/airflow/.local/lib/python3.12/site-packages/airflow/example_dags/example_dag_decorator.py
[2024-08-03T21:20:49.680+0000] {logging_mixin.py:188} INFO - [2024-08-03T21:20:49.679+0000] {dag.py:3089} INFO - Sync 1 DAGs
[2024-08-03T21:20:49.706+0000] {logging_mixin.py:188} INFO - [2024-08-03T21:20:49.705+0000] {dag.py:3947} INFO - Setting next_dagrun for example_dag_decorator to None, run_after=None
[2024-08-03T21:20:49.982+0000] {processor.py:183} INFO - Processing /home/airflow/.local/lib/python3.12/site-packages/airflow/example_dags/example_dag_decorator.py took 0.783 seconds
[2024-08-03T21:21:20.426+0000] {processor.py:161} INFO - Started process (PID=964) to work on /home/airflow/.local/lib/python3.12/site-packages/airflow/example_dags/example_dag_decorator.py
[2024-08-03T21:21:20.428+0000] {processor.py:830} INFO - Processing file /home/airflow/.local/lib/python3.12/site-packages/airflow/example_dags/example_dag_decorator.py for tasks to queue
[2024-08-03T21:21:20.438+0000] {logging_mixin.py:188} INFO - [2024-08-03T21:21:20.436+0000] {dagbag.py:545} INFO - Filling up the DagBag from /home/airflow/.local/lib/python3.12/site-packages/airflow/example_dags/example_dag_decorator.py
[2024-08-03T21:21:20.888+0000] {processor.py:840} INFO - DAG(s) 'example_dag_decorator' retrieved from /home/airflow/.local/lib/python3.12/site-packages/airflow/example_dags/example_dag_decorator.py
[2024-08-03T21:21:21.369+0000] {logging_mixin.py:188} INFO - [2024-08-03T21:21:21.368+0000] {dag.py:3089} INFO - Sync 1 DAGs
[2024-08-03T21:21:21.440+0000] {logging_mixin.py:188} INFO - [2024-08-03T21:21:21.439+0000] {dag.py:3947} INFO - Setting next_dagrun for example_dag_decorator to None, run_after=None
[2024-08-03T21:21:22.023+0000] {processor.py:183} INFO - Processing /home/airflow/.local/lib/python3.12/site-packages/airflow/example_dags/example_dag_decorator.py took 1.618 seconds
[2024-08-03T21:21:52.225+0000] {processor.py:161} INFO - Started process (PID=1025) to work on /home/airflow/.local/lib/python3.12/site-packages/airflow/example_dags/example_dag_decorator.py
[2024-08-03T21:21:52.229+0000] {processor.py:830} INFO - Processing file /home/airflow/.local/lib/python3.12/site-packages/airflow/example_dags/example_dag_decorator.py for tasks to queue
[2024-08-03T21:21:52.235+0000] {logging_mixin.py:188} INFO - [2024-08-03T21:21:52.234+0000] {dagbag.py:545} INFO - Filling up the DagBag from /home/airflow/.local/lib/python3.12/site-packages/airflow/example_dags/example_dag_decorator.py
[2024-08-03T21:21:52.570+0000] {processor.py:840} INFO - DAG(s) 'example_dag_decorator' retrieved from /home/airflow/.local/lib/python3.12/site-packages/airflow/example_dags/example_dag_decorator.py
[2024-08-03T21:21:53.042+0000] {logging_mixin.py:188} INFO - [2024-08-03T21:21:53.042+0000] {dag.py:3089} INFO - Sync 1 DAGs
[2024-08-03T21:21:53.101+0000] {logging_mixin.py:188} INFO - [2024-08-03T21:21:53.099+0000] {dag.py:3947} INFO - Setting next_dagrun for example_dag_decorator to None, run_after=None
[2024-08-03T21:21:53.209+0000] {processor.py:183} INFO - Processing /home/airflow/.local/lib/python3.12/site-packages/airflow/example_dags/example_dag_decorator.py took 1.011 seconds
[2024-08-03T21:22:23.699+0000] {processor.py:161} INFO - Started process (PID=1084) to work on /home/airflow/.local/lib/python3.12/site-packages/airflow/example_dags/example_dag_decorator.py
[2024-08-03T21:22:23.702+0000] {processor.py:830} INFO - Processing file /home/airflow/.local/lib/python3.12/site-packages/airflow/example_dags/example_dag_decorator.py for tasks to queue
[2024-08-03T21:22:23.707+0000] {logging_mixin.py:188} INFO - [2024-08-03T21:22:23.706+0000] {dagbag.py:545} INFO - Filling up the DagBag from /home/airflow/.local/lib/python3.12/site-packages/airflow/example_dags/example_dag_decorator.py
[2024-08-03T21:22:24.098+0000] {processor.py:840} INFO - DAG(s) 'example_dag_decorator' retrieved from /home/airflow/.local/lib/python3.12/site-packages/airflow/example_dags/example_dag_decorator.py
[2024-08-03T21:22:25.016+0000] {logging_mixin.py:188} INFO - [2024-08-03T21:22:25.015+0000] {dag.py:3089} INFO - Sync 1 DAGs
[2024-08-03T21:22:25.053+0000] {logging_mixin.py:188} INFO - [2024-08-03T21:22:25.052+0000] {dag.py:3947} INFO - Setting next_dagrun for example_dag_decorator to None, run_after=None
[2024-08-03T21:22:25.115+0000] {processor.py:183} INFO - Processing /home/airflow/.local/lib/python3.12/site-packages/airflow/example_dags/example_dag_decorator.py took 1.446 seconds
[2024-08-03T21:22:55.213+0000] {processor.py:161} INFO - Started process (PID=1145) to work on /home/airflow/.local/lib/python3.12/site-packages/airflow/example_dags/example_dag_decorator.py
[2024-08-03T21:22:55.216+0000] {processor.py:830} INFO - Processing file /home/airflow/.local/lib/python3.12/site-packages/airflow/example_dags/example_dag_decorator.py for tasks to queue
[2024-08-03T21:22:55.226+0000] {logging_mixin.py:188} INFO - [2024-08-03T21:22:55.223+0000] {dagbag.py:545} INFO - Filling up the DagBag from /home/airflow/.local/lib/python3.12/site-packages/airflow/example_dags/example_dag_decorator.py
[2024-08-03T21:22:55.629+0000] {processor.py:840} INFO - DAG(s) 'example_dag_decorator' retrieved from /home/airflow/.local/lib/python3.12/site-packages/airflow/example_dags/example_dag_decorator.py
[2024-08-03T21:22:56.497+0000] {logging_mixin.py:188} INFO - [2024-08-03T21:22:56.496+0000] {dag.py:3089} INFO - Sync 1 DAGs
[2024-08-03T21:22:56.539+0000] {logging_mixin.py:188} INFO - [2024-08-03T21:22:56.538+0000] {dag.py:3947} INFO - Setting next_dagrun for example_dag_decorator to None, run_after=None
[2024-08-03T21:22:56.617+0000] {processor.py:183} INFO - Processing /home/airflow/.local/lib/python3.12/site-packages/airflow/example_dags/example_dag_decorator.py took 1.428 seconds
[2024-08-03T21:23:27.376+0000] {processor.py:161} INFO - Started process (PID=1206) to work on /home/airflow/.local/lib/python3.12/site-packages/airflow/example_dags/example_dag_decorator.py
[2024-08-03T21:23:27.378+0000] {processor.py:830} INFO - Processing file /home/airflow/.local/lib/python3.12/site-packages/airflow/example_dags/example_dag_decorator.py for tasks to queue
[2024-08-03T21:23:27.384+0000] {logging_mixin.py:188} INFO - [2024-08-03T21:23:27.383+0000] {dagbag.py:545} INFO - Filling up the DagBag from /home/airflow/.local/lib/python3.12/site-packages/airflow/example_dags/example_dag_decorator.py
[2024-08-03T21:23:27.742+0000] {processor.py:840} INFO - DAG(s) 'example_dag_decorator' retrieved from /home/airflow/.local/lib/python3.12/site-packages/airflow/example_dags/example_dag_decorator.py
[2024-08-03T21:23:28.679+0000] {logging_mixin.py:188} INFO - [2024-08-03T21:23:28.678+0000] {dag.py:3089} INFO - Sync 1 DAGs
[2024-08-03T21:23:28.745+0000] {logging_mixin.py:188} INFO - [2024-08-03T21:23:28.744+0000] {dag.py:3947} INFO - Setting next_dagrun for example_dag_decorator to None, run_after=None
[2024-08-03T21:23:28.818+0000] {processor.py:183} INFO - Processing /home/airflow/.local/lib/python3.12/site-packages/airflow/example_dags/example_dag_decorator.py took 1.463 seconds
[2024-08-03T21:23:59.801+0000] {processor.py:161} INFO - Started process (PID=1270) to work on /home/airflow/.local/lib/python3.12/site-packages/airflow/example_dags/example_dag_decorator.py
[2024-08-03T21:23:59.805+0000] {processor.py:830} INFO - Processing file /home/airflow/.local/lib/python3.12/site-packages/airflow/example_dags/example_dag_decorator.py for tasks to queue
[2024-08-03T21:23:59.814+0000] {logging_mixin.py:188} INFO - [2024-08-03T21:23:59.812+0000] {dagbag.py:545} INFO - Filling up the DagBag from /home/airflow/.local/lib/python3.12/site-packages/airflow/example_dags/example_dag_decorator.py
[2024-08-03T21:24:00.291+0000] {processor.py:840} INFO - DAG(s) 'example_dag_decorator' retrieved from /home/airflow/.local/lib/python3.12/site-packages/airflow/example_dags/example_dag_decorator.py
[2024-08-03T21:24:01.085+0000] {logging_mixin.py:188} INFO - [2024-08-03T21:24:01.085+0000] {dag.py:3089} INFO - Sync 1 DAGs
[2024-08-03T21:24:01.103+0000] {logging_mixin.py:188} INFO - [2024-08-03T21:24:01.103+0000] {dag.py:3947} INFO - Setting next_dagrun for example_dag_decorator to None, run_after=None
[2024-08-03T21:24:01.146+0000] {processor.py:183} INFO - Processing /home/airflow/.local/lib/python3.12/site-packages/airflow/example_dags/example_dag_decorator.py took 1.367 seconds
[2024-08-03T21:24:31.588+0000] {processor.py:161} INFO - Started process (PID=1328) to work on /home/airflow/.local/lib/python3.12/site-packages/airflow/example_dags/example_dag_decorator.py
[2024-08-03T21:24:31.591+0000] {processor.py:830} INFO - Processing file /home/airflow/.local/lib/python3.12/site-packages/airflow/example_dags/example_dag_decorator.py for tasks to queue
[2024-08-03T21:24:31.597+0000] {logging_mixin.py:188} INFO - [2024-08-03T21:24:31.595+0000] {dagbag.py:545} INFO - Filling up the DagBag from /home/airflow/.local/lib/python3.12/site-packages/airflow/example_dags/example_dag_decorator.py
[2024-08-03T21:24:31.957+0000] {processor.py:840} INFO - DAG(s) 'example_dag_decorator' retrieved from /home/airflow/.local/lib/python3.12/site-packages/airflow/example_dags/example_dag_decorator.py
[2024-08-03T21:24:32.658+0000] {logging_mixin.py:188} INFO - [2024-08-03T21:24:32.658+0000] {dag.py:3089} INFO - Sync 1 DAGs
[2024-08-03T21:24:32.682+0000] {logging_mixin.py:188} INFO - [2024-08-03T21:24:32.681+0000] {dag.py:3947} INFO - Setting next_dagrun for example_dag_decorator to None, run_after=None
[2024-08-03T21:24:32.713+0000] {processor.py:183} INFO - Processing /home/airflow/.local/lib/python3.12/site-packages/airflow/example_dags/example_dag_decorator.py took 1.148 seconds
[2024-08-03T21:25:03.289+0000] {processor.py:161} INFO - Started process (PID=1393) to work on /home/airflow/.local/lib/python3.12/site-packages/airflow/example_dags/example_dag_decorator.py
[2024-08-03T21:25:03.292+0000] {processor.py:830} INFO - Processing file /home/airflow/.local/lib/python3.12/site-packages/airflow/example_dags/example_dag_decorator.py for tasks to queue
[2024-08-03T21:25:03.299+0000] {logging_mixin.py:188} INFO - [2024-08-03T21:25:03.298+0000] {dagbag.py:545} INFO - Filling up the DagBag from /home/airflow/.local/lib/python3.12/site-packages/airflow/example_dags/example_dag_decorator.py
[2024-08-03T21:25:03.736+0000] {processor.py:840} INFO - DAG(s) 'example_dag_decorator' retrieved from /home/airflow/.local/lib/python3.12/site-packages/airflow/example_dags/example_dag_decorator.py
[2024-08-03T21:25:04.539+0000] {logging_mixin.py:188} INFO - [2024-08-03T21:25:04.538+0000] {dag.py:3089} INFO - Sync 1 DAGs
[2024-08-03T21:25:04.591+0000] {logging_mixin.py:188} INFO - [2024-08-03T21:25:04.590+0000] {dag.py:3947} INFO - Setting next_dagrun for example_dag_decorator to None, run_after=None
[2024-08-03T21:25:04.666+0000] {processor.py:183} INFO - Processing /home/airflow/.local/lib/python3.12/site-packages/airflow/example_dags/example_dag_decorator.py took 1.398 seconds
[2024-08-03T21:25:34.801+0000] {processor.py:161} INFO - Started process (PID=1451) to work on /home/airflow/.local/lib/python3.12/site-packages/airflow/example_dags/example_dag_decorator.py
[2024-08-03T21:25:34.805+0000] {processor.py:830} INFO - Processing file /home/airflow/.local/lib/python3.12/site-packages/airflow/example_dags/example_dag_decorator.py for tasks to queue
[2024-08-03T21:25:34.811+0000] {logging_mixin.py:188} INFO - [2024-08-03T21:25:34.810+0000] {dagbag.py:545} INFO - Filling up the DagBag from /home/airflow/.local/lib/python3.12/site-packages/airflow/example_dags/example_dag_decorator.py
[2024-08-03T21:25:35.340+0000] {processor.py:840} INFO - DAG(s) 'example_dag_decorator' retrieved from /home/airflow/.local/lib/python3.12/site-packages/airflow/example_dags/example_dag_decorator.py
[2024-08-03T21:25:35.743+0000] {logging_mixin.py:188} INFO - [2024-08-03T21:25:35.741+0000] {dag.py:3089} INFO - Sync 1 DAGs
[2024-08-03T21:25:35.787+0000] {logging_mixin.py:188} INFO - [2024-08-03T21:25:35.786+0000] {dag.py:3947} INFO - Setting next_dagrun for example_dag_decorator to None, run_after=None
[2024-08-03T21:25:35.860+0000] {processor.py:183} INFO - Processing /home/airflow/.local/lib/python3.12/site-packages/airflow/example_dags/example_dag_decorator.py took 1.082 seconds
[2024-08-03T21:26:06.106+0000] {processor.py:161} INFO - Started process (PID=1509) to work on /home/airflow/.local/lib/python3.12/site-packages/airflow/example_dags/example_dag_decorator.py
[2024-08-03T21:26:06.108+0000] {processor.py:830} INFO - Processing file /home/airflow/.local/lib/python3.12/site-packages/airflow/example_dags/example_dag_decorator.py for tasks to queue
[2024-08-03T21:26:06.114+0000] {logging_mixin.py:188} INFO - [2024-08-03T21:26:06.113+0000] {dagbag.py:545} INFO - Filling up the DagBag from /home/airflow/.local/lib/python3.12/site-packages/airflow/example_dags/example_dag_decorator.py
[2024-08-03T21:26:06.637+0000] {processor.py:840} INFO - DAG(s) 'example_dag_decorator' retrieved from /home/airflow/.local/lib/python3.12/site-packages/airflow/example_dags/example_dag_decorator.py
[2024-08-03T21:26:06.910+0000] {logging_mixin.py:188} INFO - [2024-08-03T21:26:06.910+0000] {dag.py:3089} INFO - Sync 1 DAGs
[2024-08-03T21:26:06.929+0000] {logging_mixin.py:188} INFO - [2024-08-03T21:26:06.929+0000] {dag.py:3947} INFO - Setting next_dagrun for example_dag_decorator to None, run_after=None
[2024-08-03T21:26:06.955+0000] {processor.py:183} INFO - Processing /home/airflow/.local/lib/python3.12/site-packages/airflow/example_dags/example_dag_decorator.py took 0.869 seconds
[2024-08-03T21:26:37.126+0000] {processor.py:161} INFO - Started process (PID=1567) to work on /home/airflow/.local/lib/python3.12/site-packages/airflow/example_dags/example_dag_decorator.py
[2024-08-03T21:26:37.129+0000] {processor.py:830} INFO - Processing file /home/airflow/.local/lib/python3.12/site-packages/airflow/example_dags/example_dag_decorator.py for tasks to queue
[2024-08-03T21:26:37.135+0000] {logging_mixin.py:188} INFO - [2024-08-03T21:26:37.134+0000] {dagbag.py:545} INFO - Filling up the DagBag from /home/airflow/.local/lib/python3.12/site-packages/airflow/example_dags/example_dag_decorator.py
[2024-08-03T21:26:37.563+0000] {processor.py:840} INFO - DAG(s) 'example_dag_decorator' retrieved from /home/airflow/.local/lib/python3.12/site-packages/airflow/example_dags/example_dag_decorator.py
[2024-08-03T21:26:38.549+0000] {logging_mixin.py:188} INFO - [2024-08-03T21:26:38.548+0000] {dag.py:3089} INFO - Sync 1 DAGs
[2024-08-03T21:26:38.599+0000] {logging_mixin.py:188} INFO - [2024-08-03T21:26:38.598+0000] {dag.py:3947} INFO - Setting next_dagrun for example_dag_decorator to None, run_after=None
[2024-08-03T21:26:38.647+0000] {processor.py:183} INFO - Processing /home/airflow/.local/lib/python3.12/site-packages/airflow/example_dags/example_dag_decorator.py took 1.542 seconds
[2024-08-03T21:27:09.299+0000] {processor.py:161} INFO - Started process (PID=1625) to work on /home/airflow/.local/lib/python3.12/site-packages/airflow/example_dags/example_dag_decorator.py
[2024-08-03T21:27:09.301+0000] {processor.py:830} INFO - Processing file /home/airflow/.local/lib/python3.12/site-packages/airflow/example_dags/example_dag_decorator.py for tasks to queue
[2024-08-03T21:27:09.308+0000] {logging_mixin.py:188} INFO - [2024-08-03T21:27:09.307+0000] {dagbag.py:545} INFO - Filling up the DagBag from /home/airflow/.local/lib/python3.12/site-packages/airflow/example_dags/example_dag_decorator.py
[2024-08-03T21:27:09.622+0000] {processor.py:840} INFO - DAG(s) 'example_dag_decorator' retrieved from /home/airflow/.local/lib/python3.12/site-packages/airflow/example_dags/example_dag_decorator.py
[2024-08-03T21:27:10.012+0000] {logging_mixin.py:188} INFO - [2024-08-03T21:27:10.012+0000] {dag.py:3089} INFO - Sync 1 DAGs
[2024-08-03T21:27:10.021+0000] {logging_mixin.py:188} INFO - [2024-08-03T21:27:10.021+0000] {dag.py:3947} INFO - Setting next_dagrun for example_dag_decorator to None, run_after=None
[2024-08-03T21:27:10.038+0000] {processor.py:183} INFO - Processing /home/airflow/.local/lib/python3.12/site-packages/airflow/example_dags/example_dag_decorator.py took 0.766 seconds
[2024-08-03T21:27:40.628+0000] {processor.py:161} INFO - Started process (PID=1683) to work on /home/airflow/.local/lib/python3.12/site-packages/airflow/example_dags/example_dag_decorator.py
[2024-08-03T21:27:40.631+0000] {processor.py:830} INFO - Processing file /home/airflow/.local/lib/python3.12/site-packages/airflow/example_dags/example_dag_decorator.py for tasks to queue
[2024-08-03T21:27:40.637+0000] {logging_mixin.py:188} INFO - [2024-08-03T21:27:40.636+0000] {dagbag.py:545} INFO - Filling up the DagBag from /home/airflow/.local/lib/python3.12/site-packages/airflow/example_dags/example_dag_decorator.py
[2024-08-03T21:27:41.313+0000] {processor.py:840} INFO - DAG(s) 'example_dag_decorator' retrieved from /home/airflow/.local/lib/python3.12/site-packages/airflow/example_dags/example_dag_decorator.py
[2024-08-03T21:27:41.409+0000] {logging_mixin.py:188} INFO - [2024-08-03T21:27:41.409+0000] {dag.py:3089} INFO - Sync 1 DAGs
[2024-08-03T21:27:41.418+0000] {logging_mixin.py:188} INFO - [2024-08-03T21:27:41.417+0000] {dag.py:3947} INFO - Setting next_dagrun for example_dag_decorator to None, run_after=None
[2024-08-03T21:27:41.433+0000] {processor.py:183} INFO - Processing /home/airflow/.local/lib/python3.12/site-packages/airflow/example_dags/example_dag_decorator.py took 0.824 seconds
[2024-08-03T21:28:11.981+0000] {processor.py:161} INFO - Started process (PID=1742) to work on /home/airflow/.local/lib/python3.12/site-packages/airflow/example_dags/example_dag_decorator.py
[2024-08-03T21:28:11.984+0000] {processor.py:830} INFO - Processing file /home/airflow/.local/lib/python3.12/site-packages/airflow/example_dags/example_dag_decorator.py for tasks to queue
[2024-08-03T21:28:11.990+0000] {logging_mixin.py:188} INFO - [2024-08-03T21:28:11.989+0000] {dagbag.py:545} INFO - Filling up the DagBag from /home/airflow/.local/lib/python3.12/site-packages/airflow/example_dags/example_dag_decorator.py
[2024-08-03T21:28:12.410+0000] {processor.py:840} INFO - DAG(s) 'example_dag_decorator' retrieved from /home/airflow/.local/lib/python3.12/site-packages/airflow/example_dags/example_dag_decorator.py
[2024-08-03T21:28:12.541+0000] {logging_mixin.py:188} INFO - [2024-08-03T21:28:12.541+0000] {dag.py:3089} INFO - Sync 1 DAGs
[2024-08-03T21:28:12.556+0000] {logging_mixin.py:188} INFO - [2024-08-03T21:28:12.556+0000] {dag.py:3947} INFO - Setting next_dagrun for example_dag_decorator to None, run_after=None
[2024-08-03T21:28:12.579+0000] {processor.py:183} INFO - Processing /home/airflow/.local/lib/python3.12/site-packages/airflow/example_dags/example_dag_decorator.py took 0.621 seconds
[2024-08-03T21:28:42.797+0000] {processor.py:161} INFO - Started process (PID=1800) to work on /home/airflow/.local/lib/python3.12/site-packages/airflow/example_dags/example_dag_decorator.py
[2024-08-03T21:28:42.800+0000] {processor.py:830} INFO - Processing file /home/airflow/.local/lib/python3.12/site-packages/airflow/example_dags/example_dag_decorator.py for tasks to queue
[2024-08-03T21:28:42.809+0000] {logging_mixin.py:188} INFO - [2024-08-03T21:28:42.807+0000] {dagbag.py:545} INFO - Filling up the DagBag from /home/airflow/.local/lib/python3.12/site-packages/airflow/example_dags/example_dag_decorator.py
[2024-08-03T21:28:43.459+0000] {processor.py:840} INFO - DAG(s) 'example_dag_decorator' retrieved from /home/airflow/.local/lib/python3.12/site-packages/airflow/example_dags/example_dag_decorator.py
[2024-08-03T21:28:43.568+0000] {logging_mixin.py:188} INFO - [2024-08-03T21:28:43.568+0000] {dag.py:3089} INFO - Sync 1 DAGs
[2024-08-03T21:28:43.578+0000] {logging_mixin.py:188} INFO - [2024-08-03T21:28:43.578+0000] {dag.py:3947} INFO - Setting next_dagrun for example_dag_decorator to None, run_after=None
[2024-08-03T21:28:43.598+0000] {processor.py:183} INFO - Processing /home/airflow/.local/lib/python3.12/site-packages/airflow/example_dags/example_dag_decorator.py took 0.824 seconds
[2024-08-03T21:29:13.938+0000] {processor.py:161} INFO - Started process (PID=1858) to work on /home/airflow/.local/lib/python3.12/site-packages/airflow/example_dags/example_dag_decorator.py
[2024-08-03T21:29:13.941+0000] {processor.py:830} INFO - Processing file /home/airflow/.local/lib/python3.12/site-packages/airflow/example_dags/example_dag_decorator.py for tasks to queue
[2024-08-03T21:29:13.947+0000] {logging_mixin.py:188} INFO - [2024-08-03T21:29:13.946+0000] {dagbag.py:545} INFO - Filling up the DagBag from /home/airflow/.local/lib/python3.12/site-packages/airflow/example_dags/example_dag_decorator.py
[2024-08-03T21:29:14.362+0000] {processor.py:840} INFO - DAG(s) 'example_dag_decorator' retrieved from /home/airflow/.local/lib/python3.12/site-packages/airflow/example_dags/example_dag_decorator.py
[2024-08-03T21:29:14.472+0000] {logging_mixin.py:188} INFO - [2024-08-03T21:29:14.471+0000] {dag.py:3089} INFO - Sync 1 DAGs
[2024-08-03T21:29:14.483+0000] {logging_mixin.py:188} INFO - [2024-08-03T21:29:14.483+0000] {dag.py:3947} INFO - Setting next_dagrun for example_dag_decorator to None, run_after=None
[2024-08-03T21:29:14.505+0000] {processor.py:183} INFO - Processing /home/airflow/.local/lib/python3.12/site-packages/airflow/example_dags/example_dag_decorator.py took 0.593 seconds
[2024-08-03T21:29:44.684+0000] {processor.py:161} INFO - Started process (PID=1916) to work on /home/airflow/.local/lib/python3.12/site-packages/airflow/example_dags/example_dag_decorator.py
[2024-08-03T21:29:44.687+0000] {processor.py:830} INFO - Processing file /home/airflow/.local/lib/python3.12/site-packages/airflow/example_dags/example_dag_decorator.py for tasks to queue
[2024-08-03T21:29:44.692+0000] {logging_mixin.py:188} INFO - [2024-08-03T21:29:44.691+0000] {dagbag.py:545} INFO - Filling up the DagBag from /home/airflow/.local/lib/python3.12/site-packages/airflow/example_dags/example_dag_decorator.py
[2024-08-03T21:29:45.063+0000] {processor.py:840} INFO - DAG(s) 'example_dag_decorator' retrieved from /home/airflow/.local/lib/python3.12/site-packages/airflow/example_dags/example_dag_decorator.py
[2024-08-03T21:29:45.162+0000] {logging_mixin.py:188} INFO - [2024-08-03T21:29:45.161+0000] {dag.py:3089} INFO - Sync 1 DAGs
[2024-08-03T21:29:45.171+0000] {logging_mixin.py:188} INFO - [2024-08-03T21:29:45.170+0000] {dag.py:3947} INFO - Setting next_dagrun for example_dag_decorator to None, run_after=None
[2024-08-03T21:29:45.187+0000] {processor.py:183} INFO - Processing /home/airflow/.local/lib/python3.12/site-packages/airflow/example_dags/example_dag_decorator.py took 0.524 seconds
[2024-08-03T21:30:15.426+0000] {processor.py:161} INFO - Started process (PID=1974) to work on /home/airflow/.local/lib/python3.12/site-packages/airflow/example_dags/example_dag_decorator.py
[2024-08-03T21:30:15.428+0000] {processor.py:830} INFO - Processing file /home/airflow/.local/lib/python3.12/site-packages/airflow/example_dags/example_dag_decorator.py for tasks to queue
[2024-08-03T21:30:15.434+0000] {logging_mixin.py:188} INFO - [2024-08-03T21:30:15.433+0000] {dagbag.py:545} INFO - Filling up the DagBag from /home/airflow/.local/lib/python3.12/site-packages/airflow/example_dags/example_dag_decorator.py
[2024-08-03T21:30:15.824+0000] {processor.py:840} INFO - DAG(s) 'example_dag_decorator' retrieved from /home/airflow/.local/lib/python3.12/site-packages/airflow/example_dags/example_dag_decorator.py
[2024-08-03T21:30:15.914+0000] {logging_mixin.py:188} INFO - [2024-08-03T21:30:15.914+0000] {dag.py:3089} INFO - Sync 1 DAGs
[2024-08-03T21:30:15.922+0000] {logging_mixin.py:188} INFO - [2024-08-03T21:30:15.922+0000] {dag.py:3947} INFO - Setting next_dagrun for example_dag_decorator to None, run_after=None
[2024-08-03T21:30:15.938+0000] {processor.py:183} INFO - Processing /home/airflow/.local/lib/python3.12/site-packages/airflow/example_dags/example_dag_decorator.py took 0.532 seconds
[2024-08-03T21:30:46.188+0000] {processor.py:161} INFO - Started process (PID=2032) to work on /home/airflow/.local/lib/python3.12/site-packages/airflow/example_dags/example_dag_decorator.py
[2024-08-03T21:30:46.188+0000] {processor.py:830} INFO - Processing file /home/airflow/.local/lib/python3.12/site-packages/airflow/example_dags/example_dag_decorator.py for tasks to queue
[2024-08-03T21:30:46.190+0000] {logging_mixin.py:188} INFO - [2024-08-03T21:30:46.190+0000] {dagbag.py:545} INFO - Filling up the DagBag from /home/airflow/.local/lib/python3.12/site-packages/airflow/example_dags/example_dag_decorator.py
[2024-08-03T21:30:46.503+0000] {processor.py:840} INFO - DAG(s) 'example_dag_decorator' retrieved from /home/airflow/.local/lib/python3.12/site-packages/airflow/example_dags/example_dag_decorator.py
[2024-08-03T21:30:46.627+0000] {logging_mixin.py:188} INFO - [2024-08-03T21:30:46.626+0000] {dag.py:3089} INFO - Sync 1 DAGs
[2024-08-03T21:30:46.638+0000] {logging_mixin.py:188} INFO - [2024-08-03T21:30:46.638+0000] {dag.py:3947} INFO - Setting next_dagrun for example_dag_decorator to None, run_after=None
[2024-08-03T21:30:46.657+0000] {processor.py:183} INFO - Processing /home/airflow/.local/lib/python3.12/site-packages/airflow/example_dags/example_dag_decorator.py took 0.477 seconds
[2024-08-03T21:31:17.562+0000] {processor.py:161} INFO - Started process (PID=2090) to work on /home/airflow/.local/lib/python3.12/site-packages/airflow/example_dags/example_dag_decorator.py
[2024-08-03T21:31:17.566+0000] {processor.py:830} INFO - Processing file /home/airflow/.local/lib/python3.12/site-packages/airflow/example_dags/example_dag_decorator.py for tasks to queue
[2024-08-03T21:31:17.572+0000] {logging_mixin.py:188} INFO - [2024-08-03T21:31:17.571+0000] {dagbag.py:545} INFO - Filling up the DagBag from /home/airflow/.local/lib/python3.12/site-packages/airflow/example_dags/example_dag_decorator.py
[2024-08-03T21:31:18.035+0000] {processor.py:840} INFO - DAG(s) 'example_dag_decorator' retrieved from /home/airflow/.local/lib/python3.12/site-packages/airflow/example_dags/example_dag_decorator.py
[2024-08-03T21:31:18.290+0000] {logging_mixin.py:188} INFO - [2024-08-03T21:31:18.289+0000] {dag.py:3089} INFO - Sync 1 DAGs
[2024-08-03T21:31:18.323+0000] {logging_mixin.py:188} INFO - [2024-08-03T21:31:18.323+0000] {dag.py:3947} INFO - Setting next_dagrun for example_dag_decorator to None, run_after=None
[2024-08-03T21:31:18.372+0000] {processor.py:183} INFO - Processing /home/airflow/.local/lib/python3.12/site-packages/airflow/example_dags/example_dag_decorator.py took 0.830 seconds
[2024-08-03T21:31:48.915+0000] {processor.py:161} INFO - Started process (PID=2148) to work on /home/airflow/.local/lib/python3.12/site-packages/airflow/example_dags/example_dag_decorator.py
[2024-08-03T21:31:48.917+0000] {processor.py:830} INFO - Processing file /home/airflow/.local/lib/python3.12/site-packages/airflow/example_dags/example_dag_decorator.py for tasks to queue
[2024-08-03T21:31:48.924+0000] {logging_mixin.py:188} INFO - [2024-08-03T21:31:48.923+0000] {dagbag.py:545} INFO - Filling up the DagBag from /home/airflow/.local/lib/python3.12/site-packages/airflow/example_dags/example_dag_decorator.py
[2024-08-03T21:31:49.298+0000] {processor.py:840} INFO - DAG(s) 'example_dag_decorator' retrieved from /home/airflow/.local/lib/python3.12/site-packages/airflow/example_dags/example_dag_decorator.py
[2024-08-03T21:31:49.622+0000] {logging_mixin.py:188} INFO - [2024-08-03T21:31:49.622+0000] {dag.py:3089} INFO - Sync 1 DAGs
[2024-08-03T21:31:49.635+0000] {logging_mixin.py:188} INFO - [2024-08-03T21:31:49.635+0000] {dag.py:3947} INFO - Setting next_dagrun for example_dag_decorator to None, run_after=None
[2024-08-03T21:31:49.657+0000] {processor.py:183} INFO - Processing /home/airflow/.local/lib/python3.12/site-packages/airflow/example_dags/example_dag_decorator.py took 0.763 seconds
[2024-08-03T21:32:19.761+0000] {processor.py:161} INFO - Started process (PID=2206) to work on /home/airflow/.local/lib/python3.12/site-packages/airflow/example_dags/example_dag_decorator.py
[2024-08-03T21:32:19.765+0000] {processor.py:830} INFO - Processing file /home/airflow/.local/lib/python3.12/site-packages/airflow/example_dags/example_dag_decorator.py for tasks to queue
[2024-08-03T21:32:19.772+0000] {logging_mixin.py:188} INFO - [2024-08-03T21:32:19.771+0000] {dagbag.py:545} INFO - Filling up the DagBag from /home/airflow/.local/lib/python3.12/site-packages/airflow/example_dags/example_dag_decorator.py
[2024-08-03T21:32:20.106+0000] {processor.py:840} INFO - DAG(s) 'example_dag_decorator' retrieved from /home/airflow/.local/lib/python3.12/site-packages/airflow/example_dags/example_dag_decorator.py
[2024-08-03T21:32:20.464+0000] {logging_mixin.py:188} INFO - [2024-08-03T21:32:20.462+0000] {dag.py:3089} INFO - Sync 1 DAGs
[2024-08-03T21:32:20.508+0000] {logging_mixin.py:188} INFO - [2024-08-03T21:32:20.507+0000] {dag.py:3947} INFO - Setting next_dagrun for example_dag_decorator to None, run_after=None
[2024-08-03T21:32:20.576+0000] {processor.py:183} INFO - Processing /home/airflow/.local/lib/python3.12/site-packages/airflow/example_dags/example_dag_decorator.py took 0.836 seconds
[2024-08-03T21:32:50.933+0000] {processor.py:161} INFO - Started process (PID=2264) to work on /home/airflow/.local/lib/python3.12/site-packages/airflow/example_dags/example_dag_decorator.py
[2024-08-03T21:32:50.936+0000] {processor.py:830} INFO - Processing file /home/airflow/.local/lib/python3.12/site-packages/airflow/example_dags/example_dag_decorator.py for tasks to queue
[2024-08-03T21:32:50.943+0000] {logging_mixin.py:188} INFO - [2024-08-03T21:32:50.942+0000] {dagbag.py:545} INFO - Filling up the DagBag from /home/airflow/.local/lib/python3.12/site-packages/airflow/example_dags/example_dag_decorator.py
[2024-08-03T21:32:51.368+0000] {processor.py:840} INFO - DAG(s) 'example_dag_decorator' retrieved from /home/airflow/.local/lib/python3.12/site-packages/airflow/example_dags/example_dag_decorator.py
[2024-08-03T21:32:51.759+0000] {logging_mixin.py:188} INFO - [2024-08-03T21:32:51.759+0000] {dag.py:3089} INFO - Sync 1 DAGs
[2024-08-03T21:32:51.779+0000] {logging_mixin.py:188} INFO - [2024-08-03T21:32:51.778+0000] {dag.py:3947} INFO - Setting next_dagrun for example_dag_decorator to None, run_after=None
[2024-08-03T21:32:51.815+0000] {processor.py:183} INFO - Processing /home/airflow/.local/lib/python3.12/site-packages/airflow/example_dags/example_dag_decorator.py took 0.904 seconds
[2024-08-03T21:33:22.266+0000] {processor.py:161} INFO - Started process (PID=2322) to work on /home/airflow/.local/lib/python3.12/site-packages/airflow/example_dags/example_dag_decorator.py
[2024-08-03T21:33:22.270+0000] {processor.py:830} INFO - Processing file /home/airflow/.local/lib/python3.12/site-packages/airflow/example_dags/example_dag_decorator.py for tasks to queue
[2024-08-03T21:33:22.277+0000] {logging_mixin.py:188} INFO - [2024-08-03T21:33:22.276+0000] {dagbag.py:545} INFO - Filling up the DagBag from /home/airflow/.local/lib/python3.12/site-packages/airflow/example_dags/example_dag_decorator.py
[2024-08-03T21:33:22.639+0000] {processor.py:840} INFO - DAG(s) 'example_dag_decorator' retrieved from /home/airflow/.local/lib/python3.12/site-packages/airflow/example_dags/example_dag_decorator.py
[2024-08-03T21:33:22.976+0000] {logging_mixin.py:188} INFO - [2024-08-03T21:33:22.975+0000] {dag.py:3089} INFO - Sync 1 DAGs
[2024-08-03T21:33:23.023+0000] {logging_mixin.py:188} INFO - [2024-08-03T21:33:23.023+0000] {dag.py:3947} INFO - Setting next_dagrun for example_dag_decorator to None, run_after=None
[2024-08-03T21:33:23.094+0000] {processor.py:183} INFO - Processing /home/airflow/.local/lib/python3.12/site-packages/airflow/example_dags/example_dag_decorator.py took 0.851 seconds
[2024-08-03T21:33:54.033+0000] {processor.py:161} INFO - Started process (PID=2379) to work on /home/airflow/.local/lib/python3.12/site-packages/airflow/example_dags/example_dag_decorator.py
[2024-08-03T21:33:54.036+0000] {processor.py:830} INFO - Processing file /home/airflow/.local/lib/python3.12/site-packages/airflow/example_dags/example_dag_decorator.py for tasks to queue
[2024-08-03T21:33:54.043+0000] {logging_mixin.py:188} INFO - [2024-08-03T21:33:54.043+0000] {dagbag.py:545} INFO - Filling up the DagBag from /home/airflow/.local/lib/python3.12/site-packages/airflow/example_dags/example_dag_decorator.py
[2024-08-03T21:33:54.308+0000] {processor.py:840} INFO - DAG(s) 'example_dag_decorator' retrieved from /home/airflow/.local/lib/python3.12/site-packages/airflow/example_dags/example_dag_decorator.py
[2024-08-03T21:33:54.655+0000] {logging_mixin.py:188} INFO - [2024-08-03T21:33:54.654+0000] {dag.py:3089} INFO - Sync 1 DAGs
[2024-08-03T21:33:54.693+0000] {logging_mixin.py:188} INFO - [2024-08-03T21:33:54.692+0000] {dag.py:3947} INFO - Setting next_dagrun for example_dag_decorator to None, run_after=None
[2024-08-03T21:33:54.748+0000] {processor.py:183} INFO - Processing /home/airflow/.local/lib/python3.12/site-packages/airflow/example_dags/example_dag_decorator.py took 0.745 seconds
[2024-08-03T21:34:24.869+0000] {processor.py:161} INFO - Started process (PID=2437) to work on /home/airflow/.local/lib/python3.12/site-packages/airflow/example_dags/example_dag_decorator.py
[2024-08-03T21:34:24.874+0000] {processor.py:830} INFO - Processing file /home/airflow/.local/lib/python3.12/site-packages/airflow/example_dags/example_dag_decorator.py for tasks to queue
[2024-08-03T21:34:24.884+0000] {logging_mixin.py:188} INFO - [2024-08-03T21:34:24.882+0000] {dagbag.py:545} INFO - Filling up the DagBag from /home/airflow/.local/lib/python3.12/site-packages/airflow/example_dags/example_dag_decorator.py
[2024-08-03T21:34:25.250+0000] {processor.py:840} INFO - DAG(s) 'example_dag_decorator' retrieved from /home/airflow/.local/lib/python3.12/site-packages/airflow/example_dags/example_dag_decorator.py
[2024-08-03T21:34:25.683+0000] {logging_mixin.py:188} INFO - [2024-08-03T21:34:25.682+0000] {dag.py:3089} INFO - Sync 1 DAGs
[2024-08-03T21:34:25.730+0000] {logging_mixin.py:188} INFO - [2024-08-03T21:34:25.729+0000] {dag.py:3947} INFO - Setting next_dagrun for example_dag_decorator to None, run_after=None
[2024-08-03T21:34:25.815+0000] {processor.py:183} INFO - Processing /home/airflow/.local/lib/python3.12/site-packages/airflow/example_dags/example_dag_decorator.py took 0.973 seconds
[2024-08-03T21:34:56.401+0000] {processor.py:161} INFO - Started process (PID=2495) to work on /home/airflow/.local/lib/python3.12/site-packages/airflow/example_dags/example_dag_decorator.py
[2024-08-03T21:34:56.405+0000] {processor.py:830} INFO - Processing file /home/airflow/.local/lib/python3.12/site-packages/airflow/example_dags/example_dag_decorator.py for tasks to queue
[2024-08-03T21:34:56.414+0000] {logging_mixin.py:188} INFO - [2024-08-03T21:34:56.413+0000] {dagbag.py:545} INFO - Filling up the DagBag from /home/airflow/.local/lib/python3.12/site-packages/airflow/example_dags/example_dag_decorator.py
[2024-08-03T21:34:56.812+0000] {processor.py:840} INFO - DAG(s) 'example_dag_decorator' retrieved from /home/airflow/.local/lib/python3.12/site-packages/airflow/example_dags/example_dag_decorator.py
[2024-08-03T21:34:57.019+0000] {logging_mixin.py:188} INFO - [2024-08-03T21:34:57.019+0000] {dag.py:3089} INFO - Sync 1 DAGs
[2024-08-03T21:34:57.045+0000] {logging_mixin.py:188} INFO - [2024-08-03T21:34:57.045+0000] {dag.py:3947} INFO - Setting next_dagrun for example_dag_decorator to None, run_after=None
[2024-08-03T21:34:57.077+0000] {processor.py:183} INFO - Processing /home/airflow/.local/lib/python3.12/site-packages/airflow/example_dags/example_dag_decorator.py took 0.705 seconds
[2024-08-03T21:35:27.525+0000] {processor.py:161} INFO - Started process (PID=2554) to work on /home/airflow/.local/lib/python3.12/site-packages/airflow/example_dags/example_dag_decorator.py
[2024-08-03T21:35:27.528+0000] {processor.py:830} INFO - Processing file /home/airflow/.local/lib/python3.12/site-packages/airflow/example_dags/example_dag_decorator.py for tasks to queue
[2024-08-03T21:35:27.539+0000] {logging_mixin.py:188} INFO - [2024-08-03T21:35:27.537+0000] {dagbag.py:545} INFO - Filling up the DagBag from /home/airflow/.local/lib/python3.12/site-packages/airflow/example_dags/example_dag_decorator.py
[2024-08-03T21:35:28.064+0000] {processor.py:840} INFO - DAG(s) 'example_dag_decorator' retrieved from /home/airflow/.local/lib/python3.12/site-packages/airflow/example_dags/example_dag_decorator.py
[2024-08-03T21:35:28.495+0000] {logging_mixin.py:188} INFO - [2024-08-03T21:35:28.495+0000] {dag.py:3089} INFO - Sync 1 DAGs
[2024-08-03T21:35:28.520+0000] {logging_mixin.py:188} INFO - [2024-08-03T21:35:28.519+0000] {dag.py:3947} INFO - Setting next_dagrun for example_dag_decorator to None, run_after=None
[2024-08-03T21:35:28.567+0000] {processor.py:183} INFO - Processing /home/airflow/.local/lib/python3.12/site-packages/airflow/example_dags/example_dag_decorator.py took 1.067 seconds
[2024-08-03T21:35:59.600+0000] {processor.py:161} INFO - Started process (PID=2612) to work on /home/airflow/.local/lib/python3.12/site-packages/airflow/example_dags/example_dag_decorator.py
[2024-08-03T21:35:59.603+0000] {processor.py:830} INFO - Processing file /home/airflow/.local/lib/python3.12/site-packages/airflow/example_dags/example_dag_decorator.py for tasks to queue
[2024-08-03T21:35:59.609+0000] {logging_mixin.py:188} INFO - [2024-08-03T21:35:59.608+0000] {dagbag.py:545} INFO - Filling up the DagBag from /home/airflow/.local/lib/python3.12/site-packages/airflow/example_dags/example_dag_decorator.py
[2024-08-03T21:36:00.122+0000] {processor.py:840} INFO - DAG(s) 'example_dag_decorator' retrieved from /home/airflow/.local/lib/python3.12/site-packages/airflow/example_dags/example_dag_decorator.py
[2024-08-03T21:36:00.750+0000] {logging_mixin.py:188} INFO - [2024-08-03T21:36:00.749+0000] {dag.py:3089} INFO - Sync 1 DAGs
[2024-08-03T21:36:00.814+0000] {logging_mixin.py:188} INFO - [2024-08-03T21:36:00.813+0000] {dag.py:3947} INFO - Setting next_dagrun for example_dag_decorator to None, run_after=None
[2024-08-03T21:36:00.888+0000] {processor.py:183} INFO - Processing /home/airflow/.local/lib/python3.12/site-packages/airflow/example_dags/example_dag_decorator.py took 1.316 seconds
[2024-08-03T21:36:32.070+0000] {processor.py:161} INFO - Started process (PID=2672) to work on /home/airflow/.local/lib/python3.12/site-packages/airflow/example_dags/example_dag_decorator.py
[2024-08-03T21:36:32.072+0000] {processor.py:830} INFO - Processing file /home/airflow/.local/lib/python3.12/site-packages/airflow/example_dags/example_dag_decorator.py for tasks to queue
[2024-08-03T21:36:32.076+0000] {logging_mixin.py:188} INFO - [2024-08-03T21:36:32.075+0000] {dagbag.py:545} INFO - Filling up the DagBag from /home/airflow/.local/lib/python3.12/site-packages/airflow/example_dags/example_dag_decorator.py
[2024-08-03T21:36:32.360+0000] {processor.py:840} INFO - DAG(s) 'example_dag_decorator' retrieved from /home/airflow/.local/lib/python3.12/site-packages/airflow/example_dags/example_dag_decorator.py
[2024-08-03T21:36:32.646+0000] {logging_mixin.py:188} INFO - [2024-08-03T21:36:32.645+0000] {dag.py:3089} INFO - Sync 1 DAGs
[2024-08-03T21:36:32.678+0000] {logging_mixin.py:188} INFO - [2024-08-03T21:36:32.678+0000] {dag.py:3947} INFO - Setting next_dagrun for example_dag_decorator to None, run_after=None
[2024-08-03T21:36:32.734+0000] {processor.py:183} INFO - Processing /home/airflow/.local/lib/python3.12/site-packages/airflow/example_dags/example_dag_decorator.py took 0.680 seconds
[2024-08-03T21:37:03.848+0000] {processor.py:161} INFO - Started process (PID=2733) to work on /home/airflow/.local/lib/python3.12/site-packages/airflow/example_dags/example_dag_decorator.py
[2024-08-03T21:37:03.850+0000] {processor.py:830} INFO - Processing file /home/airflow/.local/lib/python3.12/site-packages/airflow/example_dags/example_dag_decorator.py for tasks to queue
[2024-08-03T21:37:03.857+0000] {logging_mixin.py:188} INFO - [2024-08-03T21:37:03.856+0000] {dagbag.py:545} INFO - Filling up the DagBag from /home/airflow/.local/lib/python3.12/site-packages/airflow/example_dags/example_dag_decorator.py
[2024-08-03T21:37:04.125+0000] {processor.py:840} INFO - DAG(s) 'example_dag_decorator' retrieved from /home/airflow/.local/lib/python3.12/site-packages/airflow/example_dags/example_dag_decorator.py
[2024-08-03T21:37:04.504+0000] {logging_mixin.py:188} INFO - [2024-08-03T21:37:04.503+0000] {dag.py:3089} INFO - Sync 1 DAGs
[2024-08-03T21:37:04.543+0000] {logging_mixin.py:188} INFO - [2024-08-03T21:37:04.542+0000] {dag.py:3947} INFO - Setting next_dagrun for example_dag_decorator to None, run_after=None
[2024-08-03T21:37:04.592+0000] {processor.py:183} INFO - Processing /home/airflow/.local/lib/python3.12/site-packages/airflow/example_dags/example_dag_decorator.py took 0.764 seconds
[2024-08-03T21:37:35.211+0000] {processor.py:161} INFO - Started process (PID=2792) to work on /home/airflow/.local/lib/python3.12/site-packages/airflow/example_dags/example_dag_decorator.py
[2024-08-03T21:37:35.213+0000] {processor.py:830} INFO - Processing file /home/airflow/.local/lib/python3.12/site-packages/airflow/example_dags/example_dag_decorator.py for tasks to queue
[2024-08-03T21:37:35.219+0000] {logging_mixin.py:188} INFO - [2024-08-03T21:37:35.218+0000] {dagbag.py:545} INFO - Filling up the DagBag from /home/airflow/.local/lib/python3.12/site-packages/airflow/example_dags/example_dag_decorator.py
[2024-08-03T21:37:35.486+0000] {processor.py:840} INFO - DAG(s) 'example_dag_decorator' retrieved from /home/airflow/.local/lib/python3.12/site-packages/airflow/example_dags/example_dag_decorator.py
[2024-08-03T21:37:35.598+0000] {logging_mixin.py:188} INFO - [2024-08-03T21:37:35.597+0000] {dag.py:3089} INFO - Sync 1 DAGs
[2024-08-03T21:37:35.608+0000] {logging_mixin.py:188} INFO - [2024-08-03T21:37:35.608+0000] {dag.py:3947} INFO - Setting next_dagrun for example_dag_decorator to None, run_after=None
[2024-08-03T21:37:35.633+0000] {processor.py:183} INFO - Processing /home/airflow/.local/lib/python3.12/site-packages/airflow/example_dags/example_dag_decorator.py took 0.442 seconds
[2024-08-03T21:38:06.443+0000] {processor.py:161} INFO - Started process (PID=2851) to work on /home/airflow/.local/lib/python3.12/site-packages/airflow/example_dags/example_dag_decorator.py
[2024-08-03T21:38:06.446+0000] {processor.py:830} INFO - Processing file /home/airflow/.local/lib/python3.12/site-packages/airflow/example_dags/example_dag_decorator.py for tasks to queue
[2024-08-03T21:38:06.452+0000] {logging_mixin.py:188} INFO - [2024-08-03T21:38:06.451+0000] {dagbag.py:545} INFO - Filling up the DagBag from /home/airflow/.local/lib/python3.12/site-packages/airflow/example_dags/example_dag_decorator.py
[2024-08-03T21:38:06.915+0000] {processor.py:840} INFO - DAG(s) 'example_dag_decorator' retrieved from /home/airflow/.local/lib/python3.12/site-packages/airflow/example_dags/example_dag_decorator.py
[2024-08-03T21:38:07.353+0000] {logging_mixin.py:188} INFO - [2024-08-03T21:38:07.352+0000] {dag.py:3089} INFO - Sync 1 DAGs
[2024-08-03T21:38:07.393+0000] {logging_mixin.py:188} INFO - [2024-08-03T21:38:07.392+0000] {dag.py:3947} INFO - Setting next_dagrun for example_dag_decorator to None, run_after=None
[2024-08-03T21:38:07.463+0000] {processor.py:183} INFO - Processing /home/airflow/.local/lib/python3.12/site-packages/airflow/example_dags/example_dag_decorator.py took 1.045 seconds
[2024-08-03T21:38:38.440+0000] {processor.py:161} INFO - Started process (PID=2909) to work on /home/airflow/.local/lib/python3.12/site-packages/airflow/example_dags/example_dag_decorator.py
[2024-08-03T21:38:38.444+0000] {processor.py:830} INFO - Processing file /home/airflow/.local/lib/python3.12/site-packages/airflow/example_dags/example_dag_decorator.py for tasks to queue
[2024-08-03T21:38:38.453+0000] {logging_mixin.py:188} INFO - [2024-08-03T21:38:38.452+0000] {dagbag.py:545} INFO - Filling up the DagBag from /home/airflow/.local/lib/python3.12/site-packages/airflow/example_dags/example_dag_decorator.py
[2024-08-03T21:38:38.813+0000] {processor.py:840} INFO - DAG(s) 'example_dag_decorator' retrieved from /home/airflow/.local/lib/python3.12/site-packages/airflow/example_dags/example_dag_decorator.py
[2024-08-03T21:38:39.152+0000] {logging_mixin.py:188} INFO - [2024-08-03T21:38:39.152+0000] {dag.py:3089} INFO - Sync 1 DAGs
[2024-08-03T21:38:39.196+0000] {logging_mixin.py:188} INFO - [2024-08-03T21:38:39.196+0000] {dag.py:3947} INFO - Setting next_dagrun for example_dag_decorator to None, run_after=None
[2024-08-03T21:38:39.270+0000] {processor.py:183} INFO - Processing /home/airflow/.local/lib/python3.12/site-packages/airflow/example_dags/example_dag_decorator.py took 0.851 seconds
[2024-08-03T21:39:09.346+0000] {processor.py:161} INFO - Started process (PID=2973) to work on /home/airflow/.local/lib/python3.12/site-packages/airflow/example_dags/example_dag_decorator.py
[2024-08-03T21:39:09.347+0000] {processor.py:830} INFO - Processing file /home/airflow/.local/lib/python3.12/site-packages/airflow/example_dags/example_dag_decorator.py for tasks to queue
[2024-08-03T21:39:09.350+0000] {logging_mixin.py:188} INFO - [2024-08-03T21:39:09.350+0000] {dagbag.py:545} INFO - Filling up the DagBag from /home/airflow/.local/lib/python3.12/site-packages/airflow/example_dags/example_dag_decorator.py
[2024-08-03T21:39:09.685+0000] {processor.py:840} INFO - DAG(s) 'example_dag_decorator' retrieved from /home/airflow/.local/lib/python3.12/site-packages/airflow/example_dags/example_dag_decorator.py
[2024-08-03T21:39:10.037+0000] {logging_mixin.py:188} INFO - [2024-08-03T21:39:10.036+0000] {dag.py:3089} INFO - Sync 1 DAGs
[2024-08-03T21:39:10.091+0000] {logging_mixin.py:188} INFO - [2024-08-03T21:39:10.090+0000] {dag.py:3947} INFO - Setting next_dagrun for example_dag_decorator to None, run_after=None
[2024-08-03T21:39:10.138+0000] {processor.py:183} INFO - Processing /home/airflow/.local/lib/python3.12/site-packages/airflow/example_dags/example_dag_decorator.py took 0.806 seconds
[2024-08-03T21:39:41.065+0000] {processor.py:161} INFO - Started process (PID=3031) to work on /home/airflow/.local/lib/python3.12/site-packages/airflow/example_dags/example_dag_decorator.py
[2024-08-03T21:39:41.069+0000] {processor.py:830} INFO - Processing file /home/airflow/.local/lib/python3.12/site-packages/airflow/example_dags/example_dag_decorator.py for tasks to queue
[2024-08-03T21:39:41.078+0000] {logging_mixin.py:188} INFO - [2024-08-03T21:39:41.076+0000] {dagbag.py:545} INFO - Filling up the DagBag from /home/airflow/.local/lib/python3.12/site-packages/airflow/example_dags/example_dag_decorator.py
[2024-08-03T21:39:41.454+0000] {processor.py:840} INFO - DAG(s) 'example_dag_decorator' retrieved from /home/airflow/.local/lib/python3.12/site-packages/airflow/example_dags/example_dag_decorator.py
[2024-08-03T21:39:41.836+0000] {logging_mixin.py:188} INFO - [2024-08-03T21:39:41.835+0000] {dag.py:3089} INFO - Sync 1 DAGs
[2024-08-03T21:39:41.880+0000] {logging_mixin.py:188} INFO - [2024-08-03T21:39:41.879+0000] {dag.py:3947} INFO - Setting next_dagrun for example_dag_decorator to None, run_after=None
[2024-08-03T21:39:41.955+0000] {processor.py:183} INFO - Processing /home/airflow/.local/lib/python3.12/site-packages/airflow/example_dags/example_dag_decorator.py took 0.911 seconds
[2024-08-03T21:40:12.574+0000] {processor.py:161} INFO - Started process (PID=3089) to work on /home/airflow/.local/lib/python3.12/site-packages/airflow/example_dags/example_dag_decorator.py
[2024-08-03T21:40:12.578+0000] {processor.py:830} INFO - Processing file /home/airflow/.local/lib/python3.12/site-packages/airflow/example_dags/example_dag_decorator.py for tasks to queue
[2024-08-03T21:40:12.585+0000] {logging_mixin.py:188} INFO - [2024-08-03T21:40:12.584+0000] {dagbag.py:545} INFO - Filling up the DagBag from /home/airflow/.local/lib/python3.12/site-packages/airflow/example_dags/example_dag_decorator.py
[2024-08-03T21:40:12.948+0000] {processor.py:840} INFO - DAG(s) 'example_dag_decorator' retrieved from /home/airflow/.local/lib/python3.12/site-packages/airflow/example_dags/example_dag_decorator.py
[2024-08-03T21:40:13.251+0000] {logging_mixin.py:188} INFO - [2024-08-03T21:40:13.251+0000] {dag.py:3089} INFO - Sync 1 DAGs
[2024-08-03T21:40:13.272+0000] {logging_mixin.py:188} INFO - [2024-08-03T21:40:13.272+0000] {dag.py:3947} INFO - Setting next_dagrun for example_dag_decorator to None, run_after=None
[2024-08-03T21:40:13.301+0000] {processor.py:183} INFO - Processing /home/airflow/.local/lib/python3.12/site-packages/airflow/example_dags/example_dag_decorator.py took 0.747 seconds
[2024-08-03T21:40:43.985+0000] {processor.py:161} INFO - Started process (PID=3147) to work on /home/airflow/.local/lib/python3.12/site-packages/airflow/example_dags/example_dag_decorator.py
[2024-08-03T21:40:43.990+0000] {processor.py:830} INFO - Processing file /home/airflow/.local/lib/python3.12/site-packages/airflow/example_dags/example_dag_decorator.py for tasks to queue
[2024-08-03T21:40:43.995+0000] {logging_mixin.py:188} INFO - [2024-08-03T21:40:43.994+0000] {dagbag.py:545} INFO - Filling up the DagBag from /home/airflow/.local/lib/python3.12/site-packages/airflow/example_dags/example_dag_decorator.py
[2024-08-03T21:40:44.479+0000] {processor.py:840} INFO - DAG(s) 'example_dag_decorator' retrieved from /home/airflow/.local/lib/python3.12/site-packages/airflow/example_dags/example_dag_decorator.py
[2024-08-03T21:40:44.987+0000] {logging_mixin.py:188} INFO - [2024-08-03T21:40:44.986+0000] {dag.py:3089} INFO - Sync 1 DAGs
[2024-08-03T21:40:45.038+0000] {logging_mixin.py:188} INFO - [2024-08-03T21:40:45.036+0000] {dag.py:3947} INFO - Setting next_dagrun for example_dag_decorator to None, run_after=None
[2024-08-03T21:40:45.127+0000] {processor.py:183} INFO - Processing /home/airflow/.local/lib/python3.12/site-packages/airflow/example_dags/example_dag_decorator.py took 1.168 seconds
[2024-08-03T21:41:15.303+0000] {processor.py:161} INFO - Started process (PID=3205) to work on /home/airflow/.local/lib/python3.12/site-packages/airflow/example_dags/example_dag_decorator.py
[2024-08-03T21:41:15.307+0000] {processor.py:830} INFO - Processing file /home/airflow/.local/lib/python3.12/site-packages/airflow/example_dags/example_dag_decorator.py for tasks to queue
[2024-08-03T21:41:15.318+0000] {logging_mixin.py:188} INFO - [2024-08-03T21:41:15.315+0000] {dagbag.py:545} INFO - Filling up the DagBag from /home/airflow/.local/lib/python3.12/site-packages/airflow/example_dags/example_dag_decorator.py
[2024-08-03T21:41:15.822+0000] {processor.py:840} INFO - DAG(s) 'example_dag_decorator' retrieved from /home/airflow/.local/lib/python3.12/site-packages/airflow/example_dags/example_dag_decorator.py
[2024-08-03T21:41:16.274+0000] {logging_mixin.py:188} INFO - [2024-08-03T21:41:16.273+0000] {dag.py:3089} INFO - Sync 1 DAGs
[2024-08-03T21:41:16.298+0000] {logging_mixin.py:188} INFO - [2024-08-03T21:41:16.297+0000] {dag.py:3947} INFO - Setting next_dagrun for example_dag_decorator to None, run_after=None
[2024-08-03T21:41:16.347+0000] {processor.py:183} INFO - Processing /home/airflow/.local/lib/python3.12/site-packages/airflow/example_dags/example_dag_decorator.py took 1.070 seconds
[2024-08-03T21:41:46.880+0000] {processor.py:161} INFO - Started process (PID=3263) to work on /home/airflow/.local/lib/python3.12/site-packages/airflow/example_dags/example_dag_decorator.py
[2024-08-03T21:41:46.883+0000] {processor.py:830} INFO - Processing file /home/airflow/.local/lib/python3.12/site-packages/airflow/example_dags/example_dag_decorator.py for tasks to queue
[2024-08-03T21:41:46.889+0000] {logging_mixin.py:188} INFO - [2024-08-03T21:41:46.888+0000] {dagbag.py:545} INFO - Filling up the DagBag from /home/airflow/.local/lib/python3.12/site-packages/airflow/example_dags/example_dag_decorator.py
[2024-08-03T21:41:47.399+0000] {processor.py:840} INFO - DAG(s) 'example_dag_decorator' retrieved from /home/airflow/.local/lib/python3.12/site-packages/airflow/example_dags/example_dag_decorator.py
[2024-08-03T21:41:47.751+0000] {logging_mixin.py:188} INFO - [2024-08-03T21:41:47.750+0000] {dag.py:3089} INFO - Sync 1 DAGs
[2024-08-03T21:41:47.772+0000] {logging_mixin.py:188} INFO - [2024-08-03T21:41:47.772+0000] {dag.py:3947} INFO - Setting next_dagrun for example_dag_decorator to None, run_after=None
[2024-08-03T21:41:47.808+0000] {processor.py:183} INFO - Processing /home/airflow/.local/lib/python3.12/site-packages/airflow/example_dags/example_dag_decorator.py took 0.951 seconds
[2024-08-03T21:42:18.216+0000] {processor.py:161} INFO - Started process (PID=3321) to work on /home/airflow/.local/lib/python3.12/site-packages/airflow/example_dags/example_dag_decorator.py
[2024-08-03T21:42:18.219+0000] {processor.py:830} INFO - Processing file /home/airflow/.local/lib/python3.12/site-packages/airflow/example_dags/example_dag_decorator.py for tasks to queue
[2024-08-03T21:42:18.224+0000] {logging_mixin.py:188} INFO - [2024-08-03T21:42:18.223+0000] {dagbag.py:545} INFO - Filling up the DagBag from /home/airflow/.local/lib/python3.12/site-packages/airflow/example_dags/example_dag_decorator.py
[2024-08-03T21:42:18.494+0000] {processor.py:840} INFO - DAG(s) 'example_dag_decorator' retrieved from /home/airflow/.local/lib/python3.12/site-packages/airflow/example_dags/example_dag_decorator.py
[2024-08-03T21:42:18.728+0000] {logging_mixin.py:188} INFO - [2024-08-03T21:42:18.728+0000] {dag.py:3089} INFO - Sync 1 DAGs
[2024-08-03T21:42:18.752+0000] {logging_mixin.py:188} INFO - [2024-08-03T21:42:18.751+0000] {dag.py:3947} INFO - Setting next_dagrun for example_dag_decorator to None, run_after=None
[2024-08-03T21:42:18.792+0000] {processor.py:183} INFO - Processing /home/airflow/.local/lib/python3.12/site-packages/airflow/example_dags/example_dag_decorator.py took 0.592 seconds
[2024-08-03T21:42:48.945+0000] {processor.py:161} INFO - Started process (PID=3380) to work on /home/airflow/.local/lib/python3.12/site-packages/airflow/example_dags/example_dag_decorator.py
[2024-08-03T21:42:48.948+0000] {processor.py:830} INFO - Processing file /home/airflow/.local/lib/python3.12/site-packages/airflow/example_dags/example_dag_decorator.py for tasks to queue
[2024-08-03T21:42:48.955+0000] {logging_mixin.py:188} INFO - [2024-08-03T21:42:48.953+0000] {dagbag.py:545} INFO - Filling up the DagBag from /home/airflow/.local/lib/python3.12/site-packages/airflow/example_dags/example_dag_decorator.py
[2024-08-03T21:42:49.276+0000] {processor.py:840} INFO - DAG(s) 'example_dag_decorator' retrieved from /home/airflow/.local/lib/python3.12/site-packages/airflow/example_dags/example_dag_decorator.py
[2024-08-03T21:42:49.636+0000] {logging_mixin.py:188} INFO - [2024-08-03T21:42:49.635+0000] {dag.py:3089} INFO - Sync 1 DAGs
[2024-08-03T21:42:49.655+0000] {logging_mixin.py:188} INFO - [2024-08-03T21:42:49.654+0000] {dag.py:3947} INFO - Setting next_dagrun for example_dag_decorator to None, run_after=None
[2024-08-03T21:42:49.700+0000] {processor.py:183} INFO - Processing /home/airflow/.local/lib/python3.12/site-packages/airflow/example_dags/example_dag_decorator.py took 0.779 seconds
[2024-08-03T21:43:19.924+0000] {processor.py:161} INFO - Started process (PID=3439) to work on /home/airflow/.local/lib/python3.12/site-packages/airflow/example_dags/example_dag_decorator.py
[2024-08-03T21:43:19.927+0000] {processor.py:830} INFO - Processing file /home/airflow/.local/lib/python3.12/site-packages/airflow/example_dags/example_dag_decorator.py for tasks to queue
[2024-08-03T21:43:19.934+0000] {logging_mixin.py:188} INFO - [2024-08-03T21:43:19.933+0000] {dagbag.py:545} INFO - Filling up the DagBag from /home/airflow/.local/lib/python3.12/site-packages/airflow/example_dags/example_dag_decorator.py
[2024-08-03T21:43:20.227+0000] {processor.py:840} INFO - DAG(s) 'example_dag_decorator' retrieved from /home/airflow/.local/lib/python3.12/site-packages/airflow/example_dags/example_dag_decorator.py
[2024-08-03T21:43:20.508+0000] {logging_mixin.py:188} INFO - [2024-08-03T21:43:20.507+0000] {dag.py:3089} INFO - Sync 1 DAGs
[2024-08-03T21:43:20.542+0000] {logging_mixin.py:188} INFO - [2024-08-03T21:43:20.542+0000] {dag.py:3947} INFO - Setting next_dagrun for example_dag_decorator to None, run_after=None
[2024-08-03T21:43:20.604+0000] {processor.py:183} INFO - Processing /home/airflow/.local/lib/python3.12/site-packages/airflow/example_dags/example_dag_decorator.py took 0.706 seconds
[2024-08-03T21:43:51.357+0000] {processor.py:161} INFO - Started process (PID=3500) to work on /home/airflow/.local/lib/python3.12/site-packages/airflow/example_dags/example_dag_decorator.py
[2024-08-03T21:43:51.359+0000] {processor.py:830} INFO - Processing file /home/airflow/.local/lib/python3.12/site-packages/airflow/example_dags/example_dag_decorator.py for tasks to queue
[2024-08-03T21:43:51.365+0000] {logging_mixin.py:188} INFO - [2024-08-03T21:43:51.363+0000] {dagbag.py:545} INFO - Filling up the DagBag from /home/airflow/.local/lib/python3.12/site-packages/airflow/example_dags/example_dag_decorator.py
[2024-08-03T21:43:51.864+0000] {processor.py:840} INFO - DAG(s) 'example_dag_decorator' retrieved from /home/airflow/.local/lib/python3.12/site-packages/airflow/example_dags/example_dag_decorator.py
[2024-08-03T21:43:52.310+0000] {logging_mixin.py:188} INFO - [2024-08-03T21:43:52.310+0000] {dag.py:3089} INFO - Sync 1 DAGs
[2024-08-03T21:43:52.337+0000] {logging_mixin.py:188} INFO - [2024-08-03T21:43:52.336+0000] {dag.py:3947} INFO - Setting next_dagrun for example_dag_decorator to None, run_after=None
[2024-08-03T21:43:52.404+0000] {processor.py:183} INFO - Processing /home/airflow/.local/lib/python3.12/site-packages/airflow/example_dags/example_dag_decorator.py took 1.070 seconds
[2024-08-03T21:44:23.286+0000] {processor.py:161} INFO - Started process (PID=3562) to work on /home/airflow/.local/lib/python3.12/site-packages/airflow/example_dags/example_dag_decorator.py
[2024-08-03T21:44:23.288+0000] {processor.py:830} INFO - Processing file /home/airflow/.local/lib/python3.12/site-packages/airflow/example_dags/example_dag_decorator.py for tasks to queue
[2024-08-03T21:44:23.293+0000] {logging_mixin.py:188} INFO - [2024-08-03T21:44:23.292+0000] {dagbag.py:545} INFO - Filling up the DagBag from /home/airflow/.local/lib/python3.12/site-packages/airflow/example_dags/example_dag_decorator.py
[2024-08-03T21:44:23.671+0000] {processor.py:840} INFO - DAG(s) 'example_dag_decorator' retrieved from /home/airflow/.local/lib/python3.12/site-packages/airflow/example_dags/example_dag_decorator.py
[2024-08-03T21:44:24.005+0000] {logging_mixin.py:188} INFO - [2024-08-03T21:44:24.004+0000] {dag.py:3089} INFO - Sync 1 DAGs
[2024-08-03T21:44:24.045+0000] {logging_mixin.py:188} INFO - [2024-08-03T21:44:24.045+0000] {dag.py:3947} INFO - Setting next_dagrun for example_dag_decorator to None, run_after=None
[2024-08-03T21:44:24.117+0000] {processor.py:183} INFO - Processing /home/airflow/.local/lib/python3.12/site-packages/airflow/example_dags/example_dag_decorator.py took 0.848 seconds
[2024-08-03T21:44:54.308+0000] {processor.py:161} INFO - Started process (PID=3622) to work on /home/airflow/.local/lib/python3.12/site-packages/airflow/example_dags/example_dag_decorator.py
[2024-08-03T21:44:54.310+0000] {processor.py:830} INFO - Processing file /home/airflow/.local/lib/python3.12/site-packages/airflow/example_dags/example_dag_decorator.py for tasks to queue
[2024-08-03T21:44:54.314+0000] {logging_mixin.py:188} INFO - [2024-08-03T21:44:54.313+0000] {dagbag.py:545} INFO - Filling up the DagBag from /home/airflow/.local/lib/python3.12/site-packages/airflow/example_dags/example_dag_decorator.py
[2024-08-03T21:44:54.657+0000] {processor.py:840} INFO - DAG(s) 'example_dag_decorator' retrieved from /home/airflow/.local/lib/python3.12/site-packages/airflow/example_dags/example_dag_decorator.py
[2024-08-03T21:44:54.912+0000] {logging_mixin.py:188} INFO - [2024-08-03T21:44:54.912+0000] {dag.py:3089} INFO - Sync 1 DAGs
[2024-08-03T21:44:54.936+0000] {logging_mixin.py:188} INFO - [2024-08-03T21:44:54.935+0000] {dag.py:3947} INFO - Setting next_dagrun for example_dag_decorator to None, run_after=None
[2024-08-03T21:44:54.990+0000] {processor.py:183} INFO - Processing /home/airflow/.local/lib/python3.12/site-packages/airflow/example_dags/example_dag_decorator.py took 0.698 seconds
[2024-08-03T21:45:26.249+0000] {processor.py:161} INFO - Started process (PID=3683) to work on /home/airflow/.local/lib/python3.12/site-packages/airflow/example_dags/example_dag_decorator.py
[2024-08-03T21:45:26.251+0000] {processor.py:830} INFO - Processing file /home/airflow/.local/lib/python3.12/site-packages/airflow/example_dags/example_dag_decorator.py for tasks to queue
[2024-08-03T21:45:26.258+0000] {logging_mixin.py:188} INFO - [2024-08-03T21:45:26.256+0000] {dagbag.py:545} INFO - Filling up the DagBag from /home/airflow/.local/lib/python3.12/site-packages/airflow/example_dags/example_dag_decorator.py
[2024-08-03T21:45:26.585+0000] {processor.py:840} INFO - DAG(s) 'example_dag_decorator' retrieved from /home/airflow/.local/lib/python3.12/site-packages/airflow/example_dags/example_dag_decorator.py
[2024-08-03T21:45:26.975+0000] {logging_mixin.py:188} INFO - [2024-08-03T21:45:26.975+0000] {dag.py:3089} INFO - Sync 1 DAGs
[2024-08-03T21:45:26.994+0000] {logging_mixin.py:188} INFO - [2024-08-03T21:45:26.993+0000] {dag.py:3947} INFO - Setting next_dagrun for example_dag_decorator to None, run_after=None
[2024-08-03T21:45:27.058+0000] {processor.py:183} INFO - Processing /home/airflow/.local/lib/python3.12/site-packages/airflow/example_dags/example_dag_decorator.py took 0.833 seconds
[2024-08-03T21:45:57.471+0000] {processor.py:161} INFO - Started process (PID=3741) to work on /home/airflow/.local/lib/python3.12/site-packages/airflow/example_dags/example_dag_decorator.py
[2024-08-03T21:45:57.475+0000] {processor.py:830} INFO - Processing file /home/airflow/.local/lib/python3.12/site-packages/airflow/example_dags/example_dag_decorator.py for tasks to queue
[2024-08-03T21:45:57.487+0000] {logging_mixin.py:188} INFO - [2024-08-03T21:45:57.485+0000] {dagbag.py:545} INFO - Filling up the DagBag from /home/airflow/.local/lib/python3.12/site-packages/airflow/example_dags/example_dag_decorator.py
[2024-08-03T21:45:57.986+0000] {processor.py:840} INFO - DAG(s) 'example_dag_decorator' retrieved from /home/airflow/.local/lib/python3.12/site-packages/airflow/example_dags/example_dag_decorator.py
[2024-08-03T21:45:58.584+0000] {logging_mixin.py:188} INFO - [2024-08-03T21:45:58.583+0000] {dag.py:3089} INFO - Sync 1 DAGs
[2024-08-03T21:45:58.653+0000] {logging_mixin.py:188} INFO - [2024-08-03T21:45:58.652+0000] {dag.py:3947} INFO - Setting next_dagrun for example_dag_decorator to None, run_after=None
[2024-08-03T21:45:58.741+0000] {processor.py:183} INFO - Processing /home/airflow/.local/lib/python3.12/site-packages/airflow/example_dags/example_dag_decorator.py took 1.298 seconds
[2024-08-03T21:46:29.149+0000] {processor.py:161} INFO - Started process (PID=3799) to work on /home/airflow/.local/lib/python3.12/site-packages/airflow/example_dags/example_dag_decorator.py
[2024-08-03T21:46:29.152+0000] {processor.py:830} INFO - Processing file /home/airflow/.local/lib/python3.12/site-packages/airflow/example_dags/example_dag_decorator.py for tasks to queue
[2024-08-03T21:46:29.159+0000] {logging_mixin.py:188} INFO - [2024-08-03T21:46:29.158+0000] {dagbag.py:545} INFO - Filling up the DagBag from /home/airflow/.local/lib/python3.12/site-packages/airflow/example_dags/example_dag_decorator.py
[2024-08-03T21:46:29.608+0000] {processor.py:840} INFO - DAG(s) 'example_dag_decorator' retrieved from /home/airflow/.local/lib/python3.12/site-packages/airflow/example_dags/example_dag_decorator.py
[2024-08-03T21:46:29.969+0000] {logging_mixin.py:188} INFO - [2024-08-03T21:46:29.969+0000] {dag.py:3089} INFO - Sync 1 DAGs
[2024-08-03T21:46:29.983+0000] {logging_mixin.py:188} INFO - [2024-08-03T21:46:29.983+0000] {dag.py:3947} INFO - Setting next_dagrun for example_dag_decorator to None, run_after=None
[2024-08-03T21:46:30.010+0000] {processor.py:183} INFO - Processing /home/airflow/.local/lib/python3.12/site-packages/airflow/example_dags/example_dag_decorator.py took 0.881 seconds
[2024-08-03T21:47:01.390+0000] {processor.py:161} INFO - Started process (PID=3861) to work on /home/airflow/.local/lib/python3.12/site-packages/airflow/example_dags/example_dag_decorator.py
[2024-08-03T21:47:01.393+0000] {processor.py:830} INFO - Processing file /home/airflow/.local/lib/python3.12/site-packages/airflow/example_dags/example_dag_decorator.py for tasks to queue
[2024-08-03T21:47:01.401+0000] {logging_mixin.py:188} INFO - [2024-08-03T21:47:01.399+0000] {dagbag.py:545} INFO - Filling up the DagBag from /home/airflow/.local/lib/python3.12/site-packages/airflow/example_dags/example_dag_decorator.py
[2024-08-03T21:47:01.826+0000] {processor.py:840} INFO - DAG(s) 'example_dag_decorator' retrieved from /home/airflow/.local/lib/python3.12/site-packages/airflow/example_dags/example_dag_decorator.py
[2024-08-03T21:47:02.337+0000] {logging_mixin.py:188} INFO - [2024-08-03T21:47:02.336+0000] {dag.py:3089} INFO - Sync 1 DAGs
[2024-08-03T21:47:02.389+0000] {logging_mixin.py:188} INFO - [2024-08-03T21:47:02.388+0000] {dag.py:3947} INFO - Setting next_dagrun for example_dag_decorator to None, run_after=None
[2024-08-03T21:47:02.478+0000] {processor.py:183} INFO - Processing /home/airflow/.local/lib/python3.12/site-packages/airflow/example_dags/example_dag_decorator.py took 1.118 seconds
[2024-08-03T21:47:32.652+0000] {processor.py:161} INFO - Started process (PID=3921) to work on /home/airflow/.local/lib/python3.12/site-packages/airflow/example_dags/example_dag_decorator.py
[2024-08-03T21:47:32.657+0000] {processor.py:830} INFO - Processing file /home/airflow/.local/lib/python3.12/site-packages/airflow/example_dags/example_dag_decorator.py for tasks to queue
[2024-08-03T21:47:32.667+0000] {logging_mixin.py:188} INFO - [2024-08-03T21:47:32.666+0000] {dagbag.py:545} INFO - Filling up the DagBag from /home/airflow/.local/lib/python3.12/site-packages/airflow/example_dags/example_dag_decorator.py
[2024-08-03T21:47:33.025+0000] {processor.py:840} INFO - DAG(s) 'example_dag_decorator' retrieved from /home/airflow/.local/lib/python3.12/site-packages/airflow/example_dags/example_dag_decorator.py
[2024-08-03T21:47:33.436+0000] {logging_mixin.py:188} INFO - [2024-08-03T21:47:33.436+0000] {dag.py:3089} INFO - Sync 1 DAGs
[2024-08-03T21:47:33.489+0000] {logging_mixin.py:188} INFO - [2024-08-03T21:47:33.488+0000] {dag.py:3947} INFO - Setting next_dagrun for example_dag_decorator to None, run_after=None
[2024-08-03T21:47:33.573+0000] {processor.py:183} INFO - Processing /home/airflow/.local/lib/python3.12/site-packages/airflow/example_dags/example_dag_decorator.py took 0.946 seconds
[2024-08-03T21:48:03.785+0000] {processor.py:161} INFO - Started process (PID=3979) to work on /home/airflow/.local/lib/python3.12/site-packages/airflow/example_dags/example_dag_decorator.py
[2024-08-03T21:48:03.788+0000] {processor.py:830} INFO - Processing file /home/airflow/.local/lib/python3.12/site-packages/airflow/example_dags/example_dag_decorator.py for tasks to queue
[2024-08-03T21:48:03.794+0000] {logging_mixin.py:188} INFO - [2024-08-03T21:48:03.793+0000] {dagbag.py:545} INFO - Filling up the DagBag from /home/airflow/.local/lib/python3.12/site-packages/airflow/example_dags/example_dag_decorator.py
[2024-08-03T21:48:04.261+0000] {processor.py:840} INFO - DAG(s) 'example_dag_decorator' retrieved from /home/airflow/.local/lib/python3.12/site-packages/airflow/example_dags/example_dag_decorator.py
[2024-08-03T21:48:04.728+0000] {logging_mixin.py:188} INFO - [2024-08-03T21:48:04.727+0000] {dag.py:3089} INFO - Sync 1 DAGs
[2024-08-03T21:48:04.770+0000] {logging_mixin.py:188} INFO - [2024-08-03T21:48:04.769+0000] {dag.py:3947} INFO - Setting next_dagrun for example_dag_decorator to None, run_after=None
[2024-08-03T21:48:04.838+0000] {processor.py:183} INFO - Processing /home/airflow/.local/lib/python3.12/site-packages/airflow/example_dags/example_dag_decorator.py took 1.074 seconds
[2024-08-03T21:48:35.570+0000] {processor.py:161} INFO - Started process (PID=4039) to work on /home/airflow/.local/lib/python3.12/site-packages/airflow/example_dags/example_dag_decorator.py
[2024-08-03T21:48:35.573+0000] {processor.py:830} INFO - Processing file /home/airflow/.local/lib/python3.12/site-packages/airflow/example_dags/example_dag_decorator.py for tasks to queue
[2024-08-03T21:48:35.579+0000] {logging_mixin.py:188} INFO - [2024-08-03T21:48:35.578+0000] {dagbag.py:545} INFO - Filling up the DagBag from /home/airflow/.local/lib/python3.12/site-packages/airflow/example_dags/example_dag_decorator.py
[2024-08-03T21:48:36.013+0000] {processor.py:840} INFO - DAG(s) 'example_dag_decorator' retrieved from /home/airflow/.local/lib/python3.12/site-packages/airflow/example_dags/example_dag_decorator.py
[2024-08-03T21:48:36.597+0000] {logging_mixin.py:188} INFO - [2024-08-03T21:48:36.596+0000] {dag.py:3089} INFO - Sync 1 DAGs
[2024-08-03T21:48:36.657+0000] {logging_mixin.py:188} INFO - [2024-08-03T21:48:36.656+0000] {dag.py:3947} INFO - Setting next_dagrun for example_dag_decorator to None, run_after=None
[2024-08-03T21:48:36.753+0000] {processor.py:183} INFO - Processing /home/airflow/.local/lib/python3.12/site-packages/airflow/example_dags/example_dag_decorator.py took 1.209 seconds
[2024-08-03T21:49:07.679+0000] {processor.py:161} INFO - Started process (PID=4100) to work on /home/airflow/.local/lib/python3.12/site-packages/airflow/example_dags/example_dag_decorator.py
[2024-08-03T21:49:07.682+0000] {processor.py:830} INFO - Processing file /home/airflow/.local/lib/python3.12/site-packages/airflow/example_dags/example_dag_decorator.py for tasks to queue
[2024-08-03T21:49:07.689+0000] {logging_mixin.py:188} INFO - [2024-08-03T21:49:07.688+0000] {dagbag.py:545} INFO - Filling up the DagBag from /home/airflow/.local/lib/python3.12/site-packages/airflow/example_dags/example_dag_decorator.py
[2024-08-03T21:49:08.148+0000] {processor.py:840} INFO - DAG(s) 'example_dag_decorator' retrieved from /home/airflow/.local/lib/python3.12/site-packages/airflow/example_dags/example_dag_decorator.py
[2024-08-03T21:49:08.679+0000] {logging_mixin.py:188} INFO - [2024-08-03T21:49:08.679+0000] {dag.py:3089} INFO - Sync 1 DAGs
[2024-08-03T21:49:08.730+0000] {logging_mixin.py:188} INFO - [2024-08-03T21:49:08.728+0000] {dag.py:3947} INFO - Setting next_dagrun for example_dag_decorator to None, run_after=None
[2024-08-03T21:49:08.802+0000] {processor.py:183} INFO - Processing /home/airflow/.local/lib/python3.12/site-packages/airflow/example_dags/example_dag_decorator.py took 1.154 seconds
[2024-08-03T21:49:39.188+0000] {processor.py:161} INFO - Started process (PID=4159) to work on /home/airflow/.local/lib/python3.12/site-packages/airflow/example_dags/example_dag_decorator.py
[2024-08-03T21:49:39.191+0000] {processor.py:830} INFO - Processing file /home/airflow/.local/lib/python3.12/site-packages/airflow/example_dags/example_dag_decorator.py for tasks to queue
[2024-08-03T21:49:39.197+0000] {logging_mixin.py:188} INFO - [2024-08-03T21:49:39.196+0000] {dagbag.py:545} INFO - Filling up the DagBag from /home/airflow/.local/lib/python3.12/site-packages/airflow/example_dags/example_dag_decorator.py
[2024-08-03T21:49:39.499+0000] {processor.py:840} INFO - DAG(s) 'example_dag_decorator' retrieved from /home/airflow/.local/lib/python3.12/site-packages/airflow/example_dags/example_dag_decorator.py
[2024-08-03T21:49:39.645+0000] {logging_mixin.py:188} INFO - [2024-08-03T21:49:39.644+0000] {dag.py:3089} INFO - Sync 1 DAGs
[2024-08-03T21:49:39.658+0000] {logging_mixin.py:188} INFO - [2024-08-03T21:49:39.658+0000] {dag.py:3947} INFO - Setting next_dagrun for example_dag_decorator to None, run_after=None
[2024-08-03T21:49:39.682+0000] {processor.py:183} INFO - Processing /home/airflow/.local/lib/python3.12/site-packages/airflow/example_dags/example_dag_decorator.py took 0.516 seconds
[2024-08-03T21:50:09.982+0000] {processor.py:161} INFO - Started process (PID=4217) to work on /home/airflow/.local/lib/python3.12/site-packages/airflow/example_dags/example_dag_decorator.py
[2024-08-03T21:50:09.984+0000] {processor.py:830} INFO - Processing file /home/airflow/.local/lib/python3.12/site-packages/airflow/example_dags/example_dag_decorator.py for tasks to queue
[2024-08-03T21:50:09.991+0000] {logging_mixin.py:188} INFO - [2024-08-03T21:50:09.990+0000] {dagbag.py:545} INFO - Filling up the DagBag from /home/airflow/.local/lib/python3.12/site-packages/airflow/example_dags/example_dag_decorator.py
[2024-08-03T21:50:10.395+0000] {processor.py:840} INFO - DAG(s) 'example_dag_decorator' retrieved from /home/airflow/.local/lib/python3.12/site-packages/airflow/example_dags/example_dag_decorator.py
[2024-08-03T21:50:10.813+0000] {logging_mixin.py:188} INFO - [2024-08-03T21:50:10.812+0000] {dag.py:3089} INFO - Sync 1 DAGs
[2024-08-03T21:50:10.849+0000] {logging_mixin.py:188} INFO - [2024-08-03T21:50:10.847+0000] {dag.py:3947} INFO - Setting next_dagrun for example_dag_decorator to None, run_after=None
[2024-08-03T21:50:10.903+0000] {processor.py:183} INFO - Processing /home/airflow/.local/lib/python3.12/site-packages/airflow/example_dags/example_dag_decorator.py took 0.951 seconds
[2024-08-03T21:50:41.008+0000] {processor.py:161} INFO - Started process (PID=4277) to work on /home/airflow/.local/lib/python3.12/site-packages/airflow/example_dags/example_dag_decorator.py
[2024-08-03T21:50:41.010+0000] {processor.py:830} INFO - Processing file /home/airflow/.local/lib/python3.12/site-packages/airflow/example_dags/example_dag_decorator.py for tasks to queue
[2024-08-03T21:50:41.016+0000] {logging_mixin.py:188} INFO - [2024-08-03T21:50:41.015+0000] {dagbag.py:545} INFO - Filling up the DagBag from /home/airflow/.local/lib/python3.12/site-packages/airflow/example_dags/example_dag_decorator.py
[2024-08-03T21:50:41.268+0000] {processor.py:840} INFO - DAG(s) 'example_dag_decorator' retrieved from /home/airflow/.local/lib/python3.12/site-packages/airflow/example_dags/example_dag_decorator.py
[2024-08-03T21:50:41.388+0000] {logging_mixin.py:188} INFO - [2024-08-03T21:50:41.387+0000] {dag.py:3089} INFO - Sync 1 DAGs
[2024-08-03T21:50:41.399+0000] {logging_mixin.py:188} INFO - [2024-08-03T21:50:41.399+0000] {dag.py:3947} INFO - Setting next_dagrun for example_dag_decorator to None, run_after=None
[2024-08-03T21:50:41.420+0000] {processor.py:183} INFO - Processing /home/airflow/.local/lib/python3.12/site-packages/airflow/example_dags/example_dag_decorator.py took 0.433 seconds
[2024-08-03T21:51:11.671+0000] {processor.py:161} INFO - Started process (PID=4333) to work on /home/airflow/.local/lib/python3.12/site-packages/airflow/example_dags/example_dag_decorator.py
[2024-08-03T21:51:11.673+0000] {processor.py:830} INFO - Processing file /home/airflow/.local/lib/python3.12/site-packages/airflow/example_dags/example_dag_decorator.py for tasks to queue
[2024-08-03T21:51:11.679+0000] {logging_mixin.py:188} INFO - [2024-08-03T21:51:11.677+0000] {dagbag.py:545} INFO - Filling up the DagBag from /home/airflow/.local/lib/python3.12/site-packages/airflow/example_dags/example_dag_decorator.py
[2024-08-03T21:51:11.953+0000] {processor.py:840} INFO - DAG(s) 'example_dag_decorator' retrieved from /home/airflow/.local/lib/python3.12/site-packages/airflow/example_dags/example_dag_decorator.py
[2024-08-03T21:51:11.980+0000] {logging_mixin.py:188} INFO - [2024-08-03T21:51:11.980+0000] {dag.py:3089} INFO - Sync 1 DAGs
[2024-08-03T21:51:12.001+0000] {logging_mixin.py:188} INFO - [2024-08-03T21:51:12.001+0000] {dag.py:3947} INFO - Setting next_dagrun for example_dag_decorator to None, run_after=None
[2024-08-03T21:51:12.057+0000] {processor.py:183} INFO - Processing /home/airflow/.local/lib/python3.12/site-packages/airflow/example_dags/example_dag_decorator.py took 0.409 seconds
[2024-08-03T21:51:42.486+0000] {processor.py:161} INFO - Started process (PID=4391) to work on /home/airflow/.local/lib/python3.12/site-packages/airflow/example_dags/example_dag_decorator.py
[2024-08-03T21:51:42.488+0000] {processor.py:830} INFO - Processing file /home/airflow/.local/lib/python3.12/site-packages/airflow/example_dags/example_dag_decorator.py for tasks to queue
[2024-08-03T21:51:42.490+0000] {logging_mixin.py:188} INFO - [2024-08-03T21:51:42.489+0000] {dagbag.py:545} INFO - Filling up the DagBag from /home/airflow/.local/lib/python3.12/site-packages/airflow/example_dags/example_dag_decorator.py
[2024-08-03T21:51:42.605+0000] {processor.py:840} INFO - DAG(s) 'example_dag_decorator' retrieved from /home/airflow/.local/lib/python3.12/site-packages/airflow/example_dags/example_dag_decorator.py
[2024-08-03T21:51:42.630+0000] {logging_mixin.py:188} INFO - [2024-08-03T21:51:42.630+0000] {dag.py:3089} INFO - Sync 1 DAGs
[2024-08-03T21:51:42.644+0000] {logging_mixin.py:188} INFO - [2024-08-03T21:51:42.644+0000] {dag.py:3947} INFO - Setting next_dagrun for example_dag_decorator to None, run_after=None
[2024-08-03T21:51:42.663+0000] {processor.py:183} INFO - Processing /home/airflow/.local/lib/python3.12/site-packages/airflow/example_dags/example_dag_decorator.py took 0.184 seconds
[2024-08-03T21:52:13.542+0000] {processor.py:161} INFO - Started process (PID=4450) to work on /home/airflow/.local/lib/python3.12/site-packages/airflow/example_dags/example_dag_decorator.py
[2024-08-03T21:52:13.544+0000] {processor.py:830} INFO - Processing file /home/airflow/.local/lib/python3.12/site-packages/airflow/example_dags/example_dag_decorator.py for tasks to queue
[2024-08-03T21:52:13.550+0000] {logging_mixin.py:188} INFO - [2024-08-03T21:52:13.549+0000] {dagbag.py:545} INFO - Filling up the DagBag from /home/airflow/.local/lib/python3.12/site-packages/airflow/example_dags/example_dag_decorator.py
[2024-08-03T21:52:13.834+0000] {processor.py:840} INFO - DAG(s) 'example_dag_decorator' retrieved from /home/airflow/.local/lib/python3.12/site-packages/airflow/example_dags/example_dag_decorator.py
[2024-08-03T21:52:13.977+0000] {logging_mixin.py:188} INFO - [2024-08-03T21:52:13.977+0000] {dag.py:3089} INFO - Sync 1 DAGs
[2024-08-03T21:52:13.995+0000] {logging_mixin.py:188} INFO - [2024-08-03T21:52:13.994+0000] {dag.py:3947} INFO - Setting next_dagrun for example_dag_decorator to None, run_after=None
[2024-08-03T21:52:14.017+0000] {processor.py:183} INFO - Processing /home/airflow/.local/lib/python3.12/site-packages/airflow/example_dags/example_dag_decorator.py took 0.495 seconds
