[2024-08-03T21:13:34.277+0000] {processor.py:161} INFO - Started process (PID=89) to work on /home/airflow/.local/lib/python3.12/site-packages/airflow/example_dags/example_sensors.py
[2024-08-03T21:13:34.278+0000] {processor.py:830} INFO - Processing file /home/airflow/.local/lib/python3.12/site-packages/airflow/example_dags/example_sensors.py for tasks to queue
[2024-08-03T21:13:34.281+0000] {logging_mixin.py:188} INFO - [2024-08-03T21:13:34.281+0000] {dagbag.py:545} INFO - Filling up the DagBag from /home/airflow/.local/lib/python3.12/site-packages/airflow/example_dags/example_sensors.py
[2024-08-03T21:13:34.294+0000] {processor.py:840} INFO - DAG(s) 'example_sensors' retrieved from /home/airflow/.local/lib/python3.12/site-packages/airflow/example_dags/example_sensors.py
[2024-08-03T21:13:34.336+0000] {logging_mixin.py:188} INFO - [2024-08-03T21:13:34.336+0000] {dag.py:3089} INFO - Sync 1 DAGs
[2024-08-03T21:13:34.355+0000] {logging_mixin.py:188} INFO - [2024-08-03T21:13:34.355+0000] {dag.py:3947} INFO - Setting next_dagrun for example_sensors to None, run_after=None
[2024-08-03T21:13:34.381+0000] {processor.py:183} INFO - Processing /home/airflow/.local/lib/python3.12/site-packages/airflow/example_dags/example_sensors.py took 0.110 seconds
[2024-08-03T21:14:06.091+0000] {processor.py:161} INFO - Started process (PID=147) to work on /home/airflow/.local/lib/python3.12/site-packages/airflow/example_dags/example_sensors.py
[2024-08-03T21:14:06.094+0000] {processor.py:830} INFO - Processing file /home/airflow/.local/lib/python3.12/site-packages/airflow/example_dags/example_sensors.py for tasks to queue
[2024-08-03T21:14:06.099+0000] {logging_mixin.py:188} INFO - [2024-08-03T21:14:06.098+0000] {dagbag.py:545} INFO - Filling up the DagBag from /home/airflow/.local/lib/python3.12/site-packages/airflow/example_dags/example_sensors.py
[2024-08-03T21:14:06.131+0000] {processor.py:840} INFO - DAG(s) 'example_sensors' retrieved from /home/airflow/.local/lib/python3.12/site-packages/airflow/example_dags/example_sensors.py
[2024-08-03T21:14:06.206+0000] {logging_mixin.py:188} INFO - [2024-08-03T21:14:06.205+0000] {dag.py:3089} INFO - Sync 1 DAGs
[2024-08-03T21:14:06.223+0000] {logging_mixin.py:188} INFO - [2024-08-03T21:14:06.223+0000] {dag.py:3947} INFO - Setting next_dagrun for example_sensors to None, run_after=None
[2024-08-03T21:14:06.243+0000] {processor.py:183} INFO - Processing /home/airflow/.local/lib/python3.12/site-packages/airflow/example_dags/example_sensors.py took 0.172 seconds
[2024-08-03T21:14:37.355+0000] {processor.py:161} INFO - Started process (PID=205) to work on /home/airflow/.local/lib/python3.12/site-packages/airflow/example_dags/example_sensors.py
[2024-08-03T21:14:37.356+0000] {processor.py:830} INFO - Processing file /home/airflow/.local/lib/python3.12/site-packages/airflow/example_dags/example_sensors.py for tasks to queue
[2024-08-03T21:14:37.358+0000] {logging_mixin.py:188} INFO - [2024-08-03T21:14:37.358+0000] {dagbag.py:545} INFO - Filling up the DagBag from /home/airflow/.local/lib/python3.12/site-packages/airflow/example_dags/example_sensors.py
[2024-08-03T21:14:37.372+0000] {processor.py:840} INFO - DAG(s) 'example_sensors' retrieved from /home/airflow/.local/lib/python3.12/site-packages/airflow/example_dags/example_sensors.py
[2024-08-03T21:14:37.426+0000] {logging_mixin.py:188} INFO - [2024-08-03T21:14:37.425+0000] {dag.py:3089} INFO - Sync 1 DAGs
[2024-08-03T21:14:37.462+0000] {logging_mixin.py:188} INFO - [2024-08-03T21:14:37.461+0000] {dag.py:3947} INFO - Setting next_dagrun for example_sensors to None, run_after=None
[2024-08-03T21:14:37.525+0000] {processor.py:183} INFO - Processing /home/airflow/.local/lib/python3.12/site-packages/airflow/example_dags/example_sensors.py took 0.179 seconds
[2024-08-03T21:15:07.762+0000] {processor.py:161} INFO - Started process (PID=263) to work on /home/airflow/.local/lib/python3.12/site-packages/airflow/example_dags/example_sensors.py
[2024-08-03T21:15:07.763+0000] {processor.py:830} INFO - Processing file /home/airflow/.local/lib/python3.12/site-packages/airflow/example_dags/example_sensors.py for tasks to queue
[2024-08-03T21:15:07.765+0000] {logging_mixin.py:188} INFO - [2024-08-03T21:15:07.764+0000] {dagbag.py:545} INFO - Filling up the DagBag from /home/airflow/.local/lib/python3.12/site-packages/airflow/example_dags/example_sensors.py
[2024-08-03T21:15:07.778+0000] {processor.py:840} INFO - DAG(s) 'example_sensors' retrieved from /home/airflow/.local/lib/python3.12/site-packages/airflow/example_dags/example_sensors.py
[2024-08-03T21:15:07.823+0000] {logging_mixin.py:188} INFO - [2024-08-03T21:15:07.822+0000] {dag.py:3089} INFO - Sync 1 DAGs
[2024-08-03T21:15:07.851+0000] {logging_mixin.py:188} INFO - [2024-08-03T21:15:07.850+0000] {dag.py:3947} INFO - Setting next_dagrun for example_sensors to None, run_after=None
[2024-08-03T21:15:07.881+0000] {processor.py:183} INFO - Processing /home/airflow/.local/lib/python3.12/site-packages/airflow/example_dags/example_sensors.py took 0.127 seconds
[2024-08-03T21:15:39.248+0000] {processor.py:161} INFO - Started process (PID=321) to work on /home/airflow/.local/lib/python3.12/site-packages/airflow/example_dags/example_sensors.py
[2024-08-03T21:15:39.249+0000] {processor.py:830} INFO - Processing file /home/airflow/.local/lib/python3.12/site-packages/airflow/example_dags/example_sensors.py for tasks to queue
[2024-08-03T21:15:39.251+0000] {logging_mixin.py:188} INFO - [2024-08-03T21:15:39.251+0000] {dagbag.py:545} INFO - Filling up the DagBag from /home/airflow/.local/lib/python3.12/site-packages/airflow/example_dags/example_sensors.py
[2024-08-03T21:15:39.261+0000] {processor.py:840} INFO - DAG(s) 'example_sensors' retrieved from /home/airflow/.local/lib/python3.12/site-packages/airflow/example_dags/example_sensors.py
[2024-08-03T21:15:39.291+0000] {logging_mixin.py:188} INFO - [2024-08-03T21:15:39.291+0000] {dag.py:3089} INFO - Sync 1 DAGs
[2024-08-03T21:15:39.306+0000] {logging_mixin.py:188} INFO - [2024-08-03T21:15:39.305+0000] {dag.py:3947} INFO - Setting next_dagrun for example_sensors to None, run_after=None
[2024-08-03T21:15:39.326+0000] {processor.py:183} INFO - Processing /home/airflow/.local/lib/python3.12/site-packages/airflow/example_dags/example_sensors.py took 0.085 seconds
[2024-08-03T21:16:10.391+0000] {processor.py:161} INFO - Started process (PID=379) to work on /home/airflow/.local/lib/python3.12/site-packages/airflow/example_dags/example_sensors.py
[2024-08-03T21:16:10.393+0000] {processor.py:830} INFO - Processing file /home/airflow/.local/lib/python3.12/site-packages/airflow/example_dags/example_sensors.py for tasks to queue
[2024-08-03T21:16:10.399+0000] {logging_mixin.py:188} INFO - [2024-08-03T21:16:10.398+0000] {dagbag.py:545} INFO - Filling up the DagBag from /home/airflow/.local/lib/python3.12/site-packages/airflow/example_dags/example_sensors.py
[2024-08-03T21:16:10.430+0000] {processor.py:840} INFO - DAG(s) 'example_sensors' retrieved from /home/airflow/.local/lib/python3.12/site-packages/airflow/example_dags/example_sensors.py
[2024-08-03T21:16:10.536+0000] {logging_mixin.py:188} INFO - [2024-08-03T21:16:10.536+0000] {dag.py:3089} INFO - Sync 1 DAGs
[2024-08-03T21:16:10.582+0000] {logging_mixin.py:188} INFO - [2024-08-03T21:16:10.582+0000] {dag.py:3947} INFO - Setting next_dagrun for example_sensors to None, run_after=None
[2024-08-03T21:16:10.641+0000] {processor.py:183} INFO - Processing /home/airflow/.local/lib/python3.12/site-packages/airflow/example_dags/example_sensors.py took 0.270 seconds
[2024-08-03T21:16:41.149+0000] {processor.py:161} INFO - Started process (PID=437) to work on /home/airflow/.local/lib/python3.12/site-packages/airflow/example_dags/example_sensors.py
[2024-08-03T21:16:41.151+0000] {processor.py:830} INFO - Processing file /home/airflow/.local/lib/python3.12/site-packages/airflow/example_dags/example_sensors.py for tasks to queue
[2024-08-03T21:16:41.157+0000] {logging_mixin.py:188} INFO - [2024-08-03T21:16:41.156+0000] {dagbag.py:545} INFO - Filling up the DagBag from /home/airflow/.local/lib/python3.12/site-packages/airflow/example_dags/example_sensors.py
[2024-08-03T21:16:41.188+0000] {processor.py:840} INFO - DAG(s) 'example_sensors' retrieved from /home/airflow/.local/lib/python3.12/site-packages/airflow/example_dags/example_sensors.py
[2024-08-03T21:16:41.282+0000] {logging_mixin.py:188} INFO - [2024-08-03T21:16:41.281+0000] {dag.py:3089} INFO - Sync 1 DAGs
[2024-08-03T21:16:41.328+0000] {logging_mixin.py:188} INFO - [2024-08-03T21:16:41.327+0000] {dag.py:3947} INFO - Setting next_dagrun for example_sensors to None, run_after=None
[2024-08-03T21:16:41.391+0000] {processor.py:183} INFO - Processing /home/airflow/.local/lib/python3.12/site-packages/airflow/example_dags/example_sensors.py took 0.261 seconds
[2024-08-03T21:17:11.483+0000] {processor.py:161} INFO - Started process (PID=495) to work on /home/airflow/.local/lib/python3.12/site-packages/airflow/example_dags/example_sensors.py
[2024-08-03T21:17:11.484+0000] {processor.py:830} INFO - Processing file /home/airflow/.local/lib/python3.12/site-packages/airflow/example_dags/example_sensors.py for tasks to queue
[2024-08-03T21:17:11.487+0000] {logging_mixin.py:188} INFO - [2024-08-03T21:17:11.486+0000] {dagbag.py:545} INFO - Filling up the DagBag from /home/airflow/.local/lib/python3.12/site-packages/airflow/example_dags/example_sensors.py
[2024-08-03T21:17:11.503+0000] {processor.py:840} INFO - DAG(s) 'example_sensors' retrieved from /home/airflow/.local/lib/python3.12/site-packages/airflow/example_dags/example_sensors.py
[2024-08-03T21:17:11.548+0000] {logging_mixin.py:188} INFO - [2024-08-03T21:17:11.547+0000] {dag.py:3089} INFO - Sync 1 DAGs
[2024-08-03T21:17:11.571+0000] {logging_mixin.py:188} INFO - [2024-08-03T21:17:11.571+0000] {dag.py:3947} INFO - Setting next_dagrun for example_sensors to None, run_after=None
[2024-08-03T21:17:11.595+0000] {processor.py:183} INFO - Processing /home/airflow/.local/lib/python3.12/site-packages/airflow/example_dags/example_sensors.py took 0.121 seconds
[2024-08-03T21:17:41.768+0000] {processor.py:161} INFO - Started process (PID=553) to work on /home/airflow/.local/lib/python3.12/site-packages/airflow/example_dags/example_sensors.py
[2024-08-03T21:17:41.769+0000] {processor.py:830} INFO - Processing file /home/airflow/.local/lib/python3.12/site-packages/airflow/example_dags/example_sensors.py for tasks to queue
[2024-08-03T21:17:41.770+0000] {logging_mixin.py:188} INFO - [2024-08-03T21:17:41.770+0000] {dagbag.py:545} INFO - Filling up the DagBag from /home/airflow/.local/lib/python3.12/site-packages/airflow/example_dags/example_sensors.py
[2024-08-03T21:17:41.780+0000] {processor.py:840} INFO - DAG(s) 'example_sensors' retrieved from /home/airflow/.local/lib/python3.12/site-packages/airflow/example_dags/example_sensors.py
[2024-08-03T21:17:41.806+0000] {logging_mixin.py:188} INFO - [2024-08-03T21:17:41.806+0000] {dag.py:3089} INFO - Sync 1 DAGs
[2024-08-03T21:17:41.820+0000] {logging_mixin.py:188} INFO - [2024-08-03T21:17:41.819+0000] {dag.py:3947} INFO - Setting next_dagrun for example_sensors to None, run_after=None
[2024-08-03T21:17:41.837+0000] {processor.py:183} INFO - Processing /home/airflow/.local/lib/python3.12/site-packages/airflow/example_dags/example_sensors.py took 0.075 seconds
[2024-08-03T21:18:12.899+0000] {processor.py:161} INFO - Started process (PID=611) to work on /home/airflow/.local/lib/python3.12/site-packages/airflow/example_dags/example_sensors.py
[2024-08-03T21:18:12.902+0000] {processor.py:830} INFO - Processing file /home/airflow/.local/lib/python3.12/site-packages/airflow/example_dags/example_sensors.py for tasks to queue
[2024-08-03T21:18:12.907+0000] {logging_mixin.py:188} INFO - [2024-08-03T21:18:12.906+0000] {dagbag.py:545} INFO - Filling up the DagBag from /home/airflow/.local/lib/python3.12/site-packages/airflow/example_dags/example_sensors.py
[2024-08-03T21:18:12.938+0000] {processor.py:840} INFO - DAG(s) 'example_sensors' retrieved from /home/airflow/.local/lib/python3.12/site-packages/airflow/example_dags/example_sensors.py
[2024-08-03T21:18:13.032+0000] {logging_mixin.py:188} INFO - [2024-08-03T21:18:13.031+0000] {dag.py:3089} INFO - Sync 1 DAGs
[2024-08-03T21:18:13.079+0000] {logging_mixin.py:188} INFO - [2024-08-03T21:18:13.079+0000] {dag.py:3947} INFO - Setting next_dagrun for example_sensors to None, run_after=None
[2024-08-03T21:18:13.141+0000] {processor.py:183} INFO - Processing /home/airflow/.local/lib/python3.12/site-packages/airflow/example_dags/example_sensors.py took 0.261 seconds
[2024-08-03T21:18:44.175+0000] {processor.py:161} INFO - Started process (PID=669) to work on /home/airflow/.local/lib/python3.12/site-packages/airflow/example_dags/example_sensors.py
[2024-08-03T21:18:44.177+0000] {processor.py:830} INFO - Processing file /home/airflow/.local/lib/python3.12/site-packages/airflow/example_dags/example_sensors.py for tasks to queue
[2024-08-03T21:18:44.183+0000] {logging_mixin.py:188} INFO - [2024-08-03T21:18:44.182+0000] {dagbag.py:545} INFO - Filling up the DagBag from /home/airflow/.local/lib/python3.12/site-packages/airflow/example_dags/example_sensors.py
[2024-08-03T21:18:44.214+0000] {processor.py:840} INFO - DAG(s) 'example_sensors' retrieved from /home/airflow/.local/lib/python3.12/site-packages/airflow/example_dags/example_sensors.py
[2024-08-03T21:18:44.305+0000] {logging_mixin.py:188} INFO - [2024-08-03T21:18:44.305+0000] {dag.py:3089} INFO - Sync 1 DAGs
[2024-08-03T21:18:44.352+0000] {logging_mixin.py:188} INFO - [2024-08-03T21:18:44.351+0000] {dag.py:3947} INFO - Setting next_dagrun for example_sensors to None, run_after=None
[2024-08-03T21:18:44.411+0000] {processor.py:183} INFO - Processing /home/airflow/.local/lib/python3.12/site-packages/airflow/example_dags/example_sensors.py took 0.256 seconds
[2024-08-03T21:19:15.243+0000] {processor.py:161} INFO - Started process (PID=728) to work on /home/airflow/.local/lib/python3.12/site-packages/airflow/example_dags/example_sensors.py
[2024-08-03T21:19:15.245+0000] {processor.py:830} INFO - Processing file /home/airflow/.local/lib/python3.12/site-packages/airflow/example_dags/example_sensors.py for tasks to queue
[2024-08-03T21:19:15.251+0000] {logging_mixin.py:188} INFO - [2024-08-03T21:19:15.250+0000] {dagbag.py:545} INFO - Filling up the DagBag from /home/airflow/.local/lib/python3.12/site-packages/airflow/example_dags/example_sensors.py
[2024-08-03T21:19:15.282+0000] {processor.py:840} INFO - DAG(s) 'example_sensors' retrieved from /home/airflow/.local/lib/python3.12/site-packages/airflow/example_dags/example_sensors.py
[2024-08-03T21:19:15.372+0000] {logging_mixin.py:188} INFO - [2024-08-03T21:19:15.372+0000] {dag.py:3089} INFO - Sync 1 DAGs
[2024-08-03T21:19:15.418+0000] {logging_mixin.py:188} INFO - [2024-08-03T21:19:15.418+0000] {dag.py:3947} INFO - Setting next_dagrun for example_sensors to None, run_after=None
[2024-08-03T21:19:15.479+0000] {processor.py:183} INFO - Processing /home/airflow/.local/lib/python3.12/site-packages/airflow/example_dags/example_sensors.py took 0.256 seconds
[2024-08-03T21:19:46.230+0000] {processor.py:161} INFO - Started process (PID=786) to work on /home/airflow/.local/lib/python3.12/site-packages/airflow/example_dags/example_sensors.py
[2024-08-03T21:19:46.231+0000] {processor.py:830} INFO - Processing file /home/airflow/.local/lib/python3.12/site-packages/airflow/example_dags/example_sensors.py for tasks to queue
[2024-08-03T21:19:46.233+0000] {logging_mixin.py:188} INFO - [2024-08-03T21:19:46.233+0000] {dagbag.py:545} INFO - Filling up the DagBag from /home/airflow/.local/lib/python3.12/site-packages/airflow/example_dags/example_sensors.py
[2024-08-03T21:19:46.245+0000] {processor.py:840} INFO - DAG(s) 'example_sensors' retrieved from /home/airflow/.local/lib/python3.12/site-packages/airflow/example_dags/example_sensors.py
[2024-08-03T21:19:46.284+0000] {logging_mixin.py:188} INFO - [2024-08-03T21:19:46.284+0000] {dag.py:3089} INFO - Sync 1 DAGs
[2024-08-03T21:19:46.307+0000] {logging_mixin.py:188} INFO - [2024-08-03T21:19:46.306+0000] {dag.py:3947} INFO - Setting next_dagrun for example_sensors to None, run_after=None
[2024-08-03T21:19:46.333+0000] {processor.py:183} INFO - Processing /home/airflow/.local/lib/python3.12/site-packages/airflow/example_dags/example_sensors.py took 0.110 seconds
[2024-08-03T21:20:16.548+0000] {processor.py:161} INFO - Started process (PID=844) to work on /home/airflow/.local/lib/python3.12/site-packages/airflow/example_dags/example_sensors.py
[2024-08-03T21:20:16.550+0000] {processor.py:830} INFO - Processing file /home/airflow/.local/lib/python3.12/site-packages/airflow/example_dags/example_sensors.py for tasks to queue
[2024-08-03T21:20:16.554+0000] {logging_mixin.py:188} INFO - [2024-08-03T21:20:16.553+0000] {dagbag.py:545} INFO - Filling up the DagBag from /home/airflow/.local/lib/python3.12/site-packages/airflow/example_dags/example_sensors.py
[2024-08-03T21:20:16.569+0000] {processor.py:840} INFO - DAG(s) 'example_sensors' retrieved from /home/airflow/.local/lib/python3.12/site-packages/airflow/example_dags/example_sensors.py
[2024-08-03T21:20:16.615+0000] {logging_mixin.py:188} INFO - [2024-08-03T21:20:16.614+0000] {dag.py:3089} INFO - Sync 1 DAGs
[2024-08-03T21:20:16.657+0000] {logging_mixin.py:188} INFO - [2024-08-03T21:20:16.656+0000] {dag.py:3947} INFO - Setting next_dagrun for example_sensors to None, run_after=None
[2024-08-03T21:20:16.725+0000] {processor.py:183} INFO - Processing /home/airflow/.local/lib/python3.12/site-packages/airflow/example_dags/example_sensors.py took 0.193 seconds
[2024-08-03T21:20:47.469+0000] {processor.py:161} INFO - Started process (PID=902) to work on /home/airflow/.local/lib/python3.12/site-packages/airflow/example_dags/example_sensors.py
[2024-08-03T21:20:47.472+0000] {processor.py:830} INFO - Processing file /home/airflow/.local/lib/python3.12/site-packages/airflow/example_dags/example_sensors.py for tasks to queue
[2024-08-03T21:20:47.480+0000] {logging_mixin.py:188} INFO - [2024-08-03T21:20:47.478+0000] {dagbag.py:545} INFO - Filling up the DagBag from /home/airflow/.local/lib/python3.12/site-packages/airflow/example_dags/example_sensors.py
[2024-08-03T21:20:47.540+0000] {processor.py:840} INFO - DAG(s) 'example_sensors' retrieved from /home/airflow/.local/lib/python3.12/site-packages/airflow/example_dags/example_sensors.py
[2024-08-03T21:20:47.646+0000] {logging_mixin.py:188} INFO - [2024-08-03T21:20:47.645+0000] {dag.py:3089} INFO - Sync 1 DAGs
[2024-08-03T21:20:47.702+0000] {logging_mixin.py:188} INFO - [2024-08-03T21:20:47.701+0000] {dag.py:3947} INFO - Setting next_dagrun for example_sensors to None, run_after=None
[2024-08-03T21:20:47.785+0000] {processor.py:183} INFO - Processing /home/airflow/.local/lib/python3.12/site-packages/airflow/example_dags/example_sensors.py took 0.346 seconds
[2024-08-03T21:21:18.617+0000] {processor.py:161} INFO - Started process (PID=960) to work on /home/airflow/.local/lib/python3.12/site-packages/airflow/example_dags/example_sensors.py
[2024-08-03T21:21:18.619+0000] {processor.py:830} INFO - Processing file /home/airflow/.local/lib/python3.12/site-packages/airflow/example_dags/example_sensors.py for tasks to queue
[2024-08-03T21:21:18.625+0000] {logging_mixin.py:188} INFO - [2024-08-03T21:21:18.624+0000] {dagbag.py:545} INFO - Filling up the DagBag from /home/airflow/.local/lib/python3.12/site-packages/airflow/example_dags/example_sensors.py
[2024-08-03T21:21:18.669+0000] {processor.py:840} INFO - DAG(s) 'example_sensors' retrieved from /home/airflow/.local/lib/python3.12/site-packages/airflow/example_dags/example_sensors.py
[2024-08-03T21:21:18.787+0000] {logging_mixin.py:188} INFO - [2024-08-03T21:21:18.786+0000] {dag.py:3089} INFO - Sync 1 DAGs
[2024-08-03T21:21:18.843+0000] {logging_mixin.py:188} INFO - [2024-08-03T21:21:18.842+0000] {dag.py:3947} INFO - Setting next_dagrun for example_sensors to None, run_after=None
[2024-08-03T21:21:18.925+0000] {processor.py:183} INFO - Processing /home/airflow/.local/lib/python3.12/site-packages/airflow/example_dags/example_sensors.py took 0.329 seconds
[2024-08-03T21:21:49.308+0000] {processor.py:161} INFO - Started process (PID=1018) to work on /home/airflow/.local/lib/python3.12/site-packages/airflow/example_dags/example_sensors.py
[2024-08-03T21:21:49.311+0000] {processor.py:830} INFO - Processing file /home/airflow/.local/lib/python3.12/site-packages/airflow/example_dags/example_sensors.py for tasks to queue
[2024-08-03T21:21:49.320+0000] {logging_mixin.py:188} INFO - [2024-08-03T21:21:49.319+0000] {dagbag.py:545} INFO - Filling up the DagBag from /home/airflow/.local/lib/python3.12/site-packages/airflow/example_dags/example_sensors.py
[2024-08-03T21:21:49.361+0000] {processor.py:840} INFO - DAG(s) 'example_sensors' retrieved from /home/airflow/.local/lib/python3.12/site-packages/airflow/example_dags/example_sensors.py
[2024-08-03T21:21:49.499+0000] {logging_mixin.py:188} INFO - [2024-08-03T21:21:49.497+0000] {dag.py:3089} INFO - Sync 1 DAGs
[2024-08-03T21:21:49.577+0000] {logging_mixin.py:188} INFO - [2024-08-03T21:21:49.575+0000] {dag.py:3947} INFO - Setting next_dagrun for example_sensors to None, run_after=None
[2024-08-03T21:21:49.683+0000] {processor.py:183} INFO - Processing /home/airflow/.local/lib/python3.12/site-packages/airflow/example_dags/example_sensors.py took 0.398 seconds
[2024-08-03T21:22:21.117+0000] {processor.py:161} INFO - Started process (PID=1077) to work on /home/airflow/.local/lib/python3.12/site-packages/airflow/example_dags/example_sensors.py
[2024-08-03T21:22:21.119+0000] {processor.py:830} INFO - Processing file /home/airflow/.local/lib/python3.12/site-packages/airflow/example_dags/example_sensors.py for tasks to queue
[2024-08-03T21:22:21.127+0000] {logging_mixin.py:188} INFO - [2024-08-03T21:22:21.125+0000] {dagbag.py:545} INFO - Filling up the DagBag from /home/airflow/.local/lib/python3.12/site-packages/airflow/example_dags/example_sensors.py
[2024-08-03T21:22:21.172+0000] {processor.py:840} INFO - DAG(s) 'example_sensors' retrieved from /home/airflow/.local/lib/python3.12/site-packages/airflow/example_dags/example_sensors.py
[2024-08-03T21:22:21.296+0000] {logging_mixin.py:188} INFO - [2024-08-03T21:22:21.296+0000] {dag.py:3089} INFO - Sync 1 DAGs
[2024-08-03T21:22:21.353+0000] {logging_mixin.py:188} INFO - [2024-08-03T21:22:21.352+0000] {dag.py:3947} INFO - Setting next_dagrun for example_sensors to None, run_after=None
[2024-08-03T21:22:21.434+0000] {processor.py:183} INFO - Processing /home/airflow/.local/lib/python3.12/site-packages/airflow/example_dags/example_sensors.py took 0.342 seconds
[2024-08-03T21:22:51.505+0000] {processor.py:161} INFO - Started process (PID=1134) to work on /home/airflow/.local/lib/python3.12/site-packages/airflow/example_dags/example_sensors.py
[2024-08-03T21:22:51.507+0000] {processor.py:830} INFO - Processing file /home/airflow/.local/lib/python3.12/site-packages/airflow/example_dags/example_sensors.py for tasks to queue
[2024-08-03T21:22:51.512+0000] {logging_mixin.py:188} INFO - [2024-08-03T21:22:51.511+0000] {dagbag.py:545} INFO - Filling up the DagBag from /home/airflow/.local/lib/python3.12/site-packages/airflow/example_dags/example_sensors.py
[2024-08-03T21:22:51.536+0000] {processor.py:840} INFO - DAG(s) 'example_sensors' retrieved from /home/airflow/.local/lib/python3.12/site-packages/airflow/example_dags/example_sensors.py
[2024-08-03T21:22:51.622+0000] {logging_mixin.py:188} INFO - [2024-08-03T21:22:51.620+0000] {dag.py:3089} INFO - Sync 1 DAGs
[2024-08-03T21:22:51.673+0000] {logging_mixin.py:188} INFO - [2024-08-03T21:22:51.672+0000] {dag.py:3947} INFO - Setting next_dagrun for example_sensors to None, run_after=None
[2024-08-03T21:22:51.751+0000] {processor.py:183} INFO - Processing /home/airflow/.local/lib/python3.12/site-packages/airflow/example_dags/example_sensors.py took 0.262 seconds
[2024-08-03T21:23:22.413+0000] {processor.py:161} INFO - Started process (PID=1192) to work on /home/airflow/.local/lib/python3.12/site-packages/airflow/example_dags/example_sensors.py
[2024-08-03T21:23:22.416+0000] {processor.py:830} INFO - Processing file /home/airflow/.local/lib/python3.12/site-packages/airflow/example_dags/example_sensors.py for tasks to queue
[2024-08-03T21:23:22.422+0000] {logging_mixin.py:188} INFO - [2024-08-03T21:23:22.421+0000] {dagbag.py:545} INFO - Filling up the DagBag from /home/airflow/.local/lib/python3.12/site-packages/airflow/example_dags/example_sensors.py
[2024-08-03T21:23:22.477+0000] {processor.py:840} INFO - DAG(s) 'example_sensors' retrieved from /home/airflow/.local/lib/python3.12/site-packages/airflow/example_dags/example_sensors.py
[2024-08-03T21:23:22.601+0000] {logging_mixin.py:188} INFO - [2024-08-03T21:23:22.600+0000] {dag.py:3089} INFO - Sync 1 DAGs
[2024-08-03T21:23:22.667+0000] {logging_mixin.py:188} INFO - [2024-08-03T21:23:22.665+0000] {dag.py:3947} INFO - Setting next_dagrun for example_sensors to None, run_after=None
[2024-08-03T21:23:22.750+0000] {processor.py:183} INFO - Processing /home/airflow/.local/lib/python3.12/site-packages/airflow/example_dags/example_sensors.py took 0.370 seconds
[2024-08-03T21:23:53.776+0000] {processor.py:161} INFO - Started process (PID=1250) to work on /home/airflow/.local/lib/python3.12/site-packages/airflow/example_dags/example_sensors.py
[2024-08-03T21:23:53.779+0000] {processor.py:830} INFO - Processing file /home/airflow/.local/lib/python3.12/site-packages/airflow/example_dags/example_sensors.py for tasks to queue
[2024-08-03T21:23:53.786+0000] {logging_mixin.py:188} INFO - [2024-08-03T21:23:53.785+0000] {dagbag.py:545} INFO - Filling up the DagBag from /home/airflow/.local/lib/python3.12/site-packages/airflow/example_dags/example_sensors.py
[2024-08-03T21:23:53.823+0000] {processor.py:840} INFO - DAG(s) 'example_sensors' retrieved from /home/airflow/.local/lib/python3.12/site-packages/airflow/example_dags/example_sensors.py
[2024-08-03T21:23:53.925+0000] {logging_mixin.py:188} INFO - [2024-08-03T21:23:53.924+0000] {dag.py:3089} INFO - Sync 1 DAGs
[2024-08-03T21:23:53.987+0000] {logging_mixin.py:188} INFO - [2024-08-03T21:23:53.986+0000] {dag.py:3947} INFO - Setting next_dagrun for example_sensors to None, run_after=None
[2024-08-03T21:23:54.070+0000] {processor.py:183} INFO - Processing /home/airflow/.local/lib/python3.12/site-packages/airflow/example_dags/example_sensors.py took 0.317 seconds
[2024-08-03T21:24:24.590+0000] {processor.py:161} INFO - Started process (PID=1308) to work on /home/airflow/.local/lib/python3.12/site-packages/airflow/example_dags/example_sensors.py
[2024-08-03T21:24:24.592+0000] {processor.py:830} INFO - Processing file /home/airflow/.local/lib/python3.12/site-packages/airflow/example_dags/example_sensors.py for tasks to queue
[2024-08-03T21:24:24.599+0000] {logging_mixin.py:188} INFO - [2024-08-03T21:24:24.598+0000] {dagbag.py:545} INFO - Filling up the DagBag from /home/airflow/.local/lib/python3.12/site-packages/airflow/example_dags/example_sensors.py
[2024-08-03T21:24:24.632+0000] {processor.py:840} INFO - DAG(s) 'example_sensors' retrieved from /home/airflow/.local/lib/python3.12/site-packages/airflow/example_dags/example_sensors.py
[2024-08-03T21:24:24.740+0000] {logging_mixin.py:188} INFO - [2024-08-03T21:24:24.740+0000] {dag.py:3089} INFO - Sync 1 DAGs
[2024-08-03T21:24:24.791+0000] {logging_mixin.py:188} INFO - [2024-08-03T21:24:24.789+0000] {dag.py:3947} INFO - Setting next_dagrun for example_sensors to None, run_after=None
[2024-08-03T21:24:24.872+0000] {processor.py:183} INFO - Processing /home/airflow/.local/lib/python3.12/site-packages/airflow/example_dags/example_sensors.py took 0.310 seconds
[2024-08-03T21:24:55.043+0000] {processor.py:161} INFO - Started process (PID=1366) to work on /home/airflow/.local/lib/python3.12/site-packages/airflow/example_dags/example_sensors.py
[2024-08-03T21:24:55.045+0000] {processor.py:830} INFO - Processing file /home/airflow/.local/lib/python3.12/site-packages/airflow/example_dags/example_sensors.py for tasks to queue
[2024-08-03T21:24:55.053+0000] {logging_mixin.py:188} INFO - [2024-08-03T21:24:55.051+0000] {dagbag.py:545} INFO - Filling up the DagBag from /home/airflow/.local/lib/python3.12/site-packages/airflow/example_dags/example_sensors.py
[2024-08-03T21:24:55.088+0000] {processor.py:840} INFO - DAG(s) 'example_sensors' retrieved from /home/airflow/.local/lib/python3.12/site-packages/airflow/example_dags/example_sensors.py
[2024-08-03T21:24:55.199+0000] {logging_mixin.py:188} INFO - [2024-08-03T21:24:55.199+0000] {dag.py:3089} INFO - Sync 1 DAGs
[2024-08-03T21:24:55.254+0000] {logging_mixin.py:188} INFO - [2024-08-03T21:24:55.254+0000] {dag.py:3947} INFO - Setting next_dagrun for example_sensors to None, run_after=None
[2024-08-03T21:24:55.331+0000] {processor.py:183} INFO - Processing /home/airflow/.local/lib/python3.12/site-packages/airflow/example_dags/example_sensors.py took 0.308 seconds
[2024-08-03T21:25:25.785+0000] {processor.py:161} INFO - Started process (PID=1425) to work on /home/airflow/.local/lib/python3.12/site-packages/airflow/example_dags/example_sensors.py
[2024-08-03T21:25:25.788+0000] {processor.py:830} INFO - Processing file /home/airflow/.local/lib/python3.12/site-packages/airflow/example_dags/example_sensors.py for tasks to queue
[2024-08-03T21:25:25.796+0000] {logging_mixin.py:188} INFO - [2024-08-03T21:25:25.795+0000] {dagbag.py:545} INFO - Filling up the DagBag from /home/airflow/.local/lib/python3.12/site-packages/airflow/example_dags/example_sensors.py
[2024-08-03T21:25:25.833+0000] {processor.py:840} INFO - DAG(s) 'example_sensors' retrieved from /home/airflow/.local/lib/python3.12/site-packages/airflow/example_dags/example_sensors.py
[2024-08-03T21:25:25.910+0000] {logging_mixin.py:188} INFO - [2024-08-03T21:25:25.909+0000] {dag.py:3089} INFO - Sync 1 DAGs
[2024-08-03T21:25:25.971+0000] {logging_mixin.py:188} INFO - [2024-08-03T21:25:25.970+0000] {dag.py:3947} INFO - Setting next_dagrun for example_sensors to None, run_after=None
[2024-08-03T21:25:26.068+0000] {processor.py:183} INFO - Processing /home/airflow/.local/lib/python3.12/site-packages/airflow/example_dags/example_sensors.py took 0.309 seconds
[2024-08-03T21:25:57.056+0000] {processor.py:161} INFO - Started process (PID=1483) to work on /home/airflow/.local/lib/python3.12/site-packages/airflow/example_dags/example_sensors.py
[2024-08-03T21:25:57.061+0000] {processor.py:830} INFO - Processing file /home/airflow/.local/lib/python3.12/site-packages/airflow/example_dags/example_sensors.py for tasks to queue
[2024-08-03T21:25:57.067+0000] {logging_mixin.py:188} INFO - [2024-08-03T21:25:57.066+0000] {dagbag.py:545} INFO - Filling up the DagBag from /home/airflow/.local/lib/python3.12/site-packages/airflow/example_dags/example_sensors.py
[2024-08-03T21:25:57.100+0000] {processor.py:840} INFO - DAG(s) 'example_sensors' retrieved from /home/airflow/.local/lib/python3.12/site-packages/airflow/example_dags/example_sensors.py
[2024-08-03T21:25:57.212+0000] {logging_mixin.py:188} INFO - [2024-08-03T21:25:57.212+0000] {dag.py:3089} INFO - Sync 1 DAGs
[2024-08-03T21:25:57.267+0000] {logging_mixin.py:188} INFO - [2024-08-03T21:25:57.266+0000] {dag.py:3947} INFO - Setting next_dagrun for example_sensors to None, run_after=None
[2024-08-03T21:25:57.345+0000] {processor.py:183} INFO - Processing /home/airflow/.local/lib/python3.12/site-packages/airflow/example_dags/example_sensors.py took 0.313 seconds
[2024-08-03T21:26:28.138+0000] {processor.py:161} INFO - Started process (PID=1541) to work on /home/airflow/.local/lib/python3.12/site-packages/airflow/example_dags/example_sensors.py
[2024-08-03T21:26:28.143+0000] {processor.py:830} INFO - Processing file /home/airflow/.local/lib/python3.12/site-packages/airflow/example_dags/example_sensors.py for tasks to queue
[2024-08-03T21:26:28.149+0000] {logging_mixin.py:188} INFO - [2024-08-03T21:26:28.147+0000] {dagbag.py:545} INFO - Filling up the DagBag from /home/airflow/.local/lib/python3.12/site-packages/airflow/example_dags/example_sensors.py
[2024-08-03T21:26:28.185+0000] {processor.py:840} INFO - DAG(s) 'example_sensors' retrieved from /home/airflow/.local/lib/python3.12/site-packages/airflow/example_dags/example_sensors.py
[2024-08-03T21:26:28.302+0000] {logging_mixin.py:188} INFO - [2024-08-03T21:26:28.301+0000] {dag.py:3089} INFO - Sync 1 DAGs
[2024-08-03T21:26:28.364+0000] {logging_mixin.py:188} INFO - [2024-08-03T21:26:28.364+0000] {dag.py:3947} INFO - Setting next_dagrun for example_sensors to None, run_after=None
[2024-08-03T21:26:28.445+0000] {processor.py:183} INFO - Processing /home/airflow/.local/lib/python3.12/site-packages/airflow/example_dags/example_sensors.py took 0.337 seconds
[2024-08-03T21:26:58.837+0000] {processor.py:161} INFO - Started process (PID=1599) to work on /home/airflow/.local/lib/python3.12/site-packages/airflow/example_dags/example_sensors.py
[2024-08-03T21:26:58.842+0000] {processor.py:830} INFO - Processing file /home/airflow/.local/lib/python3.12/site-packages/airflow/example_dags/example_sensors.py for tasks to queue
[2024-08-03T21:26:58.855+0000] {logging_mixin.py:188} INFO - [2024-08-03T21:26:58.854+0000] {dagbag.py:545} INFO - Filling up the DagBag from /home/airflow/.local/lib/python3.12/site-packages/airflow/example_dags/example_sensors.py
[2024-08-03T21:26:58.916+0000] {processor.py:840} INFO - DAG(s) 'example_sensors' retrieved from /home/airflow/.local/lib/python3.12/site-packages/airflow/example_dags/example_sensors.py
[2024-08-03T21:26:59.070+0000] {logging_mixin.py:188} INFO - [2024-08-03T21:26:59.069+0000] {dag.py:3089} INFO - Sync 1 DAGs
[2024-08-03T21:26:59.147+0000] {logging_mixin.py:188} INFO - [2024-08-03T21:26:59.146+0000] {dag.py:3947} INFO - Setting next_dagrun for example_sensors to None, run_after=None
[2024-08-03T21:26:59.242+0000] {processor.py:183} INFO - Processing /home/airflow/.local/lib/python3.12/site-packages/airflow/example_dags/example_sensors.py took 0.452 seconds
[2024-08-03T21:27:29.338+0000] {processor.py:161} INFO - Started process (PID=1657) to work on /home/airflow/.local/lib/python3.12/site-packages/airflow/example_dags/example_sensors.py
[2024-08-03T21:27:29.342+0000] {processor.py:830} INFO - Processing file /home/airflow/.local/lib/python3.12/site-packages/airflow/example_dags/example_sensors.py for tasks to queue
[2024-08-03T21:27:29.350+0000] {logging_mixin.py:188} INFO - [2024-08-03T21:27:29.349+0000] {dagbag.py:545} INFO - Filling up the DagBag from /home/airflow/.local/lib/python3.12/site-packages/airflow/example_dags/example_sensors.py
[2024-08-03T21:27:29.399+0000] {processor.py:840} INFO - DAG(s) 'example_sensors' retrieved from /home/airflow/.local/lib/python3.12/site-packages/airflow/example_dags/example_sensors.py
[2024-08-03T21:27:29.515+0000] {logging_mixin.py:188} INFO - [2024-08-03T21:27:29.514+0000] {dag.py:3089} INFO - Sync 1 DAGs
[2024-08-03T21:27:29.562+0000] {logging_mixin.py:188} INFO - [2024-08-03T21:27:29.561+0000] {dag.py:3947} INFO - Setting next_dagrun for example_sensors to None, run_after=None
[2024-08-03T21:27:29.627+0000] {processor.py:183} INFO - Processing /home/airflow/.local/lib/python3.12/site-packages/airflow/example_dags/example_sensors.py took 0.317 seconds
[2024-08-03T21:28:00.052+0000] {processor.py:161} INFO - Started process (PID=1715) to work on /home/airflow/.local/lib/python3.12/site-packages/airflow/example_dags/example_sensors.py
[2024-08-03T21:28:00.054+0000] {processor.py:830} INFO - Processing file /home/airflow/.local/lib/python3.12/site-packages/airflow/example_dags/example_sensors.py for tasks to queue
[2024-08-03T21:28:00.060+0000] {logging_mixin.py:188} INFO - [2024-08-03T21:28:00.059+0000] {dagbag.py:545} INFO - Filling up the DagBag from /home/airflow/.local/lib/python3.12/site-packages/airflow/example_dags/example_sensors.py
[2024-08-03T21:28:00.092+0000] {processor.py:840} INFO - DAG(s) 'example_sensors' retrieved from /home/airflow/.local/lib/python3.12/site-packages/airflow/example_dags/example_sensors.py
[2024-08-03T21:28:00.182+0000] {logging_mixin.py:188} INFO - [2024-08-03T21:28:00.181+0000] {dag.py:3089} INFO - Sync 1 DAGs
[2024-08-03T21:28:00.230+0000] {logging_mixin.py:188} INFO - [2024-08-03T21:28:00.229+0000] {dag.py:3947} INFO - Setting next_dagrun for example_sensors to None, run_after=None
[2024-08-03T21:28:00.291+0000] {processor.py:183} INFO - Processing /home/airflow/.local/lib/python3.12/site-packages/airflow/example_dags/example_sensors.py took 0.260 seconds
[2024-08-03T21:28:31.421+0000] {processor.py:161} INFO - Started process (PID=1774) to work on /home/airflow/.local/lib/python3.12/site-packages/airflow/example_dags/example_sensors.py
[2024-08-03T21:28:31.422+0000] {processor.py:830} INFO - Processing file /home/airflow/.local/lib/python3.12/site-packages/airflow/example_dags/example_sensors.py for tasks to queue
[2024-08-03T21:28:31.424+0000] {logging_mixin.py:188} INFO - [2024-08-03T21:28:31.424+0000] {dagbag.py:545} INFO - Filling up the DagBag from /home/airflow/.local/lib/python3.12/site-packages/airflow/example_dags/example_sensors.py
[2024-08-03T21:28:31.434+0000] {processor.py:840} INFO - DAG(s) 'example_sensors' retrieved from /home/airflow/.local/lib/python3.12/site-packages/airflow/example_dags/example_sensors.py
[2024-08-03T21:28:31.464+0000] {logging_mixin.py:188} INFO - [2024-08-03T21:28:31.464+0000] {dag.py:3089} INFO - Sync 1 DAGs
[2024-08-03T21:28:31.478+0000] {logging_mixin.py:188} INFO - [2024-08-03T21:28:31.478+0000] {dag.py:3947} INFO - Setting next_dagrun for example_sensors to None, run_after=None
[2024-08-03T21:28:31.501+0000] {processor.py:183} INFO - Processing /home/airflow/.local/lib/python3.12/site-packages/airflow/example_dags/example_sensors.py took 0.087 seconds
[2024-08-03T21:29:02.406+0000] {processor.py:161} INFO - Started process (PID=1832) to work on /home/airflow/.local/lib/python3.12/site-packages/airflow/example_dags/example_sensors.py
[2024-08-03T21:29:02.408+0000] {processor.py:830} INFO - Processing file /home/airflow/.local/lib/python3.12/site-packages/airflow/example_dags/example_sensors.py for tasks to queue
[2024-08-03T21:29:02.413+0000] {logging_mixin.py:188} INFO - [2024-08-03T21:29:02.412+0000] {dagbag.py:545} INFO - Filling up the DagBag from /home/airflow/.local/lib/python3.12/site-packages/airflow/example_dags/example_sensors.py
[2024-08-03T21:29:02.446+0000] {processor.py:840} INFO - DAG(s) 'example_sensors' retrieved from /home/airflow/.local/lib/python3.12/site-packages/airflow/example_dags/example_sensors.py
[2024-08-03T21:29:02.544+0000] {logging_mixin.py:188} INFO - [2024-08-03T21:29:02.544+0000] {dag.py:3089} INFO - Sync 1 DAGs
[2024-08-03T21:29:02.599+0000] {logging_mixin.py:188} INFO - [2024-08-03T21:29:02.598+0000] {dag.py:3947} INFO - Setting next_dagrun for example_sensors to None, run_after=None
[2024-08-03T21:29:02.661+0000] {processor.py:183} INFO - Processing /home/airflow/.local/lib/python3.12/site-packages/airflow/example_dags/example_sensors.py took 0.290 seconds
[2024-08-03T21:29:33.530+0000] {processor.py:161} INFO - Started process (PID=1890) to work on /home/airflow/.local/lib/python3.12/site-packages/airflow/example_dags/example_sensors.py
[2024-08-03T21:29:33.533+0000] {processor.py:830} INFO - Processing file /home/airflow/.local/lib/python3.12/site-packages/airflow/example_dags/example_sensors.py for tasks to queue
[2024-08-03T21:29:33.538+0000] {logging_mixin.py:188} INFO - [2024-08-03T21:29:33.537+0000] {dagbag.py:545} INFO - Filling up the DagBag from /home/airflow/.local/lib/python3.12/site-packages/airflow/example_dags/example_sensors.py
[2024-08-03T21:29:33.568+0000] {processor.py:840} INFO - DAG(s) 'example_sensors' retrieved from /home/airflow/.local/lib/python3.12/site-packages/airflow/example_dags/example_sensors.py
[2024-08-03T21:29:33.659+0000] {logging_mixin.py:188} INFO - [2024-08-03T21:29:33.658+0000] {dag.py:3089} INFO - Sync 1 DAGs
[2024-08-03T21:29:33.704+0000] {logging_mixin.py:188} INFO - [2024-08-03T21:29:33.703+0000] {dag.py:3947} INFO - Setting next_dagrun for example_sensors to None, run_after=None
[2024-08-03T21:29:33.766+0000] {processor.py:183} INFO - Processing /home/airflow/.local/lib/python3.12/site-packages/airflow/example_dags/example_sensors.py took 0.255 seconds
[2024-08-03T21:30:04.460+0000] {processor.py:161} INFO - Started process (PID=1954) to work on /home/airflow/.local/lib/python3.12/site-packages/airflow/example_dags/example_sensors.py
[2024-08-03T21:30:04.463+0000] {processor.py:830} INFO - Processing file /home/airflow/.local/lib/python3.12/site-packages/airflow/example_dags/example_sensors.py for tasks to queue
[2024-08-03T21:30:04.472+0000] {logging_mixin.py:188} INFO - [2024-08-03T21:30:04.470+0000] {dagbag.py:545} INFO - Filling up the DagBag from /home/airflow/.local/lib/python3.12/site-packages/airflow/example_dags/example_sensors.py
[2024-08-03T21:30:04.518+0000] {processor.py:840} INFO - DAG(s) 'example_sensors' retrieved from /home/airflow/.local/lib/python3.12/site-packages/airflow/example_dags/example_sensors.py
[2024-08-03T21:30:04.616+0000] {logging_mixin.py:188} INFO - [2024-08-03T21:30:04.615+0000] {dag.py:3089} INFO - Sync 1 DAGs
[2024-08-03T21:30:04.648+0000] {logging_mixin.py:188} INFO - [2024-08-03T21:30:04.648+0000] {dag.py:3947} INFO - Setting next_dagrun for example_sensors to None, run_after=None
[2024-08-03T21:30:04.671+0000] {processor.py:183} INFO - Processing /home/airflow/.local/lib/python3.12/site-packages/airflow/example_dags/example_sensors.py took 0.239 seconds
[2024-08-03T21:30:34.859+0000] {processor.py:161} INFO - Started process (PID=2012) to work on /home/airflow/.local/lib/python3.12/site-packages/airflow/example_dags/example_sensors.py
[2024-08-03T21:30:34.860+0000] {processor.py:830} INFO - Processing file /home/airflow/.local/lib/python3.12/site-packages/airflow/example_dags/example_sensors.py for tasks to queue
[2024-08-03T21:30:34.862+0000] {logging_mixin.py:188} INFO - [2024-08-03T21:30:34.862+0000] {dagbag.py:545} INFO - Filling up the DagBag from /home/airflow/.local/lib/python3.12/site-packages/airflow/example_dags/example_sensors.py
[2024-08-03T21:30:34.872+0000] {processor.py:840} INFO - DAG(s) 'example_sensors' retrieved from /home/airflow/.local/lib/python3.12/site-packages/airflow/example_dags/example_sensors.py
[2024-08-03T21:30:34.902+0000] {logging_mixin.py:188} INFO - [2024-08-03T21:30:34.902+0000] {dag.py:3089} INFO - Sync 1 DAGs
[2024-08-03T21:30:34.918+0000] {logging_mixin.py:188} INFO - [2024-08-03T21:30:34.918+0000] {dag.py:3947} INFO - Setting next_dagrun for example_sensors to None, run_after=None
[2024-08-03T21:30:35.080+0000] {processor.py:183} INFO - Processing /home/airflow/.local/lib/python3.12/site-packages/airflow/example_dags/example_sensors.py took 0.228 seconds
[2024-08-03T21:31:06.156+0000] {processor.py:161} INFO - Started process (PID=2070) to work on /home/airflow/.local/lib/python3.12/site-packages/airflow/example_dags/example_sensors.py
[2024-08-03T21:31:06.158+0000] {processor.py:830} INFO - Processing file /home/airflow/.local/lib/python3.12/site-packages/airflow/example_dags/example_sensors.py for tasks to queue
[2024-08-03T21:31:06.164+0000] {logging_mixin.py:188} INFO - [2024-08-03T21:31:06.162+0000] {dagbag.py:545} INFO - Filling up the DagBag from /home/airflow/.local/lib/python3.12/site-packages/airflow/example_dags/example_sensors.py
[2024-08-03T21:31:06.206+0000] {processor.py:840} INFO - DAG(s) 'example_sensors' retrieved from /home/airflow/.local/lib/python3.12/site-packages/airflow/example_dags/example_sensors.py
[2024-08-03T21:31:06.298+0000] {logging_mixin.py:188} INFO - [2024-08-03T21:31:06.297+0000] {dag.py:3089} INFO - Sync 1 DAGs
[2024-08-03T21:31:06.345+0000] {logging_mixin.py:188} INFO - [2024-08-03T21:31:06.345+0000] {dag.py:3947} INFO - Setting next_dagrun for example_sensors to None, run_after=None
[2024-08-03T21:31:06.404+0000] {processor.py:183} INFO - Processing /home/airflow/.local/lib/python3.12/site-packages/airflow/example_dags/example_sensors.py took 0.268 seconds
[2024-08-03T21:31:36.502+0000] {processor.py:161} INFO - Started process (PID=2128) to work on /home/airflow/.local/lib/python3.12/site-packages/airflow/example_dags/example_sensors.py
[2024-08-03T21:31:36.503+0000] {processor.py:830} INFO - Processing file /home/airflow/.local/lib/python3.12/site-packages/airflow/example_dags/example_sensors.py for tasks to queue
[2024-08-03T21:31:36.505+0000] {logging_mixin.py:188} INFO - [2024-08-03T21:31:36.505+0000] {dagbag.py:545} INFO - Filling up the DagBag from /home/airflow/.local/lib/python3.12/site-packages/airflow/example_dags/example_sensors.py
[2024-08-03T21:31:36.518+0000] {processor.py:840} INFO - DAG(s) 'example_sensors' retrieved from /home/airflow/.local/lib/python3.12/site-packages/airflow/example_dags/example_sensors.py
[2024-08-03T21:31:36.557+0000] {logging_mixin.py:188} INFO - [2024-08-03T21:31:36.557+0000] {dag.py:3089} INFO - Sync 1 DAGs
[2024-08-03T21:31:36.578+0000] {logging_mixin.py:188} INFO - [2024-08-03T21:31:36.578+0000] {dag.py:3947} INFO - Setting next_dagrun for example_sensors to None, run_after=None
[2024-08-03T21:31:36.608+0000] {processor.py:183} INFO - Processing /home/airflow/.local/lib/python3.12/site-packages/airflow/example_dags/example_sensors.py took 0.115 seconds
[2024-08-03T21:32:07.436+0000] {processor.py:161} INFO - Started process (PID=2186) to work on /home/airflow/.local/lib/python3.12/site-packages/airflow/example_dags/example_sensors.py
[2024-08-03T21:32:07.439+0000] {processor.py:830} INFO - Processing file /home/airflow/.local/lib/python3.12/site-packages/airflow/example_dags/example_sensors.py for tasks to queue
[2024-08-03T21:32:07.445+0000] {logging_mixin.py:188} INFO - [2024-08-03T21:32:07.444+0000] {dagbag.py:545} INFO - Filling up the DagBag from /home/airflow/.local/lib/python3.12/site-packages/airflow/example_dags/example_sensors.py
[2024-08-03T21:32:07.480+0000] {processor.py:840} INFO - DAG(s) 'example_sensors' retrieved from /home/airflow/.local/lib/python3.12/site-packages/airflow/example_dags/example_sensors.py
[2024-08-03T21:32:07.583+0000] {logging_mixin.py:188} INFO - [2024-08-03T21:32:07.582+0000] {dag.py:3089} INFO - Sync 1 DAGs
[2024-08-03T21:32:07.634+0000] {logging_mixin.py:188} INFO - [2024-08-03T21:32:07.633+0000] {dag.py:3947} INFO - Setting next_dagrun for example_sensors to None, run_after=None
[2024-08-03T21:32:07.700+0000] {processor.py:183} INFO - Processing /home/airflow/.local/lib/python3.12/site-packages/airflow/example_dags/example_sensors.py took 0.287 seconds
[2024-08-03T21:32:37.851+0000] {processor.py:161} INFO - Started process (PID=2244) to work on /home/airflow/.local/lib/python3.12/site-packages/airflow/example_dags/example_sensors.py
[2024-08-03T21:32:37.852+0000] {processor.py:830} INFO - Processing file /home/airflow/.local/lib/python3.12/site-packages/airflow/example_dags/example_sensors.py for tasks to queue
[2024-08-03T21:32:37.856+0000] {logging_mixin.py:188} INFO - [2024-08-03T21:32:37.855+0000] {dagbag.py:545} INFO - Filling up the DagBag from /home/airflow/.local/lib/python3.12/site-packages/airflow/example_dags/example_sensors.py
[2024-08-03T21:32:37.873+0000] {processor.py:840} INFO - DAG(s) 'example_sensors' retrieved from /home/airflow/.local/lib/python3.12/site-packages/airflow/example_dags/example_sensors.py
[2024-08-03T21:32:37.924+0000] {logging_mixin.py:188} INFO - [2024-08-03T21:32:37.923+0000] {dag.py:3089} INFO - Sync 1 DAGs
[2024-08-03T21:32:37.956+0000] {logging_mixin.py:188} INFO - [2024-08-03T21:32:37.955+0000] {dag.py:3947} INFO - Setting next_dagrun for example_sensors to None, run_after=None
[2024-08-03T21:32:37.999+0000] {processor.py:183} INFO - Processing /home/airflow/.local/lib/python3.12/site-packages/airflow/example_dags/example_sensors.py took 0.157 seconds
[2024-08-03T21:33:09.273+0000] {processor.py:161} INFO - Started process (PID=2300) to work on /home/airflow/.local/lib/python3.12/site-packages/airflow/example_dags/example_sensors.py
[2024-08-03T21:33:09.275+0000] {processor.py:830} INFO - Processing file /home/airflow/.local/lib/python3.12/site-packages/airflow/example_dags/example_sensors.py for tasks to queue
[2024-08-03T21:33:09.280+0000] {logging_mixin.py:188} INFO - [2024-08-03T21:33:09.279+0000] {dagbag.py:545} INFO - Filling up the DagBag from /home/airflow/.local/lib/python3.12/site-packages/airflow/example_dags/example_sensors.py
[2024-08-03T21:33:09.318+0000] {processor.py:840} INFO - DAG(s) 'example_sensors' retrieved from /home/airflow/.local/lib/python3.12/site-packages/airflow/example_dags/example_sensors.py
[2024-08-03T21:33:09.433+0000] {logging_mixin.py:188} INFO - [2024-08-03T21:33:09.431+0000] {dag.py:3089} INFO - Sync 1 DAGs
[2024-08-03T21:33:09.483+0000] {logging_mixin.py:188} INFO - [2024-08-03T21:33:09.482+0000] {dag.py:3947} INFO - Setting next_dagrun for example_sensors to None, run_after=None
[2024-08-03T21:33:09.562+0000] {processor.py:183} INFO - Processing /home/airflow/.local/lib/python3.12/site-packages/airflow/example_dags/example_sensors.py took 0.313 seconds
[2024-08-03T21:33:40.833+0000] {processor.py:161} INFO - Started process (PID=2357) to work on /home/airflow/.local/lib/python3.12/site-packages/airflow/example_dags/example_sensors.py
[2024-08-03T21:33:40.836+0000] {processor.py:830} INFO - Processing file /home/airflow/.local/lib/python3.12/site-packages/airflow/example_dags/example_sensors.py for tasks to queue
[2024-08-03T21:33:40.842+0000] {logging_mixin.py:188} INFO - [2024-08-03T21:33:40.841+0000] {dagbag.py:545} INFO - Filling up the DagBag from /home/airflow/.local/lib/python3.12/site-packages/airflow/example_dags/example_sensors.py
[2024-08-03T21:33:40.878+0000] {processor.py:840} INFO - DAG(s) 'example_sensors' retrieved from /home/airflow/.local/lib/python3.12/site-packages/airflow/example_dags/example_sensors.py
[2024-08-03T21:33:40.981+0000] {logging_mixin.py:188} INFO - [2024-08-03T21:33:40.981+0000] {dag.py:3089} INFO - Sync 1 DAGs
[2024-08-03T21:33:41.032+0000] {logging_mixin.py:188} INFO - [2024-08-03T21:33:41.031+0000] {dag.py:3947} INFO - Setting next_dagrun for example_sensors to None, run_after=None
[2024-08-03T21:33:41.101+0000] {processor.py:183} INFO - Processing /home/airflow/.local/lib/python3.12/site-packages/airflow/example_dags/example_sensors.py took 0.290 seconds
[2024-08-03T21:34:11.327+0000] {processor.py:161} INFO - Started process (PID=2415) to work on /home/airflow/.local/lib/python3.12/site-packages/airflow/example_dags/example_sensors.py
[2024-08-03T21:34:11.329+0000] {processor.py:830} INFO - Processing file /home/airflow/.local/lib/python3.12/site-packages/airflow/example_dags/example_sensors.py for tasks to queue
[2024-08-03T21:34:11.336+0000] {logging_mixin.py:188} INFO - [2024-08-03T21:34:11.334+0000] {dagbag.py:545} INFO - Filling up the DagBag from /home/airflow/.local/lib/python3.12/site-packages/airflow/example_dags/example_sensors.py
[2024-08-03T21:34:11.374+0000] {processor.py:840} INFO - DAG(s) 'example_sensors' retrieved from /home/airflow/.local/lib/python3.12/site-packages/airflow/example_dags/example_sensors.py
[2024-08-03T21:34:11.491+0000] {logging_mixin.py:188} INFO - [2024-08-03T21:34:11.490+0000] {dag.py:3089} INFO - Sync 1 DAGs
[2024-08-03T21:34:11.547+0000] {logging_mixin.py:188} INFO - [2024-08-03T21:34:11.546+0000] {dag.py:3947} INFO - Setting next_dagrun for example_sensors to None, run_after=None
[2024-08-03T21:34:11.620+0000] {processor.py:183} INFO - Processing /home/airflow/.local/lib/python3.12/site-packages/airflow/example_dags/example_sensors.py took 0.317 seconds
[2024-08-03T21:34:42.074+0000] {processor.py:161} INFO - Started process (PID=2473) to work on /home/airflow/.local/lib/python3.12/site-packages/airflow/example_dags/example_sensors.py
[2024-08-03T21:34:42.078+0000] {processor.py:830} INFO - Processing file /home/airflow/.local/lib/python3.12/site-packages/airflow/example_dags/example_sensors.py for tasks to queue
[2024-08-03T21:34:42.084+0000] {logging_mixin.py:188} INFO - [2024-08-03T21:34:42.082+0000] {dagbag.py:545} INFO - Filling up the DagBag from /home/airflow/.local/lib/python3.12/site-packages/airflow/example_dags/example_sensors.py
[2024-08-03T21:34:42.120+0000] {processor.py:840} INFO - DAG(s) 'example_sensors' retrieved from /home/airflow/.local/lib/python3.12/site-packages/airflow/example_dags/example_sensors.py
[2024-08-03T21:34:42.223+0000] {logging_mixin.py:188} INFO - [2024-08-03T21:34:42.222+0000] {dag.py:3089} INFO - Sync 1 DAGs
[2024-08-03T21:34:42.274+0000] {logging_mixin.py:188} INFO - [2024-08-03T21:34:42.273+0000] {dag.py:3947} INFO - Setting next_dagrun for example_sensors to None, run_after=None
[2024-08-03T21:34:42.342+0000] {processor.py:183} INFO - Processing /home/airflow/.local/lib/python3.12/site-packages/airflow/example_dags/example_sensors.py took 0.291 seconds
[2024-08-03T21:35:12.494+0000] {processor.py:161} INFO - Started process (PID=2532) to work on /home/airflow/.local/lib/python3.12/site-packages/airflow/example_dags/example_sensors.py
[2024-08-03T21:35:12.495+0000] {processor.py:830} INFO - Processing file /home/airflow/.local/lib/python3.12/site-packages/airflow/example_dags/example_sensors.py for tasks to queue
[2024-08-03T21:35:12.498+0000] {logging_mixin.py:188} INFO - [2024-08-03T21:35:12.497+0000] {dagbag.py:545} INFO - Filling up the DagBag from /home/airflow/.local/lib/python3.12/site-packages/airflow/example_dags/example_sensors.py
[2024-08-03T21:35:12.522+0000] {processor.py:840} INFO - DAG(s) 'example_sensors' retrieved from /home/airflow/.local/lib/python3.12/site-packages/airflow/example_dags/example_sensors.py
[2024-08-03T21:35:12.576+0000] {logging_mixin.py:188} INFO - [2024-08-03T21:35:12.576+0000] {dag.py:3089} INFO - Sync 1 DAGs
[2024-08-03T21:35:12.612+0000] {logging_mixin.py:188} INFO - [2024-08-03T21:35:12.612+0000] {dag.py:3947} INFO - Setting next_dagrun for example_sensors to None, run_after=None
[2024-08-03T21:35:12.649+0000] {processor.py:183} INFO - Processing /home/airflow/.local/lib/python3.12/site-packages/airflow/example_dags/example_sensors.py took 0.168 seconds
[2024-08-03T21:35:43.646+0000] {processor.py:161} INFO - Started process (PID=2590) to work on /home/airflow/.local/lib/python3.12/site-packages/airflow/example_dags/example_sensors.py
[2024-08-03T21:35:43.648+0000] {processor.py:830} INFO - Processing file /home/airflow/.local/lib/python3.12/site-packages/airflow/example_dags/example_sensors.py for tasks to queue
[2024-08-03T21:35:43.654+0000] {logging_mixin.py:188} INFO - [2024-08-03T21:35:43.653+0000] {dagbag.py:545} INFO - Filling up the DagBag from /home/airflow/.local/lib/python3.12/site-packages/airflow/example_dags/example_sensors.py
[2024-08-03T21:35:43.687+0000] {processor.py:840} INFO - DAG(s) 'example_sensors' retrieved from /home/airflow/.local/lib/python3.12/site-packages/airflow/example_dags/example_sensors.py
[2024-08-03T21:35:43.776+0000] {logging_mixin.py:188} INFO - [2024-08-03T21:35:43.775+0000] {dag.py:3089} INFO - Sync 1 DAGs
[2024-08-03T21:35:43.799+0000] {logging_mixin.py:188} INFO - [2024-08-03T21:35:43.799+0000] {dag.py:3947} INFO - Setting next_dagrun for example_sensors to None, run_after=None
[2024-08-03T21:35:43.843+0000] {processor.py:183} INFO - Processing /home/airflow/.local/lib/python3.12/site-packages/airflow/example_dags/example_sensors.py took 0.216 seconds
[2024-08-03T21:36:15.226+0000] {processor.py:161} INFO - Started process (PID=2648) to work on /home/airflow/.local/lib/python3.12/site-packages/airflow/example_dags/example_sensors.py
[2024-08-03T21:36:15.228+0000] {processor.py:830} INFO - Processing file /home/airflow/.local/lib/python3.12/site-packages/airflow/example_dags/example_sensors.py for tasks to queue
[2024-08-03T21:36:15.234+0000] {logging_mixin.py:188} INFO - [2024-08-03T21:36:15.233+0000] {dagbag.py:545} INFO - Filling up the DagBag from /home/airflow/.local/lib/python3.12/site-packages/airflow/example_dags/example_sensors.py
[2024-08-03T21:36:15.273+0000] {processor.py:840} INFO - DAG(s) 'example_sensors' retrieved from /home/airflow/.local/lib/python3.12/site-packages/airflow/example_dags/example_sensors.py
[2024-08-03T21:36:15.382+0000] {logging_mixin.py:188} INFO - [2024-08-03T21:36:15.381+0000] {dag.py:3089} INFO - Sync 1 DAGs
[2024-08-03T21:36:15.417+0000] {logging_mixin.py:188} INFO - [2024-08-03T21:36:15.417+0000] {dag.py:3947} INFO - Setting next_dagrun for example_sensors to None, run_after=None
[2024-08-03T21:36:15.452+0000] {processor.py:183} INFO - Processing /home/airflow/.local/lib/python3.12/site-packages/airflow/example_dags/example_sensors.py took 0.252 seconds
[2024-08-03T21:36:45.896+0000] {processor.py:161} INFO - Started process (PID=2707) to work on /home/airflow/.local/lib/python3.12/site-packages/airflow/example_dags/example_sensors.py
[2024-08-03T21:36:45.898+0000] {processor.py:830} INFO - Processing file /home/airflow/.local/lib/python3.12/site-packages/airflow/example_dags/example_sensors.py for tasks to queue
[2024-08-03T21:36:45.901+0000] {logging_mixin.py:188} INFO - [2024-08-03T21:36:45.900+0000] {dagbag.py:545} INFO - Filling up the DagBag from /home/airflow/.local/lib/python3.12/site-packages/airflow/example_dags/example_sensors.py
[2024-08-03T21:36:45.923+0000] {processor.py:840} INFO - DAG(s) 'example_sensors' retrieved from /home/airflow/.local/lib/python3.12/site-packages/airflow/example_dags/example_sensors.py
[2024-08-03T21:36:45.991+0000] {logging_mixin.py:188} INFO - [2024-08-03T21:36:45.991+0000] {dag.py:3089} INFO - Sync 1 DAGs
[2024-08-03T21:36:46.028+0000] {logging_mixin.py:188} INFO - [2024-08-03T21:36:46.027+0000] {dag.py:3947} INFO - Setting next_dagrun for example_sensors to None, run_after=None
[2024-08-03T21:36:46.084+0000] {processor.py:183} INFO - Processing /home/airflow/.local/lib/python3.12/site-packages/airflow/example_dags/example_sensors.py took 0.204 seconds
[2024-08-03T21:37:16.778+0000] {processor.py:161} INFO - Started process (PID=2765) to work on /home/airflow/.local/lib/python3.12/site-packages/airflow/example_dags/example_sensors.py
[2024-08-03T21:37:16.780+0000] {processor.py:830} INFO - Processing file /home/airflow/.local/lib/python3.12/site-packages/airflow/example_dags/example_sensors.py for tasks to queue
[2024-08-03T21:37:16.786+0000] {logging_mixin.py:188} INFO - [2024-08-03T21:37:16.785+0000] {dagbag.py:545} INFO - Filling up the DagBag from /home/airflow/.local/lib/python3.12/site-packages/airflow/example_dags/example_sensors.py
[2024-08-03T21:37:16.820+0000] {processor.py:840} INFO - DAG(s) 'example_sensors' retrieved from /home/airflow/.local/lib/python3.12/site-packages/airflow/example_dags/example_sensors.py
[2024-08-03T21:37:16.929+0000] {logging_mixin.py:188} INFO - [2024-08-03T21:37:16.928+0000] {dag.py:3089} INFO - Sync 1 DAGs
[2024-08-03T21:37:16.986+0000] {logging_mixin.py:188} INFO - [2024-08-03T21:37:16.985+0000] {dag.py:3947} INFO - Setting next_dagrun for example_sensors to None, run_after=None
[2024-08-03T21:37:17.066+0000] {processor.py:183} INFO - Processing /home/airflow/.local/lib/python3.12/site-packages/airflow/example_dags/example_sensors.py took 0.312 seconds
[2024-08-03T21:37:47.242+0000] {processor.py:161} INFO - Started process (PID=2823) to work on /home/airflow/.local/lib/python3.12/site-packages/airflow/example_dags/example_sensors.py
[2024-08-03T21:37:47.243+0000] {processor.py:830} INFO - Processing file /home/airflow/.local/lib/python3.12/site-packages/airflow/example_dags/example_sensors.py for tasks to queue
[2024-08-03T21:37:47.244+0000] {logging_mixin.py:188} INFO - [2024-08-03T21:37:47.244+0000] {dagbag.py:545} INFO - Filling up the DagBag from /home/airflow/.local/lib/python3.12/site-packages/airflow/example_dags/example_sensors.py
[2024-08-03T21:37:47.254+0000] {processor.py:840} INFO - DAG(s) 'example_sensors' retrieved from /home/airflow/.local/lib/python3.12/site-packages/airflow/example_dags/example_sensors.py
[2024-08-03T21:37:47.287+0000] {logging_mixin.py:188} INFO - [2024-08-03T21:37:47.286+0000] {dag.py:3089} INFO - Sync 1 DAGs
[2024-08-03T21:37:47.315+0000] {logging_mixin.py:188} INFO - [2024-08-03T21:37:47.315+0000] {dag.py:3947} INFO - Setting next_dagrun for example_sensors to None, run_after=None
[2024-08-03T21:37:47.367+0000] {processor.py:183} INFO - Processing /home/airflow/.local/lib/python3.12/site-packages/airflow/example_dags/example_sensors.py took 0.132 seconds
[2024-08-03T21:38:17.968+0000] {processor.py:161} INFO - Started process (PID=2881) to work on /home/airflow/.local/lib/python3.12/site-packages/airflow/example_dags/example_sensors.py
[2024-08-03T21:38:17.970+0000] {processor.py:830} INFO - Processing file /home/airflow/.local/lib/python3.12/site-packages/airflow/example_dags/example_sensors.py for tasks to queue
[2024-08-03T21:38:17.978+0000] {logging_mixin.py:188} INFO - [2024-08-03T21:38:17.976+0000] {dagbag.py:545} INFO - Filling up the DagBag from /home/airflow/.local/lib/python3.12/site-packages/airflow/example_dags/example_sensors.py
[2024-08-03T21:38:18.015+0000] {processor.py:840} INFO - DAG(s) 'example_sensors' retrieved from /home/airflow/.local/lib/python3.12/site-packages/airflow/example_dags/example_sensors.py
[2024-08-03T21:38:18.128+0000] {logging_mixin.py:188} INFO - [2024-08-03T21:38:18.127+0000] {dag.py:3089} INFO - Sync 1 DAGs
[2024-08-03T21:38:18.185+0000] {logging_mixin.py:188} INFO - [2024-08-03T21:38:18.184+0000] {dag.py:3947} INFO - Setting next_dagrun for example_sensors to None, run_after=None
[2024-08-03T21:38:18.287+0000] {processor.py:183} INFO - Processing /home/airflow/.local/lib/python3.12/site-packages/airflow/example_dags/example_sensors.py took 0.344 seconds
[2024-08-03T21:38:49.477+0000] {processor.py:161} INFO - Started process (PID=2939) to work on /home/airflow/.local/lib/python3.12/site-packages/airflow/example_dags/example_sensors.py
[2024-08-03T21:38:49.479+0000] {processor.py:830} INFO - Processing file /home/airflow/.local/lib/python3.12/site-packages/airflow/example_dags/example_sensors.py for tasks to queue
[2024-08-03T21:38:49.483+0000] {logging_mixin.py:188} INFO - [2024-08-03T21:38:49.482+0000] {dagbag.py:545} INFO - Filling up the DagBag from /home/airflow/.local/lib/python3.12/site-packages/airflow/example_dags/example_sensors.py
[2024-08-03T21:38:49.528+0000] {processor.py:840} INFO - DAG(s) 'example_sensors' retrieved from /home/airflow/.local/lib/python3.12/site-packages/airflow/example_dags/example_sensors.py
[2024-08-03T21:38:49.655+0000] {logging_mixin.py:188} INFO - [2024-08-03T21:38:49.653+0000] {dag.py:3089} INFO - Sync 1 DAGs
[2024-08-03T21:38:49.739+0000] {logging_mixin.py:188} INFO - [2024-08-03T21:38:49.737+0000] {dag.py:3947} INFO - Setting next_dagrun for example_sensors to None, run_after=None
[2024-08-03T21:38:49.837+0000] {processor.py:183} INFO - Processing /home/airflow/.local/lib/python3.12/site-packages/airflow/example_dags/example_sensors.py took 0.376 seconds
[2024-08-03T21:39:20.478+0000] {processor.py:161} INFO - Started process (PID=2997) to work on /home/airflow/.local/lib/python3.12/site-packages/airflow/example_dags/example_sensors.py
[2024-08-03T21:39:20.481+0000] {processor.py:830} INFO - Processing file /home/airflow/.local/lib/python3.12/site-packages/airflow/example_dags/example_sensors.py for tasks to queue
[2024-08-03T21:39:20.489+0000] {logging_mixin.py:188} INFO - [2024-08-03T21:39:20.488+0000] {dagbag.py:545} INFO - Filling up the DagBag from /home/airflow/.local/lib/python3.12/site-packages/airflow/example_dags/example_sensors.py
[2024-08-03T21:39:20.528+0000] {processor.py:840} INFO - DAG(s) 'example_sensors' retrieved from /home/airflow/.local/lib/python3.12/site-packages/airflow/example_dags/example_sensors.py
[2024-08-03T21:39:20.642+0000] {logging_mixin.py:188} INFO - [2024-08-03T21:39:20.641+0000] {dag.py:3089} INFO - Sync 1 DAGs
[2024-08-03T21:39:20.703+0000] {logging_mixin.py:188} INFO - [2024-08-03T21:39:20.702+0000] {dag.py:3947} INFO - Setting next_dagrun for example_sensors to None, run_after=None
[2024-08-03T21:39:20.797+0000] {processor.py:183} INFO - Processing /home/airflow/.local/lib/python3.12/site-packages/airflow/example_dags/example_sensors.py took 0.343 seconds
[2024-08-03T21:39:51.383+0000] {processor.py:161} INFO - Started process (PID=3055) to work on /home/airflow/.local/lib/python3.12/site-packages/airflow/example_dags/example_sensors.py
[2024-08-03T21:39:51.388+0000] {processor.py:830} INFO - Processing file /home/airflow/.local/lib/python3.12/site-packages/airflow/example_dags/example_sensors.py for tasks to queue
[2024-08-03T21:39:51.397+0000] {logging_mixin.py:188} INFO - [2024-08-03T21:39:51.395+0000] {dagbag.py:545} INFO - Filling up the DagBag from /home/airflow/.local/lib/python3.12/site-packages/airflow/example_dags/example_sensors.py
[2024-08-03T21:39:51.456+0000] {processor.py:840} INFO - DAG(s) 'example_sensors' retrieved from /home/airflow/.local/lib/python3.12/site-packages/airflow/example_dags/example_sensors.py
[2024-08-03T21:39:51.600+0000] {logging_mixin.py:188} INFO - [2024-08-03T21:39:51.599+0000] {dag.py:3089} INFO - Sync 1 DAGs
[2024-08-03T21:39:51.667+0000] {logging_mixin.py:188} INFO - [2024-08-03T21:39:51.666+0000] {dag.py:3947} INFO - Setting next_dagrun for example_sensors to None, run_after=None
[2024-08-03T21:39:51.758+0000] {processor.py:183} INFO - Processing /home/airflow/.local/lib/python3.12/site-packages/airflow/example_dags/example_sensors.py took 0.406 seconds
[2024-08-03T21:40:22.482+0000] {processor.py:161} INFO - Started process (PID=3113) to work on /home/airflow/.local/lib/python3.12/site-packages/airflow/example_dags/example_sensors.py
[2024-08-03T21:40:22.483+0000] {processor.py:830} INFO - Processing file /home/airflow/.local/lib/python3.12/site-packages/airflow/example_dags/example_sensors.py for tasks to queue
[2024-08-03T21:40:22.484+0000] {logging_mixin.py:188} INFO - [2024-08-03T21:40:22.484+0000] {dagbag.py:545} INFO - Filling up the DagBag from /home/airflow/.local/lib/python3.12/site-packages/airflow/example_dags/example_sensors.py
[2024-08-03T21:40:22.493+0000] {processor.py:840} INFO - DAG(s) 'example_sensors' retrieved from /home/airflow/.local/lib/python3.12/site-packages/airflow/example_dags/example_sensors.py
[2024-08-03T21:40:22.532+0000] {logging_mixin.py:188} INFO - [2024-08-03T21:40:22.532+0000] {dag.py:3089} INFO - Sync 1 DAGs
[2024-08-03T21:40:22.547+0000] {logging_mixin.py:188} INFO - [2024-08-03T21:40:22.547+0000] {dag.py:3947} INFO - Setting next_dagrun for example_sensors to None, run_after=None
[2024-08-03T21:40:22.568+0000] {processor.py:183} INFO - Processing /home/airflow/.local/lib/python3.12/site-packages/airflow/example_dags/example_sensors.py took 0.094 seconds
[2024-08-03T21:40:53.283+0000] {processor.py:161} INFO - Started process (PID=3171) to work on /home/airflow/.local/lib/python3.12/site-packages/airflow/example_dags/example_sensors.py
[2024-08-03T21:40:53.285+0000] {processor.py:830} INFO - Processing file /home/airflow/.local/lib/python3.12/site-packages/airflow/example_dags/example_sensors.py for tasks to queue
[2024-08-03T21:40:53.289+0000] {logging_mixin.py:188} INFO - [2024-08-03T21:40:53.288+0000] {dagbag.py:545} INFO - Filling up the DagBag from /home/airflow/.local/lib/python3.12/site-packages/airflow/example_dags/example_sensors.py
[2024-08-03T21:40:53.323+0000] {processor.py:840} INFO - DAG(s) 'example_sensors' retrieved from /home/airflow/.local/lib/python3.12/site-packages/airflow/example_dags/example_sensors.py
[2024-08-03T21:40:53.400+0000] {logging_mixin.py:188} INFO - [2024-08-03T21:40:53.399+0000] {dag.py:3089} INFO - Sync 1 DAGs
[2024-08-03T21:40:53.454+0000] {logging_mixin.py:188} INFO - [2024-08-03T21:40:53.454+0000] {dag.py:3947} INFO - Setting next_dagrun for example_sensors to None, run_after=None
[2024-08-03T21:40:53.537+0000] {processor.py:183} INFO - Processing /home/airflow/.local/lib/python3.12/site-packages/airflow/example_dags/example_sensors.py took 0.269 seconds
[2024-08-03T21:41:24.637+0000] {processor.py:161} INFO - Started process (PID=3229) to work on /home/airflow/.local/lib/python3.12/site-packages/airflow/example_dags/example_sensors.py
[2024-08-03T21:41:24.642+0000] {processor.py:830} INFO - Processing file /home/airflow/.local/lib/python3.12/site-packages/airflow/example_dags/example_sensors.py for tasks to queue
[2024-08-03T21:41:24.651+0000] {logging_mixin.py:188} INFO - [2024-08-03T21:41:24.649+0000] {dagbag.py:545} INFO - Filling up the DagBag from /home/airflow/.local/lib/python3.12/site-packages/airflow/example_dags/example_sensors.py
[2024-08-03T21:41:24.687+0000] {processor.py:840} INFO - DAG(s) 'example_sensors' retrieved from /home/airflow/.local/lib/python3.12/site-packages/airflow/example_dags/example_sensors.py
[2024-08-03T21:41:24.803+0000] {logging_mixin.py:188} INFO - [2024-08-03T21:41:24.802+0000] {dag.py:3089} INFO - Sync 1 DAGs
[2024-08-03T21:41:24.867+0000] {logging_mixin.py:188} INFO - [2024-08-03T21:41:24.866+0000] {dag.py:3947} INFO - Setting next_dagrun for example_sensors to None, run_after=None
[2024-08-03T21:41:24.952+0000] {processor.py:183} INFO - Processing /home/airflow/.local/lib/python3.12/site-packages/airflow/example_dags/example_sensors.py took 0.344 seconds
[2024-08-03T21:41:55.199+0000] {processor.py:161} INFO - Started process (PID=3287) to work on /home/airflow/.local/lib/python3.12/site-packages/airflow/example_dags/example_sensors.py
[2024-08-03T21:41:55.201+0000] {processor.py:830} INFO - Processing file /home/airflow/.local/lib/python3.12/site-packages/airflow/example_dags/example_sensors.py for tasks to queue
[2024-08-03T21:41:55.207+0000] {logging_mixin.py:188} INFO - [2024-08-03T21:41:55.206+0000] {dagbag.py:545} INFO - Filling up the DagBag from /home/airflow/.local/lib/python3.12/site-packages/airflow/example_dags/example_sensors.py
[2024-08-03T21:41:55.249+0000] {processor.py:840} INFO - DAG(s) 'example_sensors' retrieved from /home/airflow/.local/lib/python3.12/site-packages/airflow/example_dags/example_sensors.py
[2024-08-03T21:41:55.387+0000] {logging_mixin.py:188} INFO - [2024-08-03T21:41:55.385+0000] {dag.py:3089} INFO - Sync 1 DAGs
[2024-08-03T21:41:55.449+0000] {logging_mixin.py:188} INFO - [2024-08-03T21:41:55.448+0000] {dag.py:3947} INFO - Setting next_dagrun for example_sensors to None, run_after=None
[2024-08-03T21:41:55.532+0000] {processor.py:183} INFO - Processing /home/airflow/.local/lib/python3.12/site-packages/airflow/example_dags/example_sensors.py took 0.363 seconds
[2024-08-03T21:42:25.991+0000] {processor.py:161} INFO - Started process (PID=3345) to work on /home/airflow/.local/lib/python3.12/site-packages/airflow/example_dags/example_sensors.py
[2024-08-03T21:42:25.994+0000] {processor.py:830} INFO - Processing file /home/airflow/.local/lib/python3.12/site-packages/airflow/example_dags/example_sensors.py for tasks to queue
[2024-08-03T21:42:26.004+0000] {logging_mixin.py:188} INFO - [2024-08-03T21:42:26.002+0000] {dagbag.py:545} INFO - Filling up the DagBag from /home/airflow/.local/lib/python3.12/site-packages/airflow/example_dags/example_sensors.py
[2024-08-03T21:42:26.048+0000] {processor.py:840} INFO - DAG(s) 'example_sensors' retrieved from /home/airflow/.local/lib/python3.12/site-packages/airflow/example_dags/example_sensors.py
[2024-08-03T21:42:26.187+0000] {logging_mixin.py:188} INFO - [2024-08-03T21:42:26.186+0000] {dag.py:3089} INFO - Sync 1 DAGs
[2024-08-03T21:42:26.262+0000] {logging_mixin.py:188} INFO - [2024-08-03T21:42:26.260+0000] {dag.py:3947} INFO - Setting next_dagrun for example_sensors to None, run_after=None
[2024-08-03T21:42:26.355+0000] {processor.py:183} INFO - Processing /home/airflow/.local/lib/python3.12/site-packages/airflow/example_dags/example_sensors.py took 0.395 seconds
[2024-08-03T21:42:56.745+0000] {processor.py:161} INFO - Started process (PID=3403) to work on /home/airflow/.local/lib/python3.12/site-packages/airflow/example_dags/example_sensors.py
[2024-08-03T21:42:56.748+0000] {processor.py:830} INFO - Processing file /home/airflow/.local/lib/python3.12/site-packages/airflow/example_dags/example_sensors.py for tasks to queue
[2024-08-03T21:42:56.756+0000] {logging_mixin.py:188} INFO - [2024-08-03T21:42:56.755+0000] {dagbag.py:545} INFO - Filling up the DagBag from /home/airflow/.local/lib/python3.12/site-packages/airflow/example_dags/example_sensors.py
[2024-08-03T21:42:56.803+0000] {processor.py:840} INFO - DAG(s) 'example_sensors' retrieved from /home/airflow/.local/lib/python3.12/site-packages/airflow/example_dags/example_sensors.py
[2024-08-03T21:42:56.960+0000] {logging_mixin.py:188} INFO - [2024-08-03T21:42:56.959+0000] {dag.py:3089} INFO - Sync 1 DAGs
[2024-08-03T21:42:57.049+0000] {logging_mixin.py:188} INFO - [2024-08-03T21:42:57.047+0000] {dag.py:3947} INFO - Setting next_dagrun for example_sensors to None, run_after=None
[2024-08-03T21:42:57.150+0000] {processor.py:183} INFO - Processing /home/airflow/.local/lib/python3.12/site-packages/airflow/example_dags/example_sensors.py took 0.430 seconds
[2024-08-03T21:43:27.766+0000] {processor.py:161} INFO - Started process (PID=3462) to work on /home/airflow/.local/lib/python3.12/site-packages/airflow/example_dags/example_sensors.py
[2024-08-03T21:43:27.771+0000] {processor.py:830} INFO - Processing file /home/airflow/.local/lib/python3.12/site-packages/airflow/example_dags/example_sensors.py for tasks to queue
[2024-08-03T21:43:27.777+0000] {logging_mixin.py:188} INFO - [2024-08-03T21:43:27.776+0000] {dagbag.py:545} INFO - Filling up the DagBag from /home/airflow/.local/lib/python3.12/site-packages/airflow/example_dags/example_sensors.py
[2024-08-03T21:43:27.815+0000] {processor.py:840} INFO - DAG(s) 'example_sensors' retrieved from /home/airflow/.local/lib/python3.12/site-packages/airflow/example_dags/example_sensors.py
[2024-08-03T21:43:27.934+0000] {logging_mixin.py:188} INFO - [2024-08-03T21:43:27.933+0000] {dag.py:3089} INFO - Sync 1 DAGs
[2024-08-03T21:43:27.997+0000] {logging_mixin.py:188} INFO - [2024-08-03T21:43:27.996+0000] {dag.py:3947} INFO - Setting next_dagrun for example_sensors to None, run_after=None
[2024-08-03T21:43:28.093+0000] {processor.py:183} INFO - Processing /home/airflow/.local/lib/python3.12/site-packages/airflow/example_dags/example_sensors.py took 0.360 seconds
[2024-08-03T21:43:58.259+0000] {processor.py:161} INFO - Started process (PID=3520) to work on /home/airflow/.local/lib/python3.12/site-packages/airflow/example_dags/example_sensors.py
[2024-08-03T21:43:58.261+0000] {processor.py:830} INFO - Processing file /home/airflow/.local/lib/python3.12/site-packages/airflow/example_dags/example_sensors.py for tasks to queue
[2024-08-03T21:43:58.267+0000] {logging_mixin.py:188} INFO - [2024-08-03T21:43:58.266+0000] {dagbag.py:545} INFO - Filling up the DagBag from /home/airflow/.local/lib/python3.12/site-packages/airflow/example_dags/example_sensors.py
[2024-08-03T21:43:58.302+0000] {processor.py:840} INFO - DAG(s) 'example_sensors' retrieved from /home/airflow/.local/lib/python3.12/site-packages/airflow/example_dags/example_sensors.py
[2024-08-03T21:43:58.453+0000] {logging_mixin.py:188} INFO - [2024-08-03T21:43:58.452+0000] {dag.py:3089} INFO - Sync 1 DAGs
[2024-08-03T21:43:58.527+0000] {logging_mixin.py:188} INFO - [2024-08-03T21:43:58.526+0000] {dag.py:3947} INFO - Setting next_dagrun for example_sensors to None, run_after=None
[2024-08-03T21:43:58.627+0000] {processor.py:183} INFO - Processing /home/airflow/.local/lib/python3.12/site-packages/airflow/example_dags/example_sensors.py took 0.396 seconds
[2024-08-03T21:44:29.447+0000] {processor.py:161} INFO - Started process (PID=3578) to work on /home/airflow/.local/lib/python3.12/site-packages/airflow/example_dags/example_sensors.py
[2024-08-03T21:44:29.450+0000] {processor.py:830} INFO - Processing file /home/airflow/.local/lib/python3.12/site-packages/airflow/example_dags/example_sensors.py for tasks to queue
[2024-08-03T21:44:29.460+0000] {logging_mixin.py:188} INFO - [2024-08-03T21:44:29.458+0000] {dagbag.py:545} INFO - Filling up the DagBag from /home/airflow/.local/lib/python3.12/site-packages/airflow/example_dags/example_sensors.py
[2024-08-03T21:44:29.511+0000] {processor.py:840} INFO - DAG(s) 'example_sensors' retrieved from /home/airflow/.local/lib/python3.12/site-packages/airflow/example_dags/example_sensors.py
[2024-08-03T21:44:29.632+0000] {logging_mixin.py:188} INFO - [2024-08-03T21:44:29.631+0000] {dag.py:3089} INFO - Sync 1 DAGs
[2024-08-03T21:44:29.692+0000] {logging_mixin.py:188} INFO - [2024-08-03T21:44:29.691+0000] {dag.py:3947} INFO - Setting next_dagrun for example_sensors to None, run_after=None
[2024-08-03T21:44:29.772+0000] {processor.py:183} INFO - Processing /home/airflow/.local/lib/python3.12/site-packages/airflow/example_dags/example_sensors.py took 0.358 seconds
[2024-08-03T21:45:00.210+0000] {processor.py:161} INFO - Started process (PID=3636) to work on /home/airflow/.local/lib/python3.12/site-packages/airflow/example_dags/example_sensors.py
[2024-08-03T21:45:00.213+0000] {processor.py:830} INFO - Processing file /home/airflow/.local/lib/python3.12/site-packages/airflow/example_dags/example_sensors.py for tasks to queue
[2024-08-03T21:45:00.220+0000] {logging_mixin.py:188} INFO - [2024-08-03T21:45:00.219+0000] {dagbag.py:545} INFO - Filling up the DagBag from /home/airflow/.local/lib/python3.12/site-packages/airflow/example_dags/example_sensors.py
[2024-08-03T21:45:00.249+0000] {processor.py:840} INFO - DAG(s) 'example_sensors' retrieved from /home/airflow/.local/lib/python3.12/site-packages/airflow/example_dags/example_sensors.py
[2024-08-03T21:45:00.345+0000] {logging_mixin.py:188} INFO - [2024-08-03T21:45:00.344+0000] {dag.py:3089} INFO - Sync 1 DAGs
[2024-08-03T21:45:00.391+0000] {logging_mixin.py:188} INFO - [2024-08-03T21:45:00.390+0000] {dag.py:3947} INFO - Setting next_dagrun for example_sensors to None, run_after=None
[2024-08-03T21:45:00.460+0000] {processor.py:183} INFO - Processing /home/airflow/.local/lib/python3.12/site-packages/airflow/example_dags/example_sensors.py took 0.262 seconds
[2024-08-03T21:45:30.886+0000] {processor.py:161} INFO - Started process (PID=3695) to work on /home/airflow/.local/lib/python3.12/site-packages/airflow/example_dags/example_sensors.py
[2024-08-03T21:45:30.892+0000] {processor.py:830} INFO - Processing file /home/airflow/.local/lib/python3.12/site-packages/airflow/example_dags/example_sensors.py for tasks to queue
[2024-08-03T21:45:30.899+0000] {logging_mixin.py:188} INFO - [2024-08-03T21:45:30.898+0000] {dagbag.py:545} INFO - Filling up the DagBag from /home/airflow/.local/lib/python3.12/site-packages/airflow/example_dags/example_sensors.py
[2024-08-03T21:45:30.941+0000] {processor.py:840} INFO - DAG(s) 'example_sensors' retrieved from /home/airflow/.local/lib/python3.12/site-packages/airflow/example_dags/example_sensors.py
[2024-08-03T21:45:31.019+0000] {logging_mixin.py:188} INFO - [2024-08-03T21:45:31.019+0000] {dag.py:3089} INFO - Sync 1 DAGs
[2024-08-03T21:45:31.048+0000] {logging_mixin.py:188} INFO - [2024-08-03T21:45:31.047+0000] {dag.py:3947} INFO - Setting next_dagrun for example_sensors to None, run_after=None
[2024-08-03T21:45:31.103+0000] {processor.py:183} INFO - Processing /home/airflow/.local/lib/python3.12/site-packages/airflow/example_dags/example_sensors.py took 0.255 seconds
[2024-08-03T21:46:01.785+0000] {processor.py:161} INFO - Started process (PID=3753) to work on /home/airflow/.local/lib/python3.12/site-packages/airflow/example_dags/example_sensors.py
[2024-08-03T21:46:01.790+0000] {processor.py:830} INFO - Processing file /home/airflow/.local/lib/python3.12/site-packages/airflow/example_dags/example_sensors.py for tasks to queue
[2024-08-03T21:46:01.800+0000] {logging_mixin.py:188} INFO - [2024-08-03T21:46:01.799+0000] {dagbag.py:545} INFO - Filling up the DagBag from /home/airflow/.local/lib/python3.12/site-packages/airflow/example_dags/example_sensors.py
[2024-08-03T21:46:01.862+0000] {processor.py:840} INFO - DAG(s) 'example_sensors' retrieved from /home/airflow/.local/lib/python3.12/site-packages/airflow/example_dags/example_sensors.py
[2024-08-03T21:46:02.004+0000] {logging_mixin.py:188} INFO - [2024-08-03T21:46:02.003+0000] {dag.py:3089} INFO - Sync 1 DAGs
[2024-08-03T21:46:02.061+0000] {logging_mixin.py:188} INFO - [2024-08-03T21:46:02.060+0000] {dag.py:3947} INFO - Setting next_dagrun for example_sensors to None, run_after=None
[2024-08-03T21:46:02.153+0000] {processor.py:183} INFO - Processing /home/airflow/.local/lib/python3.12/site-packages/airflow/example_dags/example_sensors.py took 0.404 seconds
[2024-08-03T21:46:32.721+0000] {processor.py:161} INFO - Started process (PID=3811) to work on /home/airflow/.local/lib/python3.12/site-packages/airflow/example_dags/example_sensors.py
[2024-08-03T21:46:32.726+0000] {processor.py:830} INFO - Processing file /home/airflow/.local/lib/python3.12/site-packages/airflow/example_dags/example_sensors.py for tasks to queue
[2024-08-03T21:46:32.732+0000] {logging_mixin.py:188} INFO - [2024-08-03T21:46:32.731+0000] {dagbag.py:545} INFO - Filling up the DagBag from /home/airflow/.local/lib/python3.12/site-packages/airflow/example_dags/example_sensors.py
[2024-08-03T21:46:32.765+0000] {processor.py:840} INFO - DAG(s) 'example_sensors' retrieved from /home/airflow/.local/lib/python3.12/site-packages/airflow/example_dags/example_sensors.py
[2024-08-03T21:46:32.873+0000] {logging_mixin.py:188} INFO - [2024-08-03T21:46:32.872+0000] {dag.py:3089} INFO - Sync 1 DAGs
[2024-08-03T21:46:32.941+0000] {logging_mixin.py:188} INFO - [2024-08-03T21:46:32.940+0000] {dag.py:3947} INFO - Setting next_dagrun for example_sensors to None, run_after=None
[2024-08-03T21:46:33.014+0000] {processor.py:183} INFO - Processing /home/airflow/.local/lib/python3.12/site-packages/airflow/example_dags/example_sensors.py took 0.316 seconds
[2024-08-03T21:47:03.345+0000] {processor.py:161} INFO - Started process (PID=3869) to work on /home/airflow/.local/lib/python3.12/site-packages/airflow/example_dags/example_sensors.py
[2024-08-03T21:47:03.347+0000] {processor.py:830} INFO - Processing file /home/airflow/.local/lib/python3.12/site-packages/airflow/example_dags/example_sensors.py for tasks to queue
[2024-08-03T21:47:03.353+0000] {logging_mixin.py:188} INFO - [2024-08-03T21:47:03.352+0000] {dagbag.py:545} INFO - Filling up the DagBag from /home/airflow/.local/lib/python3.12/site-packages/airflow/example_dags/example_sensors.py
[2024-08-03T21:47:03.397+0000] {processor.py:840} INFO - DAG(s) 'example_sensors' retrieved from /home/airflow/.local/lib/python3.12/site-packages/airflow/example_dags/example_sensors.py
[2024-08-03T21:47:03.497+0000] {logging_mixin.py:188} INFO - [2024-08-03T21:47:03.496+0000] {dag.py:3089} INFO - Sync 1 DAGs
[2024-08-03T21:47:03.559+0000] {logging_mixin.py:188} INFO - [2024-08-03T21:47:03.558+0000] {dag.py:3947} INFO - Setting next_dagrun for example_sensors to None, run_after=None
[2024-08-03T21:47:03.640+0000] {processor.py:183} INFO - Processing /home/airflow/.local/lib/python3.12/site-packages/airflow/example_dags/example_sensors.py took 0.323 seconds
[2024-08-03T21:47:34.263+0000] {processor.py:161} INFO - Started process (PID=3927) to work on /home/airflow/.local/lib/python3.12/site-packages/airflow/example_dags/example_sensors.py
[2024-08-03T21:47:34.265+0000] {processor.py:830} INFO - Processing file /home/airflow/.local/lib/python3.12/site-packages/airflow/example_dags/example_sensors.py for tasks to queue
[2024-08-03T21:47:34.270+0000] {logging_mixin.py:188} INFO - [2024-08-03T21:47:34.269+0000] {dagbag.py:545} INFO - Filling up the DagBag from /home/airflow/.local/lib/python3.12/site-packages/airflow/example_dags/example_sensors.py
[2024-08-03T21:47:34.317+0000] {processor.py:840} INFO - DAG(s) 'example_sensors' retrieved from /home/airflow/.local/lib/python3.12/site-packages/airflow/example_dags/example_sensors.py
[2024-08-03T21:47:34.409+0000] {logging_mixin.py:188} INFO - [2024-08-03T21:47:34.408+0000] {dag.py:3089} INFO - Sync 1 DAGs
[2024-08-03T21:47:34.458+0000] {logging_mixin.py:188} INFO - [2024-08-03T21:47:34.458+0000] {dag.py:3947} INFO - Setting next_dagrun for example_sensors to None, run_after=None
[2024-08-03T21:47:34.540+0000] {processor.py:183} INFO - Processing /home/airflow/.local/lib/python3.12/site-packages/airflow/example_dags/example_sensors.py took 0.300 seconds
[2024-08-03T21:48:05.845+0000] {processor.py:161} INFO - Started process (PID=3985) to work on /home/airflow/.local/lib/python3.12/site-packages/airflow/example_dags/example_sensors.py
[2024-08-03T21:48:05.848+0000] {processor.py:830} INFO - Processing file /home/airflow/.local/lib/python3.12/site-packages/airflow/example_dags/example_sensors.py for tasks to queue
[2024-08-03T21:48:05.856+0000] {logging_mixin.py:188} INFO - [2024-08-03T21:48:05.855+0000] {dagbag.py:545} INFO - Filling up the DagBag from /home/airflow/.local/lib/python3.12/site-packages/airflow/example_dags/example_sensors.py
[2024-08-03T21:48:05.912+0000] {processor.py:840} INFO - DAG(s) 'example_sensors' retrieved from /home/airflow/.local/lib/python3.12/site-packages/airflow/example_dags/example_sensors.py
[2024-08-03T21:48:06.036+0000] {logging_mixin.py:188} INFO - [2024-08-03T21:48:06.036+0000] {dag.py:3089} INFO - Sync 1 DAGs
[2024-08-03T21:48:06.106+0000] {logging_mixin.py:188} INFO - [2024-08-03T21:48:06.105+0000] {dag.py:3947} INFO - Setting next_dagrun for example_sensors to None, run_after=None
[2024-08-03T21:48:06.187+0000] {processor.py:183} INFO - Processing /home/airflow/.local/lib/python3.12/site-packages/airflow/example_dags/example_sensors.py took 0.377 seconds
[2024-08-03T21:48:37.043+0000] {processor.py:161} INFO - Started process (PID=4043) to work on /home/airflow/.local/lib/python3.12/site-packages/airflow/example_dags/example_sensors.py
[2024-08-03T21:48:37.044+0000] {processor.py:830} INFO - Processing file /home/airflow/.local/lib/python3.12/site-packages/airflow/example_dags/example_sensors.py for tasks to queue
[2024-08-03T21:48:37.046+0000] {logging_mixin.py:188} INFO - [2024-08-03T21:48:37.045+0000] {dagbag.py:545} INFO - Filling up the DagBag from /home/airflow/.local/lib/python3.12/site-packages/airflow/example_dags/example_sensors.py
[2024-08-03T21:48:37.059+0000] {processor.py:840} INFO - DAG(s) 'example_sensors' retrieved from /home/airflow/.local/lib/python3.12/site-packages/airflow/example_dags/example_sensors.py
[2024-08-03T21:48:37.103+0000] {logging_mixin.py:188} INFO - [2024-08-03T21:48:37.103+0000] {dag.py:3089} INFO - Sync 1 DAGs
[2024-08-03T21:48:37.124+0000] {logging_mixin.py:188} INFO - [2024-08-03T21:48:37.124+0000] {dag.py:3947} INFO - Setting next_dagrun for example_sensors to None, run_after=None
[2024-08-03T21:48:37.154+0000] {processor.py:183} INFO - Processing /home/airflow/.local/lib/python3.12/site-packages/airflow/example_dags/example_sensors.py took 0.118 seconds
[2024-08-03T21:49:07.763+0000] {processor.py:161} INFO - Started process (PID=4101) to work on /home/airflow/.local/lib/python3.12/site-packages/airflow/example_dags/example_sensors.py
[2024-08-03T21:49:07.765+0000] {processor.py:830} INFO - Processing file /home/airflow/.local/lib/python3.12/site-packages/airflow/example_dags/example_sensors.py for tasks to queue
[2024-08-03T21:49:07.771+0000] {logging_mixin.py:188} INFO - [2024-08-03T21:49:07.770+0000] {dagbag.py:545} INFO - Filling up the DagBag from /home/airflow/.local/lib/python3.12/site-packages/airflow/example_dags/example_sensors.py
[2024-08-03T21:49:07.812+0000] {processor.py:840} INFO - DAG(s) 'example_sensors' retrieved from /home/airflow/.local/lib/python3.12/site-packages/airflow/example_dags/example_sensors.py
[2024-08-03T21:49:07.922+0000] {logging_mixin.py:188} INFO - [2024-08-03T21:49:07.920+0000] {dag.py:3089} INFO - Sync 1 DAGs
[2024-08-03T21:49:07.979+0000] {logging_mixin.py:188} INFO - [2024-08-03T21:49:07.978+0000] {dag.py:3947} INFO - Setting next_dagrun for example_sensors to None, run_after=None
[2024-08-03T21:49:08.066+0000] {processor.py:183} INFO - Processing /home/airflow/.local/lib/python3.12/site-packages/airflow/example_dags/example_sensors.py took 0.327 seconds
[2024-08-03T21:49:38.136+0000] {processor.py:161} INFO - Started process (PID=4158) to work on /home/airflow/.local/lib/python3.12/site-packages/airflow/example_dags/example_sensors.py
[2024-08-03T21:49:38.138+0000] {processor.py:830} INFO - Processing file /home/airflow/.local/lib/python3.12/site-packages/airflow/example_dags/example_sensors.py for tasks to queue
[2024-08-03T21:49:38.140+0000] {logging_mixin.py:188} INFO - [2024-08-03T21:49:38.139+0000] {dagbag.py:545} INFO - Filling up the DagBag from /home/airflow/.local/lib/python3.12/site-packages/airflow/example_dags/example_sensors.py
[2024-08-03T21:49:38.150+0000] {processor.py:840} INFO - DAG(s) 'example_sensors' retrieved from /home/airflow/.local/lib/python3.12/site-packages/airflow/example_dags/example_sensors.py
[2024-08-03T21:49:38.179+0000] {logging_mixin.py:188} INFO - [2024-08-03T21:49:38.179+0000] {dag.py:3089} INFO - Sync 1 DAGs
[2024-08-03T21:49:38.195+0000] {logging_mixin.py:188} INFO - [2024-08-03T21:49:38.194+0000] {dag.py:3947} INFO - Setting next_dagrun for example_sensors to None, run_after=None
[2024-08-03T21:49:38.216+0000] {processor.py:183} INFO - Processing /home/airflow/.local/lib/python3.12/site-packages/airflow/example_dags/example_sensors.py took 0.086 seconds
[2024-08-03T21:50:08.907+0000] {processor.py:161} INFO - Started process (PID=4216) to work on /home/airflow/.local/lib/python3.12/site-packages/airflow/example_dags/example_sensors.py
[2024-08-03T21:50:08.910+0000] {processor.py:830} INFO - Processing file /home/airflow/.local/lib/python3.12/site-packages/airflow/example_dags/example_sensors.py for tasks to queue
[2024-08-03T21:50:08.916+0000] {logging_mixin.py:188} INFO - [2024-08-03T21:50:08.914+0000] {dagbag.py:545} INFO - Filling up the DagBag from /home/airflow/.local/lib/python3.12/site-packages/airflow/example_dags/example_sensors.py
[2024-08-03T21:50:08.949+0000] {processor.py:840} INFO - DAG(s) 'example_sensors' retrieved from /home/airflow/.local/lib/python3.12/site-packages/airflow/example_dags/example_sensors.py
[2024-08-03T21:50:09.073+0000] {logging_mixin.py:188} INFO - [2024-08-03T21:50:09.072+0000] {dag.py:3089} INFO - Sync 1 DAGs
[2024-08-03T21:50:09.126+0000] {logging_mixin.py:188} INFO - [2024-08-03T21:50:09.124+0000] {dag.py:3947} INFO - Setting next_dagrun for example_sensors to None, run_after=None
[2024-08-03T21:50:09.188+0000] {processor.py:183} INFO - Processing /home/airflow/.local/lib/python3.12/site-packages/airflow/example_dags/example_sensors.py took 0.308 seconds
[2024-08-03T21:50:39.701+0000] {processor.py:161} INFO - Started process (PID=4274) to work on /home/airflow/.local/lib/python3.12/site-packages/airflow/example_dags/example_sensors.py
[2024-08-03T21:50:39.704+0000] {processor.py:830} INFO - Processing file /home/airflow/.local/lib/python3.12/site-packages/airflow/example_dags/example_sensors.py for tasks to queue
[2024-08-03T21:50:39.710+0000] {logging_mixin.py:188} INFO - [2024-08-03T21:50:39.709+0000] {dagbag.py:545} INFO - Filling up the DagBag from /home/airflow/.local/lib/python3.12/site-packages/airflow/example_dags/example_sensors.py
[2024-08-03T21:50:39.741+0000] {processor.py:840} INFO - DAG(s) 'example_sensors' retrieved from /home/airflow/.local/lib/python3.12/site-packages/airflow/example_dags/example_sensors.py
[2024-08-03T21:50:39.837+0000] {logging_mixin.py:188} INFO - [2024-08-03T21:50:39.836+0000] {dag.py:3089} INFO - Sync 1 DAGs
[2024-08-03T21:50:39.883+0000] {logging_mixin.py:188} INFO - [2024-08-03T21:50:39.882+0000] {dag.py:3947} INFO - Setting next_dagrun for example_sensors to None, run_after=None
[2024-08-03T21:50:39.945+0000] {processor.py:183} INFO - Processing /home/airflow/.local/lib/python3.12/site-packages/airflow/example_dags/example_sensors.py took 0.265 seconds
[2024-08-03T21:51:10.536+0000] {processor.py:161} INFO - Started process (PID=4332) to work on /home/airflow/.local/lib/python3.12/site-packages/airflow/example_dags/example_sensors.py
[2024-08-03T21:51:10.537+0000] {processor.py:830} INFO - Processing file /home/airflow/.local/lib/python3.12/site-packages/airflow/example_dags/example_sensors.py for tasks to queue
[2024-08-03T21:51:10.539+0000] {logging_mixin.py:188} INFO - [2024-08-03T21:51:10.538+0000] {dagbag.py:545} INFO - Filling up the DagBag from /home/airflow/.local/lib/python3.12/site-packages/airflow/example_dags/example_sensors.py
[2024-08-03T21:51:10.549+0000] {processor.py:840} INFO - DAG(s) 'example_sensors' retrieved from /home/airflow/.local/lib/python3.12/site-packages/airflow/example_dags/example_sensors.py
[2024-08-03T21:51:10.577+0000] {logging_mixin.py:188} INFO - [2024-08-03T21:51:10.576+0000] {dag.py:3089} INFO - Sync 1 DAGs
[2024-08-03T21:51:10.591+0000] {logging_mixin.py:188} INFO - [2024-08-03T21:51:10.590+0000] {dag.py:3947} INFO - Setting next_dagrun for example_sensors to None, run_after=None
[2024-08-03T21:51:10.611+0000] {processor.py:183} INFO - Processing /home/airflow/.local/lib/python3.12/site-packages/airflow/example_dags/example_sensors.py took 0.082 seconds
[2024-08-03T21:51:41.305+0000] {processor.py:161} INFO - Started process (PID=4390) to work on /home/airflow/.local/lib/python3.12/site-packages/airflow/example_dags/example_sensors.py
[2024-08-03T21:51:41.307+0000] {processor.py:830} INFO - Processing file /home/airflow/.local/lib/python3.12/site-packages/airflow/example_dags/example_sensors.py for tasks to queue
[2024-08-03T21:51:41.313+0000] {logging_mixin.py:188} INFO - [2024-08-03T21:51:41.312+0000] {dagbag.py:545} INFO - Filling up the DagBag from /home/airflow/.local/lib/python3.12/site-packages/airflow/example_dags/example_sensors.py
[2024-08-03T21:51:41.344+0000] {processor.py:840} INFO - DAG(s) 'example_sensors' retrieved from /home/airflow/.local/lib/python3.12/site-packages/airflow/example_dags/example_sensors.py
[2024-08-03T21:51:41.423+0000] {logging_mixin.py:188} INFO - [2024-08-03T21:51:41.423+0000] {dag.py:3089} INFO - Sync 1 DAGs
[2024-08-03T21:51:41.439+0000] {logging_mixin.py:188} INFO - [2024-08-03T21:51:41.438+0000] {dag.py:3947} INFO - Setting next_dagrun for example_sensors to None, run_after=None
[2024-08-03T21:51:41.462+0000] {processor.py:183} INFO - Processing /home/airflow/.local/lib/python3.12/site-packages/airflow/example_dags/example_sensors.py took 0.177 seconds
[2024-08-03T21:52:12.210+0000] {processor.py:161} INFO - Started process (PID=4448) to work on /home/airflow/.local/lib/python3.12/site-packages/airflow/example_dags/example_sensors.py
[2024-08-03T21:52:12.212+0000] {processor.py:830} INFO - Processing file /home/airflow/.local/lib/python3.12/site-packages/airflow/example_dags/example_sensors.py for tasks to queue
[2024-08-03T21:52:12.217+0000] {logging_mixin.py:188} INFO - [2024-08-03T21:52:12.216+0000] {dagbag.py:545} INFO - Filling up the DagBag from /home/airflow/.local/lib/python3.12/site-packages/airflow/example_dags/example_sensors.py
[2024-08-03T21:52:12.249+0000] {processor.py:840} INFO - DAG(s) 'example_sensors' retrieved from /home/airflow/.local/lib/python3.12/site-packages/airflow/example_dags/example_sensors.py
[2024-08-03T21:52:12.341+0000] {logging_mixin.py:188} INFO - [2024-08-03T21:52:12.340+0000] {dag.py:3089} INFO - Sync 1 DAGs
[2024-08-03T21:52:12.387+0000] {logging_mixin.py:188} INFO - [2024-08-03T21:52:12.386+0000] {dag.py:3947} INFO - Setting next_dagrun for example_sensors to None, run_after=None
[2024-08-03T21:52:12.451+0000] {processor.py:183} INFO - Processing /home/airflow/.local/lib/python3.12/site-packages/airflow/example_dags/example_sensors.py took 0.262 seconds
[2024-08-03T21:52:42.570+0000] {processor.py:161} INFO - Started process (PID=4506) to work on /home/airflow/.local/lib/python3.12/site-packages/airflow/example_dags/example_sensors.py
[2024-08-03T21:52:42.572+0000] {processor.py:830} INFO - Processing file /home/airflow/.local/lib/python3.12/site-packages/airflow/example_dags/example_sensors.py for tasks to queue
[2024-08-03T21:52:42.575+0000] {logging_mixin.py:188} INFO - [2024-08-03T21:52:42.574+0000] {dagbag.py:545} INFO - Filling up the DagBag from /home/airflow/.local/lib/python3.12/site-packages/airflow/example_dags/example_sensors.py
[2024-08-03T21:52:42.594+0000] {processor.py:840} INFO - DAG(s) 'example_sensors' retrieved from /home/airflow/.local/lib/python3.12/site-packages/airflow/example_dags/example_sensors.py
[2024-08-03T21:52:42.646+0000] {logging_mixin.py:188} INFO - [2024-08-03T21:52:42.645+0000] {dag.py:3089} INFO - Sync 1 DAGs
[2024-08-03T21:52:42.671+0000] {logging_mixin.py:188} INFO - [2024-08-03T21:52:42.671+0000] {dag.py:3947} INFO - Setting next_dagrun for example_sensors to None, run_after=None
[2024-08-03T21:52:42.707+0000] {processor.py:183} INFO - Processing /home/airflow/.local/lib/python3.12/site-packages/airflow/example_dags/example_sensors.py took 0.152 seconds
