[2024-08-03T21:13:31.530+0000] {processor.py:161} INFO - Started process (PID=66) to work on /home/airflow/.local/lib/python3.12/site-packages/airflow/example_dags/example_complex.py
[2024-08-03T21:13:31.531+0000] {processor.py:830} INFO - Processing file /home/airflow/.local/lib/python3.12/site-packages/airflow/example_dags/example_complex.py for tasks to queue
[2024-08-03T21:13:31.534+0000] {logging_mixin.py:188} INFO - [2024-08-03T21:13:31.534+0000] {dagbag.py:545} INFO - Filling up the DagBag from /home/airflow/.local/lib/python3.12/site-packages/airflow/example_dags/example_complex.py
[2024-08-03T21:13:31.554+0000] {processor.py:840} INFO - DAG(s) 'example_complex' retrieved from /home/airflow/.local/lib/python3.12/site-packages/airflow/example_dags/example_complex.py
[2024-08-03T21:13:31.619+0000] {logging_mixin.py:188} INFO - [2024-08-03T21:13:31.619+0000] {dag.py:3089} INFO - Sync 1 DAGs
[2024-08-03T21:13:31.640+0000] {logging_mixin.py:188} INFO - [2024-08-03T21:13:31.640+0000] {dag.py:3947} INFO - Setting next_dagrun for example_complex to None, run_after=None
[2024-08-03T21:13:31.666+0000] {processor.py:183} INFO - Processing /home/airflow/.local/lib/python3.12/site-packages/airflow/example_dags/example_complex.py took 0.144 seconds
[2024-08-03T21:14:02.676+0000] {processor.py:161} INFO - Started process (PID=124) to work on /home/airflow/.local/lib/python3.12/site-packages/airflow/example_dags/example_complex.py
[2024-08-03T21:14:02.679+0000] {processor.py:830} INFO - Processing file /home/airflow/.local/lib/python3.12/site-packages/airflow/example_dags/example_complex.py for tasks to queue
[2024-08-03T21:14:02.684+0000] {logging_mixin.py:188} INFO - [2024-08-03T21:14:02.683+0000] {dagbag.py:545} INFO - Filling up the DagBag from /home/airflow/.local/lib/python3.12/site-packages/airflow/example_dags/example_complex.py
[2024-08-03T21:14:02.725+0000] {processor.py:840} INFO - DAG(s) 'example_complex' retrieved from /home/airflow/.local/lib/python3.12/site-packages/airflow/example_dags/example_complex.py
[2024-08-03T21:14:02.889+0000] {logging_mixin.py:188} INFO - [2024-08-03T21:14:02.888+0000] {dag.py:3089} INFO - Sync 1 DAGs
[2024-08-03T21:14:02.943+0000] {logging_mixin.py:188} INFO - [2024-08-03T21:14:02.942+0000] {dag.py:3947} INFO - Setting next_dagrun for example_complex to None, run_after=None
[2024-08-03T21:14:03.000+0000] {processor.py:183} INFO - Processing /home/airflow/.local/lib/python3.12/site-packages/airflow/example_dags/example_complex.py took 0.343 seconds
[2024-08-03T21:14:33.458+0000] {processor.py:161} INFO - Started process (PID=182) to work on /home/airflow/.local/lib/python3.12/site-packages/airflow/example_dags/example_complex.py
[2024-08-03T21:14:33.460+0000] {processor.py:830} INFO - Processing file /home/airflow/.local/lib/python3.12/site-packages/airflow/example_dags/example_complex.py for tasks to queue
[2024-08-03T21:14:33.462+0000] {logging_mixin.py:188} INFO - [2024-08-03T21:14:33.461+0000] {dagbag.py:545} INFO - Filling up the DagBag from /home/airflow/.local/lib/python3.12/site-packages/airflow/example_dags/example_complex.py
[2024-08-03T21:14:33.479+0000] {processor.py:840} INFO - DAG(s) 'example_complex' retrieved from /home/airflow/.local/lib/python3.12/site-packages/airflow/example_dags/example_complex.py
[2024-08-03T21:14:33.537+0000] {logging_mixin.py:188} INFO - [2024-08-03T21:14:33.537+0000] {dag.py:3089} INFO - Sync 1 DAGs
[2024-08-03T21:14:33.553+0000] {logging_mixin.py:188} INFO - [2024-08-03T21:14:33.553+0000] {dag.py:3947} INFO - Setting next_dagrun for example_complex to None, run_after=None
[2024-08-03T21:14:33.574+0000] {processor.py:183} INFO - Processing /home/airflow/.local/lib/python3.12/site-packages/airflow/example_dags/example_complex.py took 0.124 seconds
[2024-08-03T21:15:03.920+0000] {processor.py:161} INFO - Started process (PID=240) to work on /home/airflow/.local/lib/python3.12/site-packages/airflow/example_dags/example_complex.py
[2024-08-03T21:15:03.921+0000] {processor.py:830} INFO - Processing file /home/airflow/.local/lib/python3.12/site-packages/airflow/example_dags/example_complex.py for tasks to queue
[2024-08-03T21:15:03.923+0000] {logging_mixin.py:188} INFO - [2024-08-03T21:15:03.923+0000] {dagbag.py:545} INFO - Filling up the DagBag from /home/airflow/.local/lib/python3.12/site-packages/airflow/example_dags/example_complex.py
[2024-08-03T21:15:03.937+0000] {processor.py:840} INFO - DAG(s) 'example_complex' retrieved from /home/airflow/.local/lib/python3.12/site-packages/airflow/example_dags/example_complex.py
[2024-08-03T21:15:03.987+0000] {logging_mixin.py:188} INFO - [2024-08-03T21:15:03.987+0000] {dag.py:3089} INFO - Sync 1 DAGs
[2024-08-03T21:15:04.009+0000] {logging_mixin.py:188} INFO - [2024-08-03T21:15:04.009+0000] {dag.py:3947} INFO - Setting next_dagrun for example_complex to None, run_after=None
[2024-08-03T21:15:04.036+0000] {processor.py:183} INFO - Processing /home/airflow/.local/lib/python3.12/site-packages/airflow/example_dags/example_complex.py took 0.122 seconds
[2024-08-03T21:15:34.503+0000] {processor.py:161} INFO - Started process (PID=298) to work on /home/airflow/.local/lib/python3.12/site-packages/airflow/example_dags/example_complex.py
[2024-08-03T21:15:34.504+0000] {processor.py:830} INFO - Processing file /home/airflow/.local/lib/python3.12/site-packages/airflow/example_dags/example_complex.py for tasks to queue
[2024-08-03T21:15:34.506+0000] {logging_mixin.py:188} INFO - [2024-08-03T21:15:34.505+0000] {dagbag.py:545} INFO - Filling up the DagBag from /home/airflow/.local/lib/python3.12/site-packages/airflow/example_dags/example_complex.py
[2024-08-03T21:15:34.518+0000] {processor.py:840} INFO - DAG(s) 'example_complex' retrieved from /home/airflow/.local/lib/python3.12/site-packages/airflow/example_dags/example_complex.py
[2024-08-03T21:15:34.581+0000] {logging_mixin.py:188} INFO - [2024-08-03T21:15:34.581+0000] {dag.py:3089} INFO - Sync 1 DAGs
[2024-08-03T21:15:34.605+0000] {logging_mixin.py:188} INFO - [2024-08-03T21:15:34.605+0000] {dag.py:3947} INFO - Setting next_dagrun for example_complex to None, run_after=None
[2024-08-03T21:15:34.625+0000] {processor.py:183} INFO - Processing /home/airflow/.local/lib/python3.12/site-packages/airflow/example_dags/example_complex.py took 0.128 seconds
[2024-08-03T21:16:05.069+0000] {processor.py:161} INFO - Started process (PID=356) to work on /home/airflow/.local/lib/python3.12/site-packages/airflow/example_dags/example_complex.py
[2024-08-03T21:16:05.069+0000] {processor.py:830} INFO - Processing file /home/airflow/.local/lib/python3.12/site-packages/airflow/example_dags/example_complex.py for tasks to queue
[2024-08-03T21:16:05.071+0000] {logging_mixin.py:188} INFO - [2024-08-03T21:16:05.071+0000] {dagbag.py:545} INFO - Filling up the DagBag from /home/airflow/.local/lib/python3.12/site-packages/airflow/example_dags/example_complex.py
[2024-08-03T21:16:05.088+0000] {processor.py:840} INFO - DAG(s) 'example_complex' retrieved from /home/airflow/.local/lib/python3.12/site-packages/airflow/example_dags/example_complex.py
[2024-08-03T21:16:05.140+0000] {logging_mixin.py:188} INFO - [2024-08-03T21:16:05.139+0000] {dag.py:3089} INFO - Sync 1 DAGs
[2024-08-03T21:16:05.183+0000] {logging_mixin.py:188} INFO - [2024-08-03T21:16:05.182+0000] {dag.py:3947} INFO - Setting next_dagrun for example_complex to None, run_after=None
[2024-08-03T21:16:05.246+0000] {processor.py:183} INFO - Processing /home/airflow/.local/lib/python3.12/site-packages/airflow/example_dags/example_complex.py took 0.185 seconds
[2024-08-03T21:16:35.746+0000] {processor.py:161} INFO - Started process (PID=414) to work on /home/airflow/.local/lib/python3.12/site-packages/airflow/example_dags/example_complex.py
[2024-08-03T21:16:35.748+0000] {processor.py:830} INFO - Processing file /home/airflow/.local/lib/python3.12/site-packages/airflow/example_dags/example_complex.py for tasks to queue
[2024-08-03T21:16:35.753+0000] {logging_mixin.py:188} INFO - [2024-08-03T21:16:35.752+0000] {dagbag.py:545} INFO - Filling up the DagBag from /home/airflow/.local/lib/python3.12/site-packages/airflow/example_dags/example_complex.py
[2024-08-03T21:16:35.794+0000] {processor.py:840} INFO - DAG(s) 'example_complex' retrieved from /home/airflow/.local/lib/python3.12/site-packages/airflow/example_dags/example_complex.py
[2024-08-03T21:16:35.919+0000] {logging_mixin.py:188} INFO - [2024-08-03T21:16:35.918+0000] {dag.py:3089} INFO - Sync 1 DAGs
[2024-08-03T21:16:35.966+0000] {logging_mixin.py:188} INFO - [2024-08-03T21:16:35.965+0000] {dag.py:3947} INFO - Setting next_dagrun for example_complex to None, run_after=None
[2024-08-03T21:16:36.029+0000] {processor.py:183} INFO - Processing /home/airflow/.local/lib/python3.12/site-packages/airflow/example_dags/example_complex.py took 0.303 seconds
[2024-08-03T21:17:06.308+0000] {processor.py:161} INFO - Started process (PID=472) to work on /home/airflow/.local/lib/python3.12/site-packages/airflow/example_dags/example_complex.py
[2024-08-03T21:17:06.309+0000] {processor.py:830} INFO - Processing file /home/airflow/.local/lib/python3.12/site-packages/airflow/example_dags/example_complex.py for tasks to queue
[2024-08-03T21:17:06.311+0000] {logging_mixin.py:188} INFO - [2024-08-03T21:17:06.311+0000] {dagbag.py:545} INFO - Filling up the DagBag from /home/airflow/.local/lib/python3.12/site-packages/airflow/example_dags/example_complex.py
[2024-08-03T21:17:06.325+0000] {processor.py:840} INFO - DAG(s) 'example_complex' retrieved from /home/airflow/.local/lib/python3.12/site-packages/airflow/example_dags/example_complex.py
[2024-08-03T21:17:06.375+0000] {logging_mixin.py:188} INFO - [2024-08-03T21:17:06.375+0000] {dag.py:3089} INFO - Sync 1 DAGs
[2024-08-03T21:17:06.397+0000] {logging_mixin.py:188} INFO - [2024-08-03T21:17:06.396+0000] {dag.py:3947} INFO - Setting next_dagrun for example_complex to None, run_after=None
[2024-08-03T21:17:06.427+0000] {processor.py:183} INFO - Processing /home/airflow/.local/lib/python3.12/site-packages/airflow/example_dags/example_complex.py took 0.126 seconds
[2024-08-03T21:17:37.656+0000] {processor.py:161} INFO - Started process (PID=530) to work on /home/airflow/.local/lib/python3.12/site-packages/airflow/example_dags/example_complex.py
[2024-08-03T21:17:37.657+0000] {processor.py:830} INFO - Processing file /home/airflow/.local/lib/python3.12/site-packages/airflow/example_dags/example_complex.py for tasks to queue
[2024-08-03T21:17:37.659+0000] {logging_mixin.py:188} INFO - [2024-08-03T21:17:37.658+0000] {dagbag.py:545} INFO - Filling up the DagBag from /home/airflow/.local/lib/python3.12/site-packages/airflow/example_dags/example_complex.py
[2024-08-03T21:17:37.671+0000] {processor.py:840} INFO - DAG(s) 'example_complex' retrieved from /home/airflow/.local/lib/python3.12/site-packages/airflow/example_dags/example_complex.py
[2024-08-03T21:17:37.708+0000] {logging_mixin.py:188} INFO - [2024-08-03T21:17:37.708+0000] {dag.py:3089} INFO - Sync 1 DAGs
[2024-08-03T21:17:37.722+0000] {logging_mixin.py:188} INFO - [2024-08-03T21:17:37.722+0000] {dag.py:3947} INFO - Setting next_dagrun for example_complex to None, run_after=None
[2024-08-03T21:17:37.741+0000] {processor.py:183} INFO - Processing /home/airflow/.local/lib/python3.12/site-packages/airflow/example_dags/example_complex.py took 0.094 seconds
[2024-08-03T21:18:08.976+0000] {processor.py:161} INFO - Started process (PID=588) to work on /home/airflow/.local/lib/python3.12/site-packages/airflow/example_dags/example_complex.py
[2024-08-03T21:18:08.979+0000] {processor.py:830} INFO - Processing file /home/airflow/.local/lib/python3.12/site-packages/airflow/example_dags/example_complex.py for tasks to queue
[2024-08-03T21:18:08.985+0000] {logging_mixin.py:188} INFO - [2024-08-03T21:18:08.984+0000] {dagbag.py:545} INFO - Filling up the DagBag from /home/airflow/.local/lib/python3.12/site-packages/airflow/example_dags/example_complex.py
[2024-08-03T21:18:09.023+0000] {processor.py:840} INFO - DAG(s) 'example_complex' retrieved from /home/airflow/.local/lib/python3.12/site-packages/airflow/example_dags/example_complex.py
[2024-08-03T21:18:09.147+0000] {logging_mixin.py:188} INFO - [2024-08-03T21:18:09.146+0000] {dag.py:3089} INFO - Sync 1 DAGs
[2024-08-03T21:18:09.194+0000] {logging_mixin.py:188} INFO - [2024-08-03T21:18:09.193+0000] {dag.py:3947} INFO - Setting next_dagrun for example_complex to None, run_after=None
[2024-08-03T21:18:09.272+0000] {processor.py:183} INFO - Processing /home/airflow/.local/lib/python3.12/site-packages/airflow/example_dags/example_complex.py took 0.315 seconds
[2024-08-03T21:18:39.452+0000] {processor.py:161} INFO - Started process (PID=646) to work on /home/airflow/.local/lib/python3.12/site-packages/airflow/example_dags/example_complex.py
[2024-08-03T21:18:39.452+0000] {processor.py:830} INFO - Processing file /home/airflow/.local/lib/python3.12/site-packages/airflow/example_dags/example_complex.py for tasks to queue
[2024-08-03T21:18:39.454+0000] {logging_mixin.py:188} INFO - [2024-08-03T21:18:39.454+0000] {dagbag.py:545} INFO - Filling up the DagBag from /home/airflow/.local/lib/python3.12/site-packages/airflow/example_dags/example_complex.py
[2024-08-03T21:18:39.466+0000] {processor.py:840} INFO - DAG(s) 'example_complex' retrieved from /home/airflow/.local/lib/python3.12/site-packages/airflow/example_dags/example_complex.py
[2024-08-03T21:18:39.506+0000] {logging_mixin.py:188} INFO - [2024-08-03T21:18:39.506+0000] {dag.py:3089} INFO - Sync 1 DAGs
[2024-08-03T21:18:39.520+0000] {logging_mixin.py:188} INFO - [2024-08-03T21:18:39.520+0000] {dag.py:3947} INFO - Setting next_dagrun for example_complex to None, run_after=None
[2024-08-03T21:18:39.541+0000] {processor.py:183} INFO - Processing /home/airflow/.local/lib/python3.12/site-packages/airflow/example_dags/example_complex.py took 0.095 seconds
[2024-08-03T21:19:10.325+0000] {processor.py:161} INFO - Started process (PID=705) to work on /home/airflow/.local/lib/python3.12/site-packages/airflow/example_dags/example_complex.py
[2024-08-03T21:19:10.326+0000] {processor.py:830} INFO - Processing file /home/airflow/.local/lib/python3.12/site-packages/airflow/example_dags/example_complex.py for tasks to queue
[2024-08-03T21:19:10.328+0000] {logging_mixin.py:188} INFO - [2024-08-03T21:19:10.328+0000] {dagbag.py:545} INFO - Filling up the DagBag from /home/airflow/.local/lib/python3.12/site-packages/airflow/example_dags/example_complex.py
[2024-08-03T21:19:10.348+0000] {processor.py:840} INFO - DAG(s) 'example_complex' retrieved from /home/airflow/.local/lib/python3.12/site-packages/airflow/example_dags/example_complex.py
[2024-08-03T21:19:10.431+0000] {logging_mixin.py:188} INFO - [2024-08-03T21:19:10.431+0000] {dag.py:3089} INFO - Sync 1 DAGs
[2024-08-03T21:19:10.475+0000] {logging_mixin.py:188} INFO - [2024-08-03T21:19:10.474+0000] {dag.py:3947} INFO - Setting next_dagrun for example_complex to None, run_after=None
[2024-08-03T21:19:10.511+0000] {processor.py:183} INFO - Processing /home/airflow/.local/lib/python3.12/site-packages/airflow/example_dags/example_complex.py took 0.193 seconds
[2024-08-03T21:19:41.246+0000] {processor.py:161} INFO - Started process (PID=763) to work on /home/airflow/.local/lib/python3.12/site-packages/airflow/example_dags/example_complex.py
[2024-08-03T21:19:41.247+0000] {processor.py:830} INFO - Processing file /home/airflow/.local/lib/python3.12/site-packages/airflow/example_dags/example_complex.py for tasks to queue
[2024-08-03T21:19:41.250+0000] {logging_mixin.py:188} INFO - [2024-08-03T21:19:41.249+0000] {dagbag.py:545} INFO - Filling up the DagBag from /home/airflow/.local/lib/python3.12/site-packages/airflow/example_dags/example_complex.py
[2024-08-03T21:19:41.270+0000] {processor.py:840} INFO - DAG(s) 'example_complex' retrieved from /home/airflow/.local/lib/python3.12/site-packages/airflow/example_dags/example_complex.py
[2024-08-03T21:19:41.369+0000] {logging_mixin.py:188} INFO - [2024-08-03T21:19:41.368+0000] {dag.py:3089} INFO - Sync 1 DAGs
[2024-08-03T21:19:41.416+0000] {logging_mixin.py:188} INFO - [2024-08-03T21:19:41.415+0000] {dag.py:3947} INFO - Setting next_dagrun for example_complex to None, run_after=None
[2024-08-03T21:19:41.476+0000] {processor.py:183} INFO - Processing /home/airflow/.local/lib/python3.12/site-packages/airflow/example_dags/example_complex.py took 0.240 seconds
[2024-08-03T21:20:12.003+0000] {processor.py:161} INFO - Started process (PID=821) to work on /home/airflow/.local/lib/python3.12/site-packages/airflow/example_dags/example_complex.py
[2024-08-03T21:20:12.004+0000] {processor.py:830} INFO - Processing file /home/airflow/.local/lib/python3.12/site-packages/airflow/example_dags/example_complex.py for tasks to queue
[2024-08-03T21:20:12.007+0000] {logging_mixin.py:188} INFO - [2024-08-03T21:20:12.006+0000] {dagbag.py:545} INFO - Filling up the DagBag from /home/airflow/.local/lib/python3.12/site-packages/airflow/example_dags/example_complex.py
[2024-08-03T21:20:12.042+0000] {processor.py:840} INFO - DAG(s) 'example_complex' retrieved from /home/airflow/.local/lib/python3.12/site-packages/airflow/example_dags/example_complex.py
[2024-08-03T21:20:12.157+0000] {logging_mixin.py:188} INFO - [2024-08-03T21:20:12.156+0000] {dag.py:3089} INFO - Sync 1 DAGs
[2024-08-03T21:20:12.206+0000] {logging_mixin.py:188} INFO - [2024-08-03T21:20:12.206+0000] {dag.py:3947} INFO - Setting next_dagrun for example_complex to None, run_after=None
[2024-08-03T21:20:12.281+0000] {processor.py:183} INFO - Processing /home/airflow/.local/lib/python3.12/site-packages/airflow/example_dags/example_complex.py took 0.289 seconds
[2024-08-03T21:20:42.375+0000] {processor.py:161} INFO - Started process (PID=878) to work on /home/airflow/.local/lib/python3.12/site-packages/airflow/example_dags/example_complex.py
[2024-08-03T21:20:42.377+0000] {processor.py:830} INFO - Processing file /home/airflow/.local/lib/python3.12/site-packages/airflow/example_dags/example_complex.py for tasks to queue
[2024-08-03T21:20:42.384+0000] {logging_mixin.py:188} INFO - [2024-08-03T21:20:42.383+0000] {dagbag.py:545} INFO - Filling up the DagBag from /home/airflow/.local/lib/python3.12/site-packages/airflow/example_dags/example_complex.py
[2024-08-03T21:20:42.435+0000] {processor.py:840} INFO - DAG(s) 'example_complex' retrieved from /home/airflow/.local/lib/python3.12/site-packages/airflow/example_dags/example_complex.py
[2024-08-03T21:20:42.589+0000] {logging_mixin.py:188} INFO - [2024-08-03T21:20:42.588+0000] {dag.py:3089} INFO - Sync 1 DAGs
[2024-08-03T21:20:42.638+0000] {logging_mixin.py:188} INFO - [2024-08-03T21:20:42.637+0000] {dag.py:3947} INFO - Setting next_dagrun for example_complex to None, run_after=None
[2024-08-03T21:20:42.701+0000] {processor.py:183} INFO - Processing /home/airflow/.local/lib/python3.12/site-packages/airflow/example_dags/example_complex.py took 0.346 seconds
[2024-08-03T21:21:13.367+0000] {processor.py:161} INFO - Started process (PID=937) to work on /home/airflow/.local/lib/python3.12/site-packages/airflow/example_dags/example_complex.py
[2024-08-03T21:21:13.369+0000] {processor.py:830} INFO - Processing file /home/airflow/.local/lib/python3.12/site-packages/airflow/example_dags/example_complex.py for tasks to queue
[2024-08-03T21:21:13.375+0000] {logging_mixin.py:188} INFO - [2024-08-03T21:21:13.374+0000] {dagbag.py:545} INFO - Filling up the DagBag from /home/airflow/.local/lib/python3.12/site-packages/airflow/example_dags/example_complex.py
[2024-08-03T21:21:13.407+0000] {processor.py:840} INFO - DAG(s) 'example_complex' retrieved from /home/airflow/.local/lib/python3.12/site-packages/airflow/example_dags/example_complex.py
[2024-08-03T21:21:13.486+0000] {logging_mixin.py:188} INFO - [2024-08-03T21:21:13.485+0000] {dag.py:3089} INFO - Sync 1 DAGs
[2024-08-03T21:21:13.513+0000] {logging_mixin.py:188} INFO - [2024-08-03T21:21:13.513+0000] {dag.py:3947} INFO - Setting next_dagrun for example_complex to None, run_after=None
[2024-08-03T21:21:13.560+0000] {processor.py:183} INFO - Processing /home/airflow/.local/lib/python3.12/site-packages/airflow/example_dags/example_complex.py took 0.215 seconds
[2024-08-03T21:21:43.946+0000] {processor.py:161} INFO - Started process (PID=995) to work on /home/airflow/.local/lib/python3.12/site-packages/airflow/example_dags/example_complex.py
[2024-08-03T21:21:43.949+0000] {processor.py:830} INFO - Processing file /home/airflow/.local/lib/python3.12/site-packages/airflow/example_dags/example_complex.py for tasks to queue
[2024-08-03T21:21:43.955+0000] {logging_mixin.py:188} INFO - [2024-08-03T21:21:43.954+0000] {dagbag.py:545} INFO - Filling up the DagBag from /home/airflow/.local/lib/python3.12/site-packages/airflow/example_dags/example_complex.py
[2024-08-03T21:21:44.015+0000] {processor.py:840} INFO - DAG(s) 'example_complex' retrieved from /home/airflow/.local/lib/python3.12/site-packages/airflow/example_dags/example_complex.py
[2024-08-03T21:21:44.211+0000] {logging_mixin.py:188} INFO - [2024-08-03T21:21:44.210+0000] {dag.py:3089} INFO - Sync 1 DAGs
[2024-08-03T21:21:44.266+0000] {logging_mixin.py:188} INFO - [2024-08-03T21:21:44.266+0000] {dag.py:3947} INFO - Setting next_dagrun for example_complex to None, run_after=None
[2024-08-03T21:21:44.318+0000] {processor.py:183} INFO - Processing /home/airflow/.local/lib/python3.12/site-packages/airflow/example_dags/example_complex.py took 0.403 seconds
[2024-08-03T21:22:15.203+0000] {processor.py:161} INFO - Started process (PID=1054) to work on /home/airflow/.local/lib/python3.12/site-packages/airflow/example_dags/example_complex.py
[2024-08-03T21:22:15.205+0000] {processor.py:830} INFO - Processing file /home/airflow/.local/lib/python3.12/site-packages/airflow/example_dags/example_complex.py for tasks to queue
[2024-08-03T21:22:15.213+0000] {logging_mixin.py:188} INFO - [2024-08-03T21:22:15.211+0000] {dagbag.py:545} INFO - Filling up the DagBag from /home/airflow/.local/lib/python3.12/site-packages/airflow/example_dags/example_complex.py
[2024-08-03T21:22:15.265+0000] {processor.py:840} INFO - DAG(s) 'example_complex' retrieved from /home/airflow/.local/lib/python3.12/site-packages/airflow/example_dags/example_complex.py
[2024-08-03T21:22:15.383+0000] {logging_mixin.py:188} INFO - [2024-08-03T21:22:15.382+0000] {dag.py:3089} INFO - Sync 1 DAGs
[2024-08-03T21:22:15.463+0000] {logging_mixin.py:188} INFO - [2024-08-03T21:22:15.462+0000] {dag.py:3947} INFO - Setting next_dagrun for example_complex to None, run_after=None
[2024-08-03T21:22:15.561+0000] {processor.py:183} INFO - Processing /home/airflow/.local/lib/python3.12/site-packages/airflow/example_dags/example_complex.py took 0.389 seconds
[2024-08-03T21:22:46.247+0000] {processor.py:161} INFO - Started process (PID=1112) to work on /home/airflow/.local/lib/python3.12/site-packages/airflow/example_dags/example_complex.py
[2024-08-03T21:22:46.250+0000] {processor.py:830} INFO - Processing file /home/airflow/.local/lib/python3.12/site-packages/airflow/example_dags/example_complex.py for tasks to queue
[2024-08-03T21:22:46.257+0000] {logging_mixin.py:188} INFO - [2024-08-03T21:22:46.256+0000] {dagbag.py:545} INFO - Filling up the DagBag from /home/airflow/.local/lib/python3.12/site-packages/airflow/example_dags/example_complex.py
[2024-08-03T21:22:46.280+0000] {processor.py:840} INFO - DAG(s) 'example_complex' retrieved from /home/airflow/.local/lib/python3.12/site-packages/airflow/example_dags/example_complex.py
[2024-08-03T21:22:46.378+0000] {logging_mixin.py:188} INFO - [2024-08-03T21:22:46.377+0000] {dag.py:3089} INFO - Sync 1 DAGs
[2024-08-03T21:22:46.406+0000] {logging_mixin.py:188} INFO - [2024-08-03T21:22:46.405+0000] {dag.py:3947} INFO - Setting next_dagrun for example_complex to None, run_after=None
[2024-08-03T21:22:46.466+0000] {processor.py:183} INFO - Processing /home/airflow/.local/lib/python3.12/site-packages/airflow/example_dags/example_complex.py took 0.245 seconds
[2024-08-03T21:23:16.738+0000] {processor.py:161} INFO - Started process (PID=1170) to work on /home/airflow/.local/lib/python3.12/site-packages/airflow/example_dags/example_complex.py
[2024-08-03T21:23:16.740+0000] {processor.py:830} INFO - Processing file /home/airflow/.local/lib/python3.12/site-packages/airflow/example_dags/example_complex.py for tasks to queue
[2024-08-03T21:23:16.746+0000] {logging_mixin.py:188} INFO - [2024-08-03T21:23:16.745+0000] {dagbag.py:545} INFO - Filling up the DagBag from /home/airflow/.local/lib/python3.12/site-packages/airflow/example_dags/example_complex.py
[2024-08-03T21:23:16.804+0000] {processor.py:840} INFO - DAG(s) 'example_complex' retrieved from /home/airflow/.local/lib/python3.12/site-packages/airflow/example_dags/example_complex.py
[2024-08-03T21:23:16.966+0000] {logging_mixin.py:188} INFO - [2024-08-03T21:23:16.964+0000] {dag.py:3089} INFO - Sync 1 DAGs
[2024-08-03T21:23:17.030+0000] {logging_mixin.py:188} INFO - [2024-08-03T21:23:17.029+0000] {dag.py:3947} INFO - Setting next_dagrun for example_complex to None, run_after=None
[2024-08-03T21:23:17.116+0000] {processor.py:183} INFO - Processing /home/airflow/.local/lib/python3.12/site-packages/airflow/example_dags/example_complex.py took 0.402 seconds
[2024-08-03T21:23:47.729+0000] {processor.py:161} INFO - Started process (PID=1228) to work on /home/airflow/.local/lib/python3.12/site-packages/airflow/example_dags/example_complex.py
[2024-08-03T21:23:47.733+0000] {processor.py:830} INFO - Processing file /home/airflow/.local/lib/python3.12/site-packages/airflow/example_dags/example_complex.py for tasks to queue
[2024-08-03T21:23:47.744+0000] {logging_mixin.py:188} INFO - [2024-08-03T21:23:47.742+0000] {dagbag.py:545} INFO - Filling up the DagBag from /home/airflow/.local/lib/python3.12/site-packages/airflow/example_dags/example_complex.py
[2024-08-03T21:23:47.816+0000] {processor.py:840} INFO - DAG(s) 'example_complex' retrieved from /home/airflow/.local/lib/python3.12/site-packages/airflow/example_dags/example_complex.py
[2024-08-03T21:23:47.987+0000] {logging_mixin.py:188} INFO - [2024-08-03T21:23:47.986+0000] {dag.py:3089} INFO - Sync 1 DAGs
[2024-08-03T21:23:48.058+0000] {logging_mixin.py:188} INFO - [2024-08-03T21:23:48.057+0000] {dag.py:3947} INFO - Setting next_dagrun for example_complex to None, run_after=None
[2024-08-03T21:23:48.157+0000] {processor.py:183} INFO - Processing /home/airflow/.local/lib/python3.12/site-packages/airflow/example_dags/example_complex.py took 0.461 seconds
[2024-08-03T21:24:18.443+0000] {processor.py:161} INFO - Started process (PID=1286) to work on /home/airflow/.local/lib/python3.12/site-packages/airflow/example_dags/example_complex.py
[2024-08-03T21:24:18.445+0000] {processor.py:830} INFO - Processing file /home/airflow/.local/lib/python3.12/site-packages/airflow/example_dags/example_complex.py for tasks to queue
[2024-08-03T21:24:18.451+0000] {logging_mixin.py:188} INFO - [2024-08-03T21:24:18.450+0000] {dagbag.py:545} INFO - Filling up the DagBag from /home/airflow/.local/lib/python3.12/site-packages/airflow/example_dags/example_complex.py
[2024-08-03T21:24:18.500+0000] {processor.py:840} INFO - DAG(s) 'example_complex' retrieved from /home/airflow/.local/lib/python3.12/site-packages/airflow/example_dags/example_complex.py
[2024-08-03T21:24:18.662+0000] {logging_mixin.py:188} INFO - [2024-08-03T21:24:18.661+0000] {dag.py:3089} INFO - Sync 1 DAGs
[2024-08-03T21:24:18.734+0000] {logging_mixin.py:188} INFO - [2024-08-03T21:24:18.733+0000] {dag.py:3947} INFO - Setting next_dagrun for example_complex to None, run_after=None
[2024-08-03T21:24:18.800+0000] {processor.py:183} INFO - Processing /home/airflow/.local/lib/python3.12/site-packages/airflow/example_dags/example_complex.py took 0.380 seconds
[2024-08-03T21:24:49.177+0000] {processor.py:161} INFO - Started process (PID=1344) to work on /home/airflow/.local/lib/python3.12/site-packages/airflow/example_dags/example_complex.py
[2024-08-03T21:24:49.180+0000] {processor.py:830} INFO - Processing file /home/airflow/.local/lib/python3.12/site-packages/airflow/example_dags/example_complex.py for tasks to queue
[2024-08-03T21:24:49.187+0000] {logging_mixin.py:188} INFO - [2024-08-03T21:24:49.186+0000] {dagbag.py:545} INFO - Filling up the DagBag from /home/airflow/.local/lib/python3.12/site-packages/airflow/example_dags/example_complex.py
[2024-08-03T21:24:49.246+0000] {processor.py:840} INFO - DAG(s) 'example_complex' retrieved from /home/airflow/.local/lib/python3.12/site-packages/airflow/example_dags/example_complex.py
[2024-08-03T21:24:49.415+0000] {logging_mixin.py:188} INFO - [2024-08-03T21:24:49.413+0000] {dag.py:3089} INFO - Sync 1 DAGs
[2024-08-03T21:24:49.490+0000] {logging_mixin.py:188} INFO - [2024-08-03T21:24:49.488+0000] {dag.py:3947} INFO - Setting next_dagrun for example_complex to None, run_after=None
[2024-08-03T21:24:49.586+0000] {processor.py:183} INFO - Processing /home/airflow/.local/lib/python3.12/site-packages/airflow/example_dags/example_complex.py took 0.434 seconds
[2024-08-03T21:25:20.008+0000] {processor.py:161} INFO - Started process (PID=1403) to work on /home/airflow/.local/lib/python3.12/site-packages/airflow/example_dags/example_complex.py
[2024-08-03T21:25:20.009+0000] {processor.py:830} INFO - Processing file /home/airflow/.local/lib/python3.12/site-packages/airflow/example_dags/example_complex.py for tasks to queue
[2024-08-03T21:25:20.012+0000] {logging_mixin.py:188} INFO - [2024-08-03T21:25:20.012+0000] {dagbag.py:545} INFO - Filling up the DagBag from /home/airflow/.local/lib/python3.12/site-packages/airflow/example_dags/example_complex.py
[2024-08-03T21:25:20.033+0000] {processor.py:840} INFO - DAG(s) 'example_complex' retrieved from /home/airflow/.local/lib/python3.12/site-packages/airflow/example_dags/example_complex.py
[2024-08-03T21:25:20.096+0000] {logging_mixin.py:188} INFO - [2024-08-03T21:25:20.095+0000] {dag.py:3089} INFO - Sync 1 DAGs
[2024-08-03T21:25:20.132+0000] {logging_mixin.py:188} INFO - [2024-08-03T21:25:20.131+0000] {dag.py:3947} INFO - Setting next_dagrun for example_complex to None, run_after=None
[2024-08-03T21:25:20.180+0000] {processor.py:183} INFO - Processing /home/airflow/.local/lib/python3.12/site-packages/airflow/example_dags/example_complex.py took 0.182 seconds
[2024-08-03T21:25:50.831+0000] {processor.py:161} INFO - Started process (PID=1461) to work on /home/airflow/.local/lib/python3.12/site-packages/airflow/example_dags/example_complex.py
[2024-08-03T21:25:50.834+0000] {processor.py:830} INFO - Processing file /home/airflow/.local/lib/python3.12/site-packages/airflow/example_dags/example_complex.py for tasks to queue
[2024-08-03T21:25:50.839+0000] {logging_mixin.py:188} INFO - [2024-08-03T21:25:50.838+0000] {dagbag.py:545} INFO - Filling up the DagBag from /home/airflow/.local/lib/python3.12/site-packages/airflow/example_dags/example_complex.py
[2024-08-03T21:25:50.884+0000] {processor.py:840} INFO - DAG(s) 'example_complex' retrieved from /home/airflow/.local/lib/python3.12/site-packages/airflow/example_dags/example_complex.py
[2024-08-03T21:25:51.035+0000] {logging_mixin.py:188} INFO - [2024-08-03T21:25:51.034+0000] {dag.py:3089} INFO - Sync 1 DAGs
[2024-08-03T21:25:51.091+0000] {logging_mixin.py:188} INFO - [2024-08-03T21:25:51.090+0000] {dag.py:3947} INFO - Setting next_dagrun for example_complex to None, run_after=None
[2024-08-03T21:25:51.167+0000] {processor.py:183} INFO - Processing /home/airflow/.local/lib/python3.12/site-packages/airflow/example_dags/example_complex.py took 0.358 seconds
[2024-08-03T21:26:21.690+0000] {processor.py:161} INFO - Started process (PID=1519) to work on /home/airflow/.local/lib/python3.12/site-packages/airflow/example_dags/example_complex.py
[2024-08-03T21:26:21.694+0000] {processor.py:830} INFO - Processing file /home/airflow/.local/lib/python3.12/site-packages/airflow/example_dags/example_complex.py for tasks to queue
[2024-08-03T21:26:21.702+0000] {logging_mixin.py:188} INFO - [2024-08-03T21:26:21.701+0000] {dagbag.py:545} INFO - Filling up the DagBag from /home/airflow/.local/lib/python3.12/site-packages/airflow/example_dags/example_complex.py
[2024-08-03T21:26:21.754+0000] {processor.py:840} INFO - DAG(s) 'example_complex' retrieved from /home/airflow/.local/lib/python3.12/site-packages/airflow/example_dags/example_complex.py
[2024-08-03T21:26:21.896+0000] {logging_mixin.py:188} INFO - [2024-08-03T21:26:21.895+0000] {dag.py:3089} INFO - Sync 1 DAGs
[2024-08-03T21:26:21.958+0000] {logging_mixin.py:188} INFO - [2024-08-03T21:26:21.956+0000] {dag.py:3947} INFO - Setting next_dagrun for example_complex to None, run_after=None
[2024-08-03T21:26:22.030+0000] {processor.py:183} INFO - Processing /home/airflow/.local/lib/python3.12/site-packages/airflow/example_dags/example_complex.py took 0.364 seconds
[2024-08-03T21:26:52.311+0000] {processor.py:161} INFO - Started process (PID=1577) to work on /home/airflow/.local/lib/python3.12/site-packages/airflow/example_dags/example_complex.py
[2024-08-03T21:26:52.315+0000] {processor.py:830} INFO - Processing file /home/airflow/.local/lib/python3.12/site-packages/airflow/example_dags/example_complex.py for tasks to queue
[2024-08-03T21:26:52.322+0000] {logging_mixin.py:188} INFO - [2024-08-03T21:26:52.320+0000] {dagbag.py:545} INFO - Filling up the DagBag from /home/airflow/.local/lib/python3.12/site-packages/airflow/example_dags/example_complex.py
[2024-08-03T21:26:52.373+0000] {processor.py:840} INFO - DAG(s) 'example_complex' retrieved from /home/airflow/.local/lib/python3.12/site-packages/airflow/example_dags/example_complex.py
[2024-08-03T21:26:52.532+0000] {logging_mixin.py:188} INFO - [2024-08-03T21:26:52.531+0000] {dag.py:3089} INFO - Sync 1 DAGs
[2024-08-03T21:26:52.602+0000] {logging_mixin.py:188} INFO - [2024-08-03T21:26:52.601+0000] {dag.py:3947} INFO - Setting next_dagrun for example_complex to None, run_after=None
[2024-08-03T21:26:52.678+0000] {processor.py:183} INFO - Processing /home/airflow/.local/lib/python3.12/site-packages/airflow/example_dags/example_complex.py took 0.396 seconds
[2024-08-03T21:27:22.925+0000] {processor.py:161} INFO - Started process (PID=1635) to work on /home/airflow/.local/lib/python3.12/site-packages/airflow/example_dags/example_complex.py
[2024-08-03T21:27:22.925+0000] {processor.py:830} INFO - Processing file /home/airflow/.local/lib/python3.12/site-packages/airflow/example_dags/example_complex.py for tasks to queue
[2024-08-03T21:27:22.927+0000] {logging_mixin.py:188} INFO - [2024-08-03T21:27:22.927+0000] {dagbag.py:545} INFO - Filling up the DagBag from /home/airflow/.local/lib/python3.12/site-packages/airflow/example_dags/example_complex.py
[2024-08-03T21:27:22.947+0000] {processor.py:840} INFO - DAG(s) 'example_complex' retrieved from /home/airflow/.local/lib/python3.12/site-packages/airflow/example_dags/example_complex.py
[2024-08-03T21:27:22.990+0000] {logging_mixin.py:188} INFO - [2024-08-03T21:27:22.990+0000] {dag.py:3089} INFO - Sync 1 DAGs
[2024-08-03T21:27:23.009+0000] {logging_mixin.py:188} INFO - [2024-08-03T21:27:23.008+0000] {dag.py:3947} INFO - Setting next_dagrun for example_complex to None, run_after=None
[2024-08-03T21:27:23.033+0000] {processor.py:183} INFO - Processing /home/airflow/.local/lib/python3.12/site-packages/airflow/example_dags/example_complex.py took 0.115 seconds
[2024-08-03T21:27:53.612+0000] {processor.py:161} INFO - Started process (PID=1693) to work on /home/airflow/.local/lib/python3.12/site-packages/airflow/example_dags/example_complex.py
[2024-08-03T21:27:53.614+0000] {processor.py:830} INFO - Processing file /home/airflow/.local/lib/python3.12/site-packages/airflow/example_dags/example_complex.py for tasks to queue
[2024-08-03T21:27:53.617+0000] {logging_mixin.py:188} INFO - [2024-08-03T21:27:53.617+0000] {dagbag.py:545} INFO - Filling up the DagBag from /home/airflow/.local/lib/python3.12/site-packages/airflow/example_dags/example_complex.py
[2024-08-03T21:27:53.637+0000] {processor.py:840} INFO - DAG(s) 'example_complex' retrieved from /home/airflow/.local/lib/python3.12/site-packages/airflow/example_dags/example_complex.py
[2024-08-03T21:27:53.683+0000] {logging_mixin.py:188} INFO - [2024-08-03T21:27:53.683+0000] {dag.py:3089} INFO - Sync 1 DAGs
[2024-08-03T21:27:53.697+0000] {logging_mixin.py:188} INFO - [2024-08-03T21:27:53.697+0000] {dag.py:3947} INFO - Setting next_dagrun for example_complex to None, run_after=None
[2024-08-03T21:27:53.717+0000] {processor.py:183} INFO - Processing /home/airflow/.local/lib/python3.12/site-packages/airflow/example_dags/example_complex.py took 0.122 seconds
[2024-08-03T21:28:24.565+0000] {processor.py:161} INFO - Started process (PID=1752) to work on /home/airflow/.local/lib/python3.12/site-packages/airflow/example_dags/example_complex.py
[2024-08-03T21:28:24.567+0000] {processor.py:830} INFO - Processing file /home/airflow/.local/lib/python3.12/site-packages/airflow/example_dags/example_complex.py for tasks to queue
[2024-08-03T21:28:24.570+0000] {logging_mixin.py:188} INFO - [2024-08-03T21:28:24.570+0000] {dagbag.py:545} INFO - Filling up the DagBag from /home/airflow/.local/lib/python3.12/site-packages/airflow/example_dags/example_complex.py
[2024-08-03T21:28:24.608+0000] {processor.py:840} INFO - DAG(s) 'example_complex' retrieved from /home/airflow/.local/lib/python3.12/site-packages/airflow/example_dags/example_complex.py
[2024-08-03T21:28:24.738+0000] {logging_mixin.py:188} INFO - [2024-08-03T21:28:24.737+0000] {dag.py:3089} INFO - Sync 1 DAGs
[2024-08-03T21:28:24.797+0000] {logging_mixin.py:188} INFO - [2024-08-03T21:28:24.796+0000] {dag.py:3947} INFO - Setting next_dagrun for example_complex to None, run_after=None
[2024-08-03T21:28:24.865+0000] {processor.py:183} INFO - Processing /home/airflow/.local/lib/python3.12/site-packages/airflow/example_dags/example_complex.py took 0.311 seconds
[2024-08-03T21:28:55.634+0000] {processor.py:161} INFO - Started process (PID=1810) to work on /home/airflow/.local/lib/python3.12/site-packages/airflow/example_dags/example_complex.py
[2024-08-03T21:28:55.635+0000] {processor.py:830} INFO - Processing file /home/airflow/.local/lib/python3.12/site-packages/airflow/example_dags/example_complex.py for tasks to queue
[2024-08-03T21:28:55.639+0000] {logging_mixin.py:188} INFO - [2024-08-03T21:28:55.638+0000] {dagbag.py:545} INFO - Filling up the DagBag from /home/airflow/.local/lib/python3.12/site-packages/airflow/example_dags/example_complex.py
[2024-08-03T21:28:55.687+0000] {processor.py:840} INFO - DAG(s) 'example_complex' retrieved from /home/airflow/.local/lib/python3.12/site-packages/airflow/example_dags/example_complex.py
[2024-08-03T21:28:55.819+0000] {logging_mixin.py:188} INFO - [2024-08-03T21:28:55.818+0000] {dag.py:3089} INFO - Sync 1 DAGs
[2024-08-03T21:28:55.877+0000] {logging_mixin.py:188} INFO - [2024-08-03T21:28:55.876+0000] {dag.py:3947} INFO - Setting next_dagrun for example_complex to None, run_after=None
[2024-08-03T21:28:55.944+0000] {processor.py:183} INFO - Processing /home/airflow/.local/lib/python3.12/site-packages/airflow/example_dags/example_complex.py took 0.322 seconds
[2024-08-03T21:29:26.567+0000] {processor.py:161} INFO - Started process (PID=1866) to work on /home/airflow/.local/lib/python3.12/site-packages/airflow/example_dags/example_complex.py
[2024-08-03T21:29:26.568+0000] {processor.py:830} INFO - Processing file /home/airflow/.local/lib/python3.12/site-packages/airflow/example_dags/example_complex.py for tasks to queue
[2024-08-03T21:29:26.570+0000] {logging_mixin.py:188} INFO - [2024-08-03T21:29:26.569+0000] {dagbag.py:545} INFO - Filling up the DagBag from /home/airflow/.local/lib/python3.12/site-packages/airflow/example_dags/example_complex.py
[2024-08-03T21:29:26.582+0000] {processor.py:840} INFO - DAG(s) 'example_complex' retrieved from /home/airflow/.local/lib/python3.12/site-packages/airflow/example_dags/example_complex.py
[2024-08-03T21:29:26.617+0000] {logging_mixin.py:188} INFO - [2024-08-03T21:29:26.617+0000] {dag.py:3089} INFO - Sync 1 DAGs
[2024-08-03T21:29:26.630+0000] {logging_mixin.py:188} INFO - [2024-08-03T21:29:26.630+0000] {dag.py:3947} INFO - Setting next_dagrun for example_complex to None, run_after=None
[2024-08-03T21:29:26.649+0000] {processor.py:183} INFO - Processing /home/airflow/.local/lib/python3.12/site-packages/airflow/example_dags/example_complex.py took 0.088 seconds
[2024-08-03T21:29:57.411+0000] {processor.py:161} INFO - Started process (PID=1924) to work on /home/airflow/.local/lib/python3.12/site-packages/airflow/example_dags/example_complex.py
[2024-08-03T21:29:57.413+0000] {processor.py:830} INFO - Processing file /home/airflow/.local/lib/python3.12/site-packages/airflow/example_dags/example_complex.py for tasks to queue
[2024-08-03T21:29:57.419+0000] {logging_mixin.py:188} INFO - [2024-08-03T21:29:57.418+0000] {dagbag.py:545} INFO - Filling up the DagBag from /home/airflow/.local/lib/python3.12/site-packages/airflow/example_dags/example_complex.py
[2024-08-03T21:29:57.459+0000] {processor.py:840} INFO - DAG(s) 'example_complex' retrieved from /home/airflow/.local/lib/python3.12/site-packages/airflow/example_dags/example_complex.py
[2024-08-03T21:29:57.604+0000] {logging_mixin.py:188} INFO - [2024-08-03T21:29:57.602+0000] {dag.py:3089} INFO - Sync 1 DAGs
[2024-08-03T21:29:57.657+0000] {logging_mixin.py:188} INFO - [2024-08-03T21:29:57.657+0000] {dag.py:3947} INFO - Setting next_dagrun for example_complex to None, run_after=None
[2024-08-03T21:29:58.024+0000] {processor.py:183} INFO - Processing /home/airflow/.local/lib/python3.12/site-packages/airflow/example_dags/example_complex.py took 0.633 seconds
[2024-08-03T21:30:28.689+0000] {processor.py:161} INFO - Started process (PID=1982) to work on /home/airflow/.local/lib/python3.12/site-packages/airflow/example_dags/example_complex.py
[2024-08-03T21:30:28.691+0000] {processor.py:830} INFO - Processing file /home/airflow/.local/lib/python3.12/site-packages/airflow/example_dags/example_complex.py for tasks to queue
[2024-08-03T21:30:28.697+0000] {logging_mixin.py:188} INFO - [2024-08-03T21:30:28.696+0000] {dagbag.py:545} INFO - Filling up the DagBag from /home/airflow/.local/lib/python3.12/site-packages/airflow/example_dags/example_complex.py
[2024-08-03T21:30:28.740+0000] {processor.py:840} INFO - DAG(s) 'example_complex' retrieved from /home/airflow/.local/lib/python3.12/site-packages/airflow/example_dags/example_complex.py
[2024-08-03T21:30:28.875+0000] {logging_mixin.py:188} INFO - [2024-08-03T21:30:28.875+0000] {dag.py:3089} INFO - Sync 1 DAGs
[2024-08-03T21:30:28.926+0000] {logging_mixin.py:188} INFO - [2024-08-03T21:30:28.925+0000] {dag.py:3947} INFO - Setting next_dagrun for example_complex to None, run_after=None
[2024-08-03T21:30:28.986+0000] {processor.py:183} INFO - Processing /home/airflow/.local/lib/python3.12/site-packages/airflow/example_dags/example_complex.py took 0.318 seconds
[2024-08-03T21:30:59.756+0000] {processor.py:161} INFO - Started process (PID=2040) to work on /home/airflow/.local/lib/python3.12/site-packages/airflow/example_dags/example_complex.py
[2024-08-03T21:30:59.759+0000] {processor.py:830} INFO - Processing file /home/airflow/.local/lib/python3.12/site-packages/airflow/example_dags/example_complex.py for tasks to queue
[2024-08-03T21:30:59.764+0000] {logging_mixin.py:188} INFO - [2024-08-03T21:30:59.763+0000] {dagbag.py:545} INFO - Filling up the DagBag from /home/airflow/.local/lib/python3.12/site-packages/airflow/example_dags/example_complex.py
[2024-08-03T21:30:59.809+0000] {processor.py:840} INFO - DAG(s) 'example_complex' retrieved from /home/airflow/.local/lib/python3.12/site-packages/airflow/example_dags/example_complex.py
[2024-08-03T21:31:00.002+0000] {logging_mixin.py:188} INFO - [2024-08-03T21:31:00.001+0000] {dag.py:3089} INFO - Sync 1 DAGs
[2024-08-03T21:31:00.040+0000] {logging_mixin.py:188} INFO - [2024-08-03T21:31:00.040+0000] {dag.py:3947} INFO - Setting next_dagrun for example_complex to None, run_after=None
[2024-08-03T21:31:00.065+0000] {processor.py:183} INFO - Processing /home/airflow/.local/lib/python3.12/site-packages/airflow/example_dags/example_complex.py took 0.329 seconds
[2024-08-03T21:31:30.350+0000] {processor.py:161} INFO - Started process (PID=2098) to work on /home/airflow/.local/lib/python3.12/site-packages/airflow/example_dags/example_complex.py
[2024-08-03T21:31:30.352+0000] {processor.py:830} INFO - Processing file /home/airflow/.local/lib/python3.12/site-packages/airflow/example_dags/example_complex.py for tasks to queue
[2024-08-03T21:31:30.359+0000] {logging_mixin.py:188} INFO - [2024-08-03T21:31:30.358+0000] {dagbag.py:545} INFO - Filling up the DagBag from /home/airflow/.local/lib/python3.12/site-packages/airflow/example_dags/example_complex.py
[2024-08-03T21:31:30.735+0000] {processor.py:840} INFO - DAG(s) 'example_complex' retrieved from /home/airflow/.local/lib/python3.12/site-packages/airflow/example_dags/example_complex.py
[2024-08-03T21:31:30.824+0000] {logging_mixin.py:188} INFO - [2024-08-03T21:31:30.823+0000] {dag.py:3089} INFO - Sync 1 DAGs
[2024-08-03T21:31:30.866+0000] {logging_mixin.py:188} INFO - [2024-08-03T21:31:30.865+0000] {dag.py:3947} INFO - Setting next_dagrun for example_complex to None, run_after=None
[2024-08-03T21:31:30.929+0000] {processor.py:183} INFO - Processing /home/airflow/.local/lib/python3.12/site-packages/airflow/example_dags/example_complex.py took 0.605 seconds
[2024-08-03T21:32:01.643+0000] {processor.py:161} INFO - Started process (PID=2156) to work on /home/airflow/.local/lib/python3.12/site-packages/airflow/example_dags/example_complex.py
[2024-08-03T21:32:01.645+0000] {processor.py:830} INFO - Processing file /home/airflow/.local/lib/python3.12/site-packages/airflow/example_dags/example_complex.py for tasks to queue
[2024-08-03T21:32:01.651+0000] {logging_mixin.py:188} INFO - [2024-08-03T21:32:01.650+0000] {dagbag.py:545} INFO - Filling up the DagBag from /home/airflow/.local/lib/python3.12/site-packages/airflow/example_dags/example_complex.py
[2024-08-03T21:32:01.696+0000] {processor.py:840} INFO - DAG(s) 'example_complex' retrieved from /home/airflow/.local/lib/python3.12/site-packages/airflow/example_dags/example_complex.py
[2024-08-03T21:32:01.852+0000] {logging_mixin.py:188} INFO - [2024-08-03T21:32:01.851+0000] {dag.py:3089} INFO - Sync 1 DAGs
[2024-08-03T21:32:01.912+0000] {logging_mixin.py:188} INFO - [2024-08-03T21:32:01.912+0000] {dag.py:3947} INFO - Setting next_dagrun for example_complex to None, run_after=None
[2024-08-03T21:32:01.990+0000] {processor.py:183} INFO - Processing /home/airflow/.local/lib/python3.12/site-packages/airflow/example_dags/example_complex.py took 0.371 seconds
[2024-08-03T21:32:32.923+0000] {processor.py:161} INFO - Started process (PID=2214) to work on /home/airflow/.local/lib/python3.12/site-packages/airflow/example_dags/example_complex.py
[2024-08-03T21:32:32.926+0000] {processor.py:830} INFO - Processing file /home/airflow/.local/lib/python3.12/site-packages/airflow/example_dags/example_complex.py for tasks to queue
[2024-08-03T21:32:32.931+0000] {logging_mixin.py:188} INFO - [2024-08-03T21:32:32.930+0000] {dagbag.py:545} INFO - Filling up the DagBag from /home/airflow/.local/lib/python3.12/site-packages/airflow/example_dags/example_complex.py
[2024-08-03T21:32:32.963+0000] {processor.py:840} INFO - DAG(s) 'example_complex' retrieved from /home/airflow/.local/lib/python3.12/site-packages/airflow/example_dags/example_complex.py
[2024-08-03T21:32:33.106+0000] {logging_mixin.py:188} INFO - [2024-08-03T21:32:33.105+0000] {dag.py:3089} INFO - Sync 1 DAGs
[2024-08-03T21:32:33.169+0000] {logging_mixin.py:188} INFO - [2024-08-03T21:32:33.167+0000] {dag.py:3947} INFO - Setting next_dagrun for example_complex to None, run_after=None
[2024-08-03T21:32:33.240+0000] {processor.py:183} INFO - Processing /home/airflow/.local/lib/python3.12/site-packages/airflow/example_dags/example_complex.py took 0.341 seconds
[2024-08-03T21:33:04.283+0000] {processor.py:161} INFO - Started process (PID=2272) to work on /home/airflow/.local/lib/python3.12/site-packages/airflow/example_dags/example_complex.py
[2024-08-03T21:33:04.285+0000] {processor.py:830} INFO - Processing file /home/airflow/.local/lib/python3.12/site-packages/airflow/example_dags/example_complex.py for tasks to queue
[2024-08-03T21:33:04.291+0000] {logging_mixin.py:188} INFO - [2024-08-03T21:33:04.290+0000] {dagbag.py:545} INFO - Filling up the DagBag from /home/airflow/.local/lib/python3.12/site-packages/airflow/example_dags/example_complex.py
[2024-08-03T21:33:04.343+0000] {processor.py:840} INFO - DAG(s) 'example_complex' retrieved from /home/airflow/.local/lib/python3.12/site-packages/airflow/example_dags/example_complex.py
[2024-08-03T21:33:04.501+0000] {logging_mixin.py:188} INFO - [2024-08-03T21:33:04.500+0000] {dag.py:3089} INFO - Sync 1 DAGs
[2024-08-03T21:33:04.555+0000] {logging_mixin.py:188} INFO - [2024-08-03T21:33:04.554+0000] {dag.py:3947} INFO - Setting next_dagrun for example_complex to None, run_after=None
[2024-08-03T21:33:04.634+0000] {processor.py:183} INFO - Processing /home/airflow/.local/lib/python3.12/site-packages/airflow/example_dags/example_complex.py took 0.377 seconds
[2024-08-03T21:33:34.838+0000] {processor.py:161} INFO - Started process (PID=2330) to work on /home/airflow/.local/lib/python3.12/site-packages/airflow/example_dags/example_complex.py
[2024-08-03T21:33:34.841+0000] {processor.py:830} INFO - Processing file /home/airflow/.local/lib/python3.12/site-packages/airflow/example_dags/example_complex.py for tasks to queue
[2024-08-03T21:33:34.847+0000] {logging_mixin.py:188} INFO - [2024-08-03T21:33:34.845+0000] {dagbag.py:545} INFO - Filling up the DagBag from /home/airflow/.local/lib/python3.12/site-packages/airflow/example_dags/example_complex.py
[2024-08-03T21:33:34.906+0000] {processor.py:840} INFO - DAG(s) 'example_complex' retrieved from /home/airflow/.local/lib/python3.12/site-packages/airflow/example_dags/example_complex.py
[2024-08-03T21:33:35.083+0000] {logging_mixin.py:188} INFO - [2024-08-03T21:33:35.082+0000] {dag.py:3089} INFO - Sync 1 DAGs
[2024-08-03T21:33:35.148+0000] {logging_mixin.py:188} INFO - [2024-08-03T21:33:35.147+0000] {dag.py:3947} INFO - Setting next_dagrun for example_complex to None, run_after=None
[2024-08-03T21:33:35.228+0000] {processor.py:183} INFO - Processing /home/airflow/.local/lib/python3.12/site-packages/airflow/example_dags/example_complex.py took 0.413 seconds
[2024-08-03T21:34:05.424+0000] {processor.py:161} INFO - Started process (PID=2387) to work on /home/airflow/.local/lib/python3.12/site-packages/airflow/example_dags/example_complex.py
[2024-08-03T21:34:05.426+0000] {processor.py:830} INFO - Processing file /home/airflow/.local/lib/python3.12/site-packages/airflow/example_dags/example_complex.py for tasks to queue
[2024-08-03T21:34:05.435+0000] {logging_mixin.py:188} INFO - [2024-08-03T21:34:05.433+0000] {dagbag.py:545} INFO - Filling up the DagBag from /home/airflow/.local/lib/python3.12/site-packages/airflow/example_dags/example_complex.py
[2024-08-03T21:34:05.487+0000] {processor.py:840} INFO - DAG(s) 'example_complex' retrieved from /home/airflow/.local/lib/python3.12/site-packages/airflow/example_dags/example_complex.py
[2024-08-03T21:34:05.664+0000] {logging_mixin.py:188} INFO - [2024-08-03T21:34:05.663+0000] {dag.py:3089} INFO - Sync 1 DAGs
[2024-08-03T21:34:05.719+0000] {logging_mixin.py:188} INFO - [2024-08-03T21:34:05.718+0000] {dag.py:3947} INFO - Setting next_dagrun for example_complex to None, run_after=None
[2024-08-03T21:34:05.799+0000] {processor.py:183} INFO - Processing /home/airflow/.local/lib/python3.12/site-packages/airflow/example_dags/example_complex.py took 0.397 seconds
[2024-08-03T21:34:36.721+0000] {processor.py:161} INFO - Started process (PID=2451) to work on /home/airflow/.local/lib/python3.12/site-packages/airflow/example_dags/example_complex.py
[2024-08-03T21:34:36.722+0000] {processor.py:830} INFO - Processing file /home/airflow/.local/lib/python3.12/site-packages/airflow/example_dags/example_complex.py for tasks to queue
[2024-08-03T21:34:36.728+0000] {logging_mixin.py:188} INFO - [2024-08-03T21:34:36.727+0000] {dagbag.py:545} INFO - Filling up the DagBag from /home/airflow/.local/lib/python3.12/site-packages/airflow/example_dags/example_complex.py
[2024-08-03T21:34:36.763+0000] {processor.py:840} INFO - DAG(s) 'example_complex' retrieved from /home/airflow/.local/lib/python3.12/site-packages/airflow/example_dags/example_complex.py
[2024-08-03T21:34:36.822+0000] {logging_mixin.py:188} INFO - [2024-08-03T21:34:36.821+0000] {dag.py:3089} INFO - Sync 1 DAGs
[2024-08-03T21:34:36.844+0000] {logging_mixin.py:188} INFO - [2024-08-03T21:34:36.844+0000] {dag.py:3947} INFO - Setting next_dagrun for example_complex to None, run_after=None
[2024-08-03T21:34:36.886+0000] {processor.py:183} INFO - Processing /home/airflow/.local/lib/python3.12/site-packages/airflow/example_dags/example_complex.py took 0.184 seconds
[2024-08-03T21:35:07.354+0000] {processor.py:161} INFO - Started process (PID=2510) to work on /home/airflow/.local/lib/python3.12/site-packages/airflow/example_dags/example_complex.py
[2024-08-03T21:35:07.358+0000] {processor.py:830} INFO - Processing file /home/airflow/.local/lib/python3.12/site-packages/airflow/example_dags/example_complex.py for tasks to queue
[2024-08-03T21:35:07.364+0000] {logging_mixin.py:188} INFO - [2024-08-03T21:35:07.363+0000] {dagbag.py:545} INFO - Filling up the DagBag from /home/airflow/.local/lib/python3.12/site-packages/airflow/example_dags/example_complex.py
[2024-08-03T21:35:07.403+0000] {processor.py:840} INFO - DAG(s) 'example_complex' retrieved from /home/airflow/.local/lib/python3.12/site-packages/airflow/example_dags/example_complex.py
[2024-08-03T21:35:07.640+0000] {logging_mixin.py:188} INFO - [2024-08-03T21:35:07.638+0000] {dag.py:3089} INFO - Sync 1 DAGs
[2024-08-03T21:35:07.695+0000] {logging_mixin.py:188} INFO - [2024-08-03T21:35:07.694+0000] {dag.py:3947} INFO - Setting next_dagrun for example_complex to None, run_after=None
[2024-08-03T21:35:07.785+0000] {processor.py:183} INFO - Processing /home/airflow/.local/lib/python3.12/site-packages/airflow/example_dags/example_complex.py took 0.460 seconds
[2024-08-03T21:35:38.859+0000] {processor.py:161} INFO - Started process (PID=2568) to work on /home/airflow/.local/lib/python3.12/site-packages/airflow/example_dags/example_complex.py
[2024-08-03T21:35:38.861+0000] {processor.py:830} INFO - Processing file /home/airflow/.local/lib/python3.12/site-packages/airflow/example_dags/example_complex.py for tasks to queue
[2024-08-03T21:35:38.867+0000] {logging_mixin.py:188} INFO - [2024-08-03T21:35:38.866+0000] {dagbag.py:545} INFO - Filling up the DagBag from /home/airflow/.local/lib/python3.12/site-packages/airflow/example_dags/example_complex.py
[2024-08-03T21:35:38.930+0000] {processor.py:840} INFO - DAG(s) 'example_complex' retrieved from /home/airflow/.local/lib/python3.12/site-packages/airflow/example_dags/example_complex.py
[2024-08-03T21:35:39.175+0000] {logging_mixin.py:188} INFO - [2024-08-03T21:35:39.174+0000] {dag.py:3089} INFO - Sync 1 DAGs
[2024-08-03T21:35:39.247+0000] {logging_mixin.py:188} INFO - [2024-08-03T21:35:39.246+0000] {dag.py:3947} INFO - Setting next_dagrun for example_complex to None, run_after=None
[2024-08-03T21:35:39.354+0000] {processor.py:183} INFO - Processing /home/airflow/.local/lib/python3.12/site-packages/airflow/example_dags/example_complex.py took 0.523 seconds
[2024-08-03T21:36:09.663+0000] {processor.py:161} INFO - Started process (PID=2626) to work on /home/airflow/.local/lib/python3.12/site-packages/airflow/example_dags/example_complex.py
[2024-08-03T21:36:09.665+0000] {processor.py:830} INFO - Processing file /home/airflow/.local/lib/python3.12/site-packages/airflow/example_dags/example_complex.py for tasks to queue
[2024-08-03T21:36:09.673+0000] {logging_mixin.py:188} INFO - [2024-08-03T21:36:09.671+0000] {dagbag.py:545} INFO - Filling up the DagBag from /home/airflow/.local/lib/python3.12/site-packages/airflow/example_dags/example_complex.py
[2024-08-03T21:36:09.728+0000] {processor.py:840} INFO - DAG(s) 'example_complex' retrieved from /home/airflow/.local/lib/python3.12/site-packages/airflow/example_dags/example_complex.py
[2024-08-03T21:36:09.886+0000] {logging_mixin.py:188} INFO - [2024-08-03T21:36:09.885+0000] {dag.py:3089} INFO - Sync 1 DAGs
[2024-08-03T21:36:09.956+0000] {logging_mixin.py:188} INFO - [2024-08-03T21:36:09.955+0000] {dag.py:3947} INFO - Setting next_dagrun for example_complex to None, run_after=None
[2024-08-03T21:36:10.053+0000] {processor.py:183} INFO - Processing /home/airflow/.local/lib/python3.12/site-packages/airflow/example_dags/example_complex.py took 0.423 seconds
[2024-08-03T21:36:40.169+0000] {processor.py:161} INFO - Started process (PID=2684) to work on /home/airflow/.local/lib/python3.12/site-packages/airflow/example_dags/example_complex.py
[2024-08-03T21:36:40.173+0000] {processor.py:830} INFO - Processing file /home/airflow/.local/lib/python3.12/site-packages/airflow/example_dags/example_complex.py for tasks to queue
[2024-08-03T21:36:40.183+0000] {logging_mixin.py:188} INFO - [2024-08-03T21:36:40.181+0000] {dagbag.py:545} INFO - Filling up the DagBag from /home/airflow/.local/lib/python3.12/site-packages/airflow/example_dags/example_complex.py
[2024-08-03T21:36:40.242+0000] {processor.py:840} INFO - DAG(s) 'example_complex' retrieved from /home/airflow/.local/lib/python3.12/site-packages/airflow/example_dags/example_complex.py
[2024-08-03T21:36:40.422+0000] {logging_mixin.py:188} INFO - [2024-08-03T21:36:40.420+0000] {dag.py:3089} INFO - Sync 1 DAGs
[2024-08-03T21:36:40.490+0000] {logging_mixin.py:188} INFO - [2024-08-03T21:36:40.489+0000] {dag.py:3947} INFO - Setting next_dagrun for example_complex to None, run_after=None
[2024-08-03T21:36:40.596+0000] {processor.py:183} INFO - Processing /home/airflow/.local/lib/python3.12/site-packages/airflow/example_dags/example_complex.py took 0.451 seconds
[2024-08-03T21:37:10.905+0000] {processor.py:161} INFO - Started process (PID=2742) to work on /home/airflow/.local/lib/python3.12/site-packages/airflow/example_dags/example_complex.py
[2024-08-03T21:37:10.907+0000] {processor.py:830} INFO - Processing file /home/airflow/.local/lib/python3.12/site-packages/airflow/example_dags/example_complex.py for tasks to queue
[2024-08-03T21:37:10.915+0000] {logging_mixin.py:188} INFO - [2024-08-03T21:37:10.914+0000] {dagbag.py:545} INFO - Filling up the DagBag from /home/airflow/.local/lib/python3.12/site-packages/airflow/example_dags/example_complex.py
[2024-08-03T21:37:10.941+0000] {processor.py:840} INFO - DAG(s) 'example_complex' retrieved from /home/airflow/.local/lib/python3.12/site-packages/airflow/example_dags/example_complex.py
[2024-08-03T21:37:11.094+0000] {logging_mixin.py:188} INFO - [2024-08-03T21:37:11.092+0000] {dag.py:3089} INFO - Sync 1 DAGs
[2024-08-03T21:37:11.158+0000] {logging_mixin.py:188} INFO - [2024-08-03T21:37:11.156+0000] {dag.py:3947} INFO - Setting next_dagrun for example_complex to None, run_after=None
[2024-08-03T21:37:11.251+0000] {processor.py:183} INFO - Processing /home/airflow/.local/lib/python3.12/site-packages/airflow/example_dags/example_complex.py took 0.373 seconds
[2024-08-03T21:37:41.645+0000] {processor.py:161} INFO - Started process (PID=2800) to work on /home/airflow/.local/lib/python3.12/site-packages/airflow/example_dags/example_complex.py
[2024-08-03T21:37:41.648+0000] {processor.py:830} INFO - Processing file /home/airflow/.local/lib/python3.12/site-packages/airflow/example_dags/example_complex.py for tasks to queue
[2024-08-03T21:37:41.654+0000] {logging_mixin.py:188} INFO - [2024-08-03T21:37:41.653+0000] {dagbag.py:545} INFO - Filling up the DagBag from /home/airflow/.local/lib/python3.12/site-packages/airflow/example_dags/example_complex.py
[2024-08-03T21:37:41.695+0000] {processor.py:840} INFO - DAG(s) 'example_complex' retrieved from /home/airflow/.local/lib/python3.12/site-packages/airflow/example_dags/example_complex.py
[2024-08-03T21:37:41.821+0000] {logging_mixin.py:188} INFO - [2024-08-03T21:37:41.821+0000] {dag.py:3089} INFO - Sync 1 DAGs
[2024-08-03T21:37:41.883+0000] {logging_mixin.py:188} INFO - [2024-08-03T21:37:41.882+0000] {dag.py:3947} INFO - Setting next_dagrun for example_complex to None, run_after=None
[2024-08-03T21:37:41.958+0000] {processor.py:183} INFO - Processing /home/airflow/.local/lib/python3.12/site-packages/airflow/example_dags/example_complex.py took 0.334 seconds
[2024-08-03T21:38:12.585+0000] {processor.py:161} INFO - Started process (PID=2859) to work on /home/airflow/.local/lib/python3.12/site-packages/airflow/example_dags/example_complex.py
[2024-08-03T21:38:12.587+0000] {processor.py:830} INFO - Processing file /home/airflow/.local/lib/python3.12/site-packages/airflow/example_dags/example_complex.py for tasks to queue
[2024-08-03T21:38:12.595+0000] {logging_mixin.py:188} INFO - [2024-08-03T21:38:12.594+0000] {dagbag.py:545} INFO - Filling up the DagBag from /home/airflow/.local/lib/python3.12/site-packages/airflow/example_dags/example_complex.py
[2024-08-03T21:38:12.664+0000] {processor.py:840} INFO - DAG(s) 'example_complex' retrieved from /home/airflow/.local/lib/python3.12/site-packages/airflow/example_dags/example_complex.py
[2024-08-03T21:38:12.837+0000] {logging_mixin.py:188} INFO - [2024-08-03T21:38:12.836+0000] {dag.py:3089} INFO - Sync 1 DAGs
[2024-08-03T21:38:12.903+0000] {logging_mixin.py:188} INFO - [2024-08-03T21:38:12.902+0000] {dag.py:3947} INFO - Setting next_dagrun for example_complex to None, run_after=None
[2024-08-03T21:38:12.991+0000] {processor.py:183} INFO - Processing /home/airflow/.local/lib/python3.12/site-packages/airflow/example_dags/example_complex.py took 0.442 seconds
[2024-08-03T21:38:43.456+0000] {processor.py:161} INFO - Started process (PID=2917) to work on /home/airflow/.local/lib/python3.12/site-packages/airflow/example_dags/example_complex.py
[2024-08-03T21:38:43.461+0000] {processor.py:830} INFO - Processing file /home/airflow/.local/lib/python3.12/site-packages/airflow/example_dags/example_complex.py for tasks to queue
[2024-08-03T21:38:43.468+0000] {logging_mixin.py:188} INFO - [2024-08-03T21:38:43.466+0000] {dagbag.py:545} INFO - Filling up the DagBag from /home/airflow/.local/lib/python3.12/site-packages/airflow/example_dags/example_complex.py
[2024-08-03T21:38:43.523+0000] {processor.py:840} INFO - DAG(s) 'example_complex' retrieved from /home/airflow/.local/lib/python3.12/site-packages/airflow/example_dags/example_complex.py
[2024-08-03T21:38:43.698+0000] {logging_mixin.py:188} INFO - [2024-08-03T21:38:43.697+0000] {dag.py:3089} INFO - Sync 1 DAGs
[2024-08-03T21:38:43.759+0000] {logging_mixin.py:188} INFO - [2024-08-03T21:38:43.759+0000] {dag.py:3947} INFO - Setting next_dagrun for example_complex to None, run_after=None
[2024-08-03T21:38:43.847+0000] {processor.py:183} INFO - Processing /home/airflow/.local/lib/python3.12/site-packages/airflow/example_dags/example_complex.py took 0.417 seconds
[2024-08-03T21:39:14.285+0000] {processor.py:161} INFO - Started process (PID=2975) to work on /home/airflow/.local/lib/python3.12/site-packages/airflow/example_dags/example_complex.py
[2024-08-03T21:39:14.288+0000] {processor.py:830} INFO - Processing file /home/airflow/.local/lib/python3.12/site-packages/airflow/example_dags/example_complex.py for tasks to queue
[2024-08-03T21:39:14.295+0000] {logging_mixin.py:188} INFO - [2024-08-03T21:39:14.293+0000] {dagbag.py:545} INFO - Filling up the DagBag from /home/airflow/.local/lib/python3.12/site-packages/airflow/example_dags/example_complex.py
[2024-08-03T21:39:14.354+0000] {processor.py:840} INFO - DAG(s) 'example_complex' retrieved from /home/airflow/.local/lib/python3.12/site-packages/airflow/example_dags/example_complex.py
[2024-08-03T21:39:14.517+0000] {logging_mixin.py:188} INFO - [2024-08-03T21:39:14.516+0000] {dag.py:3089} INFO - Sync 1 DAGs
[2024-08-03T21:39:14.572+0000] {logging_mixin.py:188} INFO - [2024-08-03T21:39:14.572+0000] {dag.py:3947} INFO - Setting next_dagrun for example_complex to None, run_after=None
[2024-08-03T21:39:14.625+0000] {processor.py:183} INFO - Processing /home/airflow/.local/lib/python3.12/site-packages/airflow/example_dags/example_complex.py took 0.365 seconds
[2024-08-03T21:39:45.121+0000] {processor.py:161} INFO - Started process (PID=3033) to work on /home/airflow/.local/lib/python3.12/site-packages/airflow/example_dags/example_complex.py
[2024-08-03T21:39:45.123+0000] {processor.py:830} INFO - Processing file /home/airflow/.local/lib/python3.12/site-packages/airflow/example_dags/example_complex.py for tasks to queue
[2024-08-03T21:39:45.131+0000] {logging_mixin.py:188} INFO - [2024-08-03T21:39:45.130+0000] {dagbag.py:545} INFO - Filling up the DagBag from /home/airflow/.local/lib/python3.12/site-packages/airflow/example_dags/example_complex.py
[2024-08-03T21:39:45.185+0000] {processor.py:840} INFO - DAG(s) 'example_complex' retrieved from /home/airflow/.local/lib/python3.12/site-packages/airflow/example_dags/example_complex.py
[2024-08-03T21:39:45.315+0000] {logging_mixin.py:188} INFO - [2024-08-03T21:39:45.313+0000] {dag.py:3089} INFO - Sync 1 DAGs
[2024-08-03T21:39:45.372+0000] {logging_mixin.py:188} INFO - [2024-08-03T21:39:45.371+0000] {dag.py:3947} INFO - Setting next_dagrun for example_complex to None, run_after=None
[2024-08-03T21:39:45.436+0000] {processor.py:183} INFO - Processing /home/airflow/.local/lib/python3.12/site-packages/airflow/example_dags/example_complex.py took 0.343 seconds
[2024-08-03T21:40:15.666+0000] {processor.py:161} INFO - Started process (PID=3091) to work on /home/airflow/.local/lib/python3.12/site-packages/airflow/example_dags/example_complex.py
[2024-08-03T21:40:15.670+0000] {processor.py:830} INFO - Processing file /home/airflow/.local/lib/python3.12/site-packages/airflow/example_dags/example_complex.py for tasks to queue
[2024-08-03T21:40:15.676+0000] {logging_mixin.py:188} INFO - [2024-08-03T21:40:15.675+0000] {dagbag.py:545} INFO - Filling up the DagBag from /home/airflow/.local/lib/python3.12/site-packages/airflow/example_dags/example_complex.py
[2024-08-03T21:40:15.711+0000] {processor.py:840} INFO - DAG(s) 'example_complex' retrieved from /home/airflow/.local/lib/python3.12/site-packages/airflow/example_dags/example_complex.py
[2024-08-03T21:40:15.816+0000] {logging_mixin.py:188} INFO - [2024-08-03T21:40:15.815+0000] {dag.py:3089} INFO - Sync 1 DAGs
[2024-08-03T21:40:15.855+0000] {logging_mixin.py:188} INFO - [2024-08-03T21:40:15.854+0000] {dag.py:3947} INFO - Setting next_dagrun for example_complex to None, run_after=None
[2024-08-03T21:40:15.896+0000] {processor.py:183} INFO - Processing /home/airflow/.local/lib/python3.12/site-packages/airflow/example_dags/example_complex.py took 0.253 seconds
[2024-08-03T21:40:46.091+0000] {processor.py:161} INFO - Started process (PID=3149) to work on /home/airflow/.local/lib/python3.12/site-packages/airflow/example_dags/example_complex.py
[2024-08-03T21:40:46.094+0000] {processor.py:830} INFO - Processing file /home/airflow/.local/lib/python3.12/site-packages/airflow/example_dags/example_complex.py for tasks to queue
[2024-08-03T21:40:46.101+0000] {logging_mixin.py:188} INFO - [2024-08-03T21:40:46.100+0000] {dagbag.py:545} INFO - Filling up the DagBag from /home/airflow/.local/lib/python3.12/site-packages/airflow/example_dags/example_complex.py
[2024-08-03T21:40:46.160+0000] {processor.py:840} INFO - DAG(s) 'example_complex' retrieved from /home/airflow/.local/lib/python3.12/site-packages/airflow/example_dags/example_complex.py
[2024-08-03T21:40:46.369+0000] {logging_mixin.py:188} INFO - [2024-08-03T21:40:46.367+0000] {dag.py:3089} INFO - Sync 1 DAGs
[2024-08-03T21:40:46.423+0000] {logging_mixin.py:188} INFO - [2024-08-03T21:40:46.422+0000] {dag.py:3947} INFO - Setting next_dagrun for example_complex to None, run_after=None
[2024-08-03T21:40:46.494+0000] {processor.py:183} INFO - Processing /home/airflow/.local/lib/python3.12/site-packages/airflow/example_dags/example_complex.py took 0.427 seconds
[2024-08-03T21:41:17.363+0000] {processor.py:161} INFO - Started process (PID=3207) to work on /home/airflow/.local/lib/python3.12/site-packages/airflow/example_dags/example_complex.py
[2024-08-03T21:41:17.366+0000] {processor.py:830} INFO - Processing file /home/airflow/.local/lib/python3.12/site-packages/airflow/example_dags/example_complex.py for tasks to queue
[2024-08-03T21:41:17.372+0000] {logging_mixin.py:188} INFO - [2024-08-03T21:41:17.371+0000] {dagbag.py:545} INFO - Filling up the DagBag from /home/airflow/.local/lib/python3.12/site-packages/airflow/example_dags/example_complex.py
[2024-08-03T21:41:17.417+0000] {processor.py:840} INFO - DAG(s) 'example_complex' retrieved from /home/airflow/.local/lib/python3.12/site-packages/airflow/example_dags/example_complex.py
[2024-08-03T21:41:17.558+0000] {logging_mixin.py:188} INFO - [2024-08-03T21:41:17.557+0000] {dag.py:3089} INFO - Sync 1 DAGs
[2024-08-03T21:41:17.613+0000] {logging_mixin.py:188} INFO - [2024-08-03T21:41:17.612+0000] {dag.py:3947} INFO - Setting next_dagrun for example_complex to None, run_after=None
[2024-08-03T21:41:17.685+0000] {processor.py:183} INFO - Processing /home/airflow/.local/lib/python3.12/site-packages/airflow/example_dags/example_complex.py took 0.349 seconds
[2024-08-03T21:41:47.883+0000] {processor.py:161} INFO - Started process (PID=3265) to work on /home/airflow/.local/lib/python3.12/site-packages/airflow/example_dags/example_complex.py
[2024-08-03T21:41:47.884+0000] {processor.py:830} INFO - Processing file /home/airflow/.local/lib/python3.12/site-packages/airflow/example_dags/example_complex.py for tasks to queue
[2024-08-03T21:41:47.891+0000] {logging_mixin.py:188} INFO - [2024-08-03T21:41:47.890+0000] {dagbag.py:545} INFO - Filling up the DagBag from /home/airflow/.local/lib/python3.12/site-packages/airflow/example_dags/example_complex.py
[2024-08-03T21:41:47.939+0000] {processor.py:840} INFO - DAG(s) 'example_complex' retrieved from /home/airflow/.local/lib/python3.12/site-packages/airflow/example_dags/example_complex.py
[2024-08-03T21:41:48.092+0000] {logging_mixin.py:188} INFO - [2024-08-03T21:41:48.091+0000] {dag.py:3089} INFO - Sync 1 DAGs
[2024-08-03T21:41:48.149+0000] {logging_mixin.py:188} INFO - [2024-08-03T21:41:48.149+0000] {dag.py:3947} INFO - Setting next_dagrun for example_complex to None, run_after=None
[2024-08-03T21:41:48.208+0000] {processor.py:183} INFO - Processing /home/airflow/.local/lib/python3.12/site-packages/airflow/example_dags/example_complex.py took 0.342 seconds
[2024-08-03T21:42:18.704+0000] {processor.py:161} INFO - Started process (PID=3323) to work on /home/airflow/.local/lib/python3.12/site-packages/airflow/example_dags/example_complex.py
[2024-08-03T21:42:18.706+0000] {processor.py:830} INFO - Processing file /home/airflow/.local/lib/python3.12/site-packages/airflow/example_dags/example_complex.py for tasks to queue
[2024-08-03T21:42:18.708+0000] {logging_mixin.py:188} INFO - [2024-08-03T21:42:18.707+0000] {dagbag.py:545} INFO - Filling up the DagBag from /home/airflow/.local/lib/python3.12/site-packages/airflow/example_dags/example_complex.py
[2024-08-03T21:42:18.726+0000] {processor.py:840} INFO - DAG(s) 'example_complex' retrieved from /home/airflow/.local/lib/python3.12/site-packages/airflow/example_dags/example_complex.py
[2024-08-03T21:42:18.800+0000] {logging_mixin.py:188} INFO - [2024-08-03T21:42:18.800+0000] {dag.py:3089} INFO - Sync 1 DAGs
[2024-08-03T21:42:18.836+0000] {logging_mixin.py:188} INFO - [2024-08-03T21:42:18.835+0000] {dag.py:3947} INFO - Setting next_dagrun for example_complex to None, run_after=None
[2024-08-03T21:42:18.886+0000] {processor.py:183} INFO - Processing /home/airflow/.local/lib/python3.12/site-packages/airflow/example_dags/example_complex.py took 0.194 seconds
[2024-08-03T21:42:49.294+0000] {processor.py:161} INFO - Started process (PID=3381) to work on /home/airflow/.local/lib/python3.12/site-packages/airflow/example_dags/example_complex.py
[2024-08-03T21:42:49.295+0000] {processor.py:830} INFO - Processing file /home/airflow/.local/lib/python3.12/site-packages/airflow/example_dags/example_complex.py for tasks to queue
[2024-08-03T21:42:49.301+0000] {logging_mixin.py:188} INFO - [2024-08-03T21:42:49.300+0000] {dagbag.py:545} INFO - Filling up the DagBag from /home/airflow/.local/lib/python3.12/site-packages/airflow/example_dags/example_complex.py
[2024-08-03T21:42:49.335+0000] {processor.py:840} INFO - DAG(s) 'example_complex' retrieved from /home/airflow/.local/lib/python3.12/site-packages/airflow/example_dags/example_complex.py
[2024-08-03T21:42:49.488+0000] {logging_mixin.py:188} INFO - [2024-08-03T21:42:49.487+0000] {dag.py:3089} INFO - Sync 1 DAGs
[2024-08-03T21:42:49.543+0000] {logging_mixin.py:188} INFO - [2024-08-03T21:42:49.542+0000] {dag.py:3947} INFO - Setting next_dagrun for example_complex to None, run_after=None
[2024-08-03T21:42:49.604+0000] {processor.py:183} INFO - Processing /home/airflow/.local/lib/python3.12/site-packages/airflow/example_dags/example_complex.py took 0.323 seconds
[2024-08-03T21:43:19.905+0000] {processor.py:161} INFO - Started process (PID=3438) to work on /home/airflow/.local/lib/python3.12/site-packages/airflow/example_dags/example_complex.py
[2024-08-03T21:43:19.907+0000] {processor.py:830} INFO - Processing file /home/airflow/.local/lib/python3.12/site-packages/airflow/example_dags/example_complex.py for tasks to queue
[2024-08-03T21:43:19.913+0000] {logging_mixin.py:188} INFO - [2024-08-03T21:43:19.911+0000] {dagbag.py:545} INFO - Filling up the DagBag from /home/airflow/.local/lib/python3.12/site-packages/airflow/example_dags/example_complex.py
[2024-08-03T21:43:19.955+0000] {processor.py:840} INFO - DAG(s) 'example_complex' retrieved from /home/airflow/.local/lib/python3.12/site-packages/airflow/example_dags/example_complex.py
[2024-08-03T21:43:20.092+0000] {logging_mixin.py:188} INFO - [2024-08-03T21:43:20.091+0000] {dag.py:3089} INFO - Sync 1 DAGs
[2024-08-03T21:43:20.140+0000] {logging_mixin.py:188} INFO - [2024-08-03T21:43:20.140+0000] {dag.py:3947} INFO - Setting next_dagrun for example_complex to None, run_after=None
[2024-08-03T21:43:20.175+0000] {processor.py:183} INFO - Processing /home/airflow/.local/lib/python3.12/site-packages/airflow/example_dags/example_complex.py took 0.300 seconds
[2024-08-03T21:43:50.522+0000] {processor.py:161} INFO - Started process (PID=3497) to work on /home/airflow/.local/lib/python3.12/site-packages/airflow/example_dags/example_complex.py
[2024-08-03T21:43:50.524+0000] {processor.py:830} INFO - Processing file /home/airflow/.local/lib/python3.12/site-packages/airflow/example_dags/example_complex.py for tasks to queue
[2024-08-03T21:43:50.530+0000] {logging_mixin.py:188} INFO - [2024-08-03T21:43:50.529+0000] {dagbag.py:545} INFO - Filling up the DagBag from /home/airflow/.local/lib/python3.12/site-packages/airflow/example_dags/example_complex.py
[2024-08-03T21:43:50.579+0000] {processor.py:840} INFO - DAG(s) 'example_complex' retrieved from /home/airflow/.local/lib/python3.12/site-packages/airflow/example_dags/example_complex.py
[2024-08-03T21:43:50.721+0000] {logging_mixin.py:188} INFO - [2024-08-03T21:43:50.720+0000] {dag.py:3089} INFO - Sync 1 DAGs
[2024-08-03T21:43:50.776+0000] {logging_mixin.py:188} INFO - [2024-08-03T21:43:50.775+0000] {dag.py:3947} INFO - Setting next_dagrun for example_complex to None, run_after=None
[2024-08-03T21:43:50.849+0000] {processor.py:183} INFO - Processing /home/airflow/.local/lib/python3.12/site-packages/airflow/example_dags/example_complex.py took 0.350 seconds
[2024-08-03T21:44:21.036+0000] {processor.py:161} INFO - Started process (PID=3555) to work on /home/airflow/.local/lib/python3.12/site-packages/airflow/example_dags/example_complex.py
[2024-08-03T21:44:21.038+0000] {processor.py:830} INFO - Processing file /home/airflow/.local/lib/python3.12/site-packages/airflow/example_dags/example_complex.py for tasks to queue
[2024-08-03T21:44:21.041+0000] {logging_mixin.py:188} INFO - [2024-08-03T21:44:21.040+0000] {dagbag.py:545} INFO - Filling up the DagBag from /home/airflow/.local/lib/python3.12/site-packages/airflow/example_dags/example_complex.py
[2024-08-03T21:44:21.061+0000] {processor.py:840} INFO - DAG(s) 'example_complex' retrieved from /home/airflow/.local/lib/python3.12/site-packages/airflow/example_dags/example_complex.py
[2024-08-03T21:44:21.122+0000] {logging_mixin.py:188} INFO - [2024-08-03T21:44:21.122+0000] {dag.py:3089} INFO - Sync 1 DAGs
[2024-08-03T21:44:21.157+0000] {logging_mixin.py:188} INFO - [2024-08-03T21:44:21.156+0000] {dag.py:3947} INFO - Setting next_dagrun for example_complex to None, run_after=None
[2024-08-03T21:44:21.209+0000] {processor.py:183} INFO - Processing /home/airflow/.local/lib/python3.12/site-packages/airflow/example_dags/example_complex.py took 0.192 seconds
[2024-08-03T21:44:51.519+0000] {processor.py:161} INFO - Started process (PID=3613) to work on /home/airflow/.local/lib/python3.12/site-packages/airflow/example_dags/example_complex.py
[2024-08-03T21:44:51.522+0000] {processor.py:830} INFO - Processing file /home/airflow/.local/lib/python3.12/site-packages/airflow/example_dags/example_complex.py for tasks to queue
[2024-08-03T21:44:51.527+0000] {logging_mixin.py:188} INFO - [2024-08-03T21:44:51.526+0000] {dagbag.py:545} INFO - Filling up the DagBag from /home/airflow/.local/lib/python3.12/site-packages/airflow/example_dags/example_complex.py
[2024-08-03T21:44:51.559+0000] {processor.py:840} INFO - DAG(s) 'example_complex' retrieved from /home/airflow/.local/lib/python3.12/site-packages/airflow/example_dags/example_complex.py
[2024-08-03T21:44:51.696+0000] {logging_mixin.py:188} INFO - [2024-08-03T21:44:51.695+0000] {dag.py:3089} INFO - Sync 1 DAGs
[2024-08-03T21:44:51.726+0000] {logging_mixin.py:188} INFO - [2024-08-03T21:44:51.726+0000] {dag.py:3947} INFO - Setting next_dagrun for example_complex to None, run_after=None
[2024-08-03T21:44:51.771+0000] {processor.py:183} INFO - Processing /home/airflow/.local/lib/python3.12/site-packages/airflow/example_dags/example_complex.py took 0.277 seconds
[2024-08-03T21:45:22.229+0000] {processor.py:161} INFO - Started process (PID=3672) to work on /home/airflow/.local/lib/python3.12/site-packages/airflow/example_dags/example_complex.py
[2024-08-03T21:45:22.231+0000] {processor.py:830} INFO - Processing file /home/airflow/.local/lib/python3.12/site-packages/airflow/example_dags/example_complex.py for tasks to queue
[2024-08-03T21:45:22.238+0000] {logging_mixin.py:188} INFO - [2024-08-03T21:45:22.237+0000] {dagbag.py:545} INFO - Filling up the DagBag from /home/airflow/.local/lib/python3.12/site-packages/airflow/example_dags/example_complex.py
[2024-08-03T21:45:22.281+0000] {processor.py:840} INFO - DAG(s) 'example_complex' retrieved from /home/airflow/.local/lib/python3.12/site-packages/airflow/example_dags/example_complex.py
[2024-08-03T21:45:22.424+0000] {logging_mixin.py:188} INFO - [2024-08-03T21:45:22.423+0000] {dag.py:3089} INFO - Sync 1 DAGs
[2024-08-03T21:45:22.475+0000] {logging_mixin.py:188} INFO - [2024-08-03T21:45:22.475+0000] {dag.py:3947} INFO - Setting next_dagrun for example_complex to None, run_after=None
[2024-08-03T21:45:22.547+0000] {processor.py:183} INFO - Processing /home/airflow/.local/lib/python3.12/site-packages/airflow/example_dags/example_complex.py took 0.341 seconds
[2024-08-03T21:45:53.059+0000] {processor.py:161} INFO - Started process (PID=3730) to work on /home/airflow/.local/lib/python3.12/site-packages/airflow/example_dags/example_complex.py
[2024-08-03T21:45:53.061+0000] {processor.py:830} INFO - Processing file /home/airflow/.local/lib/python3.12/site-packages/airflow/example_dags/example_complex.py for tasks to queue
[2024-08-03T21:45:53.071+0000] {logging_mixin.py:188} INFO - [2024-08-03T21:45:53.069+0000] {dagbag.py:545} INFO - Filling up the DagBag from /home/airflow/.local/lib/python3.12/site-packages/airflow/example_dags/example_complex.py
[2024-08-03T21:45:53.135+0000] {processor.py:840} INFO - DAG(s) 'example_complex' retrieved from /home/airflow/.local/lib/python3.12/site-packages/airflow/example_dags/example_complex.py
[2024-08-03T21:45:53.297+0000] {logging_mixin.py:188} INFO - [2024-08-03T21:45:53.296+0000] {dag.py:3089} INFO - Sync 1 DAGs
[2024-08-03T21:45:53.359+0000] {logging_mixin.py:188} INFO - [2024-08-03T21:45:53.358+0000] {dag.py:3947} INFO - Setting next_dagrun for example_complex to None, run_after=None
[2024-08-03T21:45:53.457+0000] {processor.py:183} INFO - Processing /home/airflow/.local/lib/python3.12/site-packages/airflow/example_dags/example_complex.py took 0.422 seconds
[2024-08-03T21:46:24.215+0000] {processor.py:161} INFO - Started process (PID=3788) to work on /home/airflow/.local/lib/python3.12/site-packages/airflow/example_dags/example_complex.py
[2024-08-03T21:46:24.218+0000] {processor.py:830} INFO - Processing file /home/airflow/.local/lib/python3.12/site-packages/airflow/example_dags/example_complex.py for tasks to queue
[2024-08-03T21:46:24.225+0000] {logging_mixin.py:188} INFO - [2024-08-03T21:46:24.223+0000] {dagbag.py:545} INFO - Filling up the DagBag from /home/airflow/.local/lib/python3.12/site-packages/airflow/example_dags/example_complex.py
[2024-08-03T21:46:24.274+0000] {processor.py:840} INFO - DAG(s) 'example_complex' retrieved from /home/airflow/.local/lib/python3.12/site-packages/airflow/example_dags/example_complex.py
[2024-08-03T21:46:24.417+0000] {logging_mixin.py:188} INFO - [2024-08-03T21:46:24.417+0000] {dag.py:3089} INFO - Sync 1 DAGs
[2024-08-03T21:46:24.479+0000] {logging_mixin.py:188} INFO - [2024-08-03T21:46:24.478+0000] {dag.py:3947} INFO - Setting next_dagrun for example_complex to None, run_after=None
[2024-08-03T21:46:24.557+0000] {processor.py:183} INFO - Processing /home/airflow/.local/lib/python3.12/site-packages/airflow/example_dags/example_complex.py took 0.373 seconds
[2024-08-03T21:46:54.784+0000] {processor.py:161} INFO - Started process (PID=3846) to work on /home/airflow/.local/lib/python3.12/site-packages/airflow/example_dags/example_complex.py
[2024-08-03T21:46:54.787+0000] {processor.py:830} INFO - Processing file /home/airflow/.local/lib/python3.12/site-packages/airflow/example_dags/example_complex.py for tasks to queue
[2024-08-03T21:46:54.796+0000] {logging_mixin.py:188} INFO - [2024-08-03T21:46:54.794+0000] {dagbag.py:545} INFO - Filling up the DagBag from /home/airflow/.local/lib/python3.12/site-packages/airflow/example_dags/example_complex.py
[2024-08-03T21:46:54.823+0000] {processor.py:840} INFO - DAG(s) 'example_complex' retrieved from /home/airflow/.local/lib/python3.12/site-packages/airflow/example_dags/example_complex.py
[2024-08-03T21:46:54.903+0000] {logging_mixin.py:188} INFO - [2024-08-03T21:46:54.902+0000] {dag.py:3089} INFO - Sync 1 DAGs
[2024-08-03T21:46:54.940+0000] {logging_mixin.py:188} INFO - [2024-08-03T21:46:54.939+0000] {dag.py:3947} INFO - Setting next_dagrun for example_complex to None, run_after=None
[2024-08-03T21:46:54.977+0000] {processor.py:183} INFO - Processing /home/airflow/.local/lib/python3.12/site-packages/airflow/example_dags/example_complex.py took 0.218 seconds
[2024-08-03T21:47:25.594+0000] {processor.py:161} INFO - Started process (PID=3904) to work on /home/airflow/.local/lib/python3.12/site-packages/airflow/example_dags/example_complex.py
[2024-08-03T21:47:25.597+0000] {processor.py:830} INFO - Processing file /home/airflow/.local/lib/python3.12/site-packages/airflow/example_dags/example_complex.py for tasks to queue
[2024-08-03T21:47:25.607+0000] {logging_mixin.py:188} INFO - [2024-08-03T21:47:25.604+0000] {dagbag.py:545} INFO - Filling up the DagBag from /home/airflow/.local/lib/python3.12/site-packages/airflow/example_dags/example_complex.py
[2024-08-03T21:47:25.654+0000] {processor.py:840} INFO - DAG(s) 'example_complex' retrieved from /home/airflow/.local/lib/python3.12/site-packages/airflow/example_dags/example_complex.py
[2024-08-03T21:47:25.799+0000] {logging_mixin.py:188} INFO - [2024-08-03T21:47:25.798+0000] {dag.py:3089} INFO - Sync 1 DAGs
[2024-08-03T21:47:25.855+0000] {logging_mixin.py:188} INFO - [2024-08-03T21:47:25.854+0000] {dag.py:3947} INFO - Setting next_dagrun for example_complex to None, run_after=None
[2024-08-03T21:47:25.931+0000] {processor.py:183} INFO - Processing /home/airflow/.local/lib/python3.12/site-packages/airflow/example_dags/example_complex.py took 0.359 seconds
[2024-08-03T21:47:56.230+0000] {processor.py:161} INFO - Started process (PID=3960) to work on /home/airflow/.local/lib/python3.12/site-packages/airflow/example_dags/example_complex.py
[2024-08-03T21:47:56.234+0000] {processor.py:830} INFO - Processing file /home/airflow/.local/lib/python3.12/site-packages/airflow/example_dags/example_complex.py for tasks to queue
[2024-08-03T21:47:56.242+0000] {logging_mixin.py:188} INFO - [2024-08-03T21:47:56.240+0000] {dagbag.py:545} INFO - Filling up the DagBag from /home/airflow/.local/lib/python3.12/site-packages/airflow/example_dags/example_complex.py
[2024-08-03T21:47:56.290+0000] {processor.py:840} INFO - DAG(s) 'example_complex' retrieved from /home/airflow/.local/lib/python3.12/site-packages/airflow/example_dags/example_complex.py
[2024-08-03T21:47:56.468+0000] {logging_mixin.py:188} INFO - [2024-08-03T21:47:56.467+0000] {dag.py:3089} INFO - Sync 1 DAGs
[2024-08-03T21:47:56.534+0000] {logging_mixin.py:188} INFO - [2024-08-03T21:47:56.532+0000] {dag.py:3947} INFO - Setting next_dagrun for example_complex to None, run_after=None
[2024-08-03T21:47:56.633+0000] {processor.py:183} INFO - Processing /home/airflow/.local/lib/python3.12/site-packages/airflow/example_dags/example_complex.py took 0.433 seconds
[2024-08-03T21:48:26.736+0000] {processor.py:161} INFO - Started process (PID=4017) to work on /home/airflow/.local/lib/python3.12/site-packages/airflow/example_dags/example_complex.py
[2024-08-03T21:48:26.739+0000] {processor.py:830} INFO - Processing file /home/airflow/.local/lib/python3.12/site-packages/airflow/example_dags/example_complex.py for tasks to queue
[2024-08-03T21:48:26.746+0000] {logging_mixin.py:188} INFO - [2024-08-03T21:48:26.745+0000] {dagbag.py:545} INFO - Filling up the DagBag from /home/airflow/.local/lib/python3.12/site-packages/airflow/example_dags/example_complex.py
[2024-08-03T21:48:26.792+0000] {processor.py:840} INFO - DAG(s) 'example_complex' retrieved from /home/airflow/.local/lib/python3.12/site-packages/airflow/example_dags/example_complex.py
[2024-08-03T21:48:26.957+0000] {logging_mixin.py:188} INFO - [2024-08-03T21:48:26.956+0000] {dag.py:3089} INFO - Sync 1 DAGs
[2024-08-03T21:48:27.021+0000] {logging_mixin.py:188} INFO - [2024-08-03T21:48:27.021+0000] {dag.py:3947} INFO - Setting next_dagrun for example_complex to None, run_after=None
[2024-08-03T21:48:27.097+0000] {processor.py:183} INFO - Processing /home/airflow/.local/lib/python3.12/site-packages/airflow/example_dags/example_complex.py took 0.383 seconds
[2024-08-03T21:48:58.025+0000] {processor.py:161} INFO - Started process (PID=4076) to work on /home/airflow/.local/lib/python3.12/site-packages/airflow/example_dags/example_complex.py
[2024-08-03T21:48:58.029+0000] {processor.py:830} INFO - Processing file /home/airflow/.local/lib/python3.12/site-packages/airflow/example_dags/example_complex.py for tasks to queue
[2024-08-03T21:48:58.045+0000] {logging_mixin.py:188} INFO - [2024-08-03T21:48:58.040+0000] {dagbag.py:545} INFO - Filling up the DagBag from /home/airflow/.local/lib/python3.12/site-packages/airflow/example_dags/example_complex.py
[2024-08-03T21:48:58.111+0000] {processor.py:840} INFO - DAG(s) 'example_complex' retrieved from /home/airflow/.local/lib/python3.12/site-packages/airflow/example_dags/example_complex.py
[2024-08-03T21:48:58.320+0000] {logging_mixin.py:188} INFO - [2024-08-03T21:48:58.319+0000] {dag.py:3089} INFO - Sync 1 DAGs
[2024-08-03T21:48:58.407+0000] {logging_mixin.py:188} INFO - [2024-08-03T21:48:58.406+0000] {dag.py:3947} INFO - Setting next_dagrun for example_complex to None, run_after=None
[2024-08-03T21:48:58.470+0000] {processor.py:183} INFO - Processing /home/airflow/.local/lib/python3.12/site-packages/airflow/example_dags/example_complex.py took 0.472 seconds
[2024-08-03T21:49:29.276+0000] {processor.py:161} INFO - Started process (PID=4134) to work on /home/airflow/.local/lib/python3.12/site-packages/airflow/example_dags/example_complex.py
[2024-08-03T21:49:29.279+0000] {processor.py:830} INFO - Processing file /home/airflow/.local/lib/python3.12/site-packages/airflow/example_dags/example_complex.py for tasks to queue
[2024-08-03T21:49:29.287+0000] {logging_mixin.py:188} INFO - [2024-08-03T21:49:29.286+0000] {dagbag.py:545} INFO - Filling up the DagBag from /home/airflow/.local/lib/python3.12/site-packages/airflow/example_dags/example_complex.py
[2024-08-03T21:49:29.337+0000] {processor.py:840} INFO - DAG(s) 'example_complex' retrieved from /home/airflow/.local/lib/python3.12/site-packages/airflow/example_dags/example_complex.py
[2024-08-03T21:49:29.474+0000] {logging_mixin.py:188} INFO - [2024-08-03T21:49:29.473+0000] {dag.py:3089} INFO - Sync 1 DAGs
[2024-08-03T21:49:29.516+0000] {logging_mixin.py:188} INFO - [2024-08-03T21:49:29.516+0000] {dag.py:3947} INFO - Setting next_dagrun for example_complex to None, run_after=None
[2024-08-03T21:49:29.579+0000] {processor.py:183} INFO - Processing /home/airflow/.local/lib/python3.12/site-packages/airflow/example_dags/example_complex.py took 0.332 seconds
[2024-08-03T21:50:00.083+0000] {processor.py:161} INFO - Started process (PID=4192) to work on /home/airflow/.local/lib/python3.12/site-packages/airflow/example_dags/example_complex.py
[2024-08-03T21:50:00.086+0000] {processor.py:830} INFO - Processing file /home/airflow/.local/lib/python3.12/site-packages/airflow/example_dags/example_complex.py for tasks to queue
[2024-08-03T21:50:00.097+0000] {logging_mixin.py:188} INFO - [2024-08-03T21:50:00.094+0000] {dagbag.py:545} INFO - Filling up the DagBag from /home/airflow/.local/lib/python3.12/site-packages/airflow/example_dags/example_complex.py
[2024-08-03T21:50:00.150+0000] {processor.py:840} INFO - DAG(s) 'example_complex' retrieved from /home/airflow/.local/lib/python3.12/site-packages/airflow/example_dags/example_complex.py
[2024-08-03T21:50:00.278+0000] {logging_mixin.py:188} INFO - [2024-08-03T21:50:00.277+0000] {dag.py:3089} INFO - Sync 1 DAGs
[2024-08-03T21:50:00.297+0000] {logging_mixin.py:188} INFO - [2024-08-03T21:50:00.297+0000] {dag.py:3947} INFO - Setting next_dagrun for example_complex to None, run_after=None
[2024-08-03T21:50:00.320+0000] {processor.py:183} INFO - Processing /home/airflow/.local/lib/python3.12/site-packages/airflow/example_dags/example_complex.py took 0.265 seconds
[2024-08-03T21:50:30.854+0000] {processor.py:161} INFO - Started process (PID=4250) to work on /home/airflow/.local/lib/python3.12/site-packages/airflow/example_dags/example_complex.py
[2024-08-03T21:50:30.856+0000] {processor.py:830} INFO - Processing file /home/airflow/.local/lib/python3.12/site-packages/airflow/example_dags/example_complex.py for tasks to queue
[2024-08-03T21:50:30.862+0000] {logging_mixin.py:188} INFO - [2024-08-03T21:50:30.861+0000] {dagbag.py:545} INFO - Filling up the DagBag from /home/airflow/.local/lib/python3.12/site-packages/airflow/example_dags/example_complex.py
[2024-08-03T21:50:30.904+0000] {processor.py:840} INFO - DAG(s) 'example_complex' retrieved from /home/airflow/.local/lib/python3.12/site-packages/airflow/example_dags/example_complex.py
[2024-08-03T21:50:31.039+0000] {logging_mixin.py:188} INFO - [2024-08-03T21:50:31.038+0000] {dag.py:3089} INFO - Sync 1 DAGs
[2024-08-03T21:50:31.086+0000] {logging_mixin.py:188} INFO - [2024-08-03T21:50:31.085+0000] {dag.py:3947} INFO - Setting next_dagrun for example_complex to None, run_after=None
[2024-08-03T21:50:31.125+0000] {processor.py:183} INFO - Processing /home/airflow/.local/lib/python3.12/site-packages/airflow/example_dags/example_complex.py took 0.292 seconds
[2024-08-03T21:51:01.412+0000] {processor.py:161} INFO - Started process (PID=4308) to work on /home/airflow/.local/lib/python3.12/site-packages/airflow/example_dags/example_complex.py
[2024-08-03T21:51:01.415+0000] {processor.py:830} INFO - Processing file /home/airflow/.local/lib/python3.12/site-packages/airflow/example_dags/example_complex.py for tasks to queue
[2024-08-03T21:51:01.420+0000] {logging_mixin.py:188} INFO - [2024-08-03T21:51:01.419+0000] {dagbag.py:545} INFO - Filling up the DagBag from /home/airflow/.local/lib/python3.12/site-packages/airflow/example_dags/example_complex.py
[2024-08-03T21:51:01.461+0000] {processor.py:840} INFO - DAG(s) 'example_complex' retrieved from /home/airflow/.local/lib/python3.12/site-packages/airflow/example_dags/example_complex.py
[2024-08-03T21:51:01.586+0000] {logging_mixin.py:188} INFO - [2024-08-03T21:51:01.585+0000] {dag.py:3089} INFO - Sync 1 DAGs
[2024-08-03T21:51:01.632+0000] {logging_mixin.py:188} INFO - [2024-08-03T21:51:01.632+0000] {dag.py:3947} INFO - Setting next_dagrun for example_complex to None, run_after=None
[2024-08-03T21:51:01.695+0000] {processor.py:183} INFO - Processing /home/airflow/.local/lib/python3.12/site-packages/airflow/example_dags/example_complex.py took 0.304 seconds
[2024-08-03T21:51:31.893+0000] {processor.py:161} INFO - Started process (PID=4366) to work on /home/airflow/.local/lib/python3.12/site-packages/airflow/example_dags/example_complex.py
[2024-08-03T21:51:31.895+0000] {processor.py:830} INFO - Processing file /home/airflow/.local/lib/python3.12/site-packages/airflow/example_dags/example_complex.py for tasks to queue
[2024-08-03T21:51:31.900+0000] {logging_mixin.py:188} INFO - [2024-08-03T21:51:31.899+0000] {dagbag.py:545} INFO - Filling up the DagBag from /home/airflow/.local/lib/python3.12/site-packages/airflow/example_dags/example_complex.py
[2024-08-03T21:51:31.941+0000] {processor.py:840} INFO - DAG(s) 'example_complex' retrieved from /home/airflow/.local/lib/python3.12/site-packages/airflow/example_dags/example_complex.py
[2024-08-03T21:51:32.066+0000] {logging_mixin.py:188} INFO - [2024-08-03T21:51:32.065+0000] {dag.py:3089} INFO - Sync 1 DAGs
[2024-08-03T21:51:32.118+0000] {logging_mixin.py:188} INFO - [2024-08-03T21:51:32.117+0000] {dag.py:3947} INFO - Setting next_dagrun for example_complex to None, run_after=None
[2024-08-03T21:51:32.180+0000] {processor.py:183} INFO - Processing /home/airflow/.local/lib/python3.12/site-packages/airflow/example_dags/example_complex.py took 0.308 seconds
[2024-08-03T21:52:02.275+0000] {processor.py:161} INFO - Started process (PID=4423) to work on /home/airflow/.local/lib/python3.12/site-packages/airflow/example_dags/example_complex.py
[2024-08-03T21:52:02.277+0000] {processor.py:830} INFO - Processing file /home/airflow/.local/lib/python3.12/site-packages/airflow/example_dags/example_complex.py for tasks to queue
[2024-08-03T21:52:02.283+0000] {logging_mixin.py:188} INFO - [2024-08-03T21:52:02.282+0000] {dagbag.py:545} INFO - Filling up the DagBag from /home/airflow/.local/lib/python3.12/site-packages/airflow/example_dags/example_complex.py
[2024-08-03T21:52:02.322+0000] {processor.py:840} INFO - DAG(s) 'example_complex' retrieved from /home/airflow/.local/lib/python3.12/site-packages/airflow/example_dags/example_complex.py
[2024-08-03T21:52:02.443+0000] {logging_mixin.py:188} INFO - [2024-08-03T21:52:02.442+0000] {dag.py:3089} INFO - Sync 1 DAGs
[2024-08-03T21:52:02.488+0000] {logging_mixin.py:188} INFO - [2024-08-03T21:52:02.488+0000] {dag.py:3947} INFO - Setting next_dagrun for example_complex to None, run_after=None
[2024-08-03T21:52:02.548+0000] {processor.py:183} INFO - Processing /home/airflow/.local/lib/python3.12/site-packages/airflow/example_dags/example_complex.py took 0.293 seconds
[2024-08-03T21:52:32.805+0000] {processor.py:161} INFO - Started process (PID=4481) to work on /home/airflow/.local/lib/python3.12/site-packages/airflow/example_dags/example_complex.py
[2024-08-03T21:52:32.808+0000] {processor.py:830} INFO - Processing file /home/airflow/.local/lib/python3.12/site-packages/airflow/example_dags/example_complex.py for tasks to queue
[2024-08-03T21:52:32.814+0000] {logging_mixin.py:188} INFO - [2024-08-03T21:52:32.813+0000] {dagbag.py:545} INFO - Filling up the DagBag from /home/airflow/.local/lib/python3.12/site-packages/airflow/example_dags/example_complex.py
[2024-08-03T21:52:32.863+0000] {processor.py:840} INFO - DAG(s) 'example_complex' retrieved from /home/airflow/.local/lib/python3.12/site-packages/airflow/example_dags/example_complex.py
[2024-08-03T21:52:33.010+0000] {logging_mixin.py:188} INFO - [2024-08-03T21:52:33.009+0000] {dag.py:3089} INFO - Sync 1 DAGs
[2024-08-03T21:52:33.080+0000] {logging_mixin.py:188} INFO - [2024-08-03T21:52:33.079+0000] {dag.py:3947} INFO - Setting next_dagrun for example_complex to None, run_after=None
[2024-08-03T21:52:33.155+0000] {processor.py:183} INFO - Processing /home/airflow/.local/lib/python3.12/site-packages/airflow/example_dags/example_complex.py took 0.372 seconds
