[2024-08-03T21:13:31.435+0000] {processor.py:161} INFO - Started process (PID=65) to work on /home/airflow/.local/lib/python3.12/site-packages/airflow/example_dags/tutorial_dag.py
[2024-08-03T21:13:31.436+0000] {processor.py:830} INFO - Processing file /home/airflow/.local/lib/python3.12/site-packages/airflow/example_dags/tutorial_dag.py for tasks to queue
[2024-08-03T21:13:31.439+0000] {logging_mixin.py:188} INFO - [2024-08-03T21:13:31.438+0000] {dagbag.py:545} INFO - Filling up the DagBag from /home/airflow/.local/lib/python3.12/site-packages/airflow/example_dags/tutorial_dag.py
[2024-08-03T21:13:31.452+0000] {processor.py:840} INFO - DAG(s) 'tutorial_dag' retrieved from /home/airflow/.local/lib/python3.12/site-packages/airflow/example_dags/tutorial_dag.py
[2024-08-03T21:13:31.507+0000] {logging_mixin.py:188} INFO - [2024-08-03T21:13:31.506+0000] {dag.py:3089} INFO - Sync 1 DAGs
[2024-08-03T21:13:31.536+0000] {logging_mixin.py:188} INFO - [2024-08-03T21:13:31.536+0000] {dag.py:3947} INFO - Setting next_dagrun for tutorial_dag to None, run_after=None
[2024-08-03T21:13:31.570+0000] {processor.py:183} INFO - Processing /home/airflow/.local/lib/python3.12/site-packages/airflow/example_dags/tutorial_dag.py took 0.144 seconds
[2024-08-03T21:14:02.481+0000] {processor.py:161} INFO - Started process (PID=123) to work on /home/airflow/.local/lib/python3.12/site-packages/airflow/example_dags/tutorial_dag.py
[2024-08-03T21:14:02.483+0000] {processor.py:830} INFO - Processing file /home/airflow/.local/lib/python3.12/site-packages/airflow/example_dags/tutorial_dag.py for tasks to queue
[2024-08-03T21:14:02.488+0000] {logging_mixin.py:188} INFO - [2024-08-03T21:14:02.487+0000] {dagbag.py:545} INFO - Filling up the DagBag from /home/airflow/.local/lib/python3.12/site-packages/airflow/example_dags/tutorial_dag.py
[2024-08-03T21:14:02.504+0000] {processor.py:840} INFO - DAG(s) 'tutorial_dag' retrieved from /home/airflow/.local/lib/python3.12/site-packages/airflow/example_dags/tutorial_dag.py
[2024-08-03T21:14:02.568+0000] {logging_mixin.py:188} INFO - [2024-08-03T21:14:02.567+0000] {dag.py:3089} INFO - Sync 1 DAGs
[2024-08-03T21:14:02.613+0000] {logging_mixin.py:188} INFO - [2024-08-03T21:14:02.612+0000] {dag.py:3947} INFO - Setting next_dagrun for tutorial_dag to None, run_after=None
[2024-08-03T21:14:02.674+0000] {processor.py:183} INFO - Processing /home/airflow/.local/lib/python3.12/site-packages/airflow/example_dags/tutorial_dag.py took 0.213 seconds
[2024-08-03T21:14:33.367+0000] {processor.py:161} INFO - Started process (PID=181) to work on /home/airflow/.local/lib/python3.12/site-packages/airflow/example_dags/tutorial_dag.py
[2024-08-03T21:14:33.367+0000] {processor.py:830} INFO - Processing file /home/airflow/.local/lib/python3.12/site-packages/airflow/example_dags/tutorial_dag.py for tasks to queue
[2024-08-03T21:14:33.369+0000] {logging_mixin.py:188} INFO - [2024-08-03T21:14:33.368+0000] {dagbag.py:545} INFO - Filling up the DagBag from /home/airflow/.local/lib/python3.12/site-packages/airflow/example_dags/tutorial_dag.py
[2024-08-03T21:14:33.373+0000] {processor.py:840} INFO - DAG(s) 'tutorial_dag' retrieved from /home/airflow/.local/lib/python3.12/site-packages/airflow/example_dags/tutorial_dag.py
[2024-08-03T21:14:33.394+0000] {logging_mixin.py:188} INFO - [2024-08-03T21:14:33.393+0000] {dag.py:3089} INFO - Sync 1 DAGs
[2024-08-03T21:14:33.408+0000] {logging_mixin.py:188} INFO - [2024-08-03T21:14:33.408+0000] {dag.py:3947} INFO - Setting next_dagrun for tutorial_dag to None, run_after=None
[2024-08-03T21:14:33.430+0000] {processor.py:183} INFO - Processing /home/airflow/.local/lib/python3.12/site-packages/airflow/example_dags/tutorial_dag.py took 0.069 seconds
[2024-08-03T21:15:03.850+0000] {processor.py:161} INFO - Started process (PID=239) to work on /home/airflow/.local/lib/python3.12/site-packages/airflow/example_dags/tutorial_dag.py
[2024-08-03T21:15:03.853+0000] {processor.py:830} INFO - Processing file /home/airflow/.local/lib/python3.12/site-packages/airflow/example_dags/tutorial_dag.py for tasks to queue
[2024-08-03T21:15:03.858+0000] {logging_mixin.py:188} INFO - [2024-08-03T21:15:03.857+0000] {dagbag.py:545} INFO - Filling up the DagBag from /home/airflow/.local/lib/python3.12/site-packages/airflow/example_dags/tutorial_dag.py
[2024-08-03T21:15:03.868+0000] {processor.py:840} INFO - DAG(s) 'tutorial_dag' retrieved from /home/airflow/.local/lib/python3.12/site-packages/airflow/example_dags/tutorial_dag.py
[2024-08-03T21:15:03.899+0000] {logging_mixin.py:188} INFO - [2024-08-03T21:15:03.898+0000] {dag.py:3089} INFO - Sync 1 DAGs
[2024-08-03T21:15:03.917+0000] {logging_mixin.py:188} INFO - [2024-08-03T21:15:03.917+0000] {dag.py:3947} INFO - Setting next_dagrun for tutorial_dag to None, run_after=None
[2024-08-03T21:15:03.941+0000] {processor.py:183} INFO - Processing /home/airflow/.local/lib/python3.12/site-packages/airflow/example_dags/tutorial_dag.py took 0.108 seconds
[2024-08-03T21:15:34.409+0000] {processor.py:161} INFO - Started process (PID=297) to work on /home/airflow/.local/lib/python3.12/site-packages/airflow/example_dags/tutorial_dag.py
[2024-08-03T21:15:34.410+0000] {processor.py:830} INFO - Processing file /home/airflow/.local/lib/python3.12/site-packages/airflow/example_dags/tutorial_dag.py for tasks to queue
[2024-08-03T21:15:34.412+0000] {logging_mixin.py:188} INFO - [2024-08-03T21:15:34.411+0000] {dagbag.py:545} INFO - Filling up the DagBag from /home/airflow/.local/lib/python3.12/site-packages/airflow/example_dags/tutorial_dag.py
[2024-08-03T21:15:34.417+0000] {processor.py:840} INFO - DAG(s) 'tutorial_dag' retrieved from /home/airflow/.local/lib/python3.12/site-packages/airflow/example_dags/tutorial_dag.py
[2024-08-03T21:15:34.439+0000] {logging_mixin.py:188} INFO - [2024-08-03T21:15:34.438+0000] {dag.py:3089} INFO - Sync 1 DAGs
[2024-08-03T21:15:34.455+0000] {logging_mixin.py:188} INFO - [2024-08-03T21:15:34.455+0000] {dag.py:3947} INFO - Setting next_dagrun for tutorial_dag to None, run_after=None
[2024-08-03T21:15:34.475+0000] {processor.py:183} INFO - Processing /home/airflow/.local/lib/python3.12/site-packages/airflow/example_dags/tutorial_dag.py took 0.072 seconds
[2024-08-03T21:16:04.972+0000] {processor.py:161} INFO - Started process (PID=355) to work on /home/airflow/.local/lib/python3.12/site-packages/airflow/example_dags/tutorial_dag.py
[2024-08-03T21:16:04.973+0000] {processor.py:830} INFO - Processing file /home/airflow/.local/lib/python3.12/site-packages/airflow/example_dags/tutorial_dag.py for tasks to queue
[2024-08-03T21:16:04.975+0000] {logging_mixin.py:188} INFO - [2024-08-03T21:16:04.974+0000] {dagbag.py:545} INFO - Filling up the DagBag from /home/airflow/.local/lib/python3.12/site-packages/airflow/example_dags/tutorial_dag.py
[2024-08-03T21:16:04.980+0000] {processor.py:840} INFO - DAG(s) 'tutorial_dag' retrieved from /home/airflow/.local/lib/python3.12/site-packages/airflow/example_dags/tutorial_dag.py
[2024-08-03T21:16:05.003+0000] {logging_mixin.py:188} INFO - [2024-08-03T21:16:05.003+0000] {dag.py:3089} INFO - Sync 1 DAGs
[2024-08-03T21:16:05.019+0000] {logging_mixin.py:188} INFO - [2024-08-03T21:16:05.019+0000] {dag.py:3947} INFO - Setting next_dagrun for tutorial_dag to None, run_after=None
[2024-08-03T21:16:05.041+0000] {processor.py:183} INFO - Processing /home/airflow/.local/lib/python3.12/site-packages/airflow/example_dags/tutorial_dag.py took 0.076 seconds
[2024-08-03T21:16:35.477+0000] {processor.py:161} INFO - Started process (PID=413) to work on /home/airflow/.local/lib/python3.12/site-packages/airflow/example_dags/tutorial_dag.py
[2024-08-03T21:16:35.479+0000] {processor.py:830} INFO - Processing file /home/airflow/.local/lib/python3.12/site-packages/airflow/example_dags/tutorial_dag.py for tasks to queue
[2024-08-03T21:16:35.485+0000] {logging_mixin.py:188} INFO - [2024-08-03T21:16:35.484+0000] {dagbag.py:545} INFO - Filling up the DagBag from /home/airflow/.local/lib/python3.12/site-packages/airflow/example_dags/tutorial_dag.py
[2024-08-03T21:16:35.500+0000] {processor.py:840} INFO - DAG(s) 'tutorial_dag' retrieved from /home/airflow/.local/lib/python3.12/site-packages/airflow/example_dags/tutorial_dag.py
[2024-08-03T21:16:35.565+0000] {logging_mixin.py:188} INFO - [2024-08-03T21:16:35.564+0000] {dag.py:3089} INFO - Sync 1 DAGs
[2024-08-03T21:16:35.610+0000] {logging_mixin.py:188} INFO - [2024-08-03T21:16:35.610+0000] {dag.py:3947} INFO - Setting next_dagrun for tutorial_dag to None, run_after=None
[2024-08-03T21:16:35.672+0000] {processor.py:183} INFO - Processing /home/airflow/.local/lib/python3.12/site-packages/airflow/example_dags/tutorial_dag.py took 0.215 seconds
[2024-08-03T21:17:06.246+0000] {processor.py:161} INFO - Started process (PID=471) to work on /home/airflow/.local/lib/python3.12/site-packages/airflow/example_dags/tutorial_dag.py
[2024-08-03T21:17:06.247+0000] {processor.py:830} INFO - Processing file /home/airflow/.local/lib/python3.12/site-packages/airflow/example_dags/tutorial_dag.py for tasks to queue
[2024-08-03T21:17:06.249+0000] {logging_mixin.py:188} INFO - [2024-08-03T21:17:06.248+0000] {dagbag.py:545} INFO - Filling up the DagBag from /home/airflow/.local/lib/python3.12/site-packages/airflow/example_dags/tutorial_dag.py
[2024-08-03T21:17:06.255+0000] {processor.py:840} INFO - DAG(s) 'tutorial_dag' retrieved from /home/airflow/.local/lib/python3.12/site-packages/airflow/example_dags/tutorial_dag.py
[2024-08-03T21:17:06.280+0000] {logging_mixin.py:188} INFO - [2024-08-03T21:17:06.280+0000] {dag.py:3089} INFO - Sync 1 DAGs
[2024-08-03T21:17:06.298+0000] {logging_mixin.py:188} INFO - [2024-08-03T21:17:06.297+0000] {dag.py:3947} INFO - Setting next_dagrun for tutorial_dag to None, run_after=None
[2024-08-03T21:17:06.322+0000] {processor.py:183} INFO - Processing /home/airflow/.local/lib/python3.12/site-packages/airflow/example_dags/tutorial_dag.py took 0.084 seconds
[2024-08-03T21:17:37.421+0000] {processor.py:161} INFO - Started process (PID=529) to work on /home/airflow/.local/lib/python3.12/site-packages/airflow/example_dags/tutorial_dag.py
[2024-08-03T21:17:37.423+0000] {processor.py:830} INFO - Processing file /home/airflow/.local/lib/python3.12/site-packages/airflow/example_dags/tutorial_dag.py for tasks to queue
[2024-08-03T21:17:37.431+0000] {logging_mixin.py:188} INFO - [2024-08-03T21:17:37.429+0000] {dagbag.py:545} INFO - Filling up the DagBag from /home/airflow/.local/lib/python3.12/site-packages/airflow/example_dags/tutorial_dag.py
[2024-08-03T21:17:37.452+0000] {processor.py:840} INFO - DAG(s) 'tutorial_dag' retrieved from /home/airflow/.local/lib/python3.12/site-packages/airflow/example_dags/tutorial_dag.py
[2024-08-03T21:17:37.535+0000] {logging_mixin.py:188} INFO - [2024-08-03T21:17:37.534+0000] {dag.py:3089} INFO - Sync 1 DAGs
[2024-08-03T21:17:37.587+0000] {logging_mixin.py:188} INFO - [2024-08-03T21:17:37.586+0000] {dag.py:3947} INFO - Setting next_dagrun for tutorial_dag to None, run_after=None
[2024-08-03T21:17:37.625+0000] {processor.py:183} INFO - Processing /home/airflow/.local/lib/python3.12/site-packages/airflow/example_dags/tutorial_dag.py took 0.224 seconds
[2024-08-03T21:18:08.745+0000] {processor.py:161} INFO - Started process (PID=587) to work on /home/airflow/.local/lib/python3.12/site-packages/airflow/example_dags/tutorial_dag.py
[2024-08-03T21:18:08.746+0000] {processor.py:830} INFO - Processing file /home/airflow/.local/lib/python3.12/site-packages/airflow/example_dags/tutorial_dag.py for tasks to queue
[2024-08-03T21:18:08.748+0000] {logging_mixin.py:188} INFO - [2024-08-03T21:18:08.747+0000] {dagbag.py:545} INFO - Filling up the DagBag from /home/airflow/.local/lib/python3.12/site-packages/airflow/example_dags/tutorial_dag.py
[2024-08-03T21:18:08.753+0000] {processor.py:840} INFO - DAG(s) 'tutorial_dag' retrieved from /home/airflow/.local/lib/python3.12/site-packages/airflow/example_dags/tutorial_dag.py
[2024-08-03T21:18:08.797+0000] {logging_mixin.py:188} INFO - [2024-08-03T21:18:08.796+0000] {dag.py:3089} INFO - Sync 1 DAGs
[2024-08-03T21:18:08.841+0000] {logging_mixin.py:188} INFO - [2024-08-03T21:18:08.840+0000] {dag.py:3947} INFO - Setting next_dagrun for tutorial_dag to None, run_after=None
[2024-08-03T21:18:08.904+0000] {processor.py:183} INFO - Processing /home/airflow/.local/lib/python3.12/site-packages/airflow/example_dags/tutorial_dag.py took 0.166 seconds
[2024-08-03T21:18:39.407+0000] {processor.py:161} INFO - Started process (PID=645) to work on /home/airflow/.local/lib/python3.12/site-packages/airflow/example_dags/tutorial_dag.py
[2024-08-03T21:18:39.408+0000] {processor.py:830} INFO - Processing file /home/airflow/.local/lib/python3.12/site-packages/airflow/example_dags/tutorial_dag.py for tasks to queue
[2024-08-03T21:18:39.410+0000] {logging_mixin.py:188} INFO - [2024-08-03T21:18:39.409+0000] {dagbag.py:545} INFO - Filling up the DagBag from /home/airflow/.local/lib/python3.12/site-packages/airflow/example_dags/tutorial_dag.py
[2024-08-03T21:18:39.415+0000] {processor.py:840} INFO - DAG(s) 'tutorial_dag' retrieved from /home/airflow/.local/lib/python3.12/site-packages/airflow/example_dags/tutorial_dag.py
[2024-08-03T21:18:39.439+0000] {logging_mixin.py:188} INFO - [2024-08-03T21:18:39.439+0000] {dag.py:3089} INFO - Sync 1 DAGs
[2024-08-03T21:18:39.454+0000] {logging_mixin.py:188} INFO - [2024-08-03T21:18:39.454+0000] {dag.py:3947} INFO - Setting next_dagrun for tutorial_dag to None, run_after=None
[2024-08-03T21:18:39.473+0000] {processor.py:183} INFO - Processing /home/airflow/.local/lib/python3.12/site-packages/airflow/example_dags/tutorial_dag.py took 0.073 seconds
[2024-08-03T21:19:10.227+0000] {processor.py:161} INFO - Started process (PID=704) to work on /home/airflow/.local/lib/python3.12/site-packages/airflow/example_dags/tutorial_dag.py
[2024-08-03T21:19:10.228+0000] {processor.py:830} INFO - Processing file /home/airflow/.local/lib/python3.12/site-packages/airflow/example_dags/tutorial_dag.py for tasks to queue
[2024-08-03T21:19:10.230+0000] {logging_mixin.py:188} INFO - [2024-08-03T21:19:10.229+0000] {dagbag.py:545} INFO - Filling up the DagBag from /home/airflow/.local/lib/python3.12/site-packages/airflow/example_dags/tutorial_dag.py
[2024-08-03T21:19:10.235+0000] {processor.py:840} INFO - DAG(s) 'tutorial_dag' retrieved from /home/airflow/.local/lib/python3.12/site-packages/airflow/example_dags/tutorial_dag.py
[2024-08-03T21:19:10.259+0000] {logging_mixin.py:188} INFO - [2024-08-03T21:19:10.259+0000] {dag.py:3089} INFO - Sync 1 DAGs
[2024-08-03T21:19:10.276+0000] {logging_mixin.py:188} INFO - [2024-08-03T21:19:10.276+0000] {dag.py:3947} INFO - Setting next_dagrun for tutorial_dag to None, run_after=None
[2024-08-03T21:19:10.299+0000] {processor.py:183} INFO - Processing /home/airflow/.local/lib/python3.12/site-packages/airflow/example_dags/tutorial_dag.py took 0.079 seconds
[2024-08-03T21:19:41.092+0000] {processor.py:161} INFO - Started process (PID=762) to work on /home/airflow/.local/lib/python3.12/site-packages/airflow/example_dags/tutorial_dag.py
[2024-08-03T21:19:41.094+0000] {processor.py:830} INFO - Processing file /home/airflow/.local/lib/python3.12/site-packages/airflow/example_dags/tutorial_dag.py for tasks to queue
[2024-08-03T21:19:41.097+0000] {logging_mixin.py:188} INFO - [2024-08-03T21:19:41.096+0000] {dagbag.py:545} INFO - Filling up the DagBag from /home/airflow/.local/lib/python3.12/site-packages/airflow/example_dags/tutorial_dag.py
[2024-08-03T21:19:41.106+0000] {processor.py:840} INFO - DAG(s) 'tutorial_dag' retrieved from /home/airflow/.local/lib/python3.12/site-packages/airflow/example_dags/tutorial_dag.py
[2024-08-03T21:19:41.146+0000] {logging_mixin.py:188} INFO - [2024-08-03T21:19:41.146+0000] {dag.py:3089} INFO - Sync 1 DAGs
[2024-08-03T21:19:41.171+0000] {logging_mixin.py:188} INFO - [2024-08-03T21:19:41.171+0000] {dag.py:3947} INFO - Setting next_dagrun for tutorial_dag to None, run_after=None
[2024-08-03T21:19:41.206+0000] {processor.py:183} INFO - Processing /home/airflow/.local/lib/python3.12/site-packages/airflow/example_dags/tutorial_dag.py took 0.126 seconds
[2024-08-03T21:20:11.580+0000] {processor.py:161} INFO - Started process (PID=819) to work on /home/airflow/.local/lib/python3.12/site-packages/airflow/example_dags/tutorial_dag.py
[2024-08-03T21:20:11.583+0000] {processor.py:830} INFO - Processing file /home/airflow/.local/lib/python3.12/site-packages/airflow/example_dags/tutorial_dag.py for tasks to queue
[2024-08-03T21:20:11.589+0000] {logging_mixin.py:188} INFO - [2024-08-03T21:20:11.588+0000] {dagbag.py:545} INFO - Filling up the DagBag from /home/airflow/.local/lib/python3.12/site-packages/airflow/example_dags/tutorial_dag.py
[2024-08-03T21:20:11.607+0000] {processor.py:840} INFO - DAG(s) 'tutorial_dag' retrieved from /home/airflow/.local/lib/python3.12/site-packages/airflow/example_dags/tutorial_dag.py
[2024-08-03T21:20:11.738+0000] {logging_mixin.py:188} INFO - [2024-08-03T21:20:11.737+0000] {dag.py:3089} INFO - Sync 1 DAGs
[2024-08-03T21:20:11.801+0000] {logging_mixin.py:188} INFO - [2024-08-03T21:20:11.800+0000] {dag.py:3947} INFO - Setting next_dagrun for tutorial_dag to None, run_after=None
[2024-08-03T21:20:11.901+0000] {processor.py:183} INFO - Processing /home/airflow/.local/lib/python3.12/site-packages/airflow/example_dags/tutorial_dag.py took 0.351 seconds
[2024-08-03T21:20:42.105+0000] {processor.py:161} INFO - Started process (PID=877) to work on /home/airflow/.local/lib/python3.12/site-packages/airflow/example_dags/tutorial_dag.py
[2024-08-03T21:20:42.107+0000] {processor.py:830} INFO - Processing file /home/airflow/.local/lib/python3.12/site-packages/airflow/example_dags/tutorial_dag.py for tasks to queue
[2024-08-03T21:20:42.113+0000] {logging_mixin.py:188} INFO - [2024-08-03T21:20:42.112+0000] {dagbag.py:545} INFO - Filling up the DagBag from /home/airflow/.local/lib/python3.12/site-packages/airflow/example_dags/tutorial_dag.py
[2024-08-03T21:20:42.132+0000] {processor.py:840} INFO - DAG(s) 'tutorial_dag' retrieved from /home/airflow/.local/lib/python3.12/site-packages/airflow/example_dags/tutorial_dag.py
[2024-08-03T21:20:42.195+0000] {logging_mixin.py:188} INFO - [2024-08-03T21:20:42.194+0000] {dag.py:3089} INFO - Sync 1 DAGs
[2024-08-03T21:20:42.241+0000] {logging_mixin.py:188} INFO - [2024-08-03T21:20:42.240+0000] {dag.py:3947} INFO - Setting next_dagrun for tutorial_dag to None, run_after=None
[2024-08-03T21:20:42.301+0000] {processor.py:183} INFO - Processing /home/airflow/.local/lib/python3.12/site-packages/airflow/example_dags/tutorial_dag.py took 0.216 seconds
[2024-08-03T21:21:12.977+0000] {processor.py:161} INFO - Started process (PID=935) to work on /home/airflow/.local/lib/python3.12/site-packages/airflow/example_dags/tutorial_dag.py
[2024-08-03T21:21:12.979+0000] {processor.py:830} INFO - Processing file /home/airflow/.local/lib/python3.12/site-packages/airflow/example_dags/tutorial_dag.py for tasks to queue
[2024-08-03T21:21:12.984+0000] {logging_mixin.py:188} INFO - [2024-08-03T21:21:12.983+0000] {dagbag.py:545} INFO - Filling up the DagBag from /home/airflow/.local/lib/python3.12/site-packages/airflow/example_dags/tutorial_dag.py
[2024-08-03T21:21:13.002+0000] {processor.py:840} INFO - DAG(s) 'tutorial_dag' retrieved from /home/airflow/.local/lib/python3.12/site-packages/airflow/example_dags/tutorial_dag.py
[2024-08-03T21:21:13.067+0000] {logging_mixin.py:188} INFO - [2024-08-03T21:21:13.066+0000] {dag.py:3089} INFO - Sync 1 DAGs
[2024-08-03T21:21:13.120+0000] {logging_mixin.py:188} INFO - [2024-08-03T21:21:13.119+0000] {dag.py:3947} INFO - Setting next_dagrun for tutorial_dag to None, run_after=None
[2024-08-03T21:21:13.225+0000] {processor.py:183} INFO - Processing /home/airflow/.local/lib/python3.12/site-packages/airflow/example_dags/tutorial_dag.py took 0.268 seconds
[2024-08-03T21:21:43.525+0000] {processor.py:161} INFO - Started process (PID=993) to work on /home/airflow/.local/lib/python3.12/site-packages/airflow/example_dags/tutorial_dag.py
[2024-08-03T21:21:43.528+0000] {processor.py:830} INFO - Processing file /home/airflow/.local/lib/python3.12/site-packages/airflow/example_dags/tutorial_dag.py for tasks to queue
[2024-08-03T21:21:43.538+0000] {logging_mixin.py:188} INFO - [2024-08-03T21:21:43.535+0000] {dagbag.py:545} INFO - Filling up the DagBag from /home/airflow/.local/lib/python3.12/site-packages/airflow/example_dags/tutorial_dag.py
[2024-08-03T21:21:43.558+0000] {processor.py:840} INFO - DAG(s) 'tutorial_dag' retrieved from /home/airflow/.local/lib/python3.12/site-packages/airflow/example_dags/tutorial_dag.py
[2024-08-03T21:21:43.629+0000] {logging_mixin.py:188} INFO - [2024-08-03T21:21:43.629+0000] {dag.py:3089} INFO - Sync 1 DAGs
[2024-08-03T21:21:43.686+0000] {logging_mixin.py:188} INFO - [2024-08-03T21:21:43.684+0000] {dag.py:3947} INFO - Setting next_dagrun for tutorial_dag to None, run_after=None
[2024-08-03T21:21:43.773+0000] {processor.py:183} INFO - Processing /home/airflow/.local/lib/python3.12/site-packages/airflow/example_dags/tutorial_dag.py took 0.269 seconds
[2024-08-03T21:22:14.825+0000] {processor.py:161} INFO - Started process (PID=1052) to work on /home/airflow/.local/lib/python3.12/site-packages/airflow/example_dags/tutorial_dag.py
[2024-08-03T21:22:14.828+0000] {processor.py:830} INFO - Processing file /home/airflow/.local/lib/python3.12/site-packages/airflow/example_dags/tutorial_dag.py for tasks to queue
[2024-08-03T21:22:14.834+0000] {logging_mixin.py:188} INFO - [2024-08-03T21:22:14.833+0000] {dagbag.py:545} INFO - Filling up the DagBag from /home/airflow/.local/lib/python3.12/site-packages/airflow/example_dags/tutorial_dag.py
[2024-08-03T21:22:14.861+0000] {processor.py:840} INFO - DAG(s) 'tutorial_dag' retrieved from /home/airflow/.local/lib/python3.12/site-packages/airflow/example_dags/tutorial_dag.py
[2024-08-03T21:22:14.933+0000] {logging_mixin.py:188} INFO - [2024-08-03T21:22:14.932+0000] {dag.py:3089} INFO - Sync 1 DAGs
[2024-08-03T21:22:14.986+0000] {logging_mixin.py:188} INFO - [2024-08-03T21:22:14.985+0000] {dag.py:3947} INFO - Setting next_dagrun for tutorial_dag to None, run_after=None
[2024-08-03T21:22:15.065+0000] {processor.py:183} INFO - Processing /home/airflow/.local/lib/python3.12/site-packages/airflow/example_dags/tutorial_dag.py took 0.261 seconds
[2024-08-03T21:22:46.034+0000] {processor.py:161} INFO - Started process (PID=1111) to work on /home/airflow/.local/lib/python3.12/site-packages/airflow/example_dags/tutorial_dag.py
[2024-08-03T21:22:46.036+0000] {processor.py:830} INFO - Processing file /home/airflow/.local/lib/python3.12/site-packages/airflow/example_dags/tutorial_dag.py for tasks to queue
[2024-08-03T21:22:46.041+0000] {logging_mixin.py:188} INFO - [2024-08-03T21:22:46.039+0000] {dagbag.py:545} INFO - Filling up the DagBag from /home/airflow/.local/lib/python3.12/site-packages/airflow/example_dags/tutorial_dag.py
[2024-08-03T21:22:46.055+0000] {processor.py:840} INFO - DAG(s) 'tutorial_dag' retrieved from /home/airflow/.local/lib/python3.12/site-packages/airflow/example_dags/tutorial_dag.py
[2024-08-03T21:22:46.084+0000] {logging_mixin.py:188} INFO - [2024-08-03T21:22:46.083+0000] {dag.py:3089} INFO - Sync 1 DAGs
[2024-08-03T21:22:46.109+0000] {logging_mixin.py:188} INFO - [2024-08-03T21:22:46.109+0000] {dag.py:3947} INFO - Setting next_dagrun for tutorial_dag to None, run_after=None
[2024-08-03T21:22:46.154+0000] {processor.py:183} INFO - Processing /home/airflow/.local/lib/python3.12/site-packages/airflow/example_dags/tutorial_dag.py took 0.141 seconds
[2024-08-03T21:23:16.403+0000] {processor.py:161} INFO - Started process (PID=1169) to work on /home/airflow/.local/lib/python3.12/site-packages/airflow/example_dags/tutorial_dag.py
[2024-08-03T21:23:16.407+0000] {processor.py:830} INFO - Processing file /home/airflow/.local/lib/python3.12/site-packages/airflow/example_dags/tutorial_dag.py for tasks to queue
[2024-08-03T21:23:16.412+0000] {logging_mixin.py:188} INFO - [2024-08-03T21:23:16.411+0000] {dagbag.py:545} INFO - Filling up the DagBag from /home/airflow/.local/lib/python3.12/site-packages/airflow/example_dags/tutorial_dag.py
[2024-08-03T21:23:16.436+0000] {processor.py:840} INFO - DAG(s) 'tutorial_dag' retrieved from /home/airflow/.local/lib/python3.12/site-packages/airflow/example_dags/tutorial_dag.py
[2024-08-03T21:23:16.511+0000] {logging_mixin.py:188} INFO - [2024-08-03T21:23:16.511+0000] {dag.py:3089} INFO - Sync 1 DAGs
[2024-08-03T21:23:16.571+0000] {logging_mixin.py:188} INFO - [2024-08-03T21:23:16.571+0000] {dag.py:3947} INFO - Setting next_dagrun for tutorial_dag to None, run_after=None
[2024-08-03T21:23:16.645+0000] {processor.py:183} INFO - Processing /home/airflow/.local/lib/python3.12/site-packages/airflow/example_dags/tutorial_dag.py took 0.266 seconds
[2024-08-03T21:23:46.859+0000] {processor.py:161} INFO - Started process (PID=1226) to work on /home/airflow/.local/lib/python3.12/site-packages/airflow/example_dags/tutorial_dag.py
[2024-08-03T21:23:46.862+0000] {processor.py:830} INFO - Processing file /home/airflow/.local/lib/python3.12/site-packages/airflow/example_dags/tutorial_dag.py for tasks to queue
[2024-08-03T21:23:46.868+0000] {logging_mixin.py:188} INFO - [2024-08-03T21:23:46.867+0000] {dagbag.py:545} INFO - Filling up the DagBag from /home/airflow/.local/lib/python3.12/site-packages/airflow/example_dags/tutorial_dag.py
[2024-08-03T21:23:46.887+0000] {processor.py:840} INFO - DAG(s) 'tutorial_dag' retrieved from /home/airflow/.local/lib/python3.12/site-packages/airflow/example_dags/tutorial_dag.py
[2024-08-03T21:23:46.971+0000] {logging_mixin.py:188} INFO - [2024-08-03T21:23:46.969+0000] {dag.py:3089} INFO - Sync 1 DAGs
[2024-08-03T21:23:47.029+0000] {logging_mixin.py:188} INFO - [2024-08-03T21:23:47.028+0000] {dag.py:3947} INFO - Setting next_dagrun for tutorial_dag to None, run_after=None
[2024-08-03T21:23:47.103+0000] {processor.py:183} INFO - Processing /home/airflow/.local/lib/python3.12/site-packages/airflow/example_dags/tutorial_dag.py took 0.269 seconds
[2024-08-03T21:24:17.372+0000] {processor.py:161} INFO - Started process (PID=1284) to work on /home/airflow/.local/lib/python3.12/site-packages/airflow/example_dags/tutorial_dag.py
[2024-08-03T21:24:17.375+0000] {processor.py:830} INFO - Processing file /home/airflow/.local/lib/python3.12/site-packages/airflow/example_dags/tutorial_dag.py for tasks to queue
[2024-08-03T21:24:17.382+0000] {logging_mixin.py:188} INFO - [2024-08-03T21:24:17.380+0000] {dagbag.py:545} INFO - Filling up the DagBag from /home/airflow/.local/lib/python3.12/site-packages/airflow/example_dags/tutorial_dag.py
[2024-08-03T21:24:17.407+0000] {processor.py:840} INFO - DAG(s) 'tutorial_dag' retrieved from /home/airflow/.local/lib/python3.12/site-packages/airflow/example_dags/tutorial_dag.py
[2024-08-03T21:24:17.482+0000] {logging_mixin.py:188} INFO - [2024-08-03T21:24:17.481+0000] {dag.py:3089} INFO - Sync 1 DAGs
[2024-08-03T21:24:17.538+0000] {logging_mixin.py:188} INFO - [2024-08-03T21:24:17.537+0000] {dag.py:3947} INFO - Setting next_dagrun for tutorial_dag to None, run_after=None
[2024-08-03T21:24:17.616+0000] {processor.py:183} INFO - Processing /home/airflow/.local/lib/python3.12/site-packages/airflow/example_dags/tutorial_dag.py took 0.268 seconds
[2024-08-03T21:24:47.796+0000] {processor.py:161} INFO - Started process (PID=1342) to work on /home/airflow/.local/lib/python3.12/site-packages/airflow/example_dags/tutorial_dag.py
[2024-08-03T21:24:47.800+0000] {processor.py:830} INFO - Processing file /home/airflow/.local/lib/python3.12/site-packages/airflow/example_dags/tutorial_dag.py for tasks to queue
[2024-08-03T21:24:47.807+0000] {logging_mixin.py:188} INFO - [2024-08-03T21:24:47.806+0000] {dagbag.py:545} INFO - Filling up the DagBag from /home/airflow/.local/lib/python3.12/site-packages/airflow/example_dags/tutorial_dag.py
[2024-08-03T21:24:47.825+0000] {processor.py:840} INFO - DAG(s) 'tutorial_dag' retrieved from /home/airflow/.local/lib/python3.12/site-packages/airflow/example_dags/tutorial_dag.py
[2024-08-03T21:24:47.894+0000] {logging_mixin.py:188} INFO - [2024-08-03T21:24:47.893+0000] {dag.py:3089} INFO - Sync 1 DAGs
[2024-08-03T21:24:47.959+0000] {logging_mixin.py:188} INFO - [2024-08-03T21:24:47.958+0000] {dag.py:3947} INFO - Setting next_dagrun for tutorial_dag to None, run_after=None
[2024-08-03T21:24:48.045+0000] {processor.py:183} INFO - Processing /home/airflow/.local/lib/python3.12/site-packages/airflow/example_dags/tutorial_dag.py took 0.271 seconds
[2024-08-03T21:25:19.005+0000] {processor.py:161} INFO - Started process (PID=1401) to work on /home/airflow/.local/lib/python3.12/site-packages/airflow/example_dags/tutorial_dag.py
[2024-08-03T21:25:19.009+0000] {processor.py:830} INFO - Processing file /home/airflow/.local/lib/python3.12/site-packages/airflow/example_dags/tutorial_dag.py for tasks to queue
[2024-08-03T21:25:19.017+0000] {logging_mixin.py:188} INFO - [2024-08-03T21:25:19.016+0000] {dagbag.py:545} INFO - Filling up the DagBag from /home/airflow/.local/lib/python3.12/site-packages/airflow/example_dags/tutorial_dag.py
[2024-08-03T21:25:19.038+0000] {processor.py:840} INFO - DAG(s) 'tutorial_dag' retrieved from /home/airflow/.local/lib/python3.12/site-packages/airflow/example_dags/tutorial_dag.py
[2024-08-03T21:25:19.114+0000] {logging_mixin.py:188} INFO - [2024-08-03T21:25:19.113+0000] {dag.py:3089} INFO - Sync 1 DAGs
[2024-08-03T21:25:19.180+0000] {logging_mixin.py:188} INFO - [2024-08-03T21:25:19.179+0000] {dag.py:3947} INFO - Setting next_dagrun for tutorial_dag to None, run_after=None
[2024-08-03T21:25:19.256+0000] {processor.py:183} INFO - Processing /home/airflow/.local/lib/python3.12/site-packages/airflow/example_dags/tutorial_dag.py took 0.278 seconds
[2024-08-03T21:25:49.775+0000] {processor.py:161} INFO - Started process (PID=1459) to work on /home/airflow/.local/lib/python3.12/site-packages/airflow/example_dags/tutorial_dag.py
[2024-08-03T21:25:49.779+0000] {processor.py:830} INFO - Processing file /home/airflow/.local/lib/python3.12/site-packages/airflow/example_dags/tutorial_dag.py for tasks to queue
[2024-08-03T21:25:49.785+0000] {logging_mixin.py:188} INFO - [2024-08-03T21:25:49.783+0000] {dagbag.py:545} INFO - Filling up the DagBag from /home/airflow/.local/lib/python3.12/site-packages/airflow/example_dags/tutorial_dag.py
[2024-08-03T21:25:49.808+0000] {processor.py:840} INFO - DAG(s) 'tutorial_dag' retrieved from /home/airflow/.local/lib/python3.12/site-packages/airflow/example_dags/tutorial_dag.py
[2024-08-03T21:25:49.883+0000] {logging_mixin.py:188} INFO - [2024-08-03T21:25:49.882+0000] {dag.py:3089} INFO - Sync 1 DAGs
[2024-08-03T21:25:49.938+0000] {logging_mixin.py:188} INFO - [2024-08-03T21:25:49.937+0000] {dag.py:3947} INFO - Setting next_dagrun for tutorial_dag to None, run_after=None
[2024-08-03T21:25:50.021+0000] {processor.py:183} INFO - Processing /home/airflow/.local/lib/python3.12/site-packages/airflow/example_dags/tutorial_dag.py took 0.268 seconds
[2024-08-03T21:26:20.628+0000] {processor.py:161} INFO - Started process (PID=1517) to work on /home/airflow/.local/lib/python3.12/site-packages/airflow/example_dags/tutorial_dag.py
[2024-08-03T21:26:20.631+0000] {processor.py:830} INFO - Processing file /home/airflow/.local/lib/python3.12/site-packages/airflow/example_dags/tutorial_dag.py for tasks to queue
[2024-08-03T21:26:20.637+0000] {logging_mixin.py:188} INFO - [2024-08-03T21:26:20.636+0000] {dagbag.py:545} INFO - Filling up the DagBag from /home/airflow/.local/lib/python3.12/site-packages/airflow/example_dags/tutorial_dag.py
[2024-08-03T21:26:20.657+0000] {processor.py:840} INFO - DAG(s) 'tutorial_dag' retrieved from /home/airflow/.local/lib/python3.12/site-packages/airflow/example_dags/tutorial_dag.py
[2024-08-03T21:26:20.736+0000] {logging_mixin.py:188} INFO - [2024-08-03T21:26:20.736+0000] {dag.py:3089} INFO - Sync 1 DAGs
[2024-08-03T21:26:20.799+0000] {logging_mixin.py:188} INFO - [2024-08-03T21:26:20.798+0000] {dag.py:3947} INFO - Setting next_dagrun for tutorial_dag to None, run_after=None
[2024-08-03T21:26:20.880+0000] {processor.py:183} INFO - Processing /home/airflow/.local/lib/python3.12/site-packages/airflow/example_dags/tutorial_dag.py took 0.279 seconds
[2024-08-03T21:26:51.016+0000] {processor.py:161} INFO - Started process (PID=1575) to work on /home/airflow/.local/lib/python3.12/site-packages/airflow/example_dags/tutorial_dag.py
[2024-08-03T21:26:51.019+0000] {processor.py:830} INFO - Processing file /home/airflow/.local/lib/python3.12/site-packages/airflow/example_dags/tutorial_dag.py for tasks to queue
[2024-08-03T21:26:51.025+0000] {logging_mixin.py:188} INFO - [2024-08-03T21:26:51.024+0000] {dagbag.py:545} INFO - Filling up the DagBag from /home/airflow/.local/lib/python3.12/site-packages/airflow/example_dags/tutorial_dag.py
[2024-08-03T21:26:51.043+0000] {processor.py:840} INFO - DAG(s) 'tutorial_dag' retrieved from /home/airflow/.local/lib/python3.12/site-packages/airflow/example_dags/tutorial_dag.py
[2024-08-03T21:26:51.110+0000] {logging_mixin.py:188} INFO - [2024-08-03T21:26:51.109+0000] {dag.py:3089} INFO - Sync 1 DAGs
[2024-08-03T21:26:51.159+0000] {logging_mixin.py:188} INFO - [2024-08-03T21:26:51.158+0000] {dag.py:3947} INFO - Setting next_dagrun for tutorial_dag to None, run_after=None
[2024-08-03T21:26:51.207+0000] {processor.py:183} INFO - Processing /home/airflow/.local/lib/python3.12/site-packages/airflow/example_dags/tutorial_dag.py took 0.213 seconds
[2024-08-03T21:27:21.876+0000] {processor.py:161} INFO - Started process (PID=1633) to work on /home/airflow/.local/lib/python3.12/site-packages/airflow/example_dags/tutorial_dag.py
[2024-08-03T21:27:21.877+0000] {processor.py:830} INFO - Processing file /home/airflow/.local/lib/python3.12/site-packages/airflow/example_dags/tutorial_dag.py for tasks to queue
[2024-08-03T21:27:21.879+0000] {logging_mixin.py:188} INFO - [2024-08-03T21:27:21.879+0000] {dagbag.py:545} INFO - Filling up the DagBag from /home/airflow/.local/lib/python3.12/site-packages/airflow/example_dags/tutorial_dag.py
[2024-08-03T21:27:21.887+0000] {processor.py:840} INFO - DAG(s) 'tutorial_dag' retrieved from /home/airflow/.local/lib/python3.12/site-packages/airflow/example_dags/tutorial_dag.py
[2024-08-03T21:27:21.922+0000] {logging_mixin.py:188} INFO - [2024-08-03T21:27:21.921+0000] {dag.py:3089} INFO - Sync 1 DAGs
[2024-08-03T21:27:21.950+0000] {logging_mixin.py:188} INFO - [2024-08-03T21:27:21.950+0000] {dag.py:3947} INFO - Setting next_dagrun for tutorial_dag to None, run_after=None
[2024-08-03T21:27:21.999+0000] {processor.py:183} INFO - Processing /home/airflow/.local/lib/python3.12/site-packages/airflow/example_dags/tutorial_dag.py took 0.130 seconds
[2024-08-03T21:27:52.967+0000] {processor.py:161} INFO - Started process (PID=1691) to work on /home/airflow/.local/lib/python3.12/site-packages/airflow/example_dags/tutorial_dag.py
[2024-08-03T21:27:52.968+0000] {processor.py:830} INFO - Processing file /home/airflow/.local/lib/python3.12/site-packages/airflow/example_dags/tutorial_dag.py for tasks to queue
[2024-08-03T21:27:52.970+0000] {logging_mixin.py:188} INFO - [2024-08-03T21:27:52.970+0000] {dagbag.py:545} INFO - Filling up the DagBag from /home/airflow/.local/lib/python3.12/site-packages/airflow/example_dags/tutorial_dag.py
[2024-08-03T21:27:52.976+0000] {processor.py:840} INFO - DAG(s) 'tutorial_dag' retrieved from /home/airflow/.local/lib/python3.12/site-packages/airflow/example_dags/tutorial_dag.py
[2024-08-03T21:27:53.015+0000] {logging_mixin.py:188} INFO - [2024-08-03T21:27:53.014+0000] {dag.py:3089} INFO - Sync 1 DAGs
[2024-08-03T21:27:53.053+0000] {logging_mixin.py:188} INFO - [2024-08-03T21:27:53.052+0000] {dag.py:3947} INFO - Setting next_dagrun for tutorial_dag to None, run_after=None
[2024-08-03T21:27:53.103+0000] {processor.py:183} INFO - Processing /home/airflow/.local/lib/python3.12/site-packages/airflow/example_dags/tutorial_dag.py took 0.142 seconds
[2024-08-03T21:28:23.531+0000] {processor.py:161} INFO - Started process (PID=1748) to work on /home/airflow/.local/lib/python3.12/site-packages/airflow/example_dags/tutorial_dag.py
[2024-08-03T21:28:23.532+0000] {processor.py:830} INFO - Processing file /home/airflow/.local/lib/python3.12/site-packages/airflow/example_dags/tutorial_dag.py for tasks to queue
[2024-08-03T21:28:23.535+0000] {logging_mixin.py:188} INFO - [2024-08-03T21:28:23.535+0000] {dagbag.py:545} INFO - Filling up the DagBag from /home/airflow/.local/lib/python3.12/site-packages/airflow/example_dags/tutorial_dag.py
[2024-08-03T21:28:23.544+0000] {processor.py:840} INFO - DAG(s) 'tutorial_dag' retrieved from /home/airflow/.local/lib/python3.12/site-packages/airflow/example_dags/tutorial_dag.py
[2024-08-03T21:28:23.571+0000] {logging_mixin.py:188} INFO - [2024-08-03T21:28:23.570+0000] {dag.py:3089} INFO - Sync 1 DAGs
[2024-08-03T21:28:23.590+0000] {logging_mixin.py:188} INFO - [2024-08-03T21:28:23.590+0000] {dag.py:3947} INFO - Setting next_dagrun for tutorial_dag to None, run_after=None
[2024-08-03T21:28:23.619+0000] {processor.py:183} INFO - Processing /home/airflow/.local/lib/python3.12/site-packages/airflow/example_dags/tutorial_dag.py took 0.097 seconds
[2024-08-03T21:28:54.380+0000] {processor.py:161} INFO - Started process (PID=1806) to work on /home/airflow/.local/lib/python3.12/site-packages/airflow/example_dags/tutorial_dag.py
[2024-08-03T21:28:54.383+0000] {processor.py:830} INFO - Processing file /home/airflow/.local/lib/python3.12/site-packages/airflow/example_dags/tutorial_dag.py for tasks to queue
[2024-08-03T21:28:54.389+0000] {logging_mixin.py:188} INFO - [2024-08-03T21:28:54.388+0000] {dagbag.py:545} INFO - Filling up the DagBag from /home/airflow/.local/lib/python3.12/site-packages/airflow/example_dags/tutorial_dag.py
[2024-08-03T21:28:54.410+0000] {processor.py:840} INFO - DAG(s) 'tutorial_dag' retrieved from /home/airflow/.local/lib/python3.12/site-packages/airflow/example_dags/tutorial_dag.py
[2024-08-03T21:28:54.475+0000] {logging_mixin.py:188} INFO - [2024-08-03T21:28:54.475+0000] {dag.py:3089} INFO - Sync 1 DAGs
[2024-08-03T21:28:54.521+0000] {logging_mixin.py:188} INFO - [2024-08-03T21:28:54.520+0000] {dag.py:3947} INFO - Setting next_dagrun for tutorial_dag to None, run_after=None
[2024-08-03T21:28:54.579+0000] {processor.py:183} INFO - Processing /home/airflow/.local/lib/python3.12/site-packages/airflow/example_dags/tutorial_dag.py took 0.223 seconds
[2024-08-03T21:29:25.330+0000] {processor.py:161} INFO - Started process (PID=1864) to work on /home/airflow/.local/lib/python3.12/site-packages/airflow/example_dags/tutorial_dag.py
[2024-08-03T21:29:25.332+0000] {processor.py:830} INFO - Processing file /home/airflow/.local/lib/python3.12/site-packages/airflow/example_dags/tutorial_dag.py for tasks to queue
[2024-08-03T21:29:25.337+0000] {logging_mixin.py:188} INFO - [2024-08-03T21:29:25.336+0000] {dagbag.py:545} INFO - Filling up the DagBag from /home/airflow/.local/lib/python3.12/site-packages/airflow/example_dags/tutorial_dag.py
[2024-08-03T21:29:25.355+0000] {processor.py:840} INFO - DAG(s) 'tutorial_dag' retrieved from /home/airflow/.local/lib/python3.12/site-packages/airflow/example_dags/tutorial_dag.py
[2024-08-03T21:29:25.419+0000] {logging_mixin.py:188} INFO - [2024-08-03T21:29:25.418+0000] {dag.py:3089} INFO - Sync 1 DAGs
[2024-08-03T21:29:25.465+0000] {logging_mixin.py:188} INFO - [2024-08-03T21:29:25.464+0000] {dag.py:3947} INFO - Setting next_dagrun for tutorial_dag to None, run_after=None
[2024-08-03T21:29:25.532+0000] {processor.py:183} INFO - Processing /home/airflow/.local/lib/python3.12/site-packages/airflow/example_dags/tutorial_dag.py took 0.221 seconds
[2024-08-03T21:29:56.040+0000] {processor.py:161} INFO - Started process (PID=1922) to work on /home/airflow/.local/lib/python3.12/site-packages/airflow/example_dags/tutorial_dag.py
[2024-08-03T21:29:56.043+0000] {processor.py:830} INFO - Processing file /home/airflow/.local/lib/python3.12/site-packages/airflow/example_dags/tutorial_dag.py for tasks to queue
[2024-08-03T21:29:56.050+0000] {logging_mixin.py:188} INFO - [2024-08-03T21:29:56.048+0000] {dagbag.py:545} INFO - Filling up the DagBag from /home/airflow/.local/lib/python3.12/site-packages/airflow/example_dags/tutorial_dag.py
[2024-08-03T21:29:56.072+0000] {processor.py:840} INFO - DAG(s) 'tutorial_dag' retrieved from /home/airflow/.local/lib/python3.12/site-packages/airflow/example_dags/tutorial_dag.py
[2024-08-03T21:29:56.143+0000] {logging_mixin.py:188} INFO - [2024-08-03T21:29:56.142+0000] {dag.py:3089} INFO - Sync 1 DAGs
[2024-08-03T21:29:56.204+0000] {logging_mixin.py:188} INFO - [2024-08-03T21:29:56.203+0000] {dag.py:3947} INFO - Setting next_dagrun for tutorial_dag to None, run_after=None
[2024-08-03T21:29:56.311+0000] {processor.py:183} INFO - Processing /home/airflow/.local/lib/python3.12/site-packages/airflow/example_dags/tutorial_dag.py took 0.292 seconds
[2024-08-03T21:30:26.447+0000] {processor.py:161} INFO - Started process (PID=1980) to work on /home/airflow/.local/lib/python3.12/site-packages/airflow/example_dags/tutorial_dag.py
[2024-08-03T21:30:26.449+0000] {processor.py:830} INFO - Processing file /home/airflow/.local/lib/python3.12/site-packages/airflow/example_dags/tutorial_dag.py for tasks to queue
[2024-08-03T21:30:26.455+0000] {logging_mixin.py:188} INFO - [2024-08-03T21:30:26.454+0000] {dagbag.py:545} INFO - Filling up the DagBag from /home/airflow/.local/lib/python3.12/site-packages/airflow/example_dags/tutorial_dag.py
[2024-08-03T21:30:26.474+0000] {processor.py:840} INFO - DAG(s) 'tutorial_dag' retrieved from /home/airflow/.local/lib/python3.12/site-packages/airflow/example_dags/tutorial_dag.py
[2024-08-03T21:30:26.542+0000] {logging_mixin.py:188} INFO - [2024-08-03T21:30:26.541+0000] {dag.py:3089} INFO - Sync 1 DAGs
[2024-08-03T21:30:26.592+0000] {logging_mixin.py:188} INFO - [2024-08-03T21:30:26.592+0000] {dag.py:3947} INFO - Setting next_dagrun for tutorial_dag to None, run_after=None
[2024-08-03T21:30:26.650+0000] {processor.py:183} INFO - Processing /home/airflow/.local/lib/python3.12/site-packages/airflow/example_dags/tutorial_dag.py took 0.223 seconds
[2024-08-03T21:30:57.469+0000] {processor.py:161} INFO - Started process (PID=2038) to work on /home/airflow/.local/lib/python3.12/site-packages/airflow/example_dags/tutorial_dag.py
[2024-08-03T21:30:57.471+0000] {processor.py:830} INFO - Processing file /home/airflow/.local/lib/python3.12/site-packages/airflow/example_dags/tutorial_dag.py for tasks to queue
[2024-08-03T21:30:57.477+0000] {logging_mixin.py:188} INFO - [2024-08-03T21:30:57.476+0000] {dagbag.py:545} INFO - Filling up the DagBag from /home/airflow/.local/lib/python3.12/site-packages/airflow/example_dags/tutorial_dag.py
[2024-08-03T21:30:57.494+0000] {processor.py:840} INFO - DAG(s) 'tutorial_dag' retrieved from /home/airflow/.local/lib/python3.12/site-packages/airflow/example_dags/tutorial_dag.py
[2024-08-03T21:30:57.558+0000] {logging_mixin.py:188} INFO - [2024-08-03T21:30:57.558+0000] {dag.py:3089} INFO - Sync 1 DAGs
[2024-08-03T21:30:57.604+0000] {logging_mixin.py:188} INFO - [2024-08-03T21:30:57.603+0000] {dag.py:3947} INFO - Setting next_dagrun for tutorial_dag to None, run_after=None
[2024-08-03T21:30:57.666+0000] {processor.py:183} INFO - Processing /home/airflow/.local/lib/python3.12/site-packages/airflow/example_dags/tutorial_dag.py took 0.216 seconds
[2024-08-03T21:31:27.759+0000] {processor.py:161} INFO - Started process (PID=2096) to work on /home/airflow/.local/lib/python3.12/site-packages/airflow/example_dags/tutorial_dag.py
[2024-08-03T21:31:27.762+0000] {processor.py:830} INFO - Processing file /home/airflow/.local/lib/python3.12/site-packages/airflow/example_dags/tutorial_dag.py for tasks to queue
[2024-08-03T21:31:27.769+0000] {logging_mixin.py:188} INFO - [2024-08-03T21:31:27.768+0000] {dagbag.py:545} INFO - Filling up the DagBag from /home/airflow/.local/lib/python3.12/site-packages/airflow/example_dags/tutorial_dag.py
[2024-08-03T21:31:27.789+0000] {processor.py:840} INFO - DAG(s) 'tutorial_dag' retrieved from /home/airflow/.local/lib/python3.12/site-packages/airflow/example_dags/tutorial_dag.py
[2024-08-03T21:31:28.192+0000] {logging_mixin.py:188} INFO - [2024-08-03T21:31:28.192+0000] {dag.py:3089} INFO - Sync 1 DAGs
[2024-08-03T21:31:28.212+0000] {logging_mixin.py:188} INFO - [2024-08-03T21:31:28.212+0000] {dag.py:3947} INFO - Setting next_dagrun for tutorial_dag to None, run_after=None
[2024-08-03T21:31:28.244+0000] {processor.py:183} INFO - Processing /home/airflow/.local/lib/python3.12/site-packages/airflow/example_dags/tutorial_dag.py took 0.507 seconds
[2024-08-03T21:31:58.396+0000] {processor.py:161} INFO - Started process (PID=2154) to work on /home/airflow/.local/lib/python3.12/site-packages/airflow/example_dags/tutorial_dag.py
[2024-08-03T21:31:58.398+0000] {processor.py:830} INFO - Processing file /home/airflow/.local/lib/python3.12/site-packages/airflow/example_dags/tutorial_dag.py for tasks to queue
[2024-08-03T21:31:58.401+0000] {logging_mixin.py:188} INFO - [2024-08-03T21:31:58.401+0000] {dagbag.py:545} INFO - Filling up the DagBag from /home/airflow/.local/lib/python3.12/site-packages/airflow/example_dags/tutorial_dag.py
[2024-08-03T21:31:58.412+0000] {processor.py:840} INFO - DAG(s) 'tutorial_dag' retrieved from /home/airflow/.local/lib/python3.12/site-packages/airflow/example_dags/tutorial_dag.py
[2024-08-03T21:31:58.457+0000] {logging_mixin.py:188} INFO - [2024-08-03T21:31:58.456+0000] {dag.py:3089} INFO - Sync 1 DAGs
[2024-08-03T21:31:58.488+0000] {logging_mixin.py:188} INFO - [2024-08-03T21:31:58.488+0000] {dag.py:3947} INFO - Setting next_dagrun for tutorial_dag to None, run_after=None
[2024-08-03T21:31:58.533+0000] {processor.py:183} INFO - Processing /home/airflow/.local/lib/python3.12/site-packages/airflow/example_dags/tutorial_dag.py took 0.149 seconds
[2024-08-03T21:32:29.548+0000] {processor.py:161} INFO - Started process (PID=2212) to work on /home/airflow/.local/lib/python3.12/site-packages/airflow/example_dags/tutorial_dag.py
[2024-08-03T21:32:29.550+0000] {processor.py:830} INFO - Processing file /home/airflow/.local/lib/python3.12/site-packages/airflow/example_dags/tutorial_dag.py for tasks to queue
[2024-08-03T21:32:29.558+0000] {logging_mixin.py:188} INFO - [2024-08-03T21:32:29.557+0000] {dagbag.py:545} INFO - Filling up the DagBag from /home/airflow/.local/lib/python3.12/site-packages/airflow/example_dags/tutorial_dag.py
[2024-08-03T21:32:29.579+0000] {processor.py:840} INFO - DAG(s) 'tutorial_dag' retrieved from /home/airflow/.local/lib/python3.12/site-packages/airflow/example_dags/tutorial_dag.py
[2024-08-03T21:32:29.653+0000] {logging_mixin.py:188} INFO - [2024-08-03T21:32:29.652+0000] {dag.py:3089} INFO - Sync 1 DAGs
[2024-08-03T21:32:29.710+0000] {logging_mixin.py:188} INFO - [2024-08-03T21:32:29.709+0000] {dag.py:3947} INFO - Setting next_dagrun for tutorial_dag to None, run_after=None
[2024-08-03T21:32:29.781+0000] {processor.py:183} INFO - Processing /home/airflow/.local/lib/python3.12/site-packages/airflow/example_dags/tutorial_dag.py took 0.256 seconds
[2024-08-03T21:32:59.932+0000] {processor.py:161} INFO - Started process (PID=2270) to work on /home/airflow/.local/lib/python3.12/site-packages/airflow/example_dags/tutorial_dag.py
[2024-08-03T21:32:59.935+0000] {processor.py:830} INFO - Processing file /home/airflow/.local/lib/python3.12/site-packages/airflow/example_dags/tutorial_dag.py for tasks to queue
[2024-08-03T21:32:59.941+0000] {logging_mixin.py:188} INFO - [2024-08-03T21:32:59.940+0000] {dagbag.py:545} INFO - Filling up the DagBag from /home/airflow/.local/lib/python3.12/site-packages/airflow/example_dags/tutorial_dag.py
[2024-08-03T21:32:59.960+0000] {processor.py:840} INFO - DAG(s) 'tutorial_dag' retrieved from /home/airflow/.local/lib/python3.12/site-packages/airflow/example_dags/tutorial_dag.py
[2024-08-03T21:33:00.037+0000] {logging_mixin.py:188} INFO - [2024-08-03T21:33:00.036+0000] {dag.py:3089} INFO - Sync 1 DAGs
[2024-08-03T21:33:00.093+0000] {logging_mixin.py:188} INFO - [2024-08-03T21:33:00.092+0000] {dag.py:3947} INFO - Setting next_dagrun for tutorial_dag to None, run_after=None
[2024-08-03T21:33:00.165+0000] {processor.py:183} INFO - Processing /home/airflow/.local/lib/python3.12/site-packages/airflow/example_dags/tutorial_dag.py took 0.255 seconds
[2024-08-03T21:33:30.629+0000] {processor.py:161} INFO - Started process (PID=2328) to work on /home/airflow/.local/lib/python3.12/site-packages/airflow/example_dags/tutorial_dag.py
[2024-08-03T21:33:30.631+0000] {processor.py:830} INFO - Processing file /home/airflow/.local/lib/python3.12/site-packages/airflow/example_dags/tutorial_dag.py for tasks to queue
[2024-08-03T21:33:30.637+0000] {logging_mixin.py:188} INFO - [2024-08-03T21:33:30.636+0000] {dagbag.py:545} INFO - Filling up the DagBag from /home/airflow/.local/lib/python3.12/site-packages/airflow/example_dags/tutorial_dag.py
[2024-08-03T21:33:30.657+0000] {processor.py:840} INFO - DAG(s) 'tutorial_dag' retrieved from /home/airflow/.local/lib/python3.12/site-packages/airflow/example_dags/tutorial_dag.py
[2024-08-03T21:33:30.731+0000] {logging_mixin.py:188} INFO - [2024-08-03T21:33:30.730+0000] {dag.py:3089} INFO - Sync 1 DAGs
[2024-08-03T21:33:30.784+0000] {logging_mixin.py:188} INFO - [2024-08-03T21:33:30.783+0000] {dag.py:3947} INFO - Setting next_dagrun for tutorial_dag to None, run_after=None
[2024-08-03T21:33:30.852+0000] {processor.py:183} INFO - Processing /home/airflow/.local/lib/python3.12/site-packages/airflow/example_dags/tutorial_dag.py took 0.245 seconds
[2024-08-03T21:34:01.071+0000] {processor.py:161} INFO - Started process (PID=2385) to work on /home/airflow/.local/lib/python3.12/site-packages/airflow/example_dags/tutorial_dag.py
[2024-08-03T21:34:01.073+0000] {processor.py:830} INFO - Processing file /home/airflow/.local/lib/python3.12/site-packages/airflow/example_dags/tutorial_dag.py for tasks to queue
[2024-08-03T21:34:01.079+0000] {logging_mixin.py:188} INFO - [2024-08-03T21:34:01.078+0000] {dagbag.py:545} INFO - Filling up the DagBag from /home/airflow/.local/lib/python3.12/site-packages/airflow/example_dags/tutorial_dag.py
[2024-08-03T21:34:01.098+0000] {processor.py:840} INFO - DAG(s) 'tutorial_dag' retrieved from /home/airflow/.local/lib/python3.12/site-packages/airflow/example_dags/tutorial_dag.py
[2024-08-03T21:34:01.172+0000] {logging_mixin.py:188} INFO - [2024-08-03T21:34:01.171+0000] {dag.py:3089} INFO - Sync 1 DAGs
[2024-08-03T21:34:01.223+0000] {logging_mixin.py:188} INFO - [2024-08-03T21:34:01.222+0000] {dag.py:3947} INFO - Setting next_dagrun for tutorial_dag to None, run_after=None
[2024-08-03T21:34:01.294+0000] {processor.py:183} INFO - Processing /home/airflow/.local/lib/python3.12/site-packages/airflow/example_dags/tutorial_dag.py took 0.247 seconds
[2024-08-03T21:34:31.455+0000] {processor.py:161} INFO - Started process (PID=2443) to work on /home/airflow/.local/lib/python3.12/site-packages/airflow/example_dags/tutorial_dag.py
[2024-08-03T21:34:31.456+0000] {processor.py:830} INFO - Processing file /home/airflow/.local/lib/python3.12/site-packages/airflow/example_dags/tutorial_dag.py for tasks to queue
[2024-08-03T21:34:31.459+0000] {logging_mixin.py:188} INFO - [2024-08-03T21:34:31.459+0000] {dagbag.py:545} INFO - Filling up the DagBag from /home/airflow/.local/lib/python3.12/site-packages/airflow/example_dags/tutorial_dag.py
[2024-08-03T21:34:31.470+0000] {processor.py:840} INFO - DAG(s) 'tutorial_dag' retrieved from /home/airflow/.local/lib/python3.12/site-packages/airflow/example_dags/tutorial_dag.py
[2024-08-03T21:34:31.515+0000] {logging_mixin.py:188} INFO - [2024-08-03T21:34:31.514+0000] {dag.py:3089} INFO - Sync 1 DAGs
[2024-08-03T21:34:31.545+0000] {logging_mixin.py:188} INFO - [2024-08-03T21:34:31.544+0000] {dag.py:3947} INFO - Setting next_dagrun for tutorial_dag to None, run_after=None
[2024-08-03T21:34:31.583+0000] {processor.py:183} INFO - Processing /home/airflow/.local/lib/python3.12/site-packages/airflow/example_dags/tutorial_dag.py took 0.139 seconds
[2024-08-03T21:35:01.978+0000] {processor.py:161} INFO - Started process (PID=2501) to work on /home/airflow/.local/lib/python3.12/site-packages/airflow/example_dags/tutorial_dag.py
[2024-08-03T21:35:01.981+0000] {processor.py:830} INFO - Processing file /home/airflow/.local/lib/python3.12/site-packages/airflow/example_dags/tutorial_dag.py for tasks to queue
[2024-08-03T21:35:01.987+0000] {logging_mixin.py:188} INFO - [2024-08-03T21:35:01.986+0000] {dagbag.py:545} INFO - Filling up the DagBag from /home/airflow/.local/lib/python3.12/site-packages/airflow/example_dags/tutorial_dag.py
[2024-08-03T21:35:02.006+0000] {processor.py:840} INFO - DAG(s) 'tutorial_dag' retrieved from /home/airflow/.local/lib/python3.12/site-packages/airflow/example_dags/tutorial_dag.py
[2024-08-03T21:35:02.076+0000] {logging_mixin.py:188} INFO - [2024-08-03T21:35:02.075+0000] {dag.py:3089} INFO - Sync 1 DAGs
[2024-08-03T21:35:02.128+0000] {logging_mixin.py:188} INFO - [2024-08-03T21:35:02.127+0000] {dag.py:3947} INFO - Setting next_dagrun for tutorial_dag to None, run_after=None
[2024-08-03T21:35:02.195+0000] {processor.py:183} INFO - Processing /home/airflow/.local/lib/python3.12/site-packages/airflow/example_dags/tutorial_dag.py took 0.239 seconds
[2024-08-03T21:35:32.456+0000] {processor.py:161} INFO - Started process (PID=2560) to work on /home/airflow/.local/lib/python3.12/site-packages/airflow/example_dags/tutorial_dag.py
[2024-08-03T21:35:32.459+0000] {processor.py:830} INFO - Processing file /home/airflow/.local/lib/python3.12/site-packages/airflow/example_dags/tutorial_dag.py for tasks to queue
[2024-08-03T21:35:32.464+0000] {logging_mixin.py:188} INFO - [2024-08-03T21:35:32.463+0000] {dagbag.py:545} INFO - Filling up the DagBag from /home/airflow/.local/lib/python3.12/site-packages/airflow/example_dags/tutorial_dag.py
[2024-08-03T21:35:32.484+0000] {processor.py:840} INFO - DAG(s) 'tutorial_dag' retrieved from /home/airflow/.local/lib/python3.12/site-packages/airflow/example_dags/tutorial_dag.py
[2024-08-03T21:35:32.563+0000] {logging_mixin.py:188} INFO - [2024-08-03T21:35:32.562+0000] {dag.py:3089} INFO - Sync 1 DAGs
[2024-08-03T21:35:32.616+0000] {logging_mixin.py:188} INFO - [2024-08-03T21:35:32.615+0000] {dag.py:3947} INFO - Setting next_dagrun for tutorial_dag to None, run_after=None
[2024-08-03T21:35:32.688+0000] {processor.py:183} INFO - Processing /home/airflow/.local/lib/python3.12/site-packages/airflow/example_dags/tutorial_dag.py took 0.256 seconds
[2024-08-03T21:36:03.231+0000] {processor.py:161} INFO - Started process (PID=2618) to work on /home/airflow/.local/lib/python3.12/site-packages/airflow/example_dags/tutorial_dag.py
[2024-08-03T21:36:03.233+0000] {processor.py:830} INFO - Processing file /home/airflow/.local/lib/python3.12/site-packages/airflow/example_dags/tutorial_dag.py for tasks to queue
[2024-08-03T21:36:03.240+0000] {logging_mixin.py:188} INFO - [2024-08-03T21:36:03.238+0000] {dagbag.py:545} INFO - Filling up the DagBag from /home/airflow/.local/lib/python3.12/site-packages/airflow/example_dags/tutorial_dag.py
[2024-08-03T21:36:03.259+0000] {processor.py:840} INFO - DAG(s) 'tutorial_dag' retrieved from /home/airflow/.local/lib/python3.12/site-packages/airflow/example_dags/tutorial_dag.py
[2024-08-03T21:36:03.359+0000] {logging_mixin.py:188} INFO - [2024-08-03T21:36:03.358+0000] {dag.py:3089} INFO - Sync 1 DAGs
[2024-08-03T21:36:03.416+0000] {logging_mixin.py:188} INFO - [2024-08-03T21:36:03.415+0000] {dag.py:3947} INFO - Setting next_dagrun for tutorial_dag to None, run_after=None
[2024-08-03T21:36:03.493+0000] {processor.py:183} INFO - Processing /home/airflow/.local/lib/python3.12/site-packages/airflow/example_dags/tutorial_dag.py took 0.287 seconds
[2024-08-03T21:36:33.849+0000] {processor.py:161} INFO - Started process (PID=2676) to work on /home/airflow/.local/lib/python3.12/site-packages/airflow/example_dags/tutorial_dag.py
[2024-08-03T21:36:33.851+0000] {processor.py:830} INFO - Processing file /home/airflow/.local/lib/python3.12/site-packages/airflow/example_dags/tutorial_dag.py for tasks to queue
[2024-08-03T21:36:33.856+0000] {logging_mixin.py:188} INFO - [2024-08-03T21:36:33.855+0000] {dagbag.py:545} INFO - Filling up the DagBag from /home/airflow/.local/lib/python3.12/site-packages/airflow/example_dags/tutorial_dag.py
[2024-08-03T21:36:33.874+0000] {processor.py:840} INFO - DAG(s) 'tutorial_dag' retrieved from /home/airflow/.local/lib/python3.12/site-packages/airflow/example_dags/tutorial_dag.py
[2024-08-03T21:36:33.931+0000] {logging_mixin.py:188} INFO - [2024-08-03T21:36:33.930+0000] {dag.py:3089} INFO - Sync 1 DAGs
[2024-08-03T21:36:33.971+0000] {logging_mixin.py:188} INFO - [2024-08-03T21:36:33.970+0000] {dag.py:3947} INFO - Setting next_dagrun for tutorial_dag to None, run_after=None
[2024-08-03T21:36:34.017+0000] {processor.py:183} INFO - Processing /home/airflow/.local/lib/python3.12/site-packages/airflow/example_dags/tutorial_dag.py took 0.187 seconds
[2024-08-03T21:37:04.653+0000] {processor.py:161} INFO - Started process (PID=2735) to work on /home/airflow/.local/lib/python3.12/site-packages/airflow/example_dags/tutorial_dag.py
[2024-08-03T21:37:04.656+0000] {processor.py:830} INFO - Processing file /home/airflow/.local/lib/python3.12/site-packages/airflow/example_dags/tutorial_dag.py for tasks to queue
[2024-08-03T21:37:04.660+0000] {logging_mixin.py:188} INFO - [2024-08-03T21:37:04.659+0000] {dagbag.py:545} INFO - Filling up the DagBag from /home/airflow/.local/lib/python3.12/site-packages/airflow/example_dags/tutorial_dag.py
[2024-08-03T21:37:04.668+0000] {processor.py:840} INFO - DAG(s) 'tutorial_dag' retrieved from /home/airflow/.local/lib/python3.12/site-packages/airflow/example_dags/tutorial_dag.py
[2024-08-03T21:37:04.714+0000] {logging_mixin.py:188} INFO - [2024-08-03T21:37:04.713+0000] {dag.py:3089} INFO - Sync 1 DAGs
[2024-08-03T21:37:04.744+0000] {logging_mixin.py:188} INFO - [2024-08-03T21:37:04.743+0000] {dag.py:3947} INFO - Setting next_dagrun for tutorial_dag to None, run_after=None
[2024-08-03T21:37:04.801+0000] {processor.py:183} INFO - Processing /home/airflow/.local/lib/python3.12/site-packages/airflow/example_dags/tutorial_dag.py took 0.161 seconds
[2024-08-03T21:37:35.435+0000] {processor.py:161} INFO - Started process (PID=2793) to work on /home/airflow/.local/lib/python3.12/site-packages/airflow/example_dags/tutorial_dag.py
[2024-08-03T21:37:35.436+0000] {processor.py:830} INFO - Processing file /home/airflow/.local/lib/python3.12/site-packages/airflow/example_dags/tutorial_dag.py for tasks to queue
[2024-08-03T21:37:35.439+0000] {logging_mixin.py:188} INFO - [2024-08-03T21:37:35.438+0000] {dagbag.py:545} INFO - Filling up the DagBag from /home/airflow/.local/lib/python3.12/site-packages/airflow/example_dags/tutorial_dag.py
[2024-08-03T21:37:35.446+0000] {processor.py:840} INFO - DAG(s) 'tutorial_dag' retrieved from /home/airflow/.local/lib/python3.12/site-packages/airflow/example_dags/tutorial_dag.py
[2024-08-03T21:37:35.468+0000] {logging_mixin.py:188} INFO - [2024-08-03T21:37:35.468+0000] {dag.py:3089} INFO - Sync 1 DAGs
[2024-08-03T21:37:35.480+0000] {logging_mixin.py:188} INFO - [2024-08-03T21:37:35.480+0000] {dag.py:3947} INFO - Setting next_dagrun for tutorial_dag to None, run_after=None
[2024-08-03T21:37:35.499+0000] {processor.py:183} INFO - Processing /home/airflow/.local/lib/python3.12/site-packages/airflow/example_dags/tutorial_dag.py took 0.078 seconds
[2024-08-03T21:38:06.130+0000] {processor.py:161} INFO - Started process (PID=2850) to work on /home/airflow/.local/lib/python3.12/site-packages/airflow/example_dags/tutorial_dag.py
[2024-08-03T21:38:06.133+0000] {processor.py:830} INFO - Processing file /home/airflow/.local/lib/python3.12/site-packages/airflow/example_dags/tutorial_dag.py for tasks to queue
[2024-08-03T21:38:06.139+0000] {logging_mixin.py:188} INFO - [2024-08-03T21:38:06.138+0000] {dagbag.py:545} INFO - Filling up the DagBag from /home/airflow/.local/lib/python3.12/site-packages/airflow/example_dags/tutorial_dag.py
[2024-08-03T21:38:06.161+0000] {processor.py:840} INFO - DAG(s) 'tutorial_dag' retrieved from /home/airflow/.local/lib/python3.12/site-packages/airflow/example_dags/tutorial_dag.py
[2024-08-03T21:38:06.244+0000] {logging_mixin.py:188} INFO - [2024-08-03T21:38:06.243+0000] {dag.py:3089} INFO - Sync 1 DAGs
[2024-08-03T21:38:06.303+0000] {logging_mixin.py:188} INFO - [2024-08-03T21:38:06.302+0000] {dag.py:3947} INFO - Setting next_dagrun for tutorial_dag to None, run_after=None
[2024-08-03T21:38:06.379+0000] {processor.py:183} INFO - Processing /home/airflow/.local/lib/python3.12/site-packages/airflow/example_dags/tutorial_dag.py took 0.276 seconds
[2024-08-03T21:38:37.204+0000] {processor.py:161} INFO - Started process (PID=2908) to work on /home/airflow/.local/lib/python3.12/site-packages/airflow/example_dags/tutorial_dag.py
[2024-08-03T21:38:37.206+0000] {processor.py:830} INFO - Processing file /home/airflow/.local/lib/python3.12/site-packages/airflow/example_dags/tutorial_dag.py for tasks to queue
[2024-08-03T21:38:37.211+0000] {logging_mixin.py:188} INFO - [2024-08-03T21:38:37.209+0000] {dagbag.py:545} INFO - Filling up the DagBag from /home/airflow/.local/lib/python3.12/site-packages/airflow/example_dags/tutorial_dag.py
[2024-08-03T21:38:37.221+0000] {processor.py:840} INFO - DAG(s) 'tutorial_dag' retrieved from /home/airflow/.local/lib/python3.12/site-packages/airflow/example_dags/tutorial_dag.py
[2024-08-03T21:38:37.275+0000] {logging_mixin.py:188} INFO - [2024-08-03T21:38:37.275+0000] {dag.py:3089} INFO - Sync 1 DAGs
[2024-08-03T21:38:37.317+0000] {logging_mixin.py:188} INFO - [2024-08-03T21:38:37.317+0000] {dag.py:3947} INFO - Setting next_dagrun for tutorial_dag to None, run_after=None
[2024-08-03T21:38:37.366+0000] {processor.py:183} INFO - Processing /home/airflow/.local/lib/python3.12/site-packages/airflow/example_dags/tutorial_dag.py took 0.179 seconds
[2024-08-03T21:39:08.141+0000] {processor.py:161} INFO - Started process (PID=2966) to work on /home/airflow/.local/lib/python3.12/site-packages/airflow/example_dags/tutorial_dag.py
[2024-08-03T21:39:08.142+0000] {processor.py:830} INFO - Processing file /home/airflow/.local/lib/python3.12/site-packages/airflow/example_dags/tutorial_dag.py for tasks to queue
[2024-08-03T21:39:08.145+0000] {logging_mixin.py:188} INFO - [2024-08-03T21:39:08.145+0000] {dagbag.py:545} INFO - Filling up the DagBag from /home/airflow/.local/lib/python3.12/site-packages/airflow/example_dags/tutorial_dag.py
[2024-08-03T21:39:08.153+0000] {processor.py:840} INFO - DAG(s) 'tutorial_dag' retrieved from /home/airflow/.local/lib/python3.12/site-packages/airflow/example_dags/tutorial_dag.py
[2024-08-03T21:39:08.197+0000] {logging_mixin.py:188} INFO - [2024-08-03T21:39:08.196+0000] {dag.py:3089} INFO - Sync 1 DAGs
[2024-08-03T21:39:08.223+0000] {logging_mixin.py:188} INFO - [2024-08-03T21:39:08.222+0000] {dag.py:3947} INFO - Setting next_dagrun for tutorial_dag to None, run_after=None
[2024-08-03T21:39:08.285+0000] {processor.py:183} INFO - Processing /home/airflow/.local/lib/python3.12/site-packages/airflow/example_dags/tutorial_dag.py took 0.153 seconds
[2024-08-03T21:39:38.887+0000] {processor.py:161} INFO - Started process (PID=3024) to work on /home/airflow/.local/lib/python3.12/site-packages/airflow/example_dags/tutorial_dag.py
[2024-08-03T21:39:38.888+0000] {processor.py:830} INFO - Processing file /home/airflow/.local/lib/python3.12/site-packages/airflow/example_dags/tutorial_dag.py for tasks to queue
[2024-08-03T21:39:38.894+0000] {logging_mixin.py:188} INFO - [2024-08-03T21:39:38.893+0000] {dagbag.py:545} INFO - Filling up the DagBag from /home/airflow/.local/lib/python3.12/site-packages/airflow/example_dags/tutorial_dag.py
[2024-08-03T21:39:38.907+0000] {processor.py:840} INFO - DAG(s) 'tutorial_dag' retrieved from /home/airflow/.local/lib/python3.12/site-packages/airflow/example_dags/tutorial_dag.py
[2024-08-03T21:39:38.952+0000] {logging_mixin.py:188} INFO - [2024-08-03T21:39:38.952+0000] {dag.py:3089} INFO - Sync 1 DAGs
[2024-08-03T21:39:38.997+0000] {logging_mixin.py:188} INFO - [2024-08-03T21:39:38.996+0000] {dag.py:3947} INFO - Setting next_dagrun for tutorial_dag to None, run_after=None
[2024-08-03T21:39:39.047+0000] {processor.py:183} INFO - Processing /home/airflow/.local/lib/python3.12/site-packages/airflow/example_dags/tutorial_dag.py took 0.168 seconds
[2024-08-03T21:40:09.389+0000] {processor.py:161} INFO - Started process (PID=3082) to work on /home/airflow/.local/lib/python3.12/site-packages/airflow/example_dags/tutorial_dag.py
[2024-08-03T21:40:09.390+0000] {processor.py:830} INFO - Processing file /home/airflow/.local/lib/python3.12/site-packages/airflow/example_dags/tutorial_dag.py for tasks to queue
[2024-08-03T21:40:09.393+0000] {logging_mixin.py:188} INFO - [2024-08-03T21:40:09.392+0000] {dagbag.py:545} INFO - Filling up the DagBag from /home/airflow/.local/lib/python3.12/site-packages/airflow/example_dags/tutorial_dag.py
[2024-08-03T21:40:09.401+0000] {processor.py:840} INFO - DAG(s) 'tutorial_dag' retrieved from /home/airflow/.local/lib/python3.12/site-packages/airflow/example_dags/tutorial_dag.py
[2024-08-03T21:40:09.436+0000] {logging_mixin.py:188} INFO - [2024-08-03T21:40:09.435+0000] {dag.py:3089} INFO - Sync 1 DAGs
[2024-08-03T21:40:09.470+0000] {logging_mixin.py:188} INFO - [2024-08-03T21:40:09.470+0000] {dag.py:3947} INFO - Setting next_dagrun for tutorial_dag to None, run_after=None
[2024-08-03T21:40:09.522+0000] {processor.py:183} INFO - Processing /home/airflow/.local/lib/python3.12/site-packages/airflow/example_dags/tutorial_dag.py took 0.144 seconds
[2024-08-03T21:40:39.807+0000] {processor.py:161} INFO - Started process (PID=3146) to work on /home/airflow/.local/lib/python3.12/site-packages/airflow/example_dags/tutorial_dag.py
[2024-08-03T21:40:39.808+0000] {processor.py:830} INFO - Processing file /home/airflow/.local/lib/python3.12/site-packages/airflow/example_dags/tutorial_dag.py for tasks to queue
[2024-08-03T21:40:39.810+0000] {logging_mixin.py:188} INFO - [2024-08-03T21:40:39.810+0000] {dagbag.py:545} INFO - Filling up the DagBag from /home/airflow/.local/lib/python3.12/site-packages/airflow/example_dags/tutorial_dag.py
[2024-08-03T21:40:39.815+0000] {processor.py:840} INFO - DAG(s) 'tutorial_dag' retrieved from /home/airflow/.local/lib/python3.12/site-packages/airflow/example_dags/tutorial_dag.py
[2024-08-03T21:40:39.837+0000] {logging_mixin.py:188} INFO - [2024-08-03T21:40:39.837+0000] {dag.py:3089} INFO - Sync 1 DAGs
[2024-08-03T21:40:39.856+0000] {logging_mixin.py:188} INFO - [2024-08-03T21:40:39.856+0000] {dag.py:3947} INFO - Setting next_dagrun for tutorial_dag to None, run_after=None
[2024-08-03T21:40:39.879+0000] {processor.py:183} INFO - Processing /home/airflow/.local/lib/python3.12/site-packages/airflow/example_dags/tutorial_dag.py took 0.077 seconds
[2024-08-03T21:41:10.937+0000] {processor.py:161} INFO - Started process (PID=3204) to work on /home/airflow/.local/lib/python3.12/site-packages/airflow/example_dags/tutorial_dag.py
[2024-08-03T21:41:10.941+0000] {processor.py:830} INFO - Processing file /home/airflow/.local/lib/python3.12/site-packages/airflow/example_dags/tutorial_dag.py for tasks to queue
[2024-08-03T21:41:10.950+0000] {logging_mixin.py:188} INFO - [2024-08-03T21:41:10.948+0000] {dagbag.py:545} INFO - Filling up the DagBag from /home/airflow/.local/lib/python3.12/site-packages/airflow/example_dags/tutorial_dag.py
[2024-08-03T21:41:10.968+0000] {processor.py:840} INFO - DAG(s) 'tutorial_dag' retrieved from /home/airflow/.local/lib/python3.12/site-packages/airflow/example_dags/tutorial_dag.py
[2024-08-03T21:41:11.040+0000] {logging_mixin.py:188} INFO - [2024-08-03T21:41:11.039+0000] {dag.py:3089} INFO - Sync 1 DAGs
[2024-08-03T21:41:11.098+0000] {logging_mixin.py:188} INFO - [2024-08-03T21:41:11.097+0000] {dag.py:3947} INFO - Setting next_dagrun for tutorial_dag to None, run_after=None
[2024-08-03T21:41:11.169+0000] {processor.py:183} INFO - Processing /home/airflow/.local/lib/python3.12/site-packages/airflow/example_dags/tutorial_dag.py took 0.260 seconds
[2024-08-03T21:41:41.792+0000] {processor.py:161} INFO - Started process (PID=3262) to work on /home/airflow/.local/lib/python3.12/site-packages/airflow/example_dags/tutorial_dag.py
[2024-08-03T21:41:41.794+0000] {processor.py:830} INFO - Processing file /home/airflow/.local/lib/python3.12/site-packages/airflow/example_dags/tutorial_dag.py for tasks to queue
[2024-08-03T21:41:41.798+0000] {logging_mixin.py:188} INFO - [2024-08-03T21:41:41.797+0000] {dagbag.py:545} INFO - Filling up the DagBag from /home/airflow/.local/lib/python3.12/site-packages/airflow/example_dags/tutorial_dag.py
[2024-08-03T21:41:41.814+0000] {processor.py:840} INFO - DAG(s) 'tutorial_dag' retrieved from /home/airflow/.local/lib/python3.12/site-packages/airflow/example_dags/tutorial_dag.py
[2024-08-03T21:41:41.891+0000] {logging_mixin.py:188} INFO - [2024-08-03T21:41:41.890+0000] {dag.py:3089} INFO - Sync 1 DAGs
[2024-08-03T21:41:41.934+0000] {logging_mixin.py:188} INFO - [2024-08-03T21:41:41.934+0000] {dag.py:3947} INFO - Setting next_dagrun for tutorial_dag to None, run_after=None
[2024-08-03T21:41:41.997+0000] {processor.py:183} INFO - Processing /home/airflow/.local/lib/python3.12/site-packages/airflow/example_dags/tutorial_dag.py took 0.221 seconds
[2024-08-03T21:42:12.142+0000] {processor.py:161} INFO - Started process (PID=3320) to work on /home/airflow/.local/lib/python3.12/site-packages/airflow/example_dags/tutorial_dag.py
[2024-08-03T21:42:12.144+0000] {processor.py:830} INFO - Processing file /home/airflow/.local/lib/python3.12/site-packages/airflow/example_dags/tutorial_dag.py for tasks to queue
[2024-08-03T21:42:12.150+0000] {logging_mixin.py:188} INFO - [2024-08-03T21:42:12.149+0000] {dagbag.py:545} INFO - Filling up the DagBag from /home/airflow/.local/lib/python3.12/site-packages/airflow/example_dags/tutorial_dag.py
[2024-08-03T21:42:12.165+0000] {processor.py:840} INFO - DAG(s) 'tutorial_dag' retrieved from /home/airflow/.local/lib/python3.12/site-packages/airflow/example_dags/tutorial_dag.py
[2024-08-03T21:42:12.223+0000] {logging_mixin.py:188} INFO - [2024-08-03T21:42:12.223+0000] {dag.py:3089} INFO - Sync 1 DAGs
[2024-08-03T21:42:12.258+0000] {logging_mixin.py:188} INFO - [2024-08-03T21:42:12.257+0000] {dag.py:3947} INFO - Setting next_dagrun for tutorial_dag to None, run_after=None
[2024-08-03T21:42:12.288+0000] {processor.py:183} INFO - Processing /home/airflow/.local/lib/python3.12/site-packages/airflow/example_dags/tutorial_dag.py took 0.163 seconds
[2024-08-03T21:42:43.514+0000] {processor.py:161} INFO - Started process (PID=3378) to work on /home/airflow/.local/lib/python3.12/site-packages/airflow/example_dags/tutorial_dag.py
[2024-08-03T21:42:43.519+0000] {processor.py:830} INFO - Processing file /home/airflow/.local/lib/python3.12/site-packages/airflow/example_dags/tutorial_dag.py for tasks to queue
[2024-08-03T21:42:43.525+0000] {logging_mixin.py:188} INFO - [2024-08-03T21:42:43.524+0000] {dagbag.py:545} INFO - Filling up the DagBag from /home/airflow/.local/lib/python3.12/site-packages/airflow/example_dags/tutorial_dag.py
[2024-08-03T21:42:43.543+0000] {processor.py:840} INFO - DAG(s) 'tutorial_dag' retrieved from /home/airflow/.local/lib/python3.12/site-packages/airflow/example_dags/tutorial_dag.py
[2024-08-03T21:42:43.628+0000] {logging_mixin.py:188} INFO - [2024-08-03T21:42:43.627+0000] {dag.py:3089} INFO - Sync 1 DAGs
[2024-08-03T21:42:43.690+0000] {logging_mixin.py:188} INFO - [2024-08-03T21:42:43.689+0000] {dag.py:3947} INFO - Setting next_dagrun for tutorial_dag to None, run_after=None
[2024-08-03T21:42:43.778+0000] {processor.py:183} INFO - Processing /home/airflow/.local/lib/python3.12/site-packages/airflow/example_dags/tutorial_dag.py took 0.295 seconds
[2024-08-03T21:43:14.156+0000] {processor.py:161} INFO - Started process (PID=3436) to work on /home/airflow/.local/lib/python3.12/site-packages/airflow/example_dags/tutorial_dag.py
[2024-08-03T21:43:14.158+0000] {processor.py:830} INFO - Processing file /home/airflow/.local/lib/python3.12/site-packages/airflow/example_dags/tutorial_dag.py for tasks to queue
[2024-08-03T21:43:14.161+0000] {logging_mixin.py:188} INFO - [2024-08-03T21:43:14.160+0000] {dagbag.py:545} INFO - Filling up the DagBag from /home/airflow/.local/lib/python3.12/site-packages/airflow/example_dags/tutorial_dag.py
[2024-08-03T21:43:14.176+0000] {processor.py:840} INFO - DAG(s) 'tutorial_dag' retrieved from /home/airflow/.local/lib/python3.12/site-packages/airflow/example_dags/tutorial_dag.py
[2024-08-03T21:43:14.220+0000] {logging_mixin.py:188} INFO - [2024-08-03T21:43:14.219+0000] {dag.py:3089} INFO - Sync 1 DAGs
[2024-08-03T21:43:14.248+0000] {logging_mixin.py:188} INFO - [2024-08-03T21:43:14.247+0000] {dag.py:3947} INFO - Setting next_dagrun for tutorial_dag to None, run_after=None
[2024-08-03T21:43:14.278+0000] {processor.py:183} INFO - Processing /home/airflow/.local/lib/python3.12/site-packages/airflow/example_dags/tutorial_dag.py took 0.150 seconds
[2024-08-03T21:43:44.422+0000] {processor.py:161} INFO - Started process (PID=3495) to work on /home/airflow/.local/lib/python3.12/site-packages/airflow/example_dags/tutorial_dag.py
[2024-08-03T21:43:44.425+0000] {processor.py:830} INFO - Processing file /home/airflow/.local/lib/python3.12/site-packages/airflow/example_dags/tutorial_dag.py for tasks to queue
[2024-08-03T21:43:44.431+0000] {logging_mixin.py:188} INFO - [2024-08-03T21:43:44.430+0000] {dagbag.py:545} INFO - Filling up the DagBag from /home/airflow/.local/lib/python3.12/site-packages/airflow/example_dags/tutorial_dag.py
[2024-08-03T21:43:44.450+0000] {processor.py:840} INFO - DAG(s) 'tutorial_dag' retrieved from /home/airflow/.local/lib/python3.12/site-packages/airflow/example_dags/tutorial_dag.py
[2024-08-03T21:43:44.524+0000] {logging_mixin.py:188} INFO - [2024-08-03T21:43:44.523+0000] {dag.py:3089} INFO - Sync 1 DAGs
[2024-08-03T21:43:44.579+0000] {logging_mixin.py:188} INFO - [2024-08-03T21:43:44.578+0000] {dag.py:3947} INFO - Setting next_dagrun for tutorial_dag to None, run_after=None
[2024-08-03T21:43:44.644+0000] {processor.py:183} INFO - Processing /home/airflow/.local/lib/python3.12/site-packages/airflow/example_dags/tutorial_dag.py took 0.247 seconds
[2024-08-03T21:44:15.000+0000] {processor.py:161} INFO - Started process (PID=3553) to work on /home/airflow/.local/lib/python3.12/site-packages/airflow/example_dags/tutorial_dag.py
[2024-08-03T21:44:15.002+0000] {processor.py:830} INFO - Processing file /home/airflow/.local/lib/python3.12/site-packages/airflow/example_dags/tutorial_dag.py for tasks to queue
[2024-08-03T21:44:15.004+0000] {logging_mixin.py:188} INFO - [2024-08-03T21:44:15.004+0000] {dagbag.py:545} INFO - Filling up the DagBag from /home/airflow/.local/lib/python3.12/site-packages/airflow/example_dags/tutorial_dag.py
[2024-08-03T21:44:15.017+0000] {processor.py:840} INFO - DAG(s) 'tutorial_dag' retrieved from /home/airflow/.local/lib/python3.12/site-packages/airflow/example_dags/tutorial_dag.py
[2024-08-03T21:44:15.063+0000] {logging_mixin.py:188} INFO - [2024-08-03T21:44:15.062+0000] {dag.py:3089} INFO - Sync 1 DAGs
[2024-08-03T21:44:15.094+0000] {logging_mixin.py:188} INFO - [2024-08-03T21:44:15.094+0000] {dag.py:3947} INFO - Setting next_dagrun for tutorial_dag to None, run_after=None
[2024-08-03T21:44:15.146+0000] {processor.py:183} INFO - Processing /home/airflow/.local/lib/python3.12/site-packages/airflow/example_dags/tutorial_dag.py took 0.156 seconds
[2024-08-03T21:44:45.782+0000] {processor.py:161} INFO - Started process (PID=3609) to work on /home/airflow/.local/lib/python3.12/site-packages/airflow/example_dags/tutorial_dag.py
[2024-08-03T21:44:45.784+0000] {processor.py:830} INFO - Processing file /home/airflow/.local/lib/python3.12/site-packages/airflow/example_dags/tutorial_dag.py for tasks to queue
[2024-08-03T21:44:45.786+0000] {logging_mixin.py:188} INFO - [2024-08-03T21:44:45.786+0000] {dagbag.py:545} INFO - Filling up the DagBag from /home/airflow/.local/lib/python3.12/site-packages/airflow/example_dags/tutorial_dag.py
[2024-08-03T21:44:45.794+0000] {processor.py:840} INFO - DAG(s) 'tutorial_dag' retrieved from /home/airflow/.local/lib/python3.12/site-packages/airflow/example_dags/tutorial_dag.py
[2024-08-03T21:44:45.828+0000] {logging_mixin.py:188} INFO - [2024-08-03T21:44:45.828+0000] {dag.py:3089} INFO - Sync 1 DAGs
[2024-08-03T21:44:45.853+0000] {logging_mixin.py:188} INFO - [2024-08-03T21:44:45.853+0000] {dag.py:3947} INFO - Setting next_dagrun for tutorial_dag to None, run_after=None
[2024-08-03T21:44:45.894+0000] {processor.py:183} INFO - Processing /home/airflow/.local/lib/python3.12/site-packages/airflow/example_dags/tutorial_dag.py took 0.120 seconds
[2024-08-03T21:45:16.815+0000] {processor.py:161} INFO - Started process (PID=3668) to work on /home/airflow/.local/lib/python3.12/site-packages/airflow/example_dags/tutorial_dag.py
[2024-08-03T21:45:16.819+0000] {processor.py:830} INFO - Processing file /home/airflow/.local/lib/python3.12/site-packages/airflow/example_dags/tutorial_dag.py for tasks to queue
[2024-08-03T21:45:16.825+0000] {logging_mixin.py:188} INFO - [2024-08-03T21:45:16.824+0000] {dagbag.py:545} INFO - Filling up the DagBag from /home/airflow/.local/lib/python3.12/site-packages/airflow/example_dags/tutorial_dag.py
[2024-08-03T21:45:16.844+0000] {processor.py:840} INFO - DAG(s) 'tutorial_dag' retrieved from /home/airflow/.local/lib/python3.12/site-packages/airflow/example_dags/tutorial_dag.py
[2024-08-03T21:45:16.902+0000] {logging_mixin.py:188} INFO - [2024-08-03T21:45:16.901+0000] {dag.py:3089} INFO - Sync 1 DAGs
[2024-08-03T21:45:16.962+0000] {logging_mixin.py:188} INFO - [2024-08-03T21:45:16.961+0000] {dag.py:3947} INFO - Setting next_dagrun for tutorial_dag to None, run_after=None
[2024-08-03T21:45:17.063+0000] {processor.py:183} INFO - Processing /home/airflow/.local/lib/python3.12/site-packages/airflow/example_dags/tutorial_dag.py took 0.271 seconds
[2024-08-03T21:45:47.618+0000] {processor.py:161} INFO - Started process (PID=3726) to work on /home/airflow/.local/lib/python3.12/site-packages/airflow/example_dags/tutorial_dag.py
[2024-08-03T21:45:47.625+0000] {processor.py:830} INFO - Processing file /home/airflow/.local/lib/python3.12/site-packages/airflow/example_dags/tutorial_dag.py for tasks to queue
[2024-08-03T21:45:47.631+0000] {logging_mixin.py:188} INFO - [2024-08-03T21:45:47.630+0000] {dagbag.py:545} INFO - Filling up the DagBag from /home/airflow/.local/lib/python3.12/site-packages/airflow/example_dags/tutorial_dag.py
[2024-08-03T21:45:47.661+0000] {processor.py:840} INFO - DAG(s) 'tutorial_dag' retrieved from /home/airflow/.local/lib/python3.12/site-packages/airflow/example_dags/tutorial_dag.py
[2024-08-03T21:45:47.749+0000] {logging_mixin.py:188} INFO - [2024-08-03T21:45:47.748+0000] {dag.py:3089} INFO - Sync 1 DAGs
[2024-08-03T21:45:47.811+0000] {logging_mixin.py:188} INFO - [2024-08-03T21:45:47.810+0000] {dag.py:3947} INFO - Setting next_dagrun for tutorial_dag to None, run_after=None
[2024-08-03T21:45:47.895+0000] {processor.py:183} INFO - Processing /home/airflow/.local/lib/python3.12/site-packages/airflow/example_dags/tutorial_dag.py took 0.316 seconds
[2024-08-03T21:46:18.844+0000] {processor.py:161} INFO - Started process (PID=3784) to work on /home/airflow/.local/lib/python3.12/site-packages/airflow/example_dags/tutorial_dag.py
[2024-08-03T21:46:18.846+0000] {processor.py:830} INFO - Processing file /home/airflow/.local/lib/python3.12/site-packages/airflow/example_dags/tutorial_dag.py for tasks to queue
[2024-08-03T21:46:18.850+0000] {logging_mixin.py:188} INFO - [2024-08-03T21:46:18.849+0000] {dagbag.py:545} INFO - Filling up the DagBag from /home/airflow/.local/lib/python3.12/site-packages/airflow/example_dags/tutorial_dag.py
[2024-08-03T21:46:18.865+0000] {processor.py:840} INFO - DAG(s) 'tutorial_dag' retrieved from /home/airflow/.local/lib/python3.12/site-packages/airflow/example_dags/tutorial_dag.py
[2024-08-03T21:46:18.933+0000] {logging_mixin.py:188} INFO - [2024-08-03T21:46:18.932+0000] {dag.py:3089} INFO - Sync 1 DAGs
[2024-08-03T21:46:18.980+0000] {logging_mixin.py:188} INFO - [2024-08-03T21:46:18.979+0000] {dag.py:3947} INFO - Setting next_dagrun for tutorial_dag to None, run_after=None
[2024-08-03T21:46:19.040+0000] {processor.py:183} INFO - Processing /home/airflow/.local/lib/python3.12/site-packages/airflow/example_dags/tutorial_dag.py took 0.222 seconds
[2024-08-03T21:46:49.590+0000] {processor.py:161} INFO - Started process (PID=3842) to work on /home/airflow/.local/lib/python3.12/site-packages/airflow/example_dags/tutorial_dag.py
[2024-08-03T21:46:49.591+0000] {processor.py:830} INFO - Processing file /home/airflow/.local/lib/python3.12/site-packages/airflow/example_dags/tutorial_dag.py for tasks to queue
[2024-08-03T21:46:49.595+0000] {logging_mixin.py:188} INFO - [2024-08-03T21:46:49.594+0000] {dagbag.py:545} INFO - Filling up the DagBag from /home/airflow/.local/lib/python3.12/site-packages/airflow/example_dags/tutorial_dag.py
[2024-08-03T21:46:49.615+0000] {processor.py:840} INFO - DAG(s) 'tutorial_dag' retrieved from /home/airflow/.local/lib/python3.12/site-packages/airflow/example_dags/tutorial_dag.py
[2024-08-03T21:46:49.657+0000] {logging_mixin.py:188} INFO - [2024-08-03T21:46:49.656+0000] {dag.py:3089} INFO - Sync 1 DAGs
[2024-08-03T21:46:49.699+0000] {logging_mixin.py:188} INFO - [2024-08-03T21:46:49.699+0000] {dag.py:3947} INFO - Setting next_dagrun for tutorial_dag to None, run_after=None
[2024-08-03T21:46:49.764+0000] {processor.py:183} INFO - Processing /home/airflow/.local/lib/python3.12/site-packages/airflow/example_dags/tutorial_dag.py took 0.182 seconds
[2024-08-03T21:47:20.159+0000] {processor.py:161} INFO - Started process (PID=3900) to work on /home/airflow/.local/lib/python3.12/site-packages/airflow/example_dags/tutorial_dag.py
[2024-08-03T21:47:20.162+0000] {processor.py:830} INFO - Processing file /home/airflow/.local/lib/python3.12/site-packages/airflow/example_dags/tutorial_dag.py for tasks to queue
[2024-08-03T21:47:20.171+0000] {logging_mixin.py:188} INFO - [2024-08-03T21:47:20.169+0000] {dagbag.py:545} INFO - Filling up the DagBag from /home/airflow/.local/lib/python3.12/site-packages/airflow/example_dags/tutorial_dag.py
[2024-08-03T21:47:20.197+0000] {processor.py:840} INFO - DAG(s) 'tutorial_dag' retrieved from /home/airflow/.local/lib/python3.12/site-packages/airflow/example_dags/tutorial_dag.py
[2024-08-03T21:47:20.284+0000] {logging_mixin.py:188} INFO - [2024-08-03T21:47:20.283+0000] {dag.py:3089} INFO - Sync 1 DAGs
[2024-08-03T21:47:20.372+0000] {logging_mixin.py:188} INFO - [2024-08-03T21:47:20.370+0000] {dag.py:3947} INFO - Setting next_dagrun for tutorial_dag to None, run_after=None
[2024-08-03T21:47:20.461+0000] {processor.py:183} INFO - Processing /home/airflow/.local/lib/python3.12/site-packages/airflow/example_dags/tutorial_dag.py took 0.329 seconds
[2024-08-03T21:47:51.128+0000] {processor.py:161} INFO - Started process (PID=3958) to work on /home/airflow/.local/lib/python3.12/site-packages/airflow/example_dags/tutorial_dag.py
[2024-08-03T21:47:51.131+0000] {processor.py:830} INFO - Processing file /home/airflow/.local/lib/python3.12/site-packages/airflow/example_dags/tutorial_dag.py for tasks to queue
[2024-08-03T21:47:51.137+0000] {logging_mixin.py:188} INFO - [2024-08-03T21:47:51.136+0000] {dagbag.py:545} INFO - Filling up the DagBag from /home/airflow/.local/lib/python3.12/site-packages/airflow/example_dags/tutorial_dag.py
[2024-08-03T21:47:51.157+0000] {processor.py:840} INFO - DAG(s) 'tutorial_dag' retrieved from /home/airflow/.local/lib/python3.12/site-packages/airflow/example_dags/tutorial_dag.py
[2024-08-03T21:47:51.238+0000] {logging_mixin.py:188} INFO - [2024-08-03T21:47:51.237+0000] {dag.py:3089} INFO - Sync 1 DAGs
[2024-08-03T21:47:51.299+0000] {logging_mixin.py:188} INFO - [2024-08-03T21:47:51.298+0000] {dag.py:3947} INFO - Setting next_dagrun for tutorial_dag to None, run_after=None
[2024-08-03T21:47:51.374+0000] {processor.py:183} INFO - Processing /home/airflow/.local/lib/python3.12/site-packages/airflow/example_dags/tutorial_dag.py took 0.273 seconds
[2024-08-03T21:48:21.663+0000] {processor.py:161} INFO - Started process (PID=4016) to work on /home/airflow/.local/lib/python3.12/site-packages/airflow/example_dags/tutorial_dag.py
[2024-08-03T21:48:21.666+0000] {processor.py:830} INFO - Processing file /home/airflow/.local/lib/python3.12/site-packages/airflow/example_dags/tutorial_dag.py for tasks to queue
[2024-08-03T21:48:21.675+0000] {logging_mixin.py:188} INFO - [2024-08-03T21:48:21.673+0000] {dagbag.py:545} INFO - Filling up the DagBag from /home/airflow/.local/lib/python3.12/site-packages/airflow/example_dags/tutorial_dag.py
[2024-08-03T21:48:21.702+0000] {processor.py:840} INFO - DAG(s) 'tutorial_dag' retrieved from /home/airflow/.local/lib/python3.12/site-packages/airflow/example_dags/tutorial_dag.py
[2024-08-03T21:48:21.782+0000] {logging_mixin.py:188} INFO - [2024-08-03T21:48:21.781+0000] {dag.py:3089} INFO - Sync 1 DAGs
[2024-08-03T21:48:21.835+0000] {logging_mixin.py:188} INFO - [2024-08-03T21:48:21.834+0000] {dag.py:3947} INFO - Setting next_dagrun for tutorial_dag to None, run_after=None
[2024-08-03T21:48:21.912+0000] {processor.py:183} INFO - Processing /home/airflow/.local/lib/python3.12/site-packages/airflow/example_dags/tutorial_dag.py took 0.271 seconds
[2024-08-03T21:48:52.688+0000] {processor.py:161} INFO - Started process (PID=4074) to work on /home/airflow/.local/lib/python3.12/site-packages/airflow/example_dags/tutorial_dag.py
[2024-08-03T21:48:52.692+0000] {processor.py:830} INFO - Processing file /home/airflow/.local/lib/python3.12/site-packages/airflow/example_dags/tutorial_dag.py for tasks to queue
[2024-08-03T21:48:52.701+0000] {logging_mixin.py:188} INFO - [2024-08-03T21:48:52.699+0000] {dagbag.py:545} INFO - Filling up the DagBag from /home/airflow/.local/lib/python3.12/site-packages/airflow/example_dags/tutorial_dag.py
[2024-08-03T21:48:52.723+0000] {processor.py:840} INFO - DAG(s) 'tutorial_dag' retrieved from /home/airflow/.local/lib/python3.12/site-packages/airflow/example_dags/tutorial_dag.py
[2024-08-03T21:48:52.798+0000] {logging_mixin.py:188} INFO - [2024-08-03T21:48:52.798+0000] {dag.py:3089} INFO - Sync 1 DAGs
[2024-08-03T21:48:52.826+0000] {logging_mixin.py:188} INFO - [2024-08-03T21:48:52.825+0000] {dag.py:3947} INFO - Setting next_dagrun for tutorial_dag to None, run_after=None
[2024-08-03T21:48:52.872+0000] {processor.py:183} INFO - Processing /home/airflow/.local/lib/python3.12/site-packages/airflow/example_dags/tutorial_dag.py took 0.209 seconds
[2024-08-03T21:49:23.141+0000] {processor.py:161} INFO - Started process (PID=4132) to work on /home/airflow/.local/lib/python3.12/site-packages/airflow/example_dags/tutorial_dag.py
[2024-08-03T21:49:23.143+0000] {processor.py:830} INFO - Processing file /home/airflow/.local/lib/python3.12/site-packages/airflow/example_dags/tutorial_dag.py for tasks to queue
[2024-08-03T21:49:23.145+0000] {logging_mixin.py:188} INFO - [2024-08-03T21:49:23.145+0000] {dagbag.py:545} INFO - Filling up the DagBag from /home/airflow/.local/lib/python3.12/site-packages/airflow/example_dags/tutorial_dag.py
[2024-08-03T21:49:23.152+0000] {processor.py:840} INFO - DAG(s) 'tutorial_dag' retrieved from /home/airflow/.local/lib/python3.12/site-packages/airflow/example_dags/tutorial_dag.py
[2024-08-03T21:49:23.182+0000] {logging_mixin.py:188} INFO - [2024-08-03T21:49:23.181+0000] {dag.py:3089} INFO - Sync 1 DAGs
[2024-08-03T21:49:23.212+0000] {logging_mixin.py:188} INFO - [2024-08-03T21:49:23.212+0000] {dag.py:3947} INFO - Setting next_dagrun for tutorial_dag to None, run_after=None
[2024-08-03T21:49:23.241+0000] {processor.py:183} INFO - Processing /home/airflow/.local/lib/python3.12/site-packages/airflow/example_dags/tutorial_dag.py took 0.115 seconds
[2024-08-03T21:49:53.741+0000] {processor.py:161} INFO - Started process (PID=4190) to work on /home/airflow/.local/lib/python3.12/site-packages/airflow/example_dags/tutorial_dag.py
[2024-08-03T21:49:53.744+0000] {processor.py:830} INFO - Processing file /home/airflow/.local/lib/python3.12/site-packages/airflow/example_dags/tutorial_dag.py for tasks to queue
[2024-08-03T21:49:53.749+0000] {logging_mixin.py:188} INFO - [2024-08-03T21:49:53.748+0000] {dagbag.py:545} INFO - Filling up the DagBag from /home/airflow/.local/lib/python3.12/site-packages/airflow/example_dags/tutorial_dag.py
[2024-08-03T21:49:53.767+0000] {processor.py:840} INFO - DAG(s) 'tutorial_dag' retrieved from /home/airflow/.local/lib/python3.12/site-packages/airflow/example_dags/tutorial_dag.py
[2024-08-03T21:49:53.832+0000] {logging_mixin.py:188} INFO - [2024-08-03T21:49:53.831+0000] {dag.py:3089} INFO - Sync 1 DAGs
[2024-08-03T21:49:53.879+0000] {logging_mixin.py:188} INFO - [2024-08-03T21:49:53.878+0000] {dag.py:3947} INFO - Setting next_dagrun for tutorial_dag to None, run_after=None
[2024-08-03T21:49:53.940+0000] {processor.py:183} INFO - Processing /home/airflow/.local/lib/python3.12/site-packages/airflow/example_dags/tutorial_dag.py took 0.219 seconds
[2024-08-03T21:50:24.549+0000] {processor.py:161} INFO - Started process (PID=4248) to work on /home/airflow/.local/lib/python3.12/site-packages/airflow/example_dags/tutorial_dag.py
[2024-08-03T21:50:24.551+0000] {processor.py:830} INFO - Processing file /home/airflow/.local/lib/python3.12/site-packages/airflow/example_dags/tutorial_dag.py for tasks to queue
[2024-08-03T21:50:24.556+0000] {logging_mixin.py:188} INFO - [2024-08-03T21:50:24.555+0000] {dagbag.py:545} INFO - Filling up the DagBag from /home/airflow/.local/lib/python3.12/site-packages/airflow/example_dags/tutorial_dag.py
[2024-08-03T21:50:24.574+0000] {processor.py:840} INFO - DAG(s) 'tutorial_dag' retrieved from /home/airflow/.local/lib/python3.12/site-packages/airflow/example_dags/tutorial_dag.py
[2024-08-03T21:50:24.639+0000] {logging_mixin.py:188} INFO - [2024-08-03T21:50:24.638+0000] {dag.py:3089} INFO - Sync 1 DAGs
[2024-08-03T21:50:24.686+0000] {logging_mixin.py:188} INFO - [2024-08-03T21:50:24.685+0000] {dag.py:3947} INFO - Setting next_dagrun for tutorial_dag to None, run_after=None
[2024-08-03T21:50:24.752+0000] {processor.py:183} INFO - Processing /home/airflow/.local/lib/python3.12/site-packages/airflow/example_dags/tutorial_dag.py took 0.223 seconds
[2024-08-03T21:50:55.101+0000] {processor.py:161} INFO - Started process (PID=4306) to work on /home/airflow/.local/lib/python3.12/site-packages/airflow/example_dags/tutorial_dag.py
[2024-08-03T21:50:55.103+0000] {processor.py:830} INFO - Processing file /home/airflow/.local/lib/python3.12/site-packages/airflow/example_dags/tutorial_dag.py for tasks to queue
[2024-08-03T21:50:55.108+0000] {logging_mixin.py:188} INFO - [2024-08-03T21:50:55.107+0000] {dagbag.py:545} INFO - Filling up the DagBag from /home/airflow/.local/lib/python3.12/site-packages/airflow/example_dags/tutorial_dag.py
[2024-08-03T21:50:55.126+0000] {processor.py:840} INFO - DAG(s) 'tutorial_dag' retrieved from /home/airflow/.local/lib/python3.12/site-packages/airflow/example_dags/tutorial_dag.py
[2024-08-03T21:50:55.192+0000] {logging_mixin.py:188} INFO - [2024-08-03T21:50:55.191+0000] {dag.py:3089} INFO - Sync 1 DAGs
[2024-08-03T21:50:55.238+0000] {logging_mixin.py:188} INFO - [2024-08-03T21:50:55.238+0000] {dag.py:3947} INFO - Setting next_dagrun for tutorial_dag to None, run_after=None
[2024-08-03T21:50:55.301+0000] {processor.py:183} INFO - Processing /home/airflow/.local/lib/python3.12/site-packages/airflow/example_dags/tutorial_dag.py took 0.221 seconds
[2024-08-03T21:51:25.803+0000] {processor.py:161} INFO - Started process (PID=4364) to work on /home/airflow/.local/lib/python3.12/site-packages/airflow/example_dags/tutorial_dag.py
[2024-08-03T21:51:25.805+0000] {processor.py:830} INFO - Processing file /home/airflow/.local/lib/python3.12/site-packages/airflow/example_dags/tutorial_dag.py for tasks to queue
[2024-08-03T21:51:25.811+0000] {logging_mixin.py:188} INFO - [2024-08-03T21:51:25.810+0000] {dagbag.py:545} INFO - Filling up the DagBag from /home/airflow/.local/lib/python3.12/site-packages/airflow/example_dags/tutorial_dag.py
[2024-08-03T21:51:25.828+0000] {processor.py:840} INFO - DAG(s) 'tutorial_dag' retrieved from /home/airflow/.local/lib/python3.12/site-packages/airflow/example_dags/tutorial_dag.py
[2024-08-03T21:51:25.892+0000] {logging_mixin.py:188} INFO - [2024-08-03T21:51:25.891+0000] {dag.py:3089} INFO - Sync 1 DAGs
[2024-08-03T21:51:25.954+0000] {logging_mixin.py:188} INFO - [2024-08-03T21:51:25.953+0000] {dag.py:3947} INFO - Setting next_dagrun for tutorial_dag to None, run_after=None
[2024-08-03T21:51:26.016+0000] {processor.py:183} INFO - Processing /home/airflow/.local/lib/python3.12/site-packages/airflow/example_dags/tutorial_dag.py took 0.232 seconds
[2024-08-03T21:51:56.195+0000] {processor.py:161} INFO - Started process (PID=4422) to work on /home/airflow/.local/lib/python3.12/site-packages/airflow/example_dags/tutorial_dag.py
[2024-08-03T21:51:56.198+0000] {processor.py:830} INFO - Processing file /home/airflow/.local/lib/python3.12/site-packages/airflow/example_dags/tutorial_dag.py for tasks to queue
[2024-08-03T21:51:56.204+0000] {logging_mixin.py:188} INFO - [2024-08-03T21:51:56.202+0000] {dagbag.py:545} INFO - Filling up the DagBag from /home/airflow/.local/lib/python3.12/site-packages/airflow/example_dags/tutorial_dag.py
[2024-08-03T21:51:56.222+0000] {processor.py:840} INFO - DAG(s) 'tutorial_dag' retrieved from /home/airflow/.local/lib/python3.12/site-packages/airflow/example_dags/tutorial_dag.py
[2024-08-03T21:51:56.288+0000] {logging_mixin.py:188} INFO - [2024-08-03T21:51:56.287+0000] {dag.py:3089} INFO - Sync 1 DAGs
[2024-08-03T21:51:56.334+0000] {logging_mixin.py:188} INFO - [2024-08-03T21:51:56.333+0000] {dag.py:3947} INFO - Setting next_dagrun for tutorial_dag to None, run_after=None
[2024-08-03T21:51:56.395+0000] {processor.py:183} INFO - Processing /home/airflow/.local/lib/python3.12/site-packages/airflow/example_dags/tutorial_dag.py took 0.222 seconds
[2024-08-03T21:52:26.543+0000] {processor.py:161} INFO - Started process (PID=4480) to work on /home/airflow/.local/lib/python3.12/site-packages/airflow/example_dags/tutorial_dag.py
[2024-08-03T21:52:26.544+0000] {processor.py:830} INFO - Processing file /home/airflow/.local/lib/python3.12/site-packages/airflow/example_dags/tutorial_dag.py for tasks to queue
[2024-08-03T21:52:26.549+0000] {logging_mixin.py:188} INFO - [2024-08-03T21:52:26.548+0000] {dagbag.py:545} INFO - Filling up the DagBag from /home/airflow/.local/lib/python3.12/site-packages/airflow/example_dags/tutorial_dag.py
[2024-08-03T21:52:26.559+0000] {processor.py:840} INFO - DAG(s) 'tutorial_dag' retrieved from /home/airflow/.local/lib/python3.12/site-packages/airflow/example_dags/tutorial_dag.py
[2024-08-03T21:52:26.616+0000] {logging_mixin.py:188} INFO - [2024-08-03T21:52:26.614+0000] {dag.py:3089} INFO - Sync 1 DAGs
[2024-08-03T21:52:26.665+0000] {logging_mixin.py:188} INFO - [2024-08-03T21:52:26.665+0000] {dag.py:3947} INFO - Setting next_dagrun for tutorial_dag to None, run_after=None
[2024-08-03T21:52:26.716+0000] {processor.py:183} INFO - Processing /home/airflow/.local/lib/python3.12/site-packages/airflow/example_dags/tutorial_dag.py took 0.183 seconds
