[2024-08-03T21:13:35.365+0000] {processor.py:161} INFO - Started process (PID=98) to work on /home/airflow/.local/lib/python3.12/site-packages/airflow/example_dags/tutorial.py
[2024-08-03T21:13:35.366+0000] {processor.py:830} INFO - Processing file /home/airflow/.local/lib/python3.12/site-packages/airflow/example_dags/tutorial.py for tasks to queue
[2024-08-03T21:13:35.369+0000] {logging_mixin.py:188} INFO - [2024-08-03T21:13:35.369+0000] {dagbag.py:545} INFO - Filling up the DagBag from /home/airflow/.local/lib/python3.12/site-packages/airflow/example_dags/tutorial.py
[2024-08-03T21:13:35.380+0000] {processor.py:840} INFO - DAG(s) 'tutorial' retrieved from /home/airflow/.local/lib/python3.12/site-packages/airflow/example_dags/tutorial.py
[2024-08-03T21:13:35.415+0000] {logging_mixin.py:188} INFO - [2024-08-03T21:13:35.414+0000] {dag.py:3089} INFO - Sync 1 DAGs
[2024-08-03T21:13:35.451+0000] {logging_mixin.py:188} INFO - [2024-08-03T21:13:35.451+0000] {dag.py:3947} INFO - Setting next_dagrun for tutorial to 2024-08-02 00:00:00+00:00, run_after=2024-08-03 00:00:00+00:00
[2024-08-03T21:13:35.479+0000] {processor.py:183} INFO - Processing /home/airflow/.local/lib/python3.12/site-packages/airflow/example_dags/tutorial.py took 0.127 seconds
[2024-08-03T21:14:06.904+0000] {processor.py:161} INFO - Started process (PID=156) to work on /home/airflow/.local/lib/python3.12/site-packages/airflow/example_dags/tutorial.py
[2024-08-03T21:14:06.905+0000] {processor.py:830} INFO - Processing file /home/airflow/.local/lib/python3.12/site-packages/airflow/example_dags/tutorial.py for tasks to queue
[2024-08-03T21:14:06.907+0000] {logging_mixin.py:188} INFO - [2024-08-03T21:14:06.906+0000] {dagbag.py:545} INFO - Filling up the DagBag from /home/airflow/.local/lib/python3.12/site-packages/airflow/example_dags/tutorial.py
[2024-08-03T21:14:06.913+0000] {processor.py:840} INFO - DAG(s) 'tutorial' retrieved from /home/airflow/.local/lib/python3.12/site-packages/airflow/example_dags/tutorial.py
[2024-08-03T21:14:06.933+0000] {logging_mixin.py:188} INFO - [2024-08-03T21:14:06.933+0000] {dag.py:3089} INFO - Sync 1 DAGs
[2024-08-03T21:14:06.957+0000] {logging_mixin.py:188} INFO - [2024-08-03T21:14:06.957+0000] {dag.py:3947} INFO - Setting next_dagrun for tutorial to 2024-08-02 00:00:00+00:00, run_after=2024-08-03 00:00:00+00:00
[2024-08-03T21:14:06.976+0000] {processor.py:183} INFO - Processing /home/airflow/.local/lib/python3.12/site-packages/airflow/example_dags/tutorial.py took 0.078 seconds
[2024-08-03T21:14:39.060+0000] {processor.py:161} INFO - Started process (PID=214) to work on /home/airflow/.local/lib/python3.12/site-packages/airflow/example_dags/tutorial.py
[2024-08-03T21:14:39.062+0000] {processor.py:830} INFO - Processing file /home/airflow/.local/lib/python3.12/site-packages/airflow/example_dags/tutorial.py for tasks to queue
[2024-08-03T21:14:39.064+0000] {logging_mixin.py:188} INFO - [2024-08-03T21:14:39.064+0000] {dagbag.py:545} INFO - Filling up the DagBag from /home/airflow/.local/lib/python3.12/site-packages/airflow/example_dags/tutorial.py
[2024-08-03T21:14:39.076+0000] {processor.py:840} INFO - DAG(s) 'tutorial' retrieved from /home/airflow/.local/lib/python3.12/site-packages/airflow/example_dags/tutorial.py
[2024-08-03T21:14:39.111+0000] {logging_mixin.py:188} INFO - [2024-08-03T21:14:39.111+0000] {dag.py:3089} INFO - Sync 1 DAGs
[2024-08-03T21:14:39.153+0000] {logging_mixin.py:188} INFO - [2024-08-03T21:14:39.153+0000] {dag.py:3947} INFO - Setting next_dagrun for tutorial to 2024-08-02 00:00:00+00:00, run_after=2024-08-03 00:00:00+00:00
[2024-08-03T21:14:39.191+0000] {processor.py:183} INFO - Processing /home/airflow/.local/lib/python3.12/site-packages/airflow/example_dags/tutorial.py took 0.143 seconds
[2024-08-03T21:15:09.405+0000] {processor.py:161} INFO - Started process (PID=272) to work on /home/airflow/.local/lib/python3.12/site-packages/airflow/example_dags/tutorial.py
[2024-08-03T21:15:09.406+0000] {processor.py:830} INFO - Processing file /home/airflow/.local/lib/python3.12/site-packages/airflow/example_dags/tutorial.py for tasks to queue
[2024-08-03T21:15:09.408+0000] {logging_mixin.py:188} INFO - [2024-08-03T21:15:09.407+0000] {dagbag.py:545} INFO - Filling up the DagBag from /home/airflow/.local/lib/python3.12/site-packages/airflow/example_dags/tutorial.py
[2024-08-03T21:15:09.414+0000] {processor.py:840} INFO - DAG(s) 'tutorial' retrieved from /home/airflow/.local/lib/python3.12/site-packages/airflow/example_dags/tutorial.py
[2024-08-03T21:15:09.434+0000] {logging_mixin.py:188} INFO - [2024-08-03T21:15:09.434+0000] {dag.py:3089} INFO - Sync 1 DAGs
[2024-08-03T21:15:09.457+0000] {logging_mixin.py:188} INFO - [2024-08-03T21:15:09.457+0000] {dag.py:3947} INFO - Setting next_dagrun for tutorial to 2024-08-02 00:00:00+00:00, run_after=2024-08-03 00:00:00+00:00
[2024-08-03T21:15:09.478+0000] {processor.py:183} INFO - Processing /home/airflow/.local/lib/python3.12/site-packages/airflow/example_dags/tutorial.py took 0.079 seconds
[2024-08-03T21:15:39.807+0000] {processor.py:161} INFO - Started process (PID=330) to work on /home/airflow/.local/lib/python3.12/site-packages/airflow/example_dags/tutorial.py
[2024-08-03T21:15:39.808+0000] {processor.py:830} INFO - Processing file /home/airflow/.local/lib/python3.12/site-packages/airflow/example_dags/tutorial.py for tasks to queue
[2024-08-03T21:15:39.810+0000] {logging_mixin.py:188} INFO - [2024-08-03T21:15:39.809+0000] {dagbag.py:545} INFO - Filling up the DagBag from /home/airflow/.local/lib/python3.12/site-packages/airflow/example_dags/tutorial.py
[2024-08-03T21:15:39.816+0000] {processor.py:840} INFO - DAG(s) 'tutorial' retrieved from /home/airflow/.local/lib/python3.12/site-packages/airflow/example_dags/tutorial.py
[2024-08-03T21:15:39.838+0000] {logging_mixin.py:188} INFO - [2024-08-03T21:15:39.837+0000] {dag.py:3089} INFO - Sync 1 DAGs
[2024-08-03T21:15:39.862+0000] {logging_mixin.py:188} INFO - [2024-08-03T21:15:39.862+0000] {dag.py:3947} INFO - Setting next_dagrun for tutorial to 2024-08-02 00:00:00+00:00, run_after=2024-08-03 00:00:00+00:00
[2024-08-03T21:15:39.882+0000] {processor.py:183} INFO - Processing /home/airflow/.local/lib/python3.12/site-packages/airflow/example_dags/tutorial.py took 0.081 seconds
[2024-08-03T21:16:11.786+0000] {processor.py:161} INFO - Started process (PID=388) to work on /home/airflow/.local/lib/python3.12/site-packages/airflow/example_dags/tutorial.py
[2024-08-03T21:16:11.788+0000] {processor.py:830} INFO - Processing file /home/airflow/.local/lib/python3.12/site-packages/airflow/example_dags/tutorial.py for tasks to queue
[2024-08-03T21:16:11.794+0000] {logging_mixin.py:188} INFO - [2024-08-03T21:16:11.793+0000] {dagbag.py:545} INFO - Filling up the DagBag from /home/airflow/.local/lib/python3.12/site-packages/airflow/example_dags/tutorial.py
[2024-08-03T21:16:11.812+0000] {processor.py:840} INFO - DAG(s) 'tutorial' retrieved from /home/airflow/.local/lib/python3.12/site-packages/airflow/example_dags/tutorial.py
[2024-08-03T21:16:11.875+0000] {logging_mixin.py:188} INFO - [2024-08-03T21:16:11.875+0000] {dag.py:3089} INFO - Sync 1 DAGs
[2024-08-03T21:16:11.954+0000] {logging_mixin.py:188} INFO - [2024-08-03T21:16:11.953+0000] {dag.py:3947} INFO - Setting next_dagrun for tutorial to 2024-08-02 00:00:00+00:00, run_after=2024-08-03 00:00:00+00:00
[2024-08-03T21:16:12.015+0000] {processor.py:183} INFO - Processing /home/airflow/.local/lib/python3.12/site-packages/airflow/example_dags/tutorial.py took 0.249 seconds
[2024-08-03T21:16:42.296+0000] {processor.py:161} INFO - Started process (PID=446) to work on /home/airflow/.local/lib/python3.12/site-packages/airflow/example_dags/tutorial.py
[2024-08-03T21:16:42.297+0000] {processor.py:830} INFO - Processing file /home/airflow/.local/lib/python3.12/site-packages/airflow/example_dags/tutorial.py for tasks to queue
[2024-08-03T21:16:42.299+0000] {logging_mixin.py:188} INFO - [2024-08-03T21:16:42.299+0000] {dagbag.py:545} INFO - Filling up the DagBag from /home/airflow/.local/lib/python3.12/site-packages/airflow/example_dags/tutorial.py
[2024-08-03T21:16:42.307+0000] {processor.py:840} INFO - DAG(s) 'tutorial' retrieved from /home/airflow/.local/lib/python3.12/site-packages/airflow/example_dags/tutorial.py
[2024-08-03T21:16:42.332+0000] {logging_mixin.py:188} INFO - [2024-08-03T21:16:42.332+0000] {dag.py:3089} INFO - Sync 1 DAGs
[2024-08-03T21:16:42.368+0000] {logging_mixin.py:188} INFO - [2024-08-03T21:16:42.368+0000] {dag.py:3947} INFO - Setting next_dagrun for tutorial to 2024-08-02 00:00:00+00:00, run_after=2024-08-03 00:00:00+00:00
[2024-08-03T21:16:42.393+0000] {processor.py:183} INFO - Processing /home/airflow/.local/lib/python3.12/site-packages/airflow/example_dags/tutorial.py took 0.104 seconds
[2024-08-03T21:17:13.264+0000] {processor.py:161} INFO - Started process (PID=504) to work on /home/airflow/.local/lib/python3.12/site-packages/airflow/example_dags/tutorial.py
[2024-08-03T21:17:13.266+0000] {processor.py:830} INFO - Processing file /home/airflow/.local/lib/python3.12/site-packages/airflow/example_dags/tutorial.py for tasks to queue
[2024-08-03T21:17:13.268+0000] {logging_mixin.py:188} INFO - [2024-08-03T21:17:13.268+0000] {dagbag.py:545} INFO - Filling up the DagBag from /home/airflow/.local/lib/python3.12/site-packages/airflow/example_dags/tutorial.py
[2024-08-03T21:17:13.280+0000] {processor.py:840} INFO - DAG(s) 'tutorial' retrieved from /home/airflow/.local/lib/python3.12/site-packages/airflow/example_dags/tutorial.py
[2024-08-03T21:17:13.316+0000] {logging_mixin.py:188} INFO - [2024-08-03T21:17:13.316+0000] {dag.py:3089} INFO - Sync 1 DAGs
[2024-08-03T21:17:13.358+0000] {logging_mixin.py:188} INFO - [2024-08-03T21:17:13.358+0000] {dag.py:3947} INFO - Setting next_dagrun for tutorial to 2024-08-02 00:00:00+00:00, run_after=2024-08-03 00:00:00+00:00
[2024-08-03T21:17:13.387+0000] {processor.py:183} INFO - Processing /home/airflow/.local/lib/python3.12/site-packages/airflow/example_dags/tutorial.py took 0.132 seconds
[2024-08-03T21:17:43.838+0000] {processor.py:161} INFO - Started process (PID=562) to work on /home/airflow/.local/lib/python3.12/site-packages/airflow/example_dags/tutorial.py
[2024-08-03T21:17:43.839+0000] {processor.py:830} INFO - Processing file /home/airflow/.local/lib/python3.12/site-packages/airflow/example_dags/tutorial.py for tasks to queue
[2024-08-03T21:17:43.842+0000] {logging_mixin.py:188} INFO - [2024-08-03T21:17:43.841+0000] {dagbag.py:545} INFO - Filling up the DagBag from /home/airflow/.local/lib/python3.12/site-packages/airflow/example_dags/tutorial.py
[2024-08-03T21:17:43.851+0000] {processor.py:840} INFO - DAG(s) 'tutorial' retrieved from /home/airflow/.local/lib/python3.12/site-packages/airflow/example_dags/tutorial.py
[2024-08-03T21:17:43.882+0000] {logging_mixin.py:188} INFO - [2024-08-03T21:17:43.882+0000] {dag.py:3089} INFO - Sync 1 DAGs
[2024-08-03T21:17:43.921+0000] {logging_mixin.py:188} INFO - [2024-08-03T21:17:43.921+0000] {dag.py:3947} INFO - Setting next_dagrun for tutorial to 2024-08-02 00:00:00+00:00, run_after=2024-08-03 00:00:00+00:00
[2024-08-03T21:17:43.958+0000] {processor.py:183} INFO - Processing /home/airflow/.local/lib/python3.12/site-packages/airflow/example_dags/tutorial.py took 0.130 seconds
[2024-08-03T21:18:14.460+0000] {processor.py:161} INFO - Started process (PID=620) to work on /home/airflow/.local/lib/python3.12/site-packages/airflow/example_dags/tutorial.py
[2024-08-03T21:18:14.461+0000] {processor.py:830} INFO - Processing file /home/airflow/.local/lib/python3.12/site-packages/airflow/example_dags/tutorial.py for tasks to queue
[2024-08-03T21:18:14.463+0000] {logging_mixin.py:188} INFO - [2024-08-03T21:18:14.463+0000] {dagbag.py:545} INFO - Filling up the DagBag from /home/airflow/.local/lib/python3.12/site-packages/airflow/example_dags/tutorial.py
[2024-08-03T21:18:14.469+0000] {processor.py:840} INFO - DAG(s) 'tutorial' retrieved from /home/airflow/.local/lib/python3.12/site-packages/airflow/example_dags/tutorial.py
[2024-08-03T21:18:14.491+0000] {logging_mixin.py:188} INFO - [2024-08-03T21:18:14.491+0000] {dag.py:3089} INFO - Sync 1 DAGs
[2024-08-03T21:18:14.517+0000] {logging_mixin.py:188} INFO - [2024-08-03T21:18:14.517+0000] {dag.py:3947} INFO - Setting next_dagrun for tutorial to 2024-08-02 00:00:00+00:00, run_after=2024-08-03 00:00:00+00:00
[2024-08-03T21:18:14.540+0000] {processor.py:183} INFO - Processing /home/airflow/.local/lib/python3.12/site-packages/airflow/example_dags/tutorial.py took 0.086 seconds
[2024-08-03T21:18:45.072+0000] {processor.py:161} INFO - Started process (PID=678) to work on /home/airflow/.local/lib/python3.12/site-packages/airflow/example_dags/tutorial.py
[2024-08-03T21:18:45.072+0000] {processor.py:830} INFO - Processing file /home/airflow/.local/lib/python3.12/site-packages/airflow/example_dags/tutorial.py for tasks to queue
[2024-08-03T21:18:45.074+0000] {logging_mixin.py:188} INFO - [2024-08-03T21:18:45.074+0000] {dagbag.py:545} INFO - Filling up the DagBag from /home/airflow/.local/lib/python3.12/site-packages/airflow/example_dags/tutorial.py
[2024-08-03T21:18:45.082+0000] {processor.py:840} INFO - DAG(s) 'tutorial' retrieved from /home/airflow/.local/lib/python3.12/site-packages/airflow/example_dags/tutorial.py
[2024-08-03T21:18:45.117+0000] {logging_mixin.py:188} INFO - [2024-08-03T21:18:45.116+0000] {dag.py:3089} INFO - Sync 1 DAGs
[2024-08-03T21:18:45.188+0000] {logging_mixin.py:188} INFO - [2024-08-03T21:18:45.187+0000] {dag.py:3947} INFO - Setting next_dagrun for tutorial to 2024-08-02 00:00:00+00:00, run_after=2024-08-03 00:00:00+00:00
[2024-08-03T21:18:45.249+0000] {processor.py:183} INFO - Processing /home/airflow/.local/lib/python3.12/site-packages/airflow/example_dags/tutorial.py took 0.183 seconds
[2024-08-03T21:19:16.111+0000] {processor.py:161} INFO - Started process (PID=737) to work on /home/airflow/.local/lib/python3.12/site-packages/airflow/example_dags/tutorial.py
[2024-08-03T21:19:16.111+0000] {processor.py:830} INFO - Processing file /home/airflow/.local/lib/python3.12/site-packages/airflow/example_dags/tutorial.py for tasks to queue
[2024-08-03T21:19:16.113+0000] {logging_mixin.py:188} INFO - [2024-08-03T21:19:16.113+0000] {dagbag.py:545} INFO - Filling up the DagBag from /home/airflow/.local/lib/python3.12/site-packages/airflow/example_dags/tutorial.py
[2024-08-03T21:19:16.119+0000] {processor.py:840} INFO - DAG(s) 'tutorial' retrieved from /home/airflow/.local/lib/python3.12/site-packages/airflow/example_dags/tutorial.py
[2024-08-03T21:19:16.139+0000] {logging_mixin.py:188} INFO - [2024-08-03T21:19:16.139+0000] {dag.py:3089} INFO - Sync 1 DAGs
[2024-08-03T21:19:16.164+0000] {logging_mixin.py:188} INFO - [2024-08-03T21:19:16.163+0000] {dag.py:3947} INFO - Setting next_dagrun for tutorial to 2024-08-02 00:00:00+00:00, run_after=2024-08-03 00:00:00+00:00
[2024-08-03T21:19:16.187+0000] {processor.py:183} INFO - Processing /home/airflow/.local/lib/python3.12/site-packages/airflow/example_dags/tutorial.py took 0.082 seconds
[2024-08-03T21:19:47.109+0000] {processor.py:161} INFO - Started process (PID=795) to work on /home/airflow/.local/lib/python3.12/site-packages/airflow/example_dags/tutorial.py
[2024-08-03T21:19:47.110+0000] {processor.py:830} INFO - Processing file /home/airflow/.local/lib/python3.12/site-packages/airflow/example_dags/tutorial.py for tasks to queue
[2024-08-03T21:19:47.114+0000] {logging_mixin.py:188} INFO - [2024-08-03T21:19:47.113+0000] {dagbag.py:545} INFO - Filling up the DagBag from /home/airflow/.local/lib/python3.12/site-packages/airflow/example_dags/tutorial.py
[2024-08-03T21:19:47.127+0000] {processor.py:840} INFO - DAG(s) 'tutorial' retrieved from /home/airflow/.local/lib/python3.12/site-packages/airflow/example_dags/tutorial.py
[2024-08-03T21:19:47.177+0000] {logging_mixin.py:188} INFO - [2024-08-03T21:19:47.176+0000] {dag.py:3089} INFO - Sync 1 DAGs
[2024-08-03T21:19:47.256+0000] {logging_mixin.py:188} INFO - [2024-08-03T21:19:47.256+0000] {dag.py:3947} INFO - Setting next_dagrun for tutorial to 2024-08-02 00:00:00+00:00, run_after=2024-08-03 00:00:00+00:00
[2024-08-03T21:19:47.317+0000] {processor.py:183} INFO - Processing /home/airflow/.local/lib/python3.12/site-packages/airflow/example_dags/tutorial.py took 0.221 seconds
[2024-08-03T21:20:19.406+0000] {processor.py:161} INFO - Started process (PID=853) to work on /home/airflow/.local/lib/python3.12/site-packages/airflow/example_dags/tutorial.py
[2024-08-03T21:20:19.410+0000] {processor.py:830} INFO - Processing file /home/airflow/.local/lib/python3.12/site-packages/airflow/example_dags/tutorial.py for tasks to queue
[2024-08-03T21:20:19.421+0000] {logging_mixin.py:188} INFO - [2024-08-03T21:20:19.420+0000] {dagbag.py:545} INFO - Filling up the DagBag from /home/airflow/.local/lib/python3.12/site-packages/airflow/example_dags/tutorial.py
[2024-08-03T21:20:19.445+0000] {processor.py:840} INFO - DAG(s) 'tutorial' retrieved from /home/airflow/.local/lib/python3.12/site-packages/airflow/example_dags/tutorial.py
[2024-08-03T21:20:19.532+0000] {logging_mixin.py:188} INFO - [2024-08-03T21:20:19.531+0000] {dag.py:3089} INFO - Sync 1 DAGs
[2024-08-03T21:20:19.620+0000] {logging_mixin.py:188} INFO - [2024-08-03T21:20:19.619+0000] {dag.py:3947} INFO - Setting next_dagrun for tutorial to 2024-08-02 00:00:00+00:00, run_after=2024-08-03 00:00:00+00:00
[2024-08-03T21:20:19.745+0000] {processor.py:183} INFO - Processing /home/airflow/.local/lib/python3.12/site-packages/airflow/example_dags/tutorial.py took 0.373 seconds
[2024-08-03T21:20:50.017+0000] {processor.py:161} INFO - Started process (PID=911) to work on /home/airflow/.local/lib/python3.12/site-packages/airflow/example_dags/tutorial.py
[2024-08-03T21:20:50.018+0000] {processor.py:830} INFO - Processing file /home/airflow/.local/lib/python3.12/site-packages/airflow/example_dags/tutorial.py for tasks to queue
[2024-08-03T21:20:50.020+0000] {logging_mixin.py:188} INFO - [2024-08-03T21:20:50.019+0000] {dagbag.py:545} INFO - Filling up the DagBag from /home/airflow/.local/lib/python3.12/site-packages/airflow/example_dags/tutorial.py
[2024-08-03T21:20:50.027+0000] {processor.py:840} INFO - DAG(s) 'tutorial' retrieved from /home/airflow/.local/lib/python3.12/site-packages/airflow/example_dags/tutorial.py
[2024-08-03T21:20:50.058+0000] {logging_mixin.py:188} INFO - [2024-08-03T21:20:50.058+0000] {dag.py:3089} INFO - Sync 1 DAGs
[2024-08-03T21:20:50.092+0000] {logging_mixin.py:188} INFO - [2024-08-03T21:20:50.092+0000] {dag.py:3947} INFO - Setting next_dagrun for tutorial to 2024-08-02 00:00:00+00:00, run_after=2024-08-03 00:00:00+00:00
[2024-08-03T21:20:50.124+0000] {processor.py:183} INFO - Processing /home/airflow/.local/lib/python3.12/site-packages/airflow/example_dags/tutorial.py took 0.114 seconds
[2024-08-03T21:21:22.149+0000] {processor.py:161} INFO - Started process (PID=969) to work on /home/airflow/.local/lib/python3.12/site-packages/airflow/example_dags/tutorial.py
[2024-08-03T21:21:22.152+0000] {processor.py:830} INFO - Processing file /home/airflow/.local/lib/python3.12/site-packages/airflow/example_dags/tutorial.py for tasks to queue
[2024-08-03T21:21:22.158+0000] {logging_mixin.py:188} INFO - [2024-08-03T21:21:22.157+0000] {dagbag.py:545} INFO - Filling up the DagBag from /home/airflow/.local/lib/python3.12/site-packages/airflow/example_dags/tutorial.py
[2024-08-03T21:21:22.186+0000] {processor.py:840} INFO - DAG(s) 'tutorial' retrieved from /home/airflow/.local/lib/python3.12/site-packages/airflow/example_dags/tutorial.py
[2024-08-03T21:21:22.260+0000] {logging_mixin.py:188} INFO - [2024-08-03T21:21:22.259+0000] {dag.py:3089} INFO - Sync 1 DAGs
[2024-08-03T21:21:22.374+0000] {logging_mixin.py:188} INFO - [2024-08-03T21:21:22.372+0000] {dag.py:3947} INFO - Setting next_dagrun for tutorial to 2024-08-02 00:00:00+00:00, run_after=2024-08-03 00:00:00+00:00
[2024-08-03T21:21:22.470+0000] {processor.py:183} INFO - Processing /home/airflow/.local/lib/python3.12/site-packages/airflow/example_dags/tutorial.py took 0.347 seconds
[2024-08-03T21:21:53.300+0000] {processor.py:161} INFO - Started process (PID=1027) to work on /home/airflow/.local/lib/python3.12/site-packages/airflow/example_dags/tutorial.py
[2024-08-03T21:21:53.304+0000] {processor.py:830} INFO - Processing file /home/airflow/.local/lib/python3.12/site-packages/airflow/example_dags/tutorial.py for tasks to queue
[2024-08-03T21:21:53.315+0000] {logging_mixin.py:188} INFO - [2024-08-03T21:21:53.314+0000] {dagbag.py:545} INFO - Filling up the DagBag from /home/airflow/.local/lib/python3.12/site-packages/airflow/example_dags/tutorial.py
[2024-08-03T21:21:53.348+0000] {processor.py:840} INFO - DAG(s) 'tutorial' retrieved from /home/airflow/.local/lib/python3.12/site-packages/airflow/example_dags/tutorial.py
[2024-08-03T21:21:53.453+0000] {logging_mixin.py:188} INFO - [2024-08-03T21:21:53.452+0000] {dag.py:3089} INFO - Sync 1 DAGs
[2024-08-03T21:21:53.583+0000] {logging_mixin.py:188} INFO - [2024-08-03T21:21:53.582+0000] {dag.py:3947} INFO - Setting next_dagrun for tutorial to 2024-08-02 00:00:00+00:00, run_after=2024-08-03 00:00:00+00:00
[2024-08-03T21:21:53.672+0000] {processor.py:183} INFO - Processing /home/airflow/.local/lib/python3.12/site-packages/airflow/example_dags/tutorial.py took 0.404 seconds
[2024-08-03T21:22:24.075+0000] {processor.py:161} INFO - Started process (PID=1086) to work on /home/airflow/.local/lib/python3.12/site-packages/airflow/example_dags/tutorial.py
[2024-08-03T21:22:24.077+0000] {processor.py:830} INFO - Processing file /home/airflow/.local/lib/python3.12/site-packages/airflow/example_dags/tutorial.py for tasks to queue
[2024-08-03T21:22:24.085+0000] {logging_mixin.py:188} INFO - [2024-08-03T21:22:24.084+0000] {dagbag.py:545} INFO - Filling up the DagBag from /home/airflow/.local/lib/python3.12/site-packages/airflow/example_dags/tutorial.py
[2024-08-03T21:22:24.106+0000] {processor.py:840} INFO - DAG(s) 'tutorial' retrieved from /home/airflow/.local/lib/python3.12/site-packages/airflow/example_dags/tutorial.py
[2024-08-03T21:22:24.171+0000] {logging_mixin.py:188} INFO - [2024-08-03T21:22:24.170+0000] {dag.py:3089} INFO - Sync 1 DAGs
[2024-08-03T21:22:24.263+0000] {logging_mixin.py:188} INFO - [2024-08-03T21:22:24.263+0000] {dag.py:3947} INFO - Setting next_dagrun for tutorial to 2024-08-02 00:00:00+00:00, run_after=2024-08-03 00:00:00+00:00
[2024-08-03T21:22:24.337+0000] {processor.py:183} INFO - Processing /home/airflow/.local/lib/python3.12/site-packages/airflow/example_dags/tutorial.py took 0.275 seconds
[2024-08-03T21:22:54.582+0000] {processor.py:161} INFO - Started process (PID=1143) to work on /home/airflow/.local/lib/python3.12/site-packages/airflow/example_dags/tutorial.py
[2024-08-03T21:22:54.584+0000] {processor.py:830} INFO - Processing file /home/airflow/.local/lib/python3.12/site-packages/airflow/example_dags/tutorial.py for tasks to queue
[2024-08-03T21:22:54.590+0000] {logging_mixin.py:188} INFO - [2024-08-03T21:22:54.589+0000] {dagbag.py:545} INFO - Filling up the DagBag from /home/airflow/.local/lib/python3.12/site-packages/airflow/example_dags/tutorial.py
[2024-08-03T21:22:54.613+0000] {processor.py:840} INFO - DAG(s) 'tutorial' retrieved from /home/airflow/.local/lib/python3.12/site-packages/airflow/example_dags/tutorial.py
[2024-08-03T21:22:54.698+0000] {logging_mixin.py:188} INFO - [2024-08-03T21:22:54.697+0000] {dag.py:3089} INFO - Sync 1 DAGs
[2024-08-03T21:22:54.808+0000] {logging_mixin.py:188} INFO - [2024-08-03T21:22:54.807+0000] {dag.py:3947} INFO - Setting next_dagrun for tutorial to 2024-08-02 00:00:00+00:00, run_after=2024-08-03 00:00:00+00:00
[2024-08-03T21:22:54.891+0000] {processor.py:183} INFO - Processing /home/airflow/.local/lib/python3.12/site-packages/airflow/example_dags/tutorial.py took 0.332 seconds
[2024-08-03T21:23:25.239+0000] {processor.py:161} INFO - Started process (PID=1201) to work on /home/airflow/.local/lib/python3.12/site-packages/airflow/example_dags/tutorial.py
[2024-08-03T21:23:25.242+0000] {processor.py:830} INFO - Processing file /home/airflow/.local/lib/python3.12/site-packages/airflow/example_dags/tutorial.py for tasks to queue
[2024-08-03T21:23:25.247+0000] {logging_mixin.py:188} INFO - [2024-08-03T21:23:25.246+0000] {dagbag.py:545} INFO - Filling up the DagBag from /home/airflow/.local/lib/python3.12/site-packages/airflow/example_dags/tutorial.py
[2024-08-03T21:23:25.268+0000] {processor.py:840} INFO - DAG(s) 'tutorial' retrieved from /home/airflow/.local/lib/python3.12/site-packages/airflow/example_dags/tutorial.py
[2024-08-03T21:23:25.330+0000] {logging_mixin.py:188} INFO - [2024-08-03T21:23:25.329+0000] {dag.py:3089} INFO - Sync 1 DAGs
[2024-08-03T21:23:25.407+0000] {logging_mixin.py:188} INFO - [2024-08-03T21:23:25.406+0000] {dag.py:3947} INFO - Setting next_dagrun for tutorial to 2024-08-02 00:00:00+00:00, run_after=2024-08-03 00:00:00+00:00
[2024-08-03T21:23:25.464+0000] {processor.py:183} INFO - Processing /home/airflow/.local/lib/python3.12/site-packages/airflow/example_dags/tutorial.py took 0.240 seconds
[2024-08-03T21:23:55.952+0000] {processor.py:161} INFO - Started process (PID=1259) to work on /home/airflow/.local/lib/python3.12/site-packages/airflow/example_dags/tutorial.py
[2024-08-03T21:23:55.954+0000] {processor.py:830} INFO - Processing file /home/airflow/.local/lib/python3.12/site-packages/airflow/example_dags/tutorial.py for tasks to queue
[2024-08-03T21:23:55.961+0000] {logging_mixin.py:188} INFO - [2024-08-03T21:23:55.960+0000] {dagbag.py:545} INFO - Filling up the DagBag from /home/airflow/.local/lib/python3.12/site-packages/airflow/example_dags/tutorial.py
[2024-08-03T21:23:55.985+0000] {processor.py:840} INFO - DAG(s) 'tutorial' retrieved from /home/airflow/.local/lib/python3.12/site-packages/airflow/example_dags/tutorial.py
[2024-08-03T21:23:56.070+0000] {logging_mixin.py:188} INFO - [2024-08-03T21:23:56.069+0000] {dag.py:3089} INFO - Sync 1 DAGs
[2024-08-03T21:23:56.168+0000] {logging_mixin.py:188} INFO - [2024-08-03T21:23:56.167+0000] {dag.py:3947} INFO - Setting next_dagrun for tutorial to 2024-08-02 00:00:00+00:00, run_after=2024-08-03 00:00:00+00:00
[2024-08-03T21:23:56.247+0000] {processor.py:183} INFO - Processing /home/airflow/.local/lib/python3.12/site-packages/airflow/example_dags/tutorial.py took 0.322 seconds
[2024-08-03T21:24:26.703+0000] {processor.py:161} INFO - Started process (PID=1317) to work on /home/airflow/.local/lib/python3.12/site-packages/airflow/example_dags/tutorial.py
[2024-08-03T21:24:26.706+0000] {processor.py:830} INFO - Processing file /home/airflow/.local/lib/python3.12/site-packages/airflow/example_dags/tutorial.py for tasks to queue
[2024-08-03T21:24:26.712+0000] {logging_mixin.py:188} INFO - [2024-08-03T21:24:26.711+0000] {dagbag.py:545} INFO - Filling up the DagBag from /home/airflow/.local/lib/python3.12/site-packages/airflow/example_dags/tutorial.py
[2024-08-03T21:24:26.741+0000] {processor.py:840} INFO - DAG(s) 'tutorial' retrieved from /home/airflow/.local/lib/python3.12/site-packages/airflow/example_dags/tutorial.py
[2024-08-03T21:24:26.822+0000] {logging_mixin.py:188} INFO - [2024-08-03T21:24:26.820+0000] {dag.py:3089} INFO - Sync 1 DAGs
[2024-08-03T21:24:26.918+0000] {logging_mixin.py:188} INFO - [2024-08-03T21:24:26.917+0000] {dag.py:3947} INFO - Setting next_dagrun for tutorial to 2024-08-02 00:00:00+00:00, run_after=2024-08-03 00:00:00+00:00
[2024-08-03T21:24:27.006+0000] {processor.py:183} INFO - Processing /home/airflow/.local/lib/python3.12/site-packages/airflow/example_dags/tutorial.py took 0.325 seconds
[2024-08-03T21:24:57.508+0000] {processor.py:161} INFO - Started process (PID=1375) to work on /home/airflow/.local/lib/python3.12/site-packages/airflow/example_dags/tutorial.py
[2024-08-03T21:24:57.512+0000] {processor.py:830} INFO - Processing file /home/airflow/.local/lib/python3.12/site-packages/airflow/example_dags/tutorial.py for tasks to queue
[2024-08-03T21:24:57.522+0000] {logging_mixin.py:188} INFO - [2024-08-03T21:24:57.520+0000] {dagbag.py:545} INFO - Filling up the DagBag from /home/airflow/.local/lib/python3.12/site-packages/airflow/example_dags/tutorial.py
[2024-08-03T21:24:57.552+0000] {processor.py:840} INFO - DAG(s) 'tutorial' retrieved from /home/airflow/.local/lib/python3.12/site-packages/airflow/example_dags/tutorial.py
[2024-08-03T21:24:57.651+0000] {logging_mixin.py:188} INFO - [2024-08-03T21:24:57.650+0000] {dag.py:3089} INFO - Sync 1 DAGs
[2024-08-03T21:24:57.764+0000] {logging_mixin.py:188} INFO - [2024-08-03T21:24:57.763+0000] {dag.py:3947} INFO - Setting next_dagrun for tutorial to 2024-08-02 00:00:00+00:00, run_after=2024-08-03 00:00:00+00:00
[2024-08-03T21:24:57.854+0000] {processor.py:183} INFO - Processing /home/airflow/.local/lib/python3.12/site-packages/airflow/example_dags/tutorial.py took 0.375 seconds
[2024-08-03T21:25:28.095+0000] {processor.py:161} INFO - Started process (PID=1434) to work on /home/airflow/.local/lib/python3.12/site-packages/airflow/example_dags/tutorial.py
[2024-08-03T21:25:28.097+0000] {processor.py:830} INFO - Processing file /home/airflow/.local/lib/python3.12/site-packages/airflow/example_dags/tutorial.py for tasks to queue
[2024-08-03T21:25:28.101+0000] {logging_mixin.py:188} INFO - [2024-08-03T21:25:28.100+0000] {dagbag.py:545} INFO - Filling up the DagBag from /home/airflow/.local/lib/python3.12/site-packages/airflow/example_dags/tutorial.py
[2024-08-03T21:25:28.115+0000] {processor.py:840} INFO - DAG(s) 'tutorial' retrieved from /home/airflow/.local/lib/python3.12/site-packages/airflow/example_dags/tutorial.py
[2024-08-03T21:25:28.188+0000] {logging_mixin.py:188} INFO - [2024-08-03T21:25:28.187+0000] {dag.py:3089} INFO - Sync 1 DAGs
[2024-08-03T21:25:28.270+0000] {logging_mixin.py:188} INFO - [2024-08-03T21:25:28.269+0000] {dag.py:3947} INFO - Setting next_dagrun for tutorial to 2024-08-02 00:00:00+00:00, run_after=2024-08-03 00:00:00+00:00
[2024-08-03T21:25:28.362+0000] {processor.py:183} INFO - Processing /home/airflow/.local/lib/python3.12/site-packages/airflow/example_dags/tutorial.py took 0.283 seconds
[2024-08-03T21:25:59.570+0000] {processor.py:161} INFO - Started process (PID=1492) to work on /home/airflow/.local/lib/python3.12/site-packages/airflow/example_dags/tutorial.py
[2024-08-03T21:25:59.574+0000] {processor.py:830} INFO - Processing file /home/airflow/.local/lib/python3.12/site-packages/airflow/example_dags/tutorial.py for tasks to queue
[2024-08-03T21:25:59.580+0000] {logging_mixin.py:188} INFO - [2024-08-03T21:25:59.579+0000] {dagbag.py:545} INFO - Filling up the DagBag from /home/airflow/.local/lib/python3.12/site-packages/airflow/example_dags/tutorial.py
[2024-08-03T21:25:59.606+0000] {processor.py:840} INFO - DAG(s) 'tutorial' retrieved from /home/airflow/.local/lib/python3.12/site-packages/airflow/example_dags/tutorial.py
[2024-08-03T21:25:59.700+0000] {logging_mixin.py:188} INFO - [2024-08-03T21:25:59.699+0000] {dag.py:3089} INFO - Sync 1 DAGs
[2024-08-03T21:25:59.768+0000] {logging_mixin.py:188} INFO - [2024-08-03T21:25:59.767+0000] {dag.py:3947} INFO - Setting next_dagrun for tutorial to 2024-08-02 00:00:00+00:00, run_after=2024-08-03 00:00:00+00:00
[2024-08-03T21:25:59.827+0000] {processor.py:183} INFO - Processing /home/airflow/.local/lib/python3.12/site-packages/airflow/example_dags/tutorial.py took 0.280 seconds
[2024-08-03T21:26:30.318+0000] {processor.py:161} INFO - Started process (PID=1550) to work on /home/airflow/.local/lib/python3.12/site-packages/airflow/example_dags/tutorial.py
[2024-08-03T21:26:30.321+0000] {processor.py:830} INFO - Processing file /home/airflow/.local/lib/python3.12/site-packages/airflow/example_dags/tutorial.py for tasks to queue
[2024-08-03T21:26:30.327+0000] {logging_mixin.py:188} INFO - [2024-08-03T21:26:30.326+0000] {dagbag.py:545} INFO - Filling up the DagBag from /home/airflow/.local/lib/python3.12/site-packages/airflow/example_dags/tutorial.py
[2024-08-03T21:26:30.353+0000] {processor.py:840} INFO - DAG(s) 'tutorial' retrieved from /home/airflow/.local/lib/python3.12/site-packages/airflow/example_dags/tutorial.py
[2024-08-03T21:26:30.434+0000] {logging_mixin.py:188} INFO - [2024-08-03T21:26:30.433+0000] {dag.py:3089} INFO - Sync 1 DAGs
[2024-08-03T21:26:30.544+0000] {logging_mixin.py:188} INFO - [2024-08-03T21:26:30.543+0000] {dag.py:3947} INFO - Setting next_dagrun for tutorial to 2024-08-02 00:00:00+00:00, run_after=2024-08-03 00:00:00+00:00
[2024-08-03T21:26:30.632+0000] {processor.py:183} INFO - Processing /home/airflow/.local/lib/python3.12/site-packages/airflow/example_dags/tutorial.py took 0.334 seconds
[2024-08-03T21:27:01.003+0000] {processor.py:161} INFO - Started process (PID=1608) to work on /home/airflow/.local/lib/python3.12/site-packages/airflow/example_dags/tutorial.py
[2024-08-03T21:27:01.008+0000] {processor.py:830} INFO - Processing file /home/airflow/.local/lib/python3.12/site-packages/airflow/example_dags/tutorial.py for tasks to queue
[2024-08-03T21:27:01.023+0000] {logging_mixin.py:188} INFO - [2024-08-03T21:27:01.020+0000] {dagbag.py:545} INFO - Filling up the DagBag from /home/airflow/.local/lib/python3.12/site-packages/airflow/example_dags/tutorial.py
[2024-08-03T21:27:01.045+0000] {processor.py:840} INFO - DAG(s) 'tutorial' retrieved from /home/airflow/.local/lib/python3.12/site-packages/airflow/example_dags/tutorial.py
[2024-08-03T21:27:01.130+0000] {logging_mixin.py:188} INFO - [2024-08-03T21:27:01.129+0000] {dag.py:3089} INFO - Sync 1 DAGs
[2024-08-03T21:27:01.218+0000] {logging_mixin.py:188} INFO - [2024-08-03T21:27:01.218+0000] {dag.py:3947} INFO - Setting next_dagrun for tutorial to 2024-08-02 00:00:00+00:00, run_after=2024-08-03 00:00:00+00:00
[2024-08-03T21:27:01.252+0000] {processor.py:183} INFO - Processing /home/airflow/.local/lib/python3.12/site-packages/airflow/example_dags/tutorial.py took 0.284 seconds
[2024-08-03T21:27:32.055+0000] {processor.py:161} INFO - Started process (PID=1666) to work on /home/airflow/.local/lib/python3.12/site-packages/airflow/example_dags/tutorial.py
[2024-08-03T21:27:32.057+0000] {processor.py:830} INFO - Processing file /home/airflow/.local/lib/python3.12/site-packages/airflow/example_dags/tutorial.py for tasks to queue
[2024-08-03T21:27:32.062+0000] {logging_mixin.py:188} INFO - [2024-08-03T21:27:32.061+0000] {dagbag.py:545} INFO - Filling up the DagBag from /home/airflow/.local/lib/python3.12/site-packages/airflow/example_dags/tutorial.py
[2024-08-03T21:27:32.081+0000] {processor.py:840} INFO - DAG(s) 'tutorial' retrieved from /home/airflow/.local/lib/python3.12/site-packages/airflow/example_dags/tutorial.py
[2024-08-03T21:27:32.146+0000] {logging_mixin.py:188} INFO - [2024-08-03T21:27:32.145+0000] {dag.py:3089} INFO - Sync 1 DAGs
[2024-08-03T21:27:32.225+0000] {logging_mixin.py:188} INFO - [2024-08-03T21:27:32.224+0000] {dag.py:3947} INFO - Setting next_dagrun for tutorial to 2024-08-02 00:00:00+00:00, run_after=2024-08-03 00:00:00+00:00
[2024-08-03T21:27:32.294+0000] {processor.py:183} INFO - Processing /home/airflow/.local/lib/python3.12/site-packages/airflow/example_dags/tutorial.py took 0.259 seconds
[2024-08-03T21:28:02.661+0000] {processor.py:161} INFO - Started process (PID=1724) to work on /home/airflow/.local/lib/python3.12/site-packages/airflow/example_dags/tutorial.py
[2024-08-03T21:28:02.664+0000] {processor.py:830} INFO - Processing file /home/airflow/.local/lib/python3.12/site-packages/airflow/example_dags/tutorial.py for tasks to queue
[2024-08-03T21:28:02.669+0000] {logging_mixin.py:188} INFO - [2024-08-03T21:28:02.668+0000] {dagbag.py:545} INFO - Filling up the DagBag from /home/airflow/.local/lib/python3.12/site-packages/airflow/example_dags/tutorial.py
[2024-08-03T21:28:02.687+0000] {processor.py:840} INFO - DAG(s) 'tutorial' retrieved from /home/airflow/.local/lib/python3.12/site-packages/airflow/example_dags/tutorial.py
[2024-08-03T21:28:02.768+0000] {logging_mixin.py:188} INFO - [2024-08-03T21:28:02.768+0000] {dag.py:3089} INFO - Sync 1 DAGs
[2024-08-03T21:28:02.852+0000] {logging_mixin.py:188} INFO - [2024-08-03T21:28:02.852+0000] {dag.py:3947} INFO - Setting next_dagrun for tutorial to 2024-08-02 00:00:00+00:00, run_after=2024-08-03 00:00:00+00:00
[2024-08-03T21:28:02.928+0000] {processor.py:183} INFO - Processing /home/airflow/.local/lib/python3.12/site-packages/airflow/example_dags/tutorial.py took 0.287 seconds
[2024-08-03T21:28:33.716+0000] {processor.py:161} INFO - Started process (PID=1783) to work on /home/airflow/.local/lib/python3.12/site-packages/airflow/example_dags/tutorial.py
[2024-08-03T21:28:33.718+0000] {processor.py:830} INFO - Processing file /home/airflow/.local/lib/python3.12/site-packages/airflow/example_dags/tutorial.py for tasks to queue
[2024-08-03T21:28:33.724+0000] {logging_mixin.py:188} INFO - [2024-08-03T21:28:33.723+0000] {dagbag.py:545} INFO - Filling up the DagBag from /home/airflow/.local/lib/python3.12/site-packages/airflow/example_dags/tutorial.py
[2024-08-03T21:28:33.746+0000] {processor.py:840} INFO - DAG(s) 'tutorial' retrieved from /home/airflow/.local/lib/python3.12/site-packages/airflow/example_dags/tutorial.py
[2024-08-03T21:28:33.791+0000] {logging_mixin.py:188} INFO - [2024-08-03T21:28:33.790+0000] {dag.py:3089} INFO - Sync 1 DAGs
[2024-08-03T21:28:33.851+0000] {logging_mixin.py:188} INFO - [2024-08-03T21:28:33.850+0000] {dag.py:3947} INFO - Setting next_dagrun for tutorial to 2024-08-02 00:00:00+00:00, run_after=2024-08-03 00:00:00+00:00
[2024-08-03T21:28:33.972+0000] {processor.py:183} INFO - Processing /home/airflow/.local/lib/python3.12/site-packages/airflow/example_dags/tutorial.py took 0.279 seconds
[2024-08-03T21:29:04.496+0000] {processor.py:161} INFO - Started process (PID=1847) to work on /home/airflow/.local/lib/python3.12/site-packages/airflow/example_dags/tutorial.py
[2024-08-03T21:29:04.497+0000] {processor.py:830} INFO - Processing file /home/airflow/.local/lib/python3.12/site-packages/airflow/example_dags/tutorial.py for tasks to queue
[2024-08-03T21:29:04.499+0000] {logging_mixin.py:188} INFO - [2024-08-03T21:29:04.499+0000] {dagbag.py:545} INFO - Filling up the DagBag from /home/airflow/.local/lib/python3.12/site-packages/airflow/example_dags/tutorial.py
[2024-08-03T21:29:04.505+0000] {processor.py:840} INFO - DAG(s) 'tutorial' retrieved from /home/airflow/.local/lib/python3.12/site-packages/airflow/example_dags/tutorial.py
[2024-08-03T21:29:04.530+0000] {logging_mixin.py:188} INFO - [2024-08-03T21:29:04.529+0000] {dag.py:3089} INFO - Sync 1 DAGs
[2024-08-03T21:29:04.560+0000] {logging_mixin.py:188} INFO - [2024-08-03T21:29:04.560+0000] {dag.py:3947} INFO - Setting next_dagrun for tutorial to 2024-08-02 00:00:00+00:00, run_after=2024-08-03 00:00:00+00:00
[2024-08-03T21:29:04.727+0000] {processor.py:183} INFO - Processing /home/airflow/.local/lib/python3.12/site-packages/airflow/example_dags/tutorial.py took 0.237 seconds
[2024-08-03T21:29:35.235+0000] {processor.py:161} INFO - Started process (PID=1905) to work on /home/airflow/.local/lib/python3.12/site-packages/airflow/example_dags/tutorial.py
[2024-08-03T21:29:35.236+0000] {processor.py:830} INFO - Processing file /home/airflow/.local/lib/python3.12/site-packages/airflow/example_dags/tutorial.py for tasks to queue
[2024-08-03T21:29:35.237+0000] {logging_mixin.py:188} INFO - [2024-08-03T21:29:35.237+0000] {dagbag.py:545} INFO - Filling up the DagBag from /home/airflow/.local/lib/python3.12/site-packages/airflow/example_dags/tutorial.py
[2024-08-03T21:29:35.244+0000] {processor.py:840} INFO - DAG(s) 'tutorial' retrieved from /home/airflow/.local/lib/python3.12/site-packages/airflow/example_dags/tutorial.py
[2024-08-03T21:29:35.267+0000] {logging_mixin.py:188} INFO - [2024-08-03T21:29:35.267+0000] {dag.py:3089} INFO - Sync 1 DAGs
[2024-08-03T21:29:35.295+0000] {logging_mixin.py:188} INFO - [2024-08-03T21:29:35.295+0000] {dag.py:3947} INFO - Setting next_dagrun for tutorial to 2024-08-02 00:00:00+00:00, run_after=2024-08-03 00:00:00+00:00
[2024-08-03T21:29:35.317+0000] {processor.py:183} INFO - Processing /home/airflow/.local/lib/python3.12/site-packages/airflow/example_dags/tutorial.py took 0.087 seconds
[2024-08-03T21:30:06.000+0000] {processor.py:161} INFO - Started process (PID=1963) to work on /home/airflow/.local/lib/python3.12/site-packages/airflow/example_dags/tutorial.py
[2024-08-03T21:30:06.002+0000] {processor.py:830} INFO - Processing file /home/airflow/.local/lib/python3.12/site-packages/airflow/example_dags/tutorial.py for tasks to queue
[2024-08-03T21:30:06.008+0000] {logging_mixin.py:188} INFO - [2024-08-03T21:30:06.007+0000] {dagbag.py:545} INFO - Filling up the DagBag from /home/airflow/.local/lib/python3.12/site-packages/airflow/example_dags/tutorial.py
[2024-08-03T21:30:06.027+0000] {processor.py:840} INFO - DAG(s) 'tutorial' retrieved from /home/airflow/.local/lib/python3.12/site-packages/airflow/example_dags/tutorial.py
[2024-08-03T21:30:06.090+0000] {logging_mixin.py:188} INFO - [2024-08-03T21:30:06.089+0000] {dag.py:3089} INFO - Sync 1 DAGs
[2024-08-03T21:30:06.169+0000] {logging_mixin.py:188} INFO - [2024-08-03T21:30:06.168+0000] {dag.py:3947} INFO - Setting next_dagrun for tutorial to 2024-08-02 00:00:00+00:00, run_after=2024-08-03 00:00:00+00:00
[2024-08-03T21:30:06.229+0000] {processor.py:183} INFO - Processing /home/airflow/.local/lib/python3.12/site-packages/airflow/example_dags/tutorial.py took 0.248 seconds
[2024-08-03T21:30:36.576+0000] {processor.py:161} INFO - Started process (PID=2021) to work on /home/airflow/.local/lib/python3.12/site-packages/airflow/example_dags/tutorial.py
[2024-08-03T21:30:36.577+0000] {processor.py:830} INFO - Processing file /home/airflow/.local/lib/python3.12/site-packages/airflow/example_dags/tutorial.py for tasks to queue
[2024-08-03T21:30:36.578+0000] {logging_mixin.py:188} INFO - [2024-08-03T21:30:36.578+0000] {dagbag.py:545} INFO - Filling up the DagBag from /home/airflow/.local/lib/python3.12/site-packages/airflow/example_dags/tutorial.py
[2024-08-03T21:30:36.584+0000] {processor.py:840} INFO - DAG(s) 'tutorial' retrieved from /home/airflow/.local/lib/python3.12/site-packages/airflow/example_dags/tutorial.py
[2024-08-03T21:30:36.605+0000] {logging_mixin.py:188} INFO - [2024-08-03T21:30:36.604+0000] {dag.py:3089} INFO - Sync 1 DAGs
[2024-08-03T21:30:36.906+0000] {logging_mixin.py:188} INFO - [2024-08-03T21:30:36.906+0000] {dag.py:3947} INFO - Setting next_dagrun for tutorial to 2024-08-02 00:00:00+00:00, run_after=2024-08-03 00:00:00+00:00
[2024-08-03T21:30:36.924+0000] {processor.py:183} INFO - Processing /home/airflow/.local/lib/python3.12/site-packages/airflow/example_dags/tutorial.py took 0.354 seconds
[2024-08-03T21:31:08.131+0000] {processor.py:161} INFO - Started process (PID=2079) to work on /home/airflow/.local/lib/python3.12/site-packages/airflow/example_dags/tutorial.py
[2024-08-03T21:31:08.132+0000] {processor.py:830} INFO - Processing file /home/airflow/.local/lib/python3.12/site-packages/airflow/example_dags/tutorial.py for tasks to queue
[2024-08-03T21:31:08.134+0000] {logging_mixin.py:188} INFO - [2024-08-03T21:31:08.134+0000] {dagbag.py:545} INFO - Filling up the DagBag from /home/airflow/.local/lib/python3.12/site-packages/airflow/example_dags/tutorial.py
[2024-08-03T21:31:08.142+0000] {processor.py:840} INFO - DAG(s) 'tutorial' retrieved from /home/airflow/.local/lib/python3.12/site-packages/airflow/example_dags/tutorial.py
[2024-08-03T21:31:08.168+0000] {logging_mixin.py:188} INFO - [2024-08-03T21:31:08.167+0000] {dag.py:3089} INFO - Sync 1 DAGs
[2024-08-03T21:31:08.199+0000] {logging_mixin.py:188} INFO - [2024-08-03T21:31:08.199+0000] {dag.py:3947} INFO - Setting next_dagrun for tutorial to 2024-08-02 00:00:00+00:00, run_after=2024-08-03 00:00:00+00:00
[2024-08-03T21:31:08.434+0000] {processor.py:183} INFO - Processing /home/airflow/.local/lib/python3.12/site-packages/airflow/example_dags/tutorial.py took 0.311 seconds
[2024-08-03T21:31:39.338+0000] {processor.py:161} INFO - Started process (PID=2137) to work on /home/airflow/.local/lib/python3.12/site-packages/airflow/example_dags/tutorial.py
[2024-08-03T21:31:39.340+0000] {processor.py:830} INFO - Processing file /home/airflow/.local/lib/python3.12/site-packages/airflow/example_dags/tutorial.py for tasks to queue
[2024-08-03T21:31:39.347+0000] {logging_mixin.py:188} INFO - [2024-08-03T21:31:39.345+0000] {dagbag.py:545} INFO - Filling up the DagBag from /home/airflow/.local/lib/python3.12/site-packages/airflow/example_dags/tutorial.py
[2024-08-03T21:31:39.367+0000] {processor.py:840} INFO - DAG(s) 'tutorial' retrieved from /home/airflow/.local/lib/python3.12/site-packages/airflow/example_dags/tutorial.py
[2024-08-03T21:31:39.435+0000] {logging_mixin.py:188} INFO - [2024-08-03T21:31:39.434+0000] {dag.py:3089} INFO - Sync 1 DAGs
[2024-08-03T21:31:39.525+0000] {logging_mixin.py:188} INFO - [2024-08-03T21:31:39.524+0000] {dag.py:3947} INFO - Setting next_dagrun for tutorial to 2024-08-02 00:00:00+00:00, run_after=2024-08-03 00:00:00+00:00
[2024-08-03T21:31:39.590+0000] {processor.py:183} INFO - Processing /home/airflow/.local/lib/python3.12/site-packages/airflow/example_dags/tutorial.py took 0.280 seconds
[2024-08-03T21:32:10.162+0000] {processor.py:161} INFO - Started process (PID=2195) to work on /home/airflow/.local/lib/python3.12/site-packages/airflow/example_dags/tutorial.py
[2024-08-03T21:32:10.165+0000] {processor.py:830} INFO - Processing file /home/airflow/.local/lib/python3.12/site-packages/airflow/example_dags/tutorial.py for tasks to queue
[2024-08-03T21:32:10.171+0000] {logging_mixin.py:188} INFO - [2024-08-03T21:32:10.170+0000] {dagbag.py:545} INFO - Filling up the DagBag from /home/airflow/.local/lib/python3.12/site-packages/airflow/example_dags/tutorial.py
[2024-08-03T21:32:10.192+0000] {processor.py:840} INFO - DAG(s) 'tutorial' retrieved from /home/airflow/.local/lib/python3.12/site-packages/airflow/example_dags/tutorial.py
[2024-08-03T21:32:10.266+0000] {logging_mixin.py:188} INFO - [2024-08-03T21:32:10.265+0000] {dag.py:3089} INFO - Sync 1 DAGs
[2024-08-03T21:32:10.359+0000] {logging_mixin.py:188} INFO - [2024-08-03T21:32:10.358+0000] {dag.py:3947} INFO - Setting next_dagrun for tutorial to 2024-08-02 00:00:00+00:00, run_after=2024-08-03 00:00:00+00:00
[2024-08-03T21:32:10.430+0000] {processor.py:183} INFO - Processing /home/airflow/.local/lib/python3.12/site-packages/airflow/example_dags/tutorial.py took 0.292 seconds
[2024-08-03T21:32:41.409+0000] {processor.py:161} INFO - Started process (PID=2253) to work on /home/airflow/.local/lib/python3.12/site-packages/airflow/example_dags/tutorial.py
[2024-08-03T21:32:41.412+0000] {processor.py:830} INFO - Processing file /home/airflow/.local/lib/python3.12/site-packages/airflow/example_dags/tutorial.py for tasks to queue
[2024-08-03T21:32:41.419+0000] {logging_mixin.py:188} INFO - [2024-08-03T21:32:41.417+0000] {dagbag.py:545} INFO - Filling up the DagBag from /home/airflow/.local/lib/python3.12/site-packages/airflow/example_dags/tutorial.py
[2024-08-03T21:32:41.446+0000] {processor.py:840} INFO - DAG(s) 'tutorial' retrieved from /home/airflow/.local/lib/python3.12/site-packages/airflow/example_dags/tutorial.py
[2024-08-03T21:32:41.560+0000] {logging_mixin.py:188} INFO - [2024-08-03T21:32:41.559+0000] {dag.py:3089} INFO - Sync 1 DAGs
[2024-08-03T21:32:41.637+0000] {logging_mixin.py:188} INFO - [2024-08-03T21:32:41.637+0000] {dag.py:3947} INFO - Setting next_dagrun for tutorial to 2024-08-02 00:00:00+00:00, run_after=2024-08-03 00:00:00+00:00
[2024-08-03T21:32:41.666+0000] {processor.py:183} INFO - Processing /home/airflow/.local/lib/python3.12/site-packages/airflow/example_dags/tutorial.py took 0.282 seconds
[2024-08-03T21:33:12.022+0000] {processor.py:161} INFO - Started process (PID=2311) to work on /home/airflow/.local/lib/python3.12/site-packages/airflow/example_dags/tutorial.py
[2024-08-03T21:33:12.024+0000] {processor.py:830} INFO - Processing file /home/airflow/.local/lib/python3.12/site-packages/airflow/example_dags/tutorial.py for tasks to queue
[2024-08-03T21:33:12.028+0000] {logging_mixin.py:188} INFO - [2024-08-03T21:33:12.027+0000] {dagbag.py:545} INFO - Filling up the DagBag from /home/airflow/.local/lib/python3.12/site-packages/airflow/example_dags/tutorial.py
[2024-08-03T21:33:12.042+0000] {processor.py:840} INFO - DAG(s) 'tutorial' retrieved from /home/airflow/.local/lib/python3.12/site-packages/airflow/example_dags/tutorial.py
[2024-08-03T21:33:12.084+0000] {logging_mixin.py:188} INFO - [2024-08-03T21:33:12.083+0000] {dag.py:3089} INFO - Sync 1 DAGs
[2024-08-03T21:33:12.130+0000] {logging_mixin.py:188} INFO - [2024-08-03T21:33:12.129+0000] {dag.py:3947} INFO - Setting next_dagrun for tutorial to 2024-08-02 00:00:00+00:00, run_after=2024-08-03 00:00:00+00:00
[2024-08-03T21:33:12.170+0000] {processor.py:183} INFO - Processing /home/airflow/.local/lib/python3.12/site-packages/airflow/example_dags/tutorial.py took 0.161 seconds
[2024-08-03T21:33:42.907+0000] {processor.py:161} INFO - Started process (PID=2368) to work on /home/airflow/.local/lib/python3.12/site-packages/airflow/example_dags/tutorial.py
[2024-08-03T21:33:42.909+0000] {processor.py:830} INFO - Processing file /home/airflow/.local/lib/python3.12/site-packages/airflow/example_dags/tutorial.py for tasks to queue
[2024-08-03T21:33:42.912+0000] {logging_mixin.py:188} INFO - [2024-08-03T21:33:42.911+0000] {dagbag.py:545} INFO - Filling up the DagBag from /home/airflow/.local/lib/python3.12/site-packages/airflow/example_dags/tutorial.py
[2024-08-03T21:33:42.925+0000] {processor.py:840} INFO - DAG(s) 'tutorial' retrieved from /home/airflow/.local/lib/python3.12/site-packages/airflow/example_dags/tutorial.py
[2024-08-03T21:33:42.986+0000] {logging_mixin.py:188} INFO - [2024-08-03T21:33:42.985+0000] {dag.py:3089} INFO - Sync 1 DAGs
[2024-08-03T21:33:43.074+0000] {logging_mixin.py:188} INFO - [2024-08-03T21:33:43.073+0000] {dag.py:3947} INFO - Setting next_dagrun for tutorial to 2024-08-02 00:00:00+00:00, run_after=2024-08-03 00:00:00+00:00
[2024-08-03T21:33:43.144+0000] {processor.py:183} INFO - Processing /home/airflow/.local/lib/python3.12/site-packages/airflow/example_dags/tutorial.py took 0.247 seconds
[2024-08-03T21:34:14.507+0000] {processor.py:161} INFO - Started process (PID=2426) to work on /home/airflow/.local/lib/python3.12/site-packages/airflow/example_dags/tutorial.py
[2024-08-03T21:34:14.509+0000] {processor.py:830} INFO - Processing file /home/airflow/.local/lib/python3.12/site-packages/airflow/example_dags/tutorial.py for tasks to queue
[2024-08-03T21:34:14.511+0000] {logging_mixin.py:188} INFO - [2024-08-03T21:34:14.511+0000] {dagbag.py:545} INFO - Filling up the DagBag from /home/airflow/.local/lib/python3.12/site-packages/airflow/example_dags/tutorial.py
[2024-08-03T21:34:14.521+0000] {processor.py:840} INFO - DAG(s) 'tutorial' retrieved from /home/airflow/.local/lib/python3.12/site-packages/airflow/example_dags/tutorial.py
[2024-08-03T21:34:14.559+0000] {logging_mixin.py:188} INFO - [2024-08-03T21:34:14.559+0000] {dag.py:3089} INFO - Sync 1 DAGs
[2024-08-03T21:34:14.608+0000] {logging_mixin.py:188} INFO - [2024-08-03T21:34:14.608+0000] {dag.py:3947} INFO - Setting next_dagrun for tutorial to 2024-08-02 00:00:00+00:00, run_after=2024-08-03 00:00:00+00:00
[2024-08-03T21:34:14.642+0000] {processor.py:183} INFO - Processing /home/airflow/.local/lib/python3.12/site-packages/airflow/example_dags/tutorial.py took 0.150 seconds
[2024-08-03T21:34:44.882+0000] {processor.py:161} INFO - Started process (PID=2482) to work on /home/airflow/.local/lib/python3.12/site-packages/airflow/example_dags/tutorial.py
[2024-08-03T21:34:44.884+0000] {processor.py:830} INFO - Processing file /home/airflow/.local/lib/python3.12/site-packages/airflow/example_dags/tutorial.py for tasks to queue
[2024-08-03T21:34:44.895+0000] {logging_mixin.py:188} INFO - [2024-08-03T21:34:44.892+0000] {dagbag.py:545} INFO - Filling up the DagBag from /home/airflow/.local/lib/python3.12/site-packages/airflow/example_dags/tutorial.py
[2024-08-03T21:34:44.918+0000] {processor.py:840} INFO - DAG(s) 'tutorial' retrieved from /home/airflow/.local/lib/python3.12/site-packages/airflow/example_dags/tutorial.py
[2024-08-03T21:34:45.008+0000] {logging_mixin.py:188} INFO - [2024-08-03T21:34:45.007+0000] {dag.py:3089} INFO - Sync 1 DAGs
[2024-08-03T21:34:45.120+0000] {logging_mixin.py:188} INFO - [2024-08-03T21:34:45.120+0000] {dag.py:3947} INFO - Setting next_dagrun for tutorial to 2024-08-02 00:00:00+00:00, run_after=2024-08-03 00:00:00+00:00
[2024-08-03T21:34:45.202+0000] {processor.py:183} INFO - Processing /home/airflow/.local/lib/python3.12/site-packages/airflow/example_dags/tutorial.py took 0.345 seconds
[2024-08-03T21:35:16.630+0000] {processor.py:161} INFO - Started process (PID=2541) to work on /home/airflow/.local/lib/python3.12/site-packages/airflow/example_dags/tutorial.py
[2024-08-03T21:35:16.634+0000] {processor.py:830} INFO - Processing file /home/airflow/.local/lib/python3.12/site-packages/airflow/example_dags/tutorial.py for tasks to queue
[2024-08-03T21:35:16.644+0000] {logging_mixin.py:188} INFO - [2024-08-03T21:35:16.642+0000] {dagbag.py:545} INFO - Filling up the DagBag from /home/airflow/.local/lib/python3.12/site-packages/airflow/example_dags/tutorial.py
[2024-08-03T21:35:16.671+0000] {processor.py:840} INFO - DAG(s) 'tutorial' retrieved from /home/airflow/.local/lib/python3.12/site-packages/airflow/example_dags/tutorial.py
[2024-08-03T21:35:16.777+0000] {logging_mixin.py:188} INFO - [2024-08-03T21:35:16.776+0000] {dag.py:3089} INFO - Sync 1 DAGs
[2024-08-03T21:35:16.911+0000] {logging_mixin.py:188} INFO - [2024-08-03T21:35:16.910+0000] {dag.py:3947} INFO - Setting next_dagrun for tutorial to 2024-08-02 00:00:00+00:00, run_after=2024-08-03 00:00:00+00:00
[2024-08-03T21:35:17.020+0000] {processor.py:183} INFO - Processing /home/airflow/.local/lib/python3.12/site-packages/airflow/example_dags/tutorial.py took 0.429 seconds
[2024-08-03T21:35:47.500+0000] {processor.py:161} INFO - Started process (PID=2599) to work on /home/airflow/.local/lib/python3.12/site-packages/airflow/example_dags/tutorial.py
[2024-08-03T21:35:47.503+0000] {processor.py:830} INFO - Processing file /home/airflow/.local/lib/python3.12/site-packages/airflow/example_dags/tutorial.py for tasks to queue
[2024-08-03T21:35:47.514+0000] {logging_mixin.py:188} INFO - [2024-08-03T21:35:47.512+0000] {dagbag.py:545} INFO - Filling up the DagBag from /home/airflow/.local/lib/python3.12/site-packages/airflow/example_dags/tutorial.py
[2024-08-03T21:35:47.545+0000] {processor.py:840} INFO - DAG(s) 'tutorial' retrieved from /home/airflow/.local/lib/python3.12/site-packages/airflow/example_dags/tutorial.py
[2024-08-03T21:35:47.643+0000] {logging_mixin.py:188} INFO - [2024-08-03T21:35:47.642+0000] {dag.py:3089} INFO - Sync 1 DAGs
[2024-08-03T21:35:47.768+0000] {logging_mixin.py:188} INFO - [2024-08-03T21:35:47.767+0000] {dag.py:3947} INFO - Setting next_dagrun for tutorial to 2024-08-02 00:00:00+00:00, run_after=2024-08-03 00:00:00+00:00
[2024-08-03T21:35:47.851+0000] {processor.py:183} INFO - Processing /home/airflow/.local/lib/python3.12/site-packages/airflow/example_dags/tutorial.py took 0.383 seconds
[2024-08-03T21:36:18.509+0000] {processor.py:161} INFO - Started process (PID=2657) to work on /home/airflow/.local/lib/python3.12/site-packages/airflow/example_dags/tutorial.py
[2024-08-03T21:36:18.512+0000] {processor.py:830} INFO - Processing file /home/airflow/.local/lib/python3.12/site-packages/airflow/example_dags/tutorial.py for tasks to queue
[2024-08-03T21:36:18.524+0000] {logging_mixin.py:188} INFO - [2024-08-03T21:36:18.521+0000] {dagbag.py:545} INFO - Filling up the DagBag from /home/airflow/.local/lib/python3.12/site-packages/airflow/example_dags/tutorial.py
[2024-08-03T21:36:18.551+0000] {processor.py:840} INFO - DAG(s) 'tutorial' retrieved from /home/airflow/.local/lib/python3.12/site-packages/airflow/example_dags/tutorial.py
[2024-08-03T21:36:18.662+0000] {logging_mixin.py:188} INFO - [2024-08-03T21:36:18.661+0000] {dag.py:3089} INFO - Sync 1 DAGs
[2024-08-03T21:36:18.768+0000] {logging_mixin.py:188} INFO - [2024-08-03T21:36:18.768+0000] {dag.py:3947} INFO - Setting next_dagrun for tutorial to 2024-08-02 00:00:00+00:00, run_after=2024-08-03 00:00:00+00:00
[2024-08-03T21:36:18.867+0000] {processor.py:183} INFO - Processing /home/airflow/.local/lib/python3.12/site-packages/airflow/example_dags/tutorial.py took 0.385 seconds
[2024-08-03T21:36:49.551+0000] {processor.py:161} INFO - Started process (PID=2716) to work on /home/airflow/.local/lib/python3.12/site-packages/airflow/example_dags/tutorial.py
[2024-08-03T21:36:49.557+0000] {processor.py:830} INFO - Processing file /home/airflow/.local/lib/python3.12/site-packages/airflow/example_dags/tutorial.py for tasks to queue
[2024-08-03T21:36:49.566+0000] {logging_mixin.py:188} INFO - [2024-08-03T21:36:49.565+0000] {dagbag.py:545} INFO - Filling up the DagBag from /home/airflow/.local/lib/python3.12/site-packages/airflow/example_dags/tutorial.py
[2024-08-03T21:36:49.592+0000] {processor.py:840} INFO - DAG(s) 'tutorial' retrieved from /home/airflow/.local/lib/python3.12/site-packages/airflow/example_dags/tutorial.py
[2024-08-03T21:36:49.697+0000] {logging_mixin.py:188} INFO - [2024-08-03T21:36:49.696+0000] {dag.py:3089} INFO - Sync 1 DAGs
[2024-08-03T21:36:49.843+0000] {logging_mixin.py:188} INFO - [2024-08-03T21:36:49.841+0000] {dag.py:3947} INFO - Setting next_dagrun for tutorial to 2024-08-02 00:00:00+00:00, run_after=2024-08-03 00:00:00+00:00
[2024-08-03T21:36:49.932+0000] {processor.py:183} INFO - Processing /home/airflow/.local/lib/python3.12/site-packages/airflow/example_dags/tutorial.py took 0.416 seconds
[2024-08-03T21:37:20.444+0000] {processor.py:161} INFO - Started process (PID=2774) to work on /home/airflow/.local/lib/python3.12/site-packages/airflow/example_dags/tutorial.py
[2024-08-03T21:37:20.447+0000] {processor.py:830} INFO - Processing file /home/airflow/.local/lib/python3.12/site-packages/airflow/example_dags/tutorial.py for tasks to queue
[2024-08-03T21:37:20.453+0000] {logging_mixin.py:188} INFO - [2024-08-03T21:37:20.452+0000] {dagbag.py:545} INFO - Filling up the DagBag from /home/airflow/.local/lib/python3.12/site-packages/airflow/example_dags/tutorial.py
[2024-08-03T21:37:20.483+0000] {processor.py:840} INFO - DAG(s) 'tutorial' retrieved from /home/airflow/.local/lib/python3.12/site-packages/airflow/example_dags/tutorial.py
[2024-08-03T21:37:20.584+0000] {logging_mixin.py:188} INFO - [2024-08-03T21:37:20.583+0000] {dag.py:3089} INFO - Sync 1 DAGs
[2024-08-03T21:37:20.696+0000] {logging_mixin.py:188} INFO - [2024-08-03T21:37:20.695+0000] {dag.py:3947} INFO - Setting next_dagrun for tutorial to 2024-08-02 00:00:00+00:00, run_after=2024-08-03 00:00:00+00:00
[2024-08-03T21:37:20.795+0000] {processor.py:183} INFO - Processing /home/airflow/.local/lib/python3.12/site-packages/airflow/example_dags/tutorial.py took 0.380 seconds
[2024-08-03T21:37:51.103+0000] {processor.py:161} INFO - Started process (PID=2832) to work on /home/airflow/.local/lib/python3.12/site-packages/airflow/example_dags/tutorial.py
[2024-08-03T21:37:51.106+0000] {processor.py:830} INFO - Processing file /home/airflow/.local/lib/python3.12/site-packages/airflow/example_dags/tutorial.py for tasks to queue
[2024-08-03T21:37:51.119+0000] {logging_mixin.py:188} INFO - [2024-08-03T21:37:51.116+0000] {dagbag.py:545} INFO - Filling up the DagBag from /home/airflow/.local/lib/python3.12/site-packages/airflow/example_dags/tutorial.py
[2024-08-03T21:37:51.159+0000] {processor.py:840} INFO - DAG(s) 'tutorial' retrieved from /home/airflow/.local/lib/python3.12/site-packages/airflow/example_dags/tutorial.py
[2024-08-03T21:37:51.262+0000] {logging_mixin.py:188} INFO - [2024-08-03T21:37:51.261+0000] {dag.py:3089} INFO - Sync 1 DAGs
[2024-08-03T21:37:51.329+0000] {logging_mixin.py:188} INFO - [2024-08-03T21:37:51.328+0000] {dag.py:3947} INFO - Setting next_dagrun for tutorial to 2024-08-02 00:00:00+00:00, run_after=2024-08-03 00:00:00+00:00
[2024-08-03T21:37:51.366+0000] {processor.py:183} INFO - Processing /home/airflow/.local/lib/python3.12/site-packages/airflow/example_dags/tutorial.py took 0.289 seconds
[2024-08-03T21:38:22.136+0000] {processor.py:161} INFO - Started process (PID=2890) to work on /home/airflow/.local/lib/python3.12/site-packages/airflow/example_dags/tutorial.py
[2024-08-03T21:38:22.139+0000] {processor.py:830} INFO - Processing file /home/airflow/.local/lib/python3.12/site-packages/airflow/example_dags/tutorial.py for tasks to queue
[2024-08-03T21:38:22.150+0000] {logging_mixin.py:188} INFO - [2024-08-03T21:38:22.148+0000] {dagbag.py:545} INFO - Filling up the DagBag from /home/airflow/.local/lib/python3.12/site-packages/airflow/example_dags/tutorial.py
[2024-08-03T21:38:22.191+0000] {processor.py:840} INFO - DAG(s) 'tutorial' retrieved from /home/airflow/.local/lib/python3.12/site-packages/airflow/example_dags/tutorial.py
[2024-08-03T21:38:22.313+0000] {logging_mixin.py:188} INFO - [2024-08-03T21:38:22.311+0000] {dag.py:3089} INFO - Sync 1 DAGs
[2024-08-03T21:38:22.471+0000] {logging_mixin.py:188} INFO - [2024-08-03T21:38:22.470+0000] {dag.py:3947} INFO - Setting next_dagrun for tutorial to 2024-08-02 00:00:00+00:00, run_after=2024-08-03 00:00:00+00:00
[2024-08-03T21:38:22.572+0000] {processor.py:183} INFO - Processing /home/airflow/.local/lib/python3.12/site-packages/airflow/example_dags/tutorial.py took 0.475 seconds
[2024-08-03T21:38:53.158+0000] {processor.py:161} INFO - Started process (PID=2948) to work on /home/airflow/.local/lib/python3.12/site-packages/airflow/example_dags/tutorial.py
[2024-08-03T21:38:53.161+0000] {processor.py:830} INFO - Processing file /home/airflow/.local/lib/python3.12/site-packages/airflow/example_dags/tutorial.py for tasks to queue
[2024-08-03T21:38:53.168+0000] {logging_mixin.py:188} INFO - [2024-08-03T21:38:53.167+0000] {dagbag.py:545} INFO - Filling up the DagBag from /home/airflow/.local/lib/python3.12/site-packages/airflow/example_dags/tutorial.py
[2024-08-03T21:38:53.195+0000] {processor.py:840} INFO - DAG(s) 'tutorial' retrieved from /home/airflow/.local/lib/python3.12/site-packages/airflow/example_dags/tutorial.py
[2024-08-03T21:38:53.287+0000] {logging_mixin.py:188} INFO - [2024-08-03T21:38:53.286+0000] {dag.py:3089} INFO - Sync 1 DAGs
[2024-08-03T21:38:53.388+0000] {logging_mixin.py:188} INFO - [2024-08-03T21:38:53.387+0000] {dag.py:3947} INFO - Setting next_dagrun for tutorial to 2024-08-02 00:00:00+00:00, run_after=2024-08-03 00:00:00+00:00
[2024-08-03T21:38:53.478+0000] {processor.py:183} INFO - Processing /home/airflow/.local/lib/python3.12/site-packages/airflow/example_dags/tutorial.py took 0.352 seconds
[2024-08-03T21:39:23.752+0000] {processor.py:161} INFO - Started process (PID=3006) to work on /home/airflow/.local/lib/python3.12/site-packages/airflow/example_dags/tutorial.py
[2024-08-03T21:39:23.756+0000] {processor.py:830} INFO - Processing file /home/airflow/.local/lib/python3.12/site-packages/airflow/example_dags/tutorial.py for tasks to queue
[2024-08-03T21:39:23.763+0000] {logging_mixin.py:188} INFO - [2024-08-03T21:39:23.762+0000] {dagbag.py:545} INFO - Filling up the DagBag from /home/airflow/.local/lib/python3.12/site-packages/airflow/example_dags/tutorial.py
[2024-08-03T21:39:23.787+0000] {processor.py:840} INFO - DAG(s) 'tutorial' retrieved from /home/airflow/.local/lib/python3.12/site-packages/airflow/example_dags/tutorial.py
[2024-08-03T21:39:23.874+0000] {logging_mixin.py:188} INFO - [2024-08-03T21:39:23.873+0000] {dag.py:3089} INFO - Sync 1 DAGs
[2024-08-03T21:39:23.992+0000] {logging_mixin.py:188} INFO - [2024-08-03T21:39:23.991+0000] {dag.py:3947} INFO - Setting next_dagrun for tutorial to 2024-08-02 00:00:00+00:00, run_after=2024-08-03 00:00:00+00:00
[2024-08-03T21:39:24.081+0000] {processor.py:183} INFO - Processing /home/airflow/.local/lib/python3.12/site-packages/airflow/example_dags/tutorial.py took 0.356 seconds
[2024-08-03T21:39:54.321+0000] {processor.py:161} INFO - Started process (PID=3064) to work on /home/airflow/.local/lib/python3.12/site-packages/airflow/example_dags/tutorial.py
[2024-08-03T21:39:54.325+0000] {processor.py:830} INFO - Processing file /home/airflow/.local/lib/python3.12/site-packages/airflow/example_dags/tutorial.py for tasks to queue
[2024-08-03T21:39:54.334+0000] {logging_mixin.py:188} INFO - [2024-08-03T21:39:54.332+0000] {dagbag.py:545} INFO - Filling up the DagBag from /home/airflow/.local/lib/python3.12/site-packages/airflow/example_dags/tutorial.py
[2024-08-03T21:39:54.359+0000] {processor.py:840} INFO - DAG(s) 'tutorial' retrieved from /home/airflow/.local/lib/python3.12/site-packages/airflow/example_dags/tutorial.py
[2024-08-03T21:39:54.462+0000] {logging_mixin.py:188} INFO - [2024-08-03T21:39:54.461+0000] {dag.py:3089} INFO - Sync 1 DAGs
[2024-08-03T21:39:54.578+0000] {logging_mixin.py:188} INFO - [2024-08-03T21:39:54.576+0000] {dag.py:3947} INFO - Setting next_dagrun for tutorial to 2024-08-02 00:00:00+00:00, run_after=2024-08-03 00:00:00+00:00
[2024-08-03T21:39:54.673+0000] {processor.py:183} INFO - Processing /home/airflow/.local/lib/python3.12/site-packages/airflow/example_dags/tutorial.py took 0.382 seconds
[2024-08-03T21:40:24.862+0000] {processor.py:161} INFO - Started process (PID=3121) to work on /home/airflow/.local/lib/python3.12/site-packages/airflow/example_dags/tutorial.py
[2024-08-03T21:40:24.865+0000] {processor.py:830} INFO - Processing file /home/airflow/.local/lib/python3.12/site-packages/airflow/example_dags/tutorial.py for tasks to queue
[2024-08-03T21:40:24.870+0000] {logging_mixin.py:188} INFO - [2024-08-03T21:40:24.869+0000] {dagbag.py:545} INFO - Filling up the DagBag from /home/airflow/.local/lib/python3.12/site-packages/airflow/example_dags/tutorial.py
[2024-08-03T21:40:24.888+0000] {processor.py:840} INFO - DAG(s) 'tutorial' retrieved from /home/airflow/.local/lib/python3.12/site-packages/airflow/example_dags/tutorial.py
[2024-08-03T21:40:24.954+0000] {logging_mixin.py:188} INFO - [2024-08-03T21:40:24.953+0000] {dag.py:3089} INFO - Sync 1 DAGs
[2024-08-03T21:40:25.031+0000] {logging_mixin.py:188} INFO - [2024-08-03T21:40:25.030+0000] {dag.py:3947} INFO - Setting next_dagrun for tutorial to 2024-08-02 00:00:00+00:00, run_after=2024-08-03 00:00:00+00:00
[2024-08-03T21:40:25.092+0000] {processor.py:183} INFO - Processing /home/airflow/.local/lib/python3.12/site-packages/airflow/example_dags/tutorial.py took 0.250 seconds
[2024-08-03T21:40:56.169+0000] {processor.py:161} INFO - Started process (PID=3180) to work on /home/airflow/.local/lib/python3.12/site-packages/airflow/example_dags/tutorial.py
[2024-08-03T21:40:56.171+0000] {processor.py:830} INFO - Processing file /home/airflow/.local/lib/python3.12/site-packages/airflow/example_dags/tutorial.py for tasks to queue
[2024-08-03T21:40:56.177+0000] {logging_mixin.py:188} INFO - [2024-08-03T21:40:56.175+0000] {dagbag.py:545} INFO - Filling up the DagBag from /home/airflow/.local/lib/python3.12/site-packages/airflow/example_dags/tutorial.py
[2024-08-03T21:40:56.196+0000] {processor.py:840} INFO - DAG(s) 'tutorial' retrieved from /home/airflow/.local/lib/python3.12/site-packages/airflow/example_dags/tutorial.py
[2024-08-03T21:40:56.256+0000] {logging_mixin.py:188} INFO - [2024-08-03T21:40:56.256+0000] {dag.py:3089} INFO - Sync 1 DAGs
[2024-08-03T21:40:56.328+0000] {logging_mixin.py:188} INFO - [2024-08-03T21:40:56.327+0000] {dag.py:3947} INFO - Setting next_dagrun for tutorial to 2024-08-02 00:00:00+00:00, run_after=2024-08-03 00:00:00+00:00
[2024-08-03T21:40:56.415+0000] {processor.py:183} INFO - Processing /home/airflow/.local/lib/python3.12/site-packages/airflow/example_dags/tutorial.py took 0.257 seconds
[2024-08-03T21:41:26.882+0000] {processor.py:161} INFO - Started process (PID=3238) to work on /home/airflow/.local/lib/python3.12/site-packages/airflow/example_dags/tutorial.py
[2024-08-03T21:41:26.885+0000] {processor.py:830} INFO - Processing file /home/airflow/.local/lib/python3.12/site-packages/airflow/example_dags/tutorial.py for tasks to queue
[2024-08-03T21:41:26.892+0000] {logging_mixin.py:188} INFO - [2024-08-03T21:41:26.891+0000] {dagbag.py:545} INFO - Filling up the DagBag from /home/airflow/.local/lib/python3.12/site-packages/airflow/example_dags/tutorial.py
[2024-08-03T21:41:26.920+0000] {processor.py:840} INFO - DAG(s) 'tutorial' retrieved from /home/airflow/.local/lib/python3.12/site-packages/airflow/example_dags/tutorial.py
[2024-08-03T21:41:27.010+0000] {logging_mixin.py:188} INFO - [2024-08-03T21:41:27.009+0000] {dag.py:3089} INFO - Sync 1 DAGs
[2024-08-03T21:41:27.105+0000] {logging_mixin.py:188} INFO - [2024-08-03T21:41:27.104+0000] {dag.py:3947} INFO - Setting next_dagrun for tutorial to 2024-08-02 00:00:00+00:00, run_after=2024-08-03 00:00:00+00:00
[2024-08-03T21:41:27.180+0000] {processor.py:183} INFO - Processing /home/airflow/.local/lib/python3.12/site-packages/airflow/example_dags/tutorial.py took 0.324 seconds
[2024-08-03T21:41:57.487+0000] {processor.py:161} INFO - Started process (PID=3296) to work on /home/airflow/.local/lib/python3.12/site-packages/airflow/example_dags/tutorial.py
[2024-08-03T21:41:57.490+0000] {processor.py:830} INFO - Processing file /home/airflow/.local/lib/python3.12/site-packages/airflow/example_dags/tutorial.py for tasks to queue
[2024-08-03T21:41:57.496+0000] {logging_mixin.py:188} INFO - [2024-08-03T21:41:57.494+0000] {dagbag.py:545} INFO - Filling up the DagBag from /home/airflow/.local/lib/python3.12/site-packages/airflow/example_dags/tutorial.py
[2024-08-03T21:41:57.526+0000] {processor.py:840} INFO - DAG(s) 'tutorial' retrieved from /home/airflow/.local/lib/python3.12/site-packages/airflow/example_dags/tutorial.py
[2024-08-03T21:41:57.616+0000] {logging_mixin.py:188} INFO - [2024-08-03T21:41:57.615+0000] {dag.py:3089} INFO - Sync 1 DAGs
[2024-08-03T21:41:57.717+0000] {logging_mixin.py:188} INFO - [2024-08-03T21:41:57.716+0000] {dag.py:3947} INFO - Setting next_dagrun for tutorial to 2024-08-02 00:00:00+00:00, run_after=2024-08-03 00:00:00+00:00
[2024-08-03T21:41:57.799+0000] {processor.py:183} INFO - Processing /home/airflow/.local/lib/python3.12/site-packages/airflow/example_dags/tutorial.py took 0.344 seconds
[2024-08-03T21:42:28.042+0000] {processor.py:161} INFO - Started process (PID=3353) to work on /home/airflow/.local/lib/python3.12/site-packages/airflow/example_dags/tutorial.py
[2024-08-03T21:42:28.045+0000] {processor.py:830} INFO - Processing file /home/airflow/.local/lib/python3.12/site-packages/airflow/example_dags/tutorial.py for tasks to queue
[2024-08-03T21:42:28.051+0000] {logging_mixin.py:188} INFO - [2024-08-03T21:42:28.050+0000] {dagbag.py:545} INFO - Filling up the DagBag from /home/airflow/.local/lib/python3.12/site-packages/airflow/example_dags/tutorial.py
[2024-08-03T21:42:28.070+0000] {processor.py:840} INFO - DAG(s) 'tutorial' retrieved from /home/airflow/.local/lib/python3.12/site-packages/airflow/example_dags/tutorial.py
[2024-08-03T21:42:28.146+0000] {logging_mixin.py:188} INFO - [2024-08-03T21:42:28.144+0000] {dag.py:3089} INFO - Sync 1 DAGs
[2024-08-03T21:42:28.235+0000] {logging_mixin.py:188} INFO - [2024-08-03T21:42:28.234+0000] {dag.py:3947} INFO - Setting next_dagrun for tutorial to 2024-08-02 00:00:00+00:00, run_after=2024-08-03 00:00:00+00:00
[2024-08-03T21:42:28.310+0000] {processor.py:183} INFO - Processing /home/airflow/.local/lib/python3.12/site-packages/airflow/example_dags/tutorial.py took 0.292 seconds
[2024-08-03T21:42:58.698+0000] {processor.py:161} INFO - Started process (PID=3411) to work on /home/airflow/.local/lib/python3.12/site-packages/airflow/example_dags/tutorial.py
[2024-08-03T21:42:58.701+0000] {processor.py:830} INFO - Processing file /home/airflow/.local/lib/python3.12/site-packages/airflow/example_dags/tutorial.py for tasks to queue
[2024-08-03T21:42:58.706+0000] {logging_mixin.py:188} INFO - [2024-08-03T21:42:58.705+0000] {dagbag.py:545} INFO - Filling up the DagBag from /home/airflow/.local/lib/python3.12/site-packages/airflow/example_dags/tutorial.py
[2024-08-03T21:42:58.733+0000] {processor.py:840} INFO - DAG(s) 'tutorial' retrieved from /home/airflow/.local/lib/python3.12/site-packages/airflow/example_dags/tutorial.py
[2024-08-03T21:42:58.823+0000] {logging_mixin.py:188} INFO - [2024-08-03T21:42:58.822+0000] {dag.py:3089} INFO - Sync 1 DAGs
[2024-08-03T21:42:58.906+0000] {logging_mixin.py:188} INFO - [2024-08-03T21:42:58.906+0000] {dag.py:3947} INFO - Setting next_dagrun for tutorial to 2024-08-02 00:00:00+00:00, run_after=2024-08-03 00:00:00+00:00
[2024-08-03T21:42:58.936+0000] {processor.py:183} INFO - Processing /home/airflow/.local/lib/python3.12/site-packages/airflow/example_dags/tutorial.py took 0.261 seconds
[2024-08-03T21:43:29.972+0000] {processor.py:161} INFO - Started process (PID=3470) to work on /home/airflow/.local/lib/python3.12/site-packages/airflow/example_dags/tutorial.py
[2024-08-03T21:43:29.976+0000] {processor.py:830} INFO - Processing file /home/airflow/.local/lib/python3.12/site-packages/airflow/example_dags/tutorial.py for tasks to queue
[2024-08-03T21:43:29.981+0000] {logging_mixin.py:188} INFO - [2024-08-03T21:43:29.980+0000] {dagbag.py:545} INFO - Filling up the DagBag from /home/airflow/.local/lib/python3.12/site-packages/airflow/example_dags/tutorial.py
[2024-08-03T21:43:30.000+0000] {processor.py:840} INFO - DAG(s) 'tutorial' retrieved from /home/airflow/.local/lib/python3.12/site-packages/airflow/example_dags/tutorial.py
[2024-08-03T21:43:30.088+0000] {logging_mixin.py:188} INFO - [2024-08-03T21:43:30.087+0000] {dag.py:3089} INFO - Sync 1 DAGs
[2024-08-03T21:43:30.191+0000] {logging_mixin.py:188} INFO - [2024-08-03T21:43:30.190+0000] {dag.py:3947} INFO - Setting next_dagrun for tutorial to 2024-08-02 00:00:00+00:00, run_after=2024-08-03 00:00:00+00:00
[2024-08-03T21:43:30.270+0000] {processor.py:183} INFO - Processing /home/airflow/.local/lib/python3.12/site-packages/airflow/example_dags/tutorial.py took 0.326 seconds
[2024-08-03T21:44:01.601+0000] {processor.py:161} INFO - Started process (PID=3529) to work on /home/airflow/.local/lib/python3.12/site-packages/airflow/example_dags/tutorial.py
[2024-08-03T21:44:01.603+0000] {processor.py:830} INFO - Processing file /home/airflow/.local/lib/python3.12/site-packages/airflow/example_dags/tutorial.py for tasks to queue
[2024-08-03T21:44:01.612+0000] {logging_mixin.py:188} INFO - [2024-08-03T21:44:01.610+0000] {dagbag.py:545} INFO - Filling up the DagBag from /home/airflow/.local/lib/python3.12/site-packages/airflow/example_dags/tutorial.py
[2024-08-03T21:44:01.633+0000] {processor.py:840} INFO - DAG(s) 'tutorial' retrieved from /home/airflow/.local/lib/python3.12/site-packages/airflow/example_dags/tutorial.py
[2024-08-03T21:44:01.719+0000] {logging_mixin.py:188} INFO - [2024-08-03T21:44:01.718+0000] {dag.py:3089} INFO - Sync 1 DAGs
[2024-08-03T21:44:01.804+0000] {logging_mixin.py:188} INFO - [2024-08-03T21:44:01.803+0000] {dag.py:3947} INFO - Setting next_dagrun for tutorial to 2024-08-02 00:00:00+00:00, run_after=2024-08-03 00:00:00+00:00
[2024-08-03T21:44:01.871+0000] {processor.py:183} INFO - Processing /home/airflow/.local/lib/python3.12/site-packages/airflow/example_dags/tutorial.py took 0.290 seconds
[2024-08-03T21:44:32.435+0000] {processor.py:161} INFO - Started process (PID=3587) to work on /home/airflow/.local/lib/python3.12/site-packages/airflow/example_dags/tutorial.py
[2024-08-03T21:44:32.438+0000] {processor.py:830} INFO - Processing file /home/airflow/.local/lib/python3.12/site-packages/airflow/example_dags/tutorial.py for tasks to queue
[2024-08-03T21:44:32.444+0000] {logging_mixin.py:188} INFO - [2024-08-03T21:44:32.443+0000] {dagbag.py:545} INFO - Filling up the DagBag from /home/airflow/.local/lib/python3.12/site-packages/airflow/example_dags/tutorial.py
[2024-08-03T21:44:32.463+0000] {processor.py:840} INFO - DAG(s) 'tutorial' retrieved from /home/airflow/.local/lib/python3.12/site-packages/airflow/example_dags/tutorial.py
[2024-08-03T21:44:32.539+0000] {logging_mixin.py:188} INFO - [2024-08-03T21:44:32.537+0000] {dag.py:3089} INFO - Sync 1 DAGs
[2024-08-03T21:44:32.635+0000] {logging_mixin.py:188} INFO - [2024-08-03T21:44:32.634+0000] {dag.py:3947} INFO - Setting next_dagrun for tutorial to 2024-08-02 00:00:00+00:00, run_after=2024-08-03 00:00:00+00:00
[2024-08-03T21:44:32.708+0000] {processor.py:183} INFO - Processing /home/airflow/.local/lib/python3.12/site-packages/airflow/example_dags/tutorial.py took 0.297 seconds
[2024-08-03T21:45:02.951+0000] {processor.py:161} INFO - Started process (PID=3644) to work on /home/airflow/.local/lib/python3.12/site-packages/airflow/example_dags/tutorial.py
[2024-08-03T21:45:02.953+0000] {processor.py:830} INFO - Processing file /home/airflow/.local/lib/python3.12/site-packages/airflow/example_dags/tutorial.py for tasks to queue
[2024-08-03T21:45:02.956+0000] {logging_mixin.py:188} INFO - [2024-08-03T21:45:02.955+0000] {dagbag.py:545} INFO - Filling up the DagBag from /home/airflow/.local/lib/python3.12/site-packages/airflow/example_dags/tutorial.py
[2024-08-03T21:45:02.967+0000] {processor.py:840} INFO - DAG(s) 'tutorial' retrieved from /home/airflow/.local/lib/python3.12/site-packages/airflow/example_dags/tutorial.py
[2024-08-03T21:45:03.008+0000] {logging_mixin.py:188} INFO - [2024-08-03T21:45:03.008+0000] {dag.py:3089} INFO - Sync 1 DAGs
[2024-08-03T21:45:03.077+0000] {logging_mixin.py:188} INFO - [2024-08-03T21:45:03.076+0000] {dag.py:3947} INFO - Setting next_dagrun for tutorial to 2024-08-02 00:00:00+00:00, run_after=2024-08-03 00:00:00+00:00
[2024-08-03T21:45:03.137+0000] {processor.py:183} INFO - Processing /home/airflow/.local/lib/python3.12/site-packages/airflow/example_dags/tutorial.py took 0.197 seconds
[2024-08-03T21:45:33.444+0000] {processor.py:161} INFO - Started process (PID=3703) to work on /home/airflow/.local/lib/python3.12/site-packages/airflow/example_dags/tutorial.py
[2024-08-03T21:45:33.447+0000] {processor.py:830} INFO - Processing file /home/airflow/.local/lib/python3.12/site-packages/airflow/example_dags/tutorial.py for tasks to queue
[2024-08-03T21:45:33.454+0000] {logging_mixin.py:188} INFO - [2024-08-03T21:45:33.452+0000] {dagbag.py:545} INFO - Filling up the DagBag from /home/airflow/.local/lib/python3.12/site-packages/airflow/example_dags/tutorial.py
[2024-08-03T21:45:33.475+0000] {processor.py:840} INFO - DAG(s) 'tutorial' retrieved from /home/airflow/.local/lib/python3.12/site-packages/airflow/example_dags/tutorial.py
[2024-08-03T21:45:33.555+0000] {logging_mixin.py:188} INFO - [2024-08-03T21:45:33.554+0000] {dag.py:3089} INFO - Sync 1 DAGs
[2024-08-03T21:45:33.628+0000] {logging_mixin.py:188} INFO - [2024-08-03T21:45:33.628+0000] {dag.py:3947} INFO - Setting next_dagrun for tutorial to 2024-08-02 00:00:00+00:00, run_after=2024-08-03 00:00:00+00:00
[2024-08-03T21:45:33.664+0000] {processor.py:183} INFO - Processing /home/airflow/.local/lib/python3.12/site-packages/airflow/example_dags/tutorial.py took 0.247 seconds
[2024-08-03T21:46:03.945+0000] {processor.py:161} INFO - Started process (PID=3761) to work on /home/airflow/.local/lib/python3.12/site-packages/airflow/example_dags/tutorial.py
[2024-08-03T21:46:03.948+0000] {processor.py:830} INFO - Processing file /home/airflow/.local/lib/python3.12/site-packages/airflow/example_dags/tutorial.py for tasks to queue
[2024-08-03T21:46:03.956+0000] {logging_mixin.py:188} INFO - [2024-08-03T21:46:03.954+0000] {dagbag.py:545} INFO - Filling up the DagBag from /home/airflow/.local/lib/python3.12/site-packages/airflow/example_dags/tutorial.py
[2024-08-03T21:46:03.990+0000] {processor.py:840} INFO - DAG(s) 'tutorial' retrieved from /home/airflow/.local/lib/python3.12/site-packages/airflow/example_dags/tutorial.py
[2024-08-03T21:46:04.070+0000] {logging_mixin.py:188} INFO - [2024-08-03T21:46:04.069+0000] {dag.py:3089} INFO - Sync 1 DAGs
[2024-08-03T21:46:04.167+0000] {logging_mixin.py:188} INFO - [2024-08-03T21:46:04.166+0000] {dag.py:3947} INFO - Setting next_dagrun for tutorial to 2024-08-02 00:00:00+00:00, run_after=2024-08-03 00:00:00+00:00
[2024-08-03T21:46:04.241+0000] {processor.py:183} INFO - Processing /home/airflow/.local/lib/python3.12/site-packages/airflow/example_dags/tutorial.py took 0.320 seconds
[2024-08-03T21:46:34.353+0000] {processor.py:161} INFO - Started process (PID=3819) to work on /home/airflow/.local/lib/python3.12/site-packages/airflow/example_dags/tutorial.py
[2024-08-03T21:46:34.358+0000] {processor.py:830} INFO - Processing file /home/airflow/.local/lib/python3.12/site-packages/airflow/example_dags/tutorial.py for tasks to queue
[2024-08-03T21:46:34.365+0000] {logging_mixin.py:188} INFO - [2024-08-03T21:46:34.363+0000] {dagbag.py:545} INFO - Filling up the DagBag from /home/airflow/.local/lib/python3.12/site-packages/airflow/example_dags/tutorial.py
[2024-08-03T21:46:34.388+0000] {processor.py:840} INFO - DAG(s) 'tutorial' retrieved from /home/airflow/.local/lib/python3.12/site-packages/airflow/example_dags/tutorial.py
[2024-08-03T21:46:34.468+0000] {logging_mixin.py:188} INFO - [2024-08-03T21:46:34.466+0000] {dag.py:3089} INFO - Sync 1 DAGs
[2024-08-03T21:46:34.568+0000] {logging_mixin.py:188} INFO - [2024-08-03T21:46:34.567+0000] {dag.py:3947} INFO - Setting next_dagrun for tutorial to 2024-08-02 00:00:00+00:00, run_after=2024-08-03 00:00:00+00:00
[2024-08-03T21:46:34.637+0000] {processor.py:183} INFO - Processing /home/airflow/.local/lib/python3.12/site-packages/airflow/example_dags/tutorial.py took 0.308 seconds
[2024-08-03T21:47:05.139+0000] {processor.py:161} INFO - Started process (PID=3877) to work on /home/airflow/.local/lib/python3.12/site-packages/airflow/example_dags/tutorial.py
[2024-08-03T21:47:05.142+0000] {processor.py:830} INFO - Processing file /home/airflow/.local/lib/python3.12/site-packages/airflow/example_dags/tutorial.py for tasks to queue
[2024-08-03T21:47:05.148+0000] {logging_mixin.py:188} INFO - [2024-08-03T21:47:05.147+0000] {dagbag.py:545} INFO - Filling up the DagBag from /home/airflow/.local/lib/python3.12/site-packages/airflow/example_dags/tutorial.py
[2024-08-03T21:47:05.172+0000] {processor.py:840} INFO - DAG(s) 'tutorial' retrieved from /home/airflow/.local/lib/python3.12/site-packages/airflow/example_dags/tutorial.py
[2024-08-03T21:47:05.265+0000] {logging_mixin.py:188} INFO - [2024-08-03T21:47:05.264+0000] {dag.py:3089} INFO - Sync 1 DAGs
[2024-08-03T21:47:05.360+0000] {logging_mixin.py:188} INFO - [2024-08-03T21:47:05.359+0000] {dag.py:3947} INFO - Setting next_dagrun for tutorial to 2024-08-02 00:00:00+00:00, run_after=2024-08-03 00:00:00+00:00
[2024-08-03T21:47:05.457+0000] {processor.py:183} INFO - Processing /home/airflow/.local/lib/python3.12/site-packages/airflow/example_dags/tutorial.py took 0.341 seconds
[2024-08-03T21:47:35.668+0000] {processor.py:161} INFO - Started process (PID=3935) to work on /home/airflow/.local/lib/python3.12/site-packages/airflow/example_dags/tutorial.py
[2024-08-03T21:47:35.669+0000] {processor.py:830} INFO - Processing file /home/airflow/.local/lib/python3.12/site-packages/airflow/example_dags/tutorial.py for tasks to queue
[2024-08-03T21:47:35.675+0000] {logging_mixin.py:188} INFO - [2024-08-03T21:47:35.674+0000] {dagbag.py:545} INFO - Filling up the DagBag from /home/airflow/.local/lib/python3.12/site-packages/airflow/example_dags/tutorial.py
[2024-08-03T21:47:35.697+0000] {processor.py:840} INFO - DAG(s) 'tutorial' retrieved from /home/airflow/.local/lib/python3.12/site-packages/airflow/example_dags/tutorial.py
[2024-08-03T21:47:35.760+0000] {logging_mixin.py:188} INFO - [2024-08-03T21:47:35.757+0000] {dag.py:3089} INFO - Sync 1 DAGs
[2024-08-03T21:47:35.838+0000] {logging_mixin.py:188} INFO - [2024-08-03T21:47:35.837+0000] {dag.py:3947} INFO - Setting next_dagrun for tutorial to 2024-08-02 00:00:00+00:00, run_after=2024-08-03 00:00:00+00:00
[2024-08-03T21:47:35.901+0000] {processor.py:183} INFO - Processing /home/airflow/.local/lib/python3.12/site-packages/airflow/example_dags/tutorial.py took 0.245 seconds
[2024-08-03T21:48:07.599+0000] {processor.py:161} INFO - Started process (PID=3993) to work on /home/airflow/.local/lib/python3.12/site-packages/airflow/example_dags/tutorial.py
[2024-08-03T21:48:07.601+0000] {processor.py:830} INFO - Processing file /home/airflow/.local/lib/python3.12/site-packages/airflow/example_dags/tutorial.py for tasks to queue
[2024-08-03T21:48:07.610+0000] {logging_mixin.py:188} INFO - [2024-08-03T21:48:07.608+0000] {dagbag.py:545} INFO - Filling up the DagBag from /home/airflow/.local/lib/python3.12/site-packages/airflow/example_dags/tutorial.py
[2024-08-03T21:48:07.620+0000] {processor.py:840} INFO - DAG(s) 'tutorial' retrieved from /home/airflow/.local/lib/python3.12/site-packages/airflow/example_dags/tutorial.py
[2024-08-03T21:48:07.680+0000] {logging_mixin.py:188} INFO - [2024-08-03T21:48:07.679+0000] {dag.py:3089} INFO - Sync 1 DAGs
[2024-08-03T21:48:07.758+0000] {logging_mixin.py:188} INFO - [2024-08-03T21:48:07.757+0000] {dag.py:3947} INFO - Setting next_dagrun for tutorial to 2024-08-02 00:00:00+00:00, run_after=2024-08-03 00:00:00+00:00
[2024-08-03T21:48:07.828+0000] {processor.py:183} INFO - Processing /home/airflow/.local/lib/python3.12/site-packages/airflow/example_dags/tutorial.py took 0.245 seconds
[2024-08-03T21:48:37.934+0000] {processor.py:161} INFO - Started process (PID=4051) to work on /home/airflow/.local/lib/python3.12/site-packages/airflow/example_dags/tutorial.py
[2024-08-03T21:48:37.935+0000] {processor.py:830} INFO - Processing file /home/airflow/.local/lib/python3.12/site-packages/airflow/example_dags/tutorial.py for tasks to queue
[2024-08-03T21:48:37.937+0000] {logging_mixin.py:188} INFO - [2024-08-03T21:48:37.937+0000] {dagbag.py:545} INFO - Filling up the DagBag from /home/airflow/.local/lib/python3.12/site-packages/airflow/example_dags/tutorial.py
[2024-08-03T21:48:37.947+0000] {processor.py:840} INFO - DAG(s) 'tutorial' retrieved from /home/airflow/.local/lib/python3.12/site-packages/airflow/example_dags/tutorial.py
[2024-08-03T21:48:37.993+0000] {logging_mixin.py:188} INFO - [2024-08-03T21:48:37.992+0000] {dag.py:3089} INFO - Sync 1 DAGs
[2024-08-03T21:48:38.080+0000] {logging_mixin.py:188} INFO - [2024-08-03T21:48:38.079+0000] {dag.py:3947} INFO - Setting next_dagrun for tutorial to 2024-08-02 00:00:00+00:00, run_after=2024-08-03 00:00:00+00:00
[2024-08-03T21:48:38.153+0000] {processor.py:183} INFO - Processing /home/airflow/.local/lib/python3.12/site-packages/airflow/example_dags/tutorial.py took 0.227 seconds
[2024-08-03T21:49:10.378+0000] {processor.py:161} INFO - Started process (PID=4110) to work on /home/airflow/.local/lib/python3.12/site-packages/airflow/example_dags/tutorial.py
[2024-08-03T21:49:10.383+0000] {processor.py:830} INFO - Processing file /home/airflow/.local/lib/python3.12/site-packages/airflow/example_dags/tutorial.py for tasks to queue
[2024-08-03T21:49:10.391+0000] {logging_mixin.py:188} INFO - [2024-08-03T21:49:10.390+0000] {dagbag.py:545} INFO - Filling up the DagBag from /home/airflow/.local/lib/python3.12/site-packages/airflow/example_dags/tutorial.py
[2024-08-03T21:49:10.413+0000] {processor.py:840} INFO - DAG(s) 'tutorial' retrieved from /home/airflow/.local/lib/python3.12/site-packages/airflow/example_dags/tutorial.py
[2024-08-03T21:49:10.506+0000] {logging_mixin.py:188} INFO - [2024-08-03T21:49:10.505+0000] {dag.py:3089} INFO - Sync 1 DAGs
[2024-08-03T21:49:10.605+0000] {logging_mixin.py:188} INFO - [2024-08-03T21:49:10.604+0000] {dag.py:3947} INFO - Setting next_dagrun for tutorial to 2024-08-02 00:00:00+00:00, run_after=2024-08-03 00:00:00+00:00
[2024-08-03T21:49:10.683+0000] {processor.py:183} INFO - Processing /home/airflow/.local/lib/python3.12/site-packages/airflow/example_dags/tutorial.py took 0.331 seconds
[2024-08-03T21:49:41.407+0000] {processor.py:161} INFO - Started process (PID=4168) to work on /home/airflow/.local/lib/python3.12/site-packages/airflow/example_dags/tutorial.py
[2024-08-03T21:49:41.410+0000] {processor.py:830} INFO - Processing file /home/airflow/.local/lib/python3.12/site-packages/airflow/example_dags/tutorial.py for tasks to queue
[2024-08-03T21:49:41.417+0000] {logging_mixin.py:188} INFO - [2024-08-03T21:49:41.416+0000] {dagbag.py:545} INFO - Filling up the DagBag from /home/airflow/.local/lib/python3.12/site-packages/airflow/example_dags/tutorial.py
[2024-08-03T21:49:41.441+0000] {processor.py:840} INFO - DAG(s) 'tutorial' retrieved from /home/airflow/.local/lib/python3.12/site-packages/airflow/example_dags/tutorial.py
[2024-08-03T21:49:41.508+0000] {logging_mixin.py:188} INFO - [2024-08-03T21:49:41.507+0000] {dag.py:3089} INFO - Sync 1 DAGs
[2024-08-03T21:49:41.597+0000] {logging_mixin.py:188} INFO - [2024-08-03T21:49:41.596+0000] {dag.py:3947} INFO - Setting next_dagrun for tutorial to 2024-08-02 00:00:00+00:00, run_after=2024-08-03 00:00:00+00:00
[2024-08-03T21:49:41.662+0000] {processor.py:183} INFO - Processing /home/airflow/.local/lib/python3.12/site-packages/airflow/example_dags/tutorial.py took 0.275 seconds
[2024-08-03T21:50:12.195+0000] {processor.py:161} INFO - Started process (PID=4226) to work on /home/airflow/.local/lib/python3.12/site-packages/airflow/example_dags/tutorial.py
[2024-08-03T21:50:12.197+0000] {processor.py:830} INFO - Processing file /home/airflow/.local/lib/python3.12/site-packages/airflow/example_dags/tutorial.py for tasks to queue
[2024-08-03T21:50:12.200+0000] {logging_mixin.py:188} INFO - [2024-08-03T21:50:12.199+0000] {dagbag.py:545} INFO - Filling up the DagBag from /home/airflow/.local/lib/python3.12/site-packages/airflow/example_dags/tutorial.py
[2024-08-03T21:50:12.212+0000] {processor.py:840} INFO - DAG(s) 'tutorial' retrieved from /home/airflow/.local/lib/python3.12/site-packages/airflow/example_dags/tutorial.py
[2024-08-03T21:50:12.282+0000] {logging_mixin.py:188} INFO - [2024-08-03T21:50:12.282+0000] {dag.py:3089} INFO - Sync 1 DAGs
[2024-08-03T21:50:12.390+0000] {logging_mixin.py:188} INFO - [2024-08-03T21:50:12.389+0000] {dag.py:3947} INFO - Setting next_dagrun for tutorial to 2024-08-02 00:00:00+00:00, run_after=2024-08-03 00:00:00+00:00
[2024-08-03T21:50:12.454+0000] {processor.py:183} INFO - Processing /home/airflow/.local/lib/python3.12/site-packages/airflow/example_dags/tutorial.py took 0.274 seconds
[2024-08-03T21:50:43.012+0000] {processor.py:161} INFO - Started process (PID=4284) to work on /home/airflow/.local/lib/python3.12/site-packages/airflow/example_dags/tutorial.py
[2024-08-03T21:50:43.014+0000] {processor.py:830} INFO - Processing file /home/airflow/.local/lib/python3.12/site-packages/airflow/example_dags/tutorial.py for tasks to queue
[2024-08-03T21:50:43.020+0000] {logging_mixin.py:188} INFO - [2024-08-03T21:50:43.019+0000] {dagbag.py:545} INFO - Filling up the DagBag from /home/airflow/.local/lib/python3.12/site-packages/airflow/example_dags/tutorial.py
[2024-08-03T21:50:43.038+0000] {processor.py:840} INFO - DAG(s) 'tutorial' retrieved from /home/airflow/.local/lib/python3.12/site-packages/airflow/example_dags/tutorial.py
[2024-08-03T21:50:43.103+0000] {logging_mixin.py:188} INFO - [2024-08-03T21:50:43.102+0000] {dag.py:3089} INFO - Sync 1 DAGs
[2024-08-03T21:50:43.181+0000] {logging_mixin.py:188} INFO - [2024-08-03T21:50:43.180+0000] {dag.py:3947} INFO - Setting next_dagrun for tutorial to 2024-08-02 00:00:00+00:00, run_after=2024-08-03 00:00:00+00:00
[2024-08-03T21:50:43.241+0000] {processor.py:183} INFO - Processing /home/airflow/.local/lib/python3.12/site-packages/airflow/example_dags/tutorial.py took 0.250 seconds
[2024-08-03T21:51:13.410+0000] {processor.py:161} INFO - Started process (PID=4342) to work on /home/airflow/.local/lib/python3.12/site-packages/airflow/example_dags/tutorial.py
[2024-08-03T21:51:13.412+0000] {processor.py:830} INFO - Processing file /home/airflow/.local/lib/python3.12/site-packages/airflow/example_dags/tutorial.py for tasks to queue
[2024-08-03T21:51:13.418+0000] {logging_mixin.py:188} INFO - [2024-08-03T21:51:13.417+0000] {dagbag.py:545} INFO - Filling up the DagBag from /home/airflow/.local/lib/python3.12/site-packages/airflow/example_dags/tutorial.py
[2024-08-03T21:51:13.437+0000] {processor.py:840} INFO - DAG(s) 'tutorial' retrieved from /home/airflow/.local/lib/python3.12/site-packages/airflow/example_dags/tutorial.py
[2024-08-03T21:51:13.501+0000] {logging_mixin.py:188} INFO - [2024-08-03T21:51:13.501+0000] {dag.py:3089} INFO - Sync 1 DAGs
[2024-08-03T21:51:13.585+0000] {logging_mixin.py:188} INFO - [2024-08-03T21:51:13.584+0000] {dag.py:3947} INFO - Setting next_dagrun for tutorial to 2024-08-02 00:00:00+00:00, run_after=2024-08-03 00:00:00+00:00
[2024-08-03T21:51:13.646+0000] {processor.py:183} INFO - Processing /home/airflow/.local/lib/python3.12/site-packages/airflow/example_dags/tutorial.py took 0.256 seconds
[2024-08-03T21:51:44.198+0000] {processor.py:161} INFO - Started process (PID=4400) to work on /home/airflow/.local/lib/python3.12/site-packages/airflow/example_dags/tutorial.py
[2024-08-03T21:51:44.198+0000] {processor.py:830} INFO - Processing file /home/airflow/.local/lib/python3.12/site-packages/airflow/example_dags/tutorial.py for tasks to queue
[2024-08-03T21:51:44.200+0000] {logging_mixin.py:188} INFO - [2024-08-03T21:51:44.200+0000] {dagbag.py:545} INFO - Filling up the DagBag from /home/airflow/.local/lib/python3.12/site-packages/airflow/example_dags/tutorial.py
[2024-08-03T21:51:44.206+0000] {processor.py:840} INFO - DAG(s) 'tutorial' retrieved from /home/airflow/.local/lib/python3.12/site-packages/airflow/example_dags/tutorial.py
[2024-08-03T21:51:44.226+0000] {logging_mixin.py:188} INFO - [2024-08-03T21:51:44.226+0000] {dag.py:3089} INFO - Sync 1 DAGs
[2024-08-03T21:51:44.250+0000] {logging_mixin.py:188} INFO - [2024-08-03T21:51:44.249+0000] {dag.py:3947} INFO - Setting next_dagrun for tutorial to 2024-08-02 00:00:00+00:00, run_after=2024-08-03 00:00:00+00:00
[2024-08-03T21:51:44.268+0000] {processor.py:183} INFO - Processing /home/airflow/.local/lib/python3.12/site-packages/airflow/example_dags/tutorial.py took 0.076 seconds
[2024-08-03T21:52:14.515+0000] {processor.py:161} INFO - Started process (PID=4464) to work on /home/airflow/.local/lib/python3.12/site-packages/airflow/example_dags/tutorial.py
[2024-08-03T21:52:14.516+0000] {processor.py:830} INFO - Processing file /home/airflow/.local/lib/python3.12/site-packages/airflow/example_dags/tutorial.py for tasks to queue
[2024-08-03T21:52:14.518+0000] {logging_mixin.py:188} INFO - [2024-08-03T21:52:14.518+0000] {dagbag.py:545} INFO - Filling up the DagBag from /home/airflow/.local/lib/python3.12/site-packages/airflow/example_dags/tutorial.py
[2024-08-03T21:52:14.527+0000] {processor.py:840} INFO - DAG(s) 'tutorial' retrieved from /home/airflow/.local/lib/python3.12/site-packages/airflow/example_dags/tutorial.py
[2024-08-03T21:52:14.578+0000] {logging_mixin.py:188} INFO - [2024-08-03T21:52:14.577+0000] {dag.py:3089} INFO - Sync 1 DAGs
[2024-08-03T21:52:14.612+0000] {logging_mixin.py:188} INFO - [2024-08-03T21:52:14.611+0000] {dag.py:3947} INFO - Setting next_dagrun for tutorial to 2024-08-02 00:00:00+00:00, run_after=2024-08-03 00:00:00+00:00
[2024-08-03T21:52:14.634+0000] {processor.py:183} INFO - Processing /home/airflow/.local/lib/python3.12/site-packages/airflow/example_dags/tutorial.py took 0.129 seconds
