[2024-10-22T15:09:43.990+0000] {local_task_job_runner.py:120} INFO - ::group::Pre task execution logs
[2024-10-22T15:09:44.109+0000] {taskinstance.py:2076} INFO - Dependencies all met for dep_context=non-requeueable deps ti=<TaskInstance: aula_1_3_dados_climaticos.cria_pasta manual__2024-10-22T15:09:35.123439+00:00 [queued]>
[2024-10-22T15:09:45.659+0000] {taskinstance.py:2076} INFO - Dependencies all met for dep_context=requeueable deps ti=<TaskInstance: aula_1_3_dados_climaticos.cria_pasta manual__2024-10-22T15:09:35.123439+00:00 [queued]>
[2024-10-22T15:09:45.660+0000] {taskinstance.py:2306} INFO - Starting attempt 1 of 1
[2024-10-22T15:09:45.710+0000] {taskinstance.py:2330} INFO - Executing <Task(BashOperator): cria_pasta> on 2024-10-22 15:09:35.123439+00:00
[2024-10-22T15:09:45.745+0000] {warnings.py:112} WARNING - /home/***/.local/lib/python3.12/site-packages/***/task/task_runner/standard_task_runner.py:62: DeprecationWarning: This process (pid=546) is multi-threaded, use of fork() may lead to deadlocks in the child.
  pid = os.fork()

[2024-10-22T15:09:45.751+0000] {standard_task_runner.py:64} INFO - Started process 548 to run task
[2024-10-22T15:09:45.755+0000] {standard_task_runner.py:90} INFO - Running: ['***', 'tasks', 'run', 'aula_1_3_dados_climaticos', 'cria_pasta', 'manual__2024-10-22T15:09:35.123439+00:00', '--job-id', '271', '--raw', '--subdir', 'DAGS_FOLDER/aula_1_3_dados_climaticos.py', '--cfg-path', '/tmp/tmpy7gshps_']
[2024-10-22T15:09:45.762+0000] {standard_task_runner.py:91} INFO - Job 271: Subtask cria_pasta
[2024-10-22T15:09:45.926+0000] {task_command.py:426} INFO - Running <TaskInstance: aula_1_3_dados_climaticos.cria_pasta manual__2024-10-22T15:09:35.123439+00:00 [running]> on host 4e8aee365f90
[2024-10-22T15:09:46.354+0000] {taskinstance.py:2648} INFO - Exporting env vars: AIRFLOW_CTX_DAG_OWNER='***' AIRFLOW_CTX_DAG_ID='aula_1_3_dados_climaticos' AIRFLOW_CTX_TASK_ID='cria_pasta' AIRFLOW_CTX_EXECUTION_DATE='2024-10-22T15:09:35.123439+00:00' AIRFLOW_CTX_TRY_NUMBER='1' AIRFLOW_CTX_DAG_RUN_ID='manual__2024-10-22T15:09:35.123439+00:00'
[2024-10-22T15:09:46.356+0000] {taskinstance.py:430} INFO - ::endgroup::
[2024-10-22T15:09:46.380+0000] {subprocess.py:63} INFO - Tmp dir root location: /tmp
[2024-10-22T15:09:46.382+0000] {subprocess.py:75} INFO - Running command: ['/usr/bin/bash', '-c', 'mkdir -p "/home/paulovictor/workspace/***-workspace/Airflow/semana=2024-10-21/" ']
[2024-10-22T15:09:46.408+0000] {subprocess.py:86} INFO - Output:
[2024-10-22T15:09:46.425+0000] {subprocess.py:97} INFO - Command exited with return code 0
[2024-10-22T15:09:46.426+0000] {taskinstance.py:441} INFO - ::group::Post task execution logs
[2024-10-22T15:09:46.507+0000] {taskinstance.py:1206} INFO - Marking task as SUCCESS. dag_id=aula_1_3_dados_climaticos, task_id=cria_pasta, run_id=manual__2024-10-22T15:09:35.123439+00:00, execution_date=20241022T150935, start_date=20241022T150944, end_date=20241022T150946
[2024-10-22T15:09:46.613+0000] {local_task_job_runner.py:243} INFO - Task exited with return code 0
[2024-10-22T15:09:46.691+0000] {taskinstance.py:3503} INFO - 1 downstream tasks scheduled from follow-on schedule check
[2024-10-22T15:09:46.694+0000] {local_task_job_runner.py:222} INFO - ::endgroup::
