[2024-09-24T20:58:14.592+0000] {local_task_job_runner.py:120} INFO - ::group::Pre task execution logs
[2024-09-24T20:58:14.715+0000] {taskinstance.py:2076} INFO - Dependencies all met for dep_context=non-requeueable deps ti=<TaskInstance: meu_primeiro_dag.cria_pasta manual__2024-09-24T20:58:03.081090+00:00 [queued]>
[2024-09-24T20:58:14.748+0000] {taskinstance.py:2076} INFO - Dependencies all met for dep_context=requeueable deps ti=<TaskInstance: meu_primeiro_dag.cria_pasta manual__2024-09-24T20:58:03.081090+00:00 [queued]>
[2024-09-24T20:58:14.749+0000] {taskinstance.py:2306} INFO - Starting attempt 1 of 1
[2024-09-24T20:58:14.802+0000] {taskinstance.py:2330} INFO - Executing <Task(BashOperator): cria_pasta> on 2024-09-24 20:58:03.081090+00:00
[2024-09-24T20:58:14.825+0000] {warnings.py:112} WARNING - /home/***/.local/lib/python3.12/site-packages/***/task/task_runner/standard_task_runner.py:62: DeprecationWarning: This process (pid=76) is multi-threaded, use of fork() may lead to deadlocks in the child.
  pid = os.fork()

[2024-09-24T20:58:14.831+0000] {standard_task_runner.py:64} INFO - Started process 78 to run task
[2024-09-24T20:58:14.832+0000] {standard_task_runner.py:90} INFO - Running: ['***', 'tasks', 'run', 'meu_primeiro_dag', 'cria_pasta', 'manual__2024-09-24T20:58:03.081090+00:00', '--job-id', '172', '--raw', '--subdir', 'DAGS_FOLDER/meu_primeiro_dag.py', '--cfg-path', '/tmp/tmpc4rziqql']
[2024-09-24T20:58:14.842+0000] {standard_task_runner.py:91} INFO - Job 172: Subtask cria_pasta
[2024-09-24T20:58:15.022+0000] {task_command.py:426} INFO - Running <TaskInstance: meu_primeiro_dag.cria_pasta manual__2024-09-24T20:58:03.081090+00:00 [running]> on host 9ad8820f2601
[2024-09-24T20:58:15.416+0000] {taskinstance.py:2648} INFO - Exporting env vars: AIRFLOW_CTX_DAG_OWNER='***' AIRFLOW_CTX_DAG_ID='meu_primeiro_dag' AIRFLOW_CTX_TASK_ID='cria_pasta' AIRFLOW_CTX_EXECUTION_DATE='2024-09-24T20:58:03.081090+00:00' AIRFLOW_CTX_TRY_NUMBER='1' AIRFLOW_CTX_DAG_RUN_ID='manual__2024-09-24T20:58:03.081090+00:00'
[2024-09-24T20:58:15.423+0000] {taskinstance.py:430} INFO - ::endgroup::
[2024-09-24T20:58:15.431+0000] {subprocess.py:63} INFO - Tmp dir root location: /tmp
[2024-09-24T20:58:15.433+0000] {subprocess.py:75} INFO - Running command: ['/usr/bin/bash', '-c', ' mkdir -p "/home/paulovictor/workspace/***-workspace/Airflow/pasta=2024-09-24 00:00:00+00:00/" ']
[2024-09-24T20:58:15.490+0000] {subprocess.py:86} INFO - Output:
[2024-09-24T20:58:15.530+0000] {subprocess.py:97} INFO - Command exited with return code 0
[2024-09-24T20:58:15.534+0000] {taskinstance.py:441} INFO - ::group::Post task execution logs
[2024-09-24T20:58:15.653+0000] {taskinstance.py:1206} INFO - Marking task as SUCCESS. dag_id=meu_primeiro_dag, task_id=cria_pasta, run_id=manual__2024-09-24T20:58:03.081090+00:00, execution_date=20240924T205803, start_date=20240924T205814, end_date=20240924T205815
[2024-09-24T20:58:15.773+0000] {local_task_job_runner.py:243} INFO - Task exited with return code 0
[2024-09-24T20:58:15.827+0000] {taskinstance.py:3503} INFO - 0 downstream tasks scheduled from follow-on schedule check
[2024-09-24T20:58:15.832+0000] {local_task_job_runner.py:222} INFO - ::endgroup::
