[2024-08-21T21:59:06.899+0000] {processor.py:161} INFO - Started process (PID=96) to work on /home/airflow/.local/lib/python3.12/site-packages/airflow/example_dags/example_branch_day_of_week_operator.py
[2024-08-21T21:59:06.900+0000] {processor.py:830} INFO - Processing file /home/airflow/.local/lib/python3.12/site-packages/airflow/example_dags/example_branch_day_of_week_operator.py for tasks to queue
[2024-08-21T21:59:06.902+0000] {logging_mixin.py:188} INFO - [2024-08-21T21:59:06.902+0000] {dagbag.py:545} INFO - Filling up the DagBag from /home/airflow/.local/lib/python3.12/site-packages/airflow/example_dags/example_branch_day_of_week_operator.py
[2024-08-21T21:59:06.910+0000] {processor.py:840} INFO - DAG(s) 'example_weekday_branch_operator' retrieved from /home/airflow/.local/lib/python3.12/site-packages/airflow/example_dags/example_branch_day_of_week_operator.py
[2024-08-21T21:59:06.936+0000] {logging_mixin.py:188} INFO - [2024-08-21T21:59:06.936+0000] {dag.py:3089} INFO - Sync 1 DAGs
[2024-08-21T21:59:06.964+0000] {logging_mixin.py:188} INFO - [2024-08-21T21:59:06.963+0000] {dag.py:3947} INFO - Setting next_dagrun for example_weekday_branch_operator to 2024-08-20 00:00:00+00:00, run_after=2024-08-21 00:00:00+00:00
[2024-08-21T21:59:06.984+0000] {processor.py:183} INFO - Processing /home/airflow/.local/lib/python3.12/site-packages/airflow/example_dags/example_branch_day_of_week_operator.py took 0.091 seconds
[2024-08-21T21:59:38.837+0000] {processor.py:161} INFO - Started process (PID=154) to work on /home/airflow/.local/lib/python3.12/site-packages/airflow/example_dags/example_branch_day_of_week_operator.py
[2024-08-21T21:59:38.837+0000] {processor.py:830} INFO - Processing file /home/airflow/.local/lib/python3.12/site-packages/airflow/example_dags/example_branch_day_of_week_operator.py for tasks to queue
[2024-08-21T21:59:38.839+0000] {logging_mixin.py:188} INFO - [2024-08-21T21:59:38.839+0000] {dagbag.py:545} INFO - Filling up the DagBag from /home/airflow/.local/lib/python3.12/site-packages/airflow/example_dags/example_branch_day_of_week_operator.py
[2024-08-21T21:59:38.847+0000] {processor.py:840} INFO - DAG(s) 'example_weekday_branch_operator' retrieved from /home/airflow/.local/lib/python3.12/site-packages/airflow/example_dags/example_branch_day_of_week_operator.py
[2024-08-21T21:59:38.868+0000] {logging_mixin.py:188} INFO - [2024-08-21T21:59:38.868+0000] {dag.py:3089} INFO - Sync 1 DAGs
[2024-08-21T21:59:38.893+0000] {logging_mixin.py:188} INFO - [2024-08-21T21:59:38.893+0000] {dag.py:3947} INFO - Setting next_dagrun for example_weekday_branch_operator to 2024-08-20 00:00:00+00:00, run_after=2024-08-21 00:00:00+00:00
[2024-08-21T21:59:38.913+0000] {processor.py:183} INFO - Processing /home/airflow/.local/lib/python3.12/site-packages/airflow/example_dags/example_branch_day_of_week_operator.py took 0.083 seconds
[2024-08-21T22:00:09.141+0000] {processor.py:161} INFO - Started process (PID=212) to work on /home/airflow/.local/lib/python3.12/site-packages/airflow/example_dags/example_branch_day_of_week_operator.py
[2024-08-21T22:00:09.141+0000] {processor.py:830} INFO - Processing file /home/airflow/.local/lib/python3.12/site-packages/airflow/example_dags/example_branch_day_of_week_operator.py for tasks to queue
[2024-08-21T22:00:09.143+0000] {logging_mixin.py:188} INFO - [2024-08-21T22:00:09.143+0000] {dagbag.py:545} INFO - Filling up the DagBag from /home/airflow/.local/lib/python3.12/site-packages/airflow/example_dags/example_branch_day_of_week_operator.py
[2024-08-21T22:00:09.151+0000] {processor.py:840} INFO - DAG(s) 'example_weekday_branch_operator' retrieved from /home/airflow/.local/lib/python3.12/site-packages/airflow/example_dags/example_branch_day_of_week_operator.py
[2024-08-21T22:00:09.178+0000] {logging_mixin.py:188} INFO - [2024-08-21T22:00:09.178+0000] {dag.py:3089} INFO - Sync 1 DAGs
[2024-08-21T22:00:09.217+0000] {logging_mixin.py:188} INFO - [2024-08-21T22:00:09.217+0000] {dag.py:3947} INFO - Setting next_dagrun for example_weekday_branch_operator to 2024-08-20 00:00:00+00:00, run_after=2024-08-21 00:00:00+00:00
[2024-08-21T22:00:09.239+0000] {processor.py:183} INFO - Processing /home/airflow/.local/lib/python3.12/site-packages/airflow/example_dags/example_branch_day_of_week_operator.py took 0.104 seconds
