[2024-08-21T21:59:06.851+0000] {processor.py:161} INFO - Started process (PID=95) to work on /home/airflow/.local/lib/python3.12/site-packages/airflow/example_dags/example_nested_branch_dag.py
[2024-08-21T21:59:06.852+0000] {processor.py:830} INFO - Processing file /home/airflow/.local/lib/python3.12/site-packages/airflow/example_dags/example_nested_branch_dag.py for tasks to queue
[2024-08-21T21:59:06.853+0000] {logging_mixin.py:188} INFO - [2024-08-21T21:59:06.853+0000] {dagbag.py:545} INFO - Filling up the DagBag from /home/airflow/.local/lib/python3.12/site-packages/airflow/example_dags/example_nested_branch_dag.py
[2024-08-21T21:59:06.864+0000] {processor.py:840} INFO - DAG(s) 'example_nested_branch_dag' retrieved from /home/airflow/.local/lib/python3.12/site-packages/airflow/example_dags/example_nested_branch_dag.py
[2024-08-21T21:59:06.891+0000] {logging_mixin.py:188} INFO - [2024-08-21T21:59:06.891+0000] {dag.py:3089} INFO - Sync 1 DAGs
[2024-08-21T21:59:06.920+0000] {logging_mixin.py:188} INFO - [2024-08-21T21:59:06.919+0000] {dag.py:3947} INFO - Setting next_dagrun for example_nested_branch_dag to 2024-08-20 00:00:00+00:00, run_after=2024-08-21 00:00:00+00:00
[2024-08-21T21:59:06.941+0000] {processor.py:183} INFO - Processing /home/airflow/.local/lib/python3.12/site-packages/airflow/example_dags/example_nested_branch_dag.py took 0.096 seconds
[2024-08-21T21:59:38.800+0000] {processor.py:161} INFO - Started process (PID=153) to work on /home/airflow/.local/lib/python3.12/site-packages/airflow/example_dags/example_nested_branch_dag.py
[2024-08-21T21:59:38.801+0000] {processor.py:830} INFO - Processing file /home/airflow/.local/lib/python3.12/site-packages/airflow/example_dags/example_nested_branch_dag.py for tasks to queue
[2024-08-21T21:59:38.803+0000] {logging_mixin.py:188} INFO - [2024-08-21T21:59:38.802+0000] {dagbag.py:545} INFO - Filling up the DagBag from /home/airflow/.local/lib/python3.12/site-packages/airflow/example_dags/example_nested_branch_dag.py
[2024-08-21T21:59:38.814+0000] {processor.py:840} INFO - DAG(s) 'example_nested_branch_dag' retrieved from /home/airflow/.local/lib/python3.12/site-packages/airflow/example_dags/example_nested_branch_dag.py
[2024-08-21T21:59:38.838+0000] {logging_mixin.py:188} INFO - [2024-08-21T21:59:38.838+0000] {dag.py:3089} INFO - Sync 1 DAGs
[2024-08-21T21:59:38.864+0000] {logging_mixin.py:188} INFO - [2024-08-21T21:59:38.864+0000] {dag.py:3947} INFO - Setting next_dagrun for example_nested_branch_dag to 2024-08-20 00:00:00+00:00, run_after=2024-08-21 00:00:00+00:00
[2024-08-21T21:59:38.883+0000] {processor.py:183} INFO - Processing /home/airflow/.local/lib/python3.12/site-packages/airflow/example_dags/example_nested_branch_dag.py took 0.088 seconds
[2024-08-21T22:00:09.084+0000] {processor.py:161} INFO - Started process (PID=211) to work on /home/airflow/.local/lib/python3.12/site-packages/airflow/example_dags/example_nested_branch_dag.py
[2024-08-21T22:00:09.084+0000] {processor.py:830} INFO - Processing file /home/airflow/.local/lib/python3.12/site-packages/airflow/example_dags/example_nested_branch_dag.py for tasks to queue
[2024-08-21T22:00:09.086+0000] {logging_mixin.py:188} INFO - [2024-08-21T22:00:09.086+0000] {dagbag.py:545} INFO - Filling up the DagBag from /home/airflow/.local/lib/python3.12/site-packages/airflow/example_dags/example_nested_branch_dag.py
[2024-08-21T22:00:09.096+0000] {processor.py:840} INFO - DAG(s) 'example_nested_branch_dag' retrieved from /home/airflow/.local/lib/python3.12/site-packages/airflow/example_dags/example_nested_branch_dag.py
[2024-08-21T22:00:09.118+0000] {logging_mixin.py:188} INFO - [2024-08-21T22:00:09.118+0000] {dag.py:3089} INFO - Sync 1 DAGs
[2024-08-21T22:00:09.143+0000] {logging_mixin.py:188} INFO - [2024-08-21T22:00:09.142+0000] {dag.py:3947} INFO - Setting next_dagrun for example_nested_branch_dag to 2024-08-20 00:00:00+00:00, run_after=2024-08-21 00:00:00+00:00
[2024-08-21T22:00:09.163+0000] {processor.py:183} INFO - Processing /home/airflow/.local/lib/python3.12/site-packages/airflow/example_dags/example_nested_branch_dag.py took 0.085 seconds
