[2024-08-21T21:59:04.394+0000] {processor.py:161} INFO - Started process (PID=61) to work on /home/airflow/.local/lib/python3.12/site-packages/airflow/example_dags/example_skip_dag.py
[2024-08-21T21:59:04.395+0000] {processor.py:830} INFO - Processing file /home/airflow/.local/lib/python3.12/site-packages/airflow/example_dags/example_skip_dag.py for tasks to queue
[2024-08-21T21:59:04.397+0000] {logging_mixin.py:188} INFO - [2024-08-21T21:59:04.396+0000] {dagbag.py:545} INFO - Filling up the DagBag from /home/airflow/.local/lib/python3.12/site-packages/airflow/example_dags/example_skip_dag.py
[2024-08-21T21:59:04.406+0000] {processor.py:840} INFO - DAG(s) 'example_skip_dag' retrieved from /home/airflow/.local/lib/python3.12/site-packages/airflow/example_dags/example_skip_dag.py
[2024-08-21T21:59:04.438+0000] {logging_mixin.py:188} INFO - [2024-08-21T21:59:04.437+0000] {dag.py:3089} INFO - Sync 1 DAGs
[2024-08-21T21:59:04.476+0000] {logging_mixin.py:188} INFO - [2024-08-21T21:59:04.475+0000] {dag.py:3947} INFO - Setting next_dagrun for example_skip_dag to 2024-08-20 00:00:00+00:00, run_after=2024-08-21 00:00:00+00:00
[2024-08-21T21:59:04.497+0000] {processor.py:183} INFO - Processing /home/airflow/.local/lib/python3.12/site-packages/airflow/example_dags/example_skip_dag.py took 0.109 seconds
[2024-08-21T21:59:34.609+0000] {processor.py:161} INFO - Started process (PID=119) to work on /home/airflow/.local/lib/python3.12/site-packages/airflow/example_dags/example_skip_dag.py
[2024-08-21T21:59:34.610+0000] {processor.py:830} INFO - Processing file /home/airflow/.local/lib/python3.12/site-packages/airflow/example_dags/example_skip_dag.py for tasks to queue
[2024-08-21T21:59:34.612+0000] {logging_mixin.py:188} INFO - [2024-08-21T21:59:34.611+0000] {dagbag.py:545} INFO - Filling up the DagBag from /home/airflow/.local/lib/python3.12/site-packages/airflow/example_dags/example_skip_dag.py
[2024-08-21T21:59:34.618+0000] {processor.py:840} INFO - DAG(s) 'example_skip_dag' retrieved from /home/airflow/.local/lib/python3.12/site-packages/airflow/example_dags/example_skip_dag.py
[2024-08-21T21:59:34.640+0000] {logging_mixin.py:188} INFO - [2024-08-21T21:59:34.640+0000] {dag.py:3089} INFO - Sync 1 DAGs
[2024-08-21T21:59:34.664+0000] {logging_mixin.py:188} INFO - [2024-08-21T21:59:34.664+0000] {dag.py:3947} INFO - Setting next_dagrun for example_skip_dag to 2024-08-20 00:00:00+00:00, run_after=2024-08-21 00:00:00+00:00
[2024-08-21T21:59:34.683+0000] {processor.py:183} INFO - Processing /home/airflow/.local/lib/python3.12/site-packages/airflow/example_dags/example_skip_dag.py took 0.080 seconds
[2024-08-21T22:00:06.186+0000] {processor.py:161} INFO - Started process (PID=177) to work on /home/airflow/.local/lib/python3.12/site-packages/airflow/example_dags/example_skip_dag.py
[2024-08-21T22:00:06.188+0000] {processor.py:830} INFO - Processing file /home/airflow/.local/lib/python3.12/site-packages/airflow/example_dags/example_skip_dag.py for tasks to queue
[2024-08-21T22:00:06.193+0000] {logging_mixin.py:188} INFO - [2024-08-21T22:00:06.192+0000] {dagbag.py:545} INFO - Filling up the DagBag from /home/airflow/.local/lib/python3.12/site-packages/airflow/example_dags/example_skip_dag.py
[2024-08-21T22:00:06.214+0000] {processor.py:840} INFO - DAG(s) 'example_skip_dag' retrieved from /home/airflow/.local/lib/python3.12/site-packages/airflow/example_dags/example_skip_dag.py
[2024-08-21T22:00:06.282+0000] {logging_mixin.py:188} INFO - [2024-08-21T22:00:06.281+0000] {dag.py:3089} INFO - Sync 1 DAGs
[2024-08-21T22:00:06.359+0000] {logging_mixin.py:188} INFO - [2024-08-21T22:00:06.358+0000] {dag.py:3947} INFO - Setting next_dagrun for example_skip_dag to 2024-08-20 00:00:00+00:00, run_after=2024-08-21 00:00:00+00:00
[2024-08-21T22:00:06.427+0000] {processor.py:183} INFO - Processing /home/airflow/.local/lib/python3.12/site-packages/airflow/example_dags/example_skip_dag.py took 0.260 seconds
