[2024-08-21T21:59:05.956+0000] {processor.py:161} INFO - Started process (PID=79) to work on /home/airflow/.local/lib/python3.12/site-packages/airflow/example_dags/example_bash_operator.py
[2024-08-21T21:59:05.957+0000] {processor.py:830} INFO - Processing file /home/airflow/.local/lib/python3.12/site-packages/airflow/example_dags/example_bash_operator.py for tasks to queue
[2024-08-21T21:59:05.959+0000] {logging_mixin.py:188} INFO - [2024-08-21T21:59:05.959+0000] {dagbag.py:545} INFO - Filling up the DagBag from /home/airflow/.local/lib/python3.12/site-packages/airflow/example_dags/example_bash_operator.py
[2024-08-21T21:59:05.973+0000] {processor.py:840} INFO - DAG(s) 'example_bash_operator' retrieved from /home/airflow/.local/lib/python3.12/site-packages/airflow/example_dags/example_bash_operator.py
[2024-08-21T21:59:06.011+0000] {logging_mixin.py:188} INFO - [2024-08-21T21:59:06.011+0000] {dag.py:3089} INFO - Sync 1 DAGs
[2024-08-21T21:59:06.041+0000] {logging_mixin.py:188} INFO - [2024-08-21T21:59:06.041+0000] {dag.py:3947} INFO - Setting next_dagrun for example_bash_operator to 2024-08-20 00:00:00+00:00, run_after=2024-08-21 00:00:00+00:00
[2024-08-21T21:59:06.064+0000] {processor.py:183} INFO - Processing /home/airflow/.local/lib/python3.12/site-packages/airflow/example_dags/example_bash_operator.py took 0.114 seconds
[2024-08-21T21:59:37.443+0000] {processor.py:161} INFO - Started process (PID=143) to work on /home/airflow/.local/lib/python3.12/site-packages/airflow/example_dags/example_bash_operator.py
[2024-08-21T21:59:37.445+0000] {processor.py:830} INFO - Processing file /home/airflow/.local/lib/python3.12/site-packages/airflow/example_dags/example_bash_operator.py for tasks to queue
[2024-08-21T21:59:37.450+0000] {logging_mixin.py:188} INFO - [2024-08-21T21:59:37.449+0000] {dagbag.py:545} INFO - Filling up the DagBag from /home/airflow/.local/lib/python3.12/site-packages/airflow/example_dags/example_bash_operator.py
[2024-08-21T21:59:37.489+0000] {processor.py:840} INFO - DAG(s) 'example_bash_operator' retrieved from /home/airflow/.local/lib/python3.12/site-packages/airflow/example_dags/example_bash_operator.py
[2024-08-21T21:59:37.586+0000] {logging_mixin.py:188} INFO - [2024-08-21T21:59:37.585+0000] {dag.py:3089} INFO - Sync 1 DAGs
[2024-08-21T21:59:37.666+0000] {logging_mixin.py:188} INFO - [2024-08-21T21:59:37.665+0000] {dag.py:3947} INFO - Setting next_dagrun for example_bash_operator to 2024-08-20 00:00:00+00:00, run_after=2024-08-21 00:00:00+00:00
[2024-08-21T21:59:37.727+0000] {processor.py:183} INFO - Processing /home/airflow/.local/lib/python3.12/site-packages/airflow/example_dags/example_bash_operator.py took 0.304 seconds
[2024-08-21T22:00:08.471+0000] {processor.py:161} INFO - Started process (PID=201) to work on /home/airflow/.local/lib/python3.12/site-packages/airflow/example_dags/example_bash_operator.py
[2024-08-21T22:00:08.472+0000] {processor.py:830} INFO - Processing file /home/airflow/.local/lib/python3.12/site-packages/airflow/example_dags/example_bash_operator.py for tasks to queue
[2024-08-21T22:00:08.474+0000] {logging_mixin.py:188} INFO - [2024-08-21T22:00:08.474+0000] {dagbag.py:545} INFO - Filling up the DagBag from /home/airflow/.local/lib/python3.12/site-packages/airflow/example_dags/example_bash_operator.py
[2024-08-21T22:00:08.486+0000] {processor.py:840} INFO - DAG(s) 'example_bash_operator' retrieved from /home/airflow/.local/lib/python3.12/site-packages/airflow/example_dags/example_bash_operator.py
[2024-08-21T22:00:08.516+0000] {logging_mixin.py:188} INFO - [2024-08-21T22:00:08.515+0000] {dag.py:3089} INFO - Sync 1 DAGs
[2024-08-21T22:00:08.539+0000] {logging_mixin.py:188} INFO - [2024-08-21T22:00:08.539+0000] {dag.py:3947} INFO - Setting next_dagrun for example_bash_operator to 2024-08-20 00:00:00+00:00, run_after=2024-08-21 00:00:00+00:00
[2024-08-21T22:00:08.557+0000] {processor.py:183} INFO - Processing /home/airflow/.local/lib/python3.12/site-packages/airflow/example_dags/example_bash_operator.py took 0.092 seconds
