[2024-08-21T21:59:07.171+0000] {processor.py:161} INFO - Started process (PID=100) to work on /home/airflow/.local/lib/python3.12/site-packages/airflow/example_dags/example_task_group_decorator.py
[2024-08-21T21:59:07.171+0000] {processor.py:830} INFO - Processing file /home/airflow/.local/lib/python3.12/site-packages/airflow/example_dags/example_task_group_decorator.py for tasks to queue
[2024-08-21T21:59:07.173+0000] {logging_mixin.py:188} INFO - [2024-08-21T21:59:07.173+0000] {dagbag.py:545} INFO - Filling up the DagBag from /home/airflow/.local/lib/python3.12/site-packages/airflow/example_dags/example_task_group_decorator.py
[2024-08-21T21:59:07.190+0000] {processor.py:840} INFO - DAG(s) 'example_task_group_decorator' retrieved from /home/airflow/.local/lib/python3.12/site-packages/airflow/example_dags/example_task_group_decorator.py
[2024-08-21T21:59:07.220+0000] {logging_mixin.py:188} INFO - [2024-08-21T21:59:07.220+0000] {dag.py:3089} INFO - Sync 1 DAGs
[2024-08-21T21:59:07.247+0000] {logging_mixin.py:188} INFO - [2024-08-21T21:59:07.247+0000] {dag.py:3947} INFO - Setting next_dagrun for example_task_group_decorator to 2024-08-20 00:00:00+00:00, run_after=2024-08-21 00:00:00+00:00
[2024-08-21T21:59:07.267+0000] {processor.py:183} INFO - Processing /home/airflow/.local/lib/python3.12/site-packages/airflow/example_dags/example_task_group_decorator.py took 0.103 seconds
[2024-08-21T21:59:39.033+0000] {processor.py:161} INFO - Started process (PID=158) to work on /home/airflow/.local/lib/python3.12/site-packages/airflow/example_dags/example_task_group_decorator.py
[2024-08-21T21:59:39.033+0000] {processor.py:830} INFO - Processing file /home/airflow/.local/lib/python3.12/site-packages/airflow/example_dags/example_task_group_decorator.py for tasks to queue
[2024-08-21T21:59:39.035+0000] {logging_mixin.py:188} INFO - [2024-08-21T21:59:39.035+0000] {dagbag.py:545} INFO - Filling up the DagBag from /home/airflow/.local/lib/python3.12/site-packages/airflow/example_dags/example_task_group_decorator.py
[2024-08-21T21:59:39.052+0000] {processor.py:840} INFO - DAG(s) 'example_task_group_decorator' retrieved from /home/airflow/.local/lib/python3.12/site-packages/airflow/example_dags/example_task_group_decorator.py
[2024-08-21T21:59:39.082+0000] {logging_mixin.py:188} INFO - [2024-08-21T21:59:39.081+0000] {dag.py:3089} INFO - Sync 1 DAGs
[2024-08-21T21:59:39.106+0000] {logging_mixin.py:188} INFO - [2024-08-21T21:59:39.106+0000] {dag.py:3947} INFO - Setting next_dagrun for example_task_group_decorator to 2024-08-20 00:00:00+00:00, run_after=2024-08-21 00:00:00+00:00
[2024-08-21T21:59:39.126+0000] {processor.py:183} INFO - Processing /home/airflow/.local/lib/python3.12/site-packages/airflow/example_dags/example_task_group_decorator.py took 0.100 seconds
[2024-08-21T22:00:09.362+0000] {processor.py:161} INFO - Started process (PID=216) to work on /home/airflow/.local/lib/python3.12/site-packages/airflow/example_dags/example_task_group_decorator.py
[2024-08-21T22:00:09.363+0000] {processor.py:830} INFO - Processing file /home/airflow/.local/lib/python3.12/site-packages/airflow/example_dags/example_task_group_decorator.py for tasks to queue
[2024-08-21T22:00:09.365+0000] {logging_mixin.py:188} INFO - [2024-08-21T22:00:09.365+0000] {dagbag.py:545} INFO - Filling up the DagBag from /home/airflow/.local/lib/python3.12/site-packages/airflow/example_dags/example_task_group_decorator.py
[2024-08-21T22:00:09.383+0000] {processor.py:840} INFO - DAG(s) 'example_task_group_decorator' retrieved from /home/airflow/.local/lib/python3.12/site-packages/airflow/example_dags/example_task_group_decorator.py
[2024-08-21T22:00:09.413+0000] {logging_mixin.py:188} INFO - [2024-08-21T22:00:09.413+0000] {dag.py:3089} INFO - Sync 1 DAGs
[2024-08-21T22:00:09.440+0000] {logging_mixin.py:188} INFO - [2024-08-21T22:00:09.439+0000] {dag.py:3947} INFO - Setting next_dagrun for example_task_group_decorator to 2024-08-20 00:00:00+00:00, run_after=2024-08-21 00:00:00+00:00
[2024-08-21T22:00:09.462+0000] {processor.py:183} INFO - Processing /home/airflow/.local/lib/python3.12/site-packages/airflow/example_dags/example_task_group_decorator.py took 0.107 seconds
