[2024-08-21T21:59:05.495+0000] {processor.py:161} INFO - Started process (PID=75) to work on /home/airflow/.local/lib/python3.12/site-packages/airflow/example_dags/example_xcomargs.py
[2024-08-21T21:59:05.496+0000] {processor.py:830} INFO - Processing file /home/airflow/.local/lib/python3.12/site-packages/airflow/example_dags/example_xcomargs.py for tasks to queue
[2024-08-21T21:59:05.498+0000] {logging_mixin.py:188} INFO - [2024-08-21T21:59:05.498+0000] {dagbag.py:545} INFO - Filling up the DagBag from /home/airflow/.local/lib/python3.12/site-packages/airflow/example_dags/example_xcomargs.py
[2024-08-21T21:59:05.509+0000] {processor.py:840} INFO - DAG(s) 'example_xcom_args', 'example_xcom_args_with_operators' retrieved from /home/airflow/.local/lib/python3.12/site-packages/airflow/example_dags/example_xcomargs.py
[2024-08-21T21:59:05.539+0000] {logging_mixin.py:188} INFO - [2024-08-21T21:59:05.538+0000] {dag.py:3089} INFO - Sync 2 DAGs
[2024-08-21T21:59:05.556+0000] {logging_mixin.py:188} INFO - [2024-08-21T21:59:05.556+0000] {dag.py:3947} INFO - Setting next_dagrun for example_xcom_args to None, run_after=None
[2024-08-21T21:59:05.561+0000] {logging_mixin.py:188} INFO - [2024-08-21T21:59:05.561+0000] {dag.py:3947} INFO - Setting next_dagrun for example_xcom_args_with_operators to None, run_after=None
[2024-08-21T21:59:05.582+0000] {processor.py:183} INFO - Processing /home/airflow/.local/lib/python3.12/site-packages/airflow/example_dags/example_xcomargs.py took 0.093 seconds
[2024-08-21T21:59:35.714+0000] {processor.py:161} INFO - Started process (PID=133) to work on /home/airflow/.local/lib/python3.12/site-packages/airflow/example_dags/example_xcomargs.py
[2024-08-21T21:59:35.714+0000] {processor.py:830} INFO - Processing file /home/airflow/.local/lib/python3.12/site-packages/airflow/example_dags/example_xcomargs.py for tasks to queue
[2024-08-21T21:59:35.716+0000] {logging_mixin.py:188} INFO - [2024-08-21T21:59:35.715+0000] {dagbag.py:545} INFO - Filling up the DagBag from /home/airflow/.local/lib/python3.12/site-packages/airflow/example_dags/example_xcomargs.py
[2024-08-21T21:59:35.722+0000] {processor.py:840} INFO - DAG(s) 'example_xcom_args_with_operators', 'example_xcom_args' retrieved from /home/airflow/.local/lib/python3.12/site-packages/airflow/example_dags/example_xcomargs.py
[2024-08-21T21:59:35.742+0000] {logging_mixin.py:188} INFO - [2024-08-21T21:59:35.742+0000] {dag.py:3089} INFO - Sync 2 DAGs
[2024-08-21T21:59:35.753+0000] {logging_mixin.py:188} INFO - [2024-08-21T21:59:35.753+0000] {dag.py:3947} INFO - Setting next_dagrun for example_xcom_args to None, run_after=None
[2024-08-21T21:59:35.756+0000] {logging_mixin.py:188} INFO - [2024-08-21T21:59:35.756+0000] {dag.py:3947} INFO - Setting next_dagrun for example_xcom_args_with_operators to None, run_after=None
[2024-08-21T21:59:35.770+0000] {processor.py:183} INFO - Processing /home/airflow/.local/lib/python3.12/site-packages/airflow/example_dags/example_xcomargs.py took 0.061 seconds
[2024-08-21T22:00:07.283+0000] {processor.py:161} INFO - Started process (PID=197) to work on /home/airflow/.local/lib/python3.12/site-packages/airflow/example_dags/example_xcomargs.py
[2024-08-21T22:00:07.284+0000] {processor.py:830} INFO - Processing file /home/airflow/.local/lib/python3.12/site-packages/airflow/example_dags/example_xcomargs.py for tasks to queue
[2024-08-21T22:00:07.286+0000] {logging_mixin.py:188} INFO - [2024-08-21T22:00:07.285+0000] {dagbag.py:545} INFO - Filling up the DagBag from /home/airflow/.local/lib/python3.12/site-packages/airflow/example_dags/example_xcomargs.py
[2024-08-21T22:00:07.294+0000] {processor.py:840} INFO - DAG(s) 'example_xcom_args_with_operators', 'example_xcom_args' retrieved from /home/airflow/.local/lib/python3.12/site-packages/airflow/example_dags/example_xcomargs.py
[2024-08-21T22:00:07.318+0000] {logging_mixin.py:188} INFO - [2024-08-21T22:00:07.318+0000] {dag.py:3089} INFO - Sync 2 DAGs
[2024-08-21T22:00:07.332+0000] {logging_mixin.py:188} INFO - [2024-08-21T22:00:07.332+0000] {dag.py:3947} INFO - Setting next_dagrun for example_xcom_args to None, run_after=None
[2024-08-21T22:00:07.336+0000] {logging_mixin.py:188} INFO - [2024-08-21T22:00:07.336+0000] {dag.py:3947} INFO - Setting next_dagrun for example_xcom_args_with_operators to None, run_after=None
[2024-08-21T22:00:07.353+0000] {processor.py:183} INFO - Processing /home/airflow/.local/lib/python3.12/site-packages/airflow/example_dags/example_xcomargs.py took 0.078 seconds
