[2024-08-21T21:59:05.471+0000] {processor.py:161} INFO - Started process (PID=74) to work on /home/airflow/.local/lib/python3.12/site-packages/airflow/example_dags/example_latest_only.py
[2024-08-21T21:59:05.471+0000] {processor.py:830} INFO - Processing file /home/airflow/.local/lib/python3.12/site-packages/airflow/example_dags/example_latest_only.py for tasks to queue
[2024-08-21T21:59:05.473+0000] {logging_mixin.py:188} INFO - [2024-08-21T21:59:05.473+0000] {dagbag.py:545} INFO - Filling up the DagBag from /home/airflow/.local/lib/python3.12/site-packages/airflow/example_dags/example_latest_only.py
[2024-08-21T21:59:05.481+0000] {processor.py:840} INFO - DAG(s) 'latest_only' retrieved from /home/airflow/.local/lib/python3.12/site-packages/airflow/example_dags/example_latest_only.py
[2024-08-21T21:59:05.512+0000] {logging_mixin.py:188} INFO - [2024-08-21T21:59:05.512+0000] {dag.py:3089} INFO - Sync 1 DAGs
[2024-08-21T21:59:05.554+0000] {logging_mixin.py:188} INFO - [2024-08-21T21:59:05.554+0000] {dag.py:3947} INFO - Setting next_dagrun for latest_only to 2024-08-21 16:00:00+00:00, run_after=2024-08-21 20:00:00+00:00
[2024-08-21T21:59:05.586+0000] {processor.py:183} INFO - Processing /home/airflow/.local/lib/python3.12/site-packages/airflow/example_dags/example_latest_only.py took 0.123 seconds
[2024-08-21T21:59:35.631+0000] {processor.py:161} INFO - Started process (PID=132) to work on /home/airflow/.local/lib/python3.12/site-packages/airflow/example_dags/example_latest_only.py
[2024-08-21T21:59:35.632+0000] {processor.py:830} INFO - Processing file /home/airflow/.local/lib/python3.12/site-packages/airflow/example_dags/example_latest_only.py for tasks to queue
[2024-08-21T21:59:35.634+0000] {logging_mixin.py:188} INFO - [2024-08-21T21:59:35.634+0000] {dagbag.py:545} INFO - Filling up the DagBag from /home/airflow/.local/lib/python3.12/site-packages/airflow/example_dags/example_latest_only.py
[2024-08-21T21:59:35.638+0000] {processor.py:840} INFO - DAG(s) 'latest_only' retrieved from /home/airflow/.local/lib/python3.12/site-packages/airflow/example_dags/example_latest_only.py
[2024-08-21T21:59:35.657+0000] {logging_mixin.py:188} INFO - [2024-08-21T21:59:35.657+0000] {dag.py:3089} INFO - Sync 1 DAGs
[2024-08-21T21:59:35.679+0000] {logging_mixin.py:188} INFO - [2024-08-21T21:59:35.679+0000] {dag.py:3947} INFO - Setting next_dagrun for latest_only to 2024-08-21 16:00:00+00:00, run_after=2024-08-21 20:00:00+00:00
[2024-08-21T21:59:35.695+0000] {processor.py:183} INFO - Processing /home/airflow/.local/lib/python3.12/site-packages/airflow/example_dags/example_latest_only.py took 0.069 seconds
[2024-08-21T22:00:07.267+0000] {processor.py:161} INFO - Started process (PID=196) to work on /home/airflow/.local/lib/python3.12/site-packages/airflow/example_dags/example_latest_only.py
[2024-08-21T22:00:07.267+0000] {processor.py:830} INFO - Processing file /home/airflow/.local/lib/python3.12/site-packages/airflow/example_dags/example_latest_only.py for tasks to queue
[2024-08-21T22:00:07.269+0000] {logging_mixin.py:188} INFO - [2024-08-21T22:00:07.269+0000] {dagbag.py:545} INFO - Filling up the DagBag from /home/airflow/.local/lib/python3.12/site-packages/airflow/example_dags/example_latest_only.py
[2024-08-21T22:00:07.274+0000] {processor.py:840} INFO - DAG(s) 'latest_only' retrieved from /home/airflow/.local/lib/python3.12/site-packages/airflow/example_dags/example_latest_only.py
[2024-08-21T22:00:07.294+0000] {logging_mixin.py:188} INFO - [2024-08-21T22:00:07.294+0000] {dag.py:3089} INFO - Sync 1 DAGs
[2024-08-21T22:00:07.317+0000] {logging_mixin.py:188} INFO - [2024-08-21T22:00:07.317+0000] {dag.py:3947} INFO - Setting next_dagrun for latest_only to 2024-08-21 16:00:00+00:00, run_after=2024-08-21 20:00:00+00:00
[2024-08-21T22:00:07.335+0000] {processor.py:183} INFO - Processing /home/airflow/.local/lib/python3.12/site-packages/airflow/example_dags/example_latest_only.py took 0.075 seconds
