[2024-08-21T21:59:06.662+0000] {processor.py:161} INFO - Started process (PID=93) to work on /home/airflow/.local/lib/python3.12/site-packages/airflow/example_dags/example_branch_operator.py
[2024-08-21T21:59:06.663+0000] {processor.py:830} INFO - Processing file /home/airflow/.local/lib/python3.12/site-packages/airflow/example_dags/example_branch_operator.py for tasks to queue
[2024-08-21T21:59:06.665+0000] {logging_mixin.py:188} INFO - [2024-08-21T21:59:06.665+0000] {dagbag.py:545} INFO - Filling up the DagBag from /home/airflow/.local/lib/python3.12/site-packages/airflow/example_dags/example_branch_operator.py
[2024-08-21T21:59:06.684+0000] {processor.py:840} INFO - DAG(s) 'example_branch_operator' retrieved from /home/airflow/.local/lib/python3.12/site-packages/airflow/example_dags/example_branch_operator.py
[2024-08-21T21:59:06.827+0000] {logging_mixin.py:188} INFO - [2024-08-21T21:59:06.827+0000] {dag.py:3089} INFO - Sync 1 DAGs
[2024-08-21T21:59:06.852+0000] {logging_mixin.py:188} INFO - [2024-08-21T21:59:06.851+0000] {dag.py:3947} INFO - Setting next_dagrun for example_branch_operator to 2024-08-20 00:00:00+00:00, run_after=2024-08-21 00:00:00+00:00
[2024-08-21T21:59:06.874+0000] {processor.py:183} INFO - Processing /home/airflow/.local/lib/python3.12/site-packages/airflow/example_dags/example_branch_operator.py took 0.218 seconds
[2024-08-21T21:59:38.681+0000] {processor.py:161} INFO - Started process (PID=151) to work on /home/airflow/.local/lib/python3.12/site-packages/airflow/example_dags/example_branch_operator.py
[2024-08-21T21:59:38.682+0000] {processor.py:830} INFO - Processing file /home/airflow/.local/lib/python3.12/site-packages/airflow/example_dags/example_branch_operator.py for tasks to queue
[2024-08-21T21:59:38.684+0000] {logging_mixin.py:188} INFO - [2024-08-21T21:59:38.683+0000] {dagbag.py:545} INFO - Filling up the DagBag from /home/airflow/.local/lib/python3.12/site-packages/airflow/example_dags/example_branch_operator.py
[2024-08-21T21:59:38.701+0000] {processor.py:840} INFO - DAG(s) 'example_branch_operator' retrieved from /home/airflow/.local/lib/python3.12/site-packages/airflow/example_dags/example_branch_operator.py
[2024-08-21T21:59:38.734+0000] {logging_mixin.py:188} INFO - [2024-08-21T21:59:38.734+0000] {dag.py:3089} INFO - Sync 1 DAGs
[2024-08-21T21:59:38.759+0000] {logging_mixin.py:188} INFO - [2024-08-21T21:59:38.759+0000] {dag.py:3947} INFO - Setting next_dagrun for example_branch_operator to 2024-08-20 00:00:00+00:00, run_after=2024-08-21 00:00:00+00:00
[2024-08-21T21:59:38.778+0000] {processor.py:183} INFO - Processing /home/airflow/.local/lib/python3.12/site-packages/airflow/example_dags/example_branch_operator.py took 0.104 seconds
[2024-08-21T22:00:08.967+0000] {processor.py:161} INFO - Started process (PID=209) to work on /home/airflow/.local/lib/python3.12/site-packages/airflow/example_dags/example_branch_operator.py
[2024-08-21T22:00:08.967+0000] {processor.py:830} INFO - Processing file /home/airflow/.local/lib/python3.12/site-packages/airflow/example_dags/example_branch_operator.py for tasks to queue
[2024-08-21T22:00:08.969+0000] {logging_mixin.py:188} INFO - [2024-08-21T22:00:08.968+0000] {dagbag.py:545} INFO - Filling up the DagBag from /home/airflow/.local/lib/python3.12/site-packages/airflow/example_dags/example_branch_operator.py
[2024-08-21T22:00:08.986+0000] {processor.py:840} INFO - DAG(s) 'example_branch_operator' retrieved from /home/airflow/.local/lib/python3.12/site-packages/airflow/example_dags/example_branch_operator.py
[2024-08-21T22:00:09.017+0000] {logging_mixin.py:188} INFO - [2024-08-21T22:00:09.017+0000] {dag.py:3089} INFO - Sync 1 DAGs
[2024-08-21T22:00:09.042+0000] {logging_mixin.py:188} INFO - [2024-08-21T22:00:09.042+0000] {dag.py:3947} INFO - Setting next_dagrun for example_branch_operator to 2024-08-20 00:00:00+00:00, run_after=2024-08-21 00:00:00+00:00
[2024-08-21T22:00:09.062+0000] {processor.py:183} INFO - Processing /home/airflow/.local/lib/python3.12/site-packages/airflow/example_dags/example_branch_operator.py took 0.101 seconds
