[2024-08-21T21:59:04.639+0000] {processor.py:161} INFO - Started process (PID=64) to work on /home/airflow/.local/lib/python3.12/site-packages/airflow/example_dags/example_display_name.py
[2024-08-21T21:59:04.640+0000] {processor.py:830} INFO - Processing file /home/airflow/.local/lib/python3.12/site-packages/airflow/example_dags/example_display_name.py for tasks to queue
[2024-08-21T21:59:04.642+0000] {logging_mixin.py:188} INFO - [2024-08-21T21:59:04.641+0000] {dagbag.py:545} INFO - Filling up the DagBag from /home/airflow/.local/lib/python3.12/site-packages/airflow/example_dags/example_display_name.py
[2024-08-21T21:59:04.651+0000] {processor.py:840} INFO - DAG(s) 'example_display_name' retrieved from /home/airflow/.local/lib/python3.12/site-packages/airflow/example_dags/example_display_name.py
[2024-08-21T21:59:04.676+0000] {logging_mixin.py:188} INFO - [2024-08-21T21:59:04.676+0000] {dag.py:3089} INFO - Sync 1 DAGs
[2024-08-21T21:59:04.692+0000] {logging_mixin.py:188} INFO - [2024-08-21T21:59:04.692+0000] {dag.py:3947} INFO - Setting next_dagrun for example_display_name to None, run_after=None
[2024-08-21T21:59:04.715+0000] {processor.py:183} INFO - Processing /home/airflow/.local/lib/python3.12/site-packages/airflow/example_dags/example_display_name.py took 0.083 seconds
[2024-08-21T21:59:34.799+0000] {processor.py:161} INFO - Started process (PID=122) to work on /home/airflow/.local/lib/python3.12/site-packages/airflow/example_dags/example_display_name.py
[2024-08-21T21:59:34.800+0000] {processor.py:830} INFO - Processing file /home/airflow/.local/lib/python3.12/site-packages/airflow/example_dags/example_display_name.py for tasks to queue
[2024-08-21T21:59:34.802+0000] {logging_mixin.py:188} INFO - [2024-08-21T21:59:34.801+0000] {dagbag.py:545} INFO - Filling up the DagBag from /home/airflow/.local/lib/python3.12/site-packages/airflow/example_dags/example_display_name.py
[2024-08-21T21:59:34.808+0000] {processor.py:840} INFO - DAG(s) 'example_display_name' retrieved from /home/airflow/.local/lib/python3.12/site-packages/airflow/example_dags/example_display_name.py
[2024-08-21T21:59:34.827+0000] {logging_mixin.py:188} INFO - [2024-08-21T21:59:34.827+0000] {dag.py:3089} INFO - Sync 1 DAGs
[2024-08-21T21:59:34.841+0000] {logging_mixin.py:188} INFO - [2024-08-21T21:59:34.840+0000] {dag.py:3947} INFO - Setting next_dagrun for example_display_name to None, run_after=None
[2024-08-21T21:59:34.859+0000] {processor.py:183} INFO - Processing /home/airflow/.local/lib/python3.12/site-packages/airflow/example_dags/example_display_name.py took 0.066 seconds
[2024-08-21T22:00:06.672+0000] {processor.py:161} INFO - Started process (PID=186) to work on /home/airflow/.local/lib/python3.12/site-packages/airflow/example_dags/example_display_name.py
[2024-08-21T22:00:06.673+0000] {processor.py:830} INFO - Processing file /home/airflow/.local/lib/python3.12/site-packages/airflow/example_dags/example_display_name.py for tasks to queue
[2024-08-21T22:00:06.677+0000] {logging_mixin.py:188} INFO - [2024-08-21T22:00:06.676+0000] {dagbag.py:545} INFO - Filling up the DagBag from /home/airflow/.local/lib/python3.12/site-packages/airflow/example_dags/example_display_name.py
[2024-08-21T22:00:06.690+0000] {processor.py:840} INFO - DAG(s) 'example_display_name' retrieved from /home/airflow/.local/lib/python3.12/site-packages/airflow/example_dags/example_display_name.py
[2024-08-21T22:00:06.735+0000] {logging_mixin.py:188} INFO - [2024-08-21T22:00:06.734+0000] {dag.py:3089} INFO - Sync 1 DAGs
[2024-08-21T22:00:06.767+0000] {logging_mixin.py:188} INFO - [2024-08-21T22:00:06.766+0000] {dag.py:3947} INFO - Setting next_dagrun for example_display_name to None, run_after=None
[2024-08-21T22:00:06.808+0000] {processor.py:183} INFO - Processing /home/airflow/.local/lib/python3.12/site-packages/airflow/example_dags/example_display_name.py took 0.150 seconds
