[2024-08-21T21:59:06.092+0000] {processor.py:161} INFO - Started process (PID=81) to work on /home/airflow/.local/lib/python3.12/site-packages/airflow/example_dags/example_task_group.py
[2024-08-21T21:59:06.093+0000] {processor.py:830} INFO - Processing file /home/airflow/.local/lib/python3.12/site-packages/airflow/example_dags/example_task_group.py for tasks to queue
[2024-08-21T21:59:06.095+0000] {logging_mixin.py:188} INFO - [2024-08-21T21:59:06.095+0000] {dagbag.py:545} INFO - Filling up the DagBag from /home/airflow/.local/lib/python3.12/site-packages/airflow/example_dags/example_task_group.py
[2024-08-21T21:59:06.103+0000] {processor.py:840} INFO - DAG(s) 'example_task_group' retrieved from /home/airflow/.local/lib/python3.12/site-packages/airflow/example_dags/example_task_group.py
[2024-08-21T21:59:06.133+0000] {logging_mixin.py:188} INFO - [2024-08-21T21:59:06.132+0000] {dag.py:3089} INFO - Sync 1 DAGs
[2024-08-21T21:59:06.159+0000] {logging_mixin.py:188} INFO - [2024-08-21T21:59:06.159+0000] {dag.py:3947} INFO - Setting next_dagrun for example_task_group to 2024-08-20 00:00:00+00:00, run_after=2024-08-21 00:00:00+00:00
[2024-08-21T21:59:06.191+0000] {processor.py:183} INFO - Processing /home/airflow/.local/lib/python3.12/site-packages/airflow/example_dags/example_task_group.py took 0.105 seconds
[2024-08-21T21:59:37.795+0000] {processor.py:161} INFO - Started process (PID=145) to work on /home/airflow/.local/lib/python3.12/site-packages/airflow/example_dags/example_task_group.py
[2024-08-21T21:59:37.797+0000] {processor.py:830} INFO - Processing file /home/airflow/.local/lib/python3.12/site-packages/airflow/example_dags/example_task_group.py for tasks to queue
[2024-08-21T21:59:37.803+0000] {logging_mixin.py:188} INFO - [2024-08-21T21:59:37.802+0000] {dagbag.py:545} INFO - Filling up the DagBag from /home/airflow/.local/lib/python3.12/site-packages/airflow/example_dags/example_task_group.py
[2024-08-21T21:59:37.826+0000] {processor.py:840} INFO - DAG(s) 'example_task_group' retrieved from /home/airflow/.local/lib/python3.12/site-packages/airflow/example_dags/example_task_group.py
[2024-08-21T21:59:37.897+0000] {logging_mixin.py:188} INFO - [2024-08-21T21:59:37.896+0000] {dag.py:3089} INFO - Sync 1 DAGs
[2024-08-21T21:59:37.974+0000] {logging_mixin.py:188} INFO - [2024-08-21T21:59:37.973+0000] {dag.py:3947} INFO - Setting next_dagrun for example_task_group to 2024-08-20 00:00:00+00:00, run_after=2024-08-21 00:00:00+00:00
[2024-08-21T21:59:38.035+0000] {processor.py:183} INFO - Processing /home/airflow/.local/lib/python3.12/site-packages/airflow/example_dags/example_task_group.py took 0.259 seconds
[2024-08-21T22:00:08.579+0000] {processor.py:161} INFO - Started process (PID=203) to work on /home/airflow/.local/lib/python3.12/site-packages/airflow/example_dags/example_task_group.py
[2024-08-21T22:00:08.580+0000] {processor.py:830} INFO - Processing file /home/airflow/.local/lib/python3.12/site-packages/airflow/example_dags/example_task_group.py for tasks to queue
[2024-08-21T22:00:08.582+0000] {logging_mixin.py:188} INFO - [2024-08-21T22:00:08.581+0000] {dagbag.py:545} INFO - Filling up the DagBag from /home/airflow/.local/lib/python3.12/site-packages/airflow/example_dags/example_task_group.py
[2024-08-21T22:00:08.589+0000] {processor.py:840} INFO - DAG(s) 'example_task_group' retrieved from /home/airflow/.local/lib/python3.12/site-packages/airflow/example_dags/example_task_group.py
[2024-08-21T22:00:08.612+0000] {logging_mixin.py:188} INFO - [2024-08-21T22:00:08.612+0000] {dag.py:3089} INFO - Sync 1 DAGs
[2024-08-21T22:00:08.636+0000] {logging_mixin.py:188} INFO - [2024-08-21T22:00:08.635+0000] {dag.py:3947} INFO - Setting next_dagrun for example_task_group to 2024-08-20 00:00:00+00:00, run_after=2024-08-21 00:00:00+00:00
[2024-08-21T22:00:08.655+0000] {processor.py:183} INFO - Processing /home/airflow/.local/lib/python3.12/site-packages/airflow/example_dags/example_task_group.py took 0.082 seconds
