[2024-08-21T21:59:06.266+0000] {processor.py:161} INFO - Started process (PID=89) to work on /home/airflow/.local/lib/python3.12/site-packages/airflow/example_dags/example_dag_decorator.py
[2024-08-21T21:59:06.267+0000] {processor.py:830} INFO - Processing file /home/airflow/.local/lib/python3.12/site-packages/airflow/example_dags/example_dag_decorator.py for tasks to queue
[2024-08-21T21:59:06.269+0000] {logging_mixin.py:188} INFO - [2024-08-21T21:59:06.269+0000] {dagbag.py:545} INFO - Filling up the DagBag from /home/airflow/.local/lib/python3.12/site-packages/airflow/example_dags/example_dag_decorator.py
[2024-08-21T21:59:06.423+0000] {processor.py:840} INFO - DAG(s) 'example_dag_decorator' retrieved from /home/airflow/.local/lib/python3.12/site-packages/airflow/example_dags/example_dag_decorator.py
[2024-08-21T21:59:06.547+0000] {logging_mixin.py:188} INFO - [2024-08-21T21:59:06.547+0000] {dag.py:3089} INFO - Sync 1 DAGs
[2024-08-21T21:59:06.559+0000] {logging_mixin.py:188} INFO - [2024-08-21T21:59:06.559+0000] {dag.py:3947} INFO - Setting next_dagrun for example_dag_decorator to None, run_after=None
[2024-08-21T21:59:06.581+0000] {processor.py:183} INFO - Processing /home/airflow/.local/lib/python3.12/site-packages/airflow/example_dags/example_dag_decorator.py took 0.326 seconds
[2024-08-21T21:59:38.104+0000] {processor.py:161} INFO - Started process (PID=147) to work on /home/airflow/.local/lib/python3.12/site-packages/airflow/example_dags/example_dag_decorator.py
[2024-08-21T21:59:38.106+0000] {processor.py:830} INFO - Processing file /home/airflow/.local/lib/python3.12/site-packages/airflow/example_dags/example_dag_decorator.py for tasks to queue
[2024-08-21T21:59:38.111+0000] {logging_mixin.py:188} INFO - [2024-08-21T21:59:38.110+0000] {dagbag.py:545} INFO - Filling up the DagBag from /home/airflow/.local/lib/python3.12/site-packages/airflow/example_dags/example_dag_decorator.py
[2024-08-21T21:59:38.396+0000] {processor.py:840} INFO - DAG(s) 'example_dag_decorator' retrieved from /home/airflow/.local/lib/python3.12/site-packages/airflow/example_dags/example_dag_decorator.py
[2024-08-21T21:59:38.597+0000] {logging_mixin.py:188} INFO - [2024-08-21T21:59:38.597+0000] {dag.py:3089} INFO - Sync 1 DAGs
[2024-08-21T21:59:38.616+0000] {logging_mixin.py:188} INFO - [2024-08-21T21:59:38.616+0000] {dag.py:3947} INFO - Setting next_dagrun for example_dag_decorator to None, run_after=None
[2024-08-21T21:59:38.646+0000] {processor.py:183} INFO - Processing /home/airflow/.local/lib/python3.12/site-packages/airflow/example_dags/example_dag_decorator.py took 0.562 seconds
[2024-08-21T22:00:08.760+0000] {processor.py:161} INFO - Started process (PID=206) to work on /home/airflow/.local/lib/python3.12/site-packages/airflow/example_dags/example_dag_decorator.py
[2024-08-21T22:00:08.760+0000] {processor.py:830} INFO - Processing file /home/airflow/.local/lib/python3.12/site-packages/airflow/example_dags/example_dag_decorator.py for tasks to queue
[2024-08-21T22:00:08.762+0000] {logging_mixin.py:188} INFO - [2024-08-21T22:00:08.762+0000] {dagbag.py:545} INFO - Filling up the DagBag from /home/airflow/.local/lib/python3.12/site-packages/airflow/example_dags/example_dag_decorator.py
[2024-08-21T22:00:08.871+0000] {processor.py:840} INFO - DAG(s) 'example_dag_decorator' retrieved from /home/airflow/.local/lib/python3.12/site-packages/airflow/example_dags/example_dag_decorator.py
[2024-08-21T22:00:08.989+0000] {logging_mixin.py:188} INFO - [2024-08-21T22:00:08.988+0000] {dag.py:3089} INFO - Sync 1 DAGs
[2024-08-21T22:00:09.000+0000] {logging_mixin.py:188} INFO - [2024-08-21T22:00:09.000+0000] {dag.py:3947} INFO - Setting next_dagrun for example_dag_decorator to None, run_after=None
[2024-08-21T22:00:09.019+0000] {processor.py:183} INFO - Processing /home/airflow/.local/lib/python3.12/site-packages/airflow/example_dags/example_dag_decorator.py took 0.265 seconds
