[2024-08-21T21:59:05.993+0000] {processor.py:161} INFO - Started process (PID=80) to work on /home/airflow/.local/lib/python3.12/site-packages/airflow/example_dags/example_datasets.py
[2024-08-21T21:59:05.993+0000] {processor.py:830} INFO - Processing file /home/airflow/.local/lib/python3.12/site-packages/airflow/example_dags/example_datasets.py for tasks to queue
[2024-08-21T21:59:05.995+0000] {logging_mixin.py:188} INFO - [2024-08-21T21:59:05.995+0000] {dagbag.py:545} INFO - Filling up the DagBag from /home/airflow/.local/lib/python3.12/site-packages/airflow/example_dags/example_datasets.py
[2024-08-21T21:59:06.012+0000] {processor.py:840} INFO - DAG(s) 'consume_1_and_2_with_dataset_expressions', 'dataset_consumes_1_and_2', 'conditional_dataset_and_time_based_timetable', 'dataset_consumes_1_never_scheduled', 'consume_1_or_both_2_and_3_with_dataset_expressions', 'dataset_consumes_1', 'dataset_produces_2', 'dataset_produces_1', 'dataset_consumes_unknown_never_scheduled', 'consume_1_or_2_with_dataset_expressions' retrieved from /home/airflow/.local/lib/python3.12/site-packages/airflow/example_dags/example_datasets.py
[2024-08-21T21:59:06.077+0000] {logging_mixin.py:188} INFO - [2024-08-21T21:59:06.077+0000] {dag.py:3089} INFO - Sync 10 DAGs
[2024-08-21T21:59:06.112+0000] {logging_mixin.py:188} INFO - [2024-08-21T21:59:06.112+0000] {dag.py:3947} INFO - Setting next_dagrun for conditional_dataset_and_time_based_timetable to 2024-08-21 01:00:00+00:00, run_after=2024-08-21 01:00:00+00:00
[2024-08-21T21:59:06.117+0000] {logging_mixin.py:188} INFO - [2024-08-21T21:59:06.117+0000] {dag.py:3947} INFO - Setting next_dagrun for consume_1_and_2_with_dataset_expressions to None, run_after=None
[2024-08-21T21:59:06.119+0000] {logging_mixin.py:188} INFO - [2024-08-21T21:59:06.119+0000] {dag.py:3947} INFO - Setting next_dagrun for consume_1_or_2_with_dataset_expressions to None, run_after=None
[2024-08-21T21:59:06.120+0000] {logging_mixin.py:188} INFO - [2024-08-21T21:59:06.120+0000] {dag.py:3947} INFO - Setting next_dagrun for consume_1_or_both_2_and_3_with_dataset_expressions to None, run_after=None
[2024-08-21T21:59:06.122+0000] {logging_mixin.py:188} INFO - [2024-08-21T21:59:06.122+0000] {dag.py:3947} INFO - Setting next_dagrun for dataset_consumes_1 to None, run_after=None
[2024-08-21T21:59:06.123+0000] {logging_mixin.py:188} INFO - [2024-08-21T21:59:06.123+0000] {dag.py:3947} INFO - Setting next_dagrun for dataset_consumes_1_and_2 to None, run_after=None
[2024-08-21T21:59:06.125+0000] {logging_mixin.py:188} INFO - [2024-08-21T21:59:06.124+0000] {dag.py:3947} INFO - Setting next_dagrun for dataset_consumes_1_never_scheduled to None, run_after=None
[2024-08-21T21:59:06.126+0000] {logging_mixin.py:188} INFO - [2024-08-21T21:59:06.126+0000] {dag.py:3947} INFO - Setting next_dagrun for dataset_consumes_unknown_never_scheduled to None, run_after=None
[2024-08-21T21:59:06.129+0000] {logging_mixin.py:188} INFO - [2024-08-21T21:59:06.129+0000] {dag.py:3947} INFO - Setting next_dagrun for dataset_produces_1 to 2024-08-20 00:00:00+00:00, run_after=2024-08-21 00:00:00+00:00
[2024-08-21T21:59:06.131+0000] {logging_mixin.py:188} INFO - [2024-08-21T21:59:06.131+0000] {dag.py:3947} INFO - Setting next_dagrun for dataset_produces_2 to None, run_after=None
[2024-08-21T21:59:06.179+0000] {processor.py:183} INFO - Processing /home/airflow/.local/lib/python3.12/site-packages/airflow/example_dags/example_datasets.py took 0.193 seconds
[2024-08-21T21:59:37.462+0000] {processor.py:161} INFO - Started process (PID=144) to work on /home/airflow/.local/lib/python3.12/site-packages/airflow/example_dags/example_datasets.py
[2024-08-21T21:59:37.465+0000] {processor.py:830} INFO - Processing file /home/airflow/.local/lib/python3.12/site-packages/airflow/example_dags/example_datasets.py for tasks to queue
[2024-08-21T21:59:37.470+0000] {logging_mixin.py:188} INFO - [2024-08-21T21:59:37.469+0000] {dagbag.py:545} INFO - Filling up the DagBag from /home/airflow/.local/lib/python3.12/site-packages/airflow/example_dags/example_datasets.py
[2024-08-21T21:59:37.519+0000] {processor.py:840} INFO - DAG(s) 'consume_1_and_2_with_dataset_expressions', 'dataset_consumes_1_and_2', 'dataset_produces_1', 'conditional_dataset_and_time_based_timetable', 'dataset_consumes_unknown_never_scheduled', 'consume_1_or_both_2_and_3_with_dataset_expressions', 'dataset_consumes_1_never_scheduled', 'dataset_produces_2', 'consume_1_or_2_with_dataset_expressions', 'dataset_consumes_1' retrieved from /home/airflow/.local/lib/python3.12/site-packages/airflow/example_dags/example_datasets.py
[2024-08-21T21:59:37.685+0000] {logging_mixin.py:188} INFO - [2024-08-21T21:59:37.684+0000] {dag.py:3089} INFO - Sync 10 DAGs
[2024-08-21T21:59:37.778+0000] {logging_mixin.py:188} INFO - [2024-08-21T21:59:37.777+0000] {dag.py:3947} INFO - Setting next_dagrun for conditional_dataset_and_time_based_timetable to 2024-08-21 01:00:00+00:00, run_after=2024-08-21 01:00:00+00:00
[2024-08-21T21:59:37.791+0000] {logging_mixin.py:188} INFO - [2024-08-21T21:59:37.790+0000] {dag.py:3947} INFO - Setting next_dagrun for consume_1_and_2_with_dataset_expressions to None, run_after=None
[2024-08-21T21:59:37.795+0000] {logging_mixin.py:188} INFO - [2024-08-21T21:59:37.795+0000] {dag.py:3947} INFO - Setting next_dagrun for consume_1_or_2_with_dataset_expressions to None, run_after=None
[2024-08-21T21:59:37.799+0000] {logging_mixin.py:188} INFO - [2024-08-21T21:59:37.799+0000] {dag.py:3947} INFO - Setting next_dagrun for consume_1_or_both_2_and_3_with_dataset_expressions to None, run_after=None
[2024-08-21T21:59:37.804+0000] {logging_mixin.py:188} INFO - [2024-08-21T21:59:37.803+0000] {dag.py:3947} INFO - Setting next_dagrun for dataset_consumes_1 to None, run_after=None
[2024-08-21T21:59:37.808+0000] {logging_mixin.py:188} INFO - [2024-08-21T21:59:37.807+0000] {dag.py:3947} INFO - Setting next_dagrun for dataset_consumes_1_and_2 to None, run_after=None
[2024-08-21T21:59:37.812+0000] {logging_mixin.py:188} INFO - [2024-08-21T21:59:37.811+0000] {dag.py:3947} INFO - Setting next_dagrun for dataset_consumes_1_never_scheduled to None, run_after=None
[2024-08-21T21:59:37.816+0000] {logging_mixin.py:188} INFO - [2024-08-21T21:59:37.816+0000] {dag.py:3947} INFO - Setting next_dagrun for dataset_consumes_unknown_never_scheduled to None, run_after=None
[2024-08-21T21:59:37.826+0000] {logging_mixin.py:188} INFO - [2024-08-21T21:59:37.825+0000] {dag.py:3947} INFO - Setting next_dagrun for dataset_produces_1 to 2024-08-20 00:00:00+00:00, run_after=2024-08-21 00:00:00+00:00
[2024-08-21T21:59:37.830+0000] {logging_mixin.py:188} INFO - [2024-08-21T21:59:37.829+0000] {dag.py:3947} INFO - Setting next_dagrun for dataset_produces_2 to None, run_after=None
[2024-08-21T21:59:37.943+0000] {processor.py:183} INFO - Processing /home/airflow/.local/lib/python3.12/site-packages/airflow/example_dags/example_datasets.py took 0.500 seconds
[2024-08-21T22:00:08.478+0000] {processor.py:161} INFO - Started process (PID=202) to work on /home/airflow/.local/lib/python3.12/site-packages/airflow/example_dags/example_datasets.py
[2024-08-21T22:00:08.478+0000] {processor.py:830} INFO - Processing file /home/airflow/.local/lib/python3.12/site-packages/airflow/example_dags/example_datasets.py for tasks to queue
[2024-08-21T22:00:08.480+0000] {logging_mixin.py:188} INFO - [2024-08-21T22:00:08.480+0000] {dagbag.py:545} INFO - Filling up the DagBag from /home/airflow/.local/lib/python3.12/site-packages/airflow/example_dags/example_datasets.py
[2024-08-21T22:00:08.495+0000] {processor.py:840} INFO - DAG(s) 'consume_1_and_2_with_dataset_expressions', 'dataset_consumes_1_never_scheduled', 'dataset_consumes_1', 'dataset_produces_2', 'dataset_consumes_1_and_2', 'consume_1_or_2_with_dataset_expressions', 'dataset_consumes_unknown_never_scheduled', 'dataset_produces_1', 'conditional_dataset_and_time_based_timetable', 'consume_1_or_both_2_and_3_with_dataset_expressions' retrieved from /home/airflow/.local/lib/python3.12/site-packages/airflow/example_dags/example_datasets.py
[2024-08-21T22:00:08.543+0000] {logging_mixin.py:188} INFO - [2024-08-21T22:00:08.543+0000] {dag.py:3089} INFO - Sync 10 DAGs
[2024-08-21T22:00:08.571+0000] {logging_mixin.py:188} INFO - [2024-08-21T22:00:08.571+0000] {dag.py:3947} INFO - Setting next_dagrun for conditional_dataset_and_time_based_timetable to 2024-08-21 01:00:00+00:00, run_after=2024-08-21 01:00:00+00:00
[2024-08-21T22:00:08.576+0000] {logging_mixin.py:188} INFO - [2024-08-21T22:00:08.576+0000] {dag.py:3947} INFO - Setting next_dagrun for consume_1_and_2_with_dataset_expressions to None, run_after=None
[2024-08-21T22:00:08.577+0000] {logging_mixin.py:188} INFO - [2024-08-21T22:00:08.577+0000] {dag.py:3947} INFO - Setting next_dagrun for consume_1_or_2_with_dataset_expressions to None, run_after=None
[2024-08-21T22:00:08.579+0000] {logging_mixin.py:188} INFO - [2024-08-21T22:00:08.578+0000] {dag.py:3947} INFO - Setting next_dagrun for consume_1_or_both_2_and_3_with_dataset_expressions to None, run_after=None
[2024-08-21T22:00:08.580+0000] {logging_mixin.py:188} INFO - [2024-08-21T22:00:08.580+0000] {dag.py:3947} INFO - Setting next_dagrun for dataset_consumes_1 to None, run_after=None
[2024-08-21T22:00:08.581+0000] {logging_mixin.py:188} INFO - [2024-08-21T22:00:08.581+0000] {dag.py:3947} INFO - Setting next_dagrun for dataset_consumes_1_and_2 to None, run_after=None
[2024-08-21T22:00:08.583+0000] {logging_mixin.py:188} INFO - [2024-08-21T22:00:08.582+0000] {dag.py:3947} INFO - Setting next_dagrun for dataset_consumes_1_never_scheduled to None, run_after=None
[2024-08-21T22:00:08.584+0000] {logging_mixin.py:188} INFO - [2024-08-21T22:00:08.584+0000] {dag.py:3947} INFO - Setting next_dagrun for dataset_consumes_unknown_never_scheduled to None, run_after=None
[2024-08-21T22:00:08.587+0000] {logging_mixin.py:188} INFO - [2024-08-21T22:00:08.587+0000] {dag.py:3947} INFO - Setting next_dagrun for dataset_produces_1 to 2024-08-20 00:00:00+00:00, run_after=2024-08-21 00:00:00+00:00
[2024-08-21T22:00:08.588+0000] {logging_mixin.py:188} INFO - [2024-08-21T22:00:08.588+0000] {dag.py:3947} INFO - Setting next_dagrun for dataset_produces_2 to None, run_after=None
[2024-08-21T22:00:08.626+0000] {processor.py:183} INFO - Processing /home/airflow/.local/lib/python3.12/site-packages/airflow/example_dags/example_datasets.py took 0.154 seconds
