[2024-08-21T21:59:05.177+0000] {processor.py:161} INFO - Started process (PID=71) to work on /home/airflow/.local/lib/python3.12/site-packages/airflow/example_dags/example_setup_teardown.py
[2024-08-21T21:59:05.178+0000] {processor.py:830} INFO - Processing file /home/airflow/.local/lib/python3.12/site-packages/airflow/example_dags/example_setup_teardown.py for tasks to queue
[2024-08-21T21:59:05.179+0000] {logging_mixin.py:188} INFO - [2024-08-21T21:59:05.179+0000] {dagbag.py:545} INFO - Filling up the DagBag from /home/airflow/.local/lib/python3.12/site-packages/airflow/example_dags/example_setup_teardown.py
[2024-08-21T21:59:05.189+0000] {processor.py:840} INFO - DAG(s) 'example_setup_teardown' retrieved from /home/airflow/.local/lib/python3.12/site-packages/airflow/example_dags/example_setup_teardown.py
[2024-08-21T21:59:05.225+0000] {logging_mixin.py:188} INFO - [2024-08-21T21:59:05.224+0000] {dag.py:3089} INFO - Sync 1 DAGs
[2024-08-21T21:59:05.261+0000] {logging_mixin.py:188} INFO - [2024-08-21T21:59:05.260+0000] {dag.py:3947} INFO - Setting next_dagrun for example_setup_teardown to 2024-08-20 00:00:00+00:00, run_after=2024-08-21 00:00:00+00:00
[2024-08-21T21:59:05.286+0000] {processor.py:183} INFO - Processing /home/airflow/.local/lib/python3.12/site-packages/airflow/example_dags/example_setup_teardown.py took 0.117 seconds
[2024-08-21T21:59:35.325+0000] {processor.py:161} INFO - Started process (PID=128) to work on /home/airflow/.local/lib/python3.12/site-packages/airflow/example_dags/example_setup_teardown.py
[2024-08-21T21:59:35.326+0000] {processor.py:830} INFO - Processing file /home/airflow/.local/lib/python3.12/site-packages/airflow/example_dags/example_setup_teardown.py for tasks to queue
[2024-08-21T21:59:35.327+0000] {logging_mixin.py:188} INFO - [2024-08-21T21:59:35.327+0000] {dagbag.py:545} INFO - Filling up the DagBag from /home/airflow/.local/lib/python3.12/site-packages/airflow/example_dags/example_setup_teardown.py
[2024-08-21T21:59:35.333+0000] {processor.py:840} INFO - DAG(s) 'example_setup_teardown' retrieved from /home/airflow/.local/lib/python3.12/site-packages/airflow/example_dags/example_setup_teardown.py
[2024-08-21T21:59:35.352+0000] {logging_mixin.py:188} INFO - [2024-08-21T21:59:35.352+0000] {dag.py:3089} INFO - Sync 1 DAGs
[2024-08-21T21:59:35.373+0000] {logging_mixin.py:188} INFO - [2024-08-21T21:59:35.372+0000] {dag.py:3947} INFO - Setting next_dagrun for example_setup_teardown to 2024-08-20 00:00:00+00:00, run_after=2024-08-21 00:00:00+00:00
[2024-08-21T21:59:35.389+0000] {processor.py:183} INFO - Processing /home/airflow/.local/lib/python3.12/site-packages/airflow/example_dags/example_setup_teardown.py took 0.069 seconds
[2024-08-21T22:00:07.084+0000] {processor.py:161} INFO - Started process (PID=193) to work on /home/airflow/.local/lib/python3.12/site-packages/airflow/example_dags/example_setup_teardown.py
[2024-08-21T22:00:07.085+0000] {processor.py:830} INFO - Processing file /home/airflow/.local/lib/python3.12/site-packages/airflow/example_dags/example_setup_teardown.py for tasks to queue
[2024-08-21T22:00:07.087+0000] {logging_mixin.py:188} INFO - [2024-08-21T22:00:07.086+0000] {dagbag.py:545} INFO - Filling up the DagBag from /home/airflow/.local/lib/python3.12/site-packages/airflow/example_dags/example_setup_teardown.py
[2024-08-21T22:00:07.093+0000] {processor.py:840} INFO - DAG(s) 'example_setup_teardown' retrieved from /home/airflow/.local/lib/python3.12/site-packages/airflow/example_dags/example_setup_teardown.py
[2024-08-21T22:00:07.113+0000] {logging_mixin.py:188} INFO - [2024-08-21T22:00:07.113+0000] {dag.py:3089} INFO - Sync 1 DAGs
[2024-08-21T22:00:07.135+0000] {logging_mixin.py:188} INFO - [2024-08-21T22:00:07.135+0000] {dag.py:3947} INFO - Setting next_dagrun for example_setup_teardown to 2024-08-20 00:00:00+00:00, run_after=2024-08-21 00:00:00+00:00
[2024-08-21T22:00:07.154+0000] {processor.py:183} INFO - Processing /home/airflow/.local/lib/python3.12/site-packages/airflow/example_dags/example_setup_teardown.py took 0.076 seconds
