[2024-08-21T21:59:07.074+0000] {processor.py:161} INFO - Started process (PID=99) to work on /home/airflow/.local/lib/python3.12/site-packages/airflow/example_dags/example_external_task_marker_dag.py
[2024-08-21T21:59:07.075+0000] {processor.py:830} INFO - Processing file /home/airflow/.local/lib/python3.12/site-packages/airflow/example_dags/example_external_task_marker_dag.py for tasks to queue
[2024-08-21T21:59:07.076+0000] {logging_mixin.py:188} INFO - [2024-08-21T21:59:07.076+0000] {dagbag.py:545} INFO - Filling up the DagBag from /home/airflow/.local/lib/python3.12/site-packages/airflow/example_dags/example_external_task_marker_dag.py
[2024-08-21T21:59:07.083+0000] {processor.py:840} INFO - DAG(s) 'example_external_task_marker_parent', 'example_external_task_marker_child' retrieved from /home/airflow/.local/lib/python3.12/site-packages/airflow/example_dags/example_external_task_marker_dag.py
[2024-08-21T21:59:07.107+0000] {logging_mixin.py:188} INFO - [2024-08-21T21:59:07.107+0000] {dag.py:3089} INFO - Sync 2 DAGs
[2024-08-21T21:59:07.124+0000] {logging_mixin.py:188} INFO - [2024-08-21T21:59:07.124+0000] {dag.py:3947} INFO - Setting next_dagrun for example_external_task_marker_child to None, run_after=None
[2024-08-21T21:59:07.128+0000] {logging_mixin.py:188} INFO - [2024-08-21T21:59:07.128+0000] {dag.py:3947} INFO - Setting next_dagrun for example_external_task_marker_parent to None, run_after=None
[2024-08-21T21:59:07.147+0000] {processor.py:183} INFO - Processing /home/airflow/.local/lib/python3.12/site-packages/airflow/example_dags/example_external_task_marker_dag.py took 0.079 seconds
[2024-08-21T21:59:39.000+0000] {processor.py:161} INFO - Started process (PID=157) to work on /home/airflow/.local/lib/python3.12/site-packages/airflow/example_dags/example_external_task_marker_dag.py
[2024-08-21T21:59:39.001+0000] {processor.py:830} INFO - Processing file /home/airflow/.local/lib/python3.12/site-packages/airflow/example_dags/example_external_task_marker_dag.py for tasks to queue
[2024-08-21T21:59:39.003+0000] {logging_mixin.py:188} INFO - [2024-08-21T21:59:39.002+0000] {dagbag.py:545} INFO - Filling up the DagBag from /home/airflow/.local/lib/python3.12/site-packages/airflow/example_dags/example_external_task_marker_dag.py
[2024-08-21T21:59:39.009+0000] {processor.py:840} INFO - DAG(s) 'example_external_task_marker_parent', 'example_external_task_marker_child' retrieved from /home/airflow/.local/lib/python3.12/site-packages/airflow/example_dags/example_external_task_marker_dag.py
[2024-08-21T21:59:39.033+0000] {logging_mixin.py:188} INFO - [2024-08-21T21:59:39.033+0000] {dag.py:3089} INFO - Sync 2 DAGs
[2024-08-21T21:59:39.050+0000] {logging_mixin.py:188} INFO - [2024-08-21T21:59:39.050+0000] {dag.py:3947} INFO - Setting next_dagrun for example_external_task_marker_child to None, run_after=None
[2024-08-21T21:59:39.054+0000] {logging_mixin.py:188} INFO - [2024-08-21T21:59:39.054+0000] {dag.py:3947} INFO - Setting next_dagrun for example_external_task_marker_parent to None, run_after=None
[2024-08-21T21:59:39.072+0000] {processor.py:183} INFO - Processing /home/airflow/.local/lib/python3.12/site-packages/airflow/example_dags/example_external_task_marker_dag.py took 0.078 seconds
[2024-08-21T22:00:09.286+0000] {processor.py:161} INFO - Started process (PID=215) to work on /home/airflow/.local/lib/python3.12/site-packages/airflow/example_dags/example_external_task_marker_dag.py
[2024-08-21T22:00:09.287+0000] {processor.py:830} INFO - Processing file /home/airflow/.local/lib/python3.12/site-packages/airflow/example_dags/example_external_task_marker_dag.py for tasks to queue
[2024-08-21T22:00:09.289+0000] {logging_mixin.py:188} INFO - [2024-08-21T22:00:09.288+0000] {dagbag.py:545} INFO - Filling up the DagBag from /home/airflow/.local/lib/python3.12/site-packages/airflow/example_dags/example_external_task_marker_dag.py
[2024-08-21T22:00:09.295+0000] {processor.py:840} INFO - DAG(s) 'example_external_task_marker_parent', 'example_external_task_marker_child' retrieved from /home/airflow/.local/lib/python3.12/site-packages/airflow/example_dags/example_external_task_marker_dag.py
[2024-08-21T22:00:09.321+0000] {logging_mixin.py:188} INFO - [2024-08-21T22:00:09.320+0000] {dag.py:3089} INFO - Sync 2 DAGs
[2024-08-21T22:00:09.336+0000] {logging_mixin.py:188} INFO - [2024-08-21T22:00:09.336+0000] {dag.py:3947} INFO - Setting next_dagrun for example_external_task_marker_child to None, run_after=None
[2024-08-21T22:00:09.341+0000] {logging_mixin.py:188} INFO - [2024-08-21T22:00:09.340+0000] {dag.py:3947} INFO - Setting next_dagrun for example_external_task_marker_parent to None, run_after=None
[2024-08-21T22:00:09.359+0000] {processor.py:183} INFO - Processing /home/airflow/.local/lib/python3.12/site-packages/airflow/example_dags/example_external_task_marker_dag.py took 0.080 seconds
