[2024-08-21T21:59:03.966+0000] {processor.py:161} INFO - Started process (PID=55) to work on /home/airflow/.local/lib/python3.12/site-packages/airflow/example_dags/example_xcom.py
[2024-08-21T21:59:03.966+0000] {processor.py:830} INFO - Processing file /home/airflow/.local/lib/python3.12/site-packages/airflow/example_dags/example_xcom.py for tasks to queue
[2024-08-21T21:59:03.968+0000] {logging_mixin.py:188} INFO - [2024-08-21T21:59:03.968+0000] {dagbag.py:545} INFO - Filling up the DagBag from /home/airflow/.local/lib/python3.12/site-packages/airflow/example_dags/example_xcom.py
[2024-08-21T21:59:03.979+0000] {processor.py:840} INFO - DAG(s) 'example_xcom' retrieved from /home/airflow/.local/lib/python3.12/site-packages/airflow/example_dags/example_xcom.py
[2024-08-21T21:59:04.014+0000] {logging_mixin.py:188} INFO - [2024-08-21T21:59:04.014+0000] {dag.py:3089} INFO - Sync 1 DAGs
[2024-08-21T21:59:04.041+0000] {logging_mixin.py:188} INFO - [2024-08-21T21:59:04.041+0000] {dag.py:3947} INFO - Setting next_dagrun for example_xcom to 2021-01-01 00:00:00+00:00, run_after=2021-01-01 00:00:00+00:00
[2024-08-21T21:59:04.064+0000] {processor.py:183} INFO - Processing /home/airflow/.local/lib/python3.12/site-packages/airflow/example_dags/example_xcom.py took 0.105 seconds
[2024-08-21T21:59:34.271+0000] {processor.py:161} INFO - Started process (PID=113) to work on /home/airflow/.local/lib/python3.12/site-packages/airflow/example_dags/example_xcom.py
[2024-08-21T21:59:34.271+0000] {processor.py:830} INFO - Processing file /home/airflow/.local/lib/python3.12/site-packages/airflow/example_dags/example_xcom.py for tasks to queue
[2024-08-21T21:59:34.273+0000] {logging_mixin.py:188} INFO - [2024-08-21T21:59:34.273+0000] {dagbag.py:545} INFO - Filling up the DagBag from /home/airflow/.local/lib/python3.12/site-packages/airflow/example_dags/example_xcom.py
[2024-08-21T21:59:34.281+0000] {processor.py:840} INFO - DAG(s) 'example_xcom' retrieved from /home/airflow/.local/lib/python3.12/site-packages/airflow/example_dags/example_xcom.py
[2024-08-21T21:59:34.302+0000] {logging_mixin.py:188} INFO - [2024-08-21T21:59:34.302+0000] {dag.py:3089} INFO - Sync 1 DAGs
[2024-08-21T21:59:34.325+0000] {logging_mixin.py:188} INFO - [2024-08-21T21:59:34.325+0000] {dag.py:3947} INFO - Setting next_dagrun for example_xcom to 2021-01-01 00:00:00+00:00, run_after=2021-01-01 00:00:00+00:00
[2024-08-21T21:59:34.344+0000] {processor.py:183} INFO - Processing /home/airflow/.local/lib/python3.12/site-packages/airflow/example_dags/example_xcom.py took 0.079 seconds
[2024-08-21T22:00:05.014+0000] {processor.py:161} INFO - Started process (PID=171) to work on /home/airflow/.local/lib/python3.12/site-packages/airflow/example_dags/example_xcom.py
[2024-08-21T22:00:05.016+0000] {processor.py:830} INFO - Processing file /home/airflow/.local/lib/python3.12/site-packages/airflow/example_dags/example_xcom.py for tasks to queue
[2024-08-21T22:00:05.021+0000] {logging_mixin.py:188} INFO - [2024-08-21T22:00:05.020+0000] {dagbag.py:545} INFO - Filling up the DagBag from /home/airflow/.local/lib/python3.12/site-packages/airflow/example_dags/example_xcom.py
[2024-08-21T22:00:05.046+0000] {processor.py:840} INFO - DAG(s) 'example_xcom' retrieved from /home/airflow/.local/lib/python3.12/site-packages/airflow/example_dags/example_xcom.py
[2024-08-21T22:00:05.114+0000] {logging_mixin.py:188} INFO - [2024-08-21T22:00:05.113+0000] {dag.py:3089} INFO - Sync 1 DAGs
[2024-08-21T22:00:05.187+0000] {logging_mixin.py:188} INFO - [2024-08-21T22:00:05.186+0000] {dag.py:3947} INFO - Setting next_dagrun for example_xcom to 2021-01-01 00:00:00+00:00, run_after=2021-01-01 00:00:00+00:00
[2024-08-21T22:00:05.246+0000] {processor.py:183} INFO - Processing /home/airflow/.local/lib/python3.12/site-packages/airflow/example_dags/example_xcom.py took 0.252 seconds
