[2024-08-21T21:59:06.963+0000] {processor.py:161} INFO - Started process (PID=97) to work on /home/airflow/.local/lib/python3.12/site-packages/airflow/example_dags/tutorial.py
[2024-08-21T21:59:06.964+0000] {processor.py:830} INFO - Processing file /home/airflow/.local/lib/python3.12/site-packages/airflow/example_dags/tutorial.py for tasks to queue
[2024-08-21T21:59:06.965+0000] {logging_mixin.py:188} INFO - [2024-08-21T21:59:06.965+0000] {dagbag.py:545} INFO - Filling up the DagBag from /home/airflow/.local/lib/python3.12/site-packages/airflow/example_dags/tutorial.py
[2024-08-21T21:59:06.971+0000] {processor.py:840} INFO - DAG(s) 'tutorial' retrieved from /home/airflow/.local/lib/python3.12/site-packages/airflow/example_dags/tutorial.py
[2024-08-21T21:59:06.995+0000] {logging_mixin.py:188} INFO - [2024-08-21T21:59:06.995+0000] {dag.py:3089} INFO - Sync 1 DAGs
[2024-08-21T21:59:07.021+0000] {logging_mixin.py:188} INFO - [2024-08-21T21:59:07.021+0000] {dag.py:3947} INFO - Setting next_dagrun for tutorial to 2024-08-20 00:00:00+00:00, run_after=2024-08-21 00:00:00+00:00
[2024-08-21T21:59:07.049+0000] {processor.py:183} INFO - Processing /home/airflow/.local/lib/python3.12/site-packages/airflow/example_dags/tutorial.py took 0.092 seconds
[2024-08-21T21:59:38.905+0000] {processor.py:161} INFO - Started process (PID=155) to work on /home/airflow/.local/lib/python3.12/site-packages/airflow/example_dags/tutorial.py
[2024-08-21T21:59:38.906+0000] {processor.py:830} INFO - Processing file /home/airflow/.local/lib/python3.12/site-packages/airflow/example_dags/tutorial.py for tasks to queue
[2024-08-21T21:59:38.907+0000] {logging_mixin.py:188} INFO - [2024-08-21T21:59:38.907+0000] {dagbag.py:545} INFO - Filling up the DagBag from /home/airflow/.local/lib/python3.12/site-packages/airflow/example_dags/tutorial.py
[2024-08-21T21:59:38.913+0000] {processor.py:840} INFO - DAG(s) 'tutorial' retrieved from /home/airflow/.local/lib/python3.12/site-packages/airflow/example_dags/tutorial.py
[2024-08-21T21:59:38.933+0000] {logging_mixin.py:188} INFO - [2024-08-21T21:59:38.933+0000] {dag.py:3089} INFO - Sync 1 DAGs
[2024-08-21T21:59:38.959+0000] {logging_mixin.py:188} INFO - [2024-08-21T21:59:38.958+0000] {dag.py:3947} INFO - Setting next_dagrun for tutorial to 2024-08-20 00:00:00+00:00, run_after=2024-08-21 00:00:00+00:00
[2024-08-21T21:59:38.977+0000] {processor.py:183} INFO - Processing /home/airflow/.local/lib/python3.12/site-packages/airflow/example_dags/tutorial.py took 0.078 seconds
[2024-08-21T22:00:09.185+0000] {processor.py:161} INFO - Started process (PID=213) to work on /home/airflow/.local/lib/python3.12/site-packages/airflow/example_dags/tutorial.py
[2024-08-21T22:00:09.186+0000] {processor.py:830} INFO - Processing file /home/airflow/.local/lib/python3.12/site-packages/airflow/example_dags/tutorial.py for tasks to queue
[2024-08-21T22:00:09.188+0000] {logging_mixin.py:188} INFO - [2024-08-21T22:00:09.187+0000] {dagbag.py:545} INFO - Filling up the DagBag from /home/airflow/.local/lib/python3.12/site-packages/airflow/example_dags/tutorial.py
[2024-08-21T22:00:09.194+0000] {processor.py:840} INFO - DAG(s) 'tutorial' retrieved from /home/airflow/.local/lib/python3.12/site-packages/airflow/example_dags/tutorial.py
[2024-08-21T22:00:09.215+0000] {logging_mixin.py:188} INFO - [2024-08-21T22:00:09.215+0000] {dag.py:3089} INFO - Sync 1 DAGs
[2024-08-21T22:00:09.241+0000] {logging_mixin.py:188} INFO - [2024-08-21T22:00:09.241+0000] {dag.py:3947} INFO - Setting next_dagrun for tutorial to 2024-08-20 00:00:00+00:00, run_after=2024-08-21 00:00:00+00:00
[2024-08-21T22:00:09.262+0000] {processor.py:183} INFO - Processing /home/airflow/.local/lib/python3.12/site-packages/airflow/example_dags/tutorial.py took 0.083 seconds
