[2024-10-22T14:56:50.256+0000] {local_task_job_runner.py:120} INFO - ::group::Pre task execution logs
[2024-10-22T14:56:50.293+0000] {taskinstance.py:2076} INFO - Dependencies all met for dep_context=non-requeueable deps ti=<TaskInstance: aula_2_4_TwitterDAG.twitter_datascience manual__2024-10-22T14:56:43.939271+00:00 [queued]>
[2024-10-22T14:56:50.315+0000] {taskinstance.py:2076} INFO - Dependencies all met for dep_context=requeueable deps ti=<TaskInstance: aula_2_4_TwitterDAG.twitter_datascience manual__2024-10-22T14:56:43.939271+00:00 [queued]>
[2024-10-22T14:56:50.315+0000] {taskinstance.py:2306} INFO - Starting attempt 1 of 1
[2024-10-22T14:56:50.352+0000] {taskinstance.py:2330} INFO - Executing <Task(TwitterOperator): twitter_datascience> on 2024-10-22 14:56:43.939271+00:00
[2024-10-22T14:56:50.363+0000] {warnings.py:112} WARNING - /home/***/.local/lib/python3.12/site-packages/***/task/task_runner/standard_task_runner.py:62: DeprecationWarning: This process (pid=323) is multi-threaded, use of fork() may lead to deadlocks in the child.
  pid = os.fork()

[2024-10-22T14:56:50.365+0000] {standard_task_runner.py:90} INFO - Running: ['***', 'tasks', 'run', 'aula_2_4_TwitterDAG', 'twitter_datascience', 'manual__2024-10-22T14:56:43.939271+00:00', '--job-id', '250', '--raw', '--subdir', 'DAGS_FOLDER/aula_2_4_twitter_dag.py', '--cfg-path', '/tmp/tmpoemjn0_7']
[2024-10-22T14:56:50.366+0000] {standard_task_runner.py:64} INFO - Started process 326 to run task
[2024-10-22T14:56:50.367+0000] {standard_task_runner.py:91} INFO - Job 250: Subtask twitter_datascience
[2024-10-22T14:56:50.458+0000] {task_command.py:426} INFO - Running <TaskInstance: aula_2_4_TwitterDAG.twitter_datascience manual__2024-10-22T14:56:43.939271+00:00 [running]> on host 4e8aee365f90
[2024-10-22T14:56:50.639+0000] {taskinstance.py:2648} INFO - Exporting env vars: AIRFLOW_CTX_DAG_OWNER='***' AIRFLOW_CTX_DAG_ID='aula_2_4_TwitterDAG' AIRFLOW_CTX_TASK_ID='twitter_datascience' AIRFLOW_CTX_EXECUTION_DATE='2024-10-22T14:56:43.939271+00:00' AIRFLOW_CTX_TRY_NUMBER='1' AIRFLOW_CTX_DAG_RUN_ID='manual__2024-10-22T14:56:43.939271+00:00'
[2024-10-22T14:56:50.644+0000] {taskinstance.py:430} INFO - ::endgroup::
[2024-10-22T14:56:50.826+0000] {base.py:84} INFO - Using connection ID 'twitter_default' for task execution.
[2024-10-22T14:56:50.841+0000] {aula_2_2_twitter_hook.py:31} INFO - URL:https://labdados.com//2/tweets/search/recent?query=datascience&tweet.fields=author_id,conversation_id,created_at,id,in_reply_to_user_id,public_metrics,lang,text&expansions=author_id&user.fields=id,name,username,created_at&start_time=2024-10-21T00:00:00.00Z&end_time=2024-10-22T00:00:00.00Z
[2024-10-22T14:56:51.648+0000] {taskinstance.py:441} INFO - ::group::Post task execution logs
[2024-10-22T14:56:51.666+0000] {taskinstance.py:1206} INFO - Marking task as SUCCESS. dag_id=aula_2_4_TwitterDAG, task_id=twitter_datascience, run_id=manual__2024-10-22T14:56:43.939271+00:00, execution_date=20241022T145643, start_date=20241022T145650, end_date=20241022T145651
[2024-10-22T14:56:51.709+0000] {local_task_job_runner.py:243} INFO - Task exited with return code 0
[2024-10-22T14:56:51.745+0000] {taskinstance.py:3503} INFO - 0 downstream tasks scheduled from follow-on schedule check
[2024-10-22T14:56:51.747+0000] {local_task_job_runner.py:222} INFO - ::endgroup::
