[2024-10-22T15:06:51.863+0000] {local_task_job_runner.py:120} INFO - ::group::Pre task execution logs
[2024-10-22T15:06:52.234+0000] {taskinstance.py:2076} INFO - Dependencies all met for dep_context=non-requeueable deps ti=<TaskInstance: aula_1_3_dados_climaticos.cria_pasta scheduled__2024-08-26T00:00:00+00:00 [queued]>
[2024-10-22T15:06:52.841+0000] {taskinstance.py:2076} INFO - Dependencies all met for dep_context=requeueable deps ti=<TaskInstance: aula_1_3_dados_climaticos.cria_pasta scheduled__2024-08-26T00:00:00+00:00 [queued]>
[2024-10-22T15:06:52.841+0000] {taskinstance.py:2306} INFO - Starting attempt 1 of 1
[2024-10-22T15:06:52.885+0000] {taskinstance.py:2330} INFO - Executing <Task(BashOperator): cria_pasta> on 2024-08-26 00:00:00+00:00
[2024-10-22T15:06:52.901+0000] {warnings.py:112} WARNING - /home/***/.local/lib/python3.12/site-packages/***/task/task_runner/standard_task_runner.py:62: DeprecationWarning: This process (pid=448) is multi-threaded, use of fork() may lead to deadlocks in the child.
  pid = os.fork()

[2024-10-22T15:06:52.903+0000] {standard_task_runner.py:64} INFO - Started process 478 to run task
[2024-10-22T15:06:52.905+0000] {standard_task_runner.py:90} INFO - Running: ['***', 'tasks', 'run', 'aula_1_3_dados_climaticos', 'cria_pasta', 'scheduled__2024-08-26T00:00:00+00:00', '--job-id', '261', '--raw', '--subdir', 'DAGS_FOLDER/aula_1_3_dados_climaticos.py', '--cfg-path', '/tmp/tmp8yyohtvx']
[2024-10-22T15:06:52.908+0000] {standard_task_runner.py:91} INFO - Job 261: Subtask cria_pasta
[2024-10-22T15:06:53.001+0000] {task_command.py:426} INFO - Running <TaskInstance: aula_1_3_dados_climaticos.cria_pasta scheduled__2024-08-26T00:00:00+00:00 [running]> on host 4e8aee365f90
[2024-10-22T15:06:53.196+0000] {taskinstance.py:2648} INFO - Exporting env vars: AIRFLOW_CTX_DAG_OWNER='***' AIRFLOW_CTX_DAG_ID='aula_1_3_dados_climaticos' AIRFLOW_CTX_TASK_ID='cria_pasta' AIRFLOW_CTX_EXECUTION_DATE='2024-08-26T00:00:00+00:00' AIRFLOW_CTX_TRY_NUMBER='1' AIRFLOW_CTX_DAG_RUN_ID='scheduled__2024-08-26T00:00:00+00:00'
[2024-10-22T15:06:53.198+0000] {taskinstance.py:430} INFO - ::endgroup::
[2024-10-22T15:06:53.258+0000] {subprocess.py:63} INFO - Tmp dir root location: /tmp
[2024-10-22T15:06:53.262+0000] {subprocess.py:75} INFO - Running command: ['/usr/bin/bash', '-c', 'mkdir -p "/home/paulovictor/workspace/***-workspace/Airflow/semana=2024-09-02/" ']
[2024-10-22T15:06:53.363+0000] {subprocess.py:86} INFO - Output:
[2024-10-22T15:06:53.387+0000] {subprocess.py:97} INFO - Command exited with return code 0
[2024-10-22T15:06:53.390+0000] {taskinstance.py:441} INFO - ::group::Post task execution logs
[2024-10-22T15:06:53.478+0000] {taskinstance.py:1206} INFO - Marking task as SUCCESS. dag_id=aula_1_3_dados_climaticos, task_id=cria_pasta, run_id=scheduled__2024-08-26T00:00:00+00:00, execution_date=20240826T000000, start_date=20241022T150652, end_date=20241022T150653
[2024-10-22T15:06:53.608+0000] {local_task_job_runner.py:243} INFO - Task exited with return code 0
[2024-10-22T15:06:53.690+0000] {taskinstance.py:3503} INFO - 1 downstream tasks scheduled from follow-on schedule check
[2024-10-22T15:06:53.697+0000] {local_task_job_runner.py:222} INFO - ::endgroup::
