[2024-10-20T20:00:16.098+0000] {processor.py:161} INFO - Started process (PID=2461) to work on /opt/airflow/dags/aula_1_dados_climaticos.py
[2024-10-20T20:00:16.101+0000] {processor.py:830} INFO - Processing file /opt/airflow/dags/aula_1_dados_climaticos.py for tasks to queue
[2024-10-20T20:00:16.104+0000] {logging_mixin.py:188} INFO - [2024-10-20T20:00:16.103+0000] {dagbag.py:545} INFO - Filling up the DagBag from /opt/airflow/dags/aula_1_dados_climaticos.py
[2024-10-20T20:00:17.013+0000] {processor.py:840} INFO - DAG(s) 'aula_1_dados_climaticos' retrieved from /opt/airflow/dags/aula_1_dados_climaticos.py
[2024-10-20T20:00:17.241+0000] {logging_mixin.py:188} INFO - [2024-10-20T20:00:17.239+0000] {override.py:1858} INFO - Created Permission View: can edit on DAG:aula_1_dados_climaticos
[2024-10-20T20:00:17.259+0000] {logging_mixin.py:188} INFO - [2024-10-20T20:00:17.258+0000] {override.py:1858} INFO - Created Permission View: can read on DAG:aula_1_dados_climaticos
[2024-10-20T20:00:17.270+0000] {logging_mixin.py:188} INFO - [2024-10-20T20:00:17.269+0000] {override.py:1858} INFO - Created Permission View: can delete on DAG:aula_1_dados_climaticos
[2024-10-20T20:00:17.271+0000] {logging_mixin.py:188} INFO - [2024-10-20T20:00:17.270+0000] {dag.py:3089} INFO - Sync 1 DAGs
[2024-10-20T20:00:17.293+0000] {logging_mixin.py:188} INFO - [2024-10-20T20:00:17.292+0000] {dag.py:3111} INFO - Creating ORM DAG for aula_1_dados_climaticos
[2024-10-20T20:00:17.321+0000] {logging_mixin.py:188} INFO - [2024-10-20T20:00:17.321+0000] {dag.py:3947} INFO - Setting next_dagrun for aula_1_dados_climaticos to 2024-08-26 00:00:00+00:00, run_after=2024-09-02 00:00:00+00:00
[2024-10-20T20:00:17.345+0000] {processor.py:183} INFO - Processing /opt/airflow/dags/aula_1_dados_climaticos.py took 1.275 seconds
[2024-10-20T20:00:47.629+0000] {processor.py:161} INFO - Started process (PID=2525) to work on /opt/airflow/dags/aula_1_dados_climaticos.py
[2024-10-20T20:00:47.632+0000] {processor.py:830} INFO - Processing file /opt/airflow/dags/aula_1_dados_climaticos.py for tasks to queue
[2024-10-20T20:00:47.636+0000] {logging_mixin.py:188} INFO - [2024-10-20T20:00:47.634+0000] {dagbag.py:545} INFO - Filling up the DagBag from /opt/airflow/dags/aula_1_dados_climaticos.py
[2024-10-20T20:00:48.573+0000] {processor.py:840} INFO - DAG(s) 'aula_1_dados_climaticos' retrieved from /opt/airflow/dags/aula_1_dados_climaticos.py
[2024-10-20T20:00:48.620+0000] {logging_mixin.py:188} INFO - [2024-10-20T20:00:48.619+0000] {dag.py:3089} INFO - Sync 1 DAGs
[2024-10-20T20:00:48.672+0000] {logging_mixin.py:188} INFO - [2024-10-20T20:00:48.671+0000] {dag.py:3947} INFO - Setting next_dagrun for aula_1_dados_climaticos to 2024-08-26 00:00:00+00:00, run_after=2024-09-02 00:00:00+00:00
[2024-10-20T20:00:48.732+0000] {processor.py:183} INFO - Processing /opt/airflow/dags/aula_1_dados_climaticos.py took 1.127 seconds
[2024-10-20T20:01:18.991+0000] {processor.py:161} INFO - Started process (PID=2587) to work on /opt/airflow/dags/aula_1_dados_climaticos.py
[2024-10-20T20:01:18.995+0000] {processor.py:830} INFO - Processing file /opt/airflow/dags/aula_1_dados_climaticos.py for tasks to queue
[2024-10-20T20:01:18.997+0000] {logging_mixin.py:188} INFO - [2024-10-20T20:01:18.996+0000] {dagbag.py:545} INFO - Filling up the DagBag from /opt/airflow/dags/aula_1_dados_climaticos.py
[2024-10-20T20:01:19.979+0000] {processor.py:840} INFO - DAG(s) 'aula_1_dados_climaticos' retrieved from /opt/airflow/dags/aula_1_dados_climaticos.py
[2024-10-20T20:01:20.012+0000] {logging_mixin.py:188} INFO - [2024-10-20T20:01:20.012+0000] {dag.py:3089} INFO - Sync 1 DAGs
[2024-10-20T20:01:20.082+0000] {logging_mixin.py:188} INFO - [2024-10-20T20:01:20.081+0000] {dag.py:3947} INFO - Setting next_dagrun for aula_1_dados_climaticos to 2024-08-26 00:00:00+00:00, run_after=2024-09-02 00:00:00+00:00
[2024-10-20T20:01:20.141+0000] {processor.py:183} INFO - Processing /opt/airflow/dags/aula_1_dados_climaticos.py took 1.170 seconds
[2024-10-20T20:01:50.452+0000] {processor.py:161} INFO - Started process (PID=2652) to work on /opt/airflow/dags/aula_1_dados_climaticos.py
[2024-10-20T20:01:50.453+0000] {processor.py:830} INFO - Processing file /opt/airflow/dags/aula_1_dados_climaticos.py for tasks to queue
[2024-10-20T20:01:50.455+0000] {logging_mixin.py:188} INFO - [2024-10-20T20:01:50.455+0000] {dagbag.py:545} INFO - Filling up the DagBag from /opt/airflow/dags/aula_1_dados_climaticos.py
[2024-10-20T20:01:51.387+0000] {processor.py:840} INFO - DAG(s) 'aula_1_dados_climaticos' retrieved from /opt/airflow/dags/aula_1_dados_climaticos.py
[2024-10-20T20:01:51.421+0000] {logging_mixin.py:188} INFO - [2024-10-20T20:01:51.420+0000] {dag.py:3089} INFO - Sync 1 DAGs
[2024-10-20T20:01:51.490+0000] {logging_mixin.py:188} INFO - [2024-10-20T20:01:51.490+0000] {dag.py:3947} INFO - Setting next_dagrun for aula_1_dados_climaticos to 2024-08-26 00:00:00+00:00, run_after=2024-09-02 00:00:00+00:00
[2024-10-20T20:01:51.544+0000] {processor.py:183} INFO - Processing /opt/airflow/dags/aula_1_dados_climaticos.py took 1.102 seconds
[2024-10-20T20:02:22.255+0000] {processor.py:161} INFO - Started process (PID=2714) to work on /opt/airflow/dags/aula_1_dados_climaticos.py
[2024-10-20T20:02:22.258+0000] {processor.py:830} INFO - Processing file /opt/airflow/dags/aula_1_dados_climaticos.py for tasks to queue
[2024-10-20T20:02:22.262+0000] {logging_mixin.py:188} INFO - [2024-10-20T20:02:22.261+0000] {dagbag.py:545} INFO - Filling up the DagBag from /opt/airflow/dags/aula_1_dados_climaticos.py
[2024-10-20T20:02:23.532+0000] {processor.py:840} INFO - DAG(s) 'aula_1_dados_climaticos' retrieved from /opt/airflow/dags/aula_1_dados_climaticos.py
[2024-10-20T20:02:23.565+0000] {logging_mixin.py:188} INFO - [2024-10-20T20:02:23.564+0000] {dag.py:3089} INFO - Sync 1 DAGs
[2024-10-20T20:02:23.612+0000] {logging_mixin.py:188} INFO - [2024-10-20T20:02:23.612+0000] {dag.py:3947} INFO - Setting next_dagrun for aula_1_dados_climaticos to 2024-08-26 00:00:00+00:00, run_after=2024-09-02 00:00:00+00:00
[2024-10-20T20:02:23.641+0000] {processor.py:183} INFO - Processing /opt/airflow/dags/aula_1_dados_climaticos.py took 1.409 seconds
[2024-10-20T20:02:53.975+0000] {processor.py:161} INFO - Started process (PID=2776) to work on /opt/airflow/dags/aula_1_dados_climaticos.py
[2024-10-20T20:02:53.978+0000] {processor.py:830} INFO - Processing file /opt/airflow/dags/aula_1_dados_climaticos.py for tasks to queue
[2024-10-20T20:02:53.981+0000] {logging_mixin.py:188} INFO - [2024-10-20T20:02:53.980+0000] {dagbag.py:545} INFO - Filling up the DagBag from /opt/airflow/dags/aula_1_dados_climaticos.py
[2024-10-20T20:02:55.401+0000] {processor.py:840} INFO - DAG(s) 'aula_1_dados_climaticos' retrieved from /opt/airflow/dags/aula_1_dados_climaticos.py
[2024-10-20T20:02:55.504+0000] {logging_mixin.py:188} INFO - [2024-10-20T20:02:55.504+0000] {dag.py:3089} INFO - Sync 1 DAGs
[2024-10-20T20:02:55.586+0000] {logging_mixin.py:188} INFO - [2024-10-20T20:02:55.586+0000] {dag.py:3947} INFO - Setting next_dagrun for aula_1_dados_climaticos to 2024-08-26 00:00:00+00:00, run_after=2024-09-02 00:00:00+00:00
[2024-10-20T20:02:55.614+0000] {processor.py:183} INFO - Processing /opt/airflow/dags/aula_1_dados_climaticos.py took 1.662 seconds
[2024-10-20T20:03:25.838+0000] {processor.py:161} INFO - Started process (PID=2840) to work on /opt/airflow/dags/aula_1_dados_climaticos.py
[2024-10-20T20:03:25.842+0000] {processor.py:830} INFO - Processing file /opt/airflow/dags/aula_1_dados_climaticos.py for tasks to queue
[2024-10-20T20:03:25.845+0000] {logging_mixin.py:188} INFO - [2024-10-20T20:03:25.843+0000] {dagbag.py:545} INFO - Filling up the DagBag from /opt/airflow/dags/aula_1_dados_climaticos.py
[2024-10-20T20:03:26.430+0000] {processor.py:840} INFO - DAG(s) 'aula_1_dados_climaticos' retrieved from /opt/airflow/dags/aula_1_dados_climaticos.py
[2024-10-20T20:03:26.452+0000] {logging_mixin.py:188} INFO - [2024-10-20T20:03:26.451+0000] {dag.py:3089} INFO - Sync 1 DAGs
[2024-10-20T20:03:26.485+0000] {logging_mixin.py:188} INFO - [2024-10-20T20:03:26.484+0000] {dag.py:3947} INFO - Setting next_dagrun for aula_1_dados_climaticos to 2024-08-26 00:00:00+00:00, run_after=2024-09-02 00:00:00+00:00
[2024-10-20T20:03:26.503+0000] {processor.py:183} INFO - Processing /opt/airflow/dags/aula_1_dados_climaticos.py took 0.686 seconds
[2024-10-20T20:03:56.904+0000] {processor.py:161} INFO - Started process (PID=2902) to work on /opt/airflow/dags/aula_1_dados_climaticos.py
[2024-10-20T20:03:56.907+0000] {processor.py:830} INFO - Processing file /opt/airflow/dags/aula_1_dados_climaticos.py for tasks to queue
[2024-10-20T20:03:56.910+0000] {logging_mixin.py:188} INFO - [2024-10-20T20:03:56.909+0000] {dagbag.py:545} INFO - Filling up the DagBag from /opt/airflow/dags/aula_1_dados_climaticos.py
[2024-10-20T20:03:57.424+0000] {processor.py:840} INFO - DAG(s) 'aula_1_dados_climaticos' retrieved from /opt/airflow/dags/aula_1_dados_climaticos.py
[2024-10-20T20:03:57.447+0000] {logging_mixin.py:188} INFO - [2024-10-20T20:03:57.446+0000] {dag.py:3089} INFO - Sync 1 DAGs
[2024-10-20T20:03:57.477+0000] {logging_mixin.py:188} INFO - [2024-10-20T20:03:57.477+0000] {dag.py:3947} INFO - Setting next_dagrun for aula_1_dados_climaticos to 2024-08-26 00:00:00+00:00, run_after=2024-09-02 00:00:00+00:00
[2024-10-20T20:03:57.513+0000] {processor.py:183} INFO - Processing /opt/airflow/dags/aula_1_dados_climaticos.py took 0.629 seconds
[2024-10-20T20:04:28.200+0000] {processor.py:161} INFO - Started process (PID=2964) to work on /opt/airflow/dags/aula_1_dados_climaticos.py
[2024-10-20T20:04:28.202+0000] {processor.py:830} INFO - Processing file /opt/airflow/dags/aula_1_dados_climaticos.py for tasks to queue
[2024-10-20T20:04:28.205+0000] {logging_mixin.py:188} INFO - [2024-10-20T20:04:28.204+0000] {dagbag.py:545} INFO - Filling up the DagBag from /opt/airflow/dags/aula_1_dados_climaticos.py
[2024-10-20T20:04:28.716+0000] {processor.py:840} INFO - DAG(s) 'aula_1_dados_climaticos' retrieved from /opt/airflow/dags/aula_1_dados_climaticos.py
[2024-10-20T20:04:28.733+0000] {logging_mixin.py:188} INFO - [2024-10-20T20:04:28.732+0000] {dag.py:3089} INFO - Sync 1 DAGs
[2024-10-20T20:04:28.753+0000] {logging_mixin.py:188} INFO - [2024-10-20T20:04:28.753+0000] {dag.py:3947} INFO - Setting next_dagrun for aula_1_dados_climaticos to 2024-08-26 00:00:00+00:00, run_after=2024-09-02 00:00:00+00:00
[2024-10-20T20:04:28.769+0000] {processor.py:183} INFO - Processing /opt/airflow/dags/aula_1_dados_climaticos.py took 0.589 seconds
[2024-10-20T20:04:58.826+0000] {processor.py:161} INFO - Started process (PID=3026) to work on /opt/airflow/dags/aula_1_dados_climaticos.py
[2024-10-20T20:04:58.827+0000] {processor.py:830} INFO - Processing file /opt/airflow/dags/aula_1_dados_climaticos.py for tasks to queue
[2024-10-20T20:04:58.829+0000] {logging_mixin.py:188} INFO - [2024-10-20T20:04:58.828+0000] {dagbag.py:545} INFO - Filling up the DagBag from /opt/airflow/dags/aula_1_dados_climaticos.py
[2024-10-20T20:04:59.384+0000] {processor.py:840} INFO - DAG(s) 'aula_1_dados_climaticos' retrieved from /opt/airflow/dags/aula_1_dados_climaticos.py
[2024-10-20T20:04:59.411+0000] {logging_mixin.py:188} INFO - [2024-10-20T20:04:59.411+0000] {dag.py:3089} INFO - Sync 1 DAGs
[2024-10-20T20:04:59.447+0000] {logging_mixin.py:188} INFO - [2024-10-20T20:04:59.446+0000] {dag.py:3947} INFO - Setting next_dagrun for aula_1_dados_climaticos to 2024-08-26 00:00:00+00:00, run_after=2024-09-02 00:00:00+00:00
[2024-10-20T20:04:59.473+0000] {processor.py:183} INFO - Processing /opt/airflow/dags/aula_1_dados_climaticos.py took 0.655 seconds
[2024-10-20T20:05:29.592+0000] {processor.py:161} INFO - Started process (PID=3088) to work on /opt/airflow/dags/aula_1_dados_climaticos.py
[2024-10-20T20:05:29.595+0000] {processor.py:830} INFO - Processing file /opt/airflow/dags/aula_1_dados_climaticos.py for tasks to queue
[2024-10-20T20:05:29.598+0000] {logging_mixin.py:188} INFO - [2024-10-20T20:05:29.597+0000] {dagbag.py:545} INFO - Filling up the DagBag from /opt/airflow/dags/aula_1_dados_climaticos.py
[2024-10-20T20:05:30.121+0000] {processor.py:840} INFO - DAG(s) 'aula_1_dados_climaticos' retrieved from /opt/airflow/dags/aula_1_dados_climaticos.py
[2024-10-20T20:05:30.140+0000] {logging_mixin.py:188} INFO - [2024-10-20T20:05:30.140+0000] {dag.py:3089} INFO - Sync 1 DAGs
[2024-10-20T20:05:30.163+0000] {logging_mixin.py:188} INFO - [2024-10-20T20:05:30.163+0000] {dag.py:3947} INFO - Setting next_dagrun for aula_1_dados_climaticos to 2024-08-26 00:00:00+00:00, run_after=2024-09-02 00:00:00+00:00
[2024-10-20T20:05:30.188+0000] {processor.py:183} INFO - Processing /opt/airflow/dags/aula_1_dados_climaticos.py took 0.617 seconds
[2024-10-20T20:06:00.520+0000] {processor.py:161} INFO - Started process (PID=3154) to work on /opt/airflow/dags/aula_1_dados_climaticos.py
[2024-10-20T20:06:00.522+0000] {processor.py:830} INFO - Processing file /opt/airflow/dags/aula_1_dados_climaticos.py for tasks to queue
[2024-10-20T20:06:00.523+0000] {logging_mixin.py:188} INFO - [2024-10-20T20:06:00.522+0000] {dagbag.py:545} INFO - Filling up the DagBag from /opt/airflow/dags/aula_1_dados_climaticos.py
[2024-10-20T20:06:01.022+0000] {processor.py:840} INFO - DAG(s) 'aula_1_dados_climaticos' retrieved from /opt/airflow/dags/aula_1_dados_climaticos.py
[2024-10-20T20:06:01.042+0000] {logging_mixin.py:188} INFO - [2024-10-20T20:06:01.042+0000] {dag.py:3089} INFO - Sync 1 DAGs
[2024-10-20T20:06:01.072+0000] {logging_mixin.py:188} INFO - [2024-10-20T20:06:01.072+0000] {dag.py:3947} INFO - Setting next_dagrun for aula_1_dados_climaticos to 2024-08-26 00:00:00+00:00, run_after=2024-09-02 00:00:00+00:00
[2024-10-20T20:06:01.094+0000] {processor.py:183} INFO - Processing /opt/airflow/dags/aula_1_dados_climaticos.py took 0.586 seconds
[2024-10-20T20:06:31.571+0000] {processor.py:161} INFO - Started process (PID=3215) to work on /opt/airflow/dags/aula_1_dados_climaticos.py
[2024-10-20T20:06:31.575+0000] {processor.py:830} INFO - Processing file /opt/airflow/dags/aula_1_dados_climaticos.py for tasks to queue
[2024-10-20T20:06:31.580+0000] {logging_mixin.py:188} INFO - [2024-10-20T20:06:31.578+0000] {dagbag.py:545} INFO - Filling up the DagBag from /opt/airflow/dags/aula_1_dados_climaticos.py
[2024-10-20T20:06:32.759+0000] {processor.py:840} INFO - DAG(s) 'aula_1_dados_climaticos' retrieved from /opt/airflow/dags/aula_1_dados_climaticos.py
[2024-10-20T20:06:32.782+0000] {logging_mixin.py:188} INFO - [2024-10-20T20:06:32.781+0000] {dag.py:3089} INFO - Sync 1 DAGs
[2024-10-20T20:06:32.815+0000] {logging_mixin.py:188} INFO - [2024-10-20T20:06:32.814+0000] {dag.py:3947} INFO - Setting next_dagrun for aula_1_dados_climaticos to 2024-08-26 00:00:00+00:00, run_after=2024-09-02 00:00:00+00:00
[2024-10-20T20:06:32.833+0000] {processor.py:183} INFO - Processing /opt/airflow/dags/aula_1_dados_climaticos.py took 1.296 seconds
