[2024-10-20T20:00:16.724+0000] {processor.py:161} INFO - Started process (PID=2463) to work on /opt/airflow/dags/aula_1_meu_primeiro_dag.py
[2024-10-20T20:00:16.726+0000] {processor.py:830} INFO - Processing file /opt/airflow/dags/aula_1_meu_primeiro_dag.py for tasks to queue
[2024-10-20T20:00:16.728+0000] {logging_mixin.py:188} INFO - [2024-10-20T20:00:16.727+0000] {dagbag.py:545} INFO - Filling up the DagBag from /opt/airflow/dags/aula_1_meu_primeiro_dag.py
[2024-10-20T20:00:16.754+0000] {processor.py:840} INFO - DAG(s) 'aula_1_meu_primeiro_dag' retrieved from /opt/airflow/dags/aula_1_meu_primeiro_dag.py
[2024-10-20T20:00:16.987+0000] {logging_mixin.py:188} INFO - [2024-10-20T20:00:16.986+0000] {override.py:1858} INFO - Created Permission View: can edit on DAG:aula_1_meu_primeiro_dag
[2024-10-20T20:00:17.005+0000] {logging_mixin.py:188} INFO - [2024-10-20T20:00:17.004+0000] {override.py:1858} INFO - Created Permission View: can read on DAG:aula_1_meu_primeiro_dag
[2024-10-20T20:00:17.015+0000] {logging_mixin.py:188} INFO - [2024-10-20T20:00:17.015+0000] {override.py:1858} INFO - Created Permission View: can delete on DAG:aula_1_meu_primeiro_dag
[2024-10-20T20:00:17.016+0000] {logging_mixin.py:188} INFO - [2024-10-20T20:00:17.016+0000] {dag.py:3089} INFO - Sync 1 DAGs
[2024-10-20T20:00:17.042+0000] {logging_mixin.py:188} INFO - [2024-10-20T20:00:17.041+0000] {dag.py:3111} INFO - Creating ORM DAG for aula_1_meu_primeiro_dag
[2024-10-20T20:00:17.073+0000] {logging_mixin.py:188} INFO - [2024-10-20T20:00:17.072+0000] {dag.py:3947} INFO - Setting next_dagrun for aula_1_meu_primeiro_dag to 2024-10-18 00:00:00+00:00, run_after=2024-10-19 00:00:00+00:00
[2024-10-20T20:00:17.118+0000] {processor.py:183} INFO - Processing /opt/airflow/dags/aula_1_meu_primeiro_dag.py took 0.409 seconds
[2024-10-20T20:00:47.179+0000] {processor.py:161} INFO - Started process (PID=2523) to work on /opt/airflow/dags/aula_1_meu_primeiro_dag.py
[2024-10-20T20:00:47.180+0000] {processor.py:830} INFO - Processing file /opt/airflow/dags/aula_1_meu_primeiro_dag.py for tasks to queue
[2024-10-20T20:00:47.181+0000] {logging_mixin.py:188} INFO - [2024-10-20T20:00:47.180+0000] {dagbag.py:545} INFO - Filling up the DagBag from /opt/airflow/dags/aula_1_meu_primeiro_dag.py
[2024-10-20T20:00:47.194+0000] {processor.py:840} INFO - DAG(s) 'aula_1_meu_primeiro_dag' retrieved from /opt/airflow/dags/aula_1_meu_primeiro_dag.py
[2024-10-20T20:00:47.235+0000] {logging_mixin.py:188} INFO - [2024-10-20T20:00:47.234+0000] {dag.py:3089} INFO - Sync 1 DAGs
[2024-10-20T20:00:47.289+0000] {logging_mixin.py:188} INFO - [2024-10-20T20:00:47.288+0000] {dag.py:3947} INFO - Setting next_dagrun for aula_1_meu_primeiro_dag to 2024-10-18 00:00:00+00:00, run_after=2024-10-19 00:00:00+00:00
[2024-10-20T20:00:47.331+0000] {processor.py:183} INFO - Processing /opt/airflow/dags/aula_1_meu_primeiro_dag.py took 0.159 seconds
[2024-10-20T20:01:17.714+0000] {processor.py:161} INFO - Started process (PID=2585) to work on /opt/airflow/dags/aula_1_meu_primeiro_dag.py
[2024-10-20T20:01:17.717+0000] {processor.py:830} INFO - Processing file /opt/airflow/dags/aula_1_meu_primeiro_dag.py for tasks to queue
[2024-10-20T20:01:17.720+0000] {logging_mixin.py:188} INFO - [2024-10-20T20:01:17.719+0000] {dagbag.py:545} INFO - Filling up the DagBag from /opt/airflow/dags/aula_1_meu_primeiro_dag.py
[2024-10-20T20:01:17.758+0000] {processor.py:840} INFO - DAG(s) 'aula_1_meu_primeiro_dag' retrieved from /opt/airflow/dags/aula_1_meu_primeiro_dag.py
[2024-10-20T20:01:17.846+0000] {logging_mixin.py:188} INFO - [2024-10-20T20:01:17.845+0000] {dag.py:3089} INFO - Sync 1 DAGs
[2024-10-20T20:01:17.894+0000] {logging_mixin.py:188} INFO - [2024-10-20T20:01:17.893+0000] {dag.py:3947} INFO - Setting next_dagrun for aula_1_meu_primeiro_dag to 2024-10-18 00:00:00+00:00, run_after=2024-10-19 00:00:00+00:00
[2024-10-20T20:01:17.929+0000] {processor.py:183} INFO - Processing /opt/airflow/dags/aula_1_meu_primeiro_dag.py took 0.235 seconds
[2024-10-20T20:01:48.272+0000] {processor.py:161} INFO - Started process (PID=2647) to work on /opt/airflow/dags/aula_1_meu_primeiro_dag.py
[2024-10-20T20:01:48.275+0000] {processor.py:830} INFO - Processing file /opt/airflow/dags/aula_1_meu_primeiro_dag.py for tasks to queue
[2024-10-20T20:01:48.278+0000] {logging_mixin.py:188} INFO - [2024-10-20T20:01:48.277+0000] {dagbag.py:545} INFO - Filling up the DagBag from /opt/airflow/dags/aula_1_meu_primeiro_dag.py
[2024-10-20T20:01:48.314+0000] {processor.py:840} INFO - DAG(s) 'aula_1_meu_primeiro_dag' retrieved from /opt/airflow/dags/aula_1_meu_primeiro_dag.py
[2024-10-20T20:01:48.387+0000] {logging_mixin.py:188} INFO - [2024-10-20T20:01:48.386+0000] {dag.py:3089} INFO - Sync 1 DAGs
[2024-10-20T20:01:48.502+0000] {logging_mixin.py:188} INFO - [2024-10-20T20:01:48.500+0000] {dag.py:3947} INFO - Setting next_dagrun for aula_1_meu_primeiro_dag to 2024-10-18 00:00:00+00:00, run_after=2024-10-19 00:00:00+00:00
[2024-10-20T20:01:48.584+0000] {processor.py:183} INFO - Processing /opt/airflow/dags/aula_1_meu_primeiro_dag.py took 0.334 seconds
[2024-10-20T20:02:19.043+0000] {processor.py:161} INFO - Started process (PID=2709) to work on /opt/airflow/dags/aula_1_meu_primeiro_dag.py
[2024-10-20T20:02:19.047+0000] {processor.py:830} INFO - Processing file /opt/airflow/dags/aula_1_meu_primeiro_dag.py for tasks to queue
[2024-10-20T20:02:19.050+0000] {logging_mixin.py:188} INFO - [2024-10-20T20:02:19.048+0000] {dagbag.py:545} INFO - Filling up the DagBag from /opt/airflow/dags/aula_1_meu_primeiro_dag.py
[2024-10-20T20:02:19.085+0000] {processor.py:840} INFO - DAG(s) 'aula_1_meu_primeiro_dag' retrieved from /opt/airflow/dags/aula_1_meu_primeiro_dag.py
[2024-10-20T20:02:19.153+0000] {logging_mixin.py:188} INFO - [2024-10-20T20:02:19.152+0000] {dag.py:3089} INFO - Sync 1 DAGs
[2024-10-20T20:02:19.194+0000] {logging_mixin.py:188} INFO - [2024-10-20T20:02:19.194+0000] {dag.py:3947} INFO - Setting next_dagrun for aula_1_meu_primeiro_dag to 2024-10-18 00:00:00+00:00, run_after=2024-10-19 00:00:00+00:00
[2024-10-20T20:02:19.230+0000] {processor.py:183} INFO - Processing /opt/airflow/dags/aula_1_meu_primeiro_dag.py took 0.209 seconds
[2024-10-20T20:02:49.711+0000] {processor.py:161} INFO - Started process (PID=2770) to work on /opt/airflow/dags/aula_1_meu_primeiro_dag.py
[2024-10-20T20:02:49.715+0000] {processor.py:830} INFO - Processing file /opt/airflow/dags/aula_1_meu_primeiro_dag.py for tasks to queue
[2024-10-20T20:02:49.718+0000] {logging_mixin.py:188} INFO - [2024-10-20T20:02:49.717+0000] {dagbag.py:545} INFO - Filling up the DagBag from /opt/airflow/dags/aula_1_meu_primeiro_dag.py
[2024-10-20T20:02:49.758+0000] {processor.py:840} INFO - DAG(s) 'aula_1_meu_primeiro_dag' retrieved from /opt/airflow/dags/aula_1_meu_primeiro_dag.py
[2024-10-20T20:02:49.845+0000] {logging_mixin.py:188} INFO - [2024-10-20T20:02:49.844+0000] {dag.py:3089} INFO - Sync 1 DAGs
[2024-10-20T20:02:49.953+0000] {logging_mixin.py:188} INFO - [2024-10-20T20:02:49.952+0000] {dag.py:3947} INFO - Setting next_dagrun for aula_1_meu_primeiro_dag to 2024-10-18 00:00:00+00:00, run_after=2024-10-19 00:00:00+00:00
[2024-10-20T20:02:50.036+0000] {processor.py:183} INFO - Processing /opt/airflow/dags/aula_1_meu_primeiro_dag.py took 0.355 seconds
[2024-10-20T20:03:20.371+0000] {processor.py:161} INFO - Started process (PID=2832) to work on /opt/airflow/dags/aula_1_meu_primeiro_dag.py
[2024-10-20T20:03:20.373+0000] {processor.py:830} INFO - Processing file /opt/airflow/dags/aula_1_meu_primeiro_dag.py for tasks to queue
[2024-10-20T20:03:20.376+0000] {logging_mixin.py:188} INFO - [2024-10-20T20:03:20.375+0000] {dagbag.py:545} INFO - Filling up the DagBag from /opt/airflow/dags/aula_1_meu_primeiro_dag.py
[2024-10-20T20:03:20.408+0000] {processor.py:840} INFO - DAG(s) 'aula_1_meu_primeiro_dag' retrieved from /opt/airflow/dags/aula_1_meu_primeiro_dag.py
[2024-10-20T20:03:20.490+0000] {logging_mixin.py:188} INFO - [2024-10-20T20:03:20.489+0000] {dag.py:3089} INFO - Sync 1 DAGs
[2024-10-20T20:03:20.571+0000] {logging_mixin.py:188} INFO - [2024-10-20T20:03:20.570+0000] {dag.py:3947} INFO - Setting next_dagrun for aula_1_meu_primeiro_dag to 2024-10-18 00:00:00+00:00, run_after=2024-10-19 00:00:00+00:00
[2024-10-20T20:03:20.627+0000] {processor.py:183} INFO - Processing /opt/airflow/dags/aula_1_meu_primeiro_dag.py took 0.281 seconds
[2024-10-20T20:03:50.893+0000] {processor.py:161} INFO - Started process (PID=2894) to work on /opt/airflow/dags/aula_1_meu_primeiro_dag.py
[2024-10-20T20:03:50.894+0000] {processor.py:830} INFO - Processing file /opt/airflow/dags/aula_1_meu_primeiro_dag.py for tasks to queue
[2024-10-20T20:03:50.895+0000] {logging_mixin.py:188} INFO - [2024-10-20T20:03:50.894+0000] {dagbag.py:545} INFO - Filling up the DagBag from /opt/airflow/dags/aula_1_meu_primeiro_dag.py
[2024-10-20T20:03:50.906+0000] {processor.py:840} INFO - DAG(s) 'aula_1_meu_primeiro_dag' retrieved from /opt/airflow/dags/aula_1_meu_primeiro_dag.py
[2024-10-20T20:03:50.928+0000] {logging_mixin.py:188} INFO - [2024-10-20T20:03:50.928+0000] {dag.py:3089} INFO - Sync 1 DAGs
[2024-10-20T20:03:50.953+0000] {logging_mixin.py:188} INFO - [2024-10-20T20:03:50.953+0000] {dag.py:3947} INFO - Setting next_dagrun for aula_1_meu_primeiro_dag to 2024-10-18 00:00:00+00:00, run_after=2024-10-19 00:00:00+00:00
[2024-10-20T20:03:50.975+0000] {processor.py:183} INFO - Processing /opt/airflow/dags/aula_1_meu_primeiro_dag.py took 0.089 seconds
[2024-10-20T20:04:21.664+0000] {processor.py:161} INFO - Started process (PID=2956) to work on /opt/airflow/dags/aula_1_meu_primeiro_dag.py
[2024-10-20T20:04:21.666+0000] {processor.py:830} INFO - Processing file /opt/airflow/dags/aula_1_meu_primeiro_dag.py for tasks to queue
[2024-10-20T20:04:21.669+0000] {logging_mixin.py:188} INFO - [2024-10-20T20:04:21.668+0000] {dagbag.py:545} INFO - Filling up the DagBag from /opt/airflow/dags/aula_1_meu_primeiro_dag.py
[2024-10-20T20:04:21.700+0000] {processor.py:840} INFO - DAG(s) 'aula_1_meu_primeiro_dag' retrieved from /opt/airflow/dags/aula_1_meu_primeiro_dag.py
[2024-10-20T20:04:21.763+0000] {logging_mixin.py:188} INFO - [2024-10-20T20:04:21.762+0000] {dag.py:3089} INFO - Sync 1 DAGs
[2024-10-20T20:04:21.843+0000] {logging_mixin.py:188} INFO - [2024-10-20T20:04:21.842+0000] {dag.py:3947} INFO - Setting next_dagrun for aula_1_meu_primeiro_dag to 2024-10-18 00:00:00+00:00, run_after=2024-10-19 00:00:00+00:00
[2024-10-20T20:04:21.896+0000] {processor.py:183} INFO - Processing /opt/airflow/dags/aula_1_meu_primeiro_dag.py took 0.254 seconds
[2024-10-20T20:04:52.574+0000] {processor.py:161} INFO - Started process (PID=3018) to work on /opt/airflow/dags/aula_1_meu_primeiro_dag.py
[2024-10-20T20:04:52.575+0000] {processor.py:830} INFO - Processing file /opt/airflow/dags/aula_1_meu_primeiro_dag.py for tasks to queue
[2024-10-20T20:04:52.576+0000] {logging_mixin.py:188} INFO - [2024-10-20T20:04:52.575+0000] {dagbag.py:545} INFO - Filling up the DagBag from /opt/airflow/dags/aula_1_meu_primeiro_dag.py
[2024-10-20T20:04:52.586+0000] {processor.py:840} INFO - DAG(s) 'aula_1_meu_primeiro_dag' retrieved from /opt/airflow/dags/aula_1_meu_primeiro_dag.py
[2024-10-20T20:04:52.608+0000] {logging_mixin.py:188} INFO - [2024-10-20T20:04:52.608+0000] {dag.py:3089} INFO - Sync 1 DAGs
[2024-10-20T20:04:52.634+0000] {logging_mixin.py:188} INFO - [2024-10-20T20:04:52.634+0000] {dag.py:3947} INFO - Setting next_dagrun for aula_1_meu_primeiro_dag to 2024-10-18 00:00:00+00:00, run_after=2024-10-19 00:00:00+00:00
[2024-10-20T20:04:52.652+0000] {processor.py:183} INFO - Processing /opt/airflow/dags/aula_1_meu_primeiro_dag.py took 0.085 seconds
[2024-10-20T20:05:23.176+0000] {processor.py:161} INFO - Started process (PID=3080) to work on /opt/airflow/dags/aula_1_meu_primeiro_dag.py
[2024-10-20T20:05:23.178+0000] {processor.py:830} INFO - Processing file /opt/airflow/dags/aula_1_meu_primeiro_dag.py for tasks to queue
[2024-10-20T20:05:23.181+0000] {logging_mixin.py:188} INFO - [2024-10-20T20:05:23.180+0000] {dagbag.py:545} INFO - Filling up the DagBag from /opt/airflow/dags/aula_1_meu_primeiro_dag.py
[2024-10-20T20:05:23.218+0000] {processor.py:840} INFO - DAG(s) 'aula_1_meu_primeiro_dag' retrieved from /opt/airflow/dags/aula_1_meu_primeiro_dag.py
[2024-10-20T20:05:23.295+0000] {logging_mixin.py:188} INFO - [2024-10-20T20:05:23.294+0000] {dag.py:3089} INFO - Sync 1 DAGs
[2024-10-20T20:05:23.383+0000] {logging_mixin.py:188} INFO - [2024-10-20T20:05:23.382+0000] {dag.py:3947} INFO - Setting next_dagrun for aula_1_meu_primeiro_dag to 2024-10-18 00:00:00+00:00, run_after=2024-10-19 00:00:00+00:00
[2024-10-20T20:05:23.453+0000] {processor.py:183} INFO - Processing /opt/airflow/dags/aula_1_meu_primeiro_dag.py took 0.299 seconds
[2024-10-20T20:05:53.570+0000] {processor.py:161} INFO - Started process (PID=3142) to work on /opt/airflow/dags/aula_1_meu_primeiro_dag.py
[2024-10-20T20:05:53.573+0000] {processor.py:830} INFO - Processing file /opt/airflow/dags/aula_1_meu_primeiro_dag.py for tasks to queue
[2024-10-20T20:05:53.576+0000] {logging_mixin.py:188} INFO - [2024-10-20T20:05:53.575+0000] {dagbag.py:545} INFO - Filling up the DagBag from /opt/airflow/dags/aula_1_meu_primeiro_dag.py
[2024-10-20T20:05:53.612+0000] {processor.py:840} INFO - DAG(s) 'aula_1_meu_primeiro_dag' retrieved from /opt/airflow/dags/aula_1_meu_primeiro_dag.py
[2024-10-20T20:05:53.688+0000] {logging_mixin.py:188} INFO - [2024-10-20T20:05:53.687+0000] {dag.py:3089} INFO - Sync 1 DAGs
[2024-10-20T20:05:53.778+0000] {logging_mixin.py:188} INFO - [2024-10-20T20:05:53.777+0000] {dag.py:3947} INFO - Setting next_dagrun for aula_1_meu_primeiro_dag to 2024-10-18 00:00:00+00:00, run_after=2024-10-19 00:00:00+00:00
[2024-10-20T20:05:53.840+0000] {processor.py:183} INFO - Processing /opt/airflow/dags/aula_1_meu_primeiro_dag.py took 0.293 seconds
[2024-10-20T20:06:24.259+0000] {processor.py:161} INFO - Started process (PID=3205) to work on /opt/airflow/dags/aula_1_meu_primeiro_dag.py
[2024-10-20T20:06:24.261+0000] {processor.py:830} INFO - Processing file /opt/airflow/dags/aula_1_meu_primeiro_dag.py for tasks to queue
[2024-10-20T20:06:24.265+0000] {logging_mixin.py:188} INFO - [2024-10-20T20:06:24.263+0000] {dagbag.py:545} INFO - Filling up the DagBag from /opt/airflow/dags/aula_1_meu_primeiro_dag.py
[2024-10-20T20:06:24.311+0000] {processor.py:840} INFO - DAG(s) 'aula_1_meu_primeiro_dag' retrieved from /opt/airflow/dags/aula_1_meu_primeiro_dag.py
[2024-10-20T20:06:24.366+0000] {logging_mixin.py:188} INFO - [2024-10-20T20:06:24.365+0000] {dag.py:3089} INFO - Sync 1 DAGs
[2024-10-20T20:06:24.464+0000] {logging_mixin.py:188} INFO - [2024-10-20T20:06:24.462+0000] {dag.py:3947} INFO - Setting next_dagrun for aula_1_meu_primeiro_dag to 2024-10-18 00:00:00+00:00, run_after=2024-10-19 00:00:00+00:00
[2024-10-20T20:06:24.519+0000] {processor.py:183} INFO - Processing /opt/airflow/dags/aula_1_meu_primeiro_dag.py took 0.289 seconds
